Gbb RDFs at 10,000 MC steps
0.0
0.0
0.0
0.0
0.0
0.0
0.0
0.0
0.0
0.0
0.0
0.0
0.0
0.0
0.0
0.0
0.0
0.0
0.0
0.0
0.0
0.0
0.0
0.0
0.0
0.0
0.0
0.0
0.0
0.0
0.0
0.0
0.0
0.0
0.0
0.0
0.0
0.0
0.0
0.0
0.0
0.0
0.0
0.0
0.008991070248335965
0.024572048828283444
0.09998801139324666
0.21757334973841352
0.443339719864759
0.6415270240673754
0.8068693580932363
1.0376497981953683
1.072324032571099
1.1392511234383638
1.168048375892981
1.1056928723614075
1.104349772620034
1.073196433133852
1.0353339554619096
0.9936413918737592
1.0576589873631592
0.9509140359357998
0.9454726390290309
0.9474693184229463
0.9433860416049151
0.9302154672616851
0.9726213123002344
0.9568568655242191
0.9621906890979314
0.942600308942511
0.9702965027047155
0.9950902736680478
0.9992837061248253
1.0061779443983008
1.0467155642373374
1.0383595930034333
1.081366646459821
1.0959897435072659
1.1355259209026909
1.1562381399129844
1.1743995932699596
1.1763923557911962
1.1899028183249416
1.2308881341715083
1.2389755603324901
1.2247773091949503
1.2431958651744495
1.260457312168021
1.231159358807354
1.2279345859902535
1.2202030328955447
1.2632509183877934
1.2756233719937713
1.2982366128526985
1.3304355658947042
1.3356287971197172
1.3411415806776323
1.3924380998596133
1.328654502423593
1.324434548718183
1.3014828414377693
1.2720140415500656
1.2199578653795624
1.1328619417570827
1.0563140221004312
1.0660930833848423
1.0116308603081456
0.93434933936893
0.9051060299521059
0.8774066504224647
0.8557650850090095
0.8216610625710291
0.7984768129494028
0.7765708106795076
0.7622895100881348
0.7655446340908036
0.777946738924794
0.7356523118894307
0.7857817142117505
0.7961975314160896
0.8219266566635547
0.8572149293026516
0.8537859628017322
0.8695336378593992
0.8543085927060399
0.8841908627508043
0.9077797612859246
0.9344344724796304
0.94890757502312
0.9382528003373913
1.0136927706584755
1.0218692929022868
1.0198323774164175
1.0469993428833009
1.0635467857980798
1.0862818938757697
1.094041361892018
1.0843747085598265
1.078054608898091
1.0823909643987868
1.09641682238854
1.0811016279893342
1.0631005424230864
1.0676050068309768
1.0763906788106283
1.0675331855866563
1.0848897873205587
1.08601270824278
1.07927900657866
1.0762694995538726
1.046180282820206
1.059344625680415
1.0636531117149135
1.0611746597877723
1.0495069098591994
1.029424681033055
1.0322007675960263
1.0132903877252675
1.0106696875355132
0.991637530373254
1.0114102318654614
1.016282865627049
0.9744338631996686
0.971780348839558
0.9822788587214346
0.9665439673338841
0.9597399031767531
0.9700732154447677
0.9505302604229371
0.9364260531824082
0.944111051925752
0.9512942121769515
0.9235423366027115
0.9105610534377845
0.9194509457827833
0.8968628957798116
0.8793803776520139
0.9001785340979188
0.8847720707861783
0.8679153153937569
0.8555145917249208
0.8443375005334792
0.8477873400052406
0.8254283473782946
0.8113489559779393
0.7811140980152158
0.7702004821459353
0.7653351107871375
0.7409148011060578
0.7264575208224359
0.7173787999622099
0.7001956821561984
0.6846341654812047
0.6766250647278864
0.6517329722956169
0.6685087856864784
0.6542121170484752
0.6493646497249341
0.6305084270923887
0.6151921661011138
0.6066665080191823
0.6063608401989306
0.5881049806039205
0.5814793878814118
0.5647367712296529
0.5642531875636331
0.5359555459453944
0.5264305076577843
0.5046002312696076
0.4865231050544056
0.46911032241035294
0.4637181145804229
0.4468025919218494
0.4266115267091861
0.4129131635973322
0.40120279439956347
0.38138782749415384
0.36971598570082
0.34934392188678665
0.3370875788927402
0.32550954147623395
0.304224057919125
0.30329389609860735
0.2844949360347803
0.27202386377028104
0.26081278174205696
0.24840038020202693
0.2372277261334218
0.22716633009937648
0.2235973090833958
0.21337903267103914
0.20745780999022242
0.1989011583646456
0.19099634359176548
0.1832188440011419
0.17698805294969253
0.17235660115575832
0.166534066369978
0.14908702240250638
0.1462482349616172
0.13637118917592825
0.1332815723972703
0.12742665701332967
0.12054783831401379
0.11147939612633684
0.11221899951592926
0.1075427926442839
0.10389339936869553
0.09819842616731483
0.09966020301619553
0.09205613682364926
0.0943415713015096
0.08868859577105999
0.07959892977559017
0.07512603814406603
0.07185056736904732
0.0646030183608766
0.055969564521873606
0.05169276728339632
0.04759342198170248
0.04441748969645379
0.038498878878805175
0.03407173182834873
0.030772953049941557
0.02519608199975716
0.026197430987656027
0.022169064208361216
0.019479783622533466
0.0175708151226643
0.014989162924723028
0.013766127922495349
0.013285326105513858
0.011852071061115797
0.010167348074362224
0.008473058250879136
0.007406281912511481
0.007286265944503678
0.0058465338702069795
0.006066979273746851
0.006609728163028639
0.006368713077108701
0.0058420568844913
0.0052908125953307315
0.005759920109239345
0.005342389907857979
0.005024176124676917
0.006383651582786492
0.005293025173885562
0.004950791005526678
0.004886298077577431
0.004340316884484293
0.002903660513310105
0.0035081769598493172
0.002303189223891571
0.0015250496278057968
0.00116518867520332
0.0006365382741129054
0.0002873937369311961
2.8547137798948114e-05
0.00014178412127088762
Gbb RDFs at 20,000 MC steps
0.0
0.0
0.0
0.0
0.0
0.0
0.0
0.0
0.0
0.0
0.0
0.0
0.0
0.0
0.0
0.0
0.0
0.0
0.0
0.0
0.0
0.0
0.0
0.0
0.0
0.0
0.0
0.0
0.0
0.0
0.0
0.0
0.0
0.0
0.0
0.0
0.0
0.0
0.0
0.0
0.0
0.0
0.0
0.0
0.00642219303452569
0.027643554931818876
0.0911655397997249
0.1989725193203626
0.3768387618850451
0.5574433849905833
0.7101248244281635
0.8626303082040053
0.9205191243456724
0.9610765132594309
0.9775126254265671
0.950862839823869
0.9386176278112555
0.9039468164389076
0.8829696619445433
0.8384522807785083
0.8801084806146131
0.8406241477508838
0.8087307284256586
0.8203620829620784
0.8281376496136472
0.8220164087688505
0.8650635444704629
0.8630692614354976
0.8933466228920511
0.8725635262110284
0.9214234457383123
0.9463308502583134
0.9937186879066968
1.0259530841571818
1.0829198241212032
1.109755181692969
1.152211808587213
1.1701003328093413
1.2383052572548428
1.242563611897438
1.2505471604806453
1.2591074433077647
1.3007087811494848
1.305128126851977
1.3055909800513446
1.2915833442419475
1.288239193622799
1.3043108612471404
1.2961110527565685
1.28969648849222
1.3076265894646708
1.3334315249648927
1.332254985222579
1.3751939378413895
1.3919585978435922
1.4107910357548734
1.4066963626252154
1.414245114682549
1.3771551107401605
1.3309860678243544
1.3187335331247831
1.2599160819157578
1.2193526074586558
1.141647498630906
1.0636511536762114
1.0435828650111219
0.9819165865349626
0.9245546289797858
0.8897652497834262
0.8564048954921397
0.8238926268769796
0.7929152011937309
0.7634065376260524
0.7394502125590532
0.7353212632308554
0.7264570500338636
0.7316560030745353
0.7084775771026312
0.7318022419122804
0.747748822569294
0.7616660492696368
0.8002682892756111
0.8096304648247914
0.8295090745517169
0.8314985861009421
0.8793459813110738
0.906826044149221
0.9325568412556258
0.9608459414296608
0.9704834372710635
1.0279564600054452
1.0415064817035613
1.0574295505858395
1.0763998151616485
1.1020026353374472
1.1058851189724945
1.1274878472505834
1.123928823239304
1.1291063954203253
1.1281386805610347
1.1310140625826077
1.1107017078155994
1.10900914956319
1.1061440282507693
1.110621754042157
1.1026770749264534
1.0937784408107316
1.0917414866585295
1.080144090745523
1.071262006905002
1.0501107583353098
1.0488719750760838
1.0395910361799745
1.0396381038744802
1.0284613605955997
1.0260058886629777
1.0076393950699714
1.001549672344318
0.9923942038047819
0.9673915028358963
0.9800104023493806
0.978249057202277
0.941105065585287
0.9368122417017398
0.9419067276380991
0.936780579408201
0.9213870083844125
0.9245613692622187
0.9196671431076024
0.9175240051201559
0.9367174111576587
0.9348627666938951
0.9188835937903411
0.9097160635960643
0.9079233514775208
0.8918252680963339
0.8752978317947623
0.8875437412202216
0.8831355258569067
0.8736782604568589
0.8767111797567985
0.8610157721489554
0.8578682272118608
0.8445022613265896
0.8302540292752703
0.8218071339721927
0.8115918107534742
0.8015109053979872
0.7917766335877827
0.7679653315870564
0.7485691825692624
0.7382746746776202
0.71535140922021
0.7014550307076096
0.6789305362380059
0.6817192380467338
0.6655756846842481
0.6540923999865386
0.6342848930476365
0.6188350035691964
0.6032181011890774
0.5913568706537663
0.5775288916688959
0.5673523931404458
0.5504434873051545
0.5434430385133305
0.5188956365252071
0.5033611424641624
0.4842090925175832
0.47015112444953727
0.4563665030790878
0.4436454604483703
0.42520037381771053
0.408503555431602
0.3956370404718581
0.3878658823946087
0.37210818627310943
0.36208078064417126
0.3446554568683274
0.32805986143139976
0.32271064072583555
0.30803463533171116
0.2998514615672493
0.2872446633563981
0.2746986809836066
0.2674406477913133
0.25566398413408215
0.24703235247765584
0.2321354413303729
0.23055152344797658
0.21993791251755748
0.21263120310139477
0.20635936361678575
0.19514843801767343
0.19013407176639582
0.184257450822853
0.17656319366417722
0.1698034191487008
0.15561572824256814
0.15121482147335194
0.14259386678585853
0.1405213436727764
0.12874590787514453
0.1246018492466381
0.1126920536796195
0.11091069226320499
0.10645438758054261
0.10098670953823642
0.09661258748969671
0.09236649812140632
0.08761749878657767
0.08643955989454172
0.0803503517242082
0.07344396529020765
0.06874444839058422
0.06524608191945214
0.06015696982018193
0.0544351007926927
0.050227250685155704
0.046573562939237416
0.043367962513752766
0.03853607586322914
0.036544977800720746
0.03339231750597824
0.0294136079910585
0.029192454089550582
0.025929567830134927
0.023798750246872544
0.021240222296875316
0.019822117325685125
0.01838960017929303
0.017805787715441952
0.014712325204477556
0.012717686220105258
0.01179814286327593
0.010405658524139437
0.009415585672577812
0.008538581951686464
0.007985456503553288
0.007212092552270166
0.0074032248459791495
0.006821082900848359
0.006071685538617496
0.00612387110515282
0.00512240914694618
0.004634100338599517
0.005345533485585777
0.00433904970649921
0.0039881371988964905
0.003733010332559156
0.0029688973133451587
0.002140327079398686
0.0022149083348201194
0.001417347214702505
0.0008945002624630154
0.0006554186298018675
0.0003182691370564527
0.00014369686846559806
1.4273568899474057e-05
7.089206063544381e-05
Gbb RDFs at 30,000 MC steps
0.0
0.0
0.0
0.0
0.0
0.0
0.0
0.0
0.0
0.0
0.0
0.0
0.0
0.0
0.0
0.0
0.0
0.0
0.0
0.0
0.0
0.0
0.0
0.0
0.0
0.0
0.0
0.0
0.0
0.0
0.0
0.0
0.0
0.0
0.0
0.0
0.0
0.0
0.0
0.0
0.0
0.0
0.0
0.0
0.005565900629922265
0.02375298053400733
0.07724564017439056
0.17999591455043187
0.3323245705002502
0.5065779736972154
0.6556021319158887
0.7825528977148063
0.8360805279771221
0.9102752736157287
0.9351237730756121
0.9014548561074456
0.9157763386228662
0.8811237620664075
0.8629021696276219
0.8444395150028622
0.8589136060321056
0.8601266279787043
0.8428076807506258
0.8597874041348043
0.8610512045324619
0.8653948440915485
0.9131865386331592
0.9099630634798583
0.9513491038686589
0.9515523789157082
0.9847963625376797
1.0105141729099028
1.0634830467281635
1.0874757411848115
1.1486068779189345
1.1765398052796385
1.2010355706259266
1.2132962191454082
1.2618330571426848
1.2724119685664994
1.269649471155491
1.2634474324675844
1.2946670844693384
1.28196233061016
1.286710673927819
1.268270821595339
1.2584935993644548
1.2634473268779611
1.2476137879411549
1.2366140650050972
1.2521910482654204
1.2699347856808503
1.2753260931841712
1.326556132571284
1.3555954477873824
1.3791364380365425
1.3738279233431634
1.3966300413593187
1.3633477303545432
1.3253765972171097
1.3046727503628621
1.230370724713605
1.187516040818963
1.118456794450453
1.0428043830085183
1.0079702521863692
0.9436057304123051
0.8913553297207012
0.8562027917618075
0.8162399231001379
0.7926451189044015
0.7587134230662931
0.7286042300224603
0.7050280976352985
0.7088057207572713
0.7042120834973936
0.7075423404048997
0.7031654538053245
0.7269114843549458
0.7491737845941999
0.7623083619453471
0.7988611357903236
0.8133877784722214
0.8512446360146388
0.8655768453694694
0.9102455584933545
0.9498492838716378
0.9747513873728406
1.0078035159620549
1.0258190170732662
1.066067643932515
1.0738919079288844
1.1044924218171839
1.1147441204308206
1.1315065442771566
1.1387418790580541
1.1504225800678858
1.1456791017195158
1.1437368208219354
1.1451742586747862
1.1354165667662104
1.125607613536408
1.1091552888310303
1.1111261026009775
1.1083071973539043
1.090041294770663
1.0901044640347937
1.0841420867192697
1.0740500533922859
1.0610952794057797
1.0452818884167536
1.045528853807329
1.0312057674329502
1.0250105182792368
1.0211264982784127
1.0152936725700696
1.0046795679368103
0.9966107105610654
0.990352344588329
0.9688412653072022
0.9766531878728186
0.9636856844037317
0.9360961133426633
0.929025692674679
0.9229348026315338
0.9242592165211092
0.9123645969300739
0.9021378700142432
0.8963294303045698
0.8921294503074031
0.9078282546259177
0.9081112203635857
0.9007757585777342
0.8907601248134724
0.8938062251181775
0.8841449504805399
0.8827008482825786
0.8864807501261448
0.8895885688707009
0.8865725211003295
0.8905950099778012
0.8745797368732702
0.8744915083884344
0.8676805290353757
0.8540659529541217
0.844710056722426
0.8343351026208675
0.8183447084902361
0.807704512162285
0.785933160933971
0.7695029524688274
0.7590135066701612
0.7340792036338979
0.7214616654026258
0.6970734517809511
0.6956173881788918
0.6775101755249103
0.6603417250449815
0.6461952856757255
0.6243951239152173
0.6067508727122736
0.5958361350482517
0.5789865930763626
0.5690517272904463
0.5416850494961001
0.5354020691986695
0.5105048652253015
0.4940565969635338
0.4726336349859462
0.45576889487983285
0.44603367659427823
0.4287473432172151
0.4134181992324458
0.399696031651493
0.3827098934078366
0.37637295137870314
0.35988004306565125
0.3485130571045397
0.33398209521645617
0.32272770082557883
0.3147324656896533
0.3005085289227258
0.29253842900560806
0.2791652176459657
0.27109861253296713
0.2608628033726174
0.250747210141394
0.24317439173568905
0.23176194604176859
0.23100225956419945
0.22126245516296145
0.2123147876205891
0.20945714602960946
0.20037354560982726
0.19172989355837747
0.18804120681361478
0.18263432987903044
0.17326818151879558
0.16135443086454018
0.1552649545216118
0.14705748358732795
0.14136452988558637
0.13129069232443763
0.1259102866375909
0.1164009419858583
0.11292239051201758
0.10808699517615455
0.10232932341230563
0.09992843199744368
0.09309518759268778
0.08874573706997334
0.08592348281367952
0.07969871861687847
0.07409706441566624
0.06865936052720445
0.06483695450222057
0.060272953695156575
0.05584169254444187
0.05100759069201109
0.04706460618190578
0.04440499532523114
0.03941640449459634
0.03839068375025209
0.03519351217854427
0.0313284617457298
0.030142682302601465
0.027708345733767573
0.02533319792273513
0.022769141952796577
0.021047866630276968
0.019258673911773792
0.018093348886556972
0.015642906891838768
0.013817165331825587
0.013064038020279783
0.011159691750526352
0.00989246457001108
0.008940462340128187
0.008307935582067761
0.007380320444761042
0.007015282932652731
0.0063556443029081176
0.005652032732361344
0.005570032633110575
0.004703398173780848
0.00399437604943258
0.004317744921690541
0.0036312614565028856
0.003066230643340597
0.0028832193625456894
0.0023510049790956586
0.0016863183049807826
0.0017639985843310123
0.001161437300936775
0.0007429728955976957
0.000524334903841494
0.0002314684633137838
0.00010537770354143857
9.515712599649371e-06
4.7261373756962534e-05
Gbb RDFs at 40,000 MC steps
0.0
0.0
0.0
0.0
0.0
0.0
0.0
0.0
0.0
0.0
0.0
0.0
0.0
0.0
0.0
0.0
0.0
0.0
0.0
0.0
0.0
0.0
0.0
0.0
0.0
0.0
0.0
0.0
0.0
0.0
0.0
0.0
0.0
0.0
0.0
0.0
0.0
0.0
0.0
0.0
0.0
0.0
0.0
0.0003360423535152116
0.004816644775894268
0.021500542724748016
0.06558037217851179
0.15641607396997345
0.2887114761070504
0.45000317950357144
0.5876981078571564
0.7039140035817009
0.7560253560102176
0.8255571713527613
0.857624962211745
0.8331920150953397
0.8479828611189547
0.8233609193989284
0.812919248949364
0.8061212159669977
0.8328543340044325
0.8296960338301224
0.825497891273453
0.847329002644223
0.8498422539409152
0.8658889037193699
0.9237314178321565
0.9315956209705604
0.9701863582045198
0.9823580314705332
1.0214724785857658
1.0490739210145394
1.1001799059926345
1.1240048187949667
1.1709099240921177
1.2203067885544217
1.240659603022331
1.260832868569168
1.3108493069090223
1.3277823470615782
1.3173725384065178
1.3198034681752464
1.3305124085871147
1.326105028960709
1.3208199062170183
1.2960196825067871
1.2878142565619655
1.2857893812383456
1.27508294184051
1.263816822405278
1.2661663947862398
1.2840620506411755
1.2854335727105723
1.3311144114300975
1.3534354956626335
1.3780208575002135
1.3817718882388947
1.391167138873
1.3524460170437471
1.3228930148108486
1.2936130003396793
1.222202544484319
1.1749266760641033
1.1030622826310055
1.0372724187251918
0.9924492471317309
0.9267489537183357
0.8788276383428258
0.8523315854985845
0.8104237805310495
0.7837395791322166
0.7559854646912233
0.7310996794127081
0.7091910015911826
0.7105356982235358
0.7021464794618643
0.7089791648644895
0.7068194576919111
0.725009523082649
0.7409802529509917
0.7502795972911349
0.786914689874414
0.7997992982886587
0.8297175358189443
0.8460625291671465
0.8800727135270333
0.9206549426314263
0.9459349637266586
0.9770205023675549
1.0042687284568304
1.0465141919568695
1.0539360131920086
1.0870581514072142
1.0944539886723814
1.1223202596827437
1.1235834370368525
1.1392965043261585
1.1428986537488495
1.1399134619178892
1.1353276073865308
1.139840546579977
1.1280107673706574
1.1164309366656489
1.1147906035693125
1.1051399092541896
1.0964292723771563
1.093334008136223
1.0875910451532418
1.082422145718263
1.070636070323893
1.0614810625040032
1.059400036530173
1.0433097205808286
1.037964837625578
1.0291806388615707
1.0291616970045876
1.0170900711793625
1.0000628568593941
0.9939888789779621
0.9798144674607074
0.9772703228868924
0.9650835081321636
0.9378299814266484
0.9356704259584641
0.9211801737291924
0.9183235642748796
0.9114317713390322
0.903958646065039
0.8946720495488842
0.8893480013926999
0.9021335470915185
0.9013080253916534
0.8973849916378438
0.8890349372199602
0.8887733442711337
0.8824313312275536
0.8775024065576781
0.8800960757699496
0.8838340511315957
0.8850462616772247
0.8871533294778433
0.8722311376681586
0.8731995765052625
0.8646148537572174
0.853212858408096
0.8423014922266376
0.8361084943500774
0.8178804524593967
0.8080266490323311
0.7829109767599829
0.773118466857173
0.75686332676458
0.7382777989606072
0.7215295996460724
0.7045984473257859
0.6956118422291183
0.6770215970130341
0.6648684100655751
0.6463889505965075
0.6262484973638909
0.6092449039517838
0.595491576248676
0.5773738170510804
0.5704388343827657
0.543950687054345
0.5373746665399065
0.5089191685163739
0.4945735161580132
0.4749789572575205
0.4571694477929337
0.4480141350038668
0.4279370448563602
0.41503296738277684
0.3977196865582795
0.38261775408450077
0.3744194269645619
0.3590162947843552
0.349014901568357
0.33506541478511537
0.32243733564407373
0.3140392799897883
0.30012833525797794
0.2930051272194364
0.28180885980857046
0.27326033587832776
0.26453939321880865
0.25487068950669045
0.24760981793903303
0.2366295639878182
0.23400448405261218
0.22634119849910372
0.2185877245275611
0.2140763709439213
0.20500383068590997
0.19560380877804315
0.19066690415265852
0.18419190602403962
0.17550787606605858
0.1623344820266043
0.1579219304903151
0.14801397290192853
0.14244031919158529
0.1333524723598423
0.12530969242535026
0.11625556491075717
0.11127997253615136
0.10611949371477607
0.09967869911452983
0.09677734994970898
0.0913143250063317
0.08602648012945383
0.08311186806794328
0.07704896562431832
0.07173205394620254
0.06634889777543103
0.06344397305783693
0.05859118750802424
0.05464608955545508
0.05093145995963497
0.04690407281411035
0.04466112993529509
0.03981937182585597
0.03823379874454193
0.03535226153951619
0.03231315711007817
0.030085548327766127
0.02790830902159205
0.025158424924905217
0.022501581013010356
0.021135420152033523
0.019423797920945143
0.01762462417763949
0.015705706883010383
0.013899342894299529
0.012912130601439323
0.01110104472180737
0.010280621812107928
0.009405652652776481
0.00876432546437214
0.00787957741602429
0.0073789784763962476
0.006893306131563223
0.00631869636761637
0.005506736807734319
0.004698160536616282
0.004017780596597224
0.004136978088844645
0.0032773673315047228
0.002773359776244111
0.0025493729100403996
0.00201945299486422
0.0013620263232537093
0.0014196224562102108
0.0009006060426755501
0.0005792255797916247
0.00039325117788112054
0.00018806812644244934
8.621812107935884e-05
7.136784449737029e-06
3.5446030317721904e-05
Gbb RDFs at 50,000 MC steps
0.0
0.0
0.0
0.0
0.0
0.0
0.0
0.0
0.0
0.0
0.0
0.0
0.0
0.0
0.0
0.0
0.0
0.0
0.0
0.0
0.0
0.0
0.0
0.0
0.0
0.0
0.0
0.0
0.0
0.0
0.0
0.0
0.0
0.0
0.0
0.0
0.0
0.0
0.0
0.0
0.0
0.0
0.0
0.0002688338828121693
0.004880866706239525
0.020640521015758095
0.06540392274664135
0.15782522778952274
0.29173916199880967
0.44242527129047793
0.5858529801532348
0.6824321593307061
0.7474892137543807
0.8116942091642759
0.8419539319486649
0.8293935182970854
0.842843571051567
0.8197835979551488
0.8190509827128676
0.8020977945682318
0.8369543261367864
0.8266361619323092
0.8273536743459272
0.852091581441888
0.8573013010618353
0.8782799191851245
0.921200646824397
0.9386576042546221
0.9805129681354018
0.9958914549006018
1.0304794503408305
1.0518104192671267
1.107583799795884
1.1392363847759142
1.1782424324230272
1.2188119434162343
1.2440062763252813
1.2728387840361044
1.303687774837898
1.3342014206193964
1.332660928833612
1.3320192611927395
1.3337823990583282
1.3370494996261342
1.3348732661523597
1.3096070557806687
1.2972478593124688
1.2899587906394288
1.2793535157176708
1.2697231020275739
1.2792721641902085
1.2868267412033036
1.2922709853313734
1.328263062526925
1.3537915317271525
1.3690962132095825
1.3851179135674692
1.3937759535297318
1.3469012177686368
1.3172921082808666
1.2879844899863253
1.2165609449405654
1.163257303349022
1.0990019306704006
1.0361427333873336
0.9918664952855077
0.9257397897033974
0.8811277444903888
0.8499224348101226
0.8077826507443573
0.7797711456196992
0.7552079965543284
0.726889236616008
0.7121231339427186
0.7057920030029567
0.7030426338280477
0.7080046230571156
0.7085696948476712
0.7280707750352029
0.7374178478887274
0.7547641076088217
0.7832618342962802
0.7917818124755711
0.823805574280372
0.8356011052745205
0.8711096828635322
0.9021846207505955
0.931962258034691
0.9550385038357694
0.9849075952587918
1.0228633520815533
1.0287533411112728
1.0606604444651384
1.0748298870302804
1.0986983850113954
1.09899974591732
1.1172218239895053
1.1200003193323629
1.1177821809553934
1.1174990688593005
1.124094614543794
1.1169266173069599
1.1060153822762913
1.1073792532962754
1.102532987510579
1.0946870966662945
1.0862171595750914
1.0816167476625314
1.0757033253556245
1.0685534086085675
1.0625984405432969
1.0581255869857307
1.0536345384467296
1.0432761085575777
1.0368902362753503
1.0347264390469588
1.0227085500531874
1.0062767201963858
1.0011320112616358
0.9917975041631911
0.9829331537760346
0.9729438285399498
0.9463644654400422
0.9393718119929161
0.9298467872003996
0.9237515518700625
0.9164139775285636
0.9087319502513163
0.8996262741861499
0.897293944313483
0.909671560726681
0.9074654933831989
0.9058305657637553
0.8966525206430686
0.8948253312813966
0.8870519094060877
0.8828260463555343
0.8824978974192244
0.8833830033827966
0.8843673393821194
0.8843388285623766
0.8730457476938219
0.8708511880082657
0.8595423257507698
0.8524021072409971
0.8411668181086729
0.8338378216411304
0.8159233419709497
0.805012879648122
0.7820043215077863
0.7719094014639782
0.756197464600271
0.7398771548915992
0.7205785202378205
0.7022417733673663
0.6931860437982301
0.6736059391468612
0.6617154897186982
0.6442328144784686
0.6256221849570976
0.6056414769981237
0.5940318998795638
0.5777832140421134
0.5702146451183981
0.5441179488875041
0.5375704204745331
0.509983921604312
0.4969513444526182
0.47926489962075086
0.46152178670771465
0.4530944413588981
0.43212500796351516
0.42076727195383645
0.4025828905547093
0.3897603944294968
0.378253446842783
0.3657915182138721
0.3559726165988523
0.3408087844327279
0.3278275692861957
0.32091620529146797
0.30538537674962746
0.29958428754392
0.28736687345958106
0.2772624680484545
0.2706070170057883
0.2609443514976582
0.2538882190191127
0.2433305566331472
0.23874204258848286
0.23294077212569173
0.22268372292659014
0.21826896455884676
0.20873371775727337
0.1980391715997195
0.1917103035319292
0.18469897095883822
0.17467813687807926
0.16208183005402652
0.15576456947428036
0.1461163860548014
0.13987587008917707
0.12977968150128796
0.12298453483224721
0.11314733212944843
0.10872455304736255
0.10306358718965627
0.09610347062306514
0.092991932430927
0.08801479183964134
0.08211683046118393
0.07892360095325777
0.07355208959222952
0.06917309282736023
0.0636902293058266
0.060846988071314695
0.0564222890459984
0.052309868527777144
0.048571407255974745
0.04515331479121202
0.04255832725852626
0.03831289395668533
0.03684029075264575
0.03415065099185181
0.031144247966799394
0.02927905716719573
0.027247534813766093
0.02509621758669457
0.022637419643978744
0.021636226296481046
0.01973145002224333
0.01776437890680139
0.01607908137597617
0.014519925176430337
0.013489378793033078
0.011541735251895722
0.010713139881872988
0.009849923164382605
0.009241485185631691
0.008218203883489797
0.007732975472306605
0.007459857252504276
0.0070501671451033586
0.005937148420292863
0.005405241553832779
0.004518637905920607
0.004369392588217939
0.0035635599717206284
0.0031660614084726164
0.002858939620545305
0.0021400173527665613
0.0015745622989702221
0.0014270550345149762
0.0009921430502917539
0.0006158854266138795
0.00043111980982522835
0.00021410832856525
7.472237160211099e-05
1.1418855119579245e-05
2.835682425417752e-05
Gaa RDFs at 10,000 MC steps
0.0
0.0
0.0
0.0
0.0
0.0
0.0
0.0
0.0
0.0
0.0
0.0
0.0
0.0
0.0
0.0
0.0
0.0
0.0
0.0
0.0
0.0
0.0
0.0
0.0
0.0
0.0
0.0
0.0
0.0
0.0
0.0
0.0
0.0
0.0
0.0
0.0
0.0
0.0
0.0
0.0
0.0
0.0
0.0
0.0
0.0
0.0
0.0
0.0
0.0
0.00012345745699374056
0.001899355040259613
0.02073285767660277
0.127820406430591
0.4412812718438189
1.076635369054734
1.9749535158468412
2.909044874449931
3.6453047462314734
3.988221829735619
4.010542911690876
3.7251821542958594
3.2994364618652297
2.869168803183017
2.441086629803186
2.0596623128413967
1.7339005532329397
1.465784641369002
1.2326352257969617
1.0567210851961455
0.9202159301689187
0.7921738447540452
0.7106610509885768
0.646549059904586
0.5992147399879028
0.5460527870999796
0.5210027319871282
0.49645255725953114
0.4810491062675128
0.47203741861066334
0.47313676805127325
0.47937305083464504
0.48623374500997585
0.4945720482805451
0.5107599598089192
0.5373656047447711
0.5531014192304774
0.5769054978025213
0.6038401108634835
0.6384741201651216
0.6716690210588724
0.7159981451948074
0.757546150442594
0.8074627954990361
0.8583165048975504
0.8915808043322594
0.942983894708614
0.9806415893410463
1.0239175251706396
1.0609233059120615
1.1104912837439547
1.1538448072959826
1.1990643878740572
1.2366714105405612
1.262823264811987
1.310877571210659
1.285390444020111
1.2886423499699216
1.2815938267620008
1.262875015119324
1.2542132705972426
1.2448472833077007
1.2299301273279943
1.2354825222748524
1.2298950030928824
1.233035841675976
1.2425460354342182
1.2400385587070923
1.2420012772712743
1.2337039313286973
1.206980895871138
1.1962806896948595
1.1395869704652768
1.0944223255761547
1.045233882120678
1.0050243962859349
0.9547650341169676
0.9090805794020478
0.8815150281590449
0.8518260766023977
0.8332472055626297
0.8168079290470851
0.8072154566385255
0.806836391689813
0.8071799336924528
0.8267521792136193
0.819507529487324
0.8187970270028083
0.8299708745878993
0.8314785841415369
0.8463132309491912
0.8539165137902099
0.8677980526781082
0.8853393758080319
0.8981066042930798
0.9225392627744298
0.9461720600602402
0.9691175163805058
0.9862783066485531
1.0127066231102697
1.0283670030301457
1.0459825323097915
1.0670632820756332
1.0846347112095673
1.1081595249278762
1.1147930250706004
1.1344273306851236
1.1431428895448672
1.1601590360596088
1.1714494858546576
1.1720535025970498
1.200347829296414
1.1683246879844364
1.1508380099191713
1.14151369963862
1.1216567327344928
1.1028631179180843
1.0879327657550657
1.0685096047324458
1.0505910243135304
1.0347943415794647
1.0207387493436195
0.9950982260057627
0.9627831266945425
0.9395012137885341
0.9176110517851724
0.9034626458446987
0.8833230120478491
0.8623563067453321
0.8512160323068698
0.8297690317932525
0.8051240662206176
0.7926854300588798
0.7528195502587967
0.721473926448174
0.7021276276887078
0.6835655409039976
0.6658599773173118
0.6552827340900881
0.6422475657274112
0.6303212149039322
0.6252149976675792
0.6204397384665472
0.6031704967827413
0.6000470104007184
0.5964078807783888
0.59488276044228
0.5942619301238374
0.6008910506790321
0.6034141289591125
0.6061116493121124
0.6102847192626731
0.6156705014905296
0.6066503901334204
0.6033820407634513
0.5956227995701455
0.5868850251076303
0.5762985643351382
0.564985995440291
0.5513446602050055
0.5373324373929038
0.5266288184222231
0.5009613755141517
0.4834696625491723
0.46764339414613476
0.44922829238017836
0.42994371296785083
0.4134100102900765
0.39064777991159894
0.3772319039212201
0.34775603192255555
0.32329133625087686
0.3022246926277234
0.2849092423400655
0.2680458056455975
0.25477917325899985
0.237277116526437
0.22847048488694008
0.21759847454189296
0.20858366520809918
0.197666320748214
0.18916194032028621
0.18364448338500114
0.17627405677237815
0.17108365314726934
0.1666050308990374
0.16134023166171935
0.15806703753983486
0.15248493732261062
0.14967728371129285
0.14638837494610085
0.1414616396014149
0.13727226063624873
0.13290251603114991
0.12953966477312373
0.1283898569197272
0.12655745472789365
0.12476840536742548
0.12270062307088779
0.1196503310280999
0.11505164213106775
0.11186866040904045
0.10193708154955168
0.09567386306413823
0.0873060770729686
0.08055646317050076
0.07251423638475683
0.06456339938131486
0.05812553971811603
0.04872461411955873
0.042356639119457154
0.03731152458252322
0.033315185194492836
0.029863538669687814
0.026249265263055033
0.02367339691179064
0.020876035581713467
0.018759983976484314
0.016945598715634776
0.01557591089778182
0.014245340451965415
0.012810042812256056
0.011518355623523335
0.010851306790419117
0.010304387180459996
0.009462281768153093
0.009194222239663322
0.008612897778046882
0.008530859767710777
0.007943955648840479
0.007461230739360996
0.007354674182582588
0.006866745381613736
0.006316949730121944
0.006008100633151967
0.005583669459087569
0.00510171532892021
0.004643461445651084
0.004268976537177478
0.003816896768952335
0.003262731874997495
0.0027123629986704214
0.0023074359317598204
0.001820233008635461
0.0013704405948161682
0.000923078965515981
0.0005891560875759692
0.00030060530053327525
6.537277573723665e-05
0.00014742444712313434
Gaa RDFs at 20,000 MC steps
0.0
0.0
0.0
0.0
0.0
0.0
0.0
0.0
0.0
0.0
0.0
0.0
0.0
0.0
0.0
0.0
0.0
0.0
0.0
0.0
0.0
0.0
0.0
0.0
0.0
0.0
0.0
0.0
0.0
0.0
0.0
0.0
0.0
0.0
0.0
0.0
0.0
0.0
0.0
0.0
0.0
0.0
0.0
0.0
0.0
0.0
0.0
0.0
0.0
0.0
0.00012345745699374056
0.002196129265300178
0.024559583473661682
0.13706043581111563
0.46801997009570534
1.0988672301360407
1.9754466624498792
2.8601211542637106
3.5562708975806943
3.8821897081487515
3.9083740213476865
3.662540823097924
3.2982878855959834
2.879866207619976
2.4640179349909204
2.0922281018465227
1.7757822950950655
1.5138459863032192
1.2816185526794757
1.097933305293932
0.957289992959774
0.8348388345269016
0.7417494769379254
0.6730235639350235
0.6211399976803503
0.5682848573819684
0.5365510373923617
0.5103047919098486
0.48663111528076036
0.4727348513435586
0.469978635999175
0.46898023550828327
0.47338516517204215
0.47736679349649763
0.4911263698836044
0.5125786929080688
0.5307884226124797
0.5546986354285425
0.5837603468413606
0.6204914249346883
0.6570127816885258
0.7054117972840801
0.7530199718058934
0.8089484261999432
0.862415142934657
0.9057091805489781
0.9514704116527467
0.9967548740348593
1.0317383962268682
1.0673713102368767
1.1120187606314993
1.1504677303592938
1.1887777454222874
1.2207041676700643
1.2401322922005797
1.2728086568503496
1.2680268676347795
1.2732963421762629
1.2739044777659227
1.2584897133045934
1.258680723652013
1.2503872823560607
1.246971200502676
1.2488151114379684
1.2460637700853017
1.2545608055488102
1.259382341086905
1.2540866277123992
1.256132763857789
1.241806696875048
1.216402556760534
1.1957261500310767
1.1530099825038154
1.109558985645355
1.0562892111917217
1.0176184364581902
0.9650308487805539
0.9218685046318839
0.8895236007704834
0.857524192452805
0.8321610325780879
0.8145137293355394
0.7980869814679187
0.7920804749348199
0.7885220453228232
0.7945595960952371
0.7936866884889605
0.7984838529170655
0.8100197305542478
0.8169089811951172
0.8325364468398752
0.8476735603819614
0.8667087988575761
0.8868798476680851
0.9067243382289505
0.933857303045129
0.9594669687279033
0.9820663388666023
1.0038970482219094
1.0271215360241641
1.044276464295748
1.0610207732299892
1.079038153745853
1.0952748042111702
1.1133861947498402
1.1220718923171733
1.135320777937194
1.142974712166834
1.1526549150806507
1.1579809572581456
1.1589295101220014
1.169646520734458
1.1478757716773336
1.1365187133250916
1.1275628610046111
1.1107219130348363
1.0976528438269562
1.0840947260114189
1.0691389356310015
1.0529088671304323
1.0405211762170565
1.027046643336936
1.006779869082518
0.9758392934542381
0.9525425893685804
0.9282706063284888
0.9106209521213812
0.8875102769199845
0.8658495281742168
0.8503438797266283
0.8286673311518191
0.8085553320512288
0.7896178058870758
0.7607348620125424
0.7353713710256586
0.7169896623572518
0.699393364382854
0.6831382056775267
0.6715473920809245
0.6576549313912267
0.6472222097578267
0.6410491756730644
0.6343616309560699
0.6219354834486274
0.616892537878679
0.6102847283928947
0.6075097388330915
0.6045395566345264
0.6061410313339225
0.6027100561514487
0.599583497817654
0.5982223311660888
0.5973674271930985
0.5890912785041247
0.5806770086404665
0.5704858294525966
0.5617380310678196
0.5511593603261147
0.5396618466974524
0.5259030051954156
0.512487220651927
0.501433776313369
0.4825205554675101
0.4671905308248767
0.4528022157061326
0.4371347666739303
0.4189457386837072
0.4039206187379812
0.38560430204502805
0.3708259866614751
0.3495028906968893
0.32897724384505816
0.3122765892333235
0.29737374592908966
0.2813615731132273
0.2682309687242208
0.2545444022589391
0.24416429502079576
0.23357282214918357
0.22505724650485978
0.2145054408323408
0.2063670258774866
0.19955734863945968
0.19162646483571638
0.18510730232635064
0.1782758704291584
0.17164600009668993
0.16592643151374104
0.15897362861694886
0.1530681866749371
0.14834669778883694
0.1416316948095911
0.13605151545127045
0.13004957919216337
0.12438467608043437
0.12031210718880017
0.11701907428322478
0.11328307119120763
0.1096734012987657
0.1060735893531685
0.10108257295411699
0.09759605415910959
0.0898773788562394
0.08460696399125851
0.07836279448416048
0.07276223227099596
0.06634077557391134
0.06022680360409383
0.054961523836086615
0.04879007277013678
0.04393300763088618
0.03972076197843921
0.03615732553065722
0.03327139673821266
0.030188342746379326
0.027551590660594833
0.025006688831503553
0.023052317591838
0.021148150871335696
0.019184857689433187
0.01740487563603296
0.01588441037281668
0.014230988794938408
0.01304640240376418
0.01195283841431704
0.01089240962416834
0.009998330590075086
0.009213940252945002
0.008577543035533128
0.007967130557506554
0.007413209946187314
0.00708647293605405
0.00637950432753198
0.005799841287098009
0.005251496183072293
0.004847807105606986
0.0043383759676757574
0.003839712171629445
0.0034566037313654586
0.0029791330096251983
0.002486690445609869
0.0020055552910250895
0.0017057361313726903
0.0012756251405899115
0.0009021310935412392
0.000601263349608554
0.00035994034529717274
0.00018676660684020064
3.356980375695937e-05
7.371222356156717e-05
Gaa RDFs at 30,000 MC steps
0.0
0.0
0.0
0.0
0.0
0.0
0.0
0.0
0.0
0.0
0.0
0.0
0.0
0.0
0.0
0.0
0.0
0.0
0.0
0.0
0.0
0.0
0.0
0.0
0.0
0.0
0.0
0.0
0.0
0.0
0.0
0.0
0.0
0.0
0.0
0.0
0.0
0.0
0.0
0.0
0.0
0.0
0.0
0.0
0.0
0.0
0.0
0.0
0.0
0.0
8.230497132916036e-05
0.0023741938003245164
0.025797081865745405
0.14217545207533464
0.4773568726567374
1.104829798242138
1.9698412293953467
2.838575671651288
3.509388784044182
3.8355213451353656
3.864511575546103
3.6343487555466054
3.283719102391338
2.8837183143272025
2.475685403252006
2.1135166486121277
1.798986643079592
1.5391953800727403
1.3083916313453976
1.1237513733214497
0.9811138923439587
0.858391058521565
0.7608178435285663
0.6884051002154117
0.6329677240163797
0.5800591090965289
0.5431057151612344
0.5136204166653172
0.4877083450903345
0.4749599938723198
0.4671687082502568
0.4636040965272197
0.4656174218856826
0.4714661286886703
0.4811864745536444
0.4990115734839833
0.5203069599547405
0.5448015029384112
0.5745010095445391
0.6093414987845253
0.6509676836138059
0.700071614679024
0.7520877507316677
0.805902132944548
0.8619714910754435
0.9092966546158174
0.95318349342633
1.0025786203013798
1.0377852384404667
1.0751126257456254
1.1169285077700366
1.148863236792089
1.1858483374116229
1.213285118942539
1.2343850657619428
1.2590534945930947
1.2605965708922156
1.2641804638967042
1.2670932747131647
1.2543932637052042
1.2526274214609174
1.24954520250071
1.246548283358195
1.2471775615315912
1.2470944564327577
1.258553466062503
1.2617621197364006
1.2604721136239025
1.2585898450241606
1.243486045561979
1.2212236137710653
1.1968565578072488
1.1559596531185103
1.1143671416737007
1.0649814657897638
1.0246351159827325
0.9767297127998301
0.9324774952333875
0.8993976623195862
0.8655847890649132
0.8376042228679971
0.8182979449973085
0.8000926156655209
0.7901062472217154
0.7860795792147344
0.7862067018648937
0.7869920834439007
0.7919764761808458
0.8022997074549794
0.811790878957045
0.8288666252358403
0.8435089705558879
0.8647202322741844
0.8831681896628455
0.9067972207848385
0.9322138819545741
0.9593117086450718
0.9828007928941737
1.0068953753940366
1.0310671767362416
1.0483285463917928
1.0663924717540492
1.0861887790186868
1.1003448558528552
1.1166936709841808
1.1249994987320888
1.1356892981466815
1.1439171401154338
1.1487790914268003
1.1517010069844524
1.1517619870294973
1.1580607226837991
1.1390602816153017
1.1310192946660587
1.1218479428152277
1.1069141243089373
1.0945304652208467
1.0818465175455985
1.0669256500186057
1.0535390135227343
1.0415492084711493
1.027714810866422
1.0105256133299558
0.9829212985895961
0.9556850998899169
0.9312649589393542
0.9118919115485509
0.887876704235764
0.8663156204252181
0.849312117523859
0.8280762139947928
0.8075947687755285
0.7888615349048129
0.7628792740962507
0.740612781071521
0.7231209855715436
0.7050570427109093
0.6903365345848858
0.6800068455424255
0.6666149790573419
0.6546980947162998
0.6466735249252951
0.6393690373077079
0.6280755541472044
0.6221373451410448
0.6154087409878622
0.6113001427435395
0.606971235398591
0.6049117740674427
0.6006980428471512
0.5972651620739712
0.5931843810106741
0.5888759012710149
0.5828948394576315
0.5739782430493445
0.5637259739263983
0.5546010816962235
0.544438387766167
0.5325024241227932
0.5189337205931832
0.5056538682235255
0.4926353959149706
0.4757484044247649
0.46096519191895896
0.4459641534323932
0.42981311287214247
0.41375938800713613
0.39908246557245836
0.38234255625249247
0.36746754989017133
0.34885908392587284
0.3315442450162462
0.3173210873822269
0.3033291838428003
0.2885249541576633
0.27637634821075613
0.2633565381860469
0.25271713511409544
0.24229971659199878
0.23303823310727906
0.22262326169992472
0.21406530045780126
0.20568873327508436
0.19738109136763907
0.19046702643334326
0.18283416378813994
0.1758224421913025
0.16913884716145625
0.16226294813212097
0.15553417316853024
0.14997477763191777
0.14233890853248252
0.135950679043447
0.12922427638392545
0.12241529044705021
0.1171989846705647
0.11300620953279208
0.10825529269637489
0.10420077845385595
0.09958384698041016
0.09448355925228998
0.09050807720696122
0.08382612754575403
0.07869032741257932
0.07320877064136454
0.06810225325651273
0.0628384930906526
0.05745643157778447
0.052776790109651806
0.04806768980482906
0.043992164948092126
0.04007875186383333
0.03700722601703436
0.03421084397245005
0.03158912865518787
0.02915103384502823
0.026588979133699325
0.024733169914816073
0.02288019778473144
0.020961514378256153
0.019226870672946723
0.017352005307654173
0.01582705028188408
0.014515411740403541
0.013168806244614629
0.012051514942326213
0.010953445203474976
0.009900164484489684
0.008975365665671439
0.00823481754601179
0.007486575046869328
0.0069434322712388285
0.006152651205186224
0.005480565998412776
0.004878704787360371
0.004451870668694862
0.003926658590254127
0.00341307748589284
0.0030061261452166903
0.00253332748149297
0.0020874768256845034
0.001667436269674439
0.0013782053531803077
0.0010319527164084573
0.0007073046601943049
0.0004561308169444203
0.0002674183659919293
0.00013221889944560236
2.4735644873549e-05
4.9141482374378115e-05
Gaa RDFs at 40,000 MC steps
0.0
0.0
0.0
0.0
0.0
0.0
0.0
0.0
0.0
0.0
0.0
0.0
0.0
0.0
0.0
0.0
0.0
0.0
0.0
0.0
0.0
0.0
0.0
0.0
0.0
0.0
0.0
0.0
0.0
0.0
0.0
0.0
0.0
0.0
0.0
0.0
0.0
0.0
0.0
0.0
0.0
0.0
0.0
0.0
0.0
0.0
0.0
0.0
0.0
0.0
7.716091062108785e-05
0.002626451891608997
0.027486743131859732
0.146094214535825
0.48153507030230797
1.1070444663958317
1.964807024489333
2.822886751163346
3.4763911361846316
3.806295255006211
3.838935303831762
3.6277967359102314
3.276958622771479
2.8890605096086763
2.4901089167185484
2.129380621697442
1.8164358855808684
1.5534508149379038
1.3265339149150686
1.1397158803555072
0.9947678953923067
0.8684504089311402
0.7721116077723686
0.6962561432836931
0.6369315723508164
0.5840199158206804
0.5433836837123085
0.5135745483386606
0.48855352341919
0.4736502318054837
0.4641300183719238
0.4597546862134457
0.46031107020643997
0.4643047988868238
0.47427631811446147
0.490984361158066
0.5125151198659159
0.5373186813344633
0.5679819536908435
0.6032211588868814
0.6453262327873183
0.6945622009350753
0.7452417522178234
0.8017588739897963
0.8585544903319632
0.9083587905053206
0.9541964093763352
1.0037806304905124
1.0426178444492775
1.0808159160485442
1.1228202043362807
1.152465706872742
1.186728658233242
1.2158287578014149
1.23520197921894
1.257281942847366
1.2596747236780461
1.2645301140224954
1.2666296849765895
1.255033333955109
1.254071446690742
1.2515744250092806
1.2484358620839306
1.2506176383871526
1.2500113988626933
1.2607002586490526
1.2654168488484
1.2608512518498978
1.261180524139882
1.2464340925731174
1.2234660919382572
1.197093836798002
1.15727188062078
1.1168821771346815
1.0668367162356165
1.0279410515279497
0.9810862484269103
0.9370702052222173
0.9023540014750588
0.8685073811595208
0.840385904178054
0.8198281701355978
0.800916091405371
0.7885714728809909
0.7830460769195632
0.7809777472047011
0.7809494771653241
0.784796712149105
0.7947650250945398
0.8039573241616814
0.8219536436485221
0.8354766063837932
0.855917045703264
0.8759971593664192
0.9001894118169504
0.9272427190630087
0.9541178309922379
0.9800583487912228
1.0065580635871723
1.0312139202914363
1.0493172405224314
1.069786507276061
1.0908421008769704
1.1048258327485592
1.1221544692335013
1.1309133070943163
1.141576515621208
1.1493686256901618
1.153026204573764
1.1550415816168211
1.1536692183767636
1.1585662244221389
1.1407410076567723
1.1333783617278086
1.1218949692034506
1.108603920362393
1.096713006920055
1.083386315897917
1.0702312544593322
1.0548157449088766
1.0424328288194868
1.0285065314036965
1.0121141157456242
0.9849652742255856
0.956816903446203
0.9315571532339564
0.9104188114570202
0.8861599089824015
0.8647625285782412
0.8461370261042869
0.8251810284641253
0.8048636149841714
0.7856237497619998
0.7630175855587717
0.7415361941943066
0.7243177411721943
0.7074589009683052
0.6940599625702476
0.6816158843947833
0.6687079462382589
0.6570359355299578
0.6480808643196646
0.6404909597291121
0.6293092444536236
0.6226686228933553
0.6163200655751907
0.6113616399744279
0.6065565383147609
0.6043770538155555
0.5994794299398792
0.5960129866448451
0.5905112818806236
0.5868280428795124
0.5796616668140473
0.5713290403043306
0.5613945072111355
0.552192768924396
0.5425230720751784
0.5300824523799931
0.5160086297063483
0.5032071253956091
0.49021320179129146
0.4743704416450248
0.45933158010065167
0.4446930300224888
0.42860828018965835
0.41267089811068797
0.3989687637039577
0.38195812639876403
0.3676467173456211
0.35041841306657023
0.3336347465950324
0.3197002376438814
0.30565452549423777
0.2913327808773702
0.2788345129056665
0.26687116372818753
0.2555890359574683
0.24529427860885555
0.23577336867563198
0.2255865774388186
0.2167724747958736
0.20811444533307474
0.19968380820617812
0.19192874768338972
0.18460804245440893
0.1772689275556446
0.17003684432449043
0.16312229496380876
0.15632048939603657
0.15005121437016214
0.14252246018575204
0.13589289888940653
0.12837087345326229
0.12140360471383188
0.11593954355110514
0.11131521864043284
0.10648991622112755
0.10198262414004762
0.096681018135753
0.09171090307076576
0.08742266885148164
0.08130607603597727
0.07631628259947253
0.07108506003884489
0.06629557690063019
0.06144208656422008
0.05640186202341873
0.05204134685486885
0.0477959195144827
0.04381991275975717
0.04032335910063799
0.03733393507496965
0.03471287762115656
0.032117376835256645
0.02971625480745833
0.027181737665072928
0.025212234827549678
0.02335096951880948
0.021439094724458665
0.019726386336481633
0.017936302442152288
0.0162922295928347
0.014954746552758077
0.013695830102333818
0.012325130170277887
0.011216333379495212
0.010095060343697011
0.009112878335017715
0.008355058376482148
0.007498246767432377
0.006886812008082804
0.006146240138685147
0.005437963314186372
0.004777402777656044
0.004349989463586986
0.0037788175288740768
0.003268802586586823
0.0028641106430753196
0.0023818036924367915
0.0019368389761098624
0.0015349677215836365
0.0012714818411850366
0.0009325039082894017
0.000626681609748718
0.00040429776956437254
0.00022787268128888173
0.00011072591691240465
1.943514954350279e-05
3.6856111780783584e-05
Gaa RDFs at 50,000 MC steps
0.0
0.0
0.0
0.0
0.0
0.0
0.0
0.0
0.0
0.0
0.0
0.0
0.0
0.0
0.0
0.0
0.0
0.0
0.0
0.0
0.0
0.0
0.0
0.0
0.0
0.0
0.0
0.0
0.0
0.0
0.0
0.0
0.0
0.0
0.0
0.0
0.0
0.0
0.0
0.0
0.0
0.0
0.0
0.0
0.0
0.0
0.0
0.0
0.0
0.0
0.00012345745699374056
0.002682838994366704
0.027632387173389582
0.1476974696336958
0.4827699794584408
1.1112148568883249
1.9616484204968743
2.821044076738814
3.467375050245313
3.7915699301735453
3.8267550345220616
3.6204358592176376
3.2752156079067465
2.8903840205955857
2.4933669783962116
2.134583809168909
1.824278255094023
1.5594196124486053
1.3307159503232229
1.147586778855796
0.9982219120923004
0.8741164920189826
0.7756472423420416
0.7010192227374906
0.6383001282158365
0.5859048087358926
0.5458531204531397
0.5146793197492772
0.49159999744587096
0.474418653227263
0.46528030723859193
0.4587628063470643
0.4576962512133196
0.4628845750995317
0.4723438260797014
0.4880243602614937
0.5074865425988708
0.5318337919471865
0.5641227798247297
0.6002407482511489
0.6422373702734631
0.6913768948319187
0.744147925713954
0.7992513094431137
0.856109410350257
0.9073196600859601
0.9542530425073368
1.0039222220466604
1.045225342330472
1.0829212570414064
1.1239860744504477
1.1544590991188552
1.1884525886251955
1.2164790573844977
1.2370299432133023
1.2565471555165029
1.2605789898662991
1.2652166997240495
1.2643616613422681
1.2544011414928955
1.2515340880726216
1.2500567818414043
1.2461054642304439
1.2507948359516485
1.2511299437162722
1.2617971585350065
1.2655844579539335
1.2629191230464176
1.2632259741420317
1.2481037032424982
1.2272033146178603
1.1986268190416314
1.1602455052884812
1.1196504364122535
1.0714051011838532
1.0314059118658163
0.9841507441314691
0.9411041395308035
0.9056837562185647
0.8708241768627835
0.8418829740916415
0.8193643230113786
0.8013707217503119
0.787751307139775
0.780639435581587
0.7776620268979018
0.7779288781283756
0.7813764882279249
0.7905216112637709
0.8006728939583241
0.8184964882728991
0.8316919141633141
0.8516538380455367
0.8725905377245348
0.89711138042647
0.9232129910586118
0.9504528372731773
0.9771842094833281
1.0035101212392206
1.0294706068557224
1.0478559193205559
1.0689339401853517
1.0908641010651718
1.1055033243845795
1.1226253641550004
1.1329250870399254
1.1436446210410194
1.1506835823968948
1.1545831138491058
1.1578862784216988
1.1549590058560928
1.157746858917905
1.1423539680960977
1.134124802543478
1.1237313254231442
1.1102638288666036
1.0985688298878813
1.0848679451293641
1.0721636052800085
1.0567149513399363
1.044307114841303
1.0307543040659732
1.0147295234698062
0.9874217058406582
0.9598038825309886
0.9328630828363624
0.9117756806665431
0.8886055614784236
0.8665975815325379
0.847351199304231
0.8255236187074483
0.8060616906718236
0.7860690043028071
0.7637223896029994
0.742511096462837
0.7256186553042553
0.708264549403889
0.6940129439366381
0.6813318842375475
0.6681172099960626
0.6566583093487383
0.6472484806636353
0.6392642443014802
0.6282053351439376
0.6219819845450689
0.6148633878788802
0.6099911011348828
0.6050646378083103
0.6023501777225374
0.597095668830112
0.5932245221747618
0.5876372075712076
0.583623709169528
0.5766094453966059
0.5683113019305612
0.5590069983112714
0.5494829555756151
0.5404605275356553
0.527834495089543
0.5147442587221552
0.5021114204273671
0.4893828106492906
0.47387067955906476
0.45928460944371935
0.44496641564954487
0.4291518532371696
0.4127553687331482
0.3990230078148814
0.3828275039335933
0.36826852099496027
0.35198734804173876
0.3362303056542498
0.3226274033589889
0.30913355596501485
0.29492160354495955
0.2823087602868105
0.2701245449852693
0.25891699364085846
0.24794973499574513
0.23824179054153596
0.2275435362386711
0.2187592700181056
0.21009525340460108
0.20128661462257064
0.19325295691637617
0.18558267038890167
0.1776121717071248
0.1702574711333105
0.1628911984728396
0.15562145015294457
0.1492081420970037
0.14136230576552788
0.13450363197330026
0.12683766882071432
0.11982221482368632
0.11439556364295608
0.1095171374157689
0.10449932199732143
0.09997870091617744
0.09477949032251261
0.08978538931478343
0.08561273960482549
0.07989577726585335
0.07502610387302382
0.0700179182476732
0.06548215051374809
0.060930622514484334
0.05613475716443304
0.05200482991803232
0.047972307199701046
0.04405851393915447
0.04064785218325085
0.03757702489150332
0.03506307301615567
0.0325076841700082
0.030110327532466397
0.027677925875411274
0.02563651803499251
0.02373999766458143
0.02177809729395673
0.019954664636127238
0.018268086395283996
0.01658829776195398
0.015301268597568491
0.013960647838571308
0.0126013035191226
0.01143213505714733
0.010252476229979851
0.009262772218873401
0.008427605916654209
0.007544866954138493
0.006846085152128471
0.0061064915263784785
0.005370876328680427
0.004668385606892636
0.004246370000951203
0.0036341090997135395
0.0031273846159799346
0.0026945431877993063
0.002227399699125826
0.0017957150959820403
0.0014032402562793556
0.0011312692271498704
0.0008205668884310463
0.0005478132073053239
0.0003537267442074911
0.00019698227852084078
9.533990596795002e-05
1.660821870081147e-05
2.948488942462687e-05
Gab RDFs at 10,000 MC steps
0.0
0.0
0.0
0.0
0.0
0.0
0.0
0.0
0.0
0.0
0.0
0.0
0.0
0.0
0.0
0.0
0.0
0.0
0.0
0.0
0.0
0.0
0.0
0.0
0.0
0.0
0.0
0.0
0.0
0.0
0.0
0.0
0.0
0.0
0.0
0.0
0.0
0.0
0.0
0.0
0.0
0.0
0.0008345856883662837
0.010299632501969065
0.05986731971082113
0.1817806697699109
0.3831264262534287
0.5813031153066665
0.718140651960466
0.7793536510650476
0.7558670245699802
0.680069705272071
0.5874295847071269
0.5000659160281923
0.4171371278632222
0.35144742076684765
0.29339449733770223
0.2490492558054487
0.21155042180623565
0.1855960986708108
0.1663614764783829
0.14044041657739773
0.12468036985174817
0.11194524257086695
0.10275504930734633
0.09631593535951984
0.0884737598538851
0.08314212877738858
0.07980297400968568
0.0776456565209428
0.07658517275349508
0.07576385577077396
0.07521447488227659
0.07651048610396995
0.07649772235836509
0.0814930706326206
0.08168565571330103
0.08431529073376182
0.08804341309463348
0.09198439106037941
0.09558727380220103
0.1008753449630831
0.10615735750902078
0.1134600929291272
0.12234240596559624
0.130758470939197
0.13851744748136108
0.1471975871219551
0.15779634261497202
0.1693458553553555
0.17936313202822476
0.19112306093345258
0.19563377029134188
0.2054577352913507
0.2102844473126837
0.21701972926967716
0.21870850166238534
0.22119453955071036
0.22357944525543696
0.22641704540663063
0.23018543725322957
0.2313476550733214
0.2324362950253552
0.2347918799327607
0.23579737309524834
0.24140523684477114
0.2353693730684642
0.23355926812196687
0.230380684196123
0.22367297836345967
0.21623885819914232
0.20865748180083638
0.19928111151866285
0.19181041143298846
0.18199833617452757
0.17256041837303598
0.16511619034093128
0.1579734001575462
0.15092448766217711
0.14568700330505446
0.13882575748164153
0.1405728032861436
0.13253576829766284
0.1311712109855953
0.12914198713607228
0.12929017963890874
0.12925606577852777
0.13084654349115504
0.13181121992832906
0.1349618892310608
0.1376278249478998
0.1413867466542532
0.14369517679778893
0.14690366944306904
0.15023335571804813
0.1572261018339831
0.15807768793800472
0.161644591039329
0.16664732930873732
0.16960917262320443
0.17419385597834616
0.1767716427296052
0.179188579672628
0.18199968365971092
0.18425451967933007
0.18644055936088544
0.18853489417244917
0.19083265525708693
0.19327380980644854
0.19521604398140852
0.19461764318120128
0.19607286653377
0.19559807849887492
0.19636889266456423
0.1956305530867494
0.1937504139703401
0.1928958181284362
0.19140912628560675
0.19097747262949816
0.1886982194765693
0.1863562626105844
0.18917083322189746
0.18251294009027655
0.18148154205828979
0.17834068633659708
0.17745989504897747
0.17508605820206588
0.1718867735235316
0.16961749176037114
0.16684430403036205
0.16459104127112464
0.16343872195819872
0.15926221339815277
0.15472370925754553
0.15131638395437044
0.14814601158679336
0.14539705797545027
0.14374972936777805
0.13985562572491425
0.13817135110805384
0.13570926673275768
0.1330101549195984
0.13210127743992198
0.12745149870304062
0.12437335853403957
0.12210661135976865
0.11985952770835069
0.11904081516566756
0.11682652221159609
0.11592962752296836
0.11435371495777788
0.11360592441751803
0.11221218314619921
0.11111863721297965
0.11019956730937791
0.10919764801856228
0.10845577701057797
0.10860254971561766
0.10743182282949984
0.107155648128841
0.10656354739054218
0.10549388487801309
0.10568743789406168
0.10346689194991346
0.10249608977531915
0.10102289126932724
0.09971350280665581
0.0975830348680278
0.09479766775465646
0.0927466390854295
0.09046168013575524
0.08777034731344403
0.08408584761802429
0.08055849715329623
0.07686727008405839
0.07376031912811162
0.06971835642405229
0.06582710827251763
0.06243029596713514
0.059549561551466484
0.0552843541734462
0.05158849406477243
0.048686440939402456
0.04587079095748489
0.043733538668246676
0.0419308931607564
0.04022967175173328
0.0386066089213774
0.03708356967180905
0.03565301849755257
0.03492176079295517
0.03371955576583944
0.03293111770166761
0.03173918342907138
0.031144005106043836
0.030109261810595315
0.029812822131898134
0.028861681409684786
0.028414765935906926
0.027748080402643482
0.026990945730131635
0.02622137196579043
0.02507992851051879
0.024689113218020156
0.02355720679609937
0.022787707612735717
0.022480912770602046
0.021251039274193827
0.020871097574828378
0.019811546271210314
0.018974996505018785
0.017957024031400187
0.01669107405977641
0.015223315033156075
0.01399668443048874
0.012749164877918641
0.011461715678384152
0.010402526160609885
0.009481822504983558
0.00814562612364153
0.0073469282088278656
0.006533416016658034
0.00576409912532404
0.005200886114904948
0.0046721756411208844
0.004111550355607328
0.003637274730071922
0.0031646959254131575
0.0028730547506708093
0.0026471747452055574
0.002401003749742648
0.0022423789849955094
0.002034534057026214
0.0019145966271079092
0.0018277894249159841
0.001716652857651305
0.001791583938441184
0.001609495150334166
0.0014917510351823108
0.0013887426095688506
0.0013802269563161769
0.001287546009672831
0.0011543126358921478
0.0010999612200585215
0.0010323751122723994
0.0009736337332498094
0.0009025671824099789
0.0008663358833148592
0.0007859501590194633
0.0007381306831411525
0.000643738171301526
0.0005189400097826511
0.00046379506373054236
0.0003968879304597936
0.00024024300282078726
0.00015846324183357456
8.941571357173272e-05
4.014952249676977e-05
7.855341555955668e-06
2.4609375775469926e-05
Gab RDFs at 20,000 MC steps
0.0
0.0
0.0
0.0
0.0
0.0
0.0
0.0
0.0
0.0
0.0
0.0
0.0
0.0
0.0
0.0
0.0
0.0
0.0
0.0
0.0
0.0
0.0
0.0
0.0
0.0
0.0
0.0
0.0
0.0
0.0
0.0
0.0
0.0
0.0
0.0
0.0
0.0
0.0
0.0
0.0
1.563016618256273e-05
0.0010730387421852216
0.012092109981593513
0.0653320478043157
0.19963366401841504
0.403083261935636
0.6038288794727308
0.7396784628189182
0.7900873694824059
0.7589281551297681
0.6816936553771921
0.5840893639448178
0.4950530303173963
0.413348762168901
0.34706022712222245
0.28916965705355097
0.24422101568865026
0.20720047820324433
0.17872216909041042
0.15951432640758828
0.13688171962378434
0.12313668187657728
0.10948175291744079
0.10192032629974887
0.09388136969701211
0.08772501398474875
0.0813341774267717
0.07920057916633437
0.07639726238796181
0.07500905639767703
0.07431050407542134
0.07506082962512908
0.07587264956487212
0.07611455471530709
0.07972209813104243
0.07984568148842659
0.08438252065939472
0.08846279225793031
0.09291718332016007
0.09682521415826603
0.10380960570045847
0.11076120118042541
0.11738289475366927
0.12682138218399774
0.13398066486934793
0.14340693348466418
0.15248578631532939
0.16269074452923296
0.1730056615963157
0.18167707091310417
0.1915925085595677
0.1973547685600676
0.2055809076994268
0.2099769698387611
0.21393226617169445
0.2157743109942649
0.21829190988690964
0.2203608779124696
0.222414476702704
0.22597160769117414
0.22720338177267208
0.22834686751846028
0.2305951290017138
0.23287369471433664
0.2361108168121772
0.23408296817774232
0.23260417746020065
0.2288234090096386
0.2233115057311972
0.21646153483737757
0.20907972510163092
0.19956613306785168
0.19191698670408147
0.18268621489621978
0.1732969764316261
0.16528875248877817
0.15767507225233868
0.1510797716026877
0.14569454384506664
0.13995112119413292
0.1388732229127595
0.13332868667323897
0.13158069080136886
0.1293486615553573
0.13002342334713532
0.13003832455181843
0.13093431106152273
0.1320655495549069
0.13566337771283887
0.13743971809598518
0.14115167289577715
0.14292389164829591
0.14638255232990524
0.15086282508558185
0.1558742435650808
0.1580068917885763
0.1619578447128135
0.16609298899346817
0.169477754841337
0.17456069759653847
0.1769692866454625
0.18096768560261434
0.18301937761634424
0.1858003526214877
0.18900284862354202
0.1907211513778419
0.1927616951695906
0.19520747567348962
0.19623261855827562
0.19626493080272428
0.19660770028068578
0.19617453813274266
0.19584219252656565
0.1948129164836808
0.1931403167063296
0.19205168321907745
0.19018499689049984
0.18850535903321794
0.18684112017876658
0.18478244537982982
0.18555218577547078
0.18164639408028518
0.18047853665421434
0.17804721230626655
0.17626869115438756
0.17380521544508856
0.17188101645843645
0.16958430630651286
0.1671666324361221
0.16530131565928996
0.16299389859190866
0.15953814486308365
0.15604011101018178
0.15177787072346205
0.14833654970834004
0.14539792212761296
0.14367368396832175
0.1398066217601221
0.13740268346368767
0.13502345743070227
0.13306572427482763
0.1314619395230668
0.1286155415470835
0.12641688142777485
0.1252531566627478
0.12331296564508654
0.12272628694871372
0.12090635893085319
0.12060372562962433
0.11899148076589453
0.11791569685390499
0.11647003041879617
0.11493067871736798
0.11382734332735034
0.1121495640037384
0.1108213623242633
0.10965641406116766
0.10790802529517206
0.10712318163948216
0.10544589311236546
0.10419369313490591
0.10299975700642852
0.10104543150915708
0.0990496421809749
0.09703937296029606
0.095526050834383
0.09331017417189583
0.09064310194133834
0.08797412368503982
0.08558494635524974
0.0830322988205424
0.08007488961301837
0.07649938927570755
0.07384701639865232
0.07091352928153216
0.06797295659562579
0.06473848783158498
0.06217881100532818
0.059647341330328035
0.05624832000767393
0.05358739731810114
0.0509126599087986
0.048749706382256786
0.04690039851782818
0.045104668531933796
0.04310681794711002
0.041728988116180005
0.04011474572014571
0.03865119222463903
0.037509909049396
0.03642503674776667
0.035447041946727424
0.03380157366557975
0.03295092331860015
0.031717872057900054
0.03095398969630888
0.029838150638844672
0.02899451424156126
0.02787479682421025
0.026978379246225002
0.025790257309121507
0.02458186400098269
0.023662102770795883
0.022420595885536694
0.021353481866048383
0.020695890549310893
0.019633348076238916
0.01876070858327219
0.017865939297618785
0.016958232802326195
0.016013297051133676
0.014926540831954358
0.013701821356754785
0.012699925450113255
0.011740893816768716
0.010690017985629886
0.009803270496998138
0.008983881792196351
0.008052880478731596
0.007333043625279864
0.006601521642765641
0.005957485940224094
0.005411418481118858
0.004906900327423284
0.00439530308774705
0.0040022909415203655
0.003616150408353693
0.0032714885197071696
0.0030548885816275837
0.002801293679212461
0.0025371020861178835
0.0023441370657041167
0.002187030771228339
0.0020571562761270987
0.001896475791293704
0.0018708108225114015
0.0016947941982667324
0.0015747032216431233
0.0014617980520573361
0.001406914537524075
0.0012780337964087573
0.0011559992411462273
0.001075845139716191
0.0009725079988029948
0.0008722410751400092
0.0008127040254403807
0.0007409451633613928
0.0006358757253630721
0.0005839519503701546
0.0004874291009656748
0.000380492644535387
0.00033195643978000143
0.0002775090411403911
0.0001676113973168283
0.00010358686625696703
5.726280286956856e-05
2.494137003587213e-05
4.531927820743655e-06
1.2304687887734963e-05
Gab RDFs at 30,000 MC steps
0.0
0.0
0.0
0.0
0.0
0.0
0.0
0.0
0.0
0.0
0.0
0.0
0.0
0.0
0.0
0.0
0.0
0.0
0.0
0.0
0.0
0.0
0.0
0.0
0.0
0.0
0.0
0.0
0.0
0.0
0.0
0.0
0.0
0.0
0.0
0.0
0.0
0.0
0.0
0.0
0.0
3.126033236512546e-05
0.001241942988640303
0.013571615202870839
0.07106865291738713
0.20983227908681276
0.4167156606081356
0.6202857318949013
0.75209150506713
0.7935700601050286
0.7596177891409387
0.6797449152510469
0.5826243548385419
0.4906671471970687
0.40990479335588165
0.3426089443274102
0.2850235230421584
0.2416399834508339
0.20395703020029063
0.17593407080927453
0.15445680023642847
0.13446180569532723
0.12077520681932183
0.1085181657268956
0.09943772634692027
0.09204917079636196
0.08601852272202874
0.07994768750211559
0.07717538507392464
0.0747030132074876
0.07358098304435279
0.07352414953494069
0.07366095061556291
0.07437107604574596
0.07505882277051014
0.07842338496321845
0.07913115816443368
0.08338901175837496
0.08737939608608011
0.091768585240765
0.0966673559920564
0.10446346490712959
0.11069000772158927
0.11803926907470484
0.12734669420961273
0.13521675983607628
0.14542533057653545
0.15489547991940242
0.16471633034019112
0.17518003683773092
0.18311451779613533
0.19207267416801427
0.1983227645393691
0.20686395361688623
0.21099988509514417
0.2152152654960314
0.21632453197012588
0.2182909659423035
0.2203294321395786
0.2227480240946979
0.22549629695625958
0.2268183946354533
0.22812480169728383
0.2307877942141172
0.23346697627448793
0.2359955279337455
0.23455923862313877
0.23365400069167055
0.23044166413489875
0.2250844429275322
0.21813638651572126
0.2106322812383985
0.20181369105523617
0.19379842335259218
0.18393397898541866
0.17466314028276445
0.165499661780591
0.1579785997724518
0.15104590308891377
0.14547712494138254
0.1393003754559377
0.13778393534870217
0.13230375296604627
0.13031695136992982
0.12823308282717194
0.12801967966272745
0.12814015541376186
0.12816383662331302
0.13014394793187425
0.13310730564765666
0.13512289504873398
0.13844339487042095
0.14123871793200807
0.14495715856433353
0.14887917811886212
0.1543992225037839
0.1570171905159547
0.16130760602694416
0.16582494089165445
0.16948282710660206
0.17474207282040302
0.17773700552950675
0.18207244586713636
0.18481735080654463
0.18817905302038754
0.1913871128257659
0.1929550722515105
0.19405390856404736
0.19668458154414595
0.19670878658677657
0.19666506560256514
0.19704479394227337
0.19649247838596026
0.19581591464549417
0.1943727084550862
0.19232685368764893
0.19160836584046456
0.18961561755601453
0.18779919394438016
0.18630039212111568
0.18430382101616077
0.18408036853114548
0.180911019348669
0.17984410552513047
0.17763369579121324
0.17579365109741418
0.17379388628246686
0.17212217351853235
0.17020977309875585
0.16804054220290174
0.16627026450955115
0.16430274100712428
0.16104023735141246
0.1568801518025117
0.1530703873066267
0.14957883495340898
0.14641445312161677
0.1438824527990389
0.14020991875772187
0.1373430838709723
0.13497002489873489
0.13300307255079466
0.13107747462321329
0.12859368909442517
0.1266356796736211
0.1252656739986125
0.12366434637643528
0.12281332523931686
0.12141523364390196
0.12082137542651808
0.11961904792419054
0.11821691356140472
0.11703352985594188
0.1154147931294681
0.11426854009689581
0.11246581556120536
0.11117437579233365
0.109897737723792
0.1080877114479293
0.10696400565693119
0.10506084145870964
0.10350702039211583
0.10187715458389487
0.09991801686278079
0.09778839084492984
0.0956715857220588
0.09409866821576263
0.09149865797002386
0.08902953603669744
0.0865055473186345
0.08394033213526365
0.08146097345346937
0.07869656991807578
0.07559519981541536
0.07299746034456289
0.0704669853776806
0.06764309766128566
0.06492495130839919
0.06260359128461347
0.06019658431673322
0.05703252273209161
0.05471277491145202
0.05224201098529682
0.050238565176747574
0.04845632072086933
0.04666199784250597
0.04494323097557743
0.04333638316948752
0.04174797506682276
0.040318434416551086
0.03903773397289925
0.03782147884389696
0.036681099800895706
0.03509700687534413
0.03400034904107371
0.032603562310741144
0.03157502999461255
0.030224411194139596
0.029028746998657037
0.027796889690950677
0.026662665730792887
0.025347449321293826
0.024003840605724504
0.022924459251819882
0.021602512226983266
0.020485621191550257
0.019631257042792494
0.01860337553138508
0.017731743187058637
0.016745453040989386
0.015932190147088347
0.014993695138340788
0.01403463311362395
0.012984362242460568
0.01204545008437674
0.01116177371034409
0.010281937480730493
0.009528543984547404
0.008806621344278575
0.00796040134429554
0.007257537937604546
0.006657029696414038
0.006073257575541364
0.005543114295220745
0.005018234222347046
0.004575178642037506
0.004255616488060389
0.003824070278552418
0.003514332719454104
0.0032740656561162738
0.003033324483917389
0.00273881880588648
0.002563348563651702
0.00236709402544444
0.0021988730741235815
0.002010801088356294
0.0019490987212889348
0.001738609009773078
0.001620402124923487
0.0014714468840841173
0.001405089745646612
0.0012594623324169946
0.0011214800536127297
0.0010285061671923567
0.0009019978429390294
0.0008027744440137507
0.0007285256423910003
0.000652465997333622
0.000551351044338208
0.0004950850418979822
0.0004004489516223235
0.0003161795663999302
0.0002659846860290944
0.00021688206593629665
0.00013553761141052169
8.447262307859812e-05
4.552443864496894e-05
1.9060884417658375e-05
3.0212852138291036e-06
8.203125258489976e-06
Gab RDFs at 40,000 MC steps
0.0
0.0
0.0
0.0
0.0
0.0
0.0
0.0
0.0
0.0
0.0
0.0
0.0
0.0
0.0
0.0
0.0
0.0
0.0
0.0
0.0
0.0
0.0
0.0
0.0
0.0
0.0
0.0
0.0
0.0
0.0
0.0
0.0
0.0
0.0
0.0
0.0
0.0
0.0
0.0
0.0
4.689049854768819e-05
0.0013785567173907362
0.014915973312589176
0.07416805094056315
0.21762318881288364
0.42708624334255774
0.6288840196998151
0.7564841351067169
0.7949323744179789
0.758986211054178
0.678516802984049
0.5821506685608461
0.48837075020947773
0.4091978734416304
0.3387839873185171
0.2825583301418253
0.23873733994048202
0.2017414169727272
0.1735477121441024
0.15188758674763767
0.13275007246063922
0.11985289919725173
0.10795625864695874
0.0990667383435436
0.09138719482369555
0.08587445508867188
0.07986300132774031
0.07766590658922502
0.07489528819671903
0.07363875592337475
0.07322049030390686
0.07351669479079663
0.07446243284171049
0.07503052980108603
0.07835254606315532
0.07956278545135215
0.08353542359641998
0.08786867177659312
0.09253810336070584
0.09811300446155513
0.10542263853675042
0.11189436373356754
0.1191802020856814
0.12887801646610048
0.1370445109835028
0.14702457747018388
0.15619350310350305
0.16583739126554328
0.1755362714213322
0.18354399887704095
0.1915876854675186
0.1974538754073525
0.20559476459533535
0.20916456612089696
0.21366218694276
0.21484057347130636
0.21626998054061328
0.2181134300264321
0.21962192367353783
0.22268929832642317
0.2245119558586312
0.2264674219819268
0.22944793331307733
0.2322598701638754
0.23504782110439965
0.23458376417763588
0.2334777359923039
0.23064251680824116
0.22570373610185354
0.21878530886410977
0.21137283102748433
0.20241847558622636
0.1942261175777627
0.1850701766749799
0.17555407283856594
0.16590462084402474
0.1588566847396313
0.15145456185416697
0.14613849313828292
0.13998541975868165
0.13795322473854033
0.13320759619733086
0.1309805910713559
0.1288892885814003
0.12848685902616633
0.12852175189779366
0.12875171374558703
0.13055016886321386
0.13333658697064818
0.1354179646203648
0.13857208867197077
0.14148942393984523
0.1456703589419147
0.149375461887355
0.15453778064522783
0.157423907170324
0.16199913724250006
0.16663259368010358
0.17028424501848147
0.17509050417151134
0.17847716182664575
0.18239879204927614
0.1852672798707429
0.1883969393983897
0.19135595844019015
0.19279389379431433
0.19414506054622893
0.1963745113861735
0.19657047302369177
0.19647411018323513
0.1964200393168557
0.1960032208118342
0.19532691755425038
0.1938695330099334
0.19229308309700116
0.19097618060344265
0.18914481247098747
0.18759613129743824
0.18582950369517715
0.1841057875731143
0.18350185971947347
0.18061673352723662
0.17941410220430692
0.17749458578474583
0.17561510155875862
0.17350466894525196
0.17190356496339235
0.1699142645334465
0.16765199904712122
0.16600649681520638
0.16398788660793953
0.16108517045335202
0.15691651978571408
0.15299303080797624
0.14930409879344184
0.14629966490934404
0.14355064422088679
0.14014120055422025
0.1372790282339418
0.13497801223598774
0.1329533597697685
0.13113863337042192
0.12884459256000816
0.1270325480581049
0.12562320040424685
0.12416084580189832
0.12352494621938007
0.12211061157064133
0.12162175694138677
0.120069694553818
0.118577468247433
0.1177093901606577
0.11605049287109956
0.11474389403569646
0.11285355828366767
0.11172179068636899
0.11034104630136779
0.10845323270924154
0.1070159745860785
0.10496340664895845
0.10334866795561469
0.10169760384555399
0.09958410451027915
0.09757328290610964
0.09528347582759861
0.09330827324074596
0.0908626890687339
0.08821532205296248
0.08576941907037579
0.08309159697999192
0.08081523154658717
0.07806464133821456
0.07509526749788609
0.07251388040055125
0.07021878734890633
0.06736301430612629
0.06478657378415101
0.062391389100846614
0.060041812895335216
0.057129786755571996
0.05487930445781085
0.05251679912709821
0.05048557058727181
0.04871724347960108
0.04691840571652992
0.045302065276739543
0.04366571624075897
0.04213690466921466
0.04080373376088599
0.03937957762149206
0.03820776084818622
0.03707950427358926
0.03554401444715458
0.03437281276546274
0.03298087865521053
0.031908652650340395
0.030520629132343522
0.029347805760068162
0.02800620644657579
0.026663519010564324
0.025355450021560345
0.023931816571257272
0.022683446263726068
0.021408949130156722
0.020260504475159594
0.019326221599913623
0.01827142875473328
0.017404279054822055
0.016449006368307238
0.015555378663248385
0.01474053253734191
0.013774886278500268
0.012785029255762434
0.011889035459500251
0.0110371659779743
0.010174666318597012
0.009432795704961743
0.00873410570649403
0.007931151819787307
0.007276513535120147
0.006665690527479745
0.006102233041073529
0.005604503413668631
0.005080635074743832
0.00466167930668037
0.004326370755423189
0.003910536352437834
0.003623805540406144
0.0033426974852473145
0.0030891860227879467
0.0028135647720529977
0.0026158553970906362
0.002434452797757792
0.0022256087221489682
0.002067077036031365
0.0019526786027172928
0.0017564961735130355
0.001628500664745324
0.0014723083869436512
0.0013834773668479079
0.0012544231241997175
0.0011123161650655633
0.0010112006465763325
0.0008916873956192986
0.0007843894560611592
0.0007044746758054632
0.0006249994586771485
0.0005250987996576538
0.0004663906666322687
0.00037466327165195355
0.0002909929175734829
0.00024243832876823804
0.00019297503705426972
0.00012400139486680169
7.568623710144466e-05
4.2717438504303816e-05
1.855394600229512e-05
2.2659639103718277e-06
6.152343943867481e-06
Gab RDFs at 50,000 MC steps
0.0
0.0
0.0
0.0
0.0
0.0
0.0
0.0
0.0
0.0
0.0
0.0
0.0
0.0
0.0
0.0
0.0
0.0
0.0
0.0
0.0
0.0
0.0
0.0
0.0
0.0
0.0
0.0
0.0
0.0
0.0
0.0
0.0
0.0
0.0
0.0
0.0
0.0
0.0
0.0
0.0
5.001653178420074e-05
0.0013889890384953148
0.015136476494606466
0.0752066211553467
0.2196191353657937
0.4294890314190805
0.6323058359936855
0.7606761117897407
0.795424565395561
0.7580372605806437
0.6777961751249015
0.582011004359381
0.48747445000640294
0.40862871227989983
0.3379292711064766
0.28275565801138447
0.23759175244565311
0.20139058969480061
0.17307703046155062
0.15145513516421905
0.13213868832400844
0.11840086769560662
0.10704763820839153
0.09786318423956589
0.09028724801792852
0.08498935224824564
0.07928989256627024
0.07704228449901274
0.0744600222066038
0.07310146814847046
0.07290770374338532
0.07322732955650216
0.07442755115597859
0.0752774061685753
0.07840071651519824
0.08016031708088012
0.08391549677599808
0.08845929743156952
0.09313611264505835
0.09832403590480382
0.10553611823377601
0.11280840864118058
0.11993580475995591
0.1298857861152408
0.13801153741328295
0.14826044093017993
0.15727048143656858
0.16678361938843372
0.1761438866356257
0.183855591783698
0.19219828892093818
0.19744097578595987
0.2051818290972602
0.20901956939054717
0.21273742385614625
0.214424294204105
0.21539154569016356
0.21696251473861936
0.2185446018525489
0.2212876202956294
0.2234698775532725
0.22527518475200303
0.22833039131365432
0.2319181991490404
0.23451692791246068
0.23393201734554694
0.23297037319685832
0.2306660703095933
0.22578793003793954
0.21895859979247898
0.21123511475091747
0.20260352689055047
0.19455712783151027
0.18486648243858625
0.17560916334541393
0.16640782793492995
0.15921896790817747
0.15187766266491617
0.14613792759778202
0.14036381635459516
0.13775135397959867
0.1332310967193219
0.1313731268947526
0.12919408993085002
0.12887313659739988
0.12884559020716665
0.1290686705940469
0.13095823748842178
0.13348699765884636
0.1354957365288875
0.1387738473414972
0.14182017186578091
0.1458644561855134
0.14954049298158548
0.15487193303078403
0.15792395915638877
0.16239013478222206
0.16723001816671137
0.17055648732870796
0.17510209582115682
0.17912615990953223
0.18284860623857893
0.18604603844762294
0.18927389983813586
0.19226350476612467
0.19376234427525738
0.19513915334013882
0.19705178273909926
0.1969553019067593
0.19687678049071855
0.19669637008609547
0.19627038322849422
0.19509155914117507
0.1936497297355361
0.19175223409908818
0.19053487830382349
0.1887195143238754
0.186840781113642
0.18549067566374897
0.1837303078048473
0.18306764266850037
0.1801954902197914
0.17919275623260433
0.17739440668354484
0.17512348424186602
0.17330239483889992
0.17162463515953344
0.16970320504690795
0.16756579493860402
0.16578156115825024
0.16358150476713135
0.1607495292287967
0.15662319113431145
0.15227896401986268
0.14867357493617675
0.14574617544916313
0.14273875277635428
0.139548759517802
0.13688567092202053
0.13478020169753946
0.13266268301013556
0.13090536798128868
0.12872459061571498
0.12708751123191087
0.12570471955406548
0.12464697407802199
0.1237972407895133
0.12257632663681166
0.122052808490918
0.12067567518220099
0.11922954981024045
0.1183697524146742
0.11691391811489811
0.11570029477484023
0.11368602535665255
0.11254385424173784
0.11096094214627483
0.10909859978108366
0.10727306859868876
0.10524861273468371
0.10361646369505424
0.10167469225225198
0.0995148084880014
0.09744035585563669
0.0951016070848291
0.09312165921948803
0.09058389647517154
0.08788631313708592
0.0853613539764445
0.08279450929858329
0.08037627148425738
0.07768238416330228
0.07484987839223525
0.07223028548359729
0.06980020316071349
0.06697304178769864
0.06449185526540609
0.062056113409612514
0.05974869705538795
0.0569666711123994
0.05470158149219099
0.05235801653328685
0.05028067286273076
0.04848024976813889
0.04676837269898336
0.045166000347237216
0.04350296554109984
0.04204585080118672
0.04075103827652483
0.03936741717549469
0.038176717638998874
0.03707611783557137
0.03567989421566957
0.03450562688387687
0.03318086278975777
0.03205472787421161
0.030802402071197867
0.029531668794147106
0.028158453880487867
0.026809616021612196
0.025415455273559227
0.024098082223705356
0.022764944219197666
0.021434572410985175
0.020286232099889955
0.01932024051279835
0.018236798473179668
0.017339454670801314
0.016403296064437797
0.015425046220602562
0.01464924078405372
0.013690311977104536
0.012744855455220888
0.01189294236155651
0.011031681313306289
0.010202121734919288
0.009460931489167903
0.008755699251967652
0.007984920307892421
0.007320904532235042
0.006716080817316586
0.006146653406435419
0.005649711652896149
0.0051276184914610815
0.004707469283239659
0.004337741976963639
0.003931416122273835
0.0036349706478983534
0.003348590803428324
0.0030703120582826144
0.002805238022727607
0.0026090760337858627
0.002422180665241931
0.0022044941101449543
0.002066509547483381
0.0019283471463206168
0.0017209432506657323
0.0016111466508413883
0.0014525627414031315
0.0013726996898216417
0.0012418873860052776
0.0011061431898356316
0.0010057745284993082
0.0008932173329635164
0.0007770574788297665
0.000700276688910533
0.0006169874802073945
0.0005116761940612308
0.0004453195731535656
0.0003496219205879448
0.0002757542030005002
0.00022440884630435737
0.00017675575863626713
0.00011347912381302301
6.88112754421281e-05
3.735862005394312e-05
1.618147421839509e-05
1.812771128297462e-06
4.921875155093985e-06
