Gbb RDFs at 10,000 MC steps
0.0
0.0
0.0
0.0
0.0
0.0
0.0
0.0
0.0
0.0
0.0
0.0
0.0
0.0
0.0
0.0
0.0
0.0
0.0
0.0
0.0
0.0
0.0
0.0
0.0
0.0
0.0
0.0
0.0
0.0
0.0
0.0
0.0
0.0
0.0
0.0
0.0
0.0
0.0
0.0
0.0
0.0
0.0
0.002688338828121693
0.016697701889766797
0.08477356845757789
0.25055819325601814
0.38554448502869126
0.6585216814576542
0.8356460426767591
1.1080739886793394
1.230410989911883
1.3325610181004022
1.3303111792412097
1.3513052325213517
1.297269232621188
1.2700819174288127
1.2424460498287964
1.1289822529408764
1.1143440338367323
1.0993538226074364
1.0531339323023072
1.064633446840541
0.9916256781363993
0.9929092233093857
0.9823881639595999
1.0105828774166246
0.9825368047389882
0.9985099996159942
1.0047382064035257
1.03580175183246
1.0911164850770145
1.0800974489446056
1.0499657538643945
1.0943768683882495
1.1177871854205415
1.0874515070106399
1.1328332936174401
1.1929007311554982
1.140945049305016
1.1143450686141094
1.1457571381924672
1.1211395901302843
1.0980952234310135
1.0590783038724825
1.054282740585426
1.082399681355058
1.0298939556459845
1.0538412343259993
1.004385077705501
1.0562256337179303
1.064253960344502
1.122227506240151
1.1280285405714727
1.1655196608094907
1.1426333643348257
1.1595002056978714
1.1652705466734465
1.1718795631084176
1.1209520729500355
1.110340140847354
1.1147405663040657
1.0308752908883065
1.0148505426681558
0.9577868266542386
0.9536562565841261
0.8755058476264689
0.8863662637546952
0.8394215627509982
0.8029458829422216
0.8122268905672172
0.8009967778798752
0.757477751826403
0.7783478605895293
0.7832432558477476
0.7895691979501913
0.8156165280175148
0.8202164018361496
0.8062504402850396
0.8389463921632623
0.829634408772079
0.8585933653698719
0.8564980087427345
0.8755373223555514
0.8643187394895719
0.9029244043177619
0.9348017468258663
0.9385026734649736
0.9399730556479022
0.9549368947501159
0.9802365778446404
0.9937741388869799
1.0150512340075895
1.0288738090029599
1.0185527388050357
1.0447202858968472
1.0536325469282
1.0359410987482216
1.0207705263588567
1.0304999834947515
1.0294128562771236
1.0564560679623154
1.0530795640568973
1.0520411712575992
1.0603106007659246
1.0479487275955899
1.0617792882461095
1.0703462529833836
1.070512820354445
1.0553290757495042
1.041576011502513
1.0546901143007121
1.051622073947444
1.0417431807682607
1.0616547205733782
1.0400492357831403
1.0383281290295874
1.040155605452855
1.0168458897935444
1.0048353680430735
0.9886009217452895
1.0016544777713672
0.9723146910970202
0.9602670400948614
0.9435516922340441
0.9395201112141531
0.942582029190706
0.9394297811624936
0.9361961565899806
0.944748266380777
0.9518109381694466
0.9621908549709783
0.9435450121640807
0.9467266186634129
0.9321480061769856
0.9346038113757025
0.9343314448906217
0.9450663605515909
0.9130324076135992
0.9193081542441602
0.9096185899057357
0.896071028229632
0.8750515576776908
0.8516408152597138
0.849831615061439
0.8350018786012943
0.8194898027845947
0.8024514760578693
0.7849401733456931
0.7770318841090211
0.7529148089100204
0.7336275116558802
0.7149738788502334
0.6953069816756946
0.6839397291025497
0.6670446549462989
0.6554637563822704
0.6514513808748839
0.6436130867319663
0.6263763162224201
0.6172331858288614
0.5972143702465549
0.6040466513153653
0.5836905696669544
0.5751982386126901
0.5519658636670725
0.5406082485145364
0.532101849677215
0.5261323376132087
0.5174704949411302
0.4988459008499715
0.4831084121980715
0.4650532272953591
0.44324072683467175
0.4280608683537479
0.4125953106091347
0.40314885749204166
0.3792868765464782
0.36633960757870143
0.35350641006511957
0.3318397656033031
0.3093048278025732
0.3022663037011871
0.2799120571654175
0.2656648643574692
0.252109018024543
0.24051701484232185
0.22233648912939719
0.22180748465418423
0.2098820529754726
0.20801702870892194
0.19801280788817388
0.19123120596023654
0.1850247920578754
0.1805822688665635
0.17474073120972494
0.17003729069165707
0.1613481964451073
0.15785158640697283
0.1533877030722359
0.1447267280161173
0.14339980695098972
0.13594771995685512
0.12548129077170472
0.11360686551806082
0.11567968321668376
0.10842188904192109
0.1042671166326117
0.09671556402720438
0.09299984504504348
0.08678652088922635
0.08344363190564041
0.07815607697503667
0.06934725259414919
0.06852845612200481
0.06168082871214855
0.05687076002923369
0.05416656964008604
0.05450960438131335
0.048235555452884174
0.04408014167344274
0.03794092411244567
0.03768931548943018
0.033410634739936544
0.03203138274428003
0.0262335156033415
0.024353737741010708
0.025131764637100654
0.022439836180751994
0.02122297367379008
0.01911962211457687
0.017046626223698305
0.015277525125022095
0.014043862055891634
0.012152593507237007
0.010925103635650421
0.009715021259338236
0.007927503552823022
0.00787067581459051
0.007033011247360523
0.006756654990435118
0.00641984273021022
0.00560953624565186
0.005032018117412394
0.004651021802135181
0.004400054866953077
0.004090495188969986
0.003785128467371652
0.002872681200737702
0.003186716137550499
0.002471569336998
0.0016763400901584112
0.001664897540267472
0.0009153700761620346
0.0007625248139028983
0.000757372638882158
0.0002604020212280068
5.747874738623921e-05
0.0
0.00014178412127088762
Gbb RDFs at 20,000 MC steps
0.0
0.0
0.0
0.0
0.0
0.0
0.0
0.0
0.0
0.0
0.0
0.0
0.0
0.0
0.0
0.0
0.0
0.0
0.0
0.0
0.0
0.0
0.0
0.0
0.0
0.0
0.0
0.0
0.0
0.0
0.0
0.0
0.0
0.0
0.0
0.0
0.0
0.0
0.0
0.0
0.0
0.0
0.0
0.005376677656243386
0.021193237013934777
0.08723077334040623
0.19938785801359188
0.3590523932211643
0.5855328251384562
0.7562337168820112
0.9430098616528492
1.0429243581677106
1.1193881682519307
1.0948185523214229
1.1179524594782158
1.0986739108863721
1.0768605466781933
1.0428084337727141
0.9777328201077834
0.9573587524741751
0.9183287462552003
0.905520331957252
0.9138917691992045
0.8730343120488401
0.8828577084105621
0.8664817752727552
0.9093520371062511
0.8943317961317381
0.9077117233208373
0.9231163919420234
0.9641553855989895
1.0187236676676639
1.0442877664975172
1.0662096186663326
1.1145412662982508
1.126265411577424
1.1535157072766742
1.1938157213860054
1.231494578339941
1.2236484735138982
1.219734871686631
1.2368969105486862
1.254181488159078
1.2221325576391677
1.2209858346864895
1.2113813073756305
1.2234787855517757
1.196171995904312
1.2003073041814774
1.1677603930641731
1.1830907238013688
1.2002098973282773
1.2108165915009628
1.2291350450462177
1.2589435241392837
1.2378760526239014
1.2303813136786954
1.2202563325153277
1.202946168976057
1.1408635525864388
1.1233096389770068
1.090174301332359
1.0322068583143014
0.9832700274190063
0.9492850710188108
0.9194910012859409
0.8767392703113934
0.8612741966903705
0.8209478063506866
0.785232281561594
0.7742090892005804
0.7614072819616746
0.7415001765358222
0.7293802630689298
0.7427908855618285
0.7493375870428042
0.7595803740935173
0.7713018792199102
0.7695697586050304
0.7891617814181175
0.7956502290208578
0.8312831007880689
0.8180208569547667
0.851439199864051
0.8493035193142737
0.8830603904148672
0.912945729109737
0.9322439027182916
0.9529897261169694
0.9595629391100077
0.9921105391334791
1.023046053279891
1.0372907950153205
1.0643399126979571
1.0715613504187158
1.0870438566887164
1.0852360626853752
1.0794640786761502
1.0838227977648889
1.0842862269255085
1.0768954745695407
1.0894226804726836
1.093852419784329
1.0881715038386546
1.0898516532344147
1.088799744264072
1.0979264791061456
1.0982302050682047
1.095484916637899
1.0767247261583157
1.067573299552414
1.0724769970731471
1.0539189084303244
1.0504873463270408
1.0529168216386178
1.0324226989575838
1.017245851554792
1.0163665576940752
0.989913597979835
0.9881381037183776
0.9718642201636049
0.9714712374958111
0.9563245743224902
0.9468031294554021
0.9288880078359059
0.9384057253947828
0.9314798754350284
0.921705546244788
0.9142022660212877
0.9250051435803917
0.9255175766213753
0.9426893236213509
0.9370911574423569
0.9305873126865554
0.91823971304781
0.9153204332758326
0.9129389045986229
0.9142665299903033
0.9003392054792492
0.8965721518034289
0.8967757216506937
0.8846433236042133
0.8623740783117896
0.8466929286711461
0.839818651338742
0.8233594568697341
0.8123231063119113
0.7986891934183409
0.78318631705322
0.7734902620301286
0.7510924494767993
0.7249227510703821
0.7105121562959645
0.7025419786027548
0.6852844788648434
0.6709046359885902
0.6497655036257813
0.6493646497249342
0.6273129558994868
0.6122203776403095
0.605464311142632
0.5860005474967245
0.5795448617004988
0.5671374171335182
0.5542753038466157
0.5403712075391903
0.5255466151977627
0.5143493676268095
0.5093103795322703
0.49820081865398425
0.4840929208133267
0.471479919931769
0.4557870868047963
0.4402552831879823
0.42529668865367204
0.4115820339270334
0.403121724038179
0.38294317192571836
0.37110798961452074
0.36461947746636025
0.3441340025443052
0.32960198504104243
0.32191900830185066
0.30269914932141606
0.29248873886468707
0.2784954281451673
0.26751382263074575
0.25199609814566404
0.24665304080916645
0.23410107036323138
0.22953685711045482
0.21725877950817735
0.2052535729327145
0.1995104698021947
0.19284003045714734
0.1874449785968887
0.17506246336387643
0.16869860338209794
0.16397783777744174
0.1551393117080709
0.14800297877187565
0.14261477151147703
0.13558005988061164
0.12215657281108691
0.11381961245723321
0.11285205141240874
0.10168214999336925
0.09866135767386913
0.09412055528201108
0.0875448892833944
0.08119262089730052
0.07861797608459134
0.07290976552929021
0.06687339227044237
0.06560274266579315
0.05959622711006394
0.055904227737778325
0.052728009893978946
0.051787930698866495
0.04765008081739498
0.04211227820587833
0.03714118894733039
0.035529839528478505
0.03205515942702245
0.029449965973742137
0.02533140021120459
0.023315122454997016
0.0223235476550201
0.02074626363880845
0.0186138787254446
0.016738360087579573
0.014475829353930039
0.013530543552429882
0.012275627608176463
0.010549126308365459
0.010070532645745249
0.008933161671686016
0.00784492539081445
0.007559128230262969
0.006691128756169387
0.006449534309051703
0.005922304918618927
0.005195195500234393
0.005079489986444587
0.004525318510185582
0.0040723912066480605
0.004044012289095327
0.003508167847807872
0.0027504394475148207
0.0027314709750432846
0.0023057933448822803
0.0017062747346255258
0.0013824595646863833
0.0009448981431350034
0.0007478608751739964
0.0006262889129217845
0.0003038023580993412
7.184843423279902e-05
1.4273568899474057e-05
7.089206063544381e-05
Gbb RDFs at 30,000 MC steps
0.0
0.0
0.0
0.0
0.0
0.0
0.0
0.0
0.0
0.0
0.0
0.0
0.0
0.0
0.0
0.0
0.0
0.0
0.0
0.0
0.0
0.0
0.0
0.0
0.0
0.0
0.0
0.0
0.0
0.0
0.0
0.0
0.0
0.0
0.0
0.0
0.0
0.0
0.0
0.0
0.0
0.0
0.000469388556537087
0.006272790598950617
0.019694725305878784
0.08518310260471595
0.18586006823685852
0.3190324247459638
0.5356120518040909
0.6968907370397486
0.860062228836919
0.9545355198433055
1.0243370707004475
1.0139512728885904
1.0390264145284578
1.0192633075315636
0.9864249772753263
0.9593376000845257
0.9231046465783863
0.8985641123910206
0.8927327501746859
0.8585574629029028
0.8890394695736707
0.8570539152001618
0.8749095434456472
0.8681615780073471
0.8989988829835993
0.894331796131738
0.8919010781948149
0.9331216466179496
0.958526028252074
1.016982259688745
1.0552564980578867
1.0711534036060526
1.1258455499750695
1.1582446856779451
1.180752702123197
1.235882303504136
1.2544032255991555
1.2622165748278535
1.270041984388536
1.2769779869070232
1.290929952502237
1.2653024141527904
1.2493062938717776
1.2489017107396994
1.258720232463566
1.2378660899151412
1.2504283613456206
1.2212662057715322
1.2346959848430614
1.2488704766360643
1.2658131712769698
1.2741844180232147
1.3012880800794133
1.2824527915547086
1.2676655959113832
1.2640041475282113
1.2321776166911773
1.1736211481172958
1.151053452128141
1.1090619321900028
1.0564575256786304
1.013109261125596
0.9777407188762021
0.9404015087092448
0.9088456365644303
0.877341923845596
0.832147296098244
0.8022387531465879
0.7804933102483987
0.7679884815415304
0.7519844135713605
0.7460318788924669
0.7468975610424935
0.7486384595230866
0.7623915523840187
0.765559873112417
0.7645280517403708
0.781769790913919
0.785898754762346
0.8183889800759453
0.8099412200888646
0.8418499815715856
0.8492214689308021
0.8819299180789301
0.9101640541276841
0.9310964614147331
0.9521938350232
0.9677280337998712
0.9969148882503468
1.0264782710479043
1.0421443799909493
1.0651248767636414
1.0731080207841015
1.1044766422576535
1.098000333628338
1.0937923549120834
1.1074922624251975
1.1171156594286074
1.1005830946403394
1.1087537769543572
1.1089465184484015
1.1117025409555472
1.105099302996501
1.102496849852916
1.1096199965865507
1.1017960773473956
1.0989260292127552
1.077635179367201
1.0708486958150003
1.0725324079229055
1.0494346125351768
1.0414553070050085
1.0494003501160925
1.0250766784290593
1.0189075088927066
1.0154095270371128
0.9884623591978933
0.9823723817060573
0.9786280199178549
0.9734379429741862
0.9596638758175727
0.9495466589496618
0.9353112029248339
0.939674887022399
0.9374744267741821
0.9273114210567817
0.9195327608841684
0.9257429284384031
0.9329695498610118
0.9462494701426798
0.9394418992284153
0.9308971422951863
0.9168892581593917
0.9168757664130811
0.9136465458805463
0.9066103029962569
0.8941123516020206
0.8860199099298949
0.8862489937699147
0.8638984363787907
0.8509185246679029
0.8371874468025239
0.8257457048130609
0.8152652017611256
0.8010367781933657
0.7903687606578453
0.770455945188805
0.7594654385977142
0.7402283836249045
0.71968602259066
0.7044030284908888
0.7046139730278754
0.6883101658300042
0.6699507326275642
0.6520162585681325
0.6510601187842682
0.6344032438325586
0.6170455395497875
0.6053377641029951
0.5834529006150125
0.5759678071828853
0.558835248485023
0.546530574117313
0.5325510888174412
0.5181599527856419
0.5035285258223747
0.49588206864679085
0.48555720649364636
0.47190401253402364
0.45877102985099355
0.44648339356655137
0.43468431513699457
0.4213715534795644
0.41153639083324517
0.3994767967359558
0.379699105927471
0.3679912259374768
0.3643643080644315
0.34324463221240287
0.32898849071838115
0.321379522293205
0.30398065804229346
0.29290089623403603
0.27920406791144
0.2675716670306597
0.25395374701472995
0.24678295221389832
0.23396423975652086
0.22839583543399236
0.21745653918368085
0.2065083708720861
0.19828972293914687
0.1944127243970713
0.18807178261960072
0.1772226054627942
0.16939005270541402
0.1662435073840385
0.15726045803079094
0.1485820029546607
0.14238216841828805
0.13560168694392008
0.1216346278409254
0.11562086987555953
0.11210645695655512
0.10134725612760269
0.09659899203225768
0.09218459637686686
0.08582191324382235
0.07846323007998404
0.07513278021383367
0.07033647968707997
0.06443911371191487
0.062402129958662275
0.05694014594105269
0.052643792141268894
0.05021532553744521
0.04833032660345032
0.04382875712124506
0.039707111745521835
0.03598188293278345
0.034133255359999774
0.03093170241091348
0.02879552228543676
0.025102864311863232
0.023482255949298068
0.022359094705426182
0.02076978547966878
0.019004951122623903
0.0169990822073238
0.015194732281717584
0.014364070707980417
0.012989722288984514
0.01130866340256777
0.01075754069645333
0.00980374291467466
0.008621160113695035
0.007553662483169504
0.006913623710754093
0.006476474719699372
0.0058313571466076155
0.0048977200932680065
0.004810482728595497
0.004032980616716317
0.0037135214834568523
0.0034707231906412
0.00285166860143447
0.002404087813383325
0.0022357595758687628
0.001878794577311488
0.001426884719599124
0.0011000215891052941
0.0008071004972611488
0.0006256613857664806
0.000524334903841494
0.0002893355791422297
7.663832984831895e-05
9.515712599649371e-06
4.7261373756962534e-05
Gbb RDFs at 40,000 MC steps
0.0
0.0
0.0
0.0
0.0
0.0
0.0
0.0
0.0
0.0
0.0
0.0
0.0
0.0
0.0
0.0
0.0
0.0
0.0
0.0
0.0
0.0
0.0
0.0
0.0
0.0
0.0
0.0
0.0
0.0
0.0
0.0
0.0
0.0
0.0
0.0
0.0
0.0
0.0
0.0
0.0
0.0
0.0007040828348056305
0.00638480471678902
0.018303250148398217
0.0813949117436889
0.17615534948398456
0.3088865172452088
0.512543968819258
0.6685168341414074
0.8218298529898971
0.9012304970925114
0.9936530998889253
0.9759614245836061
0.9989211367149281
0.9847190069387438
0.9487766895723705
0.9479901826015692
0.9091688880249685
0.8910800696105784
0.8776762818920304
0.8670197459902615
0.8775900476937853
0.8496945219145864
0.866502830501987
0.8602566239622086
0.8863450279448027
0.8844226891521262
0.8930755832613194
0.9285139635435099
0.9719597219208497
1.0188480539518725
1.060256949210408
1.0757440610500788
1.112593568772853
1.1498036447235052
1.1800283139623853
1.2282242092762548
1.2520298071894171
1.2608750756517162
1.2718410033733243
1.2814137111218393
1.2969716491823837
1.2824183502212192
1.2557184733099562
1.2571364824208395
1.2687770762366253
1.2452580707258263
1.2581955014137143
1.2429384414823768
1.270281357928481
1.2693271613814814
1.2939803384865738
1.2953270731555833
1.3213922498559212
1.3031375139991392
1.3018087115090826
1.2912294697151283
1.2627198916580968
1.2095260420422942
1.1793429075954092
1.1409116626558329
1.0863169164433613
1.0352116643419496
1.0036730146043567
0.9575984014262243
0.9313462564530546
0.886641396068997
0.8496847607511713
0.8157272539983033
0.7987383829590542
0.7750641235768678
0.7630045860464152
0.7545057742967374
0.74764128967285
0.7474308756253925
0.7559258423158653
0.7559642746707504
0.7548069163486316
0.7684553019937059
0.7742787345381312
0.8048774348753791
0.8006468126452219
0.8257984639950671
0.8377344152447816
0.8562116724363609
0.8837381417981823
0.913389355843912
0.9317702426008275
0.9531547301196657
0.9844932809481863
1.0188906181964754
1.0305899500862812
1.0550987448337679
1.0659722461437986
1.1042919239999691
1.0997750450963435
1.0973576067454376
1.1079895200861283
1.1191525220291647
1.110590738296724
1.1138141625612796
1.115334892156847
1.1173845761648753
1.1092208381518989
1.1119286287013743
1.1112594593414047
1.1100969603579713
1.1054045484179313
1.0880200362810524
1.085513112796352
1.0848059111443833
1.0634617088413398
1.0595553698694793
1.063039997233767
1.0385765252237225
1.029604428005534
1.0237237308694738
1.0013547595397942
0.9899128129504935
0.9914150574094664
0.9765424119524474
0.969641644467543
0.9542725074426639
0.9372068287925419
0.9358519245587258
0.9359069739367758
0.9242893861177015
0.9161060141866023
0.9213088414417544
0.9265456864323233
0.9348843870168991
0.9305731915810133
0.9239118929369652
0.9118076495586419
0.9059884344523409
0.9020793326183334
0.8968280938140566
0.8832552730468533
0.8716651769074192
0.8695675782653921
0.8525222079003334
0.8428041741701499
0.8283555321921418
0.8175323346947542
0.8059143043068884
0.7972584178081075
0.786986323861731
0.7699608088885489
0.7588987790650915
0.7388791367368467
0.7214720591251348
0.7109068471373037
0.7086051098303617
0.6889153032230363
0.6761289206751396
0.6605197205332592
0.6571083786017002
0.6426124846412598
0.6219505882458461
0.6109691073668362
0.5881148855850304
0.5768310558887256
0.5617783723893909
0.5484515509284424
0.5353117212288417
0.5161368225018377
0.5012196200870336
0.492269004606798
0.48135071826154013
0.4672303220360334
0.4539945342501651
0.44094436328343883
0.4301968492194629
0.41542856712440124
0.40874759780277714
0.39692172983055135
0.37641023238781124
0.366019939509261
0.36162343672992125
0.34489258312151594
0.32923907290651044
0.321482281532947
0.3036666459716149
0.2934602526638667
0.2810590367113891
0.2700052635698978
0.25757416877258416
0.2499657816298307
0.23627426235216287
0.23047042030028775
0.22090151273095235
0.2078063024906237
0.2002685769305206
0.19543034988761035
0.18782335419596488
0.1781889848228364
0.17006271264494435
0.16658261253897325
0.1575450020496924
0.14829982028330344
0.14037960116286438
0.13409860604398346
0.1208481354201341
0.11373451368156426
0.1090326383036492
0.09993442263140005
0.09537056954438508
0.08997060082045195
0.08347921064456233
0.07613581637561392
0.07274676150231493
0.06808236108111285
0.06316260178488216
0.060350203407158104
0.05560236422756538
0.05090725579095409
0.04915079132532595
0.04643974674944295
0.042815193504968055
0.03876691031101883
0.035578915601523806
0.03374873328718075
0.03080958751785815
0.028368315988904075
0.02560203482884566
0.023494194056033858
0.022599037295667243
0.02087857399364779
0.01944563718213192
0.017442309810888994
0.015562810580744808
0.015354597841459988
0.013516792172438074
0.01191629307792962
0.011243473220124896
0.01041370429511256
0.009075340004742189
0.00807564133059547
0.007228372670898315
0.006772819236823719
0.005970453739095504
0.0049402165799774895
0.004691803056015016
0.003920371417678134
0.0035964987476336317
0.003292538741121674
0.0027234460923771637
0.0022156317771647167
0.0020030787150317423
0.0016502246487882987
0.0012647387287355871
0.0009290722880956877
0.0007012915906080104
0.0005572296716982718
0.0004515106116412866
0.00023870185279233953
6.46635908095191e-05
7.136784449737029e-06
3.5446030317721904e-05
Gbb RDFs at 50,000 MC steps
0.0
0.0
0.0
0.0
0.0
0.0
0.0
0.0
0.0
0.0
0.0
0.0
0.0
0.0
0.0
0.0
0.0
0.0
0.0
0.0
0.0
0.0
0.0
0.0
0.0
0.0
0.0
0.0
0.0
0.0
0.0
0.0
0.0
0.0
0.0
0.0
0.0
0.0
0.0
0.0
0.0
0.0
0.0005632662678445044
0.005645511539055555
0.02055101771048221
0.07863055625050704
0.1689209227772967
0.3077591941895693
0.48788995512921773
0.6371671316708009
0.7881188711560881
0.86886387908041
0.9422055398064476
0.938415901989791
0.9632117398859418
0.944834790557074
0.9108893651220944
0.9154865630317447
0.8669156680910062
0.8531090301597264
0.840150930172181
0.8286536598869112
0.8467580026125011
0.8162618495601149
0.8403044559830171
0.840098991147105
0.8687446659362946
0.8701033317421516
0.8825050376627787
0.9235376658231151
0.963950681695465
1.0193704763455484
1.060256949210408
1.0838659934510473
1.1197656784840235
1.1672286305880448
1.2002822069386825
1.2555604295016776
1.283049353883651
1.2950833046432246
1.3040074628213436
1.3139444828094897
1.3245143117799179
1.3123879590600422
1.2812959446244683
1.2901219622252944
1.309486046664473
1.2783974004276608
1.292473757895412
1.278804800801642
1.3014463806699084
1.3053592823340527
1.318847710909617
1.3237241805994253
1.3491773043309858
1.3222976097105872
1.3186890678605854
1.3046748990998218
1.2799441617467375
1.226084685430245
1.1947552044019092
1.1546885228108204
1.0957105193758332
1.0457662049646914
1.012384402570521
0.9611520450375071
0.9352932090448134
0.8914727195081367
0.8537684332186087
0.8177956086505324
0.7946449594146465
0.773130683078537
0.7601708274099724
0.7464399422051387
0.7414521740271867
0.7385074661919055
0.7427507867277147
0.7460063464319266
0.7438661105537057
0.7560492263643701
0.7647491501130464
0.7958056025079853
0.796019384258387
0.81399955626999
0.829004254443406
0.8505027871398786
0.8821883514510386
0.9081476353435657
0.93248654458522
0.9505383607685796
0.9826263059027714
1.011984505730409
1.0282066225385469
1.0529936139303424
1.067090066998782
1.1024355055102442
1.1028057062186296
1.1004385224806756
1.1110459971753168
1.122831945486214
1.111518485519805
1.1155545964394762
1.1178150843024788
1.1125671984874015
1.1149585023633044
1.1123972138925715
1.110560218600178
1.112528768338534
1.1074461470517287
1.089038605808493
1.0904037473301456
1.0896654426681918
1.070674862848291
1.0660109390104064
1.0735467879041007
1.04991639653124
1.0407790736030118
1.03580795189694
1.0136059148385117
1.0015359086256186
1.004083604978376
0.9873966757413633
0.9764567092976515
0.9635212149631971
0.9495675627563571
0.9489738175818117
0.9441968879188045
0.9328115246459078
0.9265743893921085
0.9280861331474473
0.9313537403992668
0.9382874258577322
0.9304834359855456
0.9240977907021435
0.9139544551647668
0.9048900664492221
0.9015241063817472
0.8977888224737666
0.8847241719101996
0.8688310710476197
0.8720034292657405
0.8537421925833172
0.8408070893182323
0.8284046333567612
0.8131273778928662
0.8033049234362594
0.7945233724195526
0.7850147430554397
0.7664280412137099
0.7548046639418917
0.7355323035469888
0.7196998947190832
0.7097021820476511
0.7048041889095258
0.685808931272138
0.672621662038437
0.6569393732810608
0.6507862353208373
0.6384228668550104
0.6184515469936088
0.6054010376228136
0.5826301359663285
0.5683670832483496
0.5553628741255044
0.5396170850134068
0.5275960046055602
0.5082063506227681
0.49149267775891614
0.4828925914503794
0.4712696349828964
0.45664204511868284
0.44553331347155484
0.4329343622028429
0.4224263253353223
0.40952980764443936
0.4021777308828826
0.3909605100169154
0.3732539891707318
0.36404865308104517
0.3582050466385657
0.3424912832253797
0.3278029777455766
0.3191599227147771
0.30411984177091855
0.29430054901484537
0.2835526149948263
0.27123734928806553
0.2585472595075006
0.250774480124287
0.23937951223856943
0.23070022047009278
0.2204435013224862
0.20832155389447818
0.20096137021394456
0.19354311715970157
0.1869679960235078
0.17704069875972744
0.16859939543570912
0.16336968435672367
0.1563676549792767
0.1457557785890669
0.1377824422504765
0.130999447871884
0.11931233022026158
0.11251760118949815
0.10682539735792407
0.09876020101455608
0.09517332987731822
0.08965549261567847
0.08365082723032206
0.07714717727995125
0.07329366916203384
0.06822199674696923
0.06421745582691074
0.06104334223269013
0.05678688551174055
0.05193757921364551
0.050238342493382916
0.04717060178025385
0.04344599520901126
0.03995699916997446
0.03593228695355149
0.03464759208460251
0.03191594844893939
0.029086386146905813
0.027034594071559087
0.024869463951996816
0.0239516025636187
0.02185414234332985
0.020872759586763847
0.018577320105508874
0.016653242541612958
0.016168143181637736
0.01459473509537213
0.013010026493580955
0.012185176938412557
0.011218853317290594
0.00992259194695015
0.008631507810000926
0.007697240087389016
0.007028214329763611
0.006086010908239288
0.004997586837035293
0.004804153146057871
0.003959653696412384
0.003726003908611329
0.0033095824710757155
0.002714214071725038
0.0022309119963175765
0.0019909388440315498
0.0016758445748425465
0.001269228925405654
0.0009454239603661717
0.0006909567671674713
0.0005396329452235896
0.0004019900929451454
0.0002083216169824054
5.7478747386239215e-05
5.709427559789622e-06
2.835682425417752e-05
Gaa RDFs at 10,000 MC steps
0.0
0.0
0.0
0.0
0.0
0.0
0.0
0.0
0.0
0.0
0.0
0.0
0.0
0.0
0.0
0.0
0.0
0.0
0.0
0.0
0.0
0.0
0.0
0.0
0.0
0.0
0.0
0.0
0.0
0.0
0.0
0.0
0.0
0.0
0.0
0.0
0.0
0.0
0.0
0.0
0.0
0.0
0.0
0.0
0.0
0.0
0.0
0.0
0.0
0.00012849585137520187
0.002098776768893589
0.022080002343018
0.11131773997713167
0.38478122348899074
0.9051407110916093
1.6672873656447633
2.441766090282673
3.0878842837145952
3.4928132927169635
3.610917341723636
3.5350737124722045
3.2454869104046895
2.8994095127938446
2.5382129732118313
2.2208174425130855
1.9060618702775
1.6607810481034826
1.4396290424364342
1.2479341278917742
1.0902905487791585
0.9697535928813472
0.8538540861939812
0.7809544379858032
0.7077158006419425
0.6481707487552567
0.6070874148306571
0.5804252348247763
0.5602750574932547
0.5467303198741924
0.5290774528367421
0.527019359524765
0.5310645678854886
0.5290006651185974
0.5361175453968802
0.5492113700613044
0.5802204740367236
0.5820315185701725
0.6049930663236832
0.6255077641326013
0.6524279055351846
0.6752826249954298
0.7129143777749865
0.7601772217639282
0.7871861873872629
0.8444957211509203
0.8925301759778542
0.9304569842392866
0.9769154957582016
1.0251831433083696
1.0652961818413444
1.1173961027356116
1.1604155904759645
1.1953632943772077
1.2260755687461495
1.253366290203929
1.2935085848333747
1.2706640215222396
1.260674880817342
1.2576298034559623
1.2457276972449585
1.2432283643846473
1.2267140749939833
1.2223300574668774
1.2218566405911915
1.223026429220128
1.2116996932757103
1.20983616155163
1.2090233414226481
1.188076286806272
1.1728174359375452
1.1577692517089186
1.1354519542676371
1.1013793816850055
1.0608873725827477
1.0359000765016704
0.9989772579492567
0.9689709146864152
0.9421035442136654
0.919717826318609
0.8969040870038074
0.8812236973904737
0.8709674293803565
0.8633582690581412
0.8568501604217923
0.8618134333121048
0.8710646760989035
0.855729370246481
0.8565339833285254
0.8585557510458215
0.8577297565797001
0.8671119880878865
0.8767654087579309
0.8814195399569346
0.8950638433315439
0.9130349622922258
0.9247627148381216
0.9376193077807947
0.9509406836981507
0.9710796434355565
0.9904203858957269
1.007279495175258
1.0326281628358465
1.0434587724577378
1.0600739690595562
1.0797739262985593
1.0995777184916729
1.1139358929901466
1.123926244236047
1.138057128174193
1.1387326879269029
1.1450049388277532
1.1702712303454208
1.144280816419846
1.1320930701457985
1.1178240353693607
1.1067646865627134
1.0920791282733402
1.074729684590152
1.0566493510583372
1.0458841047397267
1.0325631776355522
1.0249136813035575
0.998828098455542
0.9535734693086728
0.933514330568834
0.9173043755576016
0.9020628217439992
0.8887144903259327
0.8728656164755125
0.8539961713441663
0.8395103848332949
0.8163210799269159
0.8026918404929461
0.7674112147499016
0.7432473604151617
0.7224957293800601
0.7074453226238852
0.690546998944852
0.6819548237400024
0.6729702342640507
0.6612167193570729
0.6499246434855466
0.6404537865343353
0.6267034634797981
0.6158438538558416
0.6101282071078395
0.6078359119913945
0.6003239741132562
0.5975708574338161
0.5937430165167648
0.5938894772580006
0.5899132030108395
0.5948048048347273
0.5843736215368254
0.5808633468797247
0.5757831206489539
0.5669786033411092
0.5587042294225615
0.5481213363961899
0.5332489109418754
0.520829358347882
0.5105242629409944
0.4892752749760399
0.4737267049604934
0.45737860214152226
0.44202472065606424
0.42487883429309475
0.40760289534762295
0.3898629824403705
0.37913031653428403
0.3495789818575878
0.3291505164241134
0.3104322045350483
0.2896050983066004
0.276192069205433
0.2603394551129784
0.245375280210118
0.2316369266641169
0.22236243626698152
0.21273531256747516
0.20505621437654625
0.19688469427792318
0.19126891260099171
0.18681891181230875
0.180914664942914
0.17436572049537716
0.17049622366471248
0.16713492497634802
0.1614575699420368
0.1575486796641311
0.15293426297498253
0.1475890256737948
0.1421472101578395
0.1357010227117379
0.13048244176008814
0.12827753897682345
0.1254045063921942
0.1219619643469668
0.11715066968577822
0.11407396604845498
0.10928137289489917
0.10529547127205076
0.09664305972840886
0.09032353487926402
0.08272202191262286
0.074529921395172
0.06811624376059634
0.06119431675997535
0.05452096466263947
0.04689410971232265
0.042152488377726824
0.0370076360624459
0.03390006294855881
0.030165098964507375
0.027414899159862793
0.024941933651969613
0.022334565143485335
0.020469437189774838
0.018672914254818682
0.017108358574477022
0.015723447821018463
0.014076524203997944
0.012828560625426044
0.012234027613015192
0.011177711154797439
0.010150900257198867
0.009729608081166675
0.008974749880281466
0.008171601576208325
0.007827073500785495
0.007209121575199161
0.006689137756011771
0.006093472129791678
0.005525617112767135
0.005403206072805492
0.0048053163660359294
0.004422765243793235
0.00411778656501134
0.0038301628213488663
0.003533259262991802
0.0030612595808295535
0.002658634496647578
0.0022393536913490443
0.0018458186131745137
0.0013541042168647172
0.0007860594315722024
0.0005425966399255887
0.00019566025478497207
3.7103467310323495e-05
0.0001439143412392502
Gaa RDFs at 20,000 MC steps
0.0
0.0
0.0
0.0
0.0
0.0
0.0
0.0
0.0
0.0
0.0
0.0
0.0
0.0
0.0
0.0
0.0
0.0
0.0
0.0
0.0
0.0
0.0
0.0
0.0
0.0
0.0
0.0
0.0
0.0
0.0
0.0
0.0
0.0
0.0
0.0
0.0
0.0
0.0
0.0
0.0
0.0
0.0
0.0
0.0
0.0
0.0
0.0
0.0
0.00016061981421900234
0.0020987767688935895
0.02409806707329384
0.11865705736402825
0.401006275079793
0.9299978953931648
1.6709415680983573
2.4297333131685446
3.066410222591495
3.4470888568818436
3.5502862669558883
3.464344712190422
3.2086721214049723
2.881918912763925
2.543483592186246
2.2163333506570684
1.9164829227591405
1.6784735476406492
1.453242392475314
1.263753058456915
1.1132025224673703
0.9872691475360614
0.8754098370716422
0.8015303037152854
0.7268759397723911
0.6690607258451502
0.6222770280667985
0.5904455527546195
0.5628698942584041
0.5427705423133075
0.5275082291877278
0.5200714690101488
0.5215249825517131
0.5176902141001465
0.5291631904447979
0.53845203049527
0.5574578625585357
0.5711222411100766
0.5977347122329291
0.6226736833246741
0.6523984257069381
0.6889585781914975
0.7278349231873527
0.7798918575737851
0.8120097258260546
0.8678711793754506
0.9167391529405274
0.9572605153447098
0.9975911750390091
1.0385126984384356
1.072547205200446
1.1103587985037084
1.1490313265943677
1.1746626439079866
1.1985866338273599
1.2211318462654877
1.243608109312969
1.2369778505492586
1.236521776673395
1.2414153066598845
1.233517126323703
1.2375554081246216
1.2314499827518957
1.234563557807972
1.2366434718353438
1.2375380927257638
1.2305694395655469
1.2261852988698951
1.225044069468473
1.2081215847171711
1.1890339912010586
1.1676679587192966
1.138373951726799
1.1054550676380905
1.067586105883062
1.0349199761292718
1.0025955456812856
0.9712926513999814
0.9391837718116998
0.9162665128836796
0.8943272619610779
0.8718040355075117
0.8573160306999495
0.850988198824495
0.8417364977053642
0.8430815747693681
0.8447112590755055
0.8378127821126363
0.8422119257644844
0.8487935602486069
0.8514116777894981
0.8642409940043242
0.8790180613416376
0.890276995401476
0.9057133584732514
0.9271226577070768
0.9419070918710369
0.9573764589511948
0.9766574286635528
0.9953482463442376
1.0147669026252046
1.0289890636606707
1.0498749846346318
1.0625684743938775
1.0775123632411474
1.0907944503017164
1.1040602767199963
1.1118147592262373
1.1187127455170258
1.1242207197219678
1.1261861950578804
1.127022471839241
1.1353086175772833
1.1209851486443345
1.1085720869680258
1.1012319620648596
1.0932980465856859
1.0788759813939146
1.066026761136356
1.0536579500030867
1.0444484668720475
1.036370236501015
1.0292518638080828
1.00849931382887
0.9731433375300951
0.9491174510844255
0.9304428962737824
0.9107220224535617
0.892581964086115
0.8746097567363277
0.8536932387952869
0.8356713446595281
0.8162804590918739
0.7987497779979006
0.7722431549138096
0.7524275359513704
0.7343496717615275
0.7198332988496875
0.7074737070442719
0.695937733197665
0.6854403585009899
0.6741852830418054
0.6625971373101887
0.6520858102256117
0.6411377451791006
0.6301883531682256
0.6231029978426847
0.6171766958123015
0.607881349193274
0.6021675870711458
0.5947556156109328
0.5909426062324578
0.5851595907297684
0.5833910576115995
0.5736553025849311
0.5664945982080125
0.5604056919473538
0.5501696385223089
0.5400641796751975
0.5279612425807484
0.5158579812486571
0.5013276574053365
0.4907191086641993
0.4730813796897841
0.4580036229248817
0.44350231414995367
0.4295396596396349
0.41402696227841523
0.3989088622317719
0.38401162482400564
0.3713357153493202
0.3505406446119476
0.33342457337414133
0.3190658329071471
0.30172923112758043
0.28892529136864964
0.2745760676438917
0.2617833443316195
0.250631014730957
0.23998457190133599
0.2302445639938425
0.22031453724707434
0.2127752372729164
0.20529460057051446
0.1977911048987645
0.19072563681934793
0.18292831016888073
0.17702194375660907
0.17124045357564346
0.16453655013608726
0.1584173326693868
0.152388545490662
0.14544713983748053
0.13944470519241065
0.1316439845637887
0.12545912583094126
0.12040483479282536
0.11599826159948187
0.11135043048847416
0.10606860842483601
0.10135327858921962
0.09699697145363848
0.09188402497721208
0.0853130134941207
0.0801998026338461
0.07343116780317346
0.06794509853901551
0.06262593142319907
0.05757712340295578
0.052697473752221925
0.047051911816394724
0.04332983498486477
0.03927874231287221
0.036385793403339244
0.032575313952426146
0.030064578529536798
0.02736175681743425
0.025208400366642215
0.022976415229085716
0.020934147176215567
0.01932466373631698
0.01802451889991546
0.016146035955427775
0.014803408455963864
0.013888241565162093
0.012742590716469082
0.011598658405855345
0.010763314590530836
0.009899823757463096
0.009172247273443969
0.008235153414253328
0.007561274058472837
0.0067964182546231865
0.006135883800491102
0.005310155261507161
0.00495196640077854
0.0043118443678356955
0.0037955994871928934
0.0034578360355125284
0.0030281929269034735
0.0027161578385359623
0.002278688956723522
0.0018971719334962506
0.0015290903184150006
0.001218057530377043
0.0008703659141911956
0.0005219362510095243
0.00032681150754594043
0.0001147280584875518
2.031856543184382e-05
7.19571706196251e-05
Gaa RDFs at 30,000 MC steps
0.0
0.0
0.0
0.0
0.0
0.0
0.0
0.0
0.0
0.0
0.0
0.0
0.0
0.0
0.0
0.0
0.0
0.0
0.0
0.0
0.0
0.0
0.0
0.0
0.0
0.0
0.0
0.0
0.0
0.0
0.0
0.0
0.0
0.0
0.0
0.0
0.0
0.0
0.0
0.0
0.0
0.0
0.0
0.0
0.0
0.0
0.0
0.0
0.0
0.00010707987614600156
0.0023868441685456505
0.02435527140166233
0.12209349520666073
0.40806463085658257
0.9392376305670905
1.6783947782309792
2.4313771351786713
3.0507609807087332
3.4287500154134323
3.5229018614716163
3.4433346078197005
3.1921134439332697
2.8720854878623117
2.5401129988174227
2.220804829033885
1.9262924111280086
1.6856051319611303
1.4631702331974068
1.2732533635223706
1.1219153735332525
0.9919146231527428
0.8841450484987325
0.8031276537961768
0.7319124579671378
0.6705403734643257
0.6280398752703286
0.5906293706674265
0.5641716810530413
0.5397134237232908
0.5295091969094868
0.5176340388878884
0.5197276693728856
0.5147373151634956
0.5249484298677785
0.5354388274747276
0.5521458687099521
0.567387628286225
0.5964118960483064
0.6213604922174548
0.6522117201280427
0.6947794277949773
0.734557160093365
0.7829001104481776
0.8218929215797652
0.8722548123154956
0.920154013980895
0.961467145423591
0.9990291711550551
1.0373741829769305
1.0739783282318476
1.105103550640608
1.1428120039100589
1.165265063051951
1.1897518669867584
1.2119583886807404
1.232519114752879
1.2308615041646576
1.2344011713650245
1.2403700009557799
1.2366069697181137
1.242897441936146
1.238625600566914
1.2451219745571998
1.2480655861076864
1.2479069975144412
1.2435032994365045
1.238880673679999
1.2299890201654171
1.2150051489885871
1.1960233154954623
1.1708844060501606
1.138839622854719
1.1048063848888006
1.0679576843095817
1.0307913667885469
0.9974979579925155
0.9655866882903695
0.934559588322683
0.9076000932363016
0.8870411209629048
0.8628311681855668
0.849597383919108
0.8389050747651703
0.8315576681688956
0.8319729952433269
0.8322712343919916
0.8298662831077406
0.8381595606397753
0.8454054494731128
0.85021439781389
0.8661815733385838
0.88091951503504
0.8929762258060928
0.9126881665476362
0.9305544208127727
0.9476788958067189
0.9680331687310586
0.9845567289600912
1.0033925677770754
1.0231359810650738
1.0377199220820224
1.0566984935705999
1.0719597342189116
1.0850578650913683
1.0942591113487892
1.1069368833196778
1.1125153761361346
1.1191622762444724
1.1229214675997932
1.1225176479855323
1.122501136752183
1.1274911966645744
1.1142771489364018
1.1048776711492503
1.0981602177784724
1.089866726028159
1.0786261153884542
1.0665242848068288
1.057272213063663
1.0470731635843313
1.0397422545003914
1.0316203348238169
1.0132238189319236
0.9787461841774898
0.9557195666902605
0.9340676389079876
0.9128756627817741
0.8919290572325442
0.8723270575847795
0.8503837821322603
0.8320513560752862
0.8126333452946666
0.7959972667353729
0.772167570621615
0.7542126985493433
0.7371373993664837
0.7213978258678531
0.7105903707578161
0.6987186603743422
0.6869930047776349
0.6766789317092883
0.6639536779770541
0.6538941976438929
0.6446892035562279
0.6343165061470144
0.6258462393123378
0.6192791536285308
0.6094977597244072
0.6040607498060334
0.5959778543613155
0.5911873629621539
0.5840106072284438
0.5810082347245646
0.5710569798313861
0.5635508304686153
0.5548598766507687
0.5444817378419886
0.5340299906926422
0.5216866382065993
0.5098278582616338
0.4955364800440049
0.48474031590414096
0.46865376999903174
0.4536939500271836
0.4392566821236014
0.4255169591944826
0.4109537766103769
0.3970025533437859
0.3818490351536388
0.36916773468018427
0.35155087619228526
0.3350535495340244
0.32173807073723437
0.30655115034153924
0.29362886315182407
0.2801822723899456
0.267887909301205
0.2566805103644907
0.24578022280591896
0.2365333084460577
0.2265680939842817
0.21853915145722347
0.21002030994452034
0.20213955826408092
0.19380796725032556
0.18539740545072034
0.17898890115329674
0.17238103324089077
0.16497521832553172
0.1585678260020509
0.15180472304484283
0.14421581416346407
0.13718570194988694
0.1296154654898141
0.12305258662259594
0.11758817940295213
0.1121788503525673
0.10719816564532299
0.10216978954091584
0.09737100373451932
0.09278091169216834
0.08789058235309244
0.0817799617734653
0.07677051337676746
0.07077982094699965
0.0656697715422077
0.06053660576505828
0.05628512730726943
0.05160510688900452
0.04677254364696341
0.04366660637889338
0.03972651744283461
0.03673230301024032
0.033322790472668125
0.030952305503070893
0.028294920434696186
0.026261659682906554
0.02410101690329465
0.022111531451238727
0.020264290423512694
0.018901988267230548
0.016934828188170898
0.01566168460203228
0.01471324394333205
0.013372163980265772
0.012151765625972435
0.01121221502686826
0.01024089151107592
0.009356950637436755
0.00841618639644194
0.00765464782297722
0.006807676084724383
0.006100047582613295
0.005270980379459893
0.004815168166873816
0.00416538007613243
0.0035699221048484274
0.003181983697785512
0.0026990826400320155
0.0023974569764301985
0.0019767914295058197
0.0015809766112468754
0.001260441477875181
0.0009612877133958359
0.0006861278739609424
0.00040084223307236934
0.00024354172617122136
8.597193013279077e-05
1.4723598139017263e-05
4.797144707975007e-05
Gaa RDFs at 40,000 MC steps
0.0
0.0
0.0
0.0
0.0
0.0
0.0
0.0
0.0
0.0
0.0
0.0
0.0
0.0
0.0
0.0
0.0
0.0
0.0
0.0
0.0
0.0
0.0
0.0
0.0
0.0
0.0
0.0
0.0
0.0
0.0
0.0
0.0
0.0
0.0
0.0
0.0
0.0
0.0
0.0
0.0
0.0
0.0
0.0
0.0
0.0
0.0
0.0
0.0
0.00012849585137520187
0.002592606596868552
0.02426129289706615
0.12384027178317894
0.4095038020993826
0.9399619692709738
1.676946725976641
2.4276620974357845
3.0422697592003383
3.419546094350377
3.519048034448119
3.436904698703175
3.1860921066708325
2.8696875830194997
2.5407701994549736
2.2244879649606273
1.933949193819918
1.6876846829630674
1.4662510886419082
1.2772821862414176
1.1291235738851393
0.9972067700910643
0.8870191486157539
0.8048997140421656
0.7332650812238753
0.674464039674919
0.629215919567854
0.5917502115991763
0.5640297076610087
0.542617260601273
0.5276888144489239
0.5176482099932503
0.5181772398724688
0.5145156549952744
0.5214355021904143
0.5332266955011098
0.5489030400327929
0.5644683182619467
0.5942648899869949
0.6196034291160862
0.6514108514606765
0.693398697922055
0.7331469006025931
0.7815477765872122
0.8248986976342266
0.873256701613455
0.9207092525493795
0.9623490444287416
1.0006755525048083
1.0387195783263337
1.072968591426359
1.1034072200154943
1.137910658084526
1.1621321198726005
1.1864807743569763
1.205400255501702
1.2262780192813993
1.2266929503881632
1.2316244044569544
1.2372697445924337
1.2353290174926632
1.2428383486417707
1.2413491696228793
1.2480129449394495
1.2521024317724123
1.2525570940742736
1.2500528361412322
1.2458576201836788
1.2362243711403103
1.221692520467251
1.201403110851407
1.1761219749201097
1.1425703239902303
1.1097038522223874
1.0710877164718626
1.033119739953027
1.0017984229005417
0.9670894225403579
0.9368402065670043
0.9083103773548159
0.8867000475814142
0.8630822975422764
0.8484487667354839
0.8366341648074529
0.829657050735922
0.8285225042272085
0.8262291408409409
0.8256311075349562
0.8331690452327702
0.8400736546394934
0.8467621057220607
0.8602495147298161
0.8755368678636753
0.8898622261530884
0.9078960121508951
0.9257353759536208
0.9449782815108522
0.9662134472090524
0.9842588469489087
1.0011414427732401
1.022638226925853
1.0380019924051749
1.0565093009539301
1.0725819446698375
1.0867861146296718
1.0970911859642023
1.108474473493857
1.1141496132860558
1.120426250878116
1.124258318657979
1.1243483117621467
1.1249767179481946
1.1267331955504674
1.1169982061427675
1.1063901830453005
1.0998080805987738
1.0916312409547264
1.0799123574392888
1.0697343411957343
1.0586468528751198
1.050715683708529
1.043074559225685
1.034161423218664
1.0168095225529703
0.9852333008814775
0.9612592431755012
0.9387691558523307
0.9151324790740875
0.8943158315212356
0.8728384414856132
0.8520686408516996
0.8332831185979999
0.8133402274730945
0.7959917522594604
0.7744335409484404
0.756014047854811
0.7384786501479709
0.723124915842824
0.7109250986494644
0.6982826174912227
0.685971911520406
0.6748663549596856
0.6631444757121676
0.6518160390406608
0.6429478116724154
0.6325895066649607
0.623825879040769
0.6167057833150014
0.6071609265220946
0.6011507529184292
0.5920747990637749
0.5869804842921349
0.5801975717112523
0.5756110513056228
0.5660076423077639
0.5588415549673545
0.5506927488001977
0.539661728108184
0.5297743091374337
0.5185855495884405
0.5060909395750192
0.49270573123256867
0.4830363629003177
0.4670535551580433
0.45289642741468716
0.43896270988591385
0.4254810825823664
0.4113870454094774
0.3975993494925997
0.3831823115298294
0.37002054998484823
0.35358348155945485
0.3379320669931742
0.3249980736909962
0.3105166273683128
0.2974955791916169
0.2842229709050259
0.2726195097382124
0.26134094892638404
0.24993084958528275
0.24040698373601538
0.23038452661992406
0.22171486107724456
0.21298237254259664
0.20473679186441432
0.1958028934936565
0.1874537232592116
0.18049730838178454
0.1737935006770748
0.16564429110028386
0.15840017917402235
0.15140802317781185
0.14329243237832753
0.13602809106449731
0.1280781454062653
0.1215872882189737
0.11556210302204485
0.11015061127661954
0.1049337806552963
0.09951675716175308
0.09473814176586082
0.0896806463840834
0.08499847868888114
0.07930723710677248
0.07438462794115142
0.06865388232191177
0.06402627885717908
0.05940460521521429
0.05532157126040993
0.050775033722634436
0.046638704084620806
0.043617501939121124
0.04012134230035932
0.037122602292738775
0.03416417392682321
0.03163750921268086
0.029241670199556865
0.02712909317101201
0.024993328013235123
0.02301140243114438
0.02114214234580627
0.01965646131538378
0.01774568951767849
0.016389752942490895
0.015268857789854673
0.01383737962209784
0.01254084198612355
0.011403718424021384
0.01038075995548957
0.009377755137227151
0.008376218075698999
0.00751575434827695
0.006660330955458706
0.0058962085451431945
0.0050755956552491445
0.0045653979317468295
0.003931359108949411
0.003315635479274742
0.002915495737461197
0.0024844043781934496
0.0021841027156000625
0.0017563533792510815
0.0014321424849537126
0.0011104765429163091
0.0008370147770632944
0.0005903785476343823
0.0003488589449752779
0.0002036975834704149
7.292791314712595e-05
1.1926114492603982e-05
3.597858530981255e-05
Gaa RDFs at 50,000 MC steps
0.0
0.0
0.0
0.0
0.0
0.0
0.0
0.0
0.0
0.0
0.0
0.0
0.0
0.0
0.0
0.0
0.0
0.0
0.0
0.0
0.0
0.0
0.0
0.0
0.0
0.0
0.0
0.0
0.0
0.0
0.0
0.0
0.0
0.0
0.0
0.0
0.0
0.0
0.0
0.0
0.0
0.0
0.0
0.0
0.0
0.0
0.0
0.0
0.0
0.00016704460678776243
0.002777792782359163
0.025059615562425266
0.1258707210680363
0.4138103157928057
0.9477848272729132
1.679818980212893
2.4288061975548327
3.0368798174727663
3.40707767550419
3.503635690836457
3.4192493295236854
3.1770517763477817
2.8674992429696737
2.5416017860042697
2.229225587748589
1.93635631016779
1.6872165614964405
1.4693296406430862
1.2813031805748896
1.1307107902700835
1.0002870371618977
0.889975365878976
0.8080534821081256
0.7383137414586286
0.6771983150197469
0.6309931043164826
0.5929822399513558
0.5652864998114018
0.5440887650368019
0.5282853685186683
0.5166412517351006
0.5152892933558958
0.5123148586467967
0.5202534876393056
0.5304883553902462
0.5466127810633462
0.5627546043774245
0.5927998539276006
0.6186939102752441
0.6518186557514213
0.6935543904320876
0.7354183585557297
0.7829626673886849
0.8283588665939755
0.8764950663765365
0.9238836061061964
0.9653294686065317
1.0043362324447542
1.0408248854208264
1.0750596211889067
1.1054194370173518
1.1376287256434312
1.162146354847588
1.1833865240243642
1.2030223165358496
1.2210652017493573
1.22426954476316
1.2295741832648148
1.234353141086269
1.2325429065792326
1.2414645907110757
1.2427072608181629
1.2473393871931653
1.2521659784851973
1.2539254052504982
1.252519238251661
1.2460861253310145
1.2364102343909489
1.2225389522302674
1.2025738777915735
1.1767123194948252
1.1424306226518544
1.1109470151192744
1.0713720771843798
1.032765786606104
1.002331670553867
0.9665665398864337
0.937278898738842
0.9087556158559521
0.8865123007659147
0.8628077499878858
0.8481547085978532
0.8366256460929028
0.8277517222450197
0.8264069572763425
0.8249035386701853
0.8239974492865813
0.8318617411411687
0.8390313694513923
0.8468814292331434
0.8595022587697334
0.8751519905723227
0.8909910187244016
0.9088967454833066
0.9266650055199313
0.9464514114567297
0.966747077336265
0.985748739404839
1.0038142372809649
1.0244132369694894
1.0388329124987974
1.0579184715797245
1.0736186612307723
1.0875010219773462
1.098091343034866
1.1092590025664975
1.1142662756430706
1.1195130159838165
1.1228232926002075
1.1232969435064393
1.1226999573444323
1.1242744954536006
1.115517597290036
1.1056475701312503
1.0993830977955152
1.0911518906456847
1.0799435906899713
1.0703900063186074
1.0590846121212958
1.0507762325575285
1.0431038026366004
1.0341766777777481
1.0178499188894936
0.987638219080735
0.9638023760388609
0.9411556080298779
0.9159165321759775
0.8946965828139047
0.8740593396681837
0.8528655488956068
0.8336095215731264
0.8134824003957417
0.7953787000944637
0.775412552337238
0.7565963068472586
0.7396960697032425
0.7238651619194517
0.7120886978821721
0.69913927007159
0.6869585177638665
0.6759816644506857
0.664125391985518
0.6531869864640263
0.6434376438361116
0.6336273709320068
0.6248988736396348
0.6172011587991743
0.6076856040977434
0.6016645638105289
0.5924693567186314
0.5863830820662923
0.5791900463024136
0.5742677381023358
0.5649038778432551
0.5566303411948201
0.5481179148597868
0.537327190681615
0.5275207205415554
0.5164069412824643
0.5042598434404646
0.49058306932181556
0.48034863365621494
0.4654414868737883
0.45168710568491904
0.4373800500386693
0.42409342042459414
0.4099589377088764
0.3963653791655728
0.38244367861573203
0.36892659380093457
0.353208692118993
0.3386439285054593
0.32587479241740047
0.31184202483591433
0.29888603518228435
0.28631488763594654
0.2745593559574769
0.26382391378969766
0.2524097680234356
0.24232528990969968
0.23260919868734659
0.22375952554746642
0.21485163911718927
0.20619002996452301
0.1970737106561745
0.188954340872637
0.18137702104718123
0.17415925834052667
0.16588576617617676
0.1583484442320032
0.1509304863567444
0.14267308051299382
0.13539027847607393
0.1271196435925155
0.12062489199024148
0.11423309443252322
0.10879738674687607
0.1033489895790455
0.09804118848040194
0.09304917335241146
0.08804527681817188
0.08327665655901764
0.0780433634737725
0.07317896676157915
0.06781436341820901
0.063592435373633
0.05899100726903032
0.055060164638415926
0.05082262353709236
0.046936657835198375
0.04398474128475647
0.040606412839603936
0.03746644644112523
0.03478010516056558
0.03209858717688146
0.029751653235859453
0.027646893331543788
0.02533774873465164
0.0233626523735941
0.021532298755714527
0.019879791075074767
0.01805366020349498
0.016645539728056526
0.015397238261967858
0.013953544246435547
0.012649423847272787
0.011517384956525172
0.010516607820989501
0.009406475495474381
0.00835264012514308
0.007527259329974811
0.006682383057951051
0.00591751301228523
0.005093909912606242
0.004558687686624014
0.0038871301118504464
0.003285044366682156
0.0028165507735146943
0.0023900216005216923
0.0020587199108128736
0.0016472225532434463
0.0013232033153349827
0.0010208655940513144
0.0007620855066274972
0.0005271204619001526
0.00031226030630345295
0.00018408889301765847
6.65244866268905e-05
1.0600990660092428e-05
2.878286824785004e-05
Gab RDFs at 10,000 MC steps
0.0
0.0
0.0
0.0
0.0
0.0
0.0
0.0
0.0
0.0
0.0
0.0
0.0
0.0
0.0
0.0
0.0
0.0
0.0
0.0
0.0
0.0
0.0
0.0
0.0
0.0
0.0
0.0
0.0
0.0
0.0
0.0
0.0
0.0
0.0
0.0
0.0
0.0
0.0
0.0
3.2823031361634475e-05
0.0005001653178420074
0.005812293186836618
0.03977592883357114
0.13756977190588326
0.3053863240497945
0.4811054011872847
0.6272614010946325
0.6903772464649264
0.6971313904350493
0.6559475008494542
0.581678628278049
0.5064438813121961
0.437710508406095
0.3736887423642371
0.3192338833682651
0.2709969408612438
0.23683616950663305
0.20664198634824904
0.1805014827207353
0.16615554715294548
0.14530871400994078
0.12954574355920642
0.11882165000454974
0.1088892928050393
0.09975444562512355
0.09431763005202255
0.08823511591540087
0.08465655531897355
0.08279528231948939
0.08114561939129158
0.08082952363645957
0.08202608128248277
0.08046706588556121
0.08341414082672856
0.08580952094313375
0.08791396846450104
0.09197053826582992
0.09579319054972328
0.10172972754612436
0.10532463015997413
0.1120206723495226
0.11660697518930517
0.12550649223283908
0.1318206435186782
0.14165132767678137
0.14995862885774364
0.15682464123861656
0.1660865795652511
0.17557659986475876
0.18142069700256355
0.18977259515969666
0.19737049980566837
0.20451546636956847
0.20955494193337715
0.20988255358045893
0.21501980482246247
0.2203279984022977
0.22233086309652722
0.22410034123832526
0.22678452231257
0.23024495435902506
0.22994574143093047
0.23206776136434462
0.2324694086650369
0.23871570049198704
0.2309025575623045
0.2251032215312073
0.2243299497711043
0.21665457185133236
0.20853556934771691
0.20035985960265862
0.19219811331867195
0.18559143090803343
0.17849528811719353
0.16926305983129283
0.16264478302808982
0.1560118454344169
0.15316364374262606
0.14794162476869213
0.143167770355867
0.14282675322337826
0.1368734982346383
0.13620145872246858
0.1350886527800368
0.13422632842529192
0.13539974113349024
0.13590725471839288
0.13857704012254754
0.13934739616977407
0.14184521218242302
0.14437887754028572
0.14691832070282726
0.15064664975153255
0.15296552063244984
0.1605690919132643
0.16043563315978357
0.16579662609333237
0.16906958597748303
0.17334973769867382
0.17571304394364806
0.17895244838620733
0.18002112700797185
0.18264026063246774
0.18475217732376112
0.18536223613769295
0.19014291582323142
0.18931318058578828
0.1902463531459296
0.1903427492681334
0.19109724928874022
0.19185518637168883
0.1916068479414933
0.1925734526245833
0.19038640108086127
0.1907800864149021
0.19190879579952455
0.1888045956577197
0.18799421981110018
0.1881416187753475
0.18719646782540958
0.18867128234794694
0.18293092110686063
0.1809921237587108
0.17929572046919823
0.17656747496953223
0.17339056809313305
0.17221684525565223
0.16976730038064564
0.16654633765526994
0.1654874501469317
0.16345519689769095
0.1596765629422129
0.15434810549660308
0.15023604519607553
0.14702201147528396
0.14554569214742705
0.14332592579327993
0.14129532841466988
0.13854231679729143
0.13666609465056512
0.13386003917604566
0.13234052399287918
0.1274275143037815
0.12537455821804455
0.12427993379927041
0.12216904335228161
0.1209352380186192
0.1190903201906379
0.11736746556123076
0.11582693998895506
0.11507261243112749
0.11443082596662424
0.11336617432024444
0.1108357445867548
0.11065141909787594
0.10966192572636801
0.10822848653599218
0.10762585654578521
0.10750195734866859
0.10591398199220102
0.10455106353242492
0.1051740606458621
0.10230199071237374
0.10102713321755045
0.0989970277413866
0.0976099915792153
0.09386538346340376
0.09277766571515078
0.08956946008864006
0.08647620939947567
0.08466139792765338
0.08037296913182083
0.07779691001003934
0.0743958342903437
0.07146596070563932
0.0689544927281631
0.06513284954907912
0.0627900435133971
0.06091959593871522
0.05669071443705242
0.053805230036073015
0.0513977081063319
0.04811916893430038
0.04571943593941282
0.04362710271692861
0.041531025493213185
0.03997976918695776
0.038112694929927776
0.03692670566562272
0.035609839362306515
0.03458655542696205
0.03403469809102876
0.03261904443013864
0.032076102715555416
0.03122761968922842
0.030356693640875
0.029600476310339484
0.028813254159058718
0.02791234243060041
0.027246929661563085
0.025922268863519057
0.025089084108120552
0.02406437123067241
0.022688086725819668
0.022081091252953915
0.021588623181701478
0.020724553521640175
0.019977419113210902
0.018895610380997633
0.01780037429315486
0.017133908642778462
0.01583730852097378
0.01454216175181563
0.013390698983890196
0.012386269772065089
0.011032903810936396
0.009821134486970303
0.009103935459195208
0.007858594343273715
0.0070652695139969916
0.0065027094337887096
0.005837547046942646
0.005316426897836338
0.004809162507225236
0.004267366122381226
0.0040125250409067705
0.003630446466980144
0.0032770897442015883
0.0030422865175927212
0.002746842475571347
0.0024892597983272625
0.002309333917187631
0.0021701161017783255
0.0019964205055571773
0.001856396912592341
0.0018401764273375837
0.0017080784762234437
0.0015257649024340248
0.0014059726667595312
0.0013521707812001811
0.0012889048972819846
0.0012271739828683909
0.0011120192602296869
0.001065634619755402
0.0009293776544657272
0.0008494364107710195
0.0007946840433414497
0.0006792161868069437
0.0006025818805799834
0.0005652646380308741
0.0004454393490564147
0.00037191707281512967
0.0003043849167463299
0.0002048583744983457
0.00013564946771745683
7.043018534759768e-05
2.9807978823359376e-05
6.646827470424028e-06
2.400914709801944e-05
Gab RDFs at 20,000 MC steps
0.0
0.0
0.0
0.0
0.0
0.0
0.0
0.0
0.0
0.0
0.0
0.0
0.0
0.0
0.0
0.0
0.0
0.0
0.0
0.0
0.0
0.0
0.0
0.0
0.0
0.0
0.0
0.0
0.0
0.0
0.0
0.0
0.0
0.0
0.0
0.0
0.0
0.0
0.0
0.0
3.2823031361634475e-05
0.0005470558163896956
0.006423329137247647
0.04280606933484104
0.14209652428183772
0.31214783680232333
0.4900691701774214
0.63291670417446
0.6962137414371956
0.7006250674634218
0.658512517146104
0.5904784079101737
0.5116300135484128
0.441021082083769
0.3790903355551831
0.32309671123863226
0.2764782705712205
0.23883097360210626
0.20687796882219073
0.1825317251963624
0.16390503381066499
0.1449741964963011
0.1305587887929123
0.11918883680926094
0.10965930860274549
0.10151762333431086
0.09573598604802883
0.08949359185553615
0.0865727446302054
0.08357552865260251
0.08254841711004371
0.08079792903438666
0.0825484751567843
0.08010329973435697
0.0827642109005289
0.0846052596420606
0.08571519926577607
0.08980573466045
0.09420741308850704
0.09928487477391387
0.10325170318790555
0.10925663115768561
0.11460169276542015
0.12274972008448962
0.12952837286144916
0.138882082150526
0.14802658030456206
0.15518614335024392
0.16473924420683092
0.175038887285738
0.18119719154209224
0.19017773489182344
0.196700348743075
0.2034900560723349
0.2086536109068785
0.21132592782033804
0.21450812822319418
0.21787846214943163
0.22168714962793376
0.2223682513847918
0.22509739131144346
0.22761101521208024
0.22875683518832443
0.23012016736939772
0.2316411152957398
0.23372119278650208
0.230287836406037
0.22555514247848202
0.22293503367161013
0.2159248910719205
0.20853997878609784
0.2007734415024112
0.1941677398451559
0.18652135239109963
0.17804765360576397
0.17129717085337182
0.1638130486037428
0.1569146285723979
0.15317514625673795
0.14893132064528894
0.14452673510258235
0.14207361299354176
0.13820280257016304
0.13710866831431168
0.13601260900742845
0.13491684231369178
0.13612312021416761
0.136427236173024
0.13842052958311502
0.13991564999711834
0.14202225392540152
0.14423565379339964
0.14704099030910844
0.15047143356275863
0.15366790725532434
0.15954860020485215
0.16062779413680353
0.16563715149592212
0.16939517320062844
0.173436888438228
0.17585896235683238
0.17942840720398606
0.18152978762520314
0.1838665079803165
0.18632250636758765
0.187198437475299
0.1904853416505821
0.18993185919788055
0.19022437967016778
0.1905258290497493
0.19162970589367695
0.19119837299828354
0.1909794561311392
0.1908379699572952
0.18923494318881576
0.18920474402699178
0.18864546696373538
0.18640734225896868
0.18546531296791802
0.18441366388864713
0.18372800873585152
0.18417016383286802
0.18076455608188222
0.17872730533123518
0.1775746693760733
0.1752298276918616
0.17242726557992494
0.17144347951120673
0.16909790236853314
0.16730249760715468
0.16593565458483528
0.16421212883991707
0.16136200661161054
0.1565686391595079
0.15280870132262073
0.1497323725528816
0.1471901737129606
0.14489980922921858
0.1420743224756762
0.1394797571200945
0.13808976865953082
0.1354780880488972
0.1334817947117155
0.1313209817835128
0.1288692670676638
0.12744290810557193
0.12601952603611416
0.12471566066414153
0.12346108677065538
0.12174694930446801
0.1202087830197524
0.11927814577946014
0.11808061690631494
0.11664976420152348
0.11475029850493178
0.11307859697545095
0.11108211354952659
0.10954805996670049
0.10812050587885075
0.10665309392897399
0.10491351734774565
0.10302345426362382
0.10205637707591342
0.09916221784556752
0.09721248091196881
0.09484394376261589
0.09273504749209172
0.08955500862595367
0.08787813900252997
0.08499751177936042
0.08238198877572751
0.08002024081127368
0.07714953721549099
0.07474061970500205
0.07202327933212564
0.06965447256258071
0.06720162656285947
0.06434640237220043
0.06218332194634714
0.06026754449910703
0.05751349055977637
0.05501346087983634
0.05321718262308801
0.05033898410364433
0.048553532475401937
0.04637153166174656
0.044715144244543856
0.042645468566162054
0.04090102629060215
0.039875301681913514
0.03822838873374078
0.036730445666632576
0.035949529587912164
0.03448689749806087
0.033288710792635345
0.032268799224674606
0.03101222726496924
0.030155527001206026
0.0290437336895515
0.027866349062772463
0.026735892649359945
0.025456997371096923
0.024172608788183735
0.023015113430701013
0.021794649306423334
0.020854115816594493
0.020047274879921403
0.019096754500389165
0.018193549715679828
0.01720342098609573
0.01634389423132943
0.015385107643891864
0.014384387047670196
0.013319772283825828
0.012474239512182522
0.011440268212033217
0.01049197891707577
0.009530844649922607
0.008814678637365748
0.00785659551471962
0.0071779329919293405
0.006686555256865311
0.006109851309539289
0.005565343618111347
0.005078518704621433
0.0046569055393159715
0.004329024040449294
0.004026597775760464
0.003637808601642192
0.0033906965232624532
0.00311254853245829
0.002844242269567594
0.0025848588429431413
0.0024493880909955694
0.002249724395757614
0.002075234683908633
0.0019672915613346883
0.0018458154634588175
0.0016028167241674991
0.0014769605023851348
0.001357987305309595
0.0012498368785188248
0.0011671308358231535
0.0010269430879109095
0.000924946903102301
0.000811141264878403
0.0007244807071016146
0.0006575684768468799
0.0005582510182994214
0.0004660694609389957
0.0004175685164686311
0.00033202022603920524
0.0002592721387476031
0.00021031935212554415
0.00014091773033674082
8.478091732341054e-05
4.685138416601063e-05
1.7337293805423313e-05
4.229799299360744e-06
1.200457354900972e-05
Gab RDFs at 30,000 MC steps
0.0
0.0
0.0
0.0
0.0
0.0
0.0
0.0
0.0
0.0
0.0
0.0
0.0
0.0
0.0
0.0
0.0
0.0
0.0
0.0
0.0
0.0
0.0
0.0
0.0
0.0
0.0
0.0
0.0
0.0
0.0
0.0
0.0
0.0
0.0
0.0
0.0
0.0
0.0
0.0
3.2823031361634475e-05
0.0006356267580908844
0.007203269334113756
0.04409115239563
0.1450826402135234
0.3131707323212957
0.4907995513543955
0.6322247050634263
0.6995859385322843
0.7019727332353726
0.661717907881698
0.594521367026048
0.5181248872529025
0.444789367652485
0.3801718626034822
0.32430857880580627
0.27722598016242755
0.23833973613097617
0.20803166091701664
0.18291445505131831
0.16338040433871723
0.14459222968994662
0.13076782987288335
0.11932903540742341
0.10958813067186508
0.1015406303981318
0.09603426692272543
0.09015335623729723
0.08689019715082863
0.08411798562705258
0.08259716297671851
0.08083654465914243
0.08246311668059123
0.08029099642424774
0.08213691534986856
0.08427940070177023
0.0854269366372124
0.08872856185197595
0.0929740306186722
0.09799287940648556
0.10190713933361122
0.10805428674872425
0.11425495425294038
0.12167635501832554
0.12870898663967648
0.1378657101222727
0.14723625131849954
0.15456965558966881
0.1645582246603765
0.17315465279008602
0.18010376776978654
0.18914452139507687
0.19551631032418937
0.20268225036270238
0.20761562322530314
0.21121868324491416
0.2139424894966961
0.21742442479389082
0.2206697863873406
0.22198666591732055
0.22379761634849024
0.226926400076664
0.22820679523125667
0.22919621202469817
0.23080296129109398
0.2325481486038579
0.22970634342037854
0.22503178385569306
0.22281154929558936
0.21615315018753142
0.2089721037474256
0.2017471273362092
0.19456903884227253
0.1865136901167073
0.17894018480286514
0.1716308081109615
0.1643042887411
0.15801109736561167
0.15330167391196878
0.14918330035736213
0.14482893326590374
0.14245352634596128
0.13860165366858637
0.13794057127336884
0.13596745325195442
0.13538857952457878
0.13608274556780423
0.1365155557406896
0.13808903156556698
0.13985358084083588
0.14181359758546255
0.1438931622247591
0.14667911497057895
0.15003641405959578
0.15335838094693896
0.15828178291165082
0.16035279684888776
0.16521947993127614
0.16866727992589528
0.1728969227450112
0.1752802890235501
0.17896678989484094
0.1814741077078712
0.18370876045369203
0.18604144583264992
0.18722132641164035
0.19051753553178596
0.1902849184591812
0.1909356692189026
0.19162751966543778
0.1918380929280495
0.1916980203144811
0.19143707401987226
0.19112855000450626
0.18956538115391797
0.18944930248014444
0.18850587694617213
0.186608831642265
0.18511098025768682
0.18444152919624954
0.1834531654877184
0.18276681120556487
0.18011107844375926
0.17839330587438942
0.17674697312781903
0.17440391322039264
0.17198510454731664
0.17089911702276747
0.16924960730045666
0.1671472677450784
0.16601776366230245
0.16403304014580714
0.16164879439647317
0.15717884622192782
0.15356487951514247
0.15017433941891575
0.14746007723843005
0.1447192370072886
0.14229117910148054
0.13994040070117478
0.13828669783662706
0.13543504903847453
0.13381641657970292
0.13197655536326228
0.1299419056969993
0.12867143246512233
0.12700117338030062
0.12574863415995063
0.12460081460191551
0.12289092263418044
0.12146960450917374
0.11998750990215847
0.11892041752858454
0.11719690935143665
0.11524771228220969
0.11358619598602526
0.11136726662742145
0.10983148299086938
0.10804808484389916
0.1061297972497944
0.10443895513576172
0.10246297725180674
0.10102940374863265
0.09836178161575505
0.09637994345299387
0.09396870442219345
0.091634891760093
0.0886617552387904
0.08662270752855966
0.08384358653754063
0.08138865879801149
0.07927038581036483
0.07648879428214553
0.0741907827438446
0.07150664159399825
0.06924270923107587
0.06686851307141907
0.06422879570320267
0.06227090938446526
0.060277788094987766
0.05776301799762355
0.055348166063621834
0.05357752485653202
0.051244191568103684
0.04926285780517833
0.047433515547414935
0.04559845558788707
0.0437597742513748
0.042050113043404704
0.04091643360862254
0.03922858541702468
0.037782967850838206
0.03663229525299075
0.03516415676094747
0.03389982871063619
0.03272814789617915
0.031468501769845406
0.030284863834589372
0.02913854422878912
0.027946133476351543
0.02657299378390357
0.025226515659572995
0.024038937063197943
0.022637211119071337
0.02137254816002843
0.020356983067898446
0.019366907760413804
0.01836254565459092
0.017516679101986465
0.01650327924565459
0.015558381714922251
0.014640161262359166
0.013754548474287115
0.012739996059117844
0.011978395453340226
0.0110512556553796
0.010181008478850295
0.0093813014005344
0.008716916814574732
0.007867655699385606
0.007262827302765689
0.006806100970514694
0.006250105585396096
0.005769026251108967
0.005350183669423882
0.004926018718204878
0.004551520941924098
0.004245678604009664
0.0038601149782429224
0.0035812100795542005
0.0033158820811901987
0.0030658019738396803
0.0027975447505438856
0.002610617280646762
0.0024234763354860746
0.0021836486419297245
0.0020063768241426624
0.001853273303715217
0.001619476577515277
0.0014797173115356438
0.0013282203878084776
0.001198991833809669
0.0011093364957833558
0.0009539249557632975
0.0008321528772247239
0.000731216107671329
0.0006408489369291783
0.0005645296482753468
0.00048235130472607397
0.0004012929794622918
0.000339201315898888
0.000269291213867676
0.00021207454067461706
0.0001781308034347105
0.00011174093154455223
6.946896983106122e-05
3.6133747265289246e-05
1.4599826362461736e-05
3.222704228084377e-06
8.003049032673148e-06
Gab RDFs at 40,000 MC steps
0.0
0.0
0.0
0.0
0.0
0.0
0.0
0.0
0.0
0.0
0.0
0.0
0.0
0.0
0.0
0.0
0.0
0.0
0.0
0.0
0.0
0.0
0.0
0.0
0.0
0.0
0.0
0.0
0.0
0.0
0.0
0.0
0.0
0.0
0.0
0.0
0.0
0.0
0.0
0.0
2.4617273521225856e-05
0.0006173915642112278
0.007272818141477614
0.04492574508455567
0.1462426488303846
0.3156911295428313
0.49547233092980947
0.635792079790997
0.7034635837213771
0.7033222300749483
0.6637639393995334
0.5938633289105354
0.5176170174293935
0.444040099556875
0.3775133603618532
0.32164596592985184
0.27563920548484716
0.23730433781475432
0.2073617328937711
0.18178274061265728
0.16035643025625204
0.14312011538346855
0.12951817770250693
0.11824750336445584
0.10905429619026205
0.1013607569900771
0.09599774273398706
0.09070184692482097
0.08746199416086688
0.08410776811554753
0.08365332342133884
0.08157726255218446
0.08334999124823714
0.08156833053509731
0.08322983234019433
0.08563478498964472
0.08687898296300917
0.09035253805559773
0.09442802400253299
0.09939135790859202
0.10332024686533868
0.10955046251605538
0.11553709571068407
0.12255859932630571
0.12999964561170185
0.1383923086731431
0.1480859449249112
0.15482398609165512
0.164840638066712
0.17305271144698
0.17986766273678864
0.18820669794107972
0.19469776117809529
0.20111744756176886
0.20640932679574725
0.20950768951406906
0.2122634000913759
0.21563281793148628
0.21898882485117882
0.2211324039147275
0.22248007275993273
0.2255976718462856
0.22721305068149222
0.22857717032049785
0.22992166700679723
0.23184674074207068
0.2295449494488489
0.2250018887414833
0.22212323823665864
0.21602816896685267
0.20891808812725968
0.2014327906567288
0.19444318977515554
0.18600310401402004
0.17859384984448076
0.17148181485984032
0.16422759445316806
0.15803774539200277
0.15312913620029037
0.14896431050784217
0.14465465947846684
0.14241644680276516
0.13861540715473888
0.13779966550342954
0.13613157705550427
0.1357851122525708
0.136907902402856
0.13714842064274324
0.13901967149188016
0.1404285231548485
0.14275729330473183
0.14471747715928263
0.14759607027753086
0.15078334858846393
0.15411582753813202
0.1588792690771364
0.1615951007090958
0.16599240963926018
0.16905204356244286
0.17308482711733048
0.17547439233329992
0.1789806832313298
0.18173262160976938
0.18368413963807245
0.1856391940578766
0.18730715992292038
0.19023259877801374
0.19052826537993753
0.191023359663841
0.19136173278949542
0.19157206271211571
0.19137078650880243
0.191216174996854
0.19050378386105968
0.18933813456699614
0.18890247868542456
0.18764085849087878
0.18623533471541867
0.18456733672444908
0.18373272747945282
0.18269604026615022
0.1819392150435208
0.17921853605346819
0.17748915759598338
0.1761147604285815
0.17371625178619457
0.171547960715298
0.17016013375041786
0.1685437052891001
0.16689630759582627
0.1656925685002285
0.16357418257180145
0.16159270341015936
0.15707257420543896
0.15366448521626186
0.15012306310486037
0.14736386829765435
0.14496901908715074
0.14237679522387603
0.14032278500397002
0.138679729914552
0.13601702907498084
0.13442504041205686
0.13269488812107305
0.1309230708428304
0.1292821741441856
0.12777565572648927
0.12665334741814074
0.12524719913196433
0.12364919853392103
0.12214007273207352
0.12061233269874702
0.11947326205587447
0.11752224861600392
0.11573089390563127
0.11399882561649906
0.11211919228636918
0.11032724323200892
0.10837637076176933
0.106373746843449
0.10451339845546849
0.10237368990449836
0.10060520008467914
0.098074023274339
0.09595047857563861
0.09340040444259651
0.09121360029577368
0.08846303449575255
0.08597393720256676
0.08335280029675601
0.08108093914436429
0.07874019138355848
0.07595751721979994
0.0738257996697358
0.07131765632852244
0.06891480572400703
0.06662499562250403
0.06414409993270669
0.06208436317774374
0.06006136885110753
0.05756415275037479
0.055433762799147294
0.05352387229058664
0.0513618559636625
0.04941428380743105
0.04756242535606908
0.04577590496567355
0.04407220288755861
0.04239057682702749
0.04118118880647981
0.03956274433932749
0.03811935300325136
0.036932592624283514
0.035492911409213804
0.034222766590402194
0.0329532109472756
0.031761614822028515
0.030460733292529463
0.029235168946398174
0.028030141770649514
0.026722860740123432
0.02536145054676023
0.024095701768328894
0.022598089073594254
0.021290514633533115
0.020164472542572306
0.019083655289127595
0.018114318023065557
0.017179333646922243
0.016258078277878105
0.015227402519723926
0.014331315657217925
0.013482064121645855
0.012551275546667743
0.011775776862656559
0.010930359350228767
0.010081579772943992
0.009330889762165978
0.008709128097923801
0.007929752639799439
0.0073284815478283786
0.006803673313322034
0.00634386888959006
0.005866796499752812
0.005435992858022956
0.004988586895794233
0.004616147384345654
0.004309697357771093
0.003914509091666506
0.003607711478921632
0.003368800311755831
0.003105000998441665
0.0028330125425216237
0.002613316430027083
0.0024313958036094076
0.0021912151559028434
0.0020114825566716317
0.0018521080161751544
0.001626591723215891
0.001480406513823271
0.0013239435318456734
0.0011874979094489131
0.001079764683661825
0.0009524177007419018
0.000833150662449214
0.0007264272036237977
0.0006344535662689332
0.0005507420972501604
0.0004725404042499737
0.00038978310878667904
0.00032952504011619243
0.0002643806093795007
0.00020027514115637058
0.00016719294708345635
0.00010398114463173608
6.53583799002292e-05
3.276534709649109e-05
1.399150026402583e-05
2.719156692446193e-06
6.00228677450486e-06
Gab RDFs at 50,000 MC steps
0.0
0.0
0.0
0.0
0.0
0.0
0.0
0.0
0.0
0.0
0.0
0.0
0.0
0.0
0.0
0.0
0.0
0.0
0.0
0.0
0.0
0.0
0.0
0.0
0.0
0.0
0.0
0.0
0.0
0.0
0.0
0.0
0.0
0.0
0.0
0.0
0.0
0.0
0.0
0.0
1.9693818816980686e-05
0.0006064504478834339
0.007588768437787706
0.045346835032149986
0.14722140610086126
0.3159030769618048
0.4970160911447774
0.6369780230950789
0.7058496801953342
0.7041187444917943
0.6657515631388715
0.5956527189326156
0.5196055231229786
0.44606594492667884
0.3782819091917059
0.3232400378835961
0.27732155206506304
0.23873489732322223
0.20858962836651426
0.18194014143380138
0.1602336081228662
0.14330730284322862
0.1296945991853836
0.11831426460167604
0.10862787567707856
0.10114992862342692
0.0956276309547717
0.09050864428049034
0.08689631671749125
0.08384750023157338
0.08325144083164229
0.08125921022465077
0.08241531593392312
0.08141784097665392
0.0825119992873768
0.08529192471333917
0.08649534833712283
0.09025841615971164
0.09405975667476293
0.09895435112387287
0.10336220390425228
0.10968299059079595
0.11562292338050324
0.12285165115552102
0.13063982251564507
0.13881579701824862
0.148237414653196
0.15519598840193372
0.16493172068660522
0.1733208955957666
0.17974177657302318
0.18752181887010355
0.1944130256327211
0.20032760449498083
0.20554085365616778
0.20907024971376212
0.21122241284054816
0.21463941062801187
0.21806126703845993
0.21976712555450903
0.22123111606620777
0.2243760780454952
0.22594650681140566
0.2280308387921089
0.22937711341966113
0.2310592290186296
0.2296332414450387
0.22534269304347454
0.22212186618803617
0.21637976284394772
0.20950035446545698
0.20190072284801958
0.1946935407926147
0.18630611213771575
0.1790710528740965
0.17167009120741966
0.1649233967688541
0.15853729839405614
0.15357466691355778
0.14894074632030416
0.1449245984513478
0.1423708572004748
0.13903554625781567
0.13792127394871745
0.13631341580927853
0.13586988821510698
0.1371075886746616
0.13736121560108755
0.13942154490823555
0.14061617533681614
0.14308829813490764
0.1452214067991415
0.14788802394048012
0.15093364178486912
0.15469886795940793
0.1589063942159376
0.16160824856541822
0.1659150929371229
0.16906902462020176
0.1731300625011943
0.17523955914871736
0.178890062823651
0.18123972177015021
0.18355327891363785
0.18529934287893357
0.18723505977344512
0.18971695314569192
0.19030999556559136
0.19097782573906788
0.191293800554738
0.19129834673864043
0.1913653912560923
0.19109428503812653
0.19055256931852718
0.18904344705750398
0.18893732548170838
0.187448070387882
0.18633115973810302
0.18448203969702648
0.1837641553137233
0.18255569255427084
0.1815871555329743
0.1792983602329768
0.17745421353220686
0.1757310555692646
0.17370583366632442
0.17130315369556035
0.16988561769646518
0.1682635252429539
0.16666964701049675
0.1652081558112464
0.16304954727641574
0.16134156054240584
0.15693047078254907
0.15351383896060433
0.15013564910921942
0.147361794332464
0.14496645575907915
0.14236226301362734
0.14045496241846858
0.13887390483742312
0.13615832233261518
0.13462241881824652
0.132887962535109
0.1312618654278444
0.12944896764458222
0.12805273568645148
0.12707978399324535
0.12524530505735001
0.12395363337612039
0.12215394448840934
0.1208339508725752
0.11946033086982222
0.1177131382839434
0.11584745524571442
0.11417202440933008
0.11222676959668501
0.11051951998817804
0.10860559016956423
0.10647466351453941
0.10447395577303314
0.10236891612553337
0.10049248029757443
0.09792373021288857
0.09579939877541588
0.09338300165017586
0.09111183378621082
0.08845159268265053
0.08585912776721288
0.08338095329211367
0.08105621221464378
0.07858576699091545
0.07593873821011539
0.07381304297976694
0.0710813954919926
0.06881173929461956
0.06652988597736172
0.06408804707675694
0.06192710049647028
0.060070308716603446
0.05754471840185015
0.05557071757598805
0.053594345660990576
0.051561795615963205
0.049573080810851614
0.04771431128667639
0.04597325945848427
0.044333311392604574
0.04263300903963641
0.041360690786185365
0.03982444727089595
0.03851949896504179
0.03712810961925788
0.03579701151614832
0.03446626729994581
0.033154068798915526
0.03193035938047743
0.030561673293491003
0.029342173919384665
0.028055391190946893
0.026708897980227176
0.0253238780274317
0.024033809928540956
0.02248144938133434
0.021177348895884778
0.020067368625621255
0.01893975476356905
0.017958349914900876
0.016965417539060928
0.016103692483352174
0.01504683331264813
0.014177843367074701
0.013353028143081026
0.012475577884959121
0.011726691210226318
0.01088602841400234
0.01004761852771674
0.009313797171760792
0.008678510384192546
0.007944783830526225
0.00734930842315038
0.0068080430962688225
0.006347931966105134
0.00582899372681385
0.00541960060943856
0.004971592283976983
0.0046220225154748875
0.004296492314145081
0.003926981151540746
0.0036250949143108984
0.0033488961893437755
0.0031029558319406914
0.0028341363941924687
0.002595789953384197
0.0024191414687238294
0.0021720624174083867
0.001988348306523128
0.0018325311855021064
0.0016162834389569533
0.0014740658527771008
0.0013152187456815527
0.0011894343242919569
0.0010682283037239198
0.0009354359608341774
0.0008261661658777834
0.0007184016609786246
0.0006152674542881977
0.0005358254869284234
0.0004605732619109942
0.0003767100370704716
0.00031491492701133126
0.0002462272134328915
0.00019030071543027952
0.00015700511516771675
9.572473135649973e-05
5.9932401191530926e-05
3.049933243748143e-05
1.2166521968718112e-05
2.2961767625101187e-06
4.801829419603888e-06
