Gbb RDFs at 10,000 MC steps
0.0
0.0
0.0
0.0
0.0
0.0
0.0
0.0
0.0
0.0
0.0
0.0
0.0
0.0
0.0
0.0
0.0
0.0
0.0
0.0
0.0
0.0
0.0
0.0
0.0
0.0
0.0
0.0
0.0
0.0
0.0
0.0
0.0
0.0
0.0
0.0
0.0
0.0
0.0
0.0
0.0
0.0
0.0
0.005376677656243386
0.02954208795881818
0.07617335136767868
0.19527070460328172
0.3731439314166573
0.5352516130074529
0.6778594607054952
0.877682367270764
0.9714780458150721
1.0935490349369643
1.1054823693894886
1.164623014086843
1.1445036005174836
1.2031516281791135
1.1501280770860995
1.11709040564196
1.1129070976228872
1.1361842604065475
1.0759989091211313
1.039889672540883
1.0925545003385773
1.0619971187736472
1.0363394753176711
0.9950531462326467
1.0417123168425861
1.0277822797350298
1.0331741933772105
1.0578074214613116
1.0717122247404876
1.0980022901681497
1.0994036032615968
1.1379136366030247
1.118233407849851
1.0991865952157909
1.14384400974232
1.1891858153837338
1.178775326072096
1.1692969212403777
1.1373324533528166
1.1663588869322057
1.1768954122220763
1.162741871456368
1.2059881118379823
1.2078411017131034
1.2023181372525218
1.2119986090923358
1.2253942506688358
1.2702037171144767
1.3003160006492918
1.2539220188929685
1.2735055254272212
1.2956864459976472
1.2689728600740682
1.2627489872653146
1.2409930644021685
1.1876094901300072
1.1728503811636288
1.1100883059322153
1.0742494360994437
1.027485846531229
0.9849321598005404
0.9303016988465539
0.904522277392756
0.8546497913177441
0.8161524971448746
0.8150059548769023
0.7813077111958263
0.7620225610912749
0.7510751396160976
0.7438113981187363
0.7629467613693408
0.765005736390307
0.7384693319635574
0.7312811793024685
0.7516807995263906
0.7433951487148511
0.7751793415487298
0.7938984671780114
0.826889335823804
0.8471753508205395
0.867198871666451
0.881877521552489
0.9100302304293666
0.9368681339553913
0.960877778884362
1.0112951672121402
1.00559587233057
1.0292260030363274
1.0212809127134845
1.0603996548246568
1.0783979055106625
1.1012293001547542
1.1411432164079474
1.1328119816546
1.127157730560078
1.1438252221838787
1.1503589998398411
1.1449946978193166
1.1648203086996718
1.1436441560413313
1.1275134215380258
1.1020944399275414
1.0920437955877456
1.0863119718789864
1.1053034927039769
1.088737260136365
1.077635179367201
1.0681909457047873
1.0511438199161767
1.056871981336885
1.0420670387519193
1.0496134696023058
1.0231130643498354
1.0196344839780445
0.9980120768801889
1.0092521984926863
0.9919374812293862
0.9709261749422126
1.016282865627049
0.9792501634329609
0.9846257759514097
0.9752290104530992
0.9682155460629397
0.9618502299237
0.9486772080760792
0.9418402099742073
0.9670588804870422
0.9510234498036142
0.9466242224080829
0.9575639813609379
0.9490080912360578
0.9135200820460179
0.907103319267537
0.901262823446883
0.8809639609037212
0.8779863966891986
0.8602577034605938
0.8666008366624037
0.8580816317721587
0.8425941556866786
0.8501300101945023
0.819194935014381
0.8156348024510165
0.7827787657510531
0.77437905943985
0.7606009431644313
0.7488405723610367
0.7194815223851573
0.6995020757350432
0.690811935171731
0.6792745002223028
0.6624909703939661
0.648077506721247
0.6342517634621607
0.6148031650538943
0.5957778512988282
0.5856021003516003
0.586672075756556
0.5727193719494392
0.5675731012051337
0.5459776358802018
0.5382181678633494
0.5276923757733764
0.5117376325726809
0.49523812655091526
0.47669040864488554
0.4691369309607401
0.4508556622871894
0.4454650778201144
0.42956588073575686
0.4161206219320342
0.4052287440311213
0.3859214865992252
0.3807908915091744
0.3555209565814168
0.3454013490303551
0.3416278344580927
0.33084576346764755
0.3168741380370982
0.3067877102498364
0.293253326762896
0.28509514034106076
0.2698166752429335
0.25415176625061675
0.2516275031703169
0.24173264635494446
0.23243495650505053
0.2242466657014017
0.21685534977015017
0.20882974705992366
0.20615848615828328
0.20190614846376786
0.19166443982295028
0.18449887358546477
0.17591372675583108
0.17488882561973673
0.1679770509504566
0.15818354320084288
0.15168629214584617
0.14585291495212072
0.14092514194360684
0.13313703453408698
0.12606173431894724
0.11541279848979787
0.11423291033704294
0.102523440742637
0.09843437026076879
0.08897543827737125
0.08971698447300422
0.07883430735205331
0.07009930613255605
0.06110617634718595
0.05969363839988097
0.05060763078060292
0.04990843279160903
0.04461260917241568
0.04007668311316375
0.036433586485192467
0.033030922168482114
0.03174614233193923
0.030553146242441973
0.026577685341735182
0.026197430987656024
0.02292116493271596
0.02225245355420793
0.018594015200088528
0.018316196751472297
0.017242422852418414
0.016390986753556058
0.015277525125022097
0.015132006331408663
0.013840453716575482
0.011494817628920536
0.01041370429511256
0.010867286120328225
0.009215249599583055
0.008237740025843574
0.00801746620874598
0.005809957670840248
0.00640634537145468
0.004842130641283625
0.004713873448109981
0.004680909432928805
0.004183460988719304
0.0036620348586766387
0.0030560438305720235
0.002852869685045208
0.0028031213212294393
0.0022750329795007012
0.0016054369138293484
0.0012697068798376608
0.0008505084462763098
0.0005534646207215769
0.0002893355791422297
8.621812107935883e-05
0.0
0.00014178412127088762
Gbb RDFs at 20,000 MC steps
0.0
0.0
0.0
0.0
0.0
0.0
0.0
0.0
0.0
0.0
0.0
0.0
0.0
0.0
0.0
0.0
0.0
0.0
0.0
0.0
0.0
0.0
0.0
0.0
0.0
0.0
0.0
0.0
0.0
0.0
0.0
0.0
0.0
0.0
0.0
0.0
0.0
0.0
0.0
0.0
0.0
0.0
0.0
0.002688338828121693
0.03146874586917589
0.0890736770025275
0.21291564779032524
0.37652590058357566
0.5411988531519804
0.6975827834519032
0.8582337239051049
0.9465437623094534
1.0238756576055374
1.0192831814226235
1.054583266064667
1.0251812554418873
1.0569408177348305
1.0028039789175456
0.9673274537212314
0.9516110076187954
0.9773964295179259
0.9098915775255566
0.8871945390337842
0.9241295282886927
0.9112876830927582
0.9548196367271792
0.9245941806757108
0.9621603312316169
0.9719481158042765
0.9894670282139544
1.011493163288961
1.0408644262567779
1.0880820403010507
1.0895160333821563
1.149370680870071
1.1331818592317227
1.1320013789005643
1.1779348808212748
1.2050773995185042
1.1894402445223895
1.2050156254474518
1.2079849239398854
1.191958240906847
1.1984195378640794
1.19658392960231
1.2437404806015198
1.2185495156461073
1.2234143521504315
1.2525934178105946
1.234920508124152
1.26787449269434
1.3009236249486604
1.2864740485441728
1.307110708928899
1.296825761404108
1.2974201637504539
1.2973018202501863
1.2614622255549857
1.2262788940580813
1.2081771998733766
1.142323175069993
1.0956060383110278
1.06004872267601
1.0186497023973766
0.9744409507072004
0.9298891224636493
0.8825699957310369
0.84289535809501
0.8328315092982554
0.806340105961264
0.8001445208178203
0.7927106043156007
0.7744602060660768
0.7817045104195703
0.7764526900923177
0.7710740972012977
0.7709187931985403
0.79331802028447
0.7871402579776768
0.7999380567314672
0.821225951926416
0.8434305686304481
0.8648884008727097
0.8839591575515431
0.8826159750037332
0.9063158213255732
0.959995774520459
0.9719870969597226
0.9962759320555241
1.0136345723657916
1.0295247190435939
1.0339310867727327
1.0748879681847425
1.075686211465572
1.1095250775690966
1.1337313963183728
1.1212080989791793
1.123256134214143
1.1452175436344851
1.146176351505007
1.1424820490901384
1.147352450433099
1.1289884751807797
1.1247959264379124
1.1017898929948764
1.097690847891918
1.095556171508766
1.1088109080605582
1.0808938303568043
1.091633397453817
1.0776240869410365
1.0637774936610838
1.0668796172980073
1.0546975001146015
1.0485478721712378
1.0249013557434143
1.0178170462647
1.0094451752642577
1.0082397063192385
0.9810392667899142
0.9710249165444644
0.9854657285444132
0.9574804863784803
0.9534637212911771
0.9382878055270203
0.9349697024517243
0.9248277585153043
0.904207963947513
0.908961359307363
0.9278382374351554
0.9122615224631964
0.9061942183905625
0.9126861836270964
0.9102230575010964
0.8859540956638684
0.8763820488043609
0.8773799301819606
0.8656245957486894
0.8576293743982596
0.8455345629911618
0.8445454550086083
0.8427546090144178
0.8178119746370704
0.8263348304174215
0.8071270720202351
0.7938283617474593
0.7792319822926334
0.771484995870982
0.7653972032295624
0.7531259350764967
0.7339552617297784
0.7225298089173966
0.7145620275375317
0.700436017055911
0.6834354479416896
0.6580269406147392
0.6531581049779106
0.6412785665188796
0.6210188459740738
0.606372664862598
0.6000227884382464
0.5802683420128726
0.5670148325809976
0.5523040726555039
0.5385831027720601
0.5254035605377426
0.5143622340219405
0.501352542165614
0.47973298888909005
0.4698613548813095
0.44442634802997455
0.44250819959103016
0.4274253741178761
0.4124655460655264
0.4056986545801342
0.38715385013151055
0.3831515019952295
0.36302173901382867
0.35448525000361986
0.34529699447892986
0.3336446642180459
0.3234324787539982
0.31400654684171425
0.3032083580846786
0.2966019011832916
0.28004609869254043
0.2677369367446996
0.263963148345268
0.25130549299112875
0.24540166870567512
0.2358084867447169
0.22613423374477573
0.2188289181392913
0.2135995992024666
0.20706365947263616
0.19643426555675905
0.18968321462286752
0.17843901993663766
0.1743522196602796
0.16405256071573765
0.1556109167684689
0.14719414490863453
0.13929991476966333
0.13569139237979555
0.1258823639083082
0.11971011362426978
0.10946843237244158
0.10646789607567361
0.09821902147481637
0.09265252576433923
0.08465840676186326
0.08420769407730651
0.07514393618299212
0.07003993348478708
0.06167561050980433
0.059459851304320084
0.05342990507165259
0.0497741672153057
0.046097158453750335
0.042248605148043024
0.03819529282758346
0.03663902965760685
0.033462648865003386
0.03203684219306415
0.029359071017033053
0.02762277330723235
0.0250521169850544
0.023229997440375214
0.021416636103327773
0.020907780995466467
0.019328199810372253
0.0185649492071856
0.01669908856154321
0.015523058180422595
0.014498719198217486
0.013019640375614075
0.011012575468633412
0.010074535765045923
0.008592154430927973
0.007309773264039062
0.007387060599590549
0.005826007277665773
0.0054820467855234084
0.004367411950961701
0.004069644076868283
0.0033234456973794515
0.0031608371914768076
0.0026618992880296575
0.0022156317771647167
0.0019120296825302992
0.0018687475474862929
0.0014817649011221671
0.0011297519023243563
0.0008267858752431281
0.0005279017942404681
0.0003349917441209545
0.0002314684633137838
5.747874738623921e-05
0.0
7.089206063544381e-05
Gbb RDFs at 30,000 MC steps
0.0
0.0
0.0
0.0
0.0
0.0
0.0
0.0
0.0
0.0
0.0
0.0
0.0
0.0
0.0
0.0
0.0
0.0
0.0
0.0
0.0
0.0
0.0
0.0
0.0
0.0
0.0
0.0
0.0
0.0
0.0
0.0
0.0
0.0
0.0
0.0
0.0
0.0
0.0
0.0
0.0
0.0
0.000469388556537087
0.0031363952994753084
0.032539111374930166
0.08026869283905926
0.19252593566307497
0.33970001409935374
0.5179505507688282
0.6404889544491432
0.7845948434693193
0.8647081651628068
0.9265174945795039
0.9455251133685018
0.9659520293308521
0.9691671903371956
0.9795194712416272
0.9380531785910707
0.8988254583430985
0.8873081120492355
0.939755258811287
0.8753699458579204
0.8519238081241841
0.8850196096853487
0.8728715524290022
0.9057101097217556
0.8934388557695826
0.9248499847637822
0.9423144495109318
0.9566427716455653
0.9711494356360663
1.0221235594360298
1.0438038518698538
1.0843368301119731
1.1230958593509783
1.1182334078498513
1.1338123493025938
1.1801229077435267
1.22055621523419
1.2030564611601862
1.2364166840910336
1.2308975137689349
1.2288935618483616
1.2462103931031037
1.2243700405010836
1.2602680153136676
1.25373430428312
1.239416467912888
1.2680735715351572
1.259688777507974
1.2757938557228043
1.3148989838341436
1.308423133986309
1.332181242652373
1.310782375133254
1.3326539156895065
1.3118240254177411
1.282734098909874
1.2459849970767949
1.2156707674784746
1.1653240973193446
1.1299658896533642
1.0794573266730851
1.0365374127891256
0.9892316762647257
0.938040030639582
0.9011460888949011
0.8671436860621424
0.8474160538248173
0.8120678573058983
0.8111853069681311
0.792267311079652
0.7743597181711676
0.7798616438462147
0.7781341635174718
0.7750781911778623
0.7654526131892315
0.7905544879332701
0.7832457658486883
0.7975037466055868
0.8117664379750452
0.8266021616431332
0.8514694235604596
0.870589841613352
0.8773374003337285
0.9066388134215552
0.9407889710729515
0.9645287284865932
0.9852104784615046
1.0044330415078648
1.0237993289043215
1.0368239560343435
1.0717488336233907
1.066647231315271
1.1056818360551075
1.1157906355408047
1.1138817259958744
1.1085466675306186
1.1399797629393464
1.1345869300772373
1.1317227583780167
1.1375492766422832
1.1274018202727996
1.1250429714470138
1.109484778826875
1.1058610512256146
1.1058275044307437
1.110876385992767
1.0865072653951173
1.0953131458397296
1.079458308848085
1.0643316021586675
1.0677728307080165
1.0602030858367966
1.0538048194978413
1.0324402312261485
1.0146495119643
1.0108978110828613
1.0093534477100312
0.9867050051835234
0.9776406038953367
0.9839378747017087
0.9571593996962607
0.9586494677918875
0.9467789561079933
0.9382819047481862
0.930807017631654
0.9183057569383224
0.9197119371820804
0.9322944579775444
0.9203114035361502
0.9192961341309995
0.9213768047755546
0.9165041486578839
0.8909382487572066
0.8785567623944962
0.8859941019407619
0.8703340499629535
0.8581083631580465
0.8453372018588637
0.8391975129084845
0.8373624826202168
0.8151008269413506
0.8163131568181853
0.8022575834436497
0.791216516872231
0.782949401381355
0.7697244405332538
0.7586442599537808
0.7425837066883265
0.729761498675122
0.7160330287725759
0.7041971028345378
0.6890796760264252
0.6750643806714117
0.6486321016985878
0.6459337305775836
0.6308883843347557
0.6131216208710771
0.5945068141624691
0.5882750049252897
0.5670811370472899
0.5542987139201174
0.5401425728350202
0.5284460219745434
0.5134776285204924
0.5063492462639737
0.49216614962372357
0.47134638949801355
0.4628585903158054
0.44056110553010136
0.4378833387711805
0.4219238965824457
0.4096661113687864
0.40379137058708187
0.38608580173686324
0.3822018311100349
0.36700961019951955
0.3569449182045918
0.34961727642193
0.3372980580324288
0.3300945086521931
0.31894755361931026
0.3081561699010463
0.3025403318518698
0.2887915471021882
0.2804131238115629
0.2722032937941397
0.26144670202301523
0.2549556645977555
0.24508826443510726
0.23568207087808613
0.2283261700429104
0.22116511957027266
0.2123136818897353
0.2021366533731394
0.19230570292541335
0.18302362958036394
0.17760166685921444
0.1660111104562283
0.1572160597561894
0.14861883885441687
0.13932154183297177
0.1325597225588265
0.12434349438162784
0.1182400264424452
0.10822653428689061
0.10339510968347398
0.09656453177219312
0.09140626246298869
0.08374635785013623
0.08187529376379947
0.07375422884185015
0.06986181554148019
0.062231954231902746
0.05939491044444205
0.05371342121047949
0.04987007119837951
0.045830700890433854
0.0415246311364166
0.038757539532601866
0.03698620151223053
0.033665676519451834
0.03205515942702245
0.02935301135325245
0.02776109766736001
0.025523672201118085
0.02385207082248167
0.022239900533439216
0.021269668885393587
0.020208861192619432
0.01919758378363864
0.017709597510395567
0.017115602666986574
0.01568584754545221
0.014343387595271106
0.013130804989790494
0.011516900994795668
0.01022094706478073
0.00850907533631273
0.008179108672631986
0.006922730410743353
0.005800770435844536
0.004863229249742377
0.004211060280311583
0.00389035583981194
0.003222814391309686
0.0028003795978115468
0.0021697911197061364
0.00204354495169905
0.0016979480404579759
0.0013470590010201521
0.0009910104406354
0.00077757243028818
0.0004203662435618542
0.00028158726317413567
0.0002025349053995608
5.7478747386239215e-05
0.0
4.7261373756962534e-05
Gbb RDFs at 40,000 MC steps
0.0
0.0
0.0
0.0
0.0
0.0
0.0
0.0
0.0
0.0
0.0
0.0
0.0
0.0
0.0
0.0
0.0
0.0
0.0
0.0
0.0
0.0
0.0
0.0
0.0
0.0
0.0
0.0
0.0
0.0
0.0
0.0
0.0
0.0
0.0
0.0
0.0
0.0
0.0
0.0
0.0
0.0
0.0007040828348056305
0.0036964658886673276
0.031789855520902174
0.0777091044194464
0.18615415062330923
0.3173414401625047
0.489295666436106
0.6184299750617133
0.7485234279962595
0.826907152027686
0.8856824356799591
0.9055357993632549
0.9102898999811132
0.9244385142707956
0.9298529470761758
0.9033698291092658
0.8565846257500725
0.8596470899327208
0.8846254210994098
0.8549147582626487
0.8324977747924351
0.8594720015654224
0.8498422539409151
0.8692979151513358
0.8771422242802233
0.9071717657391225
0.9235675417186482
0.9294355001583977
0.9553275297595083
1.007155743236273
1.0346094739442502
1.0624429253789265
1.1062921944259774
1.1093089592636594
1.1374342901066528
1.1703120773502043
1.2022912126896808
1.2057394595124613
1.2277813929640489
1.2314400124139124
1.2251252871148681
1.239826118548272
1.213504958675281
1.247567909692754
1.2451505756542833
1.2367863623809965
1.2613618964937385
1.257545369580528
1.2825486065412004
1.321734757202043
1.333221141353779
1.3468259257945183
1.3504447927206737
1.360450464053034
1.3529550986744363
1.3203946797237174
1.3040764914523593
1.2676547164646974
1.2158589702905478
1.1768969201395136
1.1227534432819453
1.0659017515295628
1.0153774864038156
0.9705103540974448
0.9195726762787745
0.8885673222691096
0.85784130231973
0.8247431588926347
0.8156120372642465
0.7850893706052494
0.7745104500135315
0.7715851984319465
0.7702441728302101
0.7675943488645213
0.756394372030949
0.7843825990155902
0.7789437105899217
0.7933476073662781
0.8083942964275658
0.8254247475023824
0.8492517609941193
0.8680327167353611
0.8727289037954085
0.9038126325817125
0.9392126885831215
0.9586089744886896
0.9832592615864569
1.0040412180784752
1.0230649853864582
1.0396310198517544
1.0656878892010881
1.066373683231775
1.099331113797235
1.1072705059051255
1.113597317106771
1.1148138869483704
1.1324214464931976
1.1255245253517634
1.1252156424383504
1.129312916805075
1.1215353725209265
1.1137715429067698
1.100754433423816
1.0974505477938683
1.0998819828739836
1.1003054258208484
1.0770586238837103
1.0843497717827322
1.0722617953454305
1.0611731837224405
1.0576922793664854
1.0496237250372846
1.044418682125848
1.0276889864451695
1.0046795679368103
1.0087017675217957
1.0048225452338526
0.9863633944862618
0.9768013002761964
0.9696183083674248
0.9489797164667195
0.9474691886389797
0.9413897387650879
0.9311622175688756
0.9273968519463701
0.913727374005616
0.9177633949422879
0.9230573915552415
0.9186926774508277
0.9171124815075934
0.9179432970759178
0.908997822230602
0.890276943528342
0.8832365258163061
0.8870759765929334
0.8731328113245733
0.8651734473649016
0.8538039944344487
0.8513377318365029
0.8507269772750563
0.8327805647317491
0.8288654289016507
0.8156455635455147
0.8066165456176809
0.7995802812061452
0.7862266321749032
0.7695670860473816
0.7550207028887042
0.7417178120078257
0.7294138526473622
0.7124169686172102
0.699484937647659
0.6819057950870806
0.6570453075048461
0.6504571990470892
0.6329968522675171
0.6150959271468263
0.5942458506596385
0.5872889925747856
0.5677232693555903
0.5551051019327586
0.5358737635545979
0.5234991265453552
0.5113243352396
0.4986444503428519
0.483910211631896
0.46550014957365266
0.45831403758743333
0.43624619372950035
0.43161892688199877
0.41573708140181664
0.4044299594277078
0.39877438443144414
0.37880116396824315
0.37387186077418505
0.36143555204783473
0.35282031214195103
0.3444786926037791
0.3325852672050446
0.32618024205831203
0.3157791437272643
0.30409947342038807
0.3003744028190668
0.28699910534043954
0.27832246192895765
0.2712244693596067
0.26078090607376414
0.2556881107866175
0.24591011920906272
0.23883040491210233
0.23007504467090956
0.22224202046538172
0.21379386442142842
0.20377245899338792
0.1940944521722365
0.1845831484345823
0.17864506733593666
0.16783293125257148
0.15785371929925648
0.1509339665163132
0.14108414749260964
0.1327742204917696
0.12482926655940484
0.11859172194048936
0.10871492117446684
0.10264767515564163
0.09565490569087537
0.09174336647073104
0.08442532759553302
0.08115144539064209
0.07294966143382059
0.068842585088113
0.06240212995866226
0.059109170660978747
0.05416446961315867
0.05062771266466258
0.04703927626690501
0.042711318972865134
0.039872662164221695
0.038331492448897324
0.03503149892210504
0.03339231750597824
0.031222417629569208
0.029354834860135227
0.026690622134541514
0.025025123485882404
0.022986718980754602
0.02212477494788265
0.020666573358392636
0.019255096017861642
0.017718161145555335
0.017019256559258508
0.015536753226960647
0.013974749129037501
0.012967224437763963
0.011412301989584808
0.010059707525523496
0.008547062279778412
0.007791166759305567
0.0069575045588653244
0.0058087385271025655
0.004660155143326888
0.004108926355602533
0.0036745139048491118
0.0029903998919363914
0.0026003524836821514
0.002039909256906825
0.0020030787150317423
0.0017331126448461589
0.0013171243565530376
0.0009142071314861566
0.0007603477245539482
0.00035926649885809634
0.00026216745192074697
0.00019530151592100507
6.46635908095191e-05
0.0
3.5446030317721904e-05
Gbb RDFs at 50,000 MC steps
0.0
0.0
0.0
0.0
0.0
0.0
0.0
0.0
0.0
0.0
0.0
0.0
0.0
0.0
0.0
0.0
0.0
0.0
0.0
0.0
0.0
0.0
0.0
0.0
0.0
0.0
0.0
0.0
0.0
0.0
0.0
0.0
0.0
0.0
0.0
0.0
0.0
0.0
0.0
0.0
0.0
0.0
0.0005632662678445044
0.0037636743593703697
0.02954208795881818
0.07052178013717349
0.17268517732386598
0.300318862022349
0.4608570453813665
0.5981357140252778
0.7260826856512683
0.8021167201576765
0.8659800965272975
0.8982488577000766
0.9056656615428273
0.9118043836157325
0.9179011097101581
0.9033313632872896
0.8516049146936512
0.8495166896251142
0.863916986261419
0.8429106454327663
0.8304792037311473
0.8404847668886377
0.8400598970610197
0.8470948754770529
0.8635680888749686
0.8819384341628713
0.9191495957377196
0.9265919014610293
0.9461414420888595
0.9906123674365416
1.0153496717632486
1.052979108494319
1.085577858391158
1.0948513525540282
1.1177888831854372
1.1527372804585694
1.1867917585530412
1.189480489497674
1.2161630012659232
1.214762965833604
1.2245834029796383
1.2376007428463023
1.2187415718831267
1.2505254685359803
1.2340852145901793
1.2363378601745054
1.2655188049064883
1.2622926212124272
1.2839927256816852
1.3252285969234134
1.3314523324366587
1.3517721432796137
1.3563549913916895
1.368259527807336
1.3617367080061646
1.3295054632172263
1.3202127749220065
1.278856529524661
1.2293573217419922
1.187278944682833
1.1299439073823168
1.0660917095160238
1.022493339408263
0.9724414337447335
0.9231383891315565
0.8956107095152358
0.8721773694210242
0.828657122311468
0.8261841107949687
0.7923218702471533
0.7815546514466744
0.7815860404255691
0.7782376388051735
0.7737053589573258
0.7630662351737392
0.7793898172344222
0.7780651856212895
0.7951288098974104
0.8122569312910423
0.8252007516414591
0.8440903985626497
0.8677992401160664
0.8732458212112794
0.8995006881003524
0.9304146479970288
0.9500188116388687
0.9767586285237987
0.9976178417295763
1.019846320408163
1.027694256771429
1.0562849738303928
1.0604436365173802
1.0902901224795702
1.1032667376698226
1.1071469235019047
1.1085915134656295
1.1266930382392741
1.123668475153181
1.1213371436307473
1.124904664573438
1.119618860408393
1.1085897738408717
1.099219516883185
1.0985318982350927
1.1010552851346864
1.097142906307664
1.0762569792224173
1.0780448833111995
1.0735139325452423
1.059943062857805
1.058556326624331
1.0462340114749922
1.0389361833430013
1.024354348964202
1.004388777902675
1.0064817981943062
0.9995930231579953
0.9845386934447903
0.9729207553076994
0.9641472913093999
0.9474240514913664
0.9433491368319931
0.9377050180701711
0.9317565566725395
0.9254425058720237
0.9135188535948193
0.9162538346323796
0.9221366360524433
0.9170389518825798
0.919019393996548
0.9163789852691955
0.9104765544536128
0.8909995065047224
0.8845248371583104
0.8875944599168044
0.8726484103196775
0.8687419136253135
0.8581419921223591
0.8540468353529159
0.848383525684641
0.8334144387000441
0.8293866566491486
0.8196881108395287
0.8098542476611243
0.8020118389379484
0.7907305186039539
0.7802441336401321
0.7644378759964794
0.7493822352394687
0.7366655077805401
0.7209182661302288
0.702956377487779
0.6849751864195159
0.6653010083375398
0.6530527037708543
0.6347836158146616
0.6178040082890937
0.5966839953860834
0.5917086479341036
0.5700130191964076
0.5564325406612602
0.5396634834481527
0.5246669182532291
0.5114779267883071
0.49986727601807507
0.4824067152319532
0.4655615862901222
0.4575461482316298
0.4371359648990257
0.43163598579485896
0.4168129676229093
0.40316323847855173
0.3975885513401116
0.37957892228639656
0.3739207009911379
0.36196248873484294
0.3526151917973934
0.3439507559101335
0.33454972932051114
0.32551144683896016
0.3149262420374054
0.3019404282641549
0.29801501216391646
0.286924072894599
0.2775242092101448
0.2694773291764613
0.25941683632407886
0.25441800080197535
0.24583830665599862
0.23752044482156698
0.22844223885230225
0.22018230171365327
0.21254496041031234
0.2035798314156764
0.1929302492726092
0.18423817534827566
0.1778222715314357
0.168136691231191
0.15743594235724703
0.1506919139224634
0.14111226267491064
0.13253398280687337
0.12379318896563525
0.11692890562573659
0.10881538933419681
0.10287190551399135
0.09604827606415467
0.09243596197754718
0.08417603422632765
0.08137664266229105
0.07344038105954441
0.06964807400951192
0.06394156576380988
0.06020797001011492
0.055154198679608954
0.05147358579537355
0.04793952217725282
0.044080574168767296
0.04108898920274484
0.038908045707468794
0.03575501565432132
0.03371836427043596
0.03184232123432514
0.029358443321703776
0.026839251563402094
0.025288171658887422
0.022785607241398803
0.021531162070373176
0.019995648436917486
0.018861712335776302
0.017202630308937438
0.01657379749646872
0.01503545874478712
0.013512275416853526
0.012582948768088085
0.011032442444345373
0.00967437235543417
0.00860892673056538
0.007771769663639247
0.0070361476323104
0.006202362235249158
0.005253553506229293
0.004575599826965422
0.003931963923660196
0.00329718703110914
0.002806534278246298
0.0024448350644576187
0.0021669669735343393
0.001784352496954654
0.0013650197877004206
0.0009632621482976088
0.0007795409680863779
0.0003929935579345706
0.00029129716880082996
0.0002314684633137838
8.04702463407349e-05
2.283771023915849e-05
2.835682425417752e-05
Gaa RDFs at 10,000 MC steps
0.0
0.0
0.0
0.0
0.0
0.0
0.0
0.0
0.0
0.0
0.0
0.0
0.0
0.0
0.0
0.0
0.0
0.0
0.0
0.0
0.0
0.0
0.0
0.0
0.0
0.0
0.0
0.0
0.0
0.0
0.0
0.0
0.0
0.0
0.0
0.0
0.0
0.0
0.0
0.0
0.0
0.0
0.0
0.0
0.0
0.0
0.0
0.0
0.0
6.424792568760094e-05
0.002716064053862292
0.029499357969032115
0.13776212869412086
0.42982636671904845
0.9793412612455064
1.7242724808301817
2.4539961260380174
3.074076129112158
3.4272166674645685
3.5274523418416694
3.4775701105404666
3.170109202232289
2.870312247306283
2.5368855580627194
2.2378456394346706
1.9173635750815328
1.6813926320713286
1.438661596240778
1.252161456102183
1.1068471385851495
0.9761200060560263
0.8755330127909431
0.786105891996678
0.7172448736391389
0.6651039684737446
0.6164221226012313
0.5909970064930404
0.5595935852114983
0.5398326428326508
0.5271844211331693
0.5256832267334925
0.5259214870968444
0.5187310531509243
0.5309695164063778
0.5389811783427799
0.5637245796258515
0.5707119597012592
0.5889959006505765
0.6199401018361769
0.6552383158280283
0.6841820857540797
0.7257383374110716
0.7622011227803391
0.8051938322467418
0.8486736876661644
0.891166533068727
0.9267039827221601
0.9736862146530694
1.0131922227470564
1.06904890445702
1.1091664313414924
1.1550825594763978
1.1971913648493357
1.2267221943202882
1.2456536660952233
1.2908636333247818
1.2683183425381304
1.2739161764901659
1.267244832896276
1.2569929336432781
1.2507966037588183
1.2469366543773681
1.2453292868829258
1.245478909016767
1.2423953272214443
1.2377208255890872
1.2325126875943462
1.2207908797452756
1.2115857888863366
1.184690467901382
1.1631468625272618
1.1414665767748169
1.0968368539689546
1.0630136269122774
1.0203098788681817
0.9840343293321757
0.9498067489320633
0.9215828220917247
0.8986285851084879
0.8791901749614376
0.855941287920502
0.8461955348759302
0.8381249398537333
0.8351822383625297
0.8299714493827791
0.8454786678354189
0.8351892967952306
0.8423618077622478
0.8404265543488505
0.8460400973583917
0.8579646819383144
0.8647669869682743
0.8799542803691724
0.8915547783997105
0.9074255186804255
0.9325931329754714
0.9500596747327155
0.9649857602254003
0.9871635270517525
1.0192431680328662
1.026650254697859
1.0478687426874675
1.0653168055968785
1.0910421518303128
1.1046443009340503
1.116563912271913
1.1303714658214061
1.1467539434354608
1.151329552586246
1.1566288444631363
1.1556813601799814
1.17771945894376
1.1444954406143226
1.1401728871012078
1.1261084366265868
1.1126674775385594
1.0961848810448778
1.0850205689320356
1.068182463560509
1.0489471641596992
1.0379677932084284
1.0220179913159595
1.0002777226416975
0.9703035624247418
0.9483574581368468
0.9273480220105467
0.9063835784447146
0.8933364712408793
0.8699455402881423
0.8474196034281714
0.8323300025825493
0.8116759679668125
0.7913194155971673
0.7575836983255817
0.734293798783877
0.7160906659551066
0.7028286855211018
0.6848958069815008
0.6737360984409009
0.6590819046515971
0.6495734261877062
0.6370375071503245
0.629701174422348
0.616557841067792
0.6087943668134341
0.6042339450311527
0.5999139814091063
0.5935677413314406
0.5931559193640642
0.5911917414552865
0.5928791214778143
0.5929297693686483
0.5962790325285321
0.5859322350393175
0.5781868521703752
0.5749182567801608
0.5691678667141705
0.5582435298799628
0.5472558320991016
0.533733138127311
0.5238492974626868
0.5123719228246582
0.4932810415387757
0.47801623113034075
0.46394122582980457
0.44406884006765995
0.4275892832921187
0.40755297745413477
0.3915578811807546
0.373242296691356
0.34756499454037637
0.3281943084878458
0.3071154920517705
0.29022911138134805
0.27315908534170585
0.2589710561266429
0.2466886618155047
0.2349767470976809
0.22473537163257942
0.21475882967496074
0.20602217481072282
0.19972821874768074
0.191641688360979
0.18610571926168912
0.18107784714220101
0.17590139462545024
0.16951391772894714
0.16602690672079382
0.1600184061659413
0.15606936222390103
0.15037306520567784
0.14488973665512525
0.13895078526559382
0.13413449620173135
0.12872066018388933
0.12526846292507635
0.12138861893076901
0.11842307306017959
0.11470073619790948
0.10889970629863481
0.10482823033220383
0.10211963282494782
0.0931935501742407
0.08710206896208929
0.08091124720718408
0.07483619222569092
0.06753000426499281
0.060909404910390604
0.05582850659452803
0.04852823816782459
0.043136123769700205
0.038748088495615986
0.03493502241180839
0.032101433489138256
0.02943788154061603
0.026243970482118094
0.023520451641278573
0.021422066844028115
0.019701442218100128
0.0172189028906177
0.016179574112487525
0.014629675435804266
0.01346882261664711
0.012396081651584291
0.011411711836916564
0.010549137455683172
0.009657536910195068
0.009171008647595137
0.00868917693684745
0.008224069762282597
0.00741521081256955
0.007010979251846017
0.00688055383253913
0.006262104895255771
0.005798040785829075
0.0056377485821780034
0.005209119862160636
0.004614892158659794
0.003994717964784596
0.00358397590313044
0.003050066675598001
0.002628991185186699
0.001994625637980579
0.0015808248518771825
0.0012161525808302418
0.0008131027606400536
0.0004423147526786152
0.00015474947423902336
1.7668317766820714e-05
0.0001439143412392502
Gaa RDFs at 20,000 MC steps
0.0
0.0
0.0
0.0
0.0
0.0
0.0
0.0
0.0
0.0
0.0
0.0
0.0
0.0
0.0
0.0
0.0
0.0
0.0
0.0
0.0
0.0
0.0
0.0
0.0
0.0
0.0
0.0
0.0
0.0
0.0
0.0
0.0
0.0
0.0
0.0
0.0
0.0
0.0
0.0
0.0
0.0
0.0
0.0
0.0
0.0
0.0
0.0
0.0
0.00016061981421900234
0.0032098938818372544
0.029172906321487495
0.13650559186523586
0.4337038790483757
0.976850242776054
1.7064614381018246
2.452886546181182
3.0617440186223956
3.417050570563601
3.5076866559346183
3.4317005582142146
3.164531834537589
2.8726698512273665
2.5247826552325834
2.228139567189368
1.9204458582099053
1.6742907132430294
1.4422031403498772
1.2657492967784967
1.1163150309840477
0.9880293162733366
0.8814608442822999
0.8003472663116252
0.7238452865867383
0.6714432894236309
0.6252459070174989
0.593565973908611
0.5646915220884837
0.5413526864769904
0.5279814871136209
0.5222578681231398
0.5167611150931071
0.5167997184678145
0.5251779837920626
0.5313195584673763
0.5541629906984008
0.5687131528377892
0.5887697196449155
0.620563197616643
0.6573608634617842
0.6928893335373807
0.7354879313572744
0.7783279340611041
0.8234895994239724
0.8674304656080197
0.9164802334008197
0.9506335937469009
0.9929542585803578
1.0314706693131175
1.0737557090936298
1.10771688694821
1.1485958211975549
1.1799445688377008
1.204589964441808
1.2231933514010858
1.2533958443073343
1.2451738472363394
1.249136426666229
1.245587614289061
1.2376464000384713
1.2450914147927696
1.2397378213282422
1.23979404778604
1.2483935034396847
1.2472165377282818
1.2386531019848954
1.2346179507538109
1.22504977079518
1.2159356633770686
1.1924459720671752
1.165933245552089
1.141162646382167
1.1056229208562354
1.066884235521858
1.0312534866532528
0.9929251219775894
0.9590297496480309
0.9289476211354887
0.9038150892758956
0.8815886405294426
0.862264201294345
0.8483395191301722
0.8406402024130213
0.8309246197597719
0.8273998980706403
0.8306878286080359
0.8311252180909725
0.8374573357243291
0.8374104928793454
0.8490980151339312
0.8592486542923521
0.8710964296554785
0.8895249838670161
0.9029573281727593
0.9209703647134891
0.9441528528183112
0.9638753770640497
0.980072820791766
1.00081305455915
1.026667217977281
1.0391679216875271
1.0576530303374843
1.0728747164051322
1.0898428446442607
1.1038858567327556
1.114037793764158
1.1222950883233702
1.1323478057699978
1.1332820633007348
1.1379715443397809
1.1364980249626697
1.1451832545196525
1.126663747123202
1.1205328072569734
1.1114536565936142
1.0971345733397044
1.0849948591412613
1.0713040657838706
1.060508507934064
1.0454758794681922
1.03749394164267
1.02253450533408
1.004036693387184
0.9797616347599749
0.9578496149515009
0.933328208448178
0.9137238113193219
0.8952102472874793
0.8724456393588857
0.8517388352541294
0.8330596376564811
0.8123497959363337
0.7936260420930693
0.7670839425568938
0.7466280698947428
0.7300788669706747
0.7159498923455815
0.7015650320873449
0.6893981975957925
0.6743270644455703
0.662390158553166
0.6531421347191405
0.6438843413665872
0.6344419707526109
0.6261309447465331
0.6181478634763296
0.6111098750678626
0.6045657905133089
0.6013884803529543
0.5964465769888894
0.592420936879823
0.5861328017269535
0.5843047716509888
0.5736800123111901
0.5649097820720966
0.558579039810679
0.5503320796494837
0.5381555672844316
0.5262012631314392
0.5147783339685377
0.5038111132185701
0.49197551738509065
0.47577978118635295
0.4634190633711946
0.44844310070150717
0.43257871942818477
0.41756196546487456
0.4011102413345989
0.38562243812104385
0.3706479083698882
0.3504418879991262
0.3346214376702077
0.3177588637502658
0.3031695037293969
0.28802414219801603
0.2751008269836742
0.2625505064842986
0.25135798839545775
0.24078057563261657
0.2296691916996165
0.2210953058802201
0.21286189426863733
0.2053790575786366
0.19746915765425405
0.1899383542789279
0.18315539691639618
0.17648012744533448
0.16954214347865418
0.16283307839726652
0.1570011400920979
0.1507337014484333
0.14268576717138157
0.13667393487124294
0.1303350056325459
0.12325887395214591
0.11823030717730498
0.11355893382855814
0.10871617953062604
0.1044268215713631
0.09896593684736711
0.09427365525543806
0.09062837411783634
0.08385370057607247
0.07914149595991493
0.07387960798190295
0.06861431236160602
0.06306620924846867
0.057746883380000016
0.05409454107764519
0.048386800726397027
0.04388544978764218
0.04011788902172207
0.03676847709008164
0.033884720495721624
0.03139223103748386
0.028517509921382515
0.0260573621024456
0.02383554197270213
0.022060942142358292
0.01988930676287865
0.018404265552954564
0.01659026551610621
0.01515216043462567
0.013871404781934136
0.012701849526278699
0.011854816187172074
0.010645941540662793
0.00984155943591685
0.009209796858431513
0.008524335970216953
0.0077133399035228326
0.007012965927746227
0.0065886037272593736
0.005879170423243728
0.005246633686606485
0.004812076256422232
0.004364268131939074
0.0037387673575935516
0.0031984223856300906
0.0026936171095854563
0.0022740252462103753
0.0018619705011364569
0.0013699250806979157
0.0010855606497283774
0.0007868688713282237
0.0005183304738004776
0.0002721936939560709
0.00010138758657039462
9.717574771751394e-06
7.19571706196251e-05
Gaa RDFs at 30,000 MC steps
0.0
0.0
0.0
0.0
0.0
0.0
0.0
0.0
0.0
0.0
0.0
0.0
0.0
0.0
0.0
0.0
0.0
0.0
0.0
0.0
0.0
0.0
0.0
0.0
0.0
0.0
0.0
0.0
0.0
0.0
0.0
0.0
0.0
0.0
0.0
0.0
0.0
0.0
0.0
0.0
0.0
0.0
0.0
0.0
0.0
0.0
0.0
0.0
0.0
0.0001927437770628028
0.0032510463675018346
0.028965164363959094
0.13976116455825613
0.43974473158981003
0.9880863260850729
1.7151241977645404
2.46180428058612
3.061283746802314
3.406991808019054
3.490737228237046
3.4102316866378546
3.1469950366119654
2.8581010680227217
2.5175989967785664
2.2159864799790365
1.921375435661319
1.674664498444519
1.4441437913494974
1.271587035735728
1.1186453384075288
0.9921680127318344
0.8853049531888161
0.800332291154617
0.7303971313743114
0.6733200309725532
0.6274507023932903
0.5957852389534756
0.5637086293744119
0.5421318685131646
0.5281558452968448
0.5229299834060224
0.5154220180214093
0.5162176195912684
0.5257612765504894
0.5335427143544839
0.5514064965931897
0.5696669694463222
0.5941158161423549
0.6285495435340174
0.6625296600143569
0.6994886456910231
0.7419594554649275
0.7845192312613065
0.8315990421590244
0.8735710774342224
0.9209250188324692
0.9608191046210842
1.001044021759112
1.0380881214135986
1.0763741341955273
1.1092027998388148
1.1399748517928108
1.1728370707998914
1.1960319729416524
1.2127464698980783
1.2356025341586183
1.2319626315773164
1.234128716721551
1.2353774961003552
1.2327468537494588
1.2385997477997628
1.2377392007191765
1.2390891858785713
1.2479474543980225
1.2467782458640237
1.2432122089162942
1.2363520380394302
1.2296279361406592
1.217355725496036
1.1943219184669087
1.1666849545912126
1.1412959491859607
1.1056491479215707
1.0694405574746744
1.03552428672158
0.9969748721970012
0.9631534557459257
0.9326453539010516
0.9054517618532332
0.8845002807264795
0.8636292357117976
0.849117908318018
0.8404802897012897
0.8320847177746312
0.8288952558838467
0.8311651368497699
0.831998304992095
0.8372685954308495
0.8399505500897178
0.8501200176356327
0.8620531901795357
0.8767575460962074
0.8918288267638239
0.9077341925262244
0.9251585984854719
0.9477854826949448
0.9671651792916065
0.9842552289487729
1.004748953878752
1.0271344494570214
1.0411140331573256
1.0584818197458572
1.0719777856553843
1.0880578034007686
1.0991021622921275
1.108354027121709
1.1162777103678765
1.12462222357407
1.1278364840684052
1.1305106870101869
1.129282630108712
1.1323500491942853
1.116200817642454
1.1126375147898557
1.1034678971420089
1.0903610201118228
1.0807461905862976
1.0681964132331543
1.0567694876469016
1.0448411667976851
1.0365651925737842
1.0261840024811113
1.0092893766456554
0.9852189189633567
0.9620269911531569
0.9369043940130181
0.917123985744427
0.8966642974996408
0.8744022386316413
0.8529961681989408
0.8337828300366034
0.8146707589424623
0.7952142111558215
0.7717078311123896
0.7523304157064028
0.7359402625120577
0.7215336093120526
0.7067229015615552
0.6954621843124341
0.6814838504595636
0.6685378809711444
0.6596422254145375
0.6486460506022723
0.6396325098606183
0.6317128290162394
0.6229711904447436
0.6148907655945269
0.6076492802655832
0.6024905501124475
0.596635780074844
0.5901704803358426
0.5839679565472922
0.5797362014540423
0.5700419803065926
0.5603535925317082
0.5521087148612461
0.5433163458159688
0.5319787808244054
0.5203238008964004
0.50786942831165
0.49650404485059135
0.4842100668454641
0.46990535415570894
0.4572593452359912
0.443190378526258
0.4277362242715273
0.41291748067658424
0.3980619219722565
0.38346479465322675
0.3693365550789365
0.35123895639878355
0.3360760716672143
0.3214582330588754
0.30695035062504783
0.29341437819613314
0.2809387101403105
0.2682510327201398
0.25702422594645125
0.24674909603439688
0.23589965168566338
0.22719725226298362
0.21822777377768393
0.2107173229540799
0.2018970150484856
0.19399786934189356
0.18560651449739082
0.17880970303129948
0.1711148595668275
0.16359878732941988
0.15738583581480461
0.15006913277467643
0.1420086955091986
0.13580433239846423
0.1288472479696527
0.12155327275505855
0.11621076090935722
0.11081949403766767
0.10605451522947673
0.10144407216365607
0.09605594260553278
0.09139521080458408
0.08740192800477903
0.08113220132986465
0.07649695416707074
0.07171964137577326
0.06676784491356945
0.061995424863641804
0.056967332902663995
0.05316551879210516
0.04854226502151989
0.04417775653148332
0.0404785647905007
0.03731261140685266
0.03444211577749964
0.031802903211552234
0.029097433701077015
0.026407217091046903
0.024255755053446643
0.02238449534807563
0.020369777156561967
0.0187743302799955
0.01692343768661504
0.015545080597008576
0.01409519369233908
0.01294107343790941
0.012043218334024455
0.010945894890325571
0.010106645062600943
0.009331917580778393
0.008514259922970835
0.007798710202498268
0.0070421038409493285
0.006431450404822747
0.005738467305223956
0.005145817926548738
0.0045767676910703926
0.004102469582165537
0.00346958118683117
0.00295442682812194
0.0024613223751232985
0.002037730580210938
0.0016878160463037932
0.0012322272160833277
0.0009424031005217731
0.0006722117001504471
0.00043509711655831396
0.00021906817035499568
8.419320054383646e-05
1.0600990660092427e-05
4.797144707975007e-05
Gaa RDFs at 40,000 MC steps
0.0
0.0
0.0
0.0
0.0
0.0
0.0
0.0
0.0
0.0
0.0
0.0
0.0
0.0
0.0
0.0
0.0
0.0
0.0
0.0
0.0
0.0
0.0
0.0
0.0
0.0
0.0
0.0
0.0
0.0
0.0
0.0
0.0
0.0
0.0
0.0
0.0
0.0
0.0
0.0
0.0
0.0
0.0
0.0
0.0
0.0
0.0
0.0
0.0
0.0001766817956409026
0.0032716226103341245
0.028430970758886082
0.13830472414295758
0.43351137843628146
0.9749687288257232
1.6958821386907197
2.4415071883160784
3.039341478138097
3.3985928946291524
3.484485876132585
3.411088291029633
3.1523885731575243
2.8668665184985453
2.5276424540464784
2.2267300108886365
1.9324997868726477
1.6910220508335088
1.4582264679654369
1.2824069829409408
1.124634065527314
1.000302874010591
0.8896058387210732
0.806382254585993
0.734438002288515
0.6763644177672786
0.6292435370464652
0.5946285311119097
0.5619001067805199
0.5395005324565766
0.526356219762856
0.5181826631097592
0.5107885051450041
0.5119540344425272
0.5195783733111653
0.5311817595487539
0.5468356694538847
0.5649785400139378
0.5923886157354898
0.6244625712105288
0.6592475724695674
0.6990497593973101
0.7415332437077164
0.7837878670303761
0.8322908358490426
0.8758084343268795
0.9210717399049703
0.9622983281920237
1.0014290514293391
1.0402529233778142
1.075830837489162
1.110308142382438
1.1376508829355498
1.1683692865449224
1.1909557172507328
1.2078185596030766
1.229633713107141
1.2273071296487952
1.2306912473030571
1.2340669635758064
1.2330313294160828
1.24042734223126
1.2408489868516561
1.2438210897132684
1.2508589936905177
1.2503836467474057
1.2491117090201473
1.2430303039571253
1.236039078022343
1.2216813094505223
1.199071498724804
1.1701290830252724
1.1442632695984125
1.1087885276421903
1.071554769910752
1.0355572952833445
0.9991171917289483
0.9651931735931549
0.9333103324691056
0.9053882017531424
0.8827362429391828
0.8621370959450901
0.8457744763971248
0.8359526676434391
0.8272897441269197
0.8246064362391798
0.8252452284923366
0.825658567526201
0.8322302010523368
0.8375684770515576
0.8485357789291693
0.8609872007096203
0.8750592111639889
0.8915426230612759
0.9090102740546309
0.9298840269581815
0.9507209599596351
0.9708969226210816
0.9881753320959329
1.0099365358114798
1.030016492881047
1.0436752548595425
1.0609573279718312
1.0719236313459655
1.0884297333916146
1.0989856476756967
1.1070486488722115
1.1147489942663116
1.1214131030397807
1.125016563867544
1.1260129265990233
1.1247582393773061
1.1263529375264032
1.1128040916756983
1.1094480875307933
1.100827632087769
1.088562019551511
1.0804177682230605
1.0693668096120954
1.058617742855583
1.0481252340827836
1.0382399193933352
1.028289756090392
1.012033434107526
0.9877749780475951
0.9647761493155711
0.939901302259113
0.9187470068286918
0.8975474706096049
0.8755164132175163
0.8550723147940161
0.8346022601555056
0.8153975532949302
0.7970718017560048
0.7733278284677784
0.7542820701528916
0.7383471175954942
0.7237970438916117
0.708481249193047
0.6973533034041679
0.682660939001528
0.6710467127705547
0.6609390239159582
0.6494815624086825
0.6413343087297685
0.6330566288140221
0.6237991056630622
0.6154163800485842
0.6077986115755755
0.6029686685942095
0.5954705659479285
0.5886908443192521
0.582386327121256
0.576011281089683
0.566354528849477
0.5567937165399478
0.5484923785478052
0.5394346797145192
0.5280640534941756
0.5161746312378693
0.5036303480993983
0.4925858218853632
0.4801513739676829
0.4666447856806884
0.45425460468223344
0.440680351748019
0.42593872125660426
0.4117128366770181
0.39762597236912667
0.3836703368480723
0.3696137472820487
0.3532054541972612
0.33841017096130793
0.32451551269450774
0.31064269061573657
0.2974026530639692
0.28492110206208177
0.27221905109451383
0.26106187012421694
0.25047960973336253
0.2394579930689154
0.23034304365649316
0.2209804797575758
0.21355755389101455
0.20403298342630286
0.19598969416915615
0.18787241444994318
0.18027213796670935
0.17227451091489498
0.1642293440223438
0.1571973760790672
0.14966812341795213
0.14170187632407652
0.13501950389686454
0.12786971772654407
0.12049506264538856
0.11497896393475966
0.10896657219928323
0.1041055978541582
0.09897565582689341
0.09356217364090169
0.0890095389837899
0.08472843286481321
0.07900907799534383
0.07458122310453794
0.07006543589262801
0.06530984302681442
0.06086063269715208
0.0564309467747305
0.05281703727121894
0.04834647352202305
0.044276932033858005
0.04064336292102243
0.03767320986590245
0.034803572446666195
0.03225970568462554
0.02953479598679012
0.026792168409022158
0.024810172311811145
0.02282469512570794
0.020764991149561624
0.01918473636536212
0.017347911846157537
0.01584807433733532
0.014375982129297011
0.013186042902002867
0.0122037922738647
0.011063439538219734
0.010200344994912158
0.009343250113184544
0.00854096144817305
0.007753357231167568
0.006998562527469695
0.006394792255342238
0.0056215955737829405
0.0050161513541272015
0.004419036915389953
0.003935129483500768
0.0033245126962198395
0.0028106775074194642
0.0023324958478575597
0.0019027938893638908
0.0015590529121456006
0.0011417575722942335
0.000854376437286223
0.0006017232545451122
0.00039212827148383953
0.00019563921753092595
7.870878431122741e-05
1.060099066009243e-05
3.597858530981255e-05
Gaa RDFs at 50,000 MC steps
0.0
0.0
0.0
0.0
0.0
0.0
0.0
0.0
0.0
0.0
0.0
0.0
0.0
0.0
0.0
0.0
0.0
0.0
0.0
0.0
0.0
0.0
0.0
0.0
0.0
0.0
0.0
0.0
0.0
0.0
0.0
0.0
0.0
0.0
0.0
0.0
0.0
0.0
0.0
0.0
0.0
0.0
0.0
0.0
0.0
0.0
0.0
0.0
0.0
0.00015419502165024226
0.003308659847432247
0.028454712696889328
0.13965835699952917
0.4334123781214901
0.978694656451308
1.698043995526902
2.4471512511878495
3.0406032577828026
3.4002328102604626
3.4806728107410674
3.4044970965673755
3.15288595781388
2.8609140723593307
2.5286477758138206
2.2219299513786295
1.9285478595759131
1.6901712445177377
1.459413317137608
1.280128922738665
1.1276993160612772
0.9996472284746915
0.8906281971912707
0.8059030495617255
0.7360232670317796
0.6766764201406511
0.6295017604714797
0.5959358799747028
0.5626969051407276
0.5400983311335101
0.5264969517250295
0.5173749101041264
0.5115445617217678
0.5114544316981539
0.5197657796296792
0.5309557693222132
0.5459365786031616
0.5662304243126373
0.5921583223479078
0.62346963793456
0.6585911549606095
0.6994015091421983
0.7418679452935263
0.7869221537407906
0.834178937412559
0.8780886873595664
0.924798455146497
0.9644503871700876
1.0029749662558216
1.041519352809222
1.0739369846776072
1.1089762760554918
1.1331208627641411
1.1627756905838946
1.1849207901593664
1.202413956279051
1.2222815965607956
1.2220126962257858
1.2272882888060699
1.2302236263558535
1.2332387778252827
1.240551760476508
1.2416790369947874
1.2468990558133235
1.253356257297743
1.253682843725621
1.2542303784718152
1.2476102662629907
1.2405471170493299
1.2248013354061171
1.2019697532311107
1.173704760541179
1.1463785184890138
1.1103427435339523
1.0724517189458787
1.0357822613273717
1.000054748052883
0.9654686338812051
0.9329830080671607
0.9056475269615128
0.8833506443929046
0.8616947693296831
0.8453889233900456
0.8348645139480039
0.8260592746842554
0.82377884053771
0.8240872558328248
0.8257768567192565
0.8322880721570287
0.8374080307883498
0.8486352826028176
0.8616156294145779
0.8760577692028397
0.8925027944895529
0.9086398727562706
0.9295632180526947
0.9504179309576437
0.9706024174718366
0.9874781434697607
1.0082360559724306
1.0279886143430992
1.0430809958214433
1.0594233245137685
1.0708649145968292
1.0873420052028167
1.097711461417522
1.105445084468964
1.1134808133826168
1.1196044029364078
1.1219284379231342
1.1227053554826274
1.122636399941992
1.1236153815452223
1.111529164342674
1.1072034649123135
1.09974612212027
1.0883493581434234
1.080969177066928
1.0707502433822653
1.0593640683088485
1.0490304530741599
1.0409971939614013
1.0317231023797537
1.0151876893622187
0.9899320042763299
0.9680407584771252
0.941870163640118
0.9201695717541319
0.8985100918239448
0.8770476003756652
0.8555313553257454
0.8352794678085622
0.8158422319655966
0.7968676085907939
0.7745008655138591
0.7553346686173958
0.7395844385978361
0.7243874755681392
0.7089675562035224
0.697700217792804
0.683397879723704
0.6723741523047672
0.6618664942041742
0.6511741110714308
0.6434258710459113
0.6346427633985638
0.6251344793634548
0.6176259993378642
0.6090812464489691
0.603328256310298
0.5960458883629549
0.5884985634324029
0.5813194784922702
0.5737955245441639
0.564177031741605
0.5543747073975737
0.54489331465933
0.5353697750991577
0.5245576180866194
0.5127587863498838
0.4997640630387981
0.4889778828605582
0.47668921128091307
0.46381407883942355
0.4511407264256035
0.4378782346106265
0.42428461169294235
0.4106306722811252
0.3971061607049369
0.38384312419047717
0.37021071799531347
0.35457509508983426
0.34046393233583155
0.3264471876685893
0.3134134032150515
0.3008563814451464
0.28823993399274156
0.2755480745398497
0.2645119532997816
0.2536471920056992
0.24255962335316625
0.23310758686228064
0.2231385327035545
0.215357798703797
0.20557905205476146
0.19713554812116746
0.1886869462274376
0.18064240256799857
0.17209672561797104
0.16406909867112085
0.15635260073935883
0.1487214873030062
0.1408067920854857
0.13403996296883045
0.12658861765692006
0.11945353108576728
0.1134594066490792
0.10754598439599326
0.10265868732804256
0.0977561702036655
0.0923046464363083
0.08759920991808895
0.08332095900757441
0.07804780808164473
0.07361012873984739
0.0691788854579853
0.06481558943063451
0.0604243030154243
0.05622402954396959
0.052470361964412814
0.04840526941709584
0.04454290797180551
0.04112716725810006
0.038008372235126986
0.03524355571891986
0.03269985624488731
0.03000312724456395
0.027405282811432643
0.025385270213940027
0.0232888429358894
0.021297771402647454
0.019583308985619875
0.017841796874556035
0.016327104790700885
0.014819736597248886
0.013565771687495282
0.012493032780784681
0.011287992715204122
0.010333024099064838
0.009426772568440623
0.008537233310691986
0.007702535225058753
0.0069060827643148545
0.006250888470341169
0.00546803003615765
0.004887003447995349
0.00422164811610986
0.0037127445615502794
0.0031231944538878784
0.002618129075215358
0.0021650370156960927
0.0017460932161221586
0.0014173208292232733
0.001029697884699199
0.000759526946173592
0.0005303877374904427
0.0003439911457430648
0.0001715536571117868
6.794747029805394e-05
9.540891594083186e-06
2.878286824785004e-05
Gab RDFs at 10,000 MC steps
0.0
0.0
0.0
0.0
0.0
0.0
0.0
0.0
0.0
0.0
0.0
0.0
0.0
0.0
0.0
0.0
0.0
0.0
0.0
0.0
0.0
0.0
0.0
0.0
0.0
0.0
0.0
0.0
0.0
0.0
0.0
0.0
0.0
0.0
0.0
0.0
0.0
0.0
0.0
0.0
0.0
0.0008127686414932619
0.008971796149937549
0.049364260748387644
0.1544261471196476
0.3129280113506921
0.4874298381969923
0.6138270735252531
0.6874475548710031
0.6892651239183366
0.6428796400459457
0.5702500794132596
0.5046272700204141
0.43050624864161136
0.3705891704325197
0.31724129342608465
0.2735605166025252
0.23887168388976898
0.21029184861188008
0.1827978618504708
0.17465748644600518
0.14631938394476696
0.13292256100489272
0.12309436918664389
0.11149052264266861
0.10439768941444243
0.09889532837389689
0.09474610411272053
0.08772016337944602
0.08576021838531925
0.08303045956938325
0.08211437078742348
0.08327572937394916
0.0839950992424461
0.08453939263925334
0.08572451426305801
0.08805196653136661
0.09362887643144185
0.09712122456682998
0.10144009341979977
0.10425285629465611
0.11025363135298165
0.11792800936993159
0.12324393133797523
0.131255116218375
0.1406202256191331
0.14526702492227106
0.15631832429457007
0.16189334197016797
0.1677327176182932
0.17516254410936694
0.18417137759330915
0.18880640970060186
0.19533912196789852
0.20379727550992424
0.20851297147963296
0.20946941459311147
0.21627281237443163
0.2206161435982912
0.22100596407455592
0.22287720154218846
0.22826949999881643
0.23050432238112034
0.2310675776095203
0.232661691054338
0.2347974910571756
0.2290655144157754
0.224390397769011
0.22110106201293098
0.21556790878291593
0.20924548892704117
0.2013559207224816
0.19415072363326405
0.18656941574865135
0.18004352858333061
0.17074021188304067
0.16684974571125508
0.16238007379002364
0.15553316164967648
0.1522171109555903
0.14732438558388303
0.14701370229772362
0.1403931947343678
0.14149998633864175
0.13778063051021927
0.13813012476466138
0.13798035394688354
0.13874893680803296
0.14089861312413002
0.14208914062487005
0.14315089503688933
0.14519151662587831
0.14893010224583883
0.1511874031617141
0.15330778530037595
0.15895038092750707
0.1602998201384311
0.1628833669299267
0.1662796402894955
0.16802939255065047
0.171354583676947
0.17413639051817478
0.17729015963407335
0.17962824156056628
0.18013659606193932
0.18199756249551463
0.18295071914180755
0.1848265232908951
0.1854561354298505
0.1859030645639485
0.18816160684634353
0.18865791270043375
0.19025019996781253
0.1898634033245126
0.18890224967446373
0.18990947316589443
0.1892510897958404
0.18955556865542714
0.18780133708577273
0.18764215959098118
0.18673665402625153
0.18914812636399062
0.18228050186642003
0.18183803193082262
0.17832476910105374
0.1768859156146206
0.17399263216388813
0.17232431047076127
0.17027551190258935
0.16798931947175386
0.16572636904151666
0.1643375214349412
0.16109693146661136
0.15685213056955252
0.15347529332241971
0.15089920004033497
0.14698364134608594
0.14516126869251783
0.14287021445557632
0.1398340126431502
0.1379534330753873
0.1360844477780163
0.13459396787681377
0.13094362723516925
0.12833861541840047
0.12608243016378162
0.12458536635508065
0.12196897724719022
0.12112531395626921
0.11951297779559314
0.11877190644100608
0.1156290436194738
0.1155437797324694
0.1133963715558507
0.11156300764881204
0.10988227277102976
0.10906094295584141
0.1079110159407381
0.10609954907331502
0.10497227671945922
0.10445547329365766
0.10328336000727402
0.10319539181456597
0.10075225603028967
0.09892218670400811
0.09712925551455649
0.09509234368754878
0.09332893124255488
0.09061275856306251
0.08885919497700258
0.0864166703549398
0.08518136158799468
0.08098105135017783
0.07825993060890876
0.07546889613827759
0.07219635272492055
0.06938639159982375
0.06641210660669367
0.06329526890752049
0.061800172690062695
0.057556678000942225
0.05487299444205097
0.052641867608524955
0.050204792800617716
0.04745642838853392
0.04544719274630441
0.043554420665449685
0.04155890349237516
0.03977909414547873
0.03827705939677895
0.036965729091013574
0.03530687843626091
0.034251828528646756
0.033005156272357825
0.03161592847556546
0.030979095716198845
0.030103528672979572
0.028662187696200513
0.028324845790540135
0.02717081670439486
0.02614759503239749
0.025255748987469885
0.02419091998338727
0.02360761945794579
0.022362054119144797
0.02162371125774749
0.020908994468010582
0.02033254576598254
0.01932612368801261
0.018287581173424907
0.017442582136582722
0.01689471999313761
0.015041811846837205
0.014042816910882166
0.01314215351265156
0.012098427972194885
0.010978074812617693
0.009964858406291821
0.008993550543900958
0.007892974194404122
0.00723664494521803
0.006528691926985831
0.00590786952508812
0.005320304105317257
0.004912287451371208
0.00438651935579656
0.004103494813230369
0.0037252519083976567
0.003342063948336853
0.0029436938989670313
0.0026835613470154573
0.00254038896085159
0.002289757146147108
0.0021478031335676693
0.002016427582921387
0.0018230569603982865
0.0018556696846668713
0.001689200818074433
0.0015743561413650447
0.0014542168268934365
0.0013747525806837872
0.0012997759981552117
0.0011738772568394725
0.0010838838331636346
0.000989802942694156
0.0009359830393588738
0.0007897462846087316
0.000723683583731435
0.0006662787356296686
0.0005306318052868511
0.00047147919582936343
0.00040742176592215457
0.0003089869420511483
0.0002481330840827371
0.00016885296322287892
0.0001294835828212088
6.55306941929822e-05
2.6766348331179846e-05
3.021285213829103e-06
2.4609375775469926e-05
Gab RDFs at 20,000 MC steps
0.0
0.0
0.0
0.0
0.0
0.0
0.0
0.0
0.0
0.0
0.0
0.0
0.0
0.0
0.0
0.0
0.0
0.0
0.0
0.0
0.0
0.0
0.0
0.0
0.0
0.0
0.0
0.0
0.0
0.0
0.0
0.0
0.0
0.0
0.0
0.0
0.0
0.0
0.0
0.0
0.0
0.0007502479767630111
0.009031409413392285
0.05155506655681752
0.15646522476647395
0.3202096404688001
0.5004397529118436
0.6278460210332645
0.7030802061104534
0.7003613937254315
0.6530024821384857
0.5785829733901618
0.5115030460925355
0.43533103357526687
0.37135953187753723
0.3181239758127523
0.2731641743004193
0.23644535074507095
0.2074128624297918
0.1796802610452007
0.1664276680472735
0.14307385232307157
0.1314271132789459
0.11870815590127536
0.10905753155075663
0.10169331363985265
0.09727608933982963
0.0922941439476682
0.08692270734872377
0.085448119852074
0.08320377820644916
0.08178789323267036
0.08336279501966608
0.0845532062141567
0.08507291720553664
0.08711767929763284
0.08945954681339556
0.09379919224304524
0.09611209345514692
0.10199806504551333
0.10506707209931632
0.11091829814984566
0.11822069358959134
0.12326323646506451
0.13161705369056903
0.13940868070139634
0.14612331459761038
0.15531272258625553
0.16290728056897905
0.17025660603607196
0.17872219725187322
0.1869301862454105
0.1923868411993402
0.19838148044737833
0.20398115909727013
0.20933649175146582
0.2113831428909398
0.21593299231623056
0.21894304350535213
0.21963008108258117
0.223439578542564
0.22681403957733998
0.22980993964028795
0.2314118619673367
0.23294271916177808
0.23300285439011997
0.22927912408397647
0.22515679978784295
0.2210416065726247
0.21541972745540464
0.20926092196137433
0.20051359947115302
0.19284685639704952
0.18538872892183697
0.17810720131600005
0.16964445564793265
0.16376544525261263
0.1591394138001221
0.1529661839170385
0.1487710841700304
0.14491977811254633
0.14268451366423238
0.13903698140419682
0.13909958741858994
0.1363460668940059
0.13651835596079734
0.1364629401543928
0.13772718980960177
0.13937263536466288
0.14133307409187812
0.14330580656199549
0.14475873182550525
0.14838422249788755
0.1513233467564525
0.154025052995769
0.15872751492222165
0.16120138742911128
0.16472871584281712
0.16824860095360342
0.17116266913938494
0.17320652017324864
0.17647853814690528
0.1797639388183911
0.18169377547272092
0.18269450478357466
0.18484469185486357
0.18597109054202882
0.1874781798223226
0.18828949305447323
0.18915273068763025
0.19027003992035638
0.19034451561285665
0.1906646026764966
0.1899570896831154
0.18942215377655283
0.1898972266879672
0.18864107042774914
0.1876412386439302
0.18608253768896585
0.18586548168727132
0.18442922477956752
0.1847182248123468
0.1804556579159676
0.17904955606346823
0.1771419195347384
0.17528978102318996
0.17294678860872165
0.1708735300667891
0.16953500220363776
0.16742618176285332
0.16548004180911513
0.1642423328956528
0.16085537834813085
0.15785821207207684
0.1538713585955098
0.15130387504160156
0.1470890679099299
0.14493142360876782
0.1423370851144755
0.13988497865000493
0.13763283788358308
0.1361686190072606
0.13458426869223442
0.13182305520800383
0.1302627219201257
0.12795846587649767
0.12700788108882857
0.12526545678718892
0.12411340606782909
0.12303410671411169
0.12170277859517575
0.11879732463385742
0.11885067630043758
0.11647648958768766
0.1149324700742925
0.11320185760475322
0.11185948685479011
0.1100408295428123
0.10777274826762097
0.10623305872289404
0.1048438732225627
0.10257060828680474
0.10106244721175205
0.09883913976796861
0.09667433556477573
0.09450736228283216
0.09234742567527043
0.0902115060990205
0.08748491359017985
0.08513060981841512
0.08306061237518245
0.08065033566356226
0.07763361835402618
0.07493964769201605
0.07220173291098049
0.06963418389537847
0.06720162656285947
0.06476125041268131
0.062362067984223384
0.06020049550788768
0.05751072213406061
0.054821416921926644
0.05278923090620604
0.051101018250148914
0.048846236000038575
0.04722598928461234
0.045382088037052314
0.04343555585533499
0.04182033006576531
0.040652189521185836
0.039199704357780925
0.03766475584605787
0.036518749978273084
0.03535145227520383
0.03364852788454238
0.03282409497691258
0.03151615068965842
0.030101596882488986
0.02919139203352224
0.027987433643380716
0.026465015107372484
0.025318062133776423
0.024065488296243068
0.02315359185086167
0.021550575172697116
0.020641952244599325
0.01969328313139531
0.018880534975968137
0.017854387840978172
0.01679259044043848
0.015874560155442235
0.015184648828979335
0.01379240916171506
0.012818332875606568
0.012048636564777233
0.011109126427941853
0.010150320606656995
0.009424472709633803
0.00860720334037108
0.007817018709348571
0.007146990205736653
0.006510976590715065
0.0060309338618427
0.005417234292340236
0.005119691723366279
0.00462062490734656
0.004339258139835699
0.003908843398126808
0.0035728343975069284
0.0032294642334046515
0.0029558173652210287
0.002801147689725661
0.002580145916581534
0.002308672436634819
0.002179699624982881
0.001964929097394262
0.0019215160283163409
0.0017437362749493524
0.0016184353366810412
0.0015079746053283597
0.0013891228167188093
0.0013089484895169971
0.001147566214875829
0.0010390011280820748
0.0009405788716193122
0.0008606816515770026
0.0007448147061239324
0.0006621281393906424
0.0005996508620667016
0.0004821297456026414
0.0004194825050849884
0.00035197945718469184
0.00027217281555421926
0.00021094437248847297
0.0001440216451018673
9.8962452584781e-05
5.573171188375121e-05
2.18997395436926e-05
3.625542256594924e-06
1.2304687887734963e-05
Gab RDFs at 30,000 MC steps
0.0
0.0
0.0
0.0
0.0
0.0
0.0
0.0
0.0
0.0
0.0
0.0
0.0
0.0
0.0
0.0
0.0
0.0
0.0
0.0
0.0
0.0
0.0
0.0
0.0
0.0
0.0
0.0
0.0
0.0
0.0
0.0
0.0
0.0
0.0
0.0
0.0
0.0
0.0
0.0
1.0941010453878158e-05
0.0007815083091281365
0.009359282362393322
0.05136538640024351
0.15824148796104268
0.32441391442389816
0.5090092820621364
0.6353426780694634
0.7052240689695485
0.7019654089648729
0.6553704601462298
0.5799464148325865
0.509797124377672
0.43489526677489115
0.3720392625643173
0.3183774192703103
0.2718739536148402
0.23636935820810054
0.20676259961270815
0.1798323391332627
0.16335098586365474
0.1423383882859915
0.130997545345379
0.11810953014086738
0.10980382137150267
0.10250274397609875
0.09720709920554607
0.09234731898739221
0.0868863724216645
0.0854109652647829
0.0835865235299697
0.08274626282888115
0.08325524333966283
0.08441367947122906
0.08511495247439531
0.08747502219350682
0.0893736813495681
0.09317171293713802
0.09555728977036877
0.10080403416198891
0.10448548938170188
0.11062379131708885
0.11775398091499877
0.1235373692697323
0.1318960471587186
0.13924542287560207
0.14677572577882125
0.15535257160499993
0.1642076425007876
0.17103516904111246
0.17916153886779967
0.18709095598038142
0.19299092103041027
0.19891522754904145
0.20498900192846092
0.20966216105848692
0.21157971921156263
0.2164313950682588
0.21883668280292648
0.2199455008989232
0.22341026031031688
0.22670690514775194
0.2286850908460982
0.2305163875670794
0.23162961122116627
0.23182577912781038
0.2279927191932546
0.2243748678395514
0.21943935868129316
0.21462643347983892
0.20690995639795992
0.1991212792536613
0.191452236030745
0.18390433740092757
0.17720851001094343
0.16974064542179418
0.16274527899158683
0.15852715914499027
0.1534614310524118
0.1484845436495681
0.14505882634720346
0.14280365449155116
0.13934673383145807
0.1392396106889263
0.1369215133163288
0.13707954092785501
0.1370001472546168
0.1384497542725658
0.1395910979926208
0.141638604162889
0.14387170784758746
0.14576960087961405
0.14869600774718555
0.15167780709236292
0.15454589053391746
0.158670820938421
0.16180243228956473
0.16475149792816143
0.1686017882430787
0.17171277936313187
0.1741402161878298
0.17716244883987178
0.17999196133698842
0.18279365049261087
0.183896103033859
0.18575050031711285
0.18699376889819455
0.18790754277911462
0.1891281473793831
0.1896521851795823
0.1904982356081864
0.19029525460985125
0.19064222338682835
0.19004772933086927
0.18953605901366996
0.1896934898279053
0.18781342252833882
0.18728166872113577
0.18558318574450702
0.1849861372334399
0.18358483943929552
0.183479668926519
0.17979572366051536
0.1784006907870031
0.17621241930082146
0.17438884298410243
0.17251207245440764
0.17067459148405745
0.16924455046939255
0.1673808933725091
0.16526643473540353
0.16431067338539831
0.16118921018603088
0.1585304235648746
0.15449021058471313
0.15156637480844187
0.14798260124611576
0.14502455786203455
0.14282853292230482
0.1400317496096357
0.13758711726344602
0.13598311542436298
0.13413918388876
0.13148087777857367
0.13040797232188628
0.12859632844993438
0.12702955214714964
0.12587421433290297
0.12486750030761257
0.12336720336079293
0.12229548091134423
0.12018424282890888
0.11973212793396161
0.11761823268632376
0.11606179148279037
0.1142788033316285
0.11274353111584318
0.1105763886339366
0.1082170672587862
0.1066361842990996
0.10510503869199882
0.10259514020648601
0.10102415180747458
0.09872277965551347
0.09637007316353179
0.0941518693436414
0.09188278453979735
0.08943663066890545
0.08691334342388196
0.084550171519066
0.08230847628196382
0.07979034947070614
0.07689775938194252
0.07426992146865137
0.07149064903283311
0.06908542375390792
0.06663341918205769
0.06448753037499777
0.061958902630653935
0.05992987832943847
0.057452954317458414
0.05515978008586278
0.05308558882958682
0.05137999963381737
0.04926606258829478
0.047569748774356775
0.0457027038177153
0.04380173192615642
0.042183823706533695
0.040979129820212935
0.03950928904546403
0.03798523428394677
0.03682186938124743
0.03548476454809281
0.033961185275968184
0.032820049990372385
0.03165075487727836
0.03020182099691888
0.029080490520903196
0.02780033137153645
0.026376274011142915
0.02524990232189051
0.02383720872937236
0.0227897643950516
0.021344928454858917
0.02018099896818035
0.019263826308402454
0.018403855888931526
0.0173123682211679
0.016283881319166756
0.015393642880241552
0.014740603471105148
0.013511339300028801
0.012545899490634203
0.011822396456342065
0.010959982037846736
0.01012672504270392
0.009426773375009004
0.00867528746695768
0.007975059420358893
0.007302497541474262
0.006671464414856883
0.0061490495797648205
0.0055966197584574285
0.005198061550322983
0.004743979056042563
0.0044489272542480385
0.003983835003904153
0.0036634497626610893
0.0033252152101401282
0.0030527012635914795
0.0028549550464774536
0.0026273960244632905
0.002366854101055078
0.00221649835656348
0.0020176582416444335
0.0019282062985267144
0.0017605164155262507
0.001626649569928904
0.0014916634845211826
0.00137178729388291
0.001263765476512647
0.001108661853681724
0.000988535996995346
0.0008937938310932221
0.0007941874436526601
0.000700101772789911
0.0006031782165034283
0.0005390604657197966
0.00042784598343951916
0.0003766304266187653
0.00030773121459231684
0.0002445884415693407
0.00018271428609618846
0.00012332888000102428
8.488368207168133e-05
4.8178329687052335e-05
1.906088441765838e-05
2.417028171063283e-06
8.203125258489976e-06
Gab RDFs at 40,000 MC steps
0.0
0.0
0.0
0.0
0.0
0.0
0.0
0.0
0.0
0.0
0.0
0.0
0.0
0.0
0.0
0.0
0.0
0.0
0.0
0.0
0.0
0.0
0.0
0.0
0.0
0.0
0.0
0.0
0.0
0.0
0.0
0.0
0.0
0.0
0.0
0.0
0.0
0.0
0.0
0.0
8.205757840408619e-06
0.0008440289738583875
0.009284765783074906
0.05133456337480023
0.1567303048605614
0.32375293320930804
0.5072061535314815
0.63671076826599
0.7084474926633834
0.7071839516959324
0.656227224848883
0.5851498216277453
0.5141449458475197
0.4374988950318119
0.3745134822641969
0.3208856355571777
0.2750784232914419
0.23738982941884604
0.20795562211985763
0.17980952742005338
0.16229437230099358
0.14163969745076538
0.1296353325934797
0.11801717709604609
0.10945224553109341
0.10176547215820017
0.09639342144531929
0.09193964368284137
0.08649242531775854
0.084815563003443
0.08295734076937109
0.0814956431634962
0.08199279147676748
0.0830557852766653
0.08392583938802756
0.08617316063012448
0.08827276343835154
0.09186969337738055
0.09437123307416988
0.0996064538406419
0.10406176483029708
0.11045019439961522
0.11759379563261743
0.12394470745131617
0.13212979844284395
0.14024092736221247
0.14812372241058794
0.15677365793522297
0.16587691768549692
0.17310648270488208
0.18130730084982447
0.1890732468125731
0.1945640455904886
0.20025062173993324
0.20554115510467164
0.20993568392057718
0.212257618434887
0.21512308784418468
0.2185559830360901
0.21900196058624485
0.2222495248427172
0.2257139518979116
0.22788437274089476
0.2294064684086688
0.2302889756735391
0.23025285184235417
0.2272249111081097
0.22338056410589965
0.21882460467351067
0.2137706488939339
0.2060740003715817
0.1988278742933656
0.1909038177016466
0.1841035565351275
0.17701686220788493
0.16990981834575347
0.1629472626550628
0.15881866255563426
0.15302082085907
0.1484713477045468
0.14476404408973043
0.14253680335281166
0.1391006660248596
0.13844918521120825
0.1368888043396072
0.13677558947615423
0.13675145064819788
0.1378472492218972
0.13906042944485736
0.14107302573021213
0.1431793481741537
0.1454063522462074
0.1483090873640403
0.15157861861768346
0.15447818165395816
0.15825539088470914
0.16165361589382743
0.16515018442168714
0.16910677589736822
0.17217596940483662
0.1751941471565768
0.1781121256147053
0.1808616286172202
0.183803103933013
0.1854109935318033
0.18711196816023168
0.1890121580087383
0.1894709436318718
0.19069741977337384
0.1911726306466422
0.19169448019048285
0.1914241525953916
0.1913359813665434
0.1906374582995539
0.1901411100999407
0.1894685999605146
0.18748423189636884
0.18723970683879762
0.1852735018132868
0.18460254834714163
0.18324520424673557
0.18233348866717597
0.17916705302581573
0.17777163050345643
0.17534625640000406
0.17394771095878195
0.17185239149946202
0.17001188932421832
0.1686114984305534
0.16674545040592112
0.16479662264553493
0.1636570149064707
0.16081014368174873
0.1579954863037546
0.15438721593222426
0.15141138049550176
0.14783569537846433
0.14511811933664653
0.14282965945023107
0.13989834678295043
0.13771587864847049
0.135924277283532
0.13416962855146738
0.13165156675330109
0.13035880861965699
0.1289356004074328
0.12730740607348048
0.12594389601423625
0.12503771447961995
0.12347790239641167
0.12249613920486559
0.12065233995437351
0.11987027852652354
0.11820096743534429
0.11631974927143594
0.11474508068361768
0.113076442105317
0.1111768221510476
0.10883173509946019
0.10707887840921124
0.10537658381470744
0.10299825931908631
0.101045050156666
0.09873415564416133
0.09633541986465952
0.09392185075029173
0.09142129993377725
0.08893540005851634
0.08633465185247849
0.08390236639349798
0.0815472270696836
0.07906005328803926
0.07611400896717123
0.07373721154495211
0.07105026850709069
0.06871626662352781
0.06624220227415051
0.06408377909280137
0.06168458102993851
0.05976579454814889
0.05745369256431594
0.05531414684822068
0.05327645420776416
0.051570957271189925
0.0495090919746263
0.04780939219687881
0.04613508909311024
0.04428025747325261
0.04266977087876661
0.0414106773853175
0.03986928891551126
0.03834891200970156
0.03719778060142016
0.03576694219237449
0.03426951833499692
0.03305854239678228
0.03177340672642668
0.030387474237458086
0.029199674152174445
0.027967018219906065
0.026392176043246993
0.025175665054994446
0.023760149116224157
0.022636681420196404
0.021154292446351967
0.02001193810081157
0.019037800287910512
0.01805630790675748
0.017036127122706954
0.016021093921014768
0.015147178139293482
0.01446176284781387
0.01339782761076993
0.012380149399418311
0.011650672871280588
0.010822315580076914
0.010058052404262462
0.009366820741996356
0.008605591881753645
0.007940346431136136
0.007304877755796777
0.006654273977438585
0.00613094805298293
0.005630868424538882
0.005233590915408099
0.004779495885233672
0.004504898933608253
0.004055942317151599
0.003731349050698995
0.0034066344277771323
0.003119170976144371
0.0029083363268748758
0.0026825614317472334
0.002421856767316292
0.0022708032808377633
0.002075057343737388
0.0019577843352462623
0.0017734511072209434
0.0016283271246062844
0.0015014271835959011
0.0013694492792899102
0.0012547628461020057
0.0011023651940664928
0.0009716770704597353
0.0008720642862043269
0.0007612706089351462
0.0006692181452425734
0.0005686550572435128
0.0005006793605605471
0.00039941927958486647
0.0003398924784547948
0.0002734097853738875
0.00021821022842410525
0.00016297405963368688
0.00010801623382640047
7.321988314294544e-05
4.1033238419904735e-05
1.688104923159638e-05
2.2659639103718277e-06
6.152343943867481e-06
Gab RDFs at 50,000 MC steps
0.0
0.0
0.0
0.0
0.0
0.0
0.0
0.0
0.0
0.0
0.0
0.0
0.0
0.0
0.0
0.0
0.0
0.0
0.0
0.0
0.0
0.0
0.0
0.0
0.0
0.0
0.0
0.0
0.0
0.0
0.0
0.0
0.0
0.0
0.0
0.0
0.0
0.0
0.0
0.0
6.564606272326895e-06
0.0008315248409123372
0.009114867982228912
0.05071857706632611
0.1550895270474151
0.32291424556981163
0.5027379636834814
0.6356178869113229
0.7052728971627805
0.7069444480505911
0.6567581726666669
0.5870417235002112
0.5151792422765504
0.4396291363329287
0.376110396224339
0.3226597397600839
0.2764040617997624
0.2380672486055537
0.20824352073806648
0.18053798146187014
0.16276359697824033
0.1424275929562954
0.1298682640825903
0.1177267657141381
0.10948718742443471
0.10190539693725666
0.09638489913461366
0.09195973203118155
0.08671272971761275
0.08507137233694224
0.08326443972942224
0.08201326806079026
0.08232517738306326
0.08338915453030316
0.08430852200875256
0.08634222947160847
0.08827276343835154
0.09176436649388897
0.09480764951597566
0.09978236397913022
0.10429273625243539
0.11079509162164647
0.11760051945928528
0.12427868614996074
0.13223083932049812
0.14023282584604527
0.14876701902382605
0.15752082703668044
0.1663106771809883
0.17347011083644487
0.18212539657204954
0.1897237211602655
0.1948811875018004
0.20063060861884804
0.20569760687816757
0.20976212480952428
0.21226542367114704
0.21490107207282666
0.21859288557545348
0.2190938673947997
0.22142301722273405
0.2249948447022378
0.22689250720961718
0.22847212589599622
0.22940965351631212
0.2294329302384029
0.22689334143424653
0.2232871515802001
0.21896798375455706
0.21404837662443615
0.20640581060974408
0.19944001881200465
0.19120606816537591
0.18421472917085588
0.17731008334656448
0.16988620812853292
0.16311605620427855
0.15849050185990596
0.15233316222374724
0.1478941193666155
0.14399909340147019
0.1420900252503663
0.13856697096437562
0.1378252579919154
0.1367080076417285
0.13638401340726214
0.1364804358344836
0.13741222015141438
0.1389487526536998
0.14079146719542063
0.14313002940289543
0.14529613223229945
0.14795733226802898
0.15162121427736816
0.1548506548990969
0.15826184226907267
0.16182843903833433
0.16551583689146357
0.16919083915024066
0.172601071345551
0.17564703972684323
0.17865181451147474
0.18144759346152267
0.1845410747516278
0.1865148652291139
0.18804075033266063
0.1896963825099097
0.1903109854513707
0.1917747304600303
0.1920603266930297
0.1924355219163267
0.19216811102887552
0.19175084709501367
0.19099632275366527
0.1904026410354602
0.18937686270767798
0.18747444960379944
0.1868637862515059
0.1850268262390069
0.1842974761377077
0.18268109631767757
0.1815599073034861
0.17875355765916576
0.17732652167955948
0.1750119944535937
0.17361030147279788
0.17141191365672898
0.16965571889699974
0.16817060597215078
0.16649498999063142
0.1644547278552994
0.16324651433078943
0.16052986968884517
0.15762444344562362
0.1541291546527265
0.1512669910566049
0.14789169243860437
0.1451475976094695
0.1428678487469312
0.14002384013097627
0.13791377181454553
0.13598017351732142
0.134180459307581
0.1318384052235297
0.1306042053510525
0.12928905867891116
0.12772550270580335
0.12637132804193132
0.12540531648076822
0.1236954522393229
0.12250377979792756
0.12071532385405703
0.11979450758802639
0.11828343464782133
0.11642784247997458
0.11472169638137289
0.1129970315048959
0.11113099596077614
0.10874906580484563
0.10705906032299844
0.10527272031647783
0.1029868552915588
0.10081915103760528
0.0984429953404258
0.09603062103464045
0.09366527111844905
0.09110501568259247
0.08851711738281949
0.08605258228503679
0.08373792591298845
0.08122899695205202
0.07888426464777806
0.07591608416668641
0.07366303375513324
0.07105120465701256
0.06868235556548975
0.0663853836421093
0.06408827470256791
0.06184883566979136
0.059871843702594164
0.057597207753420955
0.05556545008457109
0.05348298033492015
0.051667208543160016
0.049598719075783296
0.047995107025937865
0.04628096664961484
0.044441291722579754
0.04283079082771975
0.041616450440640544
0.03995638810996744
0.03846665518500117
0.03722850754637665
0.03581241648990439
0.03429688401586441
0.03303368999947932
0.03183121112308874
0.030353398038551915
0.02913318057099531
0.027884934137935597
0.02636764812836256
0.02506742481196569
0.02361155376714749
0.022473095273363997
0.021020276833442517
0.019824921495349725
0.01883927250003249
0.01787361998744483
0.016951467436245433
0.015856329249545914
0.01502967301736889
0.014320164869636802
0.013323133682078441
0.012381573705172653
0.011656366973213648
0.010864914516934497
0.01008247995052833
0.009389313129370401
0.008642252565300277
0.00801018550081616
0.007393897771458816
0.006733559949103741
0.006230102747168049
0.005737026365366448
0.005319707939661341
0.004863132289457896
0.004557433977125131
0.004118468763038862
0.0037976302072162895
0.003471942771393097
0.0031690600519128516
0.002945039761401268
0.002700724324879274
0.0024442057241853524
0.0022930968813293104
0.002088499728717757
0.0019424319257108778
0.0017680674787858553
0.0016211425628500549
0.0014684143940185577
0.0013293152629349555
0.0012168838539968552
0.0010628311669108647
0.0009290050060762224
0.000833084143434248
0.0007250070458717712
0.0006349455178581827
0.000543642051289159
0.0004704057248057232
0.0003788942357847273
0.0003140217323236978
0.0002531971036741726
0.0002003695363525165
0.00014700478936085584
9.67179840813402e-05
6.523506220230424e-05
3.539882359209692e-05
1.496482202152328e-05
2.0544739454037906e-06
4.921875155093985e-06
