Gbb RDFs at 10,000 MC steps
0.0
0.0
0.0
0.0
0.0
0.0
0.0
0.0
0.0
0.0
0.0
0.0
0.0
0.0
0.0
0.0
0.0
0.0
0.0
0.0
0.0
0.0
0.0
0.0
0.0
0.0
0.0
0.0
0.0
0.0
0.0
0.0
0.0
0.0
0.0
0.0
0.0
0.0
0.0
0.0
0.0
0.011814747069670485
0.022530650713780177
0.09409185898425924
0.1656925802907628
0.31329362256061394
0.5164086706074741
0.6989402944964579
0.836938885793472
0.903120567861839
1.0252925835844833
1.0309367218669325
1.0354109849782902
1.0868206895203736
1.0926904161579496
1.0561472619493952
0.9800506640134502
0.995495472742082
0.9543207457380417
1.0008260729429839
0.9687100055087017
0.9193065679803666
0.9311472960134395
0.9127750357909477
0.8810235164955819
0.880414256777312
0.8892209040899837
0.9066135061909754
0.922618903011087
0.9352280160234077
0.9308910012763068
0.9846418257945334
0.9562153042627869
0.9689818481851675
1.0095947408121078
1.055316045317198
1.000959560609714
1.0269610231859037
1.0422402581894925
1.0862118829186025
1.0986445392923183
1.1112925183938969
1.1058173490651702
1.1480749728031228
1.1972963939843297
1.1945058245642795
1.204781554875102
1.195341436262662
1.2123233675620817
1.2507976038830124
1.276414982234841
1.2960626305537097
1.3059458105729755
1.2592487809113577
1.2751787686813512
1.255585893638122
1.2622026974157514
1.2102224299894369
1.1946879572897224
1.1594904206333967
1.1644846476022148
1.112024697814731
1.0555698140613003
1.0148505426681558
1.0160180296366221
1.031127972611449
0.9546691581316286
0.9398519856549662
0.9109398477627305
0.9153795204480017
0.8995115961706189
0.8787435915693651
0.8859012815205051
0.886945355090859
0.8856837906725211
0.8751805405919775
0.8800862168130168
0.874381635919669
0.8785249686323167
0.8932730693627942
0.935791176448574
0.9251029056132536
0.932435295090794
0.934073246193037
0.9480101306305785
0.9743056575297904
0.9651617423442714
0.98857283943843
0.9655442662735253
0.9616105325152056
0.9773987757756097
0.9914206181317708
1.0031708170523193
1.0158862217343694
1.0151781852805573
1.0134105412193923
1.0327455581124427
1.0395736194840919
1.032704710221197
1.0369046637574661
1.0261915117525364
1.0512474702246466
1.0553342841892897
1.0265955353201726
1.0442305227212207
1.054797280390012
1.0495722041196054
1.066721923781583
1.0533264815727603
1.0551014624472828
1.0448326912150274
1.0330798828949501
1.0375129478383205
1.0228514650548466
1.0243588104859866
1.0201676432309998
1.0042641536023316
1.007958359779334
1.0354757457849824
1.0311310597640018
1.0091391750136696
1.030618685725617
1.0105561149493598
1.0123148077258453
1.0148961567096009
1.0160412708109172
1.0093784583984187
0.9988127677154212
0.9890531644740082
0.9929993960947238
0.9792855322662665
1.0030100248025713
0.9808149546630425
0.9664148819754957
0.9708239204040617
0.95012961472806
0.9485387044738575
0.9350554064504122
0.9175828008315738
0.9025719302252885
0.8974393349039937
0.8685055515318313
0.8652761519015741
0.8384212709391133
0.8147862420319996
0.8007768547174063
0.7946257537977339
0.766637439393128
0.7552319953303294
0.7316991214991968
0.7322380384177045
0.7126112370948767
0.6989803195403156
0.689328768252396
0.6630288702988835
0.6508726654070442
0.6321437393210319
0.6046303506978902
0.5953259664836703
0.5929516847170303
0.5767381331450611
0.5690231957358081
0.5554152511683897
0.5437050323783942
0.5283041028433781
0.5164892275147475
0.5131095833302485
0.49529720303028424
0.4785042545596998
0.4664710509330447
0.45717016736123967
0.4461474343345185
0.43835322369337265
0.42449102467976185
0.40196701198503176
0.39085094072836657
0.3798683540778425
0.3664898427191374
0.34406939874102
0.34975805954023553
0.31991173997543715
0.31132676683782307
0.30293423875951025
0.2881612391302706
0.2718724590223569
0.26216336576718846
0.2539038616795568
0.2442064576666611
0.2364225176865267
0.22620513947011364
0.21457590855544031
0.21196673059170287
0.19579553346470083
0.1932823281633328
0.18927834124026072
0.18519765685692108
0.17212921777692483
0.166263499243463
0.16259160571551085
0.15680223129905352
0.14692555402669336
0.1344155124765664
0.13780764740138096
0.1236795081349828
0.11884044022170182
0.1142869690444289
0.10373337492118938
0.09646057823080724
0.09510913004208471
0.08654379253312922
0.08212493756262149
0.08191550756230821
0.07791670154785434
0.07013888789773534
0.06354099828389902
0.06199254483956307
0.05760532457073977
0.05501052469113554
0.049446910678300315
0.04596920202518405
0.040069448510978135
0.03675062061087875
0.03510532716008629
0.029380843269110866
0.02690490718588788
0.025764415599430306
0.024282109100595972
0.021399324344461946
0.01937023594847932
0.019541946056064134
0.01793768183840303
0.01604591334821804
0.01681897945377993
0.012785695237325072
0.01265895157003855
0.011595355392438791
0.009315773810324338
0.0089184414969259
0.008165826157637656
0.007977258127793185
0.007079939918207134
0.005649461602584992
0.005322684960362844
0.004620595252466727
0.0037396729355005857
0.0032766366030501635
0.003718631989972714
0.002492645576074015
0.0020475493664832557
0.0020030787150317423
0.002049594084339805
0.0013171243565530373
0.0011297519023243563
0.0007086736073512527
0.0004985739167826643
0.00020390801816058102
0.0002025349053995608
8.621812107935883e-05
0.0
0.00014178412127088762
Gbb RDFs at 20,000 MC steps
0.0
0.0
0.0
0.0
0.0
0.0
0.0
0.0
0.0
0.0
0.0
0.0
0.0
0.0
0.0
0.0
0.0
0.0
0.0
0.0
0.0
0.0
0.0
0.0
0.0
0.0
0.0
0.0
0.0
0.0
0.0
0.0
0.0
0.0
0.0
0.0
0.0
0.0
0.0
0.0
0.0
0.0059073735348352426
0.02393881638339144
0.10081270605456348
0.1945924489461284
0.36980933486566586
0.5693435001686046
0.739523924499478
0.9266881461563378
0.9674808841922229
1.0532188407249168
1.0539529835644266
1.0603272921034363
1.0952628780325924
1.0610058194511753
1.0012342104094147
0.9637164862798926
0.9627995240623768
0.8985777115243712
0.9336493049457342
0.9106846931270829
0.8833278544566288
0.8666832524432782
0.8638876375367677
0.8311946361386144
0.8279451243027045
0.8480958752138945
0.8630692614354976
0.8852154339700969
0.900736217009031
0.8879031815362244
0.9120002358167658
0.9148406035975701
0.9480296167739722
0.98782635670472
1.0156022491086438
1.0224738889858236
1.050252922680842
1.050289242361649
1.0878216819299675
1.1025696716227662
1.1091863471839842
1.1134784695977273
1.1601138905350907
1.1841158029169627
1.160754858941578
1.1998522849694337
1.196171995904312
1.2071272320461446
1.2603238613383287
1.2860424431714053
1.2637066366123197
1.281866226995372
1.2685593079421258
1.2560952356231314
1.2304853315707227
1.2419899729819135
1.205004800675974
1.1731903903602168
1.123264373811037
1.1240651437224236
1.0858536014629636
1.0148964817763695
0.9725848906805722
0.9763043492026366
0.9729670530570133
0.9132934335191584
0.8957207624409566
0.8826350280148848
0.87083034332307
0.8552442932094665
0.8385403050167736
0.8403802651265863
0.8433089073003248
0.8494027679220806
0.8515373190160722
0.8451339000677809
0.8563265578918292
0.8599582038313245
0.8681581136738302
0.8974275920902367
0.9119216107204591
0.9110779333054022
0.9268187940935195
0.9388204876817621
0.9608207375225406
0.9563398588297611
0.971752393056722
0.9758651765862767
0.9847407543146643
0.9974874272642741
1.0024527466718127
1.0108496231331647
1.0275893223500225
1.0422449166748102
1.0459671341362147
1.0403222109181587
1.0535655512074444
1.070628894494857
1.0524588872526304
1.0489342040961227
1.0740509651980996
1.0650421069815355
1.0448151047413883
1.0528187462223693
1.0534155548262252
1.0636162766340784
1.0660204407102667
1.044790984459709
1.0562395289583897
1.050784554137899
1.0415023320582213
1.0377316939795473
1.0350501157726513
1.0260104865041426
1.0320545213177295
1.007379761110922
1.006779161291291
1.0193264956184913
1.0168334022883638
1.0010917344301455
1.0063355618851857
1.0013569815037717
1.0098408736154145
0.9905036817011597
0.9847920351260736
0.9884586976025966
0.9957756226016454
0.989277134846398
0.9821982257734366
0.976266826863909
0.9931943981587453
0.9803448063058309
0.9716960684862476
0.9707821537580282
0.9427796333538055
0.9341681430563316
0.924237117341074
0.9033328852279167
0.8947169571598275
0.8883048936526874
0.8643359836279623
0.8612667081262139
0.838383500812483
0.8147115184221286
0.798337490164127
0.7991232214821221
0.7726064455039182
0.7638938978360137
0.7450156205158328
0.7317474031856834
0.712437835489588
0.7041627818918126
0.6941520995371029
0.6645753325255211
0.658759005984829
0.6479539203794986
0.6227588275630771
0.6062034795342557
0.5992787182142265
0.5819898352899915
0.5714664308600729
0.5627968029764129
0.5425073089112253
0.5335956590196818
0.5188081587403238
0.5062796545588798
0.4970990356510409
0.47282867218108754
0.4652540187464881
0.44921963142709453
0.4427072202410647
0.43035448843708135
0.42036162599088284
0.399534533848965
0.39035799531545246
0.38146922785574194
0.37011925357353026
0.35381927485895226
0.350180408895152
0.33163050199579663
0.32076248233565546
0.3045783865953828
0.2952392409396199
0.28393437060697607
0.279520871571656
0.2634729781224693
0.2552888799254319
0.24597100593432378
0.23900282562715466
0.22879479406212613
0.2230729139679811
0.2065475833076915
0.20116664229792203
0.1977200072413232
0.1907930293523506
0.1796101309405455
0.1714268219077908
0.1657441657273215
0.15906380194278988
0.14771713139050074
0.1408484417725734
0.13651002360287456
0.12633928250347706
0.12228694063629467
0.11466680018231658
0.10729162224495899
0.09990708188692304
0.09531508311710005
0.09015999916163817
0.08340180603903934
0.08177475926752761
0.07582216656000879
0.06905038935530436
0.0649154945384951
0.060394999686563644
0.056542139050138863
0.05290063706351179
0.04769590383364918
0.04525152343974568
0.040969043239007574
0.03866626530871302
0.035769781301917575
0.03222001453264714
0.029322713034349423
0.02850684639152653
0.025822124869512828
0.023212223915172175
0.021663615432361203
0.020102288595306116
0.018476507552541103
0.017288177607434917
0.015962615937803355
0.013771825987012378
0.012709587376318705
0.011595355392438791
0.010097633397976558
0.0089184414969259
0.008329798570441624
0.007977258127793185
0.006740490744046518
0.0057297096367126205
0.005880451348424819
0.004826306684939561
0.004242486103298983
0.0037759336092292356
0.0036411604901816163
0.002723446092377164
0.0022309119963175774
0.0019272045212805399
0.0017180421001083662
0.0011524838119839076
0.0009811003362290463
0.0007824937747836749
0.0004399181618670567
0.00021847287660062254
0.00015913456852822635
7.184843423279902e-05
0.0
7.089206063544381e-05
Gbb RDFs at 30,000 MC steps
0.0
0.0
0.0
0.0
0.0
0.0
0.0
0.0
0.0
0.0
0.0
0.0
0.0
0.0
0.0
0.0
0.0
0.0
0.0
0.0
0.0
0.0
0.0
0.0
0.0
0.0
0.0
0.0
0.0
0.0
0.0
0.0
0.0
0.0
0.0
0.0
0.0
0.0
0.0
0.0
0.0005168901824577271
0.004922811279029369
0.021122485044168915
0.08916323779936947
0.1793932587644176
0.36325678851145693
0.5364062728861233
0.69480677662578
0.8675761835077033
0.9221518441960923
0.9853979305267212
1.0203876019222475
1.022183809590867
1.050385981204482
1.0116235200793557
0.9606343352106823
0.9290561579184414
0.9372838621515481
0.8926317878749129
0.9033538997705036
0.8811508514957199
0.8603507944181047
0.8590864796319799
0.8465404962207682
0.8306851383844532
0.8169770005650747
0.8460827619122678
0.8736761928502933
0.9027426634240874
0.9002973900495606
0.9174146609609634
0.9433455794373095
0.9287934753618635
0.963017917146775
1.0024149930714255
1.0383595930034333
1.0455818713157192
1.0708627246581812
1.0659056475503628
1.1088832189953275
1.1245504126732735
1.1231636652134043
1.1434378108673198
1.1711799664301317
1.1825721300892533
1.1656261323304213
1.2018353245866564
1.209294838242382
1.2022558549999536
1.2540788703398436
1.2758973768081439
1.2627445648049858
1.26640772889617
1.2769969730637591
1.262551356259743
1.2378295701015543
1.2439930357636448
1.2171792690740544
1.1711804552407914
1.1356822858423423
1.1270451902182337
1.1077451474679012
1.0319244046178784
0.9896019603010412
0.9910950747601619
0.9781851578238487
0.9329160671429587
0.9063958962358667
0.8943026636361343
0.8887207271526061
0.8709027666490586
0.8582157047969647
0.8585015821752325
0.8502854736137434
0.8513429295664892
0.8556049700398837
0.8456649004115423
0.8536858492006826
0.8606525706450202
0.8664362845604024
0.8961429667388159
0.9069534973948524
0.9108519294769855
0.9182301898837462
0.9359213741324333
0.9486277858992189
0.9557835238333505
0.9593130861976915
0.9703196128361418
0.9831987395280339
0.9997029043181664
1.0011288912470078
1.0151961171411903
1.030776752192497
1.038518847158199
1.04079502292106
1.0459421305668426
1.060740900809164
1.062230765110247
1.056772243347928
1.0540668797052986
1.0751731427594673
1.0707832925038314
1.0541410538349598
1.051092980270602
1.0500313284453557
1.0534042014020355
1.0626299391989047
1.0455599481635878
1.0460728014591676
1.0408647825997799
1.0294597073774034
1.0277787445537319
1.0265218555363098
1.0199898610186064
1.0123833159883628
0.9973059634998129
0.991278682615132
1.0029409972781955
0.9978031868604172
0.983894238704619
0.983092678958936
0.9826215735962653
0.977616295971856
0.9685864867513783
0.959486190477872
0.9638688033338234
0.9761172853229282
0.9691048699731434
0.9640192068720352
0.963069105177273
0.9749612590920206
0.9707566292026959
0.9580494825424648
0.9611340585242759
0.9306397764772281
0.9206140908102561
0.9151411429158094
0.8911053666100258
0.8917039105400778
0.8839068293465028
0.8603980583854194
0.86199222652366
0.8420975632644613
0.8170030424581688
0.8003086938435444
0.7971852882522638
0.7789854439536315
0.7730807641299213
0.7489350156164737
0.7372845722327782
0.7188536948852738
0.7108096044662492
0.6956013633972965
0.6693716066777019
0.6608775587982703
0.6521480100769531
0.6265627645551727
0.6111849716632578
0.6019842173864283
0.5842887731767281
0.5715290779145411
0.5608532010997905
0.5455272099609246
0.5341836097059377
0.5168907740473148
0.5056732125573462
0.49748303276693984
0.4764368602912018
0.4705085069170182
0.45183154034408807
0.44612847998689614
0.4374331813751607
0.42549547300948914
0.40701624690383703
0.3956525941949006
0.38505988825023957
0.3779784963372403
0.3617576985833891
0.3553013948235148
0.3362691786288556
0.3258259706888879
0.3100588793816245
0.30104422084081284
0.2891494230354725
0.2839227750609734
0.26829885377243545
0.2603099625896052
0.25090763931413723
0.24468532023524955
0.23493875693538538
0.22587319097311107
0.21377051394619945
0.20740255939451033
0.20173654421534468
0.19537940025024364
0.18348322782667534
0.17334333905393862
0.1690905001133805
0.16068976776508395
0.1483621203536031
0.14066672060601954
0.13462126007393743
0.12635358236567326
0.1195921460734443
0.11393527354638472
0.10571483029364147
0.0989658680370601
0.09206102453185766
0.08834168057442181
0.08116559722584195
0.07970374864432739
0.07230467764391262
0.06782995159560899
0.0641824298693772
0.0600183426992711
0.055698034182267854
0.052708829097364185
0.04835570351424237
0.046485426972604646
0.04175618862603334
0.0402347381519236
0.03640962603108844
0.03417995856618509
0.03141329703865828
0.029300707936607013
0.02707562607677073
0.024977727418674295
0.02325133969043328
0.021456449731807575
0.020602841284677383
0.018806500590922218
0.01717294304038358
0.015256689529644988
0.014031744540300508
0.012410828363197974
0.011134567744720991
0.010151608716253925
0.009608783390312582
0.008367980974868771
0.007306239367647544
0.006216547710420228
0.0060238769910693265
0.005105863247018027
0.004556744333172982
0.004015180091356709
0.0037599501231946335
0.0029645044094048978
0.002373527375077605
0.002023311833365396
0.0016678069509823903
0.0011574729193950934
0.000981100336229046
0.0007874151192791695
0.0004105902844092529
0.00024274764066735833
0.00016395682818059684
4.789895615519934e-05
0.0
4.7261373756962534e-05
Gbb RDFs at 40,000 MC steps
0.0
0.0
0.0
0.0
0.0
0.0
0.0
0.0
0.0
0.0
0.0
0.0
0.0
0.0
0.0
0.0
0.0
0.0
0.0
0.0
0.0
0.0
0.0
0.0
0.0
0.0
0.0
0.0
0.0
0.0
0.0
0.0
0.0
0.0
0.0
0.0
0.0
0.0
0.0
0.0
0.0007753352736865906
0.004799740997053634
0.02006636079196047
0.0900593507420767
0.183995830439161
0.35844476228258476
0.5255252245874464
0.67413918727239
0.8428861259379992
0.8981897371752371
0.9806604404761121
0.9772321112394456
0.9980365242905711
1.0135069471774212
0.9668083697823865
0.9310445956590641
0.9067460615018749
0.8975999558128471
0.8651318909961687
0.8695260264029048
0.8519644668247262
0.8370935263303302
0.8298931669714186
0.8156310444213514
0.8050574013501439
0.7981533287450884
0.8253764536669641
0.8500897269410763
0.8746448883715563
0.8790142825152439
0.8913575599081952
0.9220755248376549
0.9181070273342977
0.9399076843730033
0.9881700680327314
1.0023271318366833
1.0333397113980005
1.0597814270196801
1.0488445528948516
1.0968768013688963
1.101392131923632
1.1068887058640795
1.130949561543924
1.1497166434029367
1.16425585826816
1.167017924727234
1.202316919922268
1.209294838242382
1.2050163019927953
1.2453993913249999
1.2643030152501304
1.2585418300676847
1.2780016024705714
1.2790336508517397
1.2551695418553819
1.2426869936868197
1.2393268099652928
1.2249388203607436
1.1837425497371996
1.1402854773711883
1.1256391119420415
1.1088767593384572
1.042556768761806
1.0107545735850894
1.0065845747534758
0.9890212950951236
0.9425031252848723
0.9213080676710245
0.9051060299521059
0.8957036338844903
0.876023886011231
0.8650356007346391
0.858568574105172
0.8509600944129184
0.854010651827551
0.8628822519496718
0.8526772284806268
0.8620839169568292
0.8753550331784888
0.8733236010141135
0.8964203290306
0.9058478767992695
0.9128153377363567
0.9230247990299788
0.9375487067379527
0.9490315260191966
0.9593202248819606
0.9586872091230232
0.9714364277580438
0.9792805052341363
0.9983088962842567
1.000981796199807
1.017007156311201
1.0339403952451025
1.0354606580266403
1.0457939607696363
1.0462947975893309
1.061873260668185
1.0597886774865641
1.059517106317663
1.060337763713162
1.0831660112390202
1.0694576005741374
1.0649183923570011
1.06216833705518
1.0612253080128466
1.0631718439595699
1.066897294549412
1.054537599406369
1.0561257223072789
1.0517110233664593
1.0393967197674034
1.036802022879334
1.0325672045646024
1.0263035257976862
1.0171170285007773
1.0002657906329737
0.9953716976569624
0.9970516678026414
0.9895628702850058
0.9765791316711296
0.9762986054881861
0.9735187661553432
0.9706623209242671
0.9572283978746153
0.9521266007957802
0.9540282579594728
0.9597605212151562
0.958973943462038
0.9540664891374613
0.9494265983951207
0.9602450259006163
0.9580127593382762
0.9417834280893491
0.9440932669425836
0.9176534329817054
0.9113262989850084
0.9046188766427965
0.8814590651976529
0.8774675941969808
0.8718707066150805
0.8497424959644206
0.8486655991179386
0.8280722562424147
0.804418341162416
0.7950665240585935
0.7831809783081937
0.7715754353575089
0.7601714273377032
0.7411906686706289
0.7300126571867519
0.7121430527605971
0.7048663612176781
0.692861348911618
0.6703577565033838
0.6596408119988005
0.6507536399419355
0.6289701132515988
0.6152088983506158
0.6070437138698762
0.5911486772837105
0.5765878275628584
0.5641149372278456
0.5522426509392389
0.5377619992274612
0.5225575994881715
0.5058770168365502
0.4962128884605049
0.482395246602769
0.4724982579521821
0.4575145949107333
0.44852146637421597
0.4386771161421309
0.42988993445204615
0.41082620792377483
0.40006628136423367
0.3916307063273242
0.38182746414455315
0.3670322217291556
0.3594061026166096
0.34431710820087325
0.3333477567153194
0.3194270967381064
0.3095861978445419
0.29850707759466966
0.2927640982625286
0.27584341621835856
0.2678088225880565
0.2586251887014936
0.25136587338640937
0.24161333478406258
0.23190090588245865
0.21939357721200856
0.21157020473587113
0.2052943787902217
0.19638840184778014
0.18670449236014927
0.17492164729194276
0.1711661217760029
0.16273331117355816
0.14880555026573591
0.1411210235224042
0.13380664068931952
0.1264465314699486
0.11811710062851566
0.11259883065381694
0.10458107501891095
0.09703153516179029
0.09075322250551024
0.08675831326532892
0.08044271401432494
0.07708985174125911
0.07149346091846133
0.06761555036755441
0.06279484317426115
0.0590215005001434
0.055314643039990556
0.0515100293089416
0.048571407255974745
0.04606363341800489
0.041606256171361766
0.03984726956417394
0.03699717575835592
0.03445471707555956
0.032085919718305475
0.030031421404237917
0.027845633961229157
0.025842705645222317
0.023789401800113262
0.02222983917399052
0.021274924971129174
0.019237842347594743
0.01796650656518854
0.016390173149975228
0.014701262423338102
0.012960993346895095
0.011944152849665846
0.01080122359072137
0.010338460627290243
0.00910058631313549
0.00763760641861386
0.00682910770426112
0.006374473006422568
0.005657064393002928
0.004965280032009181
0.004439062445560816
0.003803850639742923
0.0033158340842219143
0.0025976372559862195
0.0022382887156604694
0.0018084653685351221
0.0013844773066040447
0.001055426119276701
0.0009522801598782457
0.0005718936104271737
0.0003422741733409753
0.00020976829487811654
7.184843423279902e-05
7.136784449737029e-06
3.5446030317721904e-05
Gbb RDFs at 50,000 MC steps
0.0
0.0
0.0
0.0
0.0
0.0
0.0
0.0
0.0
0.0
0.0
0.0
0.0
0.0
0.0
0.0
0.0
0.0
0.0
0.0
0.0
0.0
0.0
0.0
0.0
0.0
0.0
0.0
0.0
0.0
0.0
0.0
0.0
0.0
0.0
0.0
0.0
0.0
0.0
0.0
0.0006202682189492724
0.004430530151126432
0.021404118178091163
0.08737101191395502
0.18059206813086243
0.35039741629132193
0.5124091501517442
0.6459561108814038
0.804931920652016
0.8622206249034982
0.9490937962441578
0.9522978277338269
0.9693366297871622
0.9800047885552478
0.9370077220689879
0.9071801266439447
0.8979813807667953
0.8937918394372111
0.8526454513323064
0.8575635324226456
0.8400119473880335
0.8235426650685859
0.819149159709725
0.8090706709782098
0.8036206176834093
0.7907720779054404
0.8252614186211569
0.8515691147436663
0.8697119670922373
0.8794092267787673
0.883706751513978
0.9201599760608439
0.9193410096348394
0.9377182938996986
0.9877805285276517
0.9973963739928122
1.0274721672954248
1.0498294335991158
1.0599893002101453
1.0894314809413326
1.0923643275636021
1.1114456944818902
1.1255494058514635
1.1409975484394808
1.1609607105013182
1.1650694153716965
1.1968267330962992
1.208032387587074
1.1980989465872038
1.2313640386741673
1.248464289193202
1.2450829518366653
1.2614729006568093
1.2677446368269334
1.240486614554617
1.2344456424746904
1.2281142108030083
1.213219222210503
1.1704114365864027
1.1351341848975123
1.1231333545364095
1.106444822554826
1.0424962429697153
1.0130459417967757
1.0032071649804977
0.9831366440989479
0.9487487292439906
0.925809232333002
0.9096866572700779
0.8999782334990969
0.8812630515146332
0.8685137476628534
0.8631508221130367
0.8580781665525056
0.8662821742284353
0.869269735198001
0.860407968779506
0.8727603636069651
0.8822564355093944
0.887003236453209
0.9053105203830457
0.9107327096124814
0.9156545108308434
0.9329058630965629
0.9424635247079001
0.9595126195338135
0.9660836689097517
0.9600954325410268
0.9770975240863068
0.9862119880946956
1.0009973403496542
1.0078364253993533
1.0236283155167598
1.0394922320005768
1.0417246730064533
1.0547504872890938
1.0543697347687562
1.070624944885532
1.0673403638305676
1.0664446176222317
1.0639198988245029
1.0853447295609964
1.07337204524843
1.0707424784465627
1.0668400870022587
1.0673890055278266
1.0621585374616902
1.0695980043739794
1.0531188613727132
1.0537813052943987
1.0481118307876285
1.0342324285699238
1.03709733016999
1.0283570507770414
1.0187537679985672
1.0111420313739965
0.993671088073124
0.9906702845546345
0.9918575829528545
0.9850986017095708
0.9771271475636271
0.9711689174801271
0.9697138889710423
0.9690399910556964
0.9556962308509638
0.9529113141435868
0.95282170158024
0.9558938275106029
0.9580556649352395
0.9554609025191029
0.9493084751402459
0.9567425335739649
0.9533411942979821
0.9416228800194223
0.9369261104832247
0.9156590279234104
0.9066354537950263
0.897578915371645
0.877044385461618
0.8745940161107217
0.8630719755977965
0.845325842555137
0.8476956955760896
0.8252772668717735
0.8055055696860371
0.7955285249209569
0.783407679931309
0.7710653566534961
0.7619753938099613
0.7453556162354065
0.7323081291651362
0.7139290892950718
0.7082057889448348
0.6947227471820541
0.6704115464938757
0.6611615114266689
0.6548840497434602
0.6322404122256605
0.6150281444245527
0.6093380623804758
0.5926197866194891
0.5779190774703103
0.563206199967446
0.5528814367883955
0.5389237086868565
0.5235484155572814
0.504496118574042
0.49455283939023403
0.4822138620112875
0.47107259167650156
0.45749163307410035
0.44942274560365797
0.4378349957753594
0.42946862418041054
0.41113303187048333
0.40168478546996844
0.39343508100919394
0.3826743266772449
0.36807647075599426
0.35984165038886723
0.3459022800277344
0.33590110280470536
0.32236601099472856
0.312827311622708
0.30233509430468375
0.29442731747866274
0.2801420814805374
0.2714235106462942
0.2617552416092536
0.25283398530782086
0.243291354773993
0.23315391118644901
0.22063112167971385
0.21410811413777442
0.2065964768610705
0.19759003102302808
0.18761857354305975
0.17669837142272454
0.17049760018484586
0.16224773865299125
0.14876377257153497
0.14094002924051657
0.13215865846521638
0.1252153133348553
0.11629598682919991
0.11151842208382527
0.10342359809535533
0.09567992439062682
0.09005092251970792
0.08589001506356829
0.07927934495803313
0.0757949674292776
0.07038435477251644
0.06655277997248997
0.06202512527168734
0.0584857384061497
0.054218595421480165
0.05139686260891451
0.047832939151926226
0.04576523021669105
0.04181616160790197
0.03962966720529374
0.03638255567716198
0.03435580401218475
0.031689617707053884
0.030072918712276214
0.02769879524837894
0.0258355962351411
0.0235477148852734
0.022203573117463554
0.020663097063462716
0.019123968123833195
0.017682193877884323
0.01616574339314984
0.01469113526208207
0.013002884081694368
0.011970769346266771
0.011032442444345373
0.010258114145016298
0.009155938716471199
0.007991603414524219
0.0069655293622780876
0.006521085885570288
0.005747260944164093
0.005166405299128539
0.0043626075914896464
0.003941749909371077
0.003378919558678109
0.002744327359853677
0.0023976245225379943
0.0018506628938009418
0.0013710067165938434
0.0010702912758862322
0.000927181302951222
0.0006041542756307578
0.0003612084893130292
0.0001967481938167162
6.897449686348706e-05
5.709427559789622e-06
2.835682425417752e-05
Gaa RDFs at 10,000 MC steps
0.0
0.0
0.0
0.0
0.0
0.0
0.0
0.0
0.0
0.0
0.0
0.0
0.0
0.0
0.0
0.0
0.0
0.0
0.0
0.0
0.0
0.0
0.0
0.0
0.0
0.0
0.0
0.0
0.0
0.0
0.0
0.0
0.0
0.0
0.0
0.0
0.0
0.0
0.0
0.0
0.0
0.0
0.0
0.0
0.0
0.0
0.0
0.000418631852618899
0.0040823971383736465
0.03077475640436085
0.13209947898330238
0.369009071415438
0.7845930190178849
1.3381542549295518
1.8998520862975656
2.3932215146077103
2.74371975532288
2.9187581969978518
2.941636039018364
2.8246476944604795
2.7239159470028116
2.4730214846887466
2.247904812140207
2.0517153210623746
1.8328772762017815
1.6548557953151406
1.4667331306445395
1.3303076223272596
1.2052582431009813
1.0847499577023505
0.9853370519954872
0.9155035337040918
0.8436404452227846
0.794089416433045
0.7404950874213848
0.7133042375692026
0.676270584580566
0.6530077087568745
0.6391847391828556
0.621786189688037
0.6158843368061141
0.6133775613369233
0.6126147355310732
0.6233856684157035
0.6254748035836669
0.6576607303049959
0.6616471519530137
0.6858836187118617
0.711575381292492
0.7393737456438587
0.7680061643036946
0.7964957569280646
0.8193119296434243
0.8547688785448874
0.881709591672778
0.9217363000568868
0.9507265735142173
0.9848976162334513
1.0204451882286625
1.0485043382728987
1.0831213917589675
1.1178583087172431
1.1373894857160303
1.1645726590240786
1.1716413068913059
1.2216281379527905
1.213701497553095
1.2152294462859223
1.2298812831657675
1.2267422289093288
1.235105722466883
1.2345017307991066
1.2285867434572897
1.2164185084394161
1.2201325021163976
1.2051383556039468
1.182264753672583
1.1681334262822012
1.1492301138413585
1.1233850540193986
1.1008923437391005
1.0899477091645595
1.0535307236875266
1.0239669272588277
1.0004234899650082
0.9826549820752145
0.9552766032233465
0.9348791654015052
0.9280600894555241
0.9102622729265909
0.9043707369929636
0.8901039682441211
0.8864933043628223
0.8863089945300846
0.8866500067295128
0.9017095800981306
0.8865014588970174
0.8888085735135384
0.8949372489895389
0.8967707914600007
0.9063489072299038
0.9104097382716532
0.9222607437047193
0.931301245895574
0.9368675580676304
0.9547979084342809
0.9679500373481252
0.9886691891144721
0.9978290051354618
1.0116359821315686
1.0256076949818957
1.0345143732135222
1.0504379090840785
1.0605884350947985
1.0730270704905225
1.0792450687501283
1.086425430840052
1.099131187029455
1.1031277166195266
1.1021482904710898
1.106681047414003
1.1295413708789743
1.1011413533299927
1.0979305204677166
1.0862804794587702
1.083205251109945
1.0700965985657027
1.064365855048462
1.0527957389482367
1.043664893532055
1.0332184466579148
1.0233935778719903
1.000293594439356
0.9780854875753233
0.9583355968363472
0.9342533484013501
0.9129329359700096
0.8953201754822132
0.8709732489970645
0.8562290773899388
0.8355191360182775
0.8197188933051397
0.8082929724553307
0.7808854784677369
0.7645536922515915
0.7470454224788463
0.7313884699510661
0.7217002021849749
0.7074793932538157
0.6928996365425272
0.6819612156074125
0.6655119826038647
0.658874697683121
0.6463430002748585
0.631528338308518
0.6237332019640915
0.6165732754694407
0.6080004106431327
0.6007072614019203
0.5965157976300922
0.5896287521074483
0.5808053439176617
0.5783541129911004
0.5659553717329853
0.5570722827966171
0.5467766302908569
0.5387359982754771
0.527541196076782
0.5183863749594035
0.5051816685268125
0.4936996464882942
0.4887394730745597
0.4709059242196821
0.45679309239144256
0.44415412844224655
0.4298108529280721
0.41354331338639605
0.4004047351066331
0.3829350014023415
0.37356904585023104
0.35025894542127656
0.33511558539566144
0.32175291061411704
0.3045467447075015
0.2913569885240684
0.27893667844084535
0.2678009642572347
0.2549974193141821
0.24419525072987153
0.2338761345781778
0.22331168135495646
0.21544691651387146
0.20819526195291577
0.19959574191956314
0.19187650075116186
0.18575128229893187
0.1785488806338374
0.1716395634258809
0.16513297281637296
0.15844066142308247
0.15114060800158
0.14396657981074026
0.1365548051327966
0.12981725534534036
0.12234243151789002
0.11764129098835621
0.11328948073437217
0.10838207940914285
0.10430955108182931
0.09914802223445758
0.09514923089170885
0.09182055798630208
0.08477595670955981
0.07866256319428175
0.07273480947685372
0.06739405220221573
0.061497719495945714
0.056687961005710066
0.0526315076727753
0.04680994859015088
0.042298641749647405
0.03857312237799571
0.03527543954210461
0.03236444848311623
0.030049951849364504
0.027644274242843825
0.02568607988117388
0.023692537521139857
0.02242671376411974
0.020340154169883745
0.0186366317769105
0.01729932423795833
0.015798782644302574
0.014452273803298698
0.013254467208604665
0.011901484608869455
0.011086605271746323
0.009902890300702374
0.009107296639951998
0.008161598269356658
0.007547267993797178
0.0068540318557293155
0.0061684322919581015
0.0056411830148065745
0.00515424625375614
0.004583205681914493
0.0042520687534647016
0.003731148881062541
0.0031341134790000354
0.002935929945803395
0.0025221346455097846
0.0019990708166430222
0.0017112563130276181
0.0013140035473984905
0.0008966856342240888
0.0006364196773967603
0.0003599403452971727
0.0001102812345151661
1.2367822436774502e-05
0.00014215928829730814
Gaa RDFs at 20,000 MC steps
0.0
0.0
0.0
0.0
0.0
0.0
0.0
0.0
0.0
0.0
0.0
0.0
0.0
0.0
0.0
0.0
0.0
0.0
0.0
0.0
0.0
0.0
0.0
0.0
0.0
0.0
0.0
0.0
0.0
0.0
0.0
0.0
0.0
0.0
0.0
0.0
0.0
0.0
0.0
0.0
0.0
0.0
0.0
0.0
0.0
0.0
0.0
0.00034885987718241587
0.004517406669511822
0.030325020924547644
0.13077231132061967
0.3746477816912087
0.7943882947521477
1.3407392631491033
1.9018661012303144
2.3890306810245674
2.7259418202833574
2.9060213647352593
2.910470741957706
2.809906806095604
2.6834655822931635
2.4513571571880646
2.244902393471477
2.043340893136361
1.8281850619389448
1.6475720667320222
1.4762557536348655
1.3316033091964423
1.2055434200040644
1.098177743135556
1.0006987952279218
0.92597346984467
0.8593943103955759
0.8039681801824322
0.7517413547888564
0.7151684173754563
0.6879587138168531
0.6624041631034001
0.6443579969640119
0.6277766386973697
0.6153134437043887
0.614989217989586
0.6178651902983294
0.6260612887462935
0.6296969624502563
0.6538920860205277
0.6629411163962073
0.6882276764068926
0.7116658306799791
0.7442575705233808
0.7719080877032755
0.801741922233736
0.8269475562053381
0.8603602522737556
0.8961121175924168
0.9289774165173796
0.9528989189869684
0.9878950515156508
1.0206398987113903
1.0415474902035853
1.0741981211659122
1.1045639334461164
1.1248102630820012
1.1470917244686656
1.1644332469766276
1.1990328971240352
1.2027017898909247
1.2079549073051734
1.2175315200390227
1.2229346315252814
1.2324626405730075
1.2324376854393748
1.2287049114829534
1.220701801291545
1.2206968779416063
1.2046368145049362
1.1849035821506997
1.1689829239614993
1.1487088015634745
1.1202597015943774
1.102182536657211
1.0822214786566662
1.051248969003367
1.025401632850112
1.0044251432989462
0.9833196675287502
0.9585181805416518
0.9410576555920659
0.9282030996807283
0.9140078218958042
0.9031181715512154
0.894050537986006
0.889712481755993
0.8862648283620063
0.8902310333452322
0.8964148883747051
0.8908190144435371
0.8926513814006342
0.8999845355303434
0.9051517512892572
0.9127209190986989
0.9189210695870551
0.9285287986079243
0.9408384103889552
0.9505782747451292
0.9646435623885554
0.9774856959787248
0.9938248393080144
1.0055211421068118
1.016365820402607
1.030410420073434
1.039771755957117
1.0543573272282603
1.0613868596559863
1.071523372421869
1.077370011713444
1.081443980333902
1.0889358301309675
1.0912903182652454
1.0899483345197811
1.0937831726207132
1.100569330950263
1.0845825005477836
1.0806077933727194
1.0762333158553783
1.0697472325413533
1.0623763068742706
1.0552954000110275
1.0493441223460243
1.0395196261774773
1.0312661782069914
1.0235193610784756
1.004745633682603
0.9836290632874313
0.9615591043384913
0.937598674917102
0.9180849961529095
0.8969216294100406
0.8747332794176885
0.8603992859458836
0.8389522864820425
0.8251501378963509
0.8107130395985721
0.7882678040785843
0.7749293717556138
0.757073921784202
0.7435954015846024
0.7294963394339404
0.7174991491912378
0.7043066547406345
0.692721718106151
0.677892562614118
0.6701519828870997
0.6571907855309612
0.6404317488912987
0.6328217339502618
0.6236084227775923
0.613701234301624
0.6066844083271228
0.5981276497038169
0.5883834298667537
0.5790043219726718
0.5718237450037001
0.5618801676484204
0.5511715718867641
0.5392090714389179
0.5297094401858733
0.5164862352272026
0.5071565472386053
0.4938364049154585
0.4829628747177762
0.47231817589898867
0.4586498125127215
0.4451022340299828
0.4325035895170114
0.41960551049256833
0.40573775765686493
0.3918953981966882
0.3781206975872427
0.36702262645216976
0.3500905734912203
0.33729432763970724
0.32522703179147167
0.31036929094788634
0.29879420230319725
0.28750929561994704
0.2765588873922198
0.26433249118176677
0.2549533617647551
0.2439802698541824
0.23350315654928241
0.22505262417513922
0.21570756720984763
0.2078537609267377
0.19943011887079154
0.19086641128671686
0.18306073282590563
0.1743775128180691
0.167486835877083
0.15909386652656068
0.15112972086972323
0.1436764062412333
0.13535547653001095
0.12741436298677097
0.12021328293140758
0.11439060075710686
0.10836030273736483
0.10331275256586926
0.09753590563201944
0.0926675527286344
0.08810072157909335
0.08431651964929945
0.07817324479270539
0.07339307788033281
0.06842783930499124
0.06396237195159836
0.05951646928223251
0.055237284838241106
0.05160314361283052
0.046845015724389115
0.0431140847691725
0.04008450732822873
0.03697638285422228
0.03400942588079739
0.03143273569026869
0.029202028426426274
0.02696506401056958
0.024894874948505716
0.0231276850511969
0.02129386983854837
0.019727462106036986
0.018050029481124052
0.016691333300938558
0.01528253767622739
0.014110032202602714
0.01260877046659418
0.011807316981462373
0.010417047383821003
0.009537594586836291
0.008531389203289236
0.007706336871185004
0.0068540318557293155
0.00606980049963386
0.005444329232519053
0.004730236561937709
0.004191132039508828
0.0037447741277130495
0.0032054740004227957
0.0026886797286653896
0.0024278243473774075
0.002003530036447861
0.001553494791246686
0.0012503211448411469
0.0009092027327270502
0.0006107990200736962
0.0004155658233426438
0.0002319018642586262
7.292791314712596e-05
1.060099066009243e-05
7.107964414865407e-05
Gaa RDFs at 30,000 MC steps
0.0
0.0
0.0
0.0
0.0
0.0
0.0
0.0
0.0
0.0
0.0
0.0
0.0
0.0
0.0
0.0
0.0
0.0
0.0
0.0
0.0
0.0
0.0
0.0
0.0
0.0
0.0
0.0
0.0
0.0
0.0
0.0
0.0
0.0
0.0
0.0
0.0
0.0
0.0
0.0
0.0
0.0
0.0
0.0
0.0
0.0
0.0
0.00030234522689142707
0.004550868941137835
0.03011086117225564
0.13205832649763782
0.372728641702613
0.7910660875303229
1.3374759194393149
1.9054877947497306
2.3854531401609083
2.7211665173439394
2.8996965950696603
2.91285509801819
2.816599124946023
2.6774227580063954
2.448506040120252
2.2450703139786765
2.0352397565645757
1.8296229985678782
1.6457312587525776
1.4761667571583204
1.3341889243265002
1.2041958193443971
1.0992749974468452
1.0055448709280508
0.9247109187218358
0.862998331515587
0.8051726705510891
0.7527388169219109
0.7145378182805013
0.6859725836857924
0.661587270047705
0.6416798248287465
0.6275898263582014
0.6167912875492808
0.6180308249076015
0.6181581672163262
0.6227910861200168
0.6300681008710792
0.651523223898862
0.6647961494326557
0.6881454287684707
0.7138131661384678
0.7453483241685053
0.7703639768013066
0.8033527519631952
0.8313204090074623
0.8605733427379261
0.8977280680729964
0.9310976798592085
0.9607965640714319
0.9889328375802061
1.0209535989335625
1.041772759569639
1.0739617259333158
1.104599588858721
1.1227749113951373
1.1397412572414283
1.1595654038475818
1.1899311522268183
1.198146916202846
1.206910497838524
1.2176674766444604
1.2247552757916764
1.2341344435920607
1.2355991782296387
1.2337239428887812
1.2270259212658
1.2222499121272874
1.2071681219340609
1.1869547154952285
1.1722877930091493
1.149174058757715
1.1217424525685058
1.1014127576892627
1.080236155565496
1.0500932296575975
1.0235058947666642
1.0047230667282072
0.9795264625721065
0.9570933294088207
0.9398826449184168
0.9270177038140351
0.9134727434716309
0.9008364379482278
0.8950443877287723
0.8890399516599268
0.884365683134635
0.8873723037139715
0.8912430963781931
0.8869295531195035
0.8908819411492629
0.9024083273325942
0.9052137725492548
0.9148023898092815
0.9215904432420933
0.930191751949591
0.9433701867214
0.9538919178464548
0.96721156276535
0.9814613321154827
0.9956591653768746
1.0102339889039529
1.0204312038557233
1.0323472643457572
1.0432458125254547
1.0547476895419867
1.0629024186905422
1.0710968849579525
1.0759984422143878
1.0811997285671484
1.0845283135632742
1.0867304028589637
1.0867872165055144
1.0890316456594324
1.0924913628729176
1.0803744752532949
1.0762233737493212
1.0737200705301524
1.0680813848446644
1.0608932006979221
1.0562034742291273
1.0498459236351814
1.0397963426367054
1.0319079086131897
1.0255970141841797
1.0091553481320936
0.985766303483357
0.9651755333645536
0.9401398282138904
0.9193121584361342
0.8976936251412398
0.8764988302766061
0.8614799082371818
0.8403302176205604
0.8256766157779744
0.8103601131401827
0.7897187108009188
0.7758705131770841
0.7590076409324976
0.7440434869504609
0.7321637139818826
0.7174836421623716
0.7065468493214312
0.6942942567700465
0.6801534637255604
0.6705619501209229
0.6587927259118044
0.6440917393598923
0.6362109689691998
0.625775435698069
0.6156257247425614
0.607250426028373
0.598447383141754
0.5884134533589298
0.5777422495440514
0.5699963169249217
0.5594383398278493
0.5483212869677356
0.5368083286307167
0.5262686417648055
0.5143954149485572
0.5037440219277703
0.4900247598113383
0.4800661017472615
0.4686862044705298
0.4557114368951185
0.44225751605744046
0.429441259902302
0.41736534093287325
0.403926313427034
0.3907428495003732
0.3770204423089519
0.36532625373567695
0.3503420520790608
0.33770504782709726
0.32604587499803356
0.31196556681838966
0.3011379189792184
0.2891047291289022
0.2785238453859486
0.2674320148810398
0.2576830917321265
0.24713311076340846
0.236519066759669
0.2276425422958378
0.21807479036278793
0.21040623952895532
0.2016597984534477
0.19246169568801277
0.18405711191261317
0.1756622930119569
0.16793103931182018
0.1592850708215564
0.15160331110549263
0.14355088930186516
0.13509133868296888
0.12685059045181382
0.11974672243925528
0.11353950936804932
0.10682519736904587
0.10142337354553296
0.09562983528401749
0.09073584594845958
0.08568766188619993
0.0818234698756463
0.076077694488503
0.07142753454379554
0.06699056220098747
0.06284902523173304
0.058769911230688414
0.054772720239057104
0.05138443464704615
0.046902681678469775
0.04359004985074451
0.040672715789438985
0.037688821837202395
0.0348940783246227
0.03210368776278769
0.029637901819251855
0.027534732851565585
0.025234052173364947
0.023415207022531765
0.02182925113436692
0.0199892326978392
0.01858716282011745
0.01693302160226042
0.015513692679294568
0.014234345064978495
0.012765714640302406
0.01187252423138906
0.010600017797097813
0.009770334356849182
0.00860225740225361
0.007748688542942349
0.006894427599033615
0.0060993900373311335
0.005383934622696184
0.004638821628380525
0.004146709902684541
0.003616591931792184
0.0031426215690419567
0.0025906401700283937
0.002205234648991162
0.0018406110825219333
0.0014414060197852371
0.0011236636435364145
0.000805946542980159
0.0005445459317150337
0.00036177964664102903
0.0001916100345611815
6.166262575041544e-05
7.656271032288976e-06
4.7386429432436046e-05
Gaa RDFs at 40,000 MC steps
0.0
0.0
0.0
0.0
0.0
0.0
0.0
0.0
0.0
0.0
0.0
0.0
0.0
0.0
0.0
0.0
0.0
0.0
0.0
0.0
0.0
0.0
0.0
0.0
0.0
0.0
0.0
0.0
0.0
0.0
0.0
0.0
0.0
0.0
0.0
0.0
0.0
0.0
0.0
0.0
0.0
0.0
0.0
0.0
0.0
0.0
0.0
0.0002616449078868119
0.004366826447194761
0.030325020924547644
0.13197602152630866
0.374276813909908
0.7951879090978017
1.3450705269212244
1.9141489423004328
2.395866339460486
2.7271130434655735
2.898783987150534
2.9135182710060734
2.8137643387220077
2.6746701547725653
2.445873439324059
2.2337591886137056
2.031657687743076
1.8246564411324164
1.6374445650245124
1.4722509121903358
1.3333222537762244
1.2014586802451972
1.0994569678400539
1.0039215939369945
0.9219009726252835
0.8619026491944756
0.8055272181192824
0.7517129909367316
0.7167564223955983
0.6863178026927713
0.6604514829114444
0.6410624401552752
0.6281751716875956
0.6170139763478262
0.6170511904716692
0.6170209541793654
0.6210600237401696
0.6307387222750414
0.6503118739502829
0.6623888144997222
0.6875645548221142
0.7109975102057692
0.7428965851193289
0.7725039479268566
0.8042897910470638
0.8338840169615827
0.8633585251428587
0.8998449632025558
0.9309149977395259
0.9638409470588606
0.990445355567909
1.0227046411219818
1.0452803361104912
1.076321781634565
1.1050605624073941
1.124315785003475
1.1450599975226499
1.1620690033246133
1.1891249370610975
1.1984684639136853
1.2108327094768647
1.2193502182363558
1.2286296155436625
1.2347285998064155
1.237686438823478
1.2362832135498694
1.2252233943166162
1.222089805510207
1.206949804043903
1.187742497623311
1.1712263960205853
1.1499251968785376
1.122293661109074
1.0985667438993127
1.0752710704668533
1.0465464561887716
1.0218174492776404
1.001601641707995
0.977787285595938
0.9546568175752335
0.938338829383602
0.9238484383232587
0.9105579741610025
0.8980640006635712
0.8921796727450433
0.8849464851418699
0.8825526619350168
0.8848551422349997
0.888091290009498
0.8870929048622941
0.8895101045308468
0.9002861416772939
0.9045490664366708
0.9150057518902005
0.9227953961511791
0.9317170949331476
0.9463390034574827
0.9581913603459563
0.9711633336154514
0.9854809789843815
1.0006194435630826
1.0133275010656713
1.0241543813381253
1.0361514489093395
1.0460596954616057
1.0567181166544835
1.065044913607872
1.0716635197199345
1.0774041924406752
1.0810374296958192
1.0845711511973013
1.0865403193491279
1.0870460878339259
1.0869003337266394
1.0902540775673115
1.0802423223928068
1.0766164698001768
1.0730393999212369
1.0676579778970299
1.0605832343464516
1.0553402893647543
1.0488589553537453
1.0385483788032552
1.0305391545189566
1.0254529433483826
1.010013747855465
0.9853300519670191
0.9646300962491147
0.9405350997960928
0.9185436027851784
0.898090865663119
0.8766849377831898
0.8602636992002157
0.839764065902046
0.8250951802959999
0.808279974047823
0.7893688412422034
0.7749224345952589
0.7587861324890511
0.7445877522559605
0.7313602924091742
0.7185724571177647
0.7068263256512272
0.6944178908443114
0.6810392218192205
0.6721019824759586
0.6594349736629166
0.6467550638623366
0.6380034122818286
0.627102552735915
0.6169068124897703
0.6091355979251253
0.5993825210421951
0.588614480219587
0.5786989818689733
0.5697621297131454
0.559941404511174
0.5478748908154378
0.5361699323482563
0.5249294254265626
0.5125474369552631
0.5011333253886802
0.48844085866589193
0.47789825917877116
0.4666660963310575
0.45373673459406577
0.4403766751073631
0.42774500302353985
0.41578761747878784
0.4026377026059366
0.38972480179484564
0.37713640327984066
0.3650090347606024
0.3507203492680654
0.338194382425355
0.3268885680067283
0.3134759621015855
0.30259167926748787
0.2905912892645103
0.27977252964979266
0.26900535014448324
0.2589183045929142
0.24854663360744847
0.23844259226637535
0.22924594151044797
0.21991075951923586
0.2118333464850029
0.20294211471246512
0.1938611177695766
0.18516889083704668
0.17675682154063832
0.1684382061617615
0.15972031217727034
0.15162780715217036
0.14332887278007958
0.13485887953042
0.1262819501791137
0.11877080780679936
0.11228072125988574
0.10527389890612437
0.1000109438652884
0.09412805069975248
0.08908654011585562
0.08423464119086037
0.08037534395887039
0.07491571760635153
0.07056847696588227
0.06619900654675313
0.06218021333936629
0.058267420234456795
0.05440154341279255
0.0511402030909997
0.046991128783715114
0.04372305715217488
0.04074063026930475
0.037807434741103145
0.03524741024900402
0.03241328582643467
0.030093130819615375
0.027820675577201713
0.025686349586190742
0.023738578252317878
0.02201349166126804
0.020198111286503295
0.018705695226933088
0.017105807536977363
0.01563400552611102
0.01435134540603806
0.012916263511778023
0.011946826176700264
0.010734434609086083
0.009721283097180766
0.008664393026938012
0.007807880840083521
0.006903202084259549
0.0060826226326360115
0.005348350771503247
0.004639794127673686
0.004103736313800176
0.0035966134099840695
0.003056437553284897
0.0025733019844173493
0.002126811696184193
0.001768479026585263
0.0013714663318072262
0.001057114786918674
0.0007712232225343019
0.0005164110585764237
0.0003416473905571844
0.00017638867667548014
5.869807643549162e-05
7.067327106728286e-06
3.5539822074327034e-05
Gaa RDFs at 50,000 MC steps
0.0
0.0
0.0
0.0
0.0
0.0
0.0
0.0
0.0
0.0
0.0
0.0
0.0
0.0
0.0
0.0
0.0
0.0
0.0
0.0
0.0
0.0
0.0
0.0
0.0
0.0
0.0
0.0
0.0
0.0
0.0
0.0
0.0
0.0
0.0
0.0
0.0
0.0
0.0
0.0
0.0
0.0
0.0
0.0
0.0
0.0
0.0
0.00023722471648404277
0.004336710402731349
0.030671959723260686
0.1326673832854736
0.376523394793465
0.7990089233638202
1.346349280987279
1.9167168113396875
2.396492409111626
2.7264398983524267
2.8946843936633964
2.9100429378799735
2.8144380173305388
2.667737035377355
2.4417049813044764
2.230019263077354
2.0250342765652283
1.8197012358282352
1.633793527271262
1.469175193960937
1.331758791620744
1.2017220495027505
1.0979821928622566
1.0033530510689077
0.9219641001814253
0.8617903355169129
0.8051746132774902
0.7539111894764012
0.718976867675936
0.6888491098530352
0.6623071843556118
0.644815287404914
0.6314805046752816
0.6198635831917579
0.619198485953011
0.6200393874266208
0.6229973083339638
0.6331342186763727
0.650325871771911
0.662758067767658
0.6880138325469952
0.7122065170185128
0.7440276278630572
0.7742223319264749
0.8049385104128188
0.8356871287762034
0.8660056489372022
0.9014006828015867
0.931989513829313
0.9651705577314824
0.9913396180277916
1.0225318355685606
1.046462602748099
1.076793273224853
1.1021801144319834
1.1219917380344007
1.142211170987495
1.1597162925684623
1.1825818645056156
1.1945918476991189
1.206878711463452
1.2138633662483718
1.2265689175801238
1.2331150305429106
1.236168162512853
1.235283760827544
1.2262413637733416
1.223360251516741
1.207670843129775
1.190061766872539
1.1735496866535653
1.1492637468915448
1.12211506954193
1.0995587829918094
1.075327057644447
1.0468396747792188
1.0223835902969352
1.001489920422022
0.9770776214275014
0.9554910687333286
0.9384797338229007
0.9245077154614504
0.9109963629751936
0.8982715290338092
0.8927878177479451
0.8852217741278596
0.8824806710810488
0.8839940423962988
0.887143390139013
0.8868546366305683
0.8895962866795606
0.9005606648232937
0.9057989296544507
0.9164197164763549
0.9243486649746042
0.9344696897301581
0.9488878536715856
0.9596717558475384
0.9740013954218328
0.9871680570497953
1.0025608624359632
1.01529354702568
1.0259769362936448
1.037770891668136
1.0465024404793475
1.0567726094283363
1.06445962497557
1.0717528842323476
1.0767163459964886
1.0786569391216865
1.0822449090117174
1.0840337236150293
1.0841320836455053
1.0832821452540655
1.0872264993947611
1.0781288702555274
1.074908931224214
1.0716815493219138
1.066847565504046
1.0603211589793613
1.0549525575719387
1.049452245275732
1.0396615461040912
1.0316858753080915
1.0258503647561077
1.011407027159932
0.9866602486485047
0.9648188019809965
0.9421747953595048
0.9197086910393889
0.8990137628252712
0.8779083064193876
0.8601290896563185
0.8401520771367261
0.824884907738135
0.807729550573545
0.7889952834104702
0.7749104101839772
0.7591198820439444
0.7450030232894708
0.7322744689854961
0.7189820642088169
0.7076086401775348
0.6950178414573233
0.6823983381962129
0.6733735181555783
0.661435717311799
0.6490929634021386
0.6401012093996878
0.629302182972222
0.6177586063539293
0.610157226580723
0.599276712347785
0.5888055862741338
0.5784293132440562
0.5688192382506495
0.5589043563075645
0.5468406194773312
0.534639458808028
0.5237316067058378
0.5109574750814614
0.5001006954710452
0.4871963947993225
0.47601559360590656
0.4647705732580265
0.4516308309454839
0.4383598725253323
0.4261811619616371
0.41444843112132373
0.40100068545336626
0.38875057090693543
0.37626883935261296
0.3645736415064015
0.3508657319538254
0.33822614906484844
0.3273026005717549
0.3145233901086177
0.30318531323587233
0.2918534980127659
0.2809587157702652
0.27015253892091196
0.26036015680616564
0.2501407884808272
0.23987286558409632
0.2305134836681963
0.22113698790785039
0.2128403339426086
0.2034286553224447
0.19424602980661526
0.18561303948078245
0.17696363300848866
0.1683716448371171
0.15966857723525116
0.15144435898038383
0.14326260523467127
0.13458876288751584
0.12590093907032396
0.11828901716499732
0.11190576217375005
0.10487891694257968
0.09931100411078113
0.0935237252748833
0.08851929355579469
0.08355500382734816
0.07964236243640033
0.07434100511620649
0.07012114641342895
0.06581205979090635
0.06181220602647507
0.05802287461629076
0.054263836018826575
0.0509375929898422
0.04709469372016537
0.04387338633472175
0.04098351086679079
0.03801659707854354
0.0354734671015868
0.03262919812836267
0.03037520157715869
0.028123464540937327
0.025898766198472856
0.023998112325430407
0.022140075740927165
0.020406918157197036
0.018834906228957348
0.01717937406378323
0.01574618059436729
0.014393131242130762
0.012975895383946898
0.011925101866593108
0.010711231098575559
0.009683733512193224
0.008613005185982804
0.007675723615536781
0.006810324985924664
0.005988922429927982
0.005280382351151237
0.004580471670790833
0.004013057212761033
0.003515580525530355
0.0029681584564818088
0.002503886194025496
0.0020421900429158355
0.0016845322373486209
0.0012950421694471477
0.00099216064944569
0.0007306517639080897
0.00047557011369779616
0.0003100968399780249
0.00016045101959515757
5.514061725758305e-05
6.007228040719043e-06
2.8431857659461628e-05
Gab RDFs at 10,000 MC steps
0.0
0.0
0.0
0.0
0.0
0.0
0.0
0.0
0.0
0.0
0.0
0.0
0.0
0.0
0.0
0.0
0.0
0.0
0.0
0.0
0.0
0.0
0.0
0.0
0.0
0.0
0.0
0.0
0.0
0.0
0.0
0.0
0.0
0.0
0.0
0.0
0.0
0.0
0.0
0.00010351771245285404
0.003873117700672868
0.025039526224465498
0.08226630356753367
0.18601932955213743
0.31934674719496137
0.4309424147005999
0.5186536335126354
0.5639076893775766
0.5629356621292598
0.5411244287907447
0.49457314223553034
0.45411734752078986
0.4075264664564488
0.36320379058071717
0.32211984092718554
0.28771950033535976
0.2575887651091473
0.2304039440559235
0.21422488984424115
0.1903865584447624
0.182026814449159
0.16660395658036314
0.15101954592810135
0.1411733122258798
0.1307344468643341
0.12573151223023182
0.12006718311256569
0.11484626912840244
0.11015219992710029
0.10550045061308119
0.10437031675812235
0.10282989821321058
0.10263503177453513
0.10071837600191745
0.10190319216010972
0.10188522866412592
0.10542132321418138
0.10784576470528262
0.10906479365488832
0.11326398069446236
0.11860133277065794
0.12174750352314251
0.12624182328513137
0.132201510307402
0.1382525740141268
0.1482430158310329
0.15122507409185892
0.1573872156208904
0.16445052948716948
0.17015242422388666
0.17606971333127988
0.1821778328796695
0.18961184947536203
0.19167474282763428
0.19768389985193346
0.1996283979376368
0.20488456099740796
0.20823606799797642
0.21122680576328995
0.2138600737526
0.21601673519637524
0.2168139551375008
0.22005527139545775
0.22011079074762546
0.21854619155256708
0.2209821748277664
0.2114355964669154
0.20744103275678874
0.20324613593940621
0.19781309154110438
0.19262631566944396
0.18641933462565743
0.18343901824733186
0.1770068973070538
0.17201074780942047
0.1673459909116747
0.1659532159316368
0.1610112751661302
0.1582439208087131
0.15638702958231812
0.1534165522383258
0.15380108228671027
0.1511854955204904
0.14980607260170334
0.15003868136159235
0.14903135639885526
0.14899253874249802
0.15043030362640197
0.15127395763401108
0.15212829157461857
0.15252778449535698
0.15702615710226714
0.15769791235478706
0.1582897007446016
0.16035248503064697
0.16577711856309185
0.16545493567232014
0.16739421982810324
0.16948499036563414
0.17049174677932483
0.1722082745802495
0.17350177876113645
0.17481372902512074
0.1779653560312874
0.18015206728404598
0.18097010357530297
0.18133768026278574
0.18248544342273793
0.1845039514801712
0.18447215153395077
0.18345031670801956
0.183560571770399
0.1827932663104307
0.18459868697766368
0.18417687399603982
0.18440969126039838
0.18317727533084513
0.18415116760256156
0.18262779376421187
0.1822729733590432
0.1826568515900856
0.18381614327550228
0.1805453709146491
0.1780294310892429
0.17517514611791307
0.17492219830324224
0.17212429140238367
0.1717006284187891
0.16846453427775254
0.167698849106098
0.1667598321669306
0.1653736120741189
0.16465418563090092
0.15977647413688986
0.15567487010690229
0.15347583482161775
0.14986299635205427
0.14808517157947879
0.14646609159618668
0.1432562546771978
0.14056281352826808
0.13822386795434222
0.1380096973795066
0.13383454682586915
0.13169176443908065
0.130047296298913
0.12828802146250878
0.12569043847004588
0.12360730933088132
0.12156703213596802
0.12025551674430635
0.11831576941016982
0.11677296887855951
0.11422895248042286
0.11300187840368457
0.11093456637204457
0.10927428486742047
0.10860393002255356
0.10629358278960041
0.1046043231733924
0.10382197961651257
0.10209521946487315
0.10070465872035975
0.09768528949082966
0.09589415355425178
0.09303928056324523
0.09187268364554796
0.08906607431744107
0.08805152973553476
0.08512631633328434
0.08247494259015599
0.08089527224893138
0.07826972004715065
0.0754782634907009
0.07298809884534428
0.07071817840018473
0.06758757874604558
0.0651704078078881
0.06280019313068977
0.06136994166307186
0.0584647216357116
0.056284243184175985
0.054645138415377756
0.05239712300428152
0.04993586225963484
0.04772998163713292
0.04572579235183834
0.04421263973290205
0.04232200284940735
0.04088065587918237
0.03908367343555599
0.038081679205693886
0.03607652101358323
0.03509371521428514
0.03370041987330721
0.03287117862024044
0.03096505964737655
0.029960328606911602
0.02860596456079211
0.027414863145930862
0.02622392478649705
0.025020343768089637
0.02371849114713612
0.022455297391166296
0.02095164787038002
0.019821884206319057
0.019175808335051784
0.01812991922858781
0.017294639965506547
0.016809456115470727
0.0157377068005903
0.015251042831370744
0.013815632259951532
0.01298045238352708
0.012379891983802637
0.011238201619001126
0.010513255841796462
0.009701770553974467
0.009264275591629923
0.008184003631880125
0.007503228949339646
0.0069215787180574575
0.006401689593843006
0.005795649742477946
0.005377119289163502
0.005060957209038483
0.004627329085527098
0.0044092054500525675
0.0038917307787225343
0.003669424527798239
0.0032280733834266
0.003113035581124059
0.0027001442724039998
0.002515607222459452
0.002296526666020318
0.002110348037815137
0.0019507419455511322
0.0016780140576898338
0.0015757444624773596
0.0013977022393080044
0.0013357476543030132
0.0012318316176975425
0.0010767287942044816
0.000918420726370422
0.0007975629894424012
0.0007285739537140704
0.0006329777115011843
0.0005601871125193826
0.000463807624705313
0.0004156401670951485
0.0003362240002734432
0.00028449824712138005
0.00020704013021349854
0.00016313031472441907
9.99460554370717e-05
7.337403026535165e-05
2.6947201350385202e-05
2.0683087346820794e-05
1.2085140855316414e-06
2.4609375775469926e-05
Gab RDFs at 20,000 MC steps
0.0
0.0
0.0
0.0
0.0
0.0
0.0
0.0
0.0
0.0
0.0
0.0
0.0
0.0
0.0
0.0
0.0
0.0
0.0
0.0
0.0
0.0
0.0
0.0
0.0
0.0
0.0
0.0
0.0
0.0
0.0
0.0
0.0
0.0
0.0
0.0
0.0
0.0
0.0
0.00017252952075475674
0.003873117700672868
0.024867594396457308
0.08250475662135259
0.1901590989693653
0.32103238471633777
0.4407206023734878
0.5291113640011282
0.5720565754609569
0.5687836012093178
0.5476283809945073
0.5037670895375141
0.4600244660281677
0.4124586637809109
0.36677770534638793
0.32341586076997964
0.2880428592294855
0.25639973820282924
0.23055864314904181
0.2085141139748529
0.18791528951375563
0.17603280015517658
0.16050435000186983
0.14740841870046945
0.13790201160208898
0.12806850981681353
0.12270085445963587
0.11779050868120797
0.11232931724813187
0.10830485574082288
0.10404027533254093
0.10335206976536017
0.10234018188108089
0.10148781385450041
0.10027986338128769
0.10144242094377415
0.10216858426437841
0.10463933416860974
0.10784576470528262
0.11153738330515936
0.11365157930469086
0.11867610769149409
0.12264723540670235
0.12745606727750353
0.13410885686382304
0.14118200542969747
0.14836822108089018
0.15267500997068978
0.16022470016148418
0.16702146532415485
0.1725822129403368
0.17705247998835227
0.18364083746790505
0.18964645821568374
0.193171287585759
0.19786175446920243
0.2006703429410669
0.2045578974057847
0.2087911074263715
0.21220902372829895
0.21435495656789527
0.21770919678518308
0.21742279226174496
0.22101100852582856
0.22056564818386465
0.21898745498442473
0.2185732016196971
0.2127837108173398
0.20767631118810187
0.20414711453481715
0.1980937379947243
0.1927012761219192
0.18624827195507912
0.18336244529381843
0.1771594462245006
0.17196352031509535
0.16741863773389182
0.1654216451773499
0.16126865610395633
0.15797169464139824
0.15577436070632963
0.15377993162489634
0.1526157526271613
0.15051815245326342
0.14946013275734293
0.14885942143978984
0.14834938847442075
0.14803868772216294
0.14929263719540972
0.15085822651364345
0.15136740933122542
0.1525578183624694
0.15570289422342862
0.15716123282730685
0.1588213912484673
0.16068284484055828
0.16495896572789934
0.1655026147117311
0.16791108838935265
0.16991863886542694
0.17142827139326441
0.17375746446228096
0.1745141996362421
0.1767969946519907
0.17902949818603034
0.18122473868344144
0.18172035204426942
0.1827575558545841
0.18359411549560725
0.18493121350887348
0.18470461467771304
0.1848076056429252
0.18406842925376418
0.1834646450004775
0.18466266790548996
0.1840742465051719
0.18426384684144692
0.18270794511431365
0.18300191846300642
0.18160122903719134
0.1817512924736775
0.18048841151451075
0.18036160448394775
0.17844934903636409
0.17682199787690706
0.1745683015128228
0.1737850506909976
0.17185627578378948
0.17134752842628795
0.16895947161815297
0.16821982176191946
0.16722285328046735
0.16550907268772164
0.16470756253723182
0.16068776040450972
0.15723349304542433
0.15471083649934927
0.15187819919536708
0.14958386405865165
0.1475061585041029
0.144381684369547
0.14248060074522068
0.13958204837185695
0.13832007128604568
0.1349522198313444
0.13237109345058168
0.13100487249255957
0.12921368523936583
0.12696155485480728
0.1245528313783526
0.12234592354459924
0.12126437175055053
0.11937504408666555
0.11758007830013523
0.11540233077826552
0.11359108957333565
0.1117987994700668
0.10975953313689439
0.10821054254582566
0.10582831180090202
0.10436353004398102
0.10259851984046174
0.10045821109479072
0.0987443716831168
0.09623176316988168
0.09414003145963315
0.09129645146148634
0.08980578815976156
0.0869459000972796
0.0854444762142843
0.08325803694636914
0.08052898789986583
0.07907901029648921
0.07656828215382618
0.0740797522941157
0.07168158461064614
0.06982953477672589
0.0671660178792917
0.06527796100356832
0.06289661449497001
0.061481689981770775
0.05914630804693177
0.05688232293880907
0.05540479349604371
0.05361670099122626
0.05105539982831806
0.04910166670581026
0.047434868616354486
0.045666941286903066
0.04395282609160651
0.04235572055295863
0.04048617820725298
0.03910690881655789
0.03737681361133683
0.03590692007890791
0.03466189030664793
0.03308960789341097
0.03147909041869274
0.03022711565437024
0.028744157626303186
0.027406415384493076
0.02598143818963199
0.024725856454433565
0.023137110699423948
0.021832371514246888
0.020298682014470396
0.019141620795479816
0.018429280054367843
0.017301956659463377
0.01645327438944717
0.015737837071114247
0.014800325670961857
0.014138517688735171
0.01305602582854405
0.012337839140245258
0.0116288524076685
0.010797366541549483
0.010212105522672845
0.00935058075111257
0.008977838822380972
0.008115643695330129
0.007576618890950508
0.007001100894206223
0.006491155413261416
0.005996101369241466
0.005537578623898093
0.005196150300798189
0.004723984468620922
0.004478804682839234
0.004044830914903329
0.0037609748165220937
0.0034550760364439478
0.003220041614121402
0.002854220711148857
0.002659561856076588
0.002410852822387229
0.00220753045165738
0.002000038673417045
0.0017440858612113711
0.0016107995705633095
0.0014297501456826702
0.0013295889817165748
0.0012148455225831252
0.001034900983903305
0.0008969842105105726
0.0007576515804627981
0.0006793638362601282
0.0005824706816715561
0.0004885352725459732
0.0004068828395253025
0.0003395144177894683
0.00027338137403637653
0.00022747187241998985
0.00016865275044746994
0.0001215664605896533
8.194334979933828e-05
5.148513888367112e-05
2.2660146590096646e-05
1.5208152460897642e-05
6.042570427658207e-07
1.2304687887734963e-05
Gab RDFs at 30,000 MC steps
0.0
0.0
0.0
0.0
0.0
0.0
0.0
0.0
0.0
0.0
0.0
0.0
0.0
0.0
0.0
0.0
0.0
0.0
0.0
0.0
0.0
0.0
0.0
0.0
0.0
0.0
0.0
0.0
0.0
0.0
0.0
0.0
0.0
0.0
0.0
0.0
0.0
0.0
1.210719866056542e-05
0.00016102755270443962
0.0037637075961340864
0.025247928440233002
0.08430309006890375
0.19150108607712651
0.3227814602089489
0.442384974743341
0.5329292656080383
0.5781612802623178
0.5734108354585744
0.5517665938268563
0.5064728474690967
0.4613100931947219
0.41158942504452056
0.3662823732999177
0.3248206375226585
0.28773115290812107
0.2561383209397381
0.2299099925656158
0.2070982191312029
0.1868938316889395
0.17422111239924493
0.15857553625301135
0.1467100836640826
0.13663799884405278
0.12824969000450911
0.12178266345805434
0.11686522923316954
0.11290833434734904
0.10746341532471308
0.10457158593080368
0.10377092313826942
0.10164334537980674
0.10124539578211211
0.09974833293203948
0.101735051084675
0.1026628823670411
0.10481719834368096
0.10737366122750482
0.1111413029842679
0.11378077884143369
0.11825515258160173
0.122595899353286
0.12740992336899862
0.133859177220135
0.14091432250755395
0.14784530503736854
0.15269060067906431
0.1604743425436182
0.16611407620521884
0.17214196076626354
0.17758166203446815
0.1834468419877068
0.18937692954105698
0.1932143979285856
0.19812401466754817
0.201672932137002
0.20611219939188596
0.2095179447730793
0.21314684766099112
0.21472838462632318
0.2172960762398835
0.21773896948077306
0.22015947151154822
0.22019958428029826
0.21840978609690903
0.21744127444964048
0.21199414619191517
0.2080932897940925
0.20410442857767414
0.19754067738345726
0.1922132982744334
0.18680476697202372
0.1826435103413869
0.17728970488916979
0.17192998194956005
0.16759621885486695
0.1646613138745763
0.1604913136755724
0.15771352710244238
0.15513781345363595
0.15362790555500458
0.15125414317208963
0.14956975988639779
0.14911301624684525
0.14842117904371496
0.14786226852839607
0.14771625131023308
0.14904479040864818
0.15037402203227407
0.1515118806432621
0.15261209008725146
0.15536455406774127
0.1568075354625294
0.1587801046752505
0.16068482898356076
0.16486317244492577
0.1654212232202114
0.1689263150675092
0.17069565090227257
0.17256676438775825
0.17483026027260787
0.17545849834533797
0.17794771294351683
0.1796474152930842
0.1812788879608148
0.18279019788363174
0.18383124269785212
0.18442809426470766
0.18526814013722154
0.18534981031160935
0.18501282329274454
0.18481086294191695
0.1841776954712858
0.184981049189197
0.18418589619303918
0.1843428922898863
0.1827823198480809
0.18258483182217955
0.18166052261571788
0.18144830134417841
0.18007144400118333
0.17964840271969199
0.17824613550147198
0.17642287691792255
0.17425857863787503
0.17375392737692005
0.17145489973661945
0.1709477322391263
0.16867755328632847
0.16802180217931106
0.16656351121479107
0.1654517154909709
0.16438398389037842
0.16043467501320804
0.15670746885460152
0.15455380278755468
0.15148529801207966
0.149305315741542
0.1469076905432792
0.14435745462858324
0.1423481211169923
0.1399448835736479
0.13854099715701962
0.13574530396684611
0.13337255674693102
0.13176217131237156
0.13009755483231794
0.12758486132299754
0.12526348817364752
0.12329573626330542
0.12181479117307492
0.11995227415408376
0.11815713853164285
0.11588644519036563
0.1140963310352345
0.11217139874378623
0.11002121395654363
0.10815302975683033
0.1056905296432111
0.10410469997603695
0.10264874396919947
0.10022416332053433
0.09849184084576712
0.09590543480981198
0.09379907733017151
0.09116045894440203
0.08926244422326181
0.08675311909328377
0.08493627623254887
0.08276571731803781
0.0803096655011163
0.0783022744582016
0.07586958376175322
0.07375886641989923
0.07132526254663756
0.06953563894039606
0.06707642183676635
0.06520493105588422
0.06302160515237032
0.06109392331588553
0.05910256692062276
0.05702132618453419
0.055165713311983014
0.053456641485206555
0.051095993747793216
0.049389485867911476
0.04750990635225433
0.045839279835386264
0.04418913992425735
0.04262933499810585
0.04078343355385543
0.03921457215802213
0.0377574558846228
0.036233288272906485
0.034939300309478755
0.03326143892163845
0.031689900791198815
0.030439813497215917
0.02885931851422908
0.02743363594912594
0.026044580892718414
0.024679390849039553
0.023121240996914226
0.02182208022181965
0.020353621210622792
0.01913998304159073
0.018354996429207803
0.01720673803421021
0.01637683945110395
0.015566297299418764
0.014664902340716528
0.013919474227854105
0.012877982075397773
0.012179210577801072
0.011532288197270882
0.010663617701399671
0.010071077701126729
0.009239472146815992
0.008843684892479565
0.008060342772000212
0.007508253846242733
0.006942574672156141
0.006473053886479524
0.005974518247597683
0.005468187336854598
0.005099147347953655
0.004690249844717587
0.004404690905223163
0.004014957717599759
0.0037388594296373845
0.003417916769094269
0.003188511963898066
0.00286135052282411
0.0026593219316872266
0.0024260963099028165
0.0022139146978221998
0.0020063768241426624
0.0017747329235150123
0.0016118408113975457
0.0014365273015110047
0.0013519426822154981
0.0011962740585913622
0.00103917371721364
0.0008963143193899524
0.000760534071111325
0.0006686851306828746
0.0005697892629264546
0.00047681042600486987
0.0004004141139366649
0.0003321266868441913
0.00025477315137734655
0.0002128984655518568
0.00015795462821759313
0.00011271200544816185
7.470088201404324e-05
4.562754823223548e-05
1.898552822413503e-05
1.2369297334863414e-05
6.042570427658207e-07
8.203125258489976e-06
Gab RDFs at 40,000 MC steps
0.0
0.0
0.0
0.0
0.0
0.0
0.0
0.0
0.0
0.0
0.0
0.0
0.0
0.0
0.0
0.0
0.0
0.0
0.0
0.0
0.0
0.0
0.0
0.0
0.0
0.0
0.0
0.0
0.0
0.0
0.0
0.0
0.0
0.0
0.0
0.0
0.0
0.0
9.080398995424065e-06
0.00019840894886797024
0.003626944965460609
0.024203312333698393
0.08336914894144624
0.19171684725522942
0.32184801577506833
0.44285958092693206
0.5301571370499776
0.5762383976750488
0.5737617880974298
0.5507704930388927
0.5057146019108963
0.45913129347035114
0.4123658798708468
0.3670927741480983
0.3246892229232144
0.28936251309470146
0.2586892474586118
0.22981364488481404
0.20658299072976366
0.188021744175399
0.17453613523637238
0.15959688227869842
0.14684331863813008
0.13739796426107628
0.12909088373309566
0.12342871429688043
0.11756527618398808
0.11368823492996809
0.10954119944312966
0.10609678173910336
0.1046898729952126
0.1031274140493969
0.10248906878024501
0.1016850970064876
0.10285383593275996
0.10392302768927518
0.10569501938013146
0.10845307503349998
0.11195457820198072
0.11435010866817956
0.11877373050480793
0.12305454646209768
0.12801572696779887
0.1343192827490962
0.14070507740644178
0.14712169234334038
0.15233681152748854
0.15997681582429477
0.1662549964850536
0.17179748864532837
0.17702289838328988
0.18266174978193203
0.18874663096731895
0.19259853588820508
0.19653236656724288
0.20118836375721982
0.20534131186003166
0.20850509221071895
0.21203977148009118
0.21410751516024765
0.21661242836975877
0.21777685848635908
0.219741389898218
0.21977781500010227
0.21781773711617636
0.21605055196506234
0.21128488297879577
0.20741540837318034
0.20356170712257046
0.19755826456121747
0.1922603322838296
0.1869974831452069
0.182766877877603
0.1773443856655149
0.17233620684640022
0.16796247991687824
0.16471354532928856
0.16102979879423135
0.15814614943876198
0.15557170869350267
0.15390600202431876
0.1516911954927131
0.15007236010862388
0.14940012278434164
0.14856590902920863
0.14818701515907917
0.14821700907693458
0.14944747243747344
0.1506634034984123
0.15161461579848817
0.15293956462076674
0.15517514585175063
0.15651491733921283
0.15873680412285232
0.160776595597425
0.16424784722419258
0.1650092088947964
0.16878250315377313
0.17040421291373867
0.17254048083138473
0.17451910403016346
0.1756556940890505
0.17780387315707608
0.17966353865906515
0.18112417573974812
0.18291884218325397
0.18399994699740768
0.18445222273057926
0.18538044901333756
0.1855868905989869
0.18545891416860671
0.18483959852700343
0.18454637497607873
0.1849157353253743
0.1842191655444744
0.18406456324608583
0.182673322393422
0.18226668117117584
0.18136119720122826
0.1810047491377232
0.17961737787451476
0.17903944607582667
0.17747881750517375
0.17601737807986256
0.17404800687599947
0.1735904480745547
0.17139695916206826
0.17056696635047353
0.16874898102510913
0.16769369559961056
0.1665658263203587
0.16561295633396425
0.16466730368415172
0.16033809118896566
0.157040764854501
0.15479998736355918
0.15146859107026833
0.14928181856755265
0.14715425934313855
0.1446147911877841
0.1426053684616187
0.1399195504852346
0.13884786858023834
0.13593278202105494
0.13394485914660845
0.13226012657973762
0.1309129284016481
0.12849646617604477
0.12631697247413537
0.12421406347752412
0.12267528514898908
0.12050699249356535
0.11911620149718459
0.11681297307015726
0.11486379993193584
0.11279404100837599
0.11065298954110533
0.10854975297531998
0.10619793236607944
0.10451064382388825
0.10280075566551229
0.10026394481190934
0.0981584519976716
0.09576567266356696
0.09358354024833122
0.09093915237167806
0.08885598844737132
0.08638193750613077
0.08442983079989742
0.08205678114227415
0.07974677851374389
0.07767859891036168
0.07520754915049295
0.07316758990259298
0.07080920990221133
0.06898204816387735
0.06672406816952724
0.06487136439873488
0.06272970967726853
0.06078829166424399
0.058781429537594576
0.05679288532412541
0.05499804904340367
0.053244306652305
0.0510359040643596
0.04931369290033179
0.047440378380179296
0.04583858632010062
0.04431735092000828
0.04265932014277952
0.040841871252676125
0.039313612385823204
0.03800255763626115
0.036267603839446425
0.035006286666044675
0.03334152965513432
0.03177725714418935
0.03056930941649519
0.028934882987265383
0.02747118155551609
0.02610477590204896
0.024695392249572592
0.023174648649591192
0.02184894352190546
0.02036893213414067
0.0191976766445017
0.018324057225488063
0.017188133779737668
0.016351482232965373
0.015476202881511473
0.014608130363834378
0.013832083831544042
0.012841106610319255
0.012135922853894646
0.011444521443631154
0.01062602231827431
0.009997699588948965
0.009194879838514261
0.00873450857114839
0.008026096176106744
0.007433607680406099
0.00693614466121342
0.006447789885071706
0.00597574602996664
0.00546485245060112
0.005091891221559772
0.004657841863327304
0.004377979848315848
0.004024106384273977
0.003724280571244111
0.0033838847668185724
0.0031672690142302206
0.0028353690057024276
0.0026385084909100816
0.00242067772645001
0.002213914697822199
0.0019877144914505667
0.0017530003108928486
0.0016007342424990266
0.001414932296498685
0.0013441302919901092
0.0011689830657741983
0.0010254559944804587
0.0008710259295865363
0.0007531615469525927
0.0006600430854476745
0.000565088392184736
0.0004803930180035403
0.00039313679764944767
0.00032714799859846115
0.0002472235296128259
0.00020165159720797148
0.0001499310365451855
0.00010500342097203989
7.045886516837043e-05
4.3007047151330065e-05
1.9751073717043698e-05
1.110195129645528e-05
4.531927820743655e-07
6.152343943867481e-06
Gab RDFs at 50,000 MC steps
0.0
0.0
0.0
0.0
0.0
0.0
0.0
0.0
0.0
0.0
0.0
0.0
0.0
0.0
0.0
0.0
0.0
0.0
0.0
0.0
0.0
0.0
0.0
0.0
0.0
0.0
0.0
0.0
0.0
0.0
0.0
0.0
0.0
0.0
0.0
0.0
0.0
0.0
7.264319196339252e-06
0.0002277389673962789
0.0037024379375923686
0.02433929477948668
0.08358971801622876
0.19317216825654354
0.323191088251778
0.4454692647912254
0.5339368596408185
0.5766786522818961
0.5740272913981291
0.5512143438311765
0.5065516627846591
0.45899325771141575
0.4127536189476412
0.36685670767278694
0.3249438953538613
0.2884640997348061
0.2586749116732165
0.2294627222051614
0.20746005892458017
0.1885616213880189
0.17398968706208667
0.15932143913448873
0.14641329127361824
0.13780854586998065
0.12903652967678703
0.12332204518280147
0.11772476514147893
0.1135582514995316
0.1095761957149815
0.10636095085474308
0.10446130904258194
0.10336279383483986
0.10294846809911605
0.10175486037795145
0.10303232415129837
0.10426730474358196
0.10599907512079199
0.10853599194178055
0.11185890733035363
0.11505460108721027
0.1191812538233649
0.12345132011705491
0.12843141766355884
0.13448723735477297
0.14034577906164913
0.14684955505026823
0.15236775308718567
0.15974580871857355
0.1659119759014558
0.17163516666053646
0.176779671852777
0.18275017313616607
0.18850436978506685
0.19217851797666555
0.1963539090529662
0.2009684631828415
0.2053644384859873
0.20876052362113343
0.21234997478090475
0.21413198738737765
0.2168067282907416
0.2179250175633748
0.21977239370325147
0.21960818584570366
0.21788750111126892
0.21609844119148783
0.21216756559661767
0.20792836194323142
0.20400259207991875
0.19801336085040755
0.1922691511605914
0.18711224670901258
0.18319143236430513
0.17729276979892675
0.1722916487321891
0.1680183776106397
0.16455685096515177
0.16075701399724743
0.15816647054702637
0.15537056478867814
0.1539030356619794
0.15186589484868968
0.15003522569601205
0.1491833808818546
0.14865830465194782
0.14801677955688952
0.14832030088054757
0.14968047049692118
0.15067269631169114
0.15145152373956675
0.15285215026017107
0.15508890024764754
0.1562283304715384
0.1587210950852381
0.16070903552819088
0.16381413824811744
0.1647475521057865
0.1680178794144042
0.1700665565090456
0.17200678630249566
0.17433568322106735
0.17590523633927574
0.17774302296170622
0.17934063557279792
0.18099215464443794
0.18276103568325608
0.1837870910893439
0.18428208611225386
0.18516657384925575
0.18535093448570697
0.18526922650309802
0.18469685890639018
0.18443559749222105
0.18452739394380013
0.18383132385096368
0.1836980595612095
0.18263430313654408
0.1819490369566831
0.1812853299959328
0.18080041530615296
0.1794222705192811
0.17876118385347736
0.1776680303751201
0.17622966074972113
0.1745404463506219
0.17403370958978578
0.1716414748604814
0.17096334028227306
0.16909297195824566
0.1681594788859574
0.16687317973552443
0.16617685690180647
0.16498602714348012
0.16081957943870712
0.1574306416076991
0.15516445707312326
0.15189133430823945
0.1492872015565029
0.14715687852056714
0.14457368417897665
0.14256471566925594
0.1399249439814774
0.13871935438456204
0.13604846677348145
0.1339073734712357
0.132323260892505
0.13091424414447475
0.12861369986189236
0.12644296631748028
0.12432846081049535
0.12280762318804345
0.12053356612023836
0.11895935638096658
0.11670886450549571
0.11471998401721785
0.11256977709769117
0.11057608884552633
0.10848577574884162
0.1061167661495488
0.10421905416633419
0.1025046342024747
0.09999926528929416
0.0978168788746048
0.09544935517350736
0.09332341520670355
0.0907765350696083
0.08872650760921162
0.08623325645937335
0.08428597841676523
0.08184462164131094
0.07967782257951099
0.07759278083401368
0.07525124760794939
0.07320355668125515
0.07092154789283472
0.06890982050863732
0.06679729570428353
0.06492320617718181
0.06284124269396228
0.06092272489163878
0.05892117966772614
0.056911733099220374
0.055133666779350776
0.05331221068516185
0.051076337744678936
0.04945223785690178
0.04751998134896256
0.04582215000783079
0.04434148071062949
0.04268467121963998
0.04092922378975727
0.039394535702976664
0.03808069471346817
0.03642545544553014
0.0350505906753203
0.03336414921986709
0.03184488010614621
0.03063039840052865
0.029037202647414335
0.02751980311579134
0.026080946125159345
0.02472234845508594
0.023182705575480748
0.02182347257314804
0.0203759571461077
0.019188698775455162
0.018231948483912873
0.017108062240409394
0.016339929804071295
0.015417648717425169
0.014546095896399927
0.013755645608278032
0.012800571747942866
0.012090009938990027
0.011372410006741683
0.010579711954197773
0.01000130029928631
0.009181766045875603
0.008713962473776102
0.008011784563659436
0.007437376353083414
0.006917956915975435
0.006417316811208667
0.005970744432316254
0.005460542751442782
0.005108160220737635
0.0046982855079395055
0.004383171574869664
0.003996735067244582
0.0037085650560947534
0.003376121791164332
0.0031494103281770806
0.0028196350823105993
0.0026175271030603846
0.0024075659453916794
0.00220086246121857
0.0019732775925755492
0.001755342538848374
0.0015996235856091752
0.0014222378407475337
0.0013373899669927298
0.0011648384585662807
0.0010353057691642842
0.0008834524098740425
0.0007639043678696027
0.0006684649511864363
0.0005730252111579633
0.000489056376836689
0.0004004141139366649
0.0003276298071383706
0.0002532844935646242
0.00020263371810560655
0.00015342365880258648
0.00010625346169789748
7.250744891335388e-05
4.291455887788634e-05
2.1557761080308158e-05
1.1314865430907846e-05
6.042570427658206e-07
4.921875155093985e-06
