PEL Ensemble Cumulative Energies at T*=2
-6.477191511708043
-5.576521217749518
-5.2762933492633595
-5.1256819443327135
-5.033001451700274
-4.9709432369241915
-4.9268029876343515
-4.893584494153829
-4.868068478203163
-4.848462131742659
-4.831341578976878
-4.81713057627108
-4.805137857335479
-4.795814722753826
-4.786954156552885
-4.779983649149581
-4.77271965877258
-4.766293070237845
-4.760494924818842
-4.755954196419372
-4.752765855698132
-4.748749187361247
-4.74572755976323
-4.742039949624574
-4.739478010566992
-4.736305160042111
-4.733515174526367
-4.731245214685641
-4.728798916081057
-4.726397814426056
-4.724345445681997
-4.7223088672931155
-4.72032800182408
-4.7185869701327805
-4.716888237018758
-4.715203565585548
-4.713718191622279
-4.7123078052750005
-4.711118485070098
-4.71029094263576
-4.709083736678052
-4.708035861131016
-4.706887890636339
-4.705869549566737
-4.704853638781638
-4.703891705503373
-4.7029802453922125
-4.7020722752937205
-4.701260883431394
-4.700748604330786
-4.6999249920799295
-4.699220993534421
-4.698464078897898
-4.697699000764257
-4.697058139751579
-4.696531801645662
-4.695845915438166
-4.695216347006144
-4.694594153766892
-4.693958390084473
-4.693396505566141
-4.6928792860580355
-4.692451272400036
-4.69195282328673
-4.691440439510085
-4.690927369552632
-4.690427160562151
-4.6899325150743545
-4.689544211352833
-4.689242570639715
-4.688813718733924
-4.688737419322586
-4.6883095937606605
-4.68807592545871
-4.687729809579856
-4.687357600869409
-4.68704539022584
-4.686990374469488
-4.686631255176881
-4.686392308235516
-4.686115243097516
-4.68575684821585
-4.685403620528868
-4.685081928726324
-4.684807947631567
-4.684528131858753
-4.684262338692195
-4.684159926164349
-4.683869996993708
-4.68362769315282
-4.68332471364344
-4.683178495928479
-4.6829075505669
-4.682721496069256
-4.682513490032383
-4.682239207358052
-4.681985866121808
-4.68181457763645
-4.68166035882596
-4.681438010905087
-4.68124101072594
-4.681024638788123
-4.68109925578626
-4.681130467608932
-4.680919083194507
-4.680686328219385
-4.68051924084795
-4.680331798204344
-4.680185942327343
-4.679985752109288
-4.679878405787705
-4.679696061436553
-4.679494939410258
-4.679396912434122
-4.679195731162414
-4.6791113660169685
-4.678948315492198
-4.678873274881032
-4.678767491200296
-4.6785838213443
-4.6784314681219925
-4.678263587078759
-4.678109600586399
-4.677944862427008
-4.677786869704653
-4.677615435217506
-4.677538522541929
-4.677410386358137
-4.677274544731311
-4.677154731488431
-4.677018534235343
-4.676859500185871
-4.676749165846751
-4.67671885620136
-4.676567017876487
-4.676491792559709
-4.67636753374946
-4.676325007223546
-4.676204766264182
-4.676095791030273
-4.6760847267828
-4.6759490860525315
-4.675923623693575
-4.6759087016512115
-4.675804287797659
-4.675673417308937
-4.675672558738724
-4.675562121588459
-4.675433437827128
-4.675361091945811
-4.675476839539518
-4.675445951274626
-4.675350165730012
-4.675272594228322
-4.675180257300617
-4.675085945835911
-4.675048076480703
-4.6749631325291015
-4.674846438386942
-4.674787375631679
-4.6746880920751215
-4.6746712801358425
-4.674559643499728
-4.674471943350658
-4.674395027174574
-4.674311837557552
-4.674326120681573
-4.674323732743176
-4.674239373705276
-4.674183673877695
-4.674094764918273
-4.674017885605114
-4.673923755605737
-4.673895287353284
-4.673836048388809
-4.673831141905813
-4.673807533373008
-4.673753946312701
-4.673654955143978
-4.673593817234278
-4.67350042725445
-4.673454274025178
-4.6734052576855545
-4.673334075086369
-4.673289625752027
-4.673239739644642
-4.673205936635156
-4.673137130227128
-4.673089567806303
-4.673015669190406
-4.672942812682844
-4.672860230555583
-4.672876034467104
-4.672800066825593
-4.672772098080649
-4.672722314330966
-4.6726829275322785
-4.672663530936448
-4.672587270540182
-4.6725500612919
-4.672481831344481
-4.672447381771406
-4.672408483784461
-4.672328460569381
-4.672259004159366
-4.672245341163415
-4.672176623777317
-4.672135607553903
-4.672110309946295
-4.6720406154399745
-4.671984301840536
-4.671915054770552
-4.671848276121965
-4.671883126946138
-4.671942201611603
-4.671906544669482
-4.67186270051218
-4.671833416251211
-4.671762135303245
-4.671712692548661
-4.671671843298417
-4.671625143528154
-4.671596555428007
-4.671633398442061
-4.671571334715164
-4.671526116379913
-4.6714773013255915
-4.671433444412303
-4.671383959333937
-4.671318043960572
-4.671313202686582
-4.671338389058199
-4.671333921427283
-4.671270826470684
-4.671213796806171
-4.671169832418206
-4.671113815459979
-4.671054967626908
-4.671015868545976
-4.671031039904235
-4.670975409590197
-4.670919859542824
-4.670888860208863
-4.6708290225983555
-4.670769886549
-4.670711307988504
-4.670683653331938
-4.670687840109219
-4.67065494209413
-4.670606627408708
-4.670586465679822
-4.67055108584094
-4.6705260738957435
-4.670509880551074
-4.670502919648246
-4.670482185602889
-4.670448043169056
-4.670468428349236
-4.670428022370098
-4.670392815740308
-4.6703736303025005
-4.670447504163787
-4.67041659072041
-4.670405845289208
-4.670353897585009
-4.6703521951977365
-4.670307541936214
-4.670298081313884
-4.670304714853205
-4.670288164137309
-4.670252586701444
-4.670221969862749
-4.670233877824203
-4.670215924025362
-4.6701761331487015
-4.670198671334432
-4.670179882839019
-4.6701446599268674
-4.670106944461545
-4.670059680778744
-4.670039071837218
-4.670000624713068
-4.669977584270649
-4.669929771002416
-4.66989270885791
-4.6698486200160305
-4.669809295132802
-4.669761665232666
-4.669735906763874
-4.669696523271908
-4.669716072003477
-4.6696972004454365
-4.669654095818239
-4.66962298279612
-4.669687828545784
-4.669678583792533
-4.669644837131891
-4.669620080172459
-4.669579865133806
-4.669583437321696
-4.66955242347776
-4.6695185154593215
-4.6694953580592
-4.669470335969164
-4.669432109174947
-4.669411884570206
-4.669377720265002
-4.669346358773994
-4.669311811289435
-4.669272276520565
-4.669240098697703
-4.669244938847099
-4.669203010803193
-4.669172528237439
-4.669171520668166
-4.669138248991297
-4.669099361652454
-4.669063090824819
-4.669031675476061
-4.668999741491334
-4.668974794020701
-4.668956432936968
-4.6689562657462025
-4.668928207945291
-4.668906995987104
-4.668870700731773
-4.668844430019476
-4.668830794395728
-4.668811919680963
-4.668775547053083
-4.668751545180525
-4.668735872613195
-4.668700332944608
-4.668674510519791
-4.668637119986223
-4.668613051682774
-4.668580113015736
-4.668582168676128
-4.668571977279453
-4.668583751060409
-4.668554408593267
-4.668529637064175
-4.668495237789202
-4.668461075902116
-4.6684426095568226
-4.668474546740755
-4.668479374646028
-4.668520093544186
-4.668553193983095
-4.668523205606474
-4.66849486869641
-4.66845963148794
-4.668424911761542
-4.668392097735259
-4.668412094951716
-4.668386896073003
-4.668355567052717
-4.668325144802725
-4.668325417995453
-4.668307173237845
-4.668289058087881
-4.66825902469062
-4.668248688093694
-4.668223296707735
-4.668202810363159
-4.668171468917612
-4.668158793334303
-4.668127223779691
-4.668104812273082
-4.66808691089524
-4.668065694930352
-4.668036480429675
-4.668012514975928
-4.667983140788525
-4.667965892112218
-4.6679391025751436
-4.667910525632904
-4.667904932886644
-4.667875644120017
-4.667888750405063
-4.66786330438672
-4.667882388806614
-4.6679435691885995
-4.667918746376297
-4.66789702716668
-4.667867349963422
-4.667881850951308
-4.667860896500602
-4.667839657773746
-4.667821336895296
-4.667865737683761
-4.6678496485321155
-4.667820423309375
-4.667801672791207
-4.667779080145806
-4.667764232001695
-4.667774694497716
-4.6677475706315015
-4.667721482069178
-4.667692845390585
-4.667683567982723
-4.66766211263458
-4.667646508604969
-4.667663858696258
-4.667639677272534
-4.667628170520436
-4.6676069837436165
-4.667593719005455
-4.667614867549563
-4.667590453700627
-4.667586166115424
-4.667571429589796
-4.667571118945442
-4.667561756500593
-4.667552858523961
-4.667527334497941
-4.667565183644925
-4.66754146115779
-4.667516643451381
-4.667510569321468
-4.667494161383186
-4.667485162392672
-4.667477506902416
-4.667474819865999
-4.667460496994527
-4.6674370000389205
-4.6674182183915445
-4.667396229666087
-4.667395838586453
-4.667403713497643
-4.6673826865375085
-4.667357837596039
-4.667365543208866
-4.6673612380383345
-4.6673405222056825
-4.667323317660096
-4.6673015130884234
-4.667308371336974
-4.6672869492517135
-4.667275698223974
-4.667276576177803
-4.667263487903609
-4.6672566759099485
-4.667276896876674
-4.667261188663502
-4.667239213536779
-4.667230537723214
-4.667208845066306
-4.667196583208238
-4.667194677981045
-4.667226035687501
-4.6672064368739195
-4.667211382972504
-4.667202266035696
-4.667194031823793
-4.6671884342094785
-4.667194063426184
-4.667174838281772
-4.667192455923325
-4.66721308425228
-4.667209593784731
-4.6671973979776835
-4.667179958880221
-4.6672274982457
-4.667215639353935
-4.667208025219119
-4.667231087872043
-4.667272783362759
-4.667317624579751
-4.667298350775941
-4.667293752508766
-4.667279807342274
-4.667256215930344
-4.667270094588281
-4.667289387647407
-4.667267687832935
-4.667298653014036
-4.667275126099166
-4.667273699070319
-4.667254998678306
-4.6672360031874645
-4.667244931842663
-4.667229559190841
-4.667228641929359
-4.667213683808334
-4.667190992004683
-4.667187674703283
-4.667173833702361
-4.6671597221487815
-4.667165628525017
-4.667145627028059
-4.667156898923028
-4.667145563831112
-4.667138979356199
-4.667132863949355
-4.667143402738418
-4.667180892485952
-4.667223940902042
-4.66721846812488
-4.667209687674923
-4.667192581319611
-4.667179717182544
-4.667184112298214
-4.667168454552465
-4.667174028608029
-4.6671637561376995
-4.6671427606115525
-4.667135346867688
-4.667116415461549
-4.667114489321724
-4.667095346743848
-4.667084709580669
-4.667079196287825
-4.667062254429161
-4.6670903246541675
-4.667068945657263
-4.667096739273667
-4.667081783847561
-4.667086870765116
-4.667097943085643
-4.667098453140484
-4.667095464410545
-4.667104080146391
-4.6671063312564725
-4.667091406985223
-4.667074812889286
-4.667076518296687
-4.667081818343595
-4.667073456850061
-4.667061338009989
-4.6670524185786455
-4.667065832529573
-4.6670467377580875
-4.667027733094368
-4.667023875158903
-4.667030681701978
-4.667010585544752
-4.66699337449039
-4.666978723321977
-4.666967674375409
-4.666953662605786
-4.666944011348806
-4.66693417584636
-4.666940203868938
-4.666928663026526
-4.6669326226302195
-4.666928510453591
-4.66691060920921
-4.666906212195666
-4.666891907234673
-4.666917432863562
-4.666899561615041
-4.666890735672083
-4.666871608804558
-4.666907644472012
-4.666890146306081
-4.666873733601005
-4.666854694544496
-4.666859773193984
-4.6669648823133185
-4.666963074601199
-4.66698203313921
-4.666978204672918
-4.666971550231611
-4.666956671191806
-4.666937860328514
-4.666923367828049
-4.666905278260485
-4.666887068287703
-4.666884723830218
-4.666867698266275
-4.666887199692954
-4.6668689245951525
-4.666854465374186
-4.666836199156119
-4.666845661470272
-4.666859734847049
-4.666848584853257
-4.666834369571474
-4.666825368562275
-4.6668266386132204
-4.666839801609628
-4.666824913369362
-4.666827731851346
-4.6668356940649085
-4.666824664466001
-4.666810291691006
-4.666803889873718
-4.666796948458059
-4.666792157013149
-4.666789537096386
-4.666793776666179
-4.666790298040967
-4.6667772437890305
-4.6667726300731
-4.666762593488982
-4.666758476947079
-4.666746729543991
-4.6667445351093
-4.666732028577678
-4.666726090860999
-4.666721501788877
-4.66671106027153
-4.666695670594789
-4.666678604891793
-4.666695621737065
-4.666678597864946
-4.666707526599089
-4.666692467030304
-4.666679249207031
-4.666662700652395
-4.666650612286924
-4.666652454757324
-4.666645986702613
-4.666632095624169
-4.666620494053242
-4.666609108198267
-4.666606451116219
-4.666599398199415
-4.6665986390558665
-4.666582549099901
-4.666569416627934
-4.6665587938118565
-4.666547470127643
-4.666534690288616
-4.666534229904734
-4.666518527139138
-4.666503120122828
-4.666506458421503
-4.666492041692563
-4.666482777910568
-4.666473014762475
-4.666462571704008
-4.6664482474815365
-4.666440387276235
-4.666441696645626
-4.666426461430264
-4.666456334746847
-4.666447201658123
-4.666444524313688
-4.666435848388727
-4.666475657503524
-4.666459994374651
-4.666447730545113
-4.666473376635772
-4.66646153480473
-4.666451453021256
-4.666436913213765
-4.666444472025776
-4.666434385250738
-4.666419356900049
-4.666404417160205
-4.666389570587922
-4.666390327089372
-4.66637790643228
-4.6663872263239385
-4.666372203422428
-4.666364276536979
-4.666378310829741
-4.666365030690462
-4.666362713754611
-4.66635317433267
-4.6663379385588515
-4.666324644902742
-4.666318548108647
-4.6663267667227535
-4.6663397514976035
-4.666331169085278
-4.66632520753821
-4.666363415395518
-4.666349496554771
-4.666339819050076
-4.66632807805498
-4.6663346512349415
-4.666325246370178
-4.666315522441649
-4.6663006469066195
-4.666323312337238
-4.666318842435055
-4.666307567066466
-4.66631644837855
-4.6663277452284895
-4.666318058198839
-4.666315789611961
-4.666304844104657
-4.666311938465053
-4.6663135363371255
-4.666326547402709
-4.666338979246843
-4.666324896394562
-4.666312921547603
-4.666306237864371
-4.666292236387485
-4.6662817836096435
-4.666277681163587
-4.666269516134238
-4.666265080017472
-4.6662728266214515
-4.666264547020753
-4.6662665261375915
-4.666254876362751
-4.6662407990197154
-4.666236093886679
-4.666223243822416
-4.66622026612058
-4.666207272292227
-4.666197075124142
-4.666184116722068
-4.666174264026249
-4.666170612847039
-4.666186149693031
-4.66619563252565
-4.666184524144827
-4.666181951580001
-4.666178240074147
-4.666208281346065
-4.666200331377705
-4.66618919108101
-4.666182558048457
-4.666171412341334
-4.666160384509304
-4.666150657146645
-4.666164572643326
-4.666153374099606
-4.666140640399478
-4.666139752360485
-4.666132610089684
-4.666125299623156
-4.666112333683828
-4.666104935115289
-4.666093857710884
-4.666084582804618
-4.666077431769855
-4.66609386865785
-4.666116047282827
-4.666131149465828
-4.66611993176944
-4.66610756398435
-4.666108172057696
-4.666098448479139
-4.666096387192018
-4.666112591292257
-4.666101250196819
-4.66610459079805
-4.66610795927976
-4.666096477200606
-4.666126261322046
-4.666117558032839
-4.666115508882847
-4.666103279907046
-4.666108645130366
-4.666100476774852
-4.66608896803866
-4.666078324698728
-4.666087252679012
-4.666076627011693
-4.666076553888746
-4.66606600867078
-4.666054147150489
-4.666053424320818
-4.666050460277253
-4.666037786540836
-4.666040528841156
-4.666029316208135
-4.666033125574709
-4.666049252421591
-4.666040309334939
-4.666037514612043
-4.666027443400231
-4.666015876615082
-4.666033363751327
-4.666034089368587
-4.666024010936295
-4.666014693851238
-4.666017588834014
-4.66602248977654
-4.666016660452632
-4.666013124662935
-4.666004954598196
-4.665999428811937
-4.665987299840789
-4.665975377328647
-4.665963835976232
-4.665954923114908
-4.6659483426387105
-4.6659582627966305
-4.665945833593929
-4.665934049183004
-4.665928911201975
-4.665916640102703
-4.665907626377062
-4.665905725370937
-4.665901306229762
-4.665892980597284
-4.665897000461882
-4.665886152523707
-4.665883220643587
-4.665884876203474
-4.665913107685962
-4.6659058656139765
-4.665897054599175
-4.665898730527125
-4.665892327312011
-4.665923069537502
-4.665927089293199
-4.665922804785228
-4.665910849825677
-4.665920821851707
-4.665921865256357
-4.665915781463715
-4.665904320957556
-4.665893180245789
-4.6658827846111555
-4.665886248085415
-4.665885680921286
-4.665887330458176
-4.665875595717462
-4.6658668430220285
-4.6658622190733645
-4.665857134637992
-4.665859274202709
-4.66585215819726
-4.6658427181982
-4.665832355538748
-4.665823262295201
-4.665833444079718
-4.665827005530064
-4.665817705748831
-4.665822675557256
-4.665822636611629
-4.665820258491964
-4.665811827626535
-4.665806345354623
-4.66580921977302
-4.665805660453988
-4.665806387847159
-4.665801084670432
-4.665793688897957
-4.665787726173235
-4.6657797160745496
-4.665770438706153
-4.665776452190027
-4.665783275130991
-4.665786917737592
-4.665777373762152
-4.665767421497394
-4.665756789992821
-4.665749312641783
-4.665768308109697
-4.665762838046814
-4.665756037140839
-4.665752545971086
-4.665755989786231
-4.665760071978801
-4.6657536463596605
-4.665777216631166
-4.665776104453096
-4.6657658205726
-4.66576676820335
-4.665761867097328
-4.665792249343665
-4.665795808445773
-4.6657857370258675
-4.665775874630612
-4.665765507335174
-4.665778064689519
-4.665778370463136
-4.665769580162299
-4.665758564373986
-4.665749809586333
-4.66574372924041
-4.665736735055252
-4.66572772315059
-4.665726636443624
-4.665715629671418
-4.665705525925434
-4.665698059164228
-4.6656950552453536
-4.66568910684882
-4.665690620339572
-4.665679886054187
-4.665671742446415
-4.665670771372286
-4.6656605877131065
-4.665661929256099
-4.6656537119204335
-4.665657543572513
-4.665654103845354
-4.665648303268826
-4.665656799067538
-4.665647953684879
-4.6656737511717274
-4.665673819377196
-4.66570084468584
-4.665749636153842
-4.665743546877127
-4.665750682055103
-4.665761067640328
-4.665752628067342
-4.6657485942861605
-4.665742967068773
-4.665740966208682
-4.665734118082916
-4.665724865380085
-4.66572048642153
-4.665714824008833
-4.665705847050025
-4.665695214359327
-4.665695639359322
-4.665685610423982
-4.665722021766045
-4.6657176132920135
-4.665716285271749
-4.665725504547492
-4.665734429793417
-4.665727903817855
-4.665718673464655
-4.665708326391852
-4.6657061146677075
-4.665699044029077
-4.665691444522962
-4.665691898099688
-4.665690616516867
-4.665700046565215
-4.665719625518216
-4.66571533105529
-4.665734013839678
-4.665731510142709
-4.6657222890412
-4.665716015540684
-4.665719425658162
-4.6657216017979275
-4.665725021192881
-4.665727557123375
-4.665732505631451
-4.665734329167666
-4.665745099101158
-4.665744755043041
-4.665734406242633
-4.665726690089203
-4.665721159298899
-4.665717143965872
-4.665709199613801
-4.665707005194354
-4.665697000869916
-4.665715454220143
-4.66570945776119
-4.665707911346579
-4.665705917810767
-4.6657018302328135
-4.665696696267015
-4.665690003343477
-4.6656863210844355
-4.665685489894721
-4.665689863435019
-4.66568089356439
-4.665671333443478
-4.665677628999876
-4.665679941086402
-4.665674711570429
-4.665671050251458
-4.6656634869748
-4.6656877220971555
-4.665694802906962
-4.665686511965709
-4.665678578895981
-4.665669912558977
-4.665662946270972
-4.665665723202305
-4.665660638085805
-4.66565627613858
-4.665650829123589
-4.665645761033928
-4.665655347953727
-4.665651072743216
-4.6656444893095905
-4.6656353671409985
-4.665631409750964
-4.665645581879496
-4.665652503559578
-4.665652063003085
-4.665642564224825
-4.665640815504223
-4.665650283938893
-4.665643183413345
-4.665634904596785
-4.665628518513128
-4.665620998571839
-4.665618678500261
-4.6656134224348484
-4.66561688197357
-4.6656140619635655
-4.665604711963116
-4.665606607440307
-4.66560105990281
-4.665606073485453
-4.665601087543916
-4.665596371068132
-4.665592149468253
-4.665588708808789
-4.665580543625391
-4.665593817622611
-4.665585843497762
-4.6655812918746
-4.665577274146872
-4.665573527981724
-4.665566765448929
-4.665557706528349
-4.66555405647226
-4.665551317336945
-4.665547861073906
-4.665547082683894
-4.665538610236582
-4.665530132119276
-4.665524044676318
-4.665547427064213
-4.665547606011515
-4.665548281543262
-4.665539937306531
-4.665537300413961
-4.6655285026344755
-4.665534402773647
-4.665537987025944
-4.665535392935417
-4.665531302275166
-4.6655496775474194
-4.665564779121938
-4.665557183559792
-4.6655532489348674
-4.6655455102666625
-4.665542003299828
-4.6655585099420795
-4.665569076719119
-4.665562894277241
-4.66557617090881
-4.6655914708417665
-4.6655874087276565
-4.665590802422568
-4.665657294137627
-4.665658075022911
-4.66568274534984
-4.665687470809637
-4.665695845249319
-4.665702449467459
-4.665696178486049
-4.665688625119233
-4.665699937881903
-4.665700701689015
-4.665693708574824
-4.665696732819857
-4.665688066871684
-4.665680768399207
-4.665696869363706
-4.665690265979335
-4.665688238765835
-4.665681129733145
-4.665672871392879
-4.665669052550993
-4.665667619075257
-4.665664502687825
-4.665670932212128
-4.665665492371057
-4.665674041413482
-4.665669451621356
-4.6656718718840064
-4.665664909015327
-4.665658182190476
-4.665652915420397
-4.665654096822154
-4.665645165810505
-4.665654725227949
-4.665646141119142
-4.665640223420503
-4.665635430718279
-4.665650092969794
-4.665650502962641
-4.665647147301347
-4.665639432394736
-4.665649185700815
-4.665660089189635
-4.665655916851261
-4.665657455148949
-4.665655244278554
-4.665650358568702
-4.665676287017006
-4.665672091999212
-4.665671078035069
-4.665667045948739
-4.6656609800654945
-4.6656590458805
-4.665666802072772
-4.665658411350641
-4.665655570016458
-4.6656503063730925
-4.665643637728016
-4.665652674838672
-4.66564902451131
-4.665646822191036
-4.665648159265959
-4.665640097472349
-4.665635433559873
-4.665626794509919
-4.6656181182814285
-4.66561470060701
-4.6656078813189925
-4.665602849957339
-4.665594689145934
-4.66559023470332
-4.6655847425336825
-4.665579507716699
-4.665572416492672
-4.665565106409647
-4.665567203568437
-4.665576971075249
-4.665571017348961
-4.665564496566429
-4.665561456582866
-4.6655550038044025
-4.665549976850791
-4.665552733917634
-4.665547220042713
-4.665548743323101
-4.6655442023190465
-4.6655422609316455
-4.665536422017328
-4.6655408101633915
-4.665532734231408
-4.665543867253838
-4.665552673441912
-4.665569214934118
-4.665568173663604
-4.665559963892931
-4.665556853832511
-4.6655505388188825
-4.665548732492599
-4.665541796115179
-4.665537236012267
-4.665537113520547
-4.665531499871046
-4.665523929065835
-4.665520983428493
-4.665520880597061
-4.665513201585997
-4.665506342351485
-4.665519009318525
-4.665514138511913
-4.665522135160702
-4.665521750460937
-4.6655213123113315
-4.665513097290145
-4.665508121878477
-4.66550609106807
-4.665520334692509
-4.6655196298678625
-4.665513340018584
-4.6655082038954
-4.665520626607656
-4.665519416143776
-4.66551269052692
-4.66550680905051
-4.665507364042062
-4.6655006367979315
-4.665501724554138
-4.665499784183686
-4.665495602472641
-4.6654960014708555
-4.66549613455808
-4.665502680989144
-4.665501462367579
-4.665497325199229
-4.665489988094386
-4.665490661579483
-4.6654851228587235
-4.6654817435536895
-4.665481336411922
-4.665484046611094
-4.66547718490959
-4.665469247828863
-4.665465869817963
-4.665467440802291
-4.6654611001839
-4.665461089367743
-4.665458849310603
-4.66545178700172
-4.665444159680657
-4.665448065584379
-4.66544056605436
-4.665432664319089
-4.6654341137354125
-4.6654305617649445
-4.665425653470223
-4.665427595873516
-4.665420003753254
-4.665412890368512
-4.665419717405268
-4.66541628675299
-4.665411631343886
-4.665432787037618
-4.665426224043883
-4.665431971588693
-4.665426876194048
-4.665430116934622
-4.665422421655526
-4.665420192548005
-4.665426281706401
-4.6654221600325565
-4.665417691524772
-4.665414461037712
-4.665430066930259
-4.665426541108783
-4.665426431872772
-4.665419919737218
-4.665416082194771
-4.665413959166463
-4.6654111071482225
-4.665409747805498
-4.665417712526029
-4.665439737090054
-4.665435977678136
-4.665448770925343
-4.665442454873007
-4.6654481280494
-4.665461584188045
-4.665459117381727
-4.665456573130129
-4.66546461858805
-4.665472182936931
-4.665464814277393
-4.665462065389131
-4.665456418545841
-4.665456637288154
-4.66545122270148
-4.665444493401415
-4.665438560445535
-4.665432105645394
-4.665426747182814
-4.665424198624884
-4.6654181177862215
-4.665430259642256
-4.665425559214587
-4.665419013547219
-4.665424024874372
-4.665424084106478
-4.665422539849953
-4.665415773089392
-4.66540891155861
-4.665415832711712
-4.6654085215512255
-4.6654064904013355
-4.665405940632591
-4.665405576298261
-4.665411137045288
-4.665406018805929
-4.665403773189969
-4.665396527443889
-4.665389392350837
-4.665386706791287
-4.665385917085099
-4.665388053145158
-4.665394289663589
-4.665389586491148
-4.665394487617996
-4.6653919961623735
-4.6653880881820715
-4.665395505692847
-4.665391665469179
-4.66538903529357
-4.665392841913801
-4.665393510109967
-4.665388651480252
-4.665383719188154
-4.665379972975865
-4.665387453557046
-4.665383057940932
-4.665383639140722
-4.665382446599934
-4.6653928817742
-4.665386344851815
-4.665409510779342
-4.665405323833559
-4.665399903290421
-4.665393246990053
-4.665391337647553
-4.665387601685716
-4.665382560473662
-4.665386880512004
-4.665384194159971
-4.665381971101223
-4.665375647259921
-4.665377502989677
-4.665371976686371
-4.665366119540866
-4.6653705876087
-4.665371736158693
-4.665365890419172
-4.665361893019989
-4.66536473863902
-4.66536138121944
-4.665358383930046
-4.665357793495575
-4.665353606901828
-4.665363596554829
-4.6653576765723495
-4.665351584763951
-4.665347767851833
-4.6653537953415425
-4.6653475440698005
-4.665352570589132
-4.665347385467263
-4.665348516476473
-4.665341817869085
-4.665337071226208
-4.665336311336818
-4.66533380083914
-4.665329953466949
-4.6653279779946795
-4.665322002544988
-4.665317768365856
-4.665312483915121
-4.6653144968848554
-4.665308271678259
-4.6653084268233265
-4.665309202232798
-4.66531105587598
-4.665313071863113
-4.665308375736117
-4.665309865534417
-4.665314764788651
-4.66530822929523
-4.6653078326056425
-4.665303928240129
-4.6653091429927755
-4.6653029355495095
-4.665310319272389
-4.665305012692271
-4.665299377032446
-4.665293569884193
-4.6652937440856554
-4.665291958236565
-4.665285818439618
-4.66529582846124
-4.6652906999128945
-4.665284938640769
-4.665278850693426
-4.665273134550614
-4.665284011459174
-4.6652811563538705
-4.665281400216595
-4.665278965354842
-4.665282617820032
-4.665290851275742
-4.66529208618261
-4.665292131649463
-4.665287324231603
-4.665288371922563
-4.665287814133323
-4.66528279721679
-4.665279038003913
-4.665284231764658
-4.665281962448661
-4.665276468238026
-4.665272388415268
-4.665274850574667
-4.66527112899116
-4.6652712227784425
-4.665272222581959
-4.6652675909646195
-4.665266263857406
-4.6652665604499735
-4.665261320655199
-4.665256585262806
-4.66525125564513
-4.665256599028567
-4.66525945796955
-4.665255154313447
-4.665264566353363
-4.665268374859744
-4.6652645508685335
-4.66525801680034
-4.6652572962205126
-4.665252694589484
-4.665253757528228
-4.665247586691177
-4.665243170841606
-4.665242238221567
-4.665241979663415
-4.665236980012862
-4.665232193762205
-4.6652294784387465
-4.665238144577996
-4.665232381349145
-4.665228033944574
-4.66522693381701
-4.665224055608674
-4.665217921001627
-4.6652119152330185
-4.665224835869381
-4.66522466997096
-4.665218755065672
-4.665228063453026
-4.665221921326231
-4.6652213533504865
-4.665216611230025
-4.665210599700482
-4.665207474760933
-4.6652051583306875
-4.665199151601697
-4.6651933140097555
-4.665193293699636
-4.665190037377914
-4.665189396915915
-4.665189721471354
-4.66518642839076
-4.6651813759766725
-4.665182534805839
-4.6651857823324185
-4.665185390718703
-4.6651860861030645
-4.665180181383888
-4.665173814115871
-4.665172162486846
-4.665168432600932
-4.665163183678482
-4.665157425821823
-4.665151396058717
-4.665155929465446
-4.665168581052392
-4.665162278435571
-4.665157255952808
-4.665153666786331
-4.665152854328237
-4.66515457646051
-4.665157957972664
-4.6651599711045035
-4.665159087603319
-4.665162352935984
-4.665158182973987
-4.665152347007264
-4.665147654372742
-4.665146416700631
-4.665140126208416
-4.66514410659981
-4.665138131021839
-4.665132366142983
-4.66513067538034
-4.665124807450303
-4.665138961210161
-4.665137095125927
-4.665133366106672
-4.665129598037765
-4.665123928457498
-4.665119259438442
-4.665117703503787
-4.665117285014835
-4.665124951924574
-4.665120052185714
-4.665114545686205
-4.665127361464464
-4.665126802709749
-4.665123093024351
-4.66513075706036
-4.665127431586548
-4.6651254597742975
-4.665120567566359
-4.665116669275676
-4.665114065610775
-4.66511162064845
-4.665115308563654
-4.665123910432565
-4.665128143738053
-4.6651234640713595
-4.665126853695289
-4.665135558671757
-4.665134398946019
-4.6651363764982925
-4.665139281089492
-4.66513329546318
-4.665131239975399
-4.665132774436464
-4.665133303867613
-4.665129428161828
-4.665127502119043
-4.665125719038363
-4.665131001621789
-4.665129808911349
-4.665137067002457
-4.665135350805294
-4.665129513386678
-4.665128398123325
-4.665125489282153
-4.665119899830165
-4.665114787841244
-4.665111474493243
-4.665109668687837
-4.665116230448858
-4.6651115826129805
-4.665106644606622
-4.665101340974964
-4.665102117350227
-4.665101416152858
-4.665096501395089
-4.665094262287775
-4.6650941365323755
-4.665099194441847
-4.665093207572327
-4.665092538824678
-4.665089604039288
-4.665094859746124
-4.665097529826602
-4.665099666099577
-4.6651020252478785
-4.665096868854356
-4.665096335222033
-4.665105691461468
-4.665102779838103
-4.665096806209954
-4.665091890391441
-4.66509861465902
-4.665092906413853
-4.665093697312428
-4.665089532733686
-4.66508416092809
-4.665092692152494
-4.66509453239544
-4.665100830167492
-4.665104569239083
-4.665110170165036
-4.6651048560144845
-4.6651050666580876
-4.665108296691469
-4.665103049433823
-4.6651106008431595
-4.665106669257736
-4.6651057293749165
-4.665100400016411
-4.665099106758597
-4.665093325445942
-4.665089662734458
-4.665085509399475
-4.665082198192785
-4.6650828180046435
-4.665081475114115
-4.665077170251372
-4.665072469497759
-4.665067379939761
-4.665089118184616
-4.6650859588171905
-4.665082257577229
-4.665096860083126
-4.665097218884881
-4.66509205585885
-4.665089091002252
-4.665088833427033
-4.665095934504073
-4.665106616049698
-4.665112064988622
-4.665111347377305
-4.665108572517
-4.665106454712402
-4.6651081543095545
-4.665102617775974
-4.665099509430425
-4.665102687345422
-4.665106587133314
-4.665102471882404
-4.665098683567778
-4.665099184645082
-4.665093638640447
-4.6650902245120145
-4.66508677830368
-4.665084962419867
-4.66508171475007
-4.665077697414672
-4.665073892005974
-4.665068167791999
-4.665067219143601
-4.665064358876152
-4.665076591437791
-4.665079891242278
-4.66507989440961
-4.665086500484599
-4.665086081785285
-4.665080906816083
-4.665075987304614
-4.665075283222222
-4.665069662650455
-4.665079371656043
-4.665080929417593
-4.665076323176374
-4.665072911801666
-4.6650720333087845
-4.6650701319210475
-4.665066333466327
-4.665060947681709
-4.665056233968734
-4.665053342372431
-4.665062279375241
-4.665067322182712
-4.66506257142323
-4.665058973534481
-4.665054625051329
-4.665064243412082
-4.665059765608298
-4.665055036054675
-4.665050535558395
-4.665054692592619
-4.665049450290266
-4.665045818131535
-4.665055520419858
-4.665052412390818
-4.6650572527772525
-4.665060047456169
-4.665057794157373
-4.665052777779838
-4.665049171913241
-4.665044229094686
-4.665042011719426
-4.665044852482889
-4.665041878896638
-4.665039150921716
-4.665036064105692
-4.6650370617265
-4.6650334715709905
-4.665031515428442
-4.665027114940009
-4.665023336539134
-4.665019356648623
-4.665015764294945
-4.6650103237200256
-4.665006119911376
-4.665012840229005
-4.66501581804647
-4.665014751253849
-4.665009480562708
-4.665009803146813
-4.665009293282722
-4.6650166897314875
-4.665017045806883
-4.665030355784667
-4.665029900831173
-4.665028114385738
-4.665029404625143
-4.665028206279647
-4.665025396166339
-4.665024146690163
-4.665019570777744
-4.665020559610757
-4.66501574247705
-4.6650104307922495
-4.665005330576922
-4.665014834774655
-4.665012550372884
-4.665007665997053
-4.665002838243578
-4.665000079425908
-4.664996595789232
-4.664991489750347
-4.664990261277265
-4.664986713226453
-4.664981382498938
-4.664980969591619
-4.664976960852938
-4.664982913027098
-4.664979217944326
-4.664984897571538
-4.664980654983534
-4.664983879127594
-4.664986315158666
-4.664982351383288
-4.664982131246086
-4.664982949693505
-4.664979286273155
-4.664980775087183
-4.664980527476664
-4.664981389556775
-4.664983724231034
-4.664978454101477
-4.664991304705399
-4.664987349213979
-4.664984800783874
-4.664983168809879
-4.6649833492298765
-4.664985888729278
-4.664985728284055
-4.664985243522725
-4.664981385503598
-4.664986299334679
-4.664983763084538
-4.664983165290702
-4.664981999211903
-4.664976882094759
-4.664972770874098
-4.664972451122092
-4.6649693265958
-4.664968878402059
-4.664967803173606
-4.664965010400619
-4.664959746352781
-4.664955167334003
-4.664958897468846
-4.664956925515337
-4.6649525113443655
-4.664953135082959
-4.664956121752123
-4.66495779492982
-4.664955707819168
-4.664951869727407
-4.664954624031504
-4.664949530125541
-4.6649449689425415
-4.664941187009423
-4.664937102300668
-4.664944093551192
-4.664943702252449
-4.664949775020719
-4.664944913008364
-4.664947752359962
-4.664944790872785
-4.664962392907361
-4.664957995496437
-4.664959799406356
-4.664961410260572
-4.664959313076557
-4.664959903425196
-4.664954802258548
-4.664959346048093
-4.664954928003479
-4.664954243564382
-4.664953743443797
-4.664951785396844
-4.664958486923973
-4.664953922890555
-4.664950488970763
-4.66494960893114
-4.664948549285515
-4.6649546310426055
-4.664949601852162
-4.664946493233943
-4.664943394124367
-4.664948539433391
-4.6649454289893955
-4.66494584582565
-4.664942810287883
-4.664937979575596
-4.664939698710648
-4.6649427190377315
-4.6649388236033555
-4.664935104495275
-4.664930542095736
-4.664935613665681
-4.664939625064369
-4.664936757780334
-4.664933320992466
-4.664928818907367
-4.664927550772862
-4.6649282602400595
-4.664927740251617
-4.664926265213963
-4.664924260175241
-4.664920164612035
-4.664915162234699
-4.664913563802554
-4.664909951942655
-4.664906472477986
-4.66491062385525
-4.664911262337987
-4.664907697348227
-4.6649031464339386
-4.66489855580722
-4.664901358528703
-4.664900491818467
-4.664896342746456
-4.66489879368385
-4.664895169897669
-4.664891984143461
-4.664900428077945
-4.664896886902465
-4.6648933732240385
-4.664890102970423
-4.664889846060089
-4.664890475092564
-4.664885904547786
-4.664885122908826
-4.664888995307495
-4.664889329069081
-4.664886033170618
-4.664885934063535
-4.664885158218512
-4.664891124433408
-4.66490103910082
-4.664902562015556
-4.6649037942785245
-4.664904084916866
-4.664906728991739
-4.664908062713766
-4.664916899738711
-4.664917071410489
-4.664912233883591
-4.6649080741833995
-4.664907041228225
-4.664912805194431
-4.664922616021297
-4.664919091295624
-4.664921307345176
-4.664919381801591
-4.664920050661949
-4.664917227019022
-4.664915460831672
-4.6649131838289914
-4.664910722366194
-4.664914061338821
-4.664915211205571
-4.664914059306376
-4.664911153355469
-4.66490784976349
-4.6649072159381255
-4.664906661974165
-4.66490715574272
-4.664905426191513
-4.664916192755839
-4.664911838181292
-4.6649299137467
-4.664928147753375
-4.664926184777838
-4.664923703062305
-4.664920224632903
-4.664916630325034
-4.664914239780161
-4.66491858724266
-4.664917777313889
-4.664915607202327
-4.664921747762194
-4.664924859355962
-4.664920928177961
-4.664920034052888
-4.664923108031516
-4.664931461554415
-4.6649355814868185
-4.664930902200367
-4.664927718519967
-4.664924000729006
-4.664919271534326
-4.664926556721733
-4.664923874131484
-4.6649193697940925
-4.664917867053774
-4.664915915342273
-4.664913649676276
-4.664909673503902
-4.664906998218428
-4.664903431542833
-4.664899413377009
-4.664895239935028
-4.664894905325564
-4.664896982842643
-4.66489724049736
-4.664896184791505
-4.664892156355976
-4.664887892906432
-4.664883363340775
-4.664880933931398
-4.664880236761805
-4.664883948321923
-4.664879246161941
-4.664876748464478
-4.66487252889447
-4.664870137842133
-4.6648665521867905
-4.664862330084808
-4.6648625412641875
-4.664858162017015
-4.664854856309883
-4.664855601524237
-4.664854006192738
-4.664856648262342
-4.664855494764174
-4.664851055278462
-4.664849410798055
-4.664845629459237
-4.664845411409339
-4.6648417974095375
-4.664840310711096
-4.6648361622226435
-4.664831748815436
-4.664831634737647
-4.664829686418275
-4.664829568219517
-4.664828251644796
-4.664825334546133
-4.664821605863141
-4.664820062025181
-4.664824968850774
-4.66483098662069
-4.664826607908584
-4.6648240521384405
-4.66482215534486
-4.664819224068786
-4.66481565985702
-4.664816107552416
-4.664814861723671
-4.664815690485295
-4.664811596527698
-4.664809282979788
-4.664809054309739
-4.664815192713556
-4.664814006074824
-4.664817752512516
-4.664821654080836
-4.664818013133928
-4.664816869971616
-4.664813813979607
-4.664824532258585
-4.664828246578602
-4.664825132273909
-4.664822853584099
-4.664820420006521
-4.664822663482577
-4.664818207991123
-4.6648149006919395
-4.664811534174131
-4.664810766727686
-4.664809710790742
-4.6648064049902
-4.6648039184010255
-4.664806125302884
-4.6648075278730685
-4.664810640124657
-4.664809840241692
-4.664805636908145
-4.664801355483976
-4.6647978134618695
-4.664796507007633
-4.664804547215435
-4.664800578199665
-4.664799248158713
-4.664798560721401
-4.664797750224086
-4.664793350069895
-4.664789852708349
-4.664786755291224
-4.664783336754942
-4.664779217521041
-4.664775322358317
-4.664772116425988
-4.6647713654481375
-4.66476904854344
-4.664768343371774
-4.664764562428868
-4.664761353886129
-4.664758213822278
-4.664754777065002
-4.664751280554395
-4.664752043277891
-4.664750714288666
-4.664747885221587
-4.664743478294456
-4.664744333646321
-4.664744266393589
-4.664740176848612
-4.664736022177618
-4.664731760886713
-4.6647278106301755
-4.664724605220969
-4.664723213343237
-4.664728767528133
-4.664724808154158
-4.664726659090463
-4.664722602758811
-4.664723532846793
-4.664719969847421
-4.664717957851467
-4.664716327770059
-4.664712589581934
-4.664709079365599
-4.664706777328274
-4.66470489955034
-4.664700546276184
-4.6647031370065095
-4.664704777736567
-4.664700585511918
-4.6646972691996575
-4.664700054096672
-4.6647008503312275
-4.664697390292797
-4.664693088914566
-4.66469137056916
-4.664688328699442
-4.6646865542455025
-4.664683258343672
-4.664680464961943
-4.664689373331208
-4.6646919824515285
-4.664696901774154
-4.66469385601394
-4.664691134644792
-4.66469057123561
-4.664687339050952
-4.664686776484641
-4.6646835299880935
-4.664680421923701
-4.664678436261275
-4.664677279577051
-4.664673245719668
-4.664669970538582
-4.664685503899674
-4.664685779318915
-4.664696408834427
-4.664693721059175
-4.664690991726947
-4.664689065445463
-4.664690104119124
-4.664688724554897
-4.6646868666597605
-4.664693009333014
-4.664696193526997
-4.664713675228479
-4.664714215506696
-4.66471426923822
-4.664710318000339
-4.664707505760636
-4.664705190189323
-4.66470358442124
-4.664700400274157
-4.6646967226044165
-4.66469381883127
-4.6647056630450265
-4.66470532893521
-4.6647053454579686
-4.664702990841714
-4.664698744028906
-4.664696210757192
-4.664692275188456
-4.664689950630022
-4.664686272075477
-4.6646856104031045
-4.664684546305086
-4.664681398880142
-4.664684465363143
-4.66468197986738
-4.664678625566941
-4.664680105476452
-4.664676516140557
-4.66467864923063
-4.664679881770811
-4.6646780104026595
-4.664685076227727
-4.664681186739051
-4.6646771334995805
-4.664677399545079
-4.664683434274207
-4.664682792800775
-4.664682530417045
-4.664678929659121
-4.664675107741795
-4.6646749269131185
-4.664693123035157
-4.664695515778343
-4.664698102734848
-4.664694427047019
-4.664691500991338
-4.664699281990421
-4.664701674907918
-4.664700981855333
-4.6646975960297485
-4.664697107523423
-4.664693074659953
-4.664690826601507
-4.664689533962253
-4.664693395410582
-4.664689380711593
-4.664686921273904
-4.66468895296078
-4.6646875239738606
-4.664690437603798
-4.664691955774457
-4.664694738152913
-4.664691550328968
-4.664688447623126
-4.664692943724813
-4.664689037255438
-4.6646893457823495
-4.664687067360558
-4.664685952384272
-4.66469226094386
-4.664693712274022
-4.664691383450393
-4.664688779017053
-4.664692751099377
-4.664699287280676
-4.664704787288211
-4.664706084848067
-4.664704282206146
-4.664702320571624
-4.664704612233054
-4.664701362240741
-4.66469927579452
-4.664695272063939
-4.664697851666134
-4.66469573054331
-4.66469188770748
-4.664693780283322
-4.664690141491221
-4.664693268057332
-4.664696465916088
-4.664696065988971
-4.664697386329745
-4.6647015553763875
-4.664699116222803
-4.664697789291357
-4.664694776232765
-4.6646907401134055
-4.664687740612223
-4.664689412433396
-4.66468913214293
-4.664685201329086
-4.664683709151694
-4.664680240418478
-4.664676508556835
-4.664677795064572
-4.664674287529051
-4.664670454240581
-4.664673176635611
-4.664681682255095
-4.664691772583075
-4.664692329139823
-4.664689989798577
-4.664696731137384
-4.664694478968709
-4.66469583814453
-4.664704311607369
-4.664705559952772
-4.6647018897027035
-4.66470286381015
-4.6646998448839785
-4.664700051023788
-4.664709587515117
-4.664712054544925
-4.664709500861923
-4.664705845517138
-4.664706141979656
-4.664702258832572
-4.6647009274185525
-4.664700564862009
-4.664698834876833
-4.6646952472370815
-4.664691451517758
-4.664693155630211
-4.6646921582135406
-4.6646902032245166
-4.664689063753122
-4.664687429202294
-4.664694503123004
-4.664692503781797
-4.664689135841447
-4.664685571312723
-4.664692982989349
-4.6646893941283984
-4.664692344785925
-4.6646983565831155
-4.664694513375488
-4.664690643201984
-4.664687430154135
-4.664684163553763
-4.664689031820134
-4.664685973138241
-4.664682700504635
-4.6646802669107625
-4.664676515364857
-4.664681796194498
-4.664688376753546
-4.664684587971696
-4.664683569400916
-4.664681191479622
-4.664680810979603
-4.66468378149539
-4.664700146052578
-4.664696223551666
-4.664693451554916
-4.664694320346273
-4.664692094193696
-4.66469112948942
-4.664691805413218
-4.664690205390839
-4.664689864360957
-4.6646861308832746
-4.664685260373259
-4.6646849705096844
-4.6646810708287365
-4.66467742909545
-4.664674401266888
-4.66467069664749
-4.664683231819795
-4.6646855897907065
-4.66468247153109
-4.664685795448804
-4.664681921379453
-4.664686983281249
-4.664684830641304
-4.664685192776321
-4.664684550700298
-4.664691995642096
-4.66468927005529
-4.664695639442456
-4.664692173034395
-4.664694123193877
-4.664695461368708
-4.664691715184064
-4.664690102420351
-4.6646969668641125
-4.664696935474832
-4.66469727762416
-4.664698837329822
-4.664695095488428
-4.664696676356723
-4.664696603812587
-4.6646931749736495
-4.664689280664158
-4.66468548018835
-4.664681782436272
-4.6646795411721635
-4.664682720994943
-4.664680497580253
-4.664679471393637
-4.664677953406411
-4.664682860409015
-4.664682472879085
-4.664685474846744
-4.664686203028269
-4.6646871900416
-4.664688663028864
-4.66468625606831
-4.664692950887812
-4.664691265398769
-4.664706086654252
-4.664704044009734
-4.664708987930302
-4.664706872175173
-4.664703152097792
-4.664702913597883
-4.664699211075994
-4.664703627207637
-4.664703742201082
-4.664705518390054
-4.6647026238590055
-4.664706209096449
-4.664703618437987
-4.664700340086305
-4.664696782482676
-4.664692939118262
-4.664698667761491
-4.664695056240169
-4.664695499318017
-4.664693142102426
-4.664692544333999
-4.664690505325397
-4.664692845995045
-4.664692335847228
-4.664693844563236
-4.664693109741938
-4.664690729433764
-4.664690406230683
-4.664687904926876
-4.6646866677001135
-4.664685980713181
-4.664686297159373
-4.664686681552431
-4.664683179967867
-4.664691844457609
-4.6646939353495185
-4.6646919123652575
-4.664689776729621
-4.664688007593045
-4.664685624408316
-4.664685914640094
-4.664690658791795
-4.664687279271239
-4.664683633983969
-4.664681602177
-4.664685115164937
-4.66468225867727
-4.664678965474034
-4.664679658784381
-4.66467646561835
-4.664676226535448
-4.664681308567721
-4.6646823240458914
-4.6646806995205194
-4.664678937701898
-4.664678258473232
-4.664678810091233
-4.664678600358908
-4.664675359507821
-4.6646718112723
-4.6646683306991035
-4.664666284105632
-4.664663447443779
-4.664662689937571
-4.664677121756336
-4.664673696507795
-4.664671245871184
-4.664667616253492
-4.66466454754446
-4.664660842797412
-4.664657887939452
-4.664659862135028
-4.664658330570868
-4.664663476651958
-4.664660728085426
-4.66466515730561
-4.66466793634814
-4.664667646197544
-4.664666586539088
-4.664664560597611
-4.664661174453199
-4.664662299330524
-4.6646621950603855
-4.664660324103095
-4.664662692668259
-4.664662751571009
-4.664660756943082
-4.664657205172181
-4.664654581311325
-4.664651937424858
-4.664649504437839
-4.664646454159913
-4.664646634459449
-4.664647221944995
-4.6646488254722955
-4.664647142582688
-4.6646458920459475
-4.664645403114647
-4.664645082162134
-4.664642190336235
-4.664641459848328
-4.664637994487319
-4.664640000039766
-4.664637426517027
-4.664643218092927
-4.66464342340776
-4.664641451136491
-4.664639429232215
-4.6646378442219065
-4.66463630150354
-4.664635083766267
-4.664631646302058
-4.664631368059552
-4.6646308697893755
-4.664628011989781
-4.664624527201794
-4.664622082373498
-4.66461902338504
-4.664619849359889
-4.664617109473994
-4.664623229225239
-4.664634445533483
-4.664639722437743
-4.664636980046535
-4.664634315088407
-4.664631150189922
-4.664628966237746
-4.664627562208658
-4.664627478347712
-4.664624876784832
-4.664624666312997
-4.664626180811301
-4.664626281324415
-4.664625853588558
-4.664622995474721
-4.6646196519787
-4.6646200463115814
-4.6646302308006815
-4.66462893877262
-4.664629167386211
-4.664627332776811
-4.664627124493105
-4.66462717504944
-4.664624668209531
-4.664626230027566
-4.664623688898911
-4.6646206615739025
-4.664617125982979
-4.664613873715795
-4.66461041120186
-4.664607940003296
-4.664609325854721
-4.664608559824388
-4.664608865739642
-4.664609029089371
-4.664605869863329
-4.664607871648958
-4.664606003730976
-4.664605199634471
-4.664606928767292
-4.664611649919451
-4.664616455740236
-4.664615732457432
-4.66461955464021
-4.664621297352492
-4.66461835699814
-4.664619906540778
-4.66462723833064
-4.6646300340997255
-4.664627117239628
-4.664631654652371
-4.664628196174401
-4.6646306679051435
-4.66462911224073
-4.664626639043025
-4.664623323142587
-4.6646228552535085
-4.664627180365773
-4.664627160807561
-4.664625898632769
-4.66462295457845
-4.664621740114467
-4.664623185590201
-4.664621467308471
-4.66461866859542
-4.664615626116174
-4.664615031581167
-4.6646129995142545
-4.664610764502559
-4.664609677470141
-4.664617970535157
-4.664616240728379
-4.664613395361475
-4.664620221907472
-4.664618323697435
-4.664615371280184
-4.664620520207639
-4.664618028365191
-4.664617248484476
-4.664618361509323
-4.664620149741429
-4.6646198643223995
-4.664617688881282
-4.664616881404829
-4.664613913168026
-4.664621888864456
-4.664624670189724
-4.664622260073769
-4.664619300403374
-4.664616612003552
-4.664614236073297
-4.664612136181144
-4.664615724979908
-4.664613427820229
-4.664610261496594
-4.664610782075846
-4.6646083039744255
-4.664609428769138
-4.664612076668548
-4.664613408575763
-4.664614375712193
-4.664613343268393
-4.66461081658507
-4.664611498095033
-4.664613241341133
-4.664612706858632
-4.664610122145784
-4.66460739343252
-4.664604905719297
-4.664604398542769
-4.664603993631455
-4.664601823499772
-4.6645993336026645
-4.664596598962397
-4.664593294942828
-4.66459198776671
-4.66458891530086
-4.66458607674808
-4.66458690011361
-4.6645936246388775
-4.6645972986600555
-4.664604992451315
-4.664601820957682
-4.664601643756348
-4.6646076914745365
-4.664604674529297
-4.66460624855399
-4.664604849927925
-4.664604850083123
-4.6646028015750085
-4.664600404044205
-4.664597504769012
-4.664594632946557
-4.664604799779534
-4.664602695193642
-4.664602222666921
-4.664604230824729
-4.664602043658518
-4.664607053194719
-4.664608746774132
-4.66461011968884
-4.66460736892382
-4.664607489684636
-4.6646055337308585
-4.664604103243912
-4.664604150421851
-4.664601011006473
-4.664600625742703
-4.664597469439212
-4.664598084948853
-4.664596566218064
-4.664594079281446
-4.664591688457997
-4.664588484599596
-4.664585296258558
-4.66459646345933
-4.664593528722245
-4.664591349503406
-4.66459086393294
-4.664587848634073
-4.664587407917165
-4.664584003897366
-4.664582428893567
-4.664587593364619
-4.664591851362872
-4.6645952020730945
-4.664592797084954
-4.664591349664581
-4.6645931281641895
-4.664597458002781
-4.664595931592436
-4.664596971812051
-4.664594403160413
-4.664591940016466
-4.664588876835584
-4.664586071466465
-4.664591010008186
-4.6645895664704575
-4.664588429176323
-4.664588406912623
-4.664585249742739
-4.664584009450109
-4.664581829880401
-4.66458276033582
-4.664589083811858
-4.664588635356547
-4.664585379471199
-4.664588079116793
-4.6645872025411474
-4.664586917542062
-4.664589127936589
-4.664588954975041
-4.664588854265414
-4.664595241823873
-4.664592639781979
-4.6645900491461045
-4.664591228595235
-4.664591070657122
-4.664588185642554
-4.664584948730596
-4.664581622654175
-4.664586291582955
-4.664584095463574
-4.664582549040416
-4.66457984006976
-4.664578920654775
-4.664577307156266
-4.664575102250169
-4.664572094346129
-4.664568866875227
-4.664566978127924
-4.664564152625413
-4.664568296243701
-4.6645713159740065
-4.664570473032679
-4.664570088562243
-4.664567051810376
-4.6645644193648215
-4.664563861562385
-4.664566571900432
-4.664574272529851
-4.664586722051534
-4.6645843081282745
-4.664582212876276
-4.664579790654301
-4.664589401445601
-4.664588038020005
-4.664585510615566
-4.664586227890541
-4.664582914685228
-4.664582080150318
-4.664583135772439
-4.6645815745397625
-4.664585134886662
-4.664582807695114
-4.664585266147099
-4.664582052828864
-4.664583210953368
-4.664580099567907
-4.664580539062173
-4.664579807526534
-4.664579341297828
-4.6645763079424265
-4.664573229715313
-4.664570646393333
-4.664571281650989
-4.6645728817332275
-4.6645739624231455
-4.664582505174933
-4.6645797161840825
-4.664579979231781
-4.664577353094097
-4.664578205984535
-4.664575775596564
-4.664573813772269
-4.664573843063284
-4.664570704121741
-4.6645712347199675
-4.6645686581481245
-4.6645653951584976
-4.664564200634257
-4.664561616772791
-4.66456054367427
-4.664560226431739
-4.66455796930569
-4.6645547583497535
-4.664554589226661
-4.6645518044521905
-4.664550447813199
-4.664555805810652
-4.664554046427089
-4.664555622572977
-4.664559898497005
-4.6645634024169444
-4.6645629031004106
-4.664560734239731
-4.664557527775541
-4.664556353101293
-4.6645536879968486
-4.66455064588984
-4.664550849646057
-4.6645498835822305
-4.6645481395379065
-4.664545182833336
-4.664542045998063
-4.664541534239451
-4.66453967812647
-4.664540643181474
-4.664541953987609
-4.664539068619381
-4.664537680917593
-4.664534512769623
-4.664533565268067
-4.664531296577924
-4.664539483180849
-4.66454568965443
-4.6645438745839485
-4.664542990965629
-4.6645409713133
-4.664539676549817
-4.664536527105166
-4.664538671230024
-4.664536240726672
-4.664537130939413
-4.664534945402602
-4.664532421801855
-4.664535888642722
-4.66453436471312
-4.664531563622067
-4.664530654712726
-4.6645379998567345
-4.66453990834629
-4.664540195507245
-4.664537197253432
-4.664539714566125
-4.66453937438785
-4.664540125714591
-4.664537883947459
-4.664537436157074
-4.664546241127564
-4.664552873480399
-4.664553431131625
-4.664551810111172
-4.664557972501372
-4.66455619010032
-4.664557001263072
-4.664560051349132
-4.66455914158367
-4.664557512286763
-4.66455928191661
-4.664557858559601
-4.664554839434014
-4.664553401702798
-4.6645582290358885
-4.664557251469979
-4.664555271842908
-4.664561381591232
-4.664560316008279
-4.6645661083714955
-4.664564285946171
-4.664562245212222
-4.664565566025534
-4.66456878190841
-4.664567776940592
-4.664566078016017
-4.664566857393357
-4.664566798990406
-4.664567173900934
-4.664565785758779
-4.664563334709295
-4.66456804274729
-4.664567008636898
-4.664564268943846
-4.664563489550494
-4.664560987668556
-4.664558156386452
-4.664555969169965
-4.664554378875961
-4.664551364703148
-4.664550060192536
-4.6645551843957795
-4.664556708052725
-4.664558249796606
-4.6645617602359986
-4.664558955019164
-4.664556046900054
-4.664555916749969
-4.664555679305809
-4.6645551549302615
-4.6645528047422165
-4.664555117661472
-4.664554023900172
-4.664551657175289
-4.66455400233116
-4.664551458345839
-4.664548412059724
-4.664545760545269
-4.6645459831991225
-4.66454303447456
-4.6645419041034515
-4.664540091135956
-4.6645373695802865
-4.664543143254902
-4.664541358793582
-4.664541545526151
-4.664545812662788
-4.664544612735182
-4.664545645821264
-4.664543934113251
-4.664541367789089
-4.664546913954033
-4.664545449017921
-4.664549994949698
-4.664549175644565
-4.664548641511874
-4.664547597028339
-4.664553099101217
-4.6645505233039914
-4.66454786736198
-4.6645521088094135
-4.664549204662873
-4.664556080828273
-4.6645540288916685
-4.664555652862919
-4.6645600707100545
-4.664561159543468
-4.664560600273586
-4.6645600386764485
-4.664559250905744
-4.664557810269638
-4.664559268943767
-4.664565844172774
-4.664564433108939
-4.6645685273891475
-4.664568260019466
-4.664568349381441
-4.6645732608366
-4.664571397517699
-4.664568470638319
-4.664569282738145
-4.664577561138752
-4.664576753021452
-4.664573789133298
-4.664571611098144
-4.664572078290204
-4.664572755534333
-4.664570200706929
-4.664570107243302
-4.664574168335143
-4.66457252800488
-4.664572346299598
-4.664570003146853
-4.664569389240185
-4.664570537439103
-4.664571012920859
-4.664568398419629
-4.664565873142831
-4.664563888156126
-4.664565213606315
-4.664562307033709
-4.664561434742934
-4.66456201241583
-4.66455957571745
-4.6645583007232965
-4.664556695372068
-4.6645559915244865
-4.664554246242108
-4.664551523673278
-4.664555985205046
-4.664557429024217
-4.664555191941563
-4.6645544444942795
-4.664552044129978
-4.664551099279807
-4.664548111187338
-4.664548120057899
-4.664546495894196
-4.664545030814037
-4.664546992716384
-4.6645439666189334
-4.664541069332361
-4.664542910640257
-4.664545689605133
-4.664543207200558
-4.664543357464339
-4.664544405483211
-4.664542298791729
-4.664544936940801
-4.664543483675671
-4.664540587431432
-4.664544539755212
-4.66454195104
-4.664541210584496
-4.664539711944496
-4.66454121113857
-4.664541929692517
-4.664544208567785
-4.664545622962773
-4.664545036070983
-4.664545244381282
-4.664543457371927
-4.6645408258213505
-4.664542302815756
-4.664539908265212
-4.664540276089816
-4.664538077299625
-4.664539274011852
-4.664536506475424
-4.6645359779666
-4.664535929787867
-4.664537155797407
-4.664535015469908
-4.664532490816795
-4.664531875908446
-4.664530156955833
-4.664528941231609
-4.664527927070552
-4.664524986444476
-4.664524412953647
-4.66452402209644
-4.6645214405678
-4.664518993030475
-4.664516694253546
-4.664515718332116
-4.664514189207616
-4.664512315061791
-4.664512010785577
-4.664509307276957
-4.664508490293114
-4.66450854528253
-4.664509159551333
-4.664515589016113
-4.664514289730248
-4.664512768861377
-4.664510648946509
-4.664508061646847
-4.664507238082279
-4.664505813334567
-4.664507619632845
-4.664504702324918
-4.6645048228233685
-4.664503519713098
-4.664503947374655
-4.664507248133892
-4.664506359854292
-4.664505528609784
-4.66450441580936
-4.664507426430579
-4.664508729201966
-4.664505924916725
-4.664513449876172
-4.664520988744121
-4.664521111624744
-4.6645198251143025
-4.664521031728549
-4.66453869749041
-4.6645395735254
-4.664542405185072
-4.664539767901926
-4.664536870053222
-4.6645477614310105
-4.664545500645057
-4.664543821299753
-4.664542270300356
-4.664540821849121
-4.66454175635292
-4.664540772204139
-4.664538164694181
-4.664536227744052
-4.66453426936308
-4.664531620415758
-4.664532446539771
-4.6645312656727205
-4.664529977914189
-4.664534147066311
-4.664535456072678
-4.66453420333204
-4.664538304102271
-4.66453652318784
-4.6645345365955695
-4.664532692127303
-4.664530059222223
-4.6645334463538175
-4.664539952077253
-4.664539504250215
-4.664540771646742
-4.664539707505845
-4.664537789786285
-4.664536482420129
-4.664534549686251
-4.664537991554228
-4.6645353453066924
-4.664533779880918
-4.66453161385738
-4.664529193931407
-4.6645271898619685
-4.664525543537044
-4.664527808306408
-4.664526121785211
-4.664524208960857
-4.66452422049526
-4.664521783200566
-4.664520498317402
-4.6645204213946245
-4.664518857702795
-4.664516741506161
-4.664514098932101
-4.664511983328985
-4.664512242109428
-4.664511501109693
-4.664508713112025
-4.66450662080609
-4.664505748957821
-4.664504148597155
-4.664504420348087
-4.664501835604055
-4.664500268824072
-4.66449774164245
-4.664495314385598
-4.664493743193478
-4.664494155978368
-4.664495623675824
-4.66449453542082
-4.664493435322013
-4.6645041319748
-4.664503890777024
-4.664502993705027
-4.664506065522506
-4.6645034885488394
-4.664500915273397
-4.6645027030439605
-4.6645039955196825
-4.664503325224084
-4.66450110481909
-4.664501136038957
-4.664499738951074
-4.664498330997993
-4.664500030281143
-4.664502509085395
-4.664500870176805
-4.664500224402045
-4.664498718389609
-4.664498210032296
-4.664497878052561
-4.6645028197757235
-4.6644999976274955
-4.664497543022496
-4.66449718456827
-4.664494946886765
-4.6644944355702345
-4.664495473602767
-4.664499903374022
-4.6644973489160915
-4.664497847329027
-4.664496092168683
-4.664494318972651
-4.664491762102312
-4.664489897684645
-4.664489135042947
-4.6644909486281305
-4.664489900728856
-4.664487258331974
-4.664484551282666
-4.664482442029114
-4.6644811633170296
-4.66447937176087
-4.664479999412757
-4.6644777478257184
-4.66447671884576
-4.664474453042866
-4.664479179047378
-4.664478684533972
-4.664487097526694
-4.664488949700643
-4.664492529332358
-4.6644901281876505
-4.664489662571402
-4.66448785012543
-4.664485885960698
-4.664488012208532
-4.66448524468936
-4.664482823594856
-4.66448020334696
-4.6644778553558535
-4.664475800850247
-4.664475332089465
-4.664474556484284
-4.664473476495546
-4.664470976858178
-4.664469342687665
-4.664467805526325
-4.664468221472314
-4.664466426221347
-4.664467478075385
-4.6644674634480365
-4.664467864416347
-4.664471458370022
-4.664474017052742
-4.664475190694206
-4.664474128237698
-4.6644719183849315
-4.664471851981958
-4.6644732595788385
-4.664471691261937
-4.664469500799766
-4.664469417517211
-4.664471996443054
-4.6644699443932875
-4.664468235691049
-4.664468084088184
-4.664466429313755
-4.664464062574884
-4.664465071268343
-4.664463225712765
-4.664463040044236
-4.664469029974208
-4.6644694563497024
-4.664468633100081
-4.6644687959069
-4.664471686816109
-4.6644730342355825
-4.664470515258572
-4.6644689601241005
-4.664466419909324
-4.664464076270225
-4.664469611942784
-4.664468496376167
-4.664466862896191
-4.6644656162151055
-4.664467123437075
-4.664468710894637
-4.66446910193817
-4.664466512829084
-4.664463874324989
-4.664465724574019
-4.6644645650822625
-4.664462170852287
-4.664460684612632
-4.664458181594899
-4.664458896284451
-4.664457421323199
-4.664457754469165
-4.66445744452975
-4.664456682250884
-4.664455543991194
-4.66445708356817
-4.664457644588544
-4.6644549855749355
-4.664457770590711
-4.6644595392294725
-4.664464373018919
-4.664463464406705
-4.6644671120511605
-4.664467866617917
-4.6644711216861054
-4.664471054422689
-4.6644705859119195
-4.664467904185942
-4.664468043677415
-4.664471934773876
-4.664470742262158
-4.664470134841841
-4.664467836020295
-4.664465398306855
-4.664463454352245
-4.664463693816633
-4.6644628119969695
-4.664460514166174
-4.664461216140675
-4.664461880844564
-4.6644592106750595
-4.664457537857424
-4.664457868131883
-4.664455947330613
-4.664457041133275
-4.664457663542776
-4.664457544905451
-4.664454995524169
-4.664452964871748
-4.664456872564528
-4.664458173409991
-4.664458488494121
-4.664456422537125
-4.664455042625536
-4.664458380402154
-4.664456427951331
-4.664458084606689
-4.6644590458168125
-4.664468138188092
-4.664469817543613
-4.664477220129015
-4.664475009542919
-4.6644737864748045
-4.664474311463214
-4.664473651554925
-4.664474719274747
-4.664474843099229
-4.664472809456908
-4.664471663075277
-4.664469155572919
-4.66446704204669
-4.664471165271209
-4.664477052107287
-4.664476115846533
-4.664473730033592
-4.664471662615492
-4.664469922873932
-4.664475738877026
-4.664473816228178
-4.664476184217904
-4.664474851265036
-4.664472438826919
-4.664470763405191
-4.664468266661561
-4.664469909880834
-4.664475422539221
-4.664476088262721
-4.664474589488351
-4.664471993632946
-4.6644799456408625
-4.66448075717192
-4.664479933594577
-4.664477396696935
-4.664474803777136
-4.664473726404079
-4.664477465484336
-4.664480867841776
-4.6644782724569716
-4.664477392613673
-4.664475288055788
-4.664474526035782
-4.6644739364772265
-4.664473402217972
-4.664471995175387
-4.664471220284088
-4.66446870697491
-4.664469367980644
-4.664467630603578
-4.664466825496996
-4.664464827626671
-4.664462303202927
-4.664459826682376
-4.664458434887263
-4.664455815963075
-4.664454214793542
-4.664454742063736
-4.664455047444028
-4.664453622469369
-4.664455666838491
-4.664460511178884
-4.664458401994972
-4.664458486170867
-4.664457249805144
-4.66445850756317
-4.664456610555634
-4.664454761589678
-4.664455483863014
-4.6644545759003995
-4.664456375494466
-4.664458693929891
-4.664458699558583
-4.664456643942626
-4.6644556716403365
-4.664453633850296
-4.664453217637163
-4.664451083982553
-4.6644499707663325
-4.664451181799704
-4.6644488430753785
-4.6644474602371115
-4.664445139673987
-4.664444048173437
-4.664442361056578
-4.664439848501092
-4.664439505169826
-4.664437213358105
-4.664434874791086
-4.664444292858471
-4.664443262065024
-4.6644463021855485
-4.664450951004707
-4.664451216838947
-4.664455819978595
-4.664453471779555
-4.664454152410486
-4.664455546610855
-4.66445644289469
-4.664457225194575
-4.664461081586345
-4.664458495136059
-4.664458374110528
-4.664460801458561
-4.66446201340218
-4.664460495404088
-4.664468100443593
-4.664466166546181
-4.664464192907732
-4.664467139086161
-4.664471771771529
-4.664469214154977
-4.664467898934616
-4.664465619584587
-4.664466909852795
-4.664467018589338
-4.66446526697753
-4.664468363740562
-4.664466860303287
-4.664470516559363
-4.664476812420271
-4.664476291995673
-4.664475303605214
-4.664484008797711
-4.6644859091160455
-4.664485693382556
-4.664484222361643
-4.664482638375439
-4.664480113556578
-4.664477828629705
-4.664485706402059
-4.664484104053349
-4.664484585645915
-4.664482039635312
-4.664481343320146
-4.6644852373475505
-4.6644841955776934
-4.664488426718558
-4.6644909811657636
-4.664489548550527
-4.664487889152384
-4.664486884065714
-4.664484524631698
-4.664482245833615
-4.664485047153172
-4.66448322917739
-4.664483060484191
-4.664486582678253
-4.664484651265383
-4.664482310598889
-4.664479873386826
-4.664489180053057
-4.664487555841353
-4.664486769908736
-4.664487524878962
-4.664485845127263
-4.664484011442517
-4.664484145012205
-4.664481730464914
-4.664479400497183
-4.6644794530963365
-4.664481578045516
-4.664481380233956
-4.664480537841338
-4.664478161495176
-4.664475755791962
-4.664474458964708
-4.66447701668281
-4.664480521898923
-4.664481620793427
-4.664480250521775
-4.664482919722024
-4.664482034459719
-4.664481835250903
-4.664479495886126
-4.664479031849657
-4.664482099293123
-4.66447960303834
-4.664478009073959
-4.664476259827909
-4.664474116325051
-4.664472603110327
-4.664470120949982
-4.664469537853521
-4.66447339720849
-4.664472060804028
-4.6644702759721985
-4.664468884933977
-4.664466546786761
-4.664464615104203
-4.664462557814551
-4.664461962733945
-4.66446118364792
-4.664458795714745
-4.664456907516297
-4.6644569598520444
-4.66445557121048
-4.6644545632244085
-4.664453851599281
-4.664452301860814
-4.66445153398087
-4.6644494404681565
-4.664448061582046
-4.66444628044254
-4.664444727328013
-4.664443785618376
-4.664441581749467
-4.6644414795265785
-4.664439995830515
-4.664443762483045
-4.664444024170426
-4.664442407852503
-4.664440597399902
-4.664438835820595
-4.664436532024199
-4.664445618687465
-4.664451605267131
-4.6644529511226915
-4.664454801822458
-4.664454589428472
-4.664452678427851
-4.664450354027602
-4.6644524768531115
-4.6644506680904625
-4.66444865618058
-4.664446194765128
-4.664446056425178
-4.664443673966789
-4.664442129986889
-4.664447478561782
-4.664445358933107
-4.6644444299235905
-4.66444221503367
-4.6644463064187125
-4.6644441361668285
-4.664442351641338
-4.664440429177763
-4.664448903730891
-4.664449715031107
-4.664448162119746
-4.664448699790688
-4.664447814103586
-4.664448883340279
-4.664446897617311
-4.664446869333759
-4.664448090572596
-4.664450429791831
-4.664455502293044
-4.664453342818659
-4.664451080656649
-4.664448761065879
-4.664449182285505
-4.664446950741756
-4.664445543826829
-4.664445804316949
-4.664444279879267
-4.66444437042536
-4.664442260835707
-4.664443225231687
-4.6644429776295935
-4.66444361202444
-4.664441778605553
-4.6644407528705525
-4.664438865135109
-4.664436472767588
-4.664437472650517
-4.664436124523729
-4.66443565521204
-4.664437036465014
-4.664435400706583
-4.664433290510926
-4.664432280523448
-4.664447326821088
-4.664445631703464
-4.664444001633738
-4.66444159187242
-4.664440852900079
-4.664438578408878
-4.664437643940334
-4.664438410846319
-4.66443896707706
-4.664438934194922
-4.66443658745185
-4.664434844221621
-4.664433435399434
-4.664433542782255
-4.664435922521775
-4.664434610453815
-4.664433611308934
-4.664433579822718
-4.664431324493607
-4.664429913286154
-4.664427501929114
-4.6644259590465795
-4.664425462241358
-4.664424624072562
-4.664423986000076
-4.664422282487967
-4.6644218570350775
-4.664420102258805
-4.664418110697678
-4.664415869377291
-4.664419498805634
-4.6644236133450425
-4.664422320040121
-4.664419888155732
-4.664419608466877
-4.664417657980924
-4.664418450015906
-4.664421327962449
-4.664428390777434
-4.664426331090809
-4.664424933081143
-4.664428981640902
-4.664432367798713
-4.664432408117216
-4.66443083553634
-4.664429416133108
-4.664429923598269
-4.66442806343123
-4.664427001276642
-4.66442614173985
-4.664425829394739
-4.664425099554126
-4.664425977170027
-4.664432487459043
-4.664432637610771
-4.664430548028369
-4.664428232076688
-4.664427497463375
-4.664425475616577
-4.664426099359199
-4.664425581276509
-4.664424633830384
-4.664422656814453
-4.664420696343648
-4.664423543209018
-4.664422803438956
-4.664425453089743
-4.664428301538258
-4.664437843643827
-4.664436206174027
-4.664434532735781
-4.664440926720173
-4.66443986699826
-4.664445338403686
-4.664443845539725
-4.6644426634094875
-4.664442312487376
-4.664444330714916
-4.664446843547536
-4.664445039628591
-4.6644482714179585
-4.664446962945728
-4.664445147352607
-4.664443591499223
-4.6644436479058
-4.664443125515342
-4.664440801075787
-4.664438915546275
-4.664438226556717
-4.664437106993752
-4.664435183227906
-4.664434872827558
-4.664432890052268
-4.6644339129357535
-4.664434644558629
-4.664435390795368
-4.664433739798324
-4.664433787284668
-4.66443207234889
-4.664430177101054
-4.664428417473594
-4.664429811992256
-4.664429149235679
-4.664433761503018
-4.664431460403562
-4.664429711436141
-4.664427870181402
-4.664427159255468
-4.6644259391851035
-4.664424663167322
-4.66442621026054
-4.664426399092337
-4.664425974931609
-4.66442493261256
-4.664423212635388
-4.664421208849539
-4.664419736937792
-4.664418326850304
-4.664417009470632
-4.664414817282248
-4.664413395464044
-4.664412468198648
-4.664411812796652
-4.664412109149578
-4.664409975779494
-4.66440803789381
-4.664406192282602
-4.6644041366654125
-4.664401894748525
-4.664404650473878
-4.664406849727473
-4.6644086833190235
-4.664408557212687
-4.664412444152059
-4.664413232009398
-4.664411542412769
-4.664413681704758
-4.664411416325729
-4.664411541642214
-4.664409462798448
-4.664407551552326
-4.664405251593047
-4.664405675325844
-4.664403635294638
-4.664404909660925
-4.664405265300746
-4.664403969862348
-4.664402617890734
-4.664402457295302
-4.66440081430228
-4.664400608497802
-4.66439893112317
-4.664396726738792
-4.664395972486424
-4.664395365146532
-4.664396518921475
-4.664395359742359
-4.664394887256173
-4.664395036582682
-4.664395622984614
-4.664394941207702
-4.664395904172949
-4.664398993789489
-4.664397378705412
-4.664398669180981
-4.664398009857111
-4.664396002420457
-4.664395139809549
-4.66439322462925
-4.664391330422859
-4.6643960036878385
-4.664393791008553
-4.6643918365290125
-4.664389693218749
-4.664389687180902
-4.664391942798774
-4.664389947131081
-4.664393490777399
-4.664393995310584
-4.664391847341407
-4.664389752906839
-4.664390391349447
-4.664391451458367
-4.664396835884657
-4.66439692154242
-4.664398383887089
-4.664396226458356
-4.664394059938329
-4.664392048474964
-4.664390427951688
-4.66438916872941
-4.6643903511032425
-4.6643894973054865
-4.664388243490802
-4.664388784005777
-4.664387498514252
-4.664385619731826
-4.664385680834976
-4.6643840094445554
-4.664381710405638
-4.664379881991365
-4.664381514898131
-4.6643854029526395
-4.66438532004597
-4.664387035797688
-4.664386625556434
-4.664390319603276
-4.664388266712256
-4.664386204751813
-4.664386694479405
-4.664385107691693
-4.664384457435547
-4.664386457625887
-4.6643849683382035
-4.664384429935993
-4.664382964840969
-4.664390110246073
-4.664388670240418
-4.664389398598827
-4.664387397698877
-4.664386090409526
-4.664390223879813
-4.664388819156287
-4.66438908669763
-4.6643876074792106
-4.664385447280768
-4.664390008227048
-4.664388487839703
-4.664392223772305
-4.664390298432823
-4.6643929314850165
-4.664392173099811
-4.6643898661283325
-4.664395756669534
-4.66439368804916
-4.664391657837448
-4.66439007403648
-4.664390040456045
-4.6643896704448675
-4.6643873817202754
-4.664385934507013
-4.6643877033738645
-4.664389805808453
-4.664388307283214
-4.664386455972602
-4.664387230992022
-4.6643885718118225
-4.664390558796442
-4.664400850512654
-4.664398783242112
-4.664398754410836
-4.664403726241726
-4.66440627817403
-4.664404375937757
-4.664404634998215
-4.664405250287242
-4.664406511117786
-4.664404734336063
-4.664402832329506
-4.664402250617857
-4.664400103844143
-4.664397818668432
-4.664397737499316
-4.664399129336557
-4.664397897834911
-4.664397108308702
-4.664403284454116
-4.664402193878234
-4.6644052235273925
-4.664409288172459
-4.664409837884248
-4.664408360809525
-4.66440757801567
-4.664405455678034
-4.664406103628827
-4.664404542008366
-4.664404570695996
-4.664404076520157
-4.66440274221359
-4.664402368465162
-4.664401304760683
-4.664399921870799
-4.66439851181883
-4.6644009999981
-4.664399688329527
-4.664399086412618
-4.664397554371186
-4.66439546427533
-4.664396220003557
-4.664400566485449
-4.664398307367477
-4.664398956366126
-4.664398251818654
-4.664396387427961
-4.664398158883818
-4.664401452483902
-4.664403725344113
-4.664409349522173
-4.664414130200499
-4.664414604951479
-4.664414224397446
-4.664413805657965
-4.664416783931141
-4.664416080203706
-4.664414983722106
-4.6644181082313265
-4.66441811723501
-4.664423396115453
-4.664422453664155
-4.664421715872438
-4.664422686506131
-4.664420818097154
-4.66441890058574
-4.664418464619843
-4.664421076439041
-4.6644198633391465
-4.664418246849382
-4.664416929443134
-4.664417567667281
-4.664415653360008
-4.66441472402565
-4.6644129685068165
-4.664412541532287
-4.664416206544301
-4.664418161830304
-4.664421028394473
-4.6644195567224545
-4.664424296566846
-4.66442344593971
-4.664421544701509
-4.664419642603573
-4.6644177821964625
-4.664417390185852
-4.664417508028818
-4.664419550947719
-4.664418188875568
-4.664417004402969
-4.664415172591342
-4.664417775254953
-4.664419339395894
-4.664417882566172
-4.664419133363918
-4.664416966517124
-4.664415523947848
-4.664414205117018
-4.664416036091852
-4.664417501635243
-4.664415649077636
-4.664416137701033
-4.6644154710796455
-4.664414241075126
-4.664413692486867
-4.664411548689242
-4.6644138282994465
-4.664412033178015
-4.664412570249308
-4.664411702687122
-4.664410123755216
-4.664409237653773
-4.664408768939026
-4.664407472997529
-4.664406360119703
-4.664404478092536
-4.664402654646997
-4.66440277330427
-4.664402026742171
-4.664404902850949
-4.664403099700757
-4.664401105631241
-4.664400660330157
-4.664400248512228
-4.664402215896001
-4.664403691422981
-4.664404017960169
-4.664404560270156
-4.664405704471266
-4.664404239901055
-4.6644024256835115
-4.664402968529428
-4.664400988069148
-4.664398808334275
-4.664400176824266
-4.6643993998495175
-4.664398706686304
-4.6643985945726
-4.664397771488362
-4.664395988934388
-4.6643977223059085
-4.664395731541139
-4.664396044352116
-4.6644012959559324
-4.664399249206287
-4.664402235205645
-4.664402276492162
-4.664400512872412
-4.664401475341061
-4.664399333969351
-4.664397684779104
-4.6643970542721815
-4.664395599757741
-4.6643947995822455
-4.664392844562804
-4.664392956875117
-4.664391073466061
-4.664390344818591
-4.664388306617629
-4.66438665055618
-4.664385504255877
-4.664386442905228
-4.66438751364523
-4.664385870154456
-4.664387291533821
-4.664386195480202
-4.66438491183784
-4.66438493179098
-4.664382757415692
-4.66438437217283
-4.664382375301957
-4.664380869356947
-4.664382377215394
-4.664380237943377
-4.664381874957599
-4.6643834684901995
-4.6643844536948516
-4.664385391116056
-4.664384776497476
-4.664385879483579
-4.664385704926798
-4.664385405223573
-4.6643834960561845
-4.664381332174077
-4.664380013000338
-4.664380914712788
-4.664380123944916
-4.664380778232713
-4.66437918946864
-4.664387163451522
-4.664386246189826
-4.6643873726565195
-4.664387936325456
-4.664390057910236
-4.664388093241833
-4.664390337751316
-4.664389032028551
-4.664395916191088
-4.664393781674298
-4.664395939261571
-4.664396087074201
-4.664398872909309
-4.6644032295307865
-4.664404671021872
-4.664404354812544
-4.66440221358653
-4.664400853241888
-4.664398717283136
-4.66439663617003
-4.66439502478313
-4.6643964854340485
-4.664395506367016
-4.664394326084992
-4.664398721868253
-4.664397584279201
-4.664395803017454
-4.664398402616635
-4.664397092033468
-4.664395625480196
-4.664396925312441
-4.6644005295087645
-4.664399114708094
-4.664397075697526
-4.6643973523635465
-4.664397286679805
-4.664395777569807
-4.6643969721131615
-4.664398000671287
-4.6643958964871475
-4.664395091106301
-4.66439435408781
-4.664392582540349
-4.664391162329637
-4.664389908725655
-4.6643891784809774
-4.664388551198379
-4.664386973548362
-4.664386415322522
-4.664384499303814
-4.664383480638632
-4.664381882693706
-4.664381217368637
-4.66437954911228
-4.664381466081019
-4.664379529082177
-4.664377964996204
-4.664377034209039
-4.664375104439969
-4.66437389211299
-4.664378449521707
-4.664378377283328
-4.664377775601264
-4.6643773966788755
-4.664375603451138
-4.664373954637806
-4.664372131779782
-4.664376520591697
-4.664377200344234
-4.664378602838815
-4.664378793284993
-4.664378343401492
-4.664381959134101
-4.664380166991449
-4.664379303672797
-4.664377540911911
-4.664376375618604
-4.664374286151064
-4.6643772325015265
-4.664375335762405
-4.664374879434001
-4.664372883590737
-4.664374128542897
-4.664373769424845
-4.664372506849346
-4.664372761141581
-4.664374672586487
-4.664374115747181
-4.664375564302048
-4.664377794616555
-4.664377852453177
-4.664376837664488
-4.664377744773192
-4.664376288591759
-4.664376255500072
-4.664374559252333
-4.664372902776815
-4.664374818988538
-4.664373303051349
-4.664372258949211
-4.664372855814904
-4.664373416344366
-4.664372186353114
-4.664373083126896
-4.664373754869964
-4.66437247584829
-4.664370698034691
-4.664371256181824
-4.664381673901653
-4.66437992055788
-4.664380644868009
-4.664379506845794
-4.664383700716665
-4.664383520698914
-4.66438316108215
-4.664381817216952
-4.664382170760505
-4.664382334265224
-4.664383289150582
-4.664382252936702
-4.664380209011567
-4.664381102478838
-4.664379500079468
-4.6643801322649
-4.664378998701884
-4.66437777424925
-4.664376469453364
-4.6643772622776405
-4.664375861472678
-4.664378583302581
-4.664377450521192
-4.664375490919896
-4.664374144673966
-4.664372229594842
-4.664373919204474
-4.664374417638421
-4.664372990805005
-4.664377127670648
-4.664375428580057
-4.664374891302879
-4.664380443720983
-4.664379582696604
-4.6643797205641695
-4.664380330117173
-4.664379129263724
-4.664378029328188
-4.664376519947004
-4.664375616417335
-4.664383016886941
-4.6643812928928305
-4.664379903697418
-4.664382117704528
-4.6643808872445724
-4.664391337767012
-4.664389938165909
-4.66438965240776
-4.6643878802550995
-4.664385856010933
-4.66438528003171
-4.66438383059748
-4.664382147990312
-4.664380547257524
-4.664384511779167
-4.664385670251208
-4.664383631526087
-4.664383522577432
-4.664388549912789
-4.664387586819262
-4.664389460336953
-4.664389165476831
-4.664390462993858
-4.664392118180049
-4.664391188923014
-4.664389359057825
-4.664389864931215
-4.664390348962133
-4.664388606639414
-4.664386706243705
-4.66438639568288
-4.664395605031683
-4.664394798371036
-4.664397235947313
-4.664396618440657
-4.664395089486964
-4.66439559515786
-4.664396142468726
-4.6643964194147
-4.664394500444726
-4.664394061473794
-4.664394244549214
-4.6643970109104895
-4.664395858220874
-4.664394708467702
-4.664393452710646
-4.664393307253541
-4.664392433944768
-4.664393743077558
-4.664392077748961
-4.66439050648242
-4.664389958594297
-4.664388095924889
-4.66438639809435
-4.664385107125551
-4.664385178999382
-4.664384305375919
-4.664382471580819
-4.66438162275932
-4.664379961813622
-4.6643802491127255
-4.664378190379782
-4.664376936022565
-4.664375967323121
-4.664374929448252
-4.664373743809354
-4.664372047387567
-4.664370192392284
-4.664369026975393
-4.664367597662644
-4.664366705314863
-4.664367954899056
-4.664366807664512
-4.664367203297544
-4.6643667741127315
-4.664365689328265
-4.66436476358743
-4.664364688550196
-4.664364006333442
-4.664362966606305
-4.664361232961228
-4.6643640514949745
-4.6643673594081525
-4.664365870156642
-4.664365108377831
-4.664363845873421
-4.664362724474272
-4.664361060990291
-4.664359859392504
-4.664361745882238
-4.664360698978148
-4.664360255386679
-4.664358242617332
-4.664357195817477
-4.664355993216179
-4.664354337188745
-4.664353111012606
-4.664351211064926
-4.6643495531658505
-4.664348583387083
-4.664349412000872
-4.664347847375884
-4.6643460159336145
-4.6643450399951165
-4.664346204498408
-4.6643480373626
-4.66434613785825
-4.664345252195031
-4.66434408366127
-4.664346092597363
-4.664345572796105
-4.664343746709224
-4.664343201668956
-4.664346645426806
-4.664345949575177
-4.664344557536111
-4.664345798628588
-4.664347085895974
-4.664347542629358
-4.664346483708246
-4.664347660946106
-4.664345876973956
-4.66434962123511
-4.664348300343414
-4.664348378410262
-4.664349532321617
-4.664352203284401
-4.664353771260665
-4.664354632494997
-4.66435574395962
-4.664354106221985
-4.664353724310587
-4.664352954847441
-4.664353855398347
-4.664352253210314
-4.664351810239192
-4.6643556577120755
-4.66435409629628
-4.664352958725639
-4.664352367187697
-4.664350515476102
-4.664356367398845
-4.664354952662001
-4.664353342817802
-4.664351863758835
-4.664349936783499
-4.664351373860404
-4.66435152792594
-4.664350708580418
-4.664349183437926
-4.664347934782144
-4.664346092662383
-4.6643453487820965
-4.664346172215955
-4.664344621725829
-4.66434479378224
-4.664344487460225
-4.6643462262240805
-4.6643475258380525
-4.664348887587036
-4.664347308776294
-4.664349178668788
-4.664349038897739
-4.6643475510418995
-4.664347798751568
-4.664346456709418
-4.664345735905471
-4.664346252087312
-4.664351887463853
-4.664353601510775
-4.664355739383267
-4.664356246491074
-4.664356391605442
-4.664355140767855
-4.664354315659408
-4.66435268036606
-4.664352464903091
-4.664351022541646
-4.664349736802108
-4.664349285927683
-4.664347870480895
-4.664348755388159
-4.664348141067865
-4.664351629361305
-4.664351884702226
-4.664352971928001
-4.66435264488126
-4.664351932912583
-4.664350482946266
-4.664350150299229
-4.6643527686443065
-4.664352141199821
-4.664350199665529
-4.664348627272958
-4.664346924000477
-4.6643480560810175
-4.6643469940266815
-4.664349945031168
-4.664348437534588
-4.6643466924060455
-4.664345639192543
-4.66434403936632
-4.664343417035483
-4.6643422093799725
-4.664341211914921
-4.664339421737403
-4.664340704917859
-4.664340604804471
-4.664339541491176
-4.664337914868787
-4.664338776702043
-4.664336946621879
-4.664335802496901
-4.664334589217032
-4.664334597856825
-4.664333209159756
-4.664332541145171
-4.664335324335707
-4.664338444739719
-4.664340474733974
-4.664339252093327
-4.66433869884915
-4.6643377675216415
-4.6643378959210136
-4.664336119549582
-4.664336345937628
-4.66433494781688
-4.664335158279028
-4.664333776479186
-4.664337128452222
-4.664337257132851
-4.664335285031289
-4.664333640548737
-4.664332198856389
-4.664330667572014
-4.664328719711485
-4.664329302423209
-4.664329237143207
-4.6643286234820645
-4.664330387693975
-4.66432916344742
-4.664330501829048
-4.664328831119786
-4.664329168891651
-4.6643278126083745
-4.6643259508662505
-4.6643280549640265
-4.664327097783427
-4.664325845785272
-4.66432844147648
-4.664326582230378
-4.664324829938064
-4.664323455004966
-4.664324748959858
-4.664324687815323
-4.664323957312936
-4.664324220136586
-4.664323377588456
-4.6643239700889865
-4.664322896276333
-4.66432301333197
-4.664325619365225
-4.664324735151435
-4.66432742595414
-4.6643268486230065
-4.664325707151354
-4.664323849416239
-4.664322280457578
-4.664321575635046
-4.664325834153751
-4.664324352753311
-4.664324491962402
-4.66432321620708
-4.664321290138486
-4.664319734043982
-4.6643189198671715
-4.664317328706682
-4.664317249826015
-4.664316554297292
-4.664315040222264
-4.664315034473928
-4.664314095372033
-4.664312302710894
-4.664314098671305
-4.664316927576494
-4.664320736031487
-4.664319171441686
-4.66432078987026
-4.664325244105996
-4.664324225820245
-4.664323928253405
-4.66432653173453
-4.664325247194514
-4.664325673076071
-4.66432521391887
-4.664325887937019
-4.664324299266273
-4.664323228755433
-4.6643229007118
-4.664320992255014
-4.664319263588978
-4.664317368479169
-4.664318183570675
-4.664318708540974
-4.6643183583925785
-4.664322254704156
-4.664320747627813
-4.66432327144308
-4.664321808901506
-4.664325188979335
-4.664323496746912
-4.6643228585826115
-4.664320972942047
-4.664321233258188
-4.664323844039264
-4.664323553666595
-4.664322258616692
-4.664321108854786
-4.664319512064657
-4.664321270965095
-4.66432076098658
-4.664319129437547
-4.664317492441004
-4.664320615407479
-4.664319073260451
-4.664320569980661
-4.664321971624301
-4.664322800798299
-4.664321231635759
-4.6643223256628
-4.664320689380771
-4.66431951283128
-4.664317982825732
-4.6643175426536825
-4.664316355361662
-4.664315013236402
-4.6643136381073225
-4.6643163827477245
-4.664319258685272
-4.66431992182171
-4.664319161190253
-4.66431921207344
-4.66431846306531
-4.664321064938241
-4.664319661461831
-4.664317941403076
-4.664317747367758
-4.664316244266047
-4.664317160356111
-4.664318570753674
-4.664318814241176
-4.664317686977343
-4.664317117952734
-4.66431627497787
-4.664315169902665
-4.664321346542093
-4.6643200507017575
-4.664318706369839
-4.664319717933458
-4.66431885532701
-4.664322737323615
-4.6643210570414455
-4.664320543089242
-4.664323470832358
-4.664322409287007
-4.664322398590592
-4.664321621149872
-4.664320507074831
-4.664319500980269
-4.664319723668734
-4.664319729758414
-4.6643181683847805
-4.664318942313647
-4.664319455666985
-4.664319304432858
-4.664318884055959
-4.664321604255844
-4.664321683942504
-4.664319803410248
-4.664320560745388
-4.664318896028771
-4.664318419134291
-4.664317030492081
-4.664315420248079
-4.664313886181454
-4.664313089834544
-4.664314979322871
-4.664313785321532
-4.66431261591646
-4.66431173557232
-4.664312889494827
-4.664313041998292
-4.664311527648355
-4.664310055872728
-4.664308315802692
-4.664308251205282
-4.664311654222374
-4.664311539179363
-4.6643108621493665
-4.664311230378319
-4.664311941063252
-4.664315095200524
-4.664313500939996
-4.664312053088249
-4.664310585435273
-4.664309366726228
-4.664309572036017
-4.664308695646741
-4.664310410200756
-4.664310903766903
-4.66430985838356
-4.664309876516115
-4.66430809921744
-4.664309017117252
-4.664308434699616
-4.664307190924107
-4.664309070311099
-4.664312092892676
-4.664310651843978
-4.66430910077765
-4.66431180240405
-4.664311980836141
-4.664310142074549
-4.664309099554538
-4.664307515407584
-4.664306434768227
-4.664305310358613
-4.66430437229377
-4.664302708016442
-4.66430175430309
-4.664299946818098
-4.664299340897455
-4.664301523558794
-4.664302427234385
-4.664301605071925
-4.664301414221291
-4.664301283826337
-4.664301852492094
-4.664300201945815
-4.664299774888046
-4.664298393439902
-4.664297807365298
-4.6642962456984485
-4.664295159615868
-4.664300053050091
-4.664300921137906
-4.66430227978854
-4.664300761907173
-4.664298987103334
-4.664297879313884
-4.664296055230323
-4.664294975754958
-4.664293114702198
-4.664293248414309
-4.664291438125279
-4.664298820898764
-4.664298159462409
-4.6642969484017005
-4.664297007015242
-4.664297482059662
-4.664298427855555
-4.664297796465986
-4.664296438268289
-4.66429471538379
-4.6642929625897285
-4.664292412550299
-4.6642908923946305
-4.664289194315648
-4.664288244589468
-4.664287209539757
-4.664285715965708
-4.664284756872296
-4.66428374820628
-4.664282181088259
-4.664280373366672
-4.66428107373767
-4.664281841692059
-4.664280185730064
-4.664280087799025
-4.664279239004625
-4.664277664094186
-4.664275950478715
-4.66427427101944
-4.664272752035461
-4.664271571638299
-4.664271383014233
-4.664269683960618
-4.6642678629547625
-4.66426687707507
-4.664265869572945
-4.664266274894524
-4.664267856360185
-4.664266189692231
-4.664265042720884
-4.664263611388959
-4.664262565036891
-4.664261832193527
-4.664260501769732
-4.664258759252932
-4.664257055812056
-4.664262842648775
-4.664261511502055
-4.664260348811095
-4.664258924876439
-4.664257320644111
-4.6642601869882645
-4.664259227340964
-4.664258256517506
-4.664259029300934
-4.664257417392436
-4.664256910357348
-4.664255791664706
-4.664254386168293
-4.664253875518204
-4.6642535708687385
-4.664254379466499
-4.664253128391785
-4.66425262700692
-4.664252256510978
-4.6642563212358334
-4.664255772035863
-4.664254413939681
-4.664252968997597
-4.664251244328452
-4.6642547539277075
-4.664253536016807
-4.6642522475778065
-4.664250744641465
-4.664250050700268
-4.6642485569803895
-4.664247907549027
-4.664248019653922
-4.664246659623008
-4.664246611088347
-4.664245766989887
-4.664244472731187
-4.664243620488358
-4.664244382991594
-4.664242927801031
-4.664241171132438
-4.66423968332341
-4.664239476775433
-4.664240787052359
-4.664241499832454
-4.664239835167795
-4.664238991057477
-4.664240110792001
-4.664239641698727
-4.664238242379984
-4.664240282014813
-4.664239288325013
-4.664240377098911
-4.664239697350808
-4.664237944693603
-4.664237625315919
-4.664237424637812
-4.6642358243573225
-4.664237991408525
-4.664240622790133
-4.6642426252936255
-4.66424153135403
-4.6642425999169275
-4.664240790146608
-4.664239805442025
-4.6642387367876275
-4.664238127384042
-4.664237447188644
-4.664239847021096
-4.664239516858686
-4.664240956623448
-4.66423921610582
-4.664238046477156
-4.664236396954903
-4.664237048798052
-4.664239457427622
-4.664238399763035
-4.664237021119105
-4.664236444183168
-4.66423489398756
-4.664236000573371
-4.664234232347733
-4.664233609012305
-4.6642323536654615
-4.664231540080695
-4.664230164488251
-4.664229412380014
-4.664229496496445
-4.664231055442537
-4.664229492393094
-4.664231652857056
-4.664233029860329
-4.664235150887586
-4.6642344927313735
-4.664233821143074
-4.66423374974551
-4.664232966608167
-4.66423334814175
-4.66423306547404
-4.66423207775039
-4.6642307363948134
-4.664230558533723
-4.664230579046206
-4.664229165853474
-4.664229062871708
-4.664228368818382
-4.664227088092719
-4.6642259450220624
-4.66422530789029
-4.664228768913597
-4.664229286988961
-4.664229471130608
-4.664228356988852
-4.664226606395552
-4.664226665889245
-4.664224986543023
-4.664224522671461
-4.664228317438972
-4.664228258836882
-4.664233652094175
-4.664233557515171
-4.66423461558193
-4.664233692823359
-4.6642321730782665
-4.664234394628262
-4.664232744701422
-4.66423688911477
-4.664235615586181
-4.6642357358333255
-4.664234052139489
-4.664232629364481
-4.664233301847506
-4.664231541504221
-4.664231623820512
-4.664230060991372
-4.664231145731692
-4.664230237676086
-4.664228650999956
-4.664228718419857
-4.66422705810783
-4.6642260662699915
-4.664225587339371
-4.664223854256759
-4.664223159368401
-4.664224548011175
-4.664224444158311
-4.664224714918082
-4.664223438065828
-4.664223530561479
-4.664222365750127
-4.664221327203281
-4.664221790096251
-4.664220547128787
-4.664221437612216
-4.66421970888336
-4.664219999592765
-4.664218827858886
-4.664217439346241
-4.664216825033117
-4.664217021583212
-4.664216355849365
-4.66421806473558
-4.66421636450121
-4.664215451092912
-4.664217219891264
-4.6642174722267
-4.664221417862875
-4.664219837897461
-4.6642211005906855
-4.664219508684912
-4.664218944329031
-4.66421940867061
-4.664222626769833
-4.664221137593217
-4.664219778517713
-4.664222034278469
-4.664220439551448
-4.664220228072021
-4.664221794048271
-4.664224762576861
-4.6642233544856175
-4.664222933095148
-4.664223143745909
-4.664223112643715
-4.664221669778032
-4.6642226363425054
-4.66422090873435
-4.6642207895798
-4.664220863666223
-4.66422227825059
-4.664231552669148
-4.6642302609525
-4.664230088919893
-4.664230025589469
-4.66423152577087
-4.664231415008428
-4.664233008179837
-4.664231710555469
-4.664232127520451
-4.664232627340907
-4.664232750933985
-4.664231456504336
-4.664232632688743
-4.664231084740013
-4.664229438959159
-4.664228123098725
-4.664227846234124
-4.6642287262751605
-4.66423011446129
-4.6642317244759335
-4.664230004431611
-4.664230746341075
-4.664232182136816
-4.664232132870342
-4.664233323280781
-4.66423677569508
-4.664240659340307
-4.66424493455098
-4.66424487670596
-4.66424365021747
-4.664242228357348
-4.664241540221056
-4.664240801872095
-4.664239068177372
-4.664238052357232
-4.664237334838781
-4.664237351266641
-4.664236049536747
-4.664237142097759
-4.66423569505271
-4.664234107560081
-4.6642328379584095
-4.664235499298688
-4.664235011912642
-4.6642370282730825
-4.664235747555009
-4.664234949971062
-4.664233535746386
-4.664233016498524
-4.664233308048273
-4.664244592297219
-4.664243043761833
-4.664242664454406
-4.664240962549721
-4.664241994292577
-4.664241680311213
-4.664240917156203
-4.664240910107681
-4.664240289637723
-4.664239519743843
-4.664241285430337
-4.664239694883951
-4.664241384317241
-4.664239822780734
-4.66424172669988
-4.66424063447478
-4.6642408932652675
-4.6642437559991246
-4.664242609141636
-4.664243965926412
-4.664243033469611
-4.664241861560179
-4.6642403686294225
-4.664240970308164
-4.664239355407107
-4.664238448227641
-4.66423829524689
-4.664237061046218
-4.664235584523244
-4.66423513857692
-4.664234886708906
-4.664234185345398
-4.664236391489523
-4.6642368552773155
-4.664235648840048
-4.664234556240635
-4.664233346803501
-4.664232698234378
-4.664232905292413
-4.66423291727858
-4.664232502591859
-4.664232353297474
-4.664231933163793
-4.664230221693672
-4.664229855555401
-4.66422982756868
-4.664229111932208
-4.664235503581559
-4.6642351854683
-4.664234839469041
-4.664233346258403
-4.664232697383651
-4.664231434868454
-4.664230636787647
-4.664229580659001
-4.664228319722437
-4.664230609324888
-4.6642297500576495
-4.664230767831704
-4.664230746017302
-4.664229306004494
-4.66423056050135
-4.6642319098376674
-4.664231104183249
-4.664229637968562
-4.664229934367313
-4.6642294368742405
-4.664228213209378
-4.664227856120745
-4.664229862679551
-4.664230422597292
-4.664233866395997
-4.664233353178599
-4.664232892304545
-4.664233931907719
-4.6642348041206665
-4.664234639237506
-4.664233940217142
-4.664232267308491
-4.664233239809777
-4.664232349422653
-4.664230817336094
-4.664230248447018
-4.664229111938063
-4.6642291110748655
-4.664227660724845
-4.664226071014576
-4.664224403198654
-4.664223863611207
-4.664223107471876
-4.66422320423677
-4.664222396067691
-4.664223142420998
-4.664223908210278
-4.664223151372922
-4.664222517557618
-4.664222692027744
-4.664227994583326
-4.664228442995873
-4.664226903341151
-4.664226377134352
-4.664224772626286
-4.664224377435229
-4.664223528556789
-4.664222049288066
-4.66422669210284
-4.664225915686779
-4.664225476376102
-4.664223891555601
-4.664223102937031
-4.664221418568373
-4.664227723043688
-4.664228643037829
-4.664231842906795
-4.664230838772001
-4.664229639229464
-4.6642287225465004
-4.66422807988081
-4.664228293192479
-4.664226731072461
-4.664225985738598
-4.664224950463321
-4.664224803513174
-4.664225609356616
-4.664224372277476
-4.664224744214373
-4.664223098811361
-4.664224427961606
-4.664226560456402
-4.664228680923753
-4.664231506934198
-4.664235684520027
-4.66423488419065
-4.6642338431232195
-4.664236726191186
-4.664236549125316
-4.664235491919943
-4.664234411916081
-4.664234679762413
-4.664236190345592
-4.664239789444484
-4.664242967769826
-4.664242525721994
-4.66424256855833
-4.664243973098659
-4.664242645440099
-4.664245098087133
-4.664244481190932
-4.66424292048508
-4.6642444567744015
-4.664244710360615
-4.664243486727408
-4.664242325234228
-4.664243324732157
-4.664245818425487
-4.664246758860602
-4.664245087020212
-4.664246035177677
-4.664248216026113
-4.664251336764883
-4.664254796679867
-4.664253370655459
-4.664254496645718
-4.664255898434077
-4.664257513352064
-4.664256642561732
-4.664255807113157
-4.664254874203469
-4.664254306262479
-4.664253729595949
-4.6642539478815985
-4.664252746624595
-4.664252411851112
-4.664251646943513
-4.6642501137930354
-4.664251686082276
-4.664250792912329
-4.66425094147549
-4.664251661457905
-4.664249983335963
-4.664252134689497
-4.664250723870362
-4.664250262083276
-4.664248699998715
-4.664251718900191
-4.664250847028841
-4.664250050466062
-4.66425099862169
-4.664251177231007
-4.664250474277519
-4.664249201542396
-4.664248362145449
-4.664246818131027
-4.6642451995771035
-4.664247739537156
-4.664247782097773
-4.664247341848692
-4.66424639325136
-4.664246338232896
-4.664245377778393
-4.664245513742382
-4.664254370055455
-4.6642563633758565
-4.664254810877252
-4.664256865588146
-4.664257707281865
-4.664257580497641
-4.664256552657388
-4.6642550947162515
-4.664255222788579
-4.664253982502184
-4.664253134645687
-4.664251586417042
-4.66425027412593
-4.664249739023744
-4.664248723910611
-4.664248650483414
-4.664247313187186
-4.664248512681811
-4.664249003430294
-4.664252945346015
-4.664255289057218
-4.664253952164638
-4.6642541582779575
-4.664254049092041
-4.664256598864043
-4.664256078009743
-4.664255176619445
-4.664255876579444
-4.664254288663233
-4.664253701357193
-4.664253033910605
-4.664253103290611
-4.66425177371817
-4.664251022457875
-4.664253897331886
-4.664254640905356
-4.664253158770702
-4.664253164719095
-4.664251999123105
-4.664252606435063
-4.6642512244225145
-4.66425546296269
-4.664254845454018
-4.664253196578954
-4.6642545311397114
-4.664252881740312
-4.664254593473356
-4.664254651708268
-4.664255030133644
-4.664254984395392
-4.664254465825109
-4.664253565579548
-4.664253108679614
-4.664252034878129
-4.664250945674781
-4.664250324697319
-4.664249544335361
-4.664248003884442
-4.664246884557436
-4.664246081001658
-4.664249014784842
-4.664249883317369
-4.664249126084758
-4.664250333951876
-4.66424954130619
-4.664250239380539
-4.664249286049092
-4.664253600130983
-4.664253323227163
-4.6642556535903115
-4.664262682134724
-4.664262038781499
-4.664260528532003
-4.66426176305755
-4.664260672454202
-4.664259590006992
-4.6642584058841505
-4.664257565855366
-4.6642577057206465
-4.664257449878998
-4.664261042509169
-4.664261698045678
-4.6642695377778525
