PEL Ensemble Cumulative Energies at T*=0.725
-6.477191511708043
-6.478767526455069
-6.47944497969329
-6.4796329829001635
-6.4802993778966025
-6.480264073047654
-6.480308526694573
-6.480410241846284
-6.48045787832913
-6.4804530716819455
-6.480641363902484
-6.480667114192791
-6.480626650978019
-6.4806042280037355
-6.480623335967239
-6.480887057958441
-6.480876374328965
-6.48083484051946
-6.480818629436544
-6.480787610052708
-6.4809074275272875
-6.480918702973151
-6.480914719779442
-6.480913788011499
-6.480907567921048
-6.480913080904457
-6.480883796132466
-6.480877148889255
-6.480894954528459
-6.480904805064733
-6.480882918802968
-6.480867405178138
-6.4808986235912975
-6.480884992291219
-6.480865856545367
-6.480896038930564
-6.48089228210566
-6.480889291231779
-6.480977264549564
-6.480956896713697
-6.481008303998354
-6.4810906405377375
-6.481101055942252
-6.4810786908211675
-6.481083480005314
-6.481067020903992
-6.481060389578307
-6.481071586791988
-6.481188612738658
-6.481188826275281
-6.481203922260593
-6.481202185417004
-6.481212418917671
-6.481279680872113
-6.4813148167616825
-6.481329849155878
-6.481373858654794
-6.481437330611792
-6.481424435609509
-6.481430345834154
-6.481426961991453
-6.481432959590499
-6.4814197062177605
-6.481408820587571
-6.4814022182703255
-6.48140719553202
-6.481541515155736
-6.481557772073557
-6.481553719112908
-6.481540592708311
-6.4815349039083445
-6.48153015452135
-6.4815431526347576
-6.48152383589113
-6.48152883239579
-6.481550704846972
-6.481572210418276
-6.481556132563071
-6.481564677035267
-6.481552563736807
-6.481535752638791
-6.481547098872279
-6.481542796777542
-6.48153826820285
-6.481548121300799
-6.48155148093615
-6.481538746917128
-6.481527573301201
-6.481529628611298
-6.4815883776080545
-6.48157615300757
-6.481565457083408
-6.48156592876005
-6.481561598465149
-6.481641562620877
-6.4816610087083655
-6.481646852179318
-6.481636317708255
-6.481628074510964
-6.481619337141856
-6.481698215185157
-6.481693225421785
-6.481776847773512
-6.481761795610536
-6.4817510036218975
-6.48177152809282
-6.481757736583137
-6.4817569863383255
-6.481749460170194
-6.4817687979152225
-6.481761990055858
-6.481757573502494
-6.481761770849057
-6.481760073134789
-6.481746189161888
-6.481735579645895
-6.481749743961325
-6.48175536556993
-6.481770687355174
-6.481786054608282
-6.48177960153437
-6.481820034117748
-6.48181362198192
-6.48180858877542
-6.481798700092501
-6.481788369075311
-6.481820428161826
-6.481819101512478
-6.481817537133706
-6.481824756971883
-6.481854162372828
-6.481857241256335
-6.481893535038603
-6.481890140794976
-6.481882306096129
-6.481870056820141
-6.4818590484013905
-6.481856167685924
-6.4818712843673945
-6.481874893866898
-6.481864400374461
-6.48186003457309
-6.481853280443054
-6.481848195307571
-6.481847142270458
-6.481857844632319
-6.4818528524319845
-6.481905508322964
-6.481922736557335
-6.481910796021178
-6.481919826381475
-6.481912593758224
-6.481948543506962
-6.4819445950968335
-6.481939336445283
-6.481944873683314
-6.481936886976934
-6.48194837563471
-6.481949275756771
-6.481950745367382
-6.48194300244918
-6.48194637932538
-6.481942573810297
-6.481941545964463
-6.481949166930992
-6.481965849202447
-6.481971998048432
-6.48196702886709
-6.481960496658031
-6.481977311706944
-6.482101454317656
-6.482105932685462
-6.4821387463916915
-6.48212968806875
-6.4821367369222145
-6.4821266770298935
-6.482139131280654
-6.482155458354531
-6.482174491484462
-6.482173418092234
-6.4821621319257465
-6.482156884249687
-6.482147214315622
-6.482140024994556
-6.482150905764539
-6.482143666169986
-6.482133517875335
-6.482124757965025
-6.48214194238504
-6.482163715479116
-6.4821618336096565
-6.482154377160097
-6.482153130193427
-6.4821481429184225
-6.482164473005263
-6.48216394211305
-6.482173575957096
-6.482200883250662
-6.482208472707972
-6.482204609478219
-6.482195660557719
-6.48218581977402
-6.482184526026913
-6.482191561892836
-6.48218714030622
-6.482198545753619
-6.482205789826316
-6.482205165134436
-6.482197747611527
-6.482220384100588
-6.482253254689945
-6.482262605781922
-6.482276290810576
-6.482269636609351
-6.482273772099277
-6.482288354742621
-6.482285681413975
-6.482285673893285
-6.482286904651947
-6.48228134091605
-6.482296643843875
-6.482289795845529
-6.482281212562946
-6.482278320469689
-6.482276133602155
-6.482272613064201
-6.482272255141424
-6.482273092066471
-6.482279679111306
-6.48227381765387
-6.482277172366361
-6.482272851796311
-6.482265555039475
-6.482262295769602
-6.482272867101037
-6.482266359550374
-6.482264523042165
-6.482268324010488
-6.482269474765468
-6.482262449370771
-6.4822613708127
-6.4822649930742
-6.482263100190486
-6.482280457637232
-6.482298116100764
-6.482308137605394
-6.482302918677875
-6.48230618927172
-6.482315149855963
-6.482326739469436
-6.482320173778782
-6.48231252697482
-6.482304046714476
-6.482298291984376
-6.48229247953566
-6.4822865671515775
-6.48228404216724
-6.48229738199201
-6.482290922639446
-6.482305728975614
-6.482297516118146
-6.482289076234332
-6.482297753633235
-6.482306283471609
-6.482300494623646
-6.482328778877863
-6.482325825330537
-6.48232250874853
-6.482316737601088
-6.482312977361065
-6.482309811126998
-6.48232012943139
-6.482316219233346
-6.482309914322013
-6.482336528960447
-6.482332957714779
-6.4823278233112065
-6.482328867708175
-6.482321986883262
-6.482351861840423
-6.4823555384820075
-6.482353233665222
-6.482359151904794
-6.482352946760986
-6.482368709327718
-6.482364930418426
-6.482358097827428
-6.482371973808892
-6.482366176244041
-6.482360449414083
-6.482373264981215
-6.482369478005591
-6.482370896519037
-6.48238249138576
-6.4823762266224
-6.482370963783593
-6.482374882696188
-6.48237257160847
-6.4823705711017805
-6.482371936328581
-6.482384812939139
-6.4823861949190515
-6.482395965045807
-6.4823915815445785
-6.48238685174682
-6.482387568661297
-6.482400281828001
-6.4823936242091715
-6.482390517063895
-6.482389466042932
-6.4824078907724525
-6.482404530402844
-6.482397148885325
-6.48239269409925
-6.482387791121583
-6.482385442251435
-6.482382731864354
-6.4823815136765575
-6.482379233298697
-6.482401097470555
-6.482395830966569
-6.482389403107851
-6.482432863953918
-6.48244300696921
-6.482443844668538
-6.482436652931583
-6.482438533840694
-6.482432074872604
-6.482435107922021
-6.482439299925875
-6.482437393070967
-6.48243051339979
-6.482426789596461
-6.482420527352237
-6.482423255978428
-6.482428729370941
-6.482425767534119
-6.482420900445486
-6.482415468122489
-6.482420311683363
-6.482415327906701
-6.48242068621528
-6.482414783760283
-6.482410341651094
-6.4824188862590875
-6.482420263598885
-6.482417500854888
-6.4824243414123455
-6.4824229838029686
-6.482422988286726
-6.482438406545209
-6.482436930661321
-6.482430315586838
-6.4824258409314925
-6.482427134338412
-6.482426848184151
-6.482430454058499
-6.482425008518245
-6.482420925557069
-6.482425213008891
-6.482421896861038
-6.482418740567959
-6.482431736137207
-6.482427307283763
-6.482424735111611
-6.482426034258808
-6.482420152298445
-6.482413945981272
-6.482408656179433
-6.482414630998127
-6.482409776665531
-6.482408447030207
-6.482402875834857
-6.482399427081996
-6.482394022389019
-6.482394788536872
-6.482389772600564
-6.482384376661073
-6.482387494533438
-6.482381656970682
-6.482382057012034
-6.4823849485875105
-6.482386963481188
-6.482382012171982
-6.482379674530919
-6.482378445037749
-6.482380460415864
-6.482383317473844
-6.482384355450648
-6.482388947059436
-6.482388080039109
-6.482391459430926
-6.482390561646455
-6.482398237442681
-6.482400921736076
-6.482411108851585
-6.482411649455171
-6.482407516355397
-6.482418242323506
-6.482433708308344
-6.482428478687426
-6.482426335457347
-6.482424385279141
-6.482430492195514
-6.48242954559944
-6.48242489299572
-6.4824319370134384
-6.4824266062981035
-6.482423438181437
-6.482428099287064
-6.482424213634506
-6.48241916994871
-6.482415708641516
-6.4824113324125445
-6.48242767140201
-6.482423205163889
-6.482424328198526
-6.482422007809574
-6.482419366581233
-6.482415343421607
-6.482414997685028
-6.482415988197287
-6.482412140396715
-6.482415826649262
-6.482430008874817
-6.48242489620894
-6.482423144518984
-6.482419462681853
-6.4824215568535575
-6.48242145624785
-6.482458434572142
-6.482458951331262
-6.4824622469825375
-6.482459211514038
-6.482464730241956
-6.482464497903815
-6.482461698187594
-6.482456847453422
-6.482455159398855
-6.482456823131985
-6.482459363339497
-6.482458329283013
-6.482474735912536
-6.482476079069143
-6.482474155141841
-6.482480670714361
-6.482489141926937
-6.482487340825382
-6.482484018669312
-6.482481009615958
-6.482481233479
-6.4824794181518754
-6.482476202892016
-6.482471808833256
-6.482467848973723
-6.482465811172509
-6.482463102183625
-6.4824656450749645
-6.4824806250732605
-6.482481003755925
-6.482476494520571
-6.4824772465938905
-6.4824866576487965
-6.48248410785857
-6.482479758469068
-6.482481777900216
-6.482482557279841
-6.482480218814829
-6.4824760104892185
-6.482472245608661
-6.482470408311049
-6.482468758233584
-6.482467445893242
-6.482486467135731
-6.482487220423708
-6.482490910997194
-6.482488755249861
-6.482486110963025
-6.482481127290306
-6.482481216149557
-6.4824777613097995
-6.482476987376353
-6.482480302972085
-6.482481131360752
-6.482477049852458
-6.482474898783808
-6.48247299910679
-6.482488852085578
-6.482490543914652
-6.482489684815364
-6.482487075736553
-6.482510680524887
-6.482506867445287
-6.482503282848751
-6.482501003172968
-6.482497409059373
-6.482493296378508
-6.482488540027674
-6.482485024843956
-6.482481277596938
-6.482479531538173
-6.482476180506216
-6.482478198111776
-6.482475127240007
-6.482473859133715
-6.482497782347741
-6.482495629066997
-6.482497592533333
-6.482502531439343
-6.482499918469098
-6.482495533927226
-6.482492442855939
-6.482495261770544
-6.482496079678419
-6.482493194050003
-6.482488547463682
-6.4824871808116145
-6.482485576255616
-6.48248738203035
-6.4824983723788145
-6.482499727998166
-6.482496852771687
-6.482492573803981
-6.482490624454012
-6.482488972623638
-6.482487573079682
-6.482484096932597
-6.482480458543202
-6.482480505761341
-6.482478198246632
-6.482481023561326
-6.482480994231956
-6.4824838096053945
-6.482481573532878
-6.482480898961663
-6.482477141032796
-6.482477848876076
-6.482480952989328
-6.482477588430058
-6.482473177278453
-6.482473140953245
-6.482472842999924
-6.4824709763203305
-6.4824736131862135
-6.482472641640866
-6.482472258944399
-6.482470364457946
-6.48247365886806
-6.482475238815491
-6.482472144759864
-6.482469421371095
-6.4824668935727185
-6.482469754518489
-6.482470485302952
-6.482468917542245
-6.4824700060351566
-6.482466221365591
-6.4824678696108124
-6.4824722856062404
-6.482473095913578
-6.482472698221146
-6.482468862393591
-6.482468831004176
-6.482467410222793
-6.48246376783219
-6.48246894025973
-6.48248325554668
-6.482487328201439
-6.482487355494627
-6.4825080994962185
-6.482514296277427
-6.482520853517422
-6.482518627063826
-6.4825167269262804
-6.482513767738087
-6.4825096645701485
-6.482507721567639
-6.482508602749327
-6.48250730622441
-6.482504961122932
-6.48250125489151
-6.482508477845219
-6.482514615243799
-6.4825115187713696
-6.482507711810564
-6.482508029714472
-6.4825057162847095
-6.482511582543949
-6.482509184001879
-6.482511345959351
-6.482512385638633
-6.482511359054902
-6.482516575766852
-6.4825162049888805
-6.482512655391143
-6.482522408269636
-6.482525528053257
-6.482531203696133
-6.482528529727588
-6.482551178064787
-6.482547104634493
-6.482545868990656
-6.48254786913667
-6.482548223866596
-6.482545425064294
-6.4825464344189125
-6.4825462724615734
-6.482543656972715
-6.482550526948198
-6.482549887242394
-6.482549398107722
-6.4825564907904765
-6.482553582882728
-6.482552125794809
-6.482550757951636
-6.482548713315026
-6.482546081882908
-6.482547686876239
-6.482544876998688
-6.482544448790537
-6.482542200521204
-6.482539259048182
-6.4825430143602425
-6.482542640474108
-6.482548796101085
-6.482545367319544
-6.48254285494503
-6.482538949253847
-6.48254605189952
-6.482548124773803
-6.482546388562465
-6.482546135235716
-6.482545062503045
-6.482543340044674
-6.482540166966837
-6.4825399708642815
-6.482537874004998
-6.482540519185425
-6.482547137118806
-6.482545053644401
-6.482543570038406
-6.4825398677929575
-6.482542430482497
-6.48253980567887
-6.48254962874238
-6.482548815182542
-6.482549041445179
-6.482546553813479
-6.482543921736037
-6.482544955307769
-6.482545337808666
-6.482542622874919
-6.482538904885021
-6.482540366083319
-6.482537689419727
-6.4825365432331665
-6.482533280715709
-6.482533333341912
-6.4825349746622685
-6.482540293972294
-6.482536822854395
-6.4825334712584315
-6.482533721009187
-6.4825330762405535
-6.482530952398981
-6.482527338583681
-6.4825254579623195
-6.482532055871357
-6.482528898195094
-6.482531592949549
-6.482528005975738
-6.482528966780167
-6.48252585251737
-6.482526840866416
-6.482524896675641
-6.482526042978491
-6.48252905873341
-6.482526193472798
-6.482523700043729
-6.482523328900434
-6.482520318918487
-6.482518823919453
-6.482521771195951
-6.482518301149123
-6.482526842797634
-6.482525978744203
-6.482524127059877
-6.48252149357118
-6.48251795313515
-6.482523539364799
-6.482523991082116
-6.482520986563894
-6.482518590185691
-6.482521776592233
-6.482519905570721
-6.482516460810385
-6.482515570206348
-6.482520141517717
-6.482517615287773
-6.482521472993935
-6.482518867413066
-6.482520597555325
-6.482521407448865
-6.48252024224389
-6.482518096684519
-6.482520100460621
-6.482522280909102
-6.482519692661402
-6.4825237699982114
-6.482530232253239
-6.4825290424148285
-6.482525624432665
-6.482526356607224
-6.4825257928309465
-6.482537824375564
-6.482539082752725
-6.482536277787456
-6.482535415398014
-6.482537209563882
-6.482537856198129
-6.48253681354278
-6.482536740698099
-6.482534291731021
-6.4825334633788385
-6.482530719194666
-6.482533917061751
-6.482538278846061
-6.482538973776313
-6.482539814710099
-6.482558283651554
-6.482555865331073
-6.482552850026378
-6.48255701026298
-6.482572001897527
-6.482575334082543
-6.482576749921274
-6.482575419822031
-6.482575080533619
-6.482575515492339
-6.482573540416388
-6.4825731848547
-6.482573781669731
-6.4825704499610595
-6.482572365216826
-6.482570887873641
-6.482575808375527
-6.482574843454903
-6.482580190922439
-6.482577522946313
-6.482576430672592
-6.482579056342845
-6.482589727030031
-6.482587540354199
-6.482585766016019
-6.482589214655974
-6.482588689564189
-6.482586677495657
-6.482585417459448
-6.482592211308382
-6.4825892266275895
-6.482599837126555
-6.482598797813939
-6.482600607574058
-6.482598241796233
-6.482601948744545
-6.482599709133207
-6.482598868155652
-6.48259583018137
-6.4825929305479635
-6.482589905358665
-6.48258963275328
-6.482589906460175
-6.482596737457716
-6.482595342357505
-6.482592173151364
-6.482590506889427
-6.482587834040329
-6.482591180195643
-6.482588451624313
-6.482587068504106
-6.482588591077774
-6.482586695998122
-6.482583730530445
-6.4825819424710165
-6.482580588834298
-6.4825774466894215
-6.482574314161897
-6.4825726750108075
-6.482571588603759
-6.482571222576186
-6.482568226995276
-6.482565854596623
-6.482565294055859
-6.482563639568648
-6.482572143950865
-6.482569096799947
-6.482568357533804
-6.482565903950125
-6.4825700958372625
-6.482567158516142
-6.482565242802904
-6.482572605891157
-6.482580571127338
-6.482579273493137
-6.482577576548717
-6.4825758558366555
-6.482573237683854
-6.482572443773986
-6.482570491810237
-6.482570967913825
-6.48256871567263
-6.482567324063078
-6.482567674708019
-6.482570075315993
-6.48256950763519
-6.4825723193192095
-6.482571823913204
-6.482571982541174
-6.482569766521375
-6.482569059048795
-6.482572202924841
-6.482571668030246
-6.482572571165454
-6.482573471538537
-6.482571082703397
-6.482568394699232
-6.4825666291228945
-6.482565374219707
-6.482566761386321
-6.482565227287187
-6.48256871794398
-6.482566588613976
-6.482564313364722
-6.4825614461184875
-6.482563760075575
-6.482566015012742
-6.4825647287491455
-6.4825634011629205
-6.482562825381889
-6.482565997806039
-6.48256707357763
-6.482566634499259
-6.482565933812108
-6.482566863322857
-6.482565011412234
-6.482564061648241
-6.4825626614824525
-6.482563363296075
-6.482561564787741
-6.482559562049722
-6.482556837548344
-6.482554446433648
-6.482552416576809
-6.4825508570418515
-6.482550557092249
-6.482548817897237
-6.4825485188172385
-6.4825473301277885
-6.4825447649467645
-6.482544041781107
-6.482543600537935
-6.482540764671882
-6.482545639329884
-6.4825429395275584
-6.482542392703937
-6.482539818624327
-6.4825370820669574
-6.482535278945995
-6.482533352080382
-6.482530991851202
-6.482533647303871
-6.482533010395243
-6.482530487498581
-6.482532605029519
-6.482532275088917
-6.482531464232138
-6.482530576744016
-6.482531719879999
-6.482530516307241
-6.48253293038546
-6.482539882862334
-6.482541148059287
-6.482543406701287
-6.482543342734052
-6.482544458510412
-6.482546746195367
-6.482544186362837
-6.4825423072430866
-6.482542529014285
-6.482540089472138
-6.4825408192292215
-6.482538457743148
-6.482540486849793
-6.48253969882272
-6.482539554454766
-6.482537407836054
-6.4825397495885175
-6.482541039218205
-6.482539312976655
-6.482539487904853
-6.482537211677371
-6.482536966364152
-6.482536685219001
-6.482536460925661
-6.482534621663365
-6.4825322232247755
-6.482537258226798
-6.4825372222272355
-6.482541821904193
-6.482539348313755
-6.482539632683198
-6.482541526119654
-6.482539061026219
-6.482539113917608
-6.482539256969991
-6.482540940467094
-6.482540492667971
-6.482540109861906
-6.482539070948225
-6.482539579899003
-6.482539106937244
-6.48253644572982
-6.482536956928881
-6.48253590608588
-6.48253365346543
-6.4825342151496885
-6.4825506320906285
-6.482548838432794
-6.482549829705171
-6.48254819516343
-6.482551387713909
-6.482549946147808
-6.482551475068896
-6.482549673020939
-6.482547215264769
-6.4825594288514
-6.482557083764259
-6.482554978347706
-6.482557355243133
-6.4825564338262005
-6.482554459328648
-6.482553253394695
-6.482551584441039
-6.482549670474019
-6.482547081469843
-6.482545365604267
-6.4825441366513346
-6.482555867204708
-6.482555126095393
-6.482553933185196
-6.482557948134562
-6.4825574244461555
-6.48255620227403
-6.482554707269899
-6.482552597742654
-6.482551796520878
-6.482554984521998
-6.482553470801049
-6.482551287465724
-6.482549637756882
-6.482548391562851
-6.482546523963557
-6.482544997347196
-6.482547317407069
-6.482547086112207
-6.482547637720309
-6.482545570785728
-6.482543030167154
-6.482544267857653
-6.482542762459752
-6.482540613719924
-6.4825468942361155
-6.4825454581498825
-6.482543756778879
-6.4825428198514965
-6.4825427443692
-6.482541746103197
-6.482540544850365
-6.482545427535089
-6.48254312421929
-6.482542962524824
-6.482540766415184
-6.482538448144959
-6.482536845605345
-6.482538706379408
-6.4825397426612605
-6.482537558510878
-6.482537186302474
-6.482536872509665
-6.482535785573134
-6.482533509436611
-6.482531611005039
-6.482530866859928
-6.482532415134244
-6.482530802680269
-6.482528885945818
-6.482527508708462
-6.482530017578188
-6.48252823822486
-6.4825273402985655
-6.482526845222658
-6.482528645787721
-6.482527202770507
-6.482525561502266
-6.482526167525272
-6.482524683654291
-6.48252352155623
-6.482521694140612
-6.482521120575792
-6.482518840371296
-6.48251654381374
-6.482518964664585
-6.482527111123386
-6.482527308808326
-6.4825255639573705
-6.482524437241977
-6.482528816542511
-6.482537847155302
-6.4825394019549085
-6.482557677887009
-6.48255764690229
-6.482559770077584
-6.482559533384674
-6.482557225123896
-6.482556444217945
-6.482556285683287
-6.482558264843805
-6.482561945817049
-6.482563367073603
-6.482561267961229
-6.482563763458728
-6.482565722523424
-6.482569007518109
-6.482567043158572
-6.482564699320539
-6.482565069140262
-6.48256397428316
-6.482561958753742
-6.482563456433485
-6.482561697240829
-6.482560135494538
-6.482558627367641
-6.48255931799284
-6.482560280879489
-6.482558025321453
-6.482558018479991
-6.482555743819712
-6.4825569417650675
-6.482555080574166
-6.482554410070434
-6.482555722894628
-6.482555873738074
-6.4825554046801095
-6.482553122217026
-6.482551676602947
-6.482553764385346
-6.482553246330041
-6.482555298337865
-6.4825532012373115
-6.482552003647455
-6.482549801962573
-6.482550012373773
-6.482549312406001
-6.482547310524579
-6.482551502742871
-6.482551431371517
-6.482552163213751
-6.482552082949762
-6.4825543329450825
-6.4825556847546535
-6.482557521747702
-6.482556408566133
-6.482558697936245
-6.482556515887528
-6.482557660810445
-6.482561056945953
-6.482559716608856
-6.482564000944435
-6.482572424062154
-6.482571008158822
-6.482568863571211
-6.482574045559392
-6.482572421360738
-6.482571873451619
-6.482569689074123
-6.482569027864437
-6.48256681093695
-6.482567606001247
-6.482568456452678
-6.482567151385185
-6.4825652268691965
-6.482566440416886
-6.482565641859733
-6.4825652460851995
-6.482564853757688
-6.482565765403135
-6.482564830662581
-6.482567540687163
-6.482565303003079
-6.482571369555726
-6.482577584998952
-6.4825766248706325
-6.482575718978625
-6.482574622418655
-6.4825735234319755
-6.482571632483009
-6.482569504374134
-6.482570980759912
-6.482569156914005
-6.48256813312534
-6.482568894928739
-6.482570113109029
-6.482570325400348
-6.4825690784431975
-6.482572153982755
-6.48257375829804
-6.482573117548269
-6.482572309286801
-6.48257101628157
-6.482568917928914
-6.482568570386988
-6.482570835241335
-6.482568804906526
-6.4825670969717875
-6.482565995787389
-6.482564527150142
-6.4825669849422205
-6.482566596741477
-6.482565226220006
-6.48256547766845
-6.482564160860388
-6.482562312094965
-6.48256459599047
-6.482564594535427
-6.482562506638571
-6.482561142293886
-6.482559344618504
-6.482558385488235
-6.482560780995909
-6.48255872382532
-6.482560088171553
-6.482559376848336
-6.482560234322174
-6.482567810065048
-6.482565999652306
-6.482568142744027
-6.482568780488854
-6.482568449865218
-6.482568709586517
-6.4825683287145806
-6.482566802935645
-6.4825646852281995
-6.482562712215979
-6.482561068727303
-6.482560053289537
-6.482561576790352
-6.4825620011574205
-6.48256346442587
-6.4825632456596125
-6.48256151848782
-6.48255975211496
-6.482561801315627
-6.482560814278092
-6.482559648601984
-6.482560491763729
-6.482561494662304
-6.482561128755289
-6.482559023218638
-6.482558112496578
-6.482556413251854
-6.482554722740437
-6.482554180011007
-6.482553845459047
-6.482556487547702
-6.482555120628264
-6.482556928354652
-6.482557529987233
-6.482558731579788
-6.482557318538324
-6.482555276072049
-6.482554185760588
-6.482559887742195
-6.48255789706406
-6.482563441783085
-6.482561645056049
-6.482562853184085
-6.482565847965958
-6.482565558866515
-6.482565023156879
-6.482563176470101
-6.482561907113894
-6.48256006867264
-6.482564864248662
-6.4825634940907895
-6.482564727714068
-6.482564543134674
-6.482563262704258
-6.482561947741545
-6.482561407306407
-6.482559602088817
-6.482558122064388
-6.482556196538711
-6.482554728320107
-6.4825579481784015
-6.4825593198361995
-6.482564875892968
-6.482564370784781
-6.482564931508174
-6.482564415041191
-6.4825658058493545
-6.482564771484749
-6.482563168668773
-6.48256386471787
-6.48256237250744
-6.482561796945021
-6.48256029852617
-6.482559239903547
-6.482558719800791
-6.482559988326593
-6.48255963875296
-6.482558917029482
-6.482559611063362
-6.4825611393222635
-6.482560437476674
-6.482559738110694
-6.4825588332032655
-6.482557532602511
-6.482557648055347
-6.482560968573142
-6.4825592306302795
-6.482559154890696
-6.482558234421688
-6.48255780528149
-6.48255888460527
-6.482560126183109
-6.482558417561711
-6.4825644657639545
-6.482564025006976
-6.48256210900105
-6.482562557433177
-6.482562661916849
-6.48256251955685
-6.482560975142474
-6.482559867316494
-6.482560799861356
-6.482563022464212
-6.482563374127085
-6.482561513870955
-6.482562862989946
-6.482562136383742
-6.482565428896462
-6.482573709770669
-6.482572593291977
-6.482570985407634
-6.482577650238394
-6.48257698383569
-6.482575698930771
-6.482573885453988
-6.4825725364068525
-6.48257125469958
-6.482569333073051
-6.482573150864472
-6.482572769590627
-6.482574337808668
-6.4825796998151555
-6.482580881827539
-6.482583427947569
-6.482582110856418
-6.482580288088422
-6.482583321480881
-6.482582189224494
-6.482582499918279
-6.48258069625321
-6.48257911477095
-6.482582333065539
-6.482580578858819
-6.482580421191161
-6.4825793561204605
-6.482587429047536
-6.482585855283814
-6.482586015204257
-6.482590521047826
-6.48258882849164
-6.482588431954213
-6.482587031616766
-6.48258631632721
-6.48258825988981
-6.482586709699347
-6.482584996232177
-6.482587090060835
-6.482586645054583
-6.482586952698593
-6.482585862052649
-6.482585949200623
-6.482584377304839
-6.482582743631696
-6.482580850463549
-6.482582010601248
-6.482580783139661
-6.482580763330994
-6.482580850334452
-6.482584430563062
-6.482583960221412
-6.4825861944988645
-6.4825862461245825
-6.482592631626725
-6.4825914059798535
-6.482591052845259
-6.482590204974583
-6.4825931290030026
-6.482593015202748
-6.482595448174928
-6.482593944409714
-6.482596377369667
-6.482594958316434
-6.482594672388317
-6.482592835558075
-6.482591073534229
-6.482591938197682
-6.482591194303785
-6.482596434485483
-6.482595040620456
-6.482595480655022
-6.482595001284885
-6.482599961840649
-6.482599296297534
-6.482597571102706
-6.4825979746298295
-6.482596367080434
-6.482594694153634
-6.482596379342779
-6.482596053664363
-6.482594424616555
-6.482593222959997
-6.482596153802416
-6.4826001580569965
-6.482599514323837
-6.482599991764692
-6.482598113236835
-6.482603766368171
-6.482606181433002
-6.482605907530963
-6.4826097246904295
-6.482608184560313
-6.482606751320829
-6.482610824940964
-6.482609128436007
-6.4826075598397965
-6.48260595674703
-6.4826069835082025
-6.482605231745144
-6.482605073998702
-6.4826032625012235
-6.482604886229609
-6.482611694802189
-6.482610365801917
-6.482608678250306
-6.482610278215667
-6.482608939143741
-6.482617725912571
-6.482617224859438
-6.482615579488168
-6.482615584754033
-6.482616829354141
-6.482617470440694
-6.482617846073553
-6.482616226939311
-6.482620030412639
-6.482620056766246
-6.482618425360469
-6.48261909857725
-6.4826181587426905
-6.482619660777792
-6.4826217306957865
-6.482624233747329
-6.482623069546472
-6.4826214974519445
-6.482621168572842
-6.482619665820891
-6.482619041604666
-6.482617903855592
-6.4826181195029795
-6.48261796834353
-6.4826177789390345
-6.482615961867627
-6.4826164452185
-6.482620478182519
-6.4826204524717275
-6.482619879111014
-6.482618532229664
-6.482622429376122
-6.4826248203248955
-6.482623486400513
-6.482628193583961
-6.482630450226188
-6.482631067127737
-6.482631666887968
-6.482631343137797
-6.482629671846489
-6.48263448801836
-6.482636395438966
-6.4826366046016455
-6.482635035349311
-6.482634780179587
-6.482635699775572
-6.482636357836571
-6.482635006601476
-6.482634776174536
-6.482633872414952
-6.482633022450289
-6.482633689043055
-6.482635082409381
-6.4826402046212435
-6.482640896579537
-6.482640848418188
-6.482642525283417
-6.48264119798605
-6.482639797796009
-6.482642545574377
-6.482640762634798
-6.482639854996617
-6.482643545350615
-6.482642773192921
-6.482643379662178
-6.482641967047353
-6.48264118224623
-6.482643930303806
-6.48264288692317
-6.482645762627968
-6.4826455828528005
-6.48264630794154
-6.482646856850348
-6.482646641063096
-6.482649585924629
-6.482648472452041
-6.482647161428185
-6.4826471762079825
-6.482645979573406
-6.482647186829786
-6.482645447976277
-6.482644019256468
-6.482645611394732
-6.482644601733192
-6.4826438324600435
-6.482642308571305
-6.482641285099281
-6.482642628230025
-6.4826410439476065
-6.48264126586833
-6.482641107760368
-6.482640379399874
-6.482641621386066
-6.482641899452308
-6.482641625822188
-6.482642359104908
-6.482643444420131
-6.482642005190518
-6.482643570592792
-6.482642338172967
-6.482645739884223
-6.482645872722689
-6.482646020649375
-6.482647296883423
-6.482647215706643
-6.482645468872332
-6.482644236348491
-6.482644036705835
-6.48264272858729
-6.482642359581291
-6.4826425889857795
-6.482642583345706
-6.482643752832488
-6.48264366470996
-6.482644936655758
-6.482645698403893
-6.482645015515956
-6.482647454016464
-6.482647958719054
-6.4826464163766415
-6.482648928565146
-6.4826503477051
-6.482651594111663
-6.482650174126507
-6.48265085048072
-6.482649380435378
-6.482647700301038
-6.482646667482046
-6.482647395485635
-6.4826457594305875
-6.482645880965915
-6.482644210961812
-6.482651301126263
-6.482649803884829
-6.482648667872023
-6.482647436197737
-6.48264706076151
-6.4826462110243765
-6.482646545933012
-6.482646729175562
-6.482645404452251
-6.482643845544816
-6.482643339840232
-6.482643189847254
-6.482645909750521
-6.482647068776175
-6.482647502976088
-6.482646225029504
-6.482646611080521
-6.482650274369001
-6.482648734038577
-6.482650523984401
-6.48265380341459
-6.482653688434738
-6.482653985596845
-6.482653059625449
-6.482655515446429
-6.4826549809884755
-6.482655891081507
-6.482654279986839
-6.482657905083749
-6.482656731322869
-6.482663201237532
-6.482661743650634
-6.482660893411709
-6.482660061376769
-6.482660724131419
-6.48266238575713
-6.482660809501904
-6.482662860999484
-6.4826611853998575
-6.482660587817213
-6.482659792984483
-6.482658503820001
-6.482659580033044
-6.4826581542063115
-6.482657036520251
-6.482656291797523
-6.482654693881634
-6.482653771554738
-6.482653483258623
-6.48265424693065
-6.482658350932966
-6.482657484660664
-6.482657971780367
-6.482657930946663
-6.4826563641596735
-6.4826568744865005
-6.482655384506545
-6.482655199813328
-6.482655332894719
-6.482654565510497
-6.482653762095975
-6.482655555320747
-6.4826572859299425
-6.4826579275426806
-6.482656559161336
-6.482655737529468
-6.482654214323341
-6.482654509336383
-6.482653457937982
-6.482651842989197
-6.482650283644311
-6.482650583098515
-6.48265120826836
-6.482651058824719
-6.4826494639167525
-6.48264945271423
-6.48264999826641
-6.482649414796317
-6.482648794479325
-6.48264828644172
-6.482649033247145
-6.4826482494366475
-6.482646769207421
-6.482646744971675
-6.482648276691833
-6.482646829927196
-6.482645344737695
-6.482648907134654
-6.4826474525999505
-6.4826475347423616
-6.482648524528366
-6.482649280662341
-6.4826479176956004
-6.482646735946539
-6.482651396960966
-6.482653006884727
-6.482651967321995
-6.482650652518573
-6.48265122965769
-6.48265127752916
-6.482652765254986
-6.482652491924499
-6.482652275004782
-6.482654275773733
-6.482653378614095
-6.482651899921229
-6.482650797300796
-6.4826510845495005
-6.482651617846134
-6.4826502392190255
-6.482648731136251
-6.482647247282333
-6.482645966658823
-6.482646634959375
-6.482649980635986
-6.482656166492643
-6.482655670233821
-6.482656416160215
-6.4826554455166026
-6.482654298989911
-6.482655084424713
-6.482656312740703
-6.482655038235023
-6.48265585871563
-6.482658979650687
-6.482660166892454
-6.482659103668334
-6.482658682629636
-6.482660471916215
-6.482660834062698
-6.482662442240952
-6.482662769589768
-6.482664107492367
-6.482663153709528
-6.482662235347645
-6.482661745085305
-6.482662324083009
-6.482661011423279
-6.482659570248341
-6.482658555804418
-6.482658756887431
-6.482658325349147
-6.482657139083909
-6.482659973844375
-6.482659481531647
-6.482659014584049
-6.482660215978728
-6.482660324517844
-6.482662225029014
-6.482661173774336
-6.482659856783414
-6.482660093562426
-6.482660006517809
-6.482661514664487
-6.482666166575519
-6.482668284026773
-6.482667118601326
-6.482669636565936
-6.482668318893046
-6.482669318456916
-6.482669728557387
-6.482672651205203
-6.482672586077716
-6.482671521659288
-6.482671466326256
-6.482671497587604
-6.482671714045602
-6.482670374871262
-6.482670147608853
-6.482669642585774
-6.482669625655258
-6.4826687514190535
-6.482668763378049
-6.482667929384632
-6.482666544239262
-6.482667733903791
-6.482666868124746
-6.482665407396934
-6.482667237245999
-6.482667286864384
-6.482667896247883
-6.482667911215166
-6.48266792641964
-6.482668133727066
-6.482669074809356
-6.482673734928637
-6.482672610762407
-6.482671474764843
-6.482670126696095
-6.482669593496961
-6.482668750082835
-6.48266732966685
-6.482674435374011
-6.48267600847951
-6.482675428409045
-6.482679691239162
-6.482679366324915
-6.482683386720087
-6.482683199973893
-6.482683103814162
-6.482681667963334
-6.482682507198469
-6.482686440823692
-6.482685975081751
-6.482684907474443
-6.482685130556813
-6.4826838593321074
-6.482683438695716
-6.4826821839414945
-6.482681450674636
-6.482680728069407
-6.482679725698993
-6.482679467644814
-6.482678805173445
-6.482677540436064
-6.482678312305728
-6.4826795854677
-6.482678289077688
-6.482677408974851
-6.482677176486894
-6.482678605983532
-6.482677158341845
-6.482675846151878
-6.482675056868096
-6.482676949926553
-6.482676950079394
-6.482676435683674
-6.482678322935763
-6.482676964189527
-6.482676449465022
-6.482678446094907
-6.4826810910497175
-6.482680211730025
-6.482679036005993
-6.4826783746211625
-6.482684247796021
-6.482684170932093
-6.482685952964918
-6.482684838287669
-6.482690136546012
-6.482690773206754
-6.482689595825187
-6.482691825713686
-6.482691048358706
-6.482691201860811
-6.482690800315511
-6.482696188944296
-6.482695033615174
-6.482694503198194
-6.482693485670607
-6.482692293651227
-6.482692244978473
-6.482690791315546
-6.4826897785793784
-6.48268897529265
-6.482691369254876
-6.48269009591088
-6.482694099719843
-6.482692831163819
-6.482691429542088
-6.482690923384537
-6.48269017374725
-6.482689462095927
-6.482688584681171
-6.482687776541402
-6.482687314755138
-6.482686071970376
-6.482684816691001
-6.482684735929589
-6.482685453800687
-6.482685562454444
-6.482685923148005
-6.4826857799764905
-6.482688890142779
-6.48269048271559
-6.482690621063776
-6.4826912577662865
-6.482692972496169
-6.482691976685492
-6.482697698360678
-6.482697212270499
-6.482696823322356
-6.482699821367945
-6.482704614622909
-6.482706807318093
-6.482706728375434
-6.48270583740178
-6.4827074106510745
-6.482706511724075
-6.482710383420225
-6.482710556124845
-6.482710683249724
-6.482709585181336
-6.482708245405607
-6.482709321591424
-6.482708562768362
-6.482707508296123
-6.4827072280446245
-6.4827071514451955
-6.482706415041037
-6.482705566065304
-6.482704419704356
-6.482702983862758
-6.4827046600133915
-6.482704886228881
-6.48270539123838
-6.482704101435658
-6.482703273221337
-6.482701823895608
-6.482700669271522
-6.482702747514785
-6.482702796836789
-6.4827016762872685
-6.48270149182427
-6.482700615582539
-6.482699224860611
-6.482705892784454
-6.4827083898685665
-6.482708375015355
-6.4827077041387255
-6.482708041679764
-6.4827101196626735
-6.482715123474864
-6.482714181984324
-6.4827136069721565
-6.482712929385569
-6.4827118619884745
-6.4827135070112165
-6.48271313998687
-6.482711753857235
-6.482710822832685
-6.482710697415175
-6.482709387628423
-6.482709058955636
-6.482708386751176
-6.482707383338753
-6.482706746044887
-6.482713205082878
-6.482714673175582
-6.482714060341236
-6.482715924473008
-6.482716180863531
-6.482715171384756
-6.48271390251233
-6.482714498828422
-6.482716794253939
-6.482716081705238
-6.482715062887314
-6.482713804103471
-6.482713400297893
-6.482713839825398
-6.48271354681921
-6.482713847226807
-6.482713600471384
-6.482713971580503
-6.482712705764861
-6.482711512885513
-6.482710104116906
-6.482709725571598
-6.482711725027785
-6.482712650562751
-6.4827122342090115
-6.482712068682269
-6.482713848058891
-6.482717340864263
-6.482717359608822
-6.4827159840118584
-6.482717745444053
-6.4827183752984
-6.482718550938427
-6.482717567288988
-6.482716907490084
-6.482717123612332
-6.482717792568158
-6.482717473202
-6.482717772949325
-6.482718716999163
-6.482717790428527
-6.482717971648244
-6.4827177922678665
-6.48271735820913
-6.4827165889815
-6.482715640360495
-6.482714867247561
-6.482715193122315
-6.482714184273652
-6.4827132669179655
-6.482712249776224
-6.482714015910763
-6.482714269037683
-6.482714750033022
-6.482714455349735
-6.482713105652954
-6.482713639233054
-6.482714828964839
-6.482713844441252
-6.482720306863344
-6.482719055893897
-6.482718464168657
-6.482717410252125
-6.482716795045099
-6.482715985270796
-6.482720764026615
-6.482719696776249
-6.482718372256109
-6.482719278582964
-6.482718557593643
-6.482718920561952
-6.482717614390686
-6.48271904167042
-6.482717740064037
-6.482716943142739
-6.482715835877715
-6.4827153348290505
-6.482715173622995
-6.482714693035706
-6.482713729531449
-6.482715032972765
-6.482715883773965
-6.482715994630278
-6.4827162714486155
-6.482714973719792
-6.482714095112291
-6.482713439177668
-6.482712753567261
-6.48271409185269
-6.482715341352153
-6.4827158309212205
-6.48271557557641
-6.482714489943538
-6.482715283061233
-6.482721308932834
-6.48272422724788
-6.4827231873824305
-6.482722108955251
-6.482722028934004
-6.482721980985555
-6.482721709228178
-6.482723399185528
-6.482722657025663
-6.482721724258949
-6.482722077666987
-6.482721722576496
-6.482721956398565
-6.482720777142915
-6.482723214972134
-6.482722249480862
-6.482721667629442
-6.482722545759068
-6.482721719733343
-6.482720857032618
-6.482720956548052
-6.482722084616576
-6.482726046263374
-6.482725596414088
-6.482724818024524
-6.482723692695002
-6.482723289128871
-6.482722363960839
-6.482721617963793
-6.4827214829517485
-6.482723494144503
-6.482727553959324
-6.482727004685993
-6.482725948658642
-6.48272608133462
-6.482726711418582
-6.482726905542265
-6.4827256361856165
-6.482725230348475
-6.48272571020288
-6.482725431747978
-6.482725261732518
-6.4827281228408715
-6.482727884413382
-6.482727317873654
-6.4827270069309835
-6.4827278682663625
-6.482728273293072
-6.482728415347516
-6.482728004436816
-6.482727749538012
-6.4827269637319676
-6.48272596206696
-6.482726430559069
-6.482725810215955
-6.482724851779402
-6.482723829409039
-6.482722657908884
-6.4827228630096565
-6.4827224027135335
-6.482721115587215
-6.482721060155825
-6.482720437182664
-6.482720260143688
-6.48272011798793
-6.4827205843009015
-6.482723252554848
-6.482721975271778
-6.482721000960815
-6.482720560860219
-6.482719973294597
-6.482718800287489
-6.482717990031437
-6.482719680278959
-6.482718450022936
-6.482721128899962
-6.482720129827555
-6.482719009374551
-6.482717699714073
-6.482718737082596
-6.4827174292587495
-6.482716942380401
-6.4827213608915715
-6.4827201107565156
-6.482720624921779
-6.482721436978769
-6.482720530939026
-6.4827212729737465
-6.48272135799398
-6.48272040153898
-6.4827220952683025
-6.482720911793826
-6.482721692073852
-6.482720656116686
-6.4827203530987685
-6.482724907939918
-6.482724737369962
-6.482724258084478
-6.482723180479455
-6.482722053985125
-6.482721728578573
-6.482720647064946
-6.482719554737317
-6.4827193051112255
-6.482719598719957
-6.482719787127739
-6.4827194816336275
-6.4827218896085865
-6.482722114642516
-6.482721109114198
-6.482722327818316
-6.482721494306075
-6.482722328094949
-6.482721560644988
-6.482720291057419
-6.482719619493841
-6.4827200130883105
-6.482721419234646
-6.48272035495337
-6.482719067654584
-6.482717918504795
-6.482717793912103
-6.482717648515188
-6.482719405041787
-6.482720434935397
-6.482720841440178
-6.482721261157683
-6.482721064629266
-6.482723915230068
-6.4827236993225315
-6.482723642450884
-6.48272338391109
-6.482722741798692
-6.482721573702999
-6.482721064092212
-6.482719784235277
-6.482720244792753
-6.482719131292673
-6.482719109332816
-6.482718647622637
-6.482717818622564
-6.482717022117848
-6.482715862096829
-6.482716739494382
-6.482716267066699
-6.482715247008491
-6.48271497684208
-6.4827139142036145
-6.48271268497279
-6.482716699226775
-6.482715618585606
-6.482718669177503
-6.482718156019267
-6.482718989911601
-6.482721338749835
-6.482723092643137
-6.482722707015383
-6.48272238952066
-6.48272424865782
-6.482723375411711
-6.482722255001073
-6.482721336231651
-6.482721475098188
-6.482720477008611
-6.482722097920163
-6.482721041674556
-6.482719871014946
-6.482718979851081
-6.4827182935007475
-6.4827171682299305
-6.482716483167673
-6.482716716413757
-6.482715771429049
-6.482714586638385
-6.48271343505672
-6.482714828376946
-6.482714553717901
-6.482715215768352
-6.482714968275845
-6.482714510525074
-6.482715059498663
-6.482713934400215
-6.482714651445103
-6.482713959189122
-6.4827131972777945
-6.482712006868
-6.482714139683064
-6.482713773622982
-6.482713564347309
-6.482712711932777
-6.482713730942641
-6.482714708803892
-6.482713867091441
-6.482713752391659
-6.482713805806871
-6.482714590129571
-6.482716181634586
-6.482715593942157
-6.482715172488751
-6.482714461189633
-6.482713549002701
-6.482713103910169
-6.482713770585898
-6.482712609735697
-6.482714330586767
-6.4827132230615705
-6.482713209347267
-6.4827128962530916
-6.482712664082574
-6.482711712881376
-6.482710939396175
-6.4827101488140535
-6.482709187411069
-6.482708840534924
-6.4827085705306144
-6.48270751133454
-6.4827068946383966
-6.482709747250508
-6.482708654145873
-6.482708586644009
-6.482709353722885
-6.482710269190737
-6.482709144906236
-6.482710241652672
-6.482709369599522
-6.482708249576412
-6.4827070610936985
-6.482707587150975
-6.4827063752202045
-6.4827070946266545
-6.482707750171802
-6.482707050584243
-6.482705915073561
-6.482708331397681
-6.482707215313325
-6.482706557572805
-6.48270621410245
-6.482705040163678
-6.482705140862112
-6.482703940832462
-6.4827028548738665
-6.482704329546769
-6.482703282441936
-6.48270449104836
-6.482706280006526
-6.482707683490857
-6.482706490139854
-6.482706345689913
-6.482706610238884
-6.482711456655354
-6.482711595657086
-6.482710914144417
-6.4827114090924995
-6.482710673185657
-6.482710692355283
-6.482711926892118
-6.482713226451244
-6.482712633731711
-6.482714980470314
-6.482713834460095
-6.482713270358775
-6.482712130997258
-6.482712559163546
-6.4827149528981955
-6.482714965204248
-6.482714091434826
-6.482714337102562
-6.482714326620005
-6.482717668319467
-6.482716595869708
-6.482717527768288
-6.482720257330266
-6.482719079998954
-6.482718776289272
-6.482718175936924
-6.482717386172848
-6.482719025712502
-6.482717931650357
-6.4827181840061305
-6.482718022133605
-6.4827177558884745
-6.482717393768468
-6.482717278741402
-6.482718163850381
-6.482717508142614
-6.48271699515361
-6.482716398964822
-6.482718436795012
-6.482720225919367
-6.482719543237722
-6.482718875852119
-6.482718601878295
-6.48271746927142
-6.482716293751437
-6.482716820632446
-6.482717201816126
-6.48271697007562
-6.482716312223443
-6.482716686048545
-6.482715839543652
-6.4827153733909615
-6.482715340910685
-6.482714227463529
-6.482714746322468
-6.48271391929122
-6.48271536371146
-6.482715395211627
-6.482714492138967
-6.482713742285161
-6.482714519052337
-6.482713868673002
-6.482712930963831
-6.48271270464112
-6.482712294047934
-6.482714581723453
-6.48271535722384
-6.482714358689886
-6.48271621179579
-6.482716068368501
-6.48271766263874
-6.482717010161561
-6.4827199169495735
-6.482718889342997
-6.482718854393182
-6.48271946499101
-6.482719158350106
-6.482718835222659
-6.482718342094322
-6.482717859169038
-6.4827187310889745
-6.482719630353139
-6.482718787258928
-6.482718293884291
-6.482717822964993
-6.4827173604343855
-6.482717925722035
-6.482717438401105
-6.482717430744421
-6.48271832395087
-6.482717581957036
-6.482717040248805
-6.4827159702306
-6.482714953147285
-6.4827144458686945
-6.482714873524283
-6.482713991927711
-6.48271458005153
-6.482713695251264
-6.4827140210328995
-6.4827141181271015
-6.482713618565346
-6.482712682919627
-6.482712592738937
-6.482711611193284
-6.482712118186445
-6.482712066587538
-6.482711608456971
-6.482711223390719
-6.482710597817805
-6.482709742366141
-6.482709107168394
-6.482708245125236
-6.482708012871815
-6.482707648963653
-6.4827071165076315
-6.482707470103959
-6.482706858141038
-6.482708273376067
-6.482707370177047
-6.482706974476034
-6.482706619434185
-6.482705711708508
-6.482705441471603
-6.4827052843837984
-6.482704493779285
-6.482704311369106
-6.482703498945844
-6.482702698842617
-6.482703044494024
-6.482702922959001
-6.482702269007698
-6.482701425370525
-6.482702072952399
-6.4827018798198965
-6.482702080247258
-6.482701814380413
-6.482701522331923
-6.482700710494544
-6.482699969834121
-6.482699119112234
-6.482699171537872
-6.482700031930472
-6.482699064906096
-6.482698132080617
-6.482697387579922
-6.482697956843819
-6.482697682326593
-6.4826970581701735
-6.482696486349983
-6.4826961793937254
-6.482695953074694
-6.482697924238808
-6.482701242992263
-6.482702041650094
-6.482701487896533
-6.482700820631827
-6.482701997479522
-6.4827023284822385
-6.482701286471464
-6.482700770781045
-6.482700485815521
-6.482699393455462
-6.482698557006588
-6.48269778787456
-6.4826974606789864
-6.482697123789764
-6.4826970242839606
-6.4826967756572325
-6.4826972038539665
-6.482698366399373
-6.482697516109018
-6.482698048863806
-6.482699348069928
-6.482699754454676
-6.482699253047054
-6.482701447360303
-6.482701187010875
-6.482701161383702
-6.4827002003515535
-6.482699924463094
-6.482698989244501
-6.482699052172342
-6.482698329081774
-6.482697273707164
-6.482697292509369
-6.482696504345946
-6.482695558163022
-6.482694791329405
-6.4826950071083855
-6.482695893203663
-6.482695713882227
-6.48269489048818
-6.482694703808978
-6.4826943212210955
-6.482693292590944
-6.48269529309442
-6.482698220038271
-6.482698695605464
-6.482698168784667
-6.482697490443079
-6.482697402350161
-6.482696770274697
-6.482696443947498
-6.482695374171525
-6.482694936071601
-6.482695750422125
-6.4826960935602544
-6.482695778113796
-6.482694728012339
-6.4826940625828655
-6.482695350176955
-6.482695661618992
-6.4827000295415065
-6.482700625938308
-6.482700306855421
-6.482700558254146
-6.482701433122681
-6.482702482273
-6.482703034739869
-6.482707083645047
-6.482708103639089
-6.482709359121259
-6.482708392272635
-6.482708941498542
-6.482709753298679
-6.482709321659941
-6.4827098850670035
-6.482713388220136
-6.482712439897126
-6.482712578929824
-6.482711615311362
-6.482710870904983
-6.482709905749608
-6.482710812631577
-6.482710720472714
-6.482711765399744
-6.482712115314173
-6.482711055689348
-6.482711401400015
-6.4827110920083495
-6.482711491065154
-6.482710771333502
-6.482709765362486
-6.482711982538934
-6.482711080786706
-6.482711209813772
-6.482710356163079
-6.482709377746134
-6.482711803378392
-6.482712300906582
-6.482713970316077
-6.482713026075749
-6.482712646901625
-6.482713979125815
-6.482713951582723
-6.482715262906807
-6.482714547246689
-6.482713754348706
-6.482716395694846
-6.482719237585848
-6.482718786431597
-6.482720789942185
-6.4827202971161935
-6.482719969520045
-6.482719858728482
-6.482720155966871
-6.482719319062235
-6.482718551776362
-6.482717582382121
-6.482717183400706
-6.482718039519369
-6.482718456485427
-6.482718563077749
-6.482720166981346
-6.48271935639164
-6.482719272302596
-6.482718565015071
-6.482717939063193
-6.482717922103053
-6.482716924696803
-6.482720519456595
-6.482720924813004
-6.482721653745217
-6.4827211878555895
-6.482721226343484
-6.482720584552075
-6.482719997149375
-6.48271942381838
-6.482719014033944
-6.48272048492857
-6.482719675916482
-6.482720487691112
-6.482720627901947
-6.482719703852448
-6.482719887785502
-6.4827190530089585
-6.4827244659320895
-6.482724683812168
-6.482725677898643
-6.482724715802629
-6.482724173876229
-6.482723333729628
-6.482722827682711
-6.4827219579658575
-6.4827216848914
-6.482721581577562
-6.482722404502523
-6.482721873988376
-6.482721551442754
-6.482722798989488
-6.4827237881523665
-6.4827240660100305
-6.482724227800922
-6.482723989652785
-6.48272545897904
-6.482725224048662
-6.482727235961167
-6.482726553956658
-6.482734563472319
-6.482735334465914
-6.482734275441318
-6.482733871108723
-6.482733095933994
-6.482732284627122
-6.482731240218882
-6.482732350627737
-6.482733877634187
-6.482733194867857
-6.482733146479452
-6.482734463094793
-6.4827421752121035
-6.482741912442587
-6.482740914229827
-6.482739921227049
-6.482741658439557
-6.4827415338307945
-6.4827430869900065
-6.4827523268053415
-6.482753205131962
-6.482753005706207
-6.482756497852877
-6.482756151599783
-6.482755838762683
-6.482754833440723
-6.482755283853868
-6.482754954000839
-6.482754891472177
-6.482754020287702
-6.482754705650227
-6.482754193653821
-6.48275318507042
-6.482754601931889
-6.482754125828734
-6.482753203941251
-6.4827534257772905
-6.482754291393413
-6.4827543783393695
-6.4827554430601015
-6.4827574917744375
-6.482757840513032
-6.482760125791513
-6.482759342782868
-6.482759380284199
-6.4827602587908055
-6.482760292352178
-6.482760234090022
-6.482760000118928
-6.482759723698074
-6.482759630353619
-6.48276019999172
-6.482759166109593
-6.482759001295568
-6.48275821517829
-6.4827589225347975
-6.482757990362892
-6.482757254446331
-6.482757452592935
-6.482756546766825
-6.482755656196681
-6.4827548397584485
-6.48275416304796
-6.482753239033816
-6.482752385544408
-6.482752782516565
-6.4827526989696835
-6.4827516576841315
-6.482750862573937
-6.482750010560491
-6.482750140454354
-6.482753620675996
-6.482753637877082
-6.482753758111412
-6.4827543799430405
-6.482754044473306
-6.482754027908173
-6.482755561366546
-6.482754617177347
-6.482754311168478
-6.482753814737669
-6.482753074154982
-6.482752712927145
-6.482753612538947
-6.482754317440197
-6.48275377775722
-6.482754538057519
-6.482754064947944
-6.482754139745389
-6.482753622203424
-6.482752662703701
-6.482752246275741
-6.482752320287899
-6.482751528418189
-6.482750969023105
-6.4827508917997
-6.4827503736594405
-6.482751689623204
-6.482751512380894
-6.482753134353258
-6.48275323376903
-6.482754440828456
-6.482758044942736
-6.48275905966989
-6.48275905903705
-6.4827590241371755
-6.482758845515671
-6.4827581567474155
-6.482759251334591
-6.482759305025709
-6.482759698667367
-6.4827598412645475
-6.482758839087024
-6.482760561940911
-6.482761579928091
-6.4827629840154115
-6.482762112220596
-6.482764181840286
-6.482763833465052
-6.482768783397663
-6.482769820363733
-6.482770577443647
-6.4827709306568035
-6.482771035863946
-6.482770160818218
-6.482770338091409
-6.4827700631076
-6.482771180502712
-6.482770793492681
-6.4827706184250165
-6.482769869230658
-6.4827716997141245
-6.482771340834376
-6.482770348640399
-6.482771351232145
-6.482771678739128
-6.482771062124294
-6.482772186054742
-6.482771855443197
-6.482771671984451
-6.482771414421892
-6.482772946213178
-6.482775732589969
-6.482778206583576
-6.482778635467845
-6.482781611895575
-6.482781928210044
-6.482781115697493
-6.482781880171971
-6.482781237342164
-6.482782373347856
-6.482782587590611
-6.482784653008657
-6.482784143614503
-6.4827849329880936
-6.4827865465342365
-6.482786833907008
-6.482787490851001
-6.482788671289047
-6.482787878819006
-6.482787968567172
-6.482787362079023
-6.482786426139389
-6.482785656230551
-6.482784754061519
-6.482784096487722
-6.482783133601048
-6.482782569490984
-6.482782535860381
-6.4827815638713195
-6.482780596616086
-6.482779875100281
-6.4827795392885035
-6.482778964870076
-6.482778149049222
-6.482786294117822
-6.482785685269592
-6.4827850389334065
-6.48278524736781
-6.4827865364894155
-6.482788438132983
-6.482788729091441
-6.482789363287083
-6.482790994453833
-6.482790644611149
-6.482789745723173
-6.482789642334458
-6.482789310087447
-6.4827883060181595
-6.48279014752376
-6.482789505187271
-6.482790685480283
-6.482790363246101
-6.482789786535593
-6.482788853892806
-6.4827912587884455
-6.48279043914183
-6.482790083712346
-6.482791767825328
-6.482790981293396
-6.482790241773604
-6.482790554952419
-6.482790860210067
-6.482790066852762
-6.482789905452225
-6.482789204683629
-6.482789208156477
-6.48278846788255
-6.482788304420977
-6.4827876972924505
-6.482786957386925
-6.482786429477978
-6.482785636412678
-6.482784679003635
-6.482785785500472
-6.482788646079777
-6.482788207022045
-6.4827886150227405
-6.482790022205698
-6.482790498415197
-6.482790509901191
-6.482790839332829
-6.48279010346657
-6.482790001199431
-6.482790690803762
-6.482790812395614
-6.482789928104915
-6.482789454030165
-6.482789183612537
-6.482788495393128
-6.482788169653096
-6.482787403771014
-6.482787969276415
-6.482787851969701
-6.48278735542393
-6.4827873081128455
-6.482788002489753
-6.482787126192666
-6.482786764228037
-6.482786508782403
-6.482787691298816
-6.482787617402498
-6.482787015531967
-6.482787754508367
-6.482787194813748
-6.482786900780965
-6.4827862679863895
-6.482785340990809
-6.482785027255135
-6.48278406719546
-6.4827859235502805
-6.482786948612137
-6.482787503442967
-6.482786764391846
-6.482787916398554
-6.482787660440706
-6.48278747587343
-6.482786608943333
-6.482786138955155
-6.4827861789115575
-6.4827885275395705
-6.482788981384198
-6.4827890855718415
-6.482791236615582
-6.482790521230992
-6.482790182523671
-6.482791305827703
-6.482790735222625
-6.4827903569529814
-6.482790147795806
-6.482789595447079
-6.48279013976707
-6.4827903402439055
-6.482789896632694
-6.482791093888478
-6.482792770878543
-6.482791846389479
-6.482791893337431
-6.482792426639729
-6.482791712719632
-6.4827926863025365
-6.482793451630235
-6.482792886576634
-6.482793654694364
-6.482792919023945
-6.4827933440037
-6.48279305530903
-6.482793426179716
-6.482793224529398
-6.482797777089928
-6.482797741074415
-6.482796840466507
-6.482798122466176
-6.482798917575032
-6.48280132539085
-6.482800674219186
-6.482801641074483
-6.482801380118445
-6.482801009509384
-6.4828006611699855
-6.482800508554445
-6.482799536818886
-6.4827990986165975
-6.482798677655883
-6.482801894335871
-6.482801158869696
-6.482801607153422
-6.482800803788286
-6.482802410816965
-6.482803221965418
-6.482803073272963
-6.48280210529934
-6.482801351556676
-6.482800414627547
-6.482799449044563
-6.482799935271887
-6.482798995361112
-6.482798354913125
-6.482798029571119
-6.482799293143221
-6.48279866700303
-6.4827988687239495
-6.4827985853786885
-6.482797839691356
-6.482798391547173
-6.482799385488235
-6.482798788753341
-6.48280184180775
-6.482801280292648
-6.482802166168916
-6.482801600986557
-6.482802572531696
-6.4828021317045685
-6.482801493438851
-6.482802207033676
-6.482801645722599
-6.4828018089204535
-6.482800985852233
-6.482802938800974
-6.4828022432504815
-6.482803127143137
-6.482803084529853
-6.48280219541311
-6.482802264812017
-6.48280148158507
-6.4828006140505
-6.482800407986777
-6.482801999653777
-6.482801301111584
-6.482800893605533
-6.482800867095663
-6.482804831809007
-6.48280424242673
-6.482804681213864
-6.482804200792841
-6.482803569942262
-6.482803475725477
-6.482802839613913
-6.482802518093031
-6.48280264522694
-6.482801701276979
-6.482801194630583
-6.482800698049313
-6.482800155727442
-6.4828002342863975
-6.482800161563909
-6.4827996811863535
-6.482798976032459
-6.482800952803962
-6.4828001591146345
-6.482799308838989
-6.4827995595850805
-6.482798905784686
-6.482797966548129
-6.482798439510436
-6.482797579423868
-6.482797101347033
-6.4827970710317695
-6.482796403160226
-6.48279643773428
-6.482795737642196
-6.482795083131335
-6.482794516674799
-6.482796413880292
-6.48279621342811
-6.482795741211987
-6.482794911909411
-6.48279413506077
-6.482793333560946
-6.482793798942664
-6.4827934866484584
-6.482792644370213
-6.482792455177016
-6.482792430138721
-6.482791816378498
-6.48279111678096
-6.482791653096438
-6.482791113372677
-6.48279285823165
-6.482792703619032
-6.482791826110423
-6.482792698493345
-6.482791770870659
-6.482791051892847
-6.482792770372288
-6.482792419320094
-6.482791770885595
-6.482791964530014
-6.4827912865821675
-6.482791618049955
-6.482791305409837
-6.482790890608749
-6.482790670219832
-6.482790867446013
-6.482790192833661
-6.482789279093834
-6.48278878244457
-6.48278838106519
-6.482787742605709
-6.482787281303782
-6.482787418010178
-6.482788007700161
-6.482787645091585
-6.4827884333836945
-6.482787592047487
-6.482789429431904
-6.482791161456734
-6.482790731825193
-6.482793367574265
-6.482793812997214
-6.482794086458094
-6.482794720129105
-6.482793845721486
-6.482793023084999
-6.482794225176356
-6.482793518418464
-6.482794179088705
-6.482794730360213
-6.4827938456872145
-6.482793178236568
-6.482792779509458
-6.4827927857425225
-6.482792619179315
-6.482793135485893
-6.482792303670896
-6.482792134090698
-6.482792156476093
-6.482792455504135
-6.482793767178033
-6.482794064036763
-6.482793619109551
-6.482793031393737
-6.482792778359822
-6.482792968104522
-6.482792197317706
-6.482791320239301
-6.482791095310219
-6.482790261893762
-6.482790135663977
-6.482790110134231
-6.482792171870868
-6.482795131326264
-6.482794657312378
-6.48279391242788
-6.482793137189312
-6.482792350278697
-6.482791617622662
-6.482792461869954
-6.482791629406551
-6.4827939606008105
-6.482793738417211
-6.482794082002384
-6.482793840437708
-6.482797108460034
-6.482796864048135
-6.482796499267265
-6.482796070007791
-6.4827956967518325
-6.482794785476624
-6.4827945369370985
-6.482793772803215
-6.482794791988886
-6.482794787399165
-6.482796857438029
-6.4827964152635404
-6.482795567840405
-6.482794819774903
-6.482796030695091
-6.482797191034857
-6.482796629649753
-6.482796710350368
-6.482796238589176
-6.482795893887371
-6.482796533629917
-6.482795723133076
-6.4827960735315715
-6.482795293039653
-6.482794444723386
-6.4827936515459195
-6.482793206079338
-6.48279253719602
-6.482792271184342
-6.48279168151197
-6.482792415673602
-6.482792413817119
-6.482792356303512
-6.482791946340246
-6.482791741222966
-6.482791143575181
-6.482791304643963
-6.482791004458884
-6.482792039696137
-6.4827913792521645
-6.482791122295047
-6.482792116344921
-6.482791623465552
-6.482791251217155
-6.482791604839516
-6.482791090661639
-6.482791769323163
-6.482791854673517
-6.482793439001337
-6.482792554232436
-6.4827925835181714
-6.482791706630743
-6.482794770207353
-6.482796198957455
-6.482796364523439
-6.482796465710826
-6.482795901186218
-6.482796653356632
-6.482796341047141
-6.4827971936463
-6.482796536483035
-6.482796669932779
-6.482796480028199
-6.4827978478346715
-6.48279858214745
-6.482799600906607
-6.4828005097457835
-6.482799844010476
-6.482800186560223
-6.482799515392373
-6.482799709099389
-6.48279989594106
-6.482799090552053
-6.482798760718732
-6.482798686323516
-6.482797853942052
-6.482798800493204
-6.4828013093681935
-6.482801058152679
-6.482801127203161
-6.482800329645813
-6.482799885173242
-6.482799228978603
-6.482803078875459
-6.482803937721535
-6.482803295974466
-6.482802479645458
-6.482807385184195
-6.482807801278899
-6.482806919714466
-6.482806421138487
-6.482805950331485
-6.482808741424811
-6.482809146831453
-6.482809825936059
-6.4828107840372
-6.482811575458051
-6.4828107257605545
-6.482809894333856
-6.482811362008223
-6.482811469705631
-6.482810613992862
-6.482810495803048
-6.482810879298572
-6.482810485062732
-6.482809686200145
-6.482809018939135
-6.482808752016487
-6.482811058915956
-6.482810620522441
-6.482810110171935
-6.482809343145489
-6.482808774989376
-6.482808218778834
-6.48280837544643
-6.482808095659591
-6.482807534082514
-6.482807565604052
-6.482806810195232
-6.482805936329902
-6.482805628424332
-6.482807256616465
-6.482806464907599
-6.482805648463544
-6.482805667979399
-6.482806606865058
-6.482806217905201
-6.482805445081098
-6.482805587286631
-6.482804818087871
-6.482805348716841
-6.4828048500456505
-6.482805245263357
-6.482804708398184
-6.482806544385983
-6.482806544209731
-6.482806305049261
-6.482805624104169
-6.482804930071077
-6.482804085822695
-6.482803477222589
-6.48280285510533
-6.482802053781033
-6.48280262269578
-6.482802944909475
-6.482802362011263
-6.482801929009987
-6.4828024449753
-6.4828017856260365
-6.482800921105604
-6.482801306815165
-6.48280060653709
-6.482800763890325
-6.482800044313977
-6.482800572592501
-6.482800059443028
-6.482799391395993
-6.482798540622543
-6.482798552782726
-6.482798018570718
-6.482797488735441
-6.48279744093085
-6.482797106707796
-6.48279694202376
-6.482796087423455
-6.482795515271854
-6.482795613816799
-6.482795764427751
-6.482795982850799
-6.4827969746792045
-6.482796993981332
-6.482796154289262
-6.482795466014974
-6.482795599500809
-6.482795009605638
-6.482794541585364
-6.482793689748719
-6.482793130823477
-6.482793738183847
-6.4827933539009095
-6.482795535123707
-6.482795778250723
-6.482795474777534
-6.482795384418575
-6.482795150875128
-6.48279473961182
-6.482794075131359
-6.482794117501805
-6.482793605976987
-6.482793391868755
-6.482793036533369
-6.482792189173795
-6.4827919965918515
-6.482792209146907
-6.48279156854673
-6.482790822312712
-6.482790261436498
-6.482790220864108
-6.482789523938101
-6.482790475903735
-6.482790883800087
-6.482791027380503
-6.482790507872352
-6.4827903463098675
-6.482790832401881
-6.482791519254364
-6.482791952814911
-6.4827919780644185
-6.482792476726278
-6.482792780722531
-6.482793834394359
-6.482793366353832
-6.482792730948458
-6.482793166006195
-6.482798711938032
-6.482798188232932
-6.48279781384282
-6.482797330495235
-6.482797199939109
-6.4827963622473
-6.482795604305263
-6.4827949724820995
-6.48279468333537
-6.48279387373622
-6.482793026645207
-6.482792266757284
-6.482791942903681
-6.482793107558204
-6.482792284144271
-6.482793149109995
-6.48279279056375
-6.482794076211799
-6.482794003548486
-6.4827934035192625
-6.482792889059531
-6.482792770255143
-6.482794554037476
-6.4827949421229585
-6.482795248279467
-6.482794632434003
-6.482794020823469
-6.482793332814891
-6.482792998073335
-6.482794252060107
-6.482794135649237
-6.482794336772212
-6.482793725629882
-6.482793950897466
-6.482793843707165
-6.482793998595578
-6.482794221535029
-6.482795208765269
-6.482795214601232
-6.482794561997533
-6.4827939646829105
-6.482794281975781
-6.482796270018928
-6.482796186668818
-6.482799160385409
-6.482798965026551
-6.4827988437319615
-6.482798816087997
-6.482798534444655
-6.4827990398118525
-6.48279970482283
-6.482799009978992
-6.482798169638193
-6.482797838088278
-6.48279729880667
-6.482798508852597
-6.48279840534969
-6.482798387187518
-6.482799209711084
-6.482801158760238
-6.482801466710649
-6.48280135717785
-6.482800536091357
-6.482799902598387
-6.482799207927468
-6.482799297293655
-6.482798653382296
-6.482797836080965
-6.482797455814995
-6.482796948806922
-6.482796705281004
-6.482796493589651
-6.482795819238898
-6.48279529516916
-6.482795066947077
-6.482794293140029
-6.4827942845930995
-6.482795318146113
-6.48279454909274
-6.482794269407357
-6.48279404904881
-6.482793814243526
-6.482794906083353
-6.482796628388438
-6.482796144071384
-6.482796979023953
-6.482796648311072
-6.482797202271804
-6.482796901457448
-6.482796918037872
-6.48279854228748
-6.482798924276751
-6.48279825862546
-6.482797849500802
-6.482797157942696
-6.482796595245555
-6.4827962660882115
-6.482796110783501
-6.4827965119596245
-6.482795939550177
-6.482795148555076
-6.482794660622506
-6.482793892052331
-6.482794230119408
-6.482793441122993
-6.482792796310753
-6.482792127047434
-6.482791330000404
-6.482790667595808
-6.482790014911052
-6.482789793764856
-6.482792275464316
-6.482791507839694
-6.482791373339556
-6.482790551243188
-6.48279070896123
-6.482791187664228
-6.482790713083772
-6.4827919407535575
-6.482792368426055
-6.482793402833994
-6.48279317942214
-6.4827935894894715
-6.482793277166662
-6.482793613683565
-6.482793974179307
-6.482793211229672
-6.482792638228297
-6.482792531513775
-6.482794484237166
-6.482793665089709
-6.4827928752231765
-6.48279233389686
-6.482792382982074
-6.482793792821905
-6.482793037404897
-6.482792336807634
-6.482792333093997
-6.482791836654613
-6.482792454079047
-6.482792663952069
-6.4827919961076255
-6.482792552865269
-6.482793434006744
-6.482793861097917
-6.482794064732923
-6.482793451899872
-6.482793222521597
-6.482792672572344
-6.482792029005654
-6.482791715531966
-6.482792487331789
-6.482792525513213
-6.482792694788137
-6.482792798831652
-6.482792152965052
-6.4827913412579115
-6.482792186921448
-6.482791945292336
-6.482792242853684
-6.482791996138965
-6.48279122621166
-6.482790420103175
-6.482789657176658
-6.482788859268986
-6.48279101841647
-6.482790342707124
-6.482789691927051
-6.48278905252321
-6.482788790300669
-6.482788315903916
-6.482788261694235
-6.482787514440203
-6.482786921025108
-6.4827882062091104
-6.482787804491532
-6.482787566489961
-6.482789815593874
-6.482789758199082
-6.4827890889275634
-6.482788353620676
-6.482787761811166
-6.482788075454794
-6.482787629415636
-6.482787033205208
-6.482786322969297
-6.48278561257597
-6.482786532542624
-6.482785933100515
-6.482788932377412
-6.482788245559177
-6.48278781089836
-6.482787302064072
-6.482787213066315
-6.482787386637808
-6.482786946787723
-6.482786838417709
-6.482787313714244
-6.482787552810937
-6.482787581420813
-6.482786815613735
-6.482788175658485
-6.482787806332694
-6.4827878381275665
-6.482787440801004
-6.4827873157457985
-6.482787381002018
-6.4827876783069085
-6.482788020649563
-6.482787974895604
-6.482788149807067
-6.4827874218519765
-6.4827866871573
-6.482788567226777
-6.482788002606337
-6.482787292538773
-6.482786690749878
-6.482785905976157
-6.482786520532402
-6.482785987294074
-6.482785888568158
-6.4827873496023285
-6.482789323884536
-6.4827902371089
-6.482789853454105
-6.48279005592777
-6.4827893896914786
-6.482788624084569
-6.482788588867393
-6.482789132869166
-6.4827887361942835
-6.482788571954967
-6.482788171967329
-6.482787860266645
-6.4827872609064645
-6.482786607180288
-6.482786021872091
-6.482785401954101
-6.48278501896599
-6.482784462487096
-6.4827854352778145
-6.482785090053738
-6.482785240028553
-6.4827849157634025
-6.482786681015697
-6.482786296360446
-6.482786026725269
-6.48278548344598
-6.482785150430171
-6.482784395864679
-6.482784024237491
-6.482783676989115
-6.482783497692564
-6.482782980246095
-6.482784590004224
-6.482784080264519
-6.482785738314084
-6.482784989519356
-6.4827844330671205
-6.482784289762365
-6.482783757358239
-6.482783504051138
-6.482783275230031
-6.482783017157157
-6.482783045616474
-6.4827827026059825
-6.482782665348936
-6.482782268429009
-6.482782006754142
-6.4827815979220915
-6.48278089395306
-6.482780633479693
-6.4827804673964184
-6.482780618556874
-6.482781045043784
-6.48278103908425
-6.482781672957987
-6.482781293984025
-6.482782943634938
-6.482782624213483
-6.48278242141358
-6.482781676577959
-6.482781176815477
-6.482780874523209
-6.482780779986237
-6.482780249978521
-6.482781382190793
-6.482780613828431
-6.482781835627581
-6.482782244456596
-6.482781576362463
-6.482780952256289
-6.482780212967893
-6.482779437079431
-6.482778993717709
-6.482778726767777
-6.482779752773052
-6.482779173775467
-6.482778456954541
-6.482778330753997
-6.482777638338911
-6.482777318990149
-6.4827766582408675
-6.482776297109697
-6.482776070477805
-6.482777394126195
-6.482777089282425
-6.482776908760844
-6.482777248074539
-6.482777353660777
-6.48277690330343
-6.482776242071033
-6.48277583613689
-6.482775529619109
-6.48277584865884
-6.482775524970178
-6.482775717304146
-6.482776854623644
-6.482776122367018
-6.482775626670103
-6.482774895278375
-6.482775747868202
-6.482776785134699
-6.4827768877402185
-6.482776151302439
-6.482775849147705
-6.482776682022699
-6.482776861302625
-6.482777105418687
-6.482776493209892
-6.482777068141378
-6.482776548216875
-6.482776208361339
-6.4827756422478595
-6.48277520594556
-6.482774442200829
-6.482774978124008
-6.482774842260805
-6.482774442046265
-6.482774032401815
-6.4827733713525175
-6.482774923421652
-6.482774815374807
-6.4827749055771156
-6.4827743500884685
-6.482774817774071
-6.482774940708942
-6.482777059982712
-6.4827770979062445
-6.482776759790286
-6.482777187862101
-6.482776648062787
-6.482776836060069
-6.482776923745358
-6.48277618370081
-6.482775968003716
-6.4827753754461925
-6.482775308243967
-6.482774595175873
-6.482777309678335
-6.482776794472403
-6.482776444451414
-6.482776439541993
-6.48277583139161
-6.48277540157939
-6.48277470950253
-6.48277420406168
-6.482775994209331
-6.482776012655442
-6.482779219240714
-6.482778640440174
-6.482778060168096
-6.482777376883509
-6.482781380415512
-6.482781101045143
-6.482781649472885
-6.482781694874042
-6.482781749585108
-6.482781382634573
-6.482781955265124
-6.482782208379764
-6.482781972305553
-6.48278168617923
-6.482781270065798
-6.482781099021723
-6.482780487134635
-6.482781012326433
-6.482781758970889
-6.482781030536311
-6.482780562976655
-6.482779955899326
-6.482779311205377
-6.482778780156524
-6.482779572039312
-6.482779704913389
-6.482779295775979
-6.482778844071504
-6.482779374047247
-6.48277884573849
-6.482779853602172
-6.4827797949869606
-6.482779308401348
-6.482779703671004
-6.482781379137777
-6.482780661793051
-6.482780199018657
-6.482779700454084
-6.482779623977684
-6.482778906408429
-6.482778669235337
-6.482778253075466
-6.482778400613984
-6.482778636146768
-6.482778469073798
-6.4827777936589035
-6.482777578608675
-6.48277746632194
-6.482777425800879
-6.482777101762118
-6.482776695466979
-6.482776352055281
-6.482775700617394
-6.482775049966513
-6.482774354654346
-6.482773846531616
-6.482773404037361
-6.482773825365262
-6.482776102162407
-6.482775710240931
-6.48277564274863
-6.482775662030874
-6.482774972848561
-6.482774473882083
-6.482773748601972
-6.482773263874136
-6.482773140928628
-6.482773256911167
-6.4827743518311545
-6.4827753629019425
-6.48277490074813
-6.4827755394408895
-6.482775688217359
-6.482775601217358
-6.482775671178543
-6.482775256526294
-6.482775908247889
-6.482777882713423
-6.482777949900707
-6.482777491952139
-6.482778148196279
-6.482777937994002
-6.482778506718785
-6.482778318303571
-6.482777886638342
-6.482777777982496
-6.4827777928851
-6.4827781796274495
-6.48277888962086
-6.482778626311903
-6.482778391887846
-6.482777663340836
-6.482777225602891
-6.4827768631589535
-6.48277643278502
-6.482775765154221
-6.48277517043503
-6.482774898548514
-6.4827753326938184
-6.482776325455618
-6.482776210241729
-6.48277549190764
-6.482776370642558
-6.482775765997765
-6.482777370020729
-6.482777636854629
-6.482777794022056
-6.482777060514758
-6.482778048228148
-6.48277829272854
-6.4827799447559205
-6.482781759960993
-6.482781313694002
-6.482781838199962
-6.482781495156574
-6.48278076002361
-6.4827808362649995
-6.482780749574884
-6.482783037737332
-6.48278363603581
-6.482783602502805
-6.48278411854132
-6.482783462091796
-6.482783179653529
-6.482783163103272
-6.482782647115093
-6.48278342818971
-6.482782881784929
-6.482783483174758
-6.482784794956816
-6.482784553878157
-6.48278402031873
-6.48278402791805
-6.482783348266674
-6.482784163468128
-6.482783763918835
-6.482783922336436
-6.482783873203895
-6.482783472765636
-6.482782820943907
-6.482783645503785
-6.482783025705716
-6.482782637634331
-6.482783818611319
-6.482783120686075
-6.482784001515019
-6.482783839835339
-6.4827834408884595
-6.482783844706209
-6.482783226305402
-6.482783687988363
-6.482785640625217
-6.48278726876148
-6.482786717804743
-6.482786086631568
-6.48278578917683
-6.482785905108644
-6.482785460462736
-6.482785581028719
-6.482784987986098
-6.482784795778001
-6.482784160538212
-6.482783825442764
-6.4827832092852145
-6.4827851132393235
-6.482784991684497
-6.482785336168457
-6.4827852713926335
-6.482785562977379
-6.48278561781142
-6.482785168334807
-6.4827848992898
-6.482784484739662
-6.482783765097453
-6.482783441700183
-6.48278378637714
-6.482783896287625
-6.482783228073886
-6.482782716278826
-6.482782461941254
-6.482782664253206
-6.4827823322071225
-6.4827816789332475
-6.482781245278578
-6.482781590979006
-6.48278201964277
-6.482781618126764
-6.48278093902468
-6.482780431215308
-6.482779810622301
-6.4827796187217555
-6.482778897872796
-6.482779373605855
-6.482779077838942
-6.48277899652568
-6.482778708159567
-6.48277799485743
-6.4827774488701255
-6.482777050545096
-6.482776668614796
-6.482777009293427
-6.4827768570716975
-6.4827767089757105
-6.4827765975892
-6.482776360687307
-6.4827768770974235
-6.482778269309089
-6.482778178847521
-6.482778394178191
-6.4827787239280985
-6.482778795715952
-6.482778609416513
-6.482778631933042
-6.48277806685371
-6.482777555537005
-6.4827773213126685
-6.4827767869548785
-6.482776814148751
-6.482776120214107
-6.482777564324329
-6.482777226327958
-6.482778819454474
-6.482778203631059
-6.482778010326115
-6.482777491683776
-6.482777332226178
-6.482778755927952
-6.482779457187822
-6.482778798359607
-6.482778561613194
-6.482778004221065
-6.482778924601598
-6.482778261554931
-6.482779473061468
-6.482779289987124
-6.482779341492828
-6.482778691964778
-6.482778137261707
-6.4827778628214485
-6.4827782057604
-6.4827797082714005
-6.482779032673562
-6.482778629414338
-6.482778123891416
-6.482777611868601
-6.482776924380115
-6.48277712027423
-6.48277723199497
-6.482777571953111
-6.48277701728911
-6.482776849889203
-6.4827767903425
-6.482778050957568
-6.482777535810813
-6.48277876218883
-6.482778632753054
-6.482778371702345
-6.482781444939762
-6.482781209139121
-6.482782035589354
-6.482782056174284
-6.482781471479268
-6.482780865470979
-6.482781304216609
-6.482780812285841
-6.482780947090773
-6.482781314287505
-6.482781578060492
-6.482781249538218
-6.4827805564357694
-6.482780827544995
-6.4827815869110355
-6.482781058698897
-6.482780888393899
-6.482780953664747
-6.4827810781837645
-6.482780988131909
-6.482780692224213
-6.482780672080452
-6.482781103610936
-6.482780559537971
-6.482782612991654
-6.482783615666321
-6.482783053864574
-6.482782553462499
-6.482781936490356
-6.48278126892048
-6.482781085515795
-6.4827804452395315
-6.48278044578295
-6.482780414924382
-6.4827837676648095
-6.482783690626674
-6.482783037176175
-6.482782337509694
-6.482782005873365
-6.482782739168034
-6.482783656899802
-6.482783520981551
-6.482783422974178
-6.482783546739573
-6.482783088664027
-6.48278333523845
-6.48278273970155
-6.482783742156097
-6.482783224482316
-6.482782849960768
-6.482782918996177
-6.482782425091097
-6.482782587963632
-6.482782145273877
-6.48278239233434
-6.482781844170937
-6.4827816837390015
-6.482782424531397
-6.482782424354608
-6.482784252805039
-6.4827842288711715
-6.482783821653295
-6.482783503521028
-6.4827831014354045
-6.482782610136308
-6.482782453454491
-6.482784292326171
-6.482783996327083
-6.482783660173941
-6.482782984304635
-6.482783700491435
-6.48278420378783
-6.482783561737333
-6.482784175047626
-6.482784127629203
-6.482783598239383
-6.48278300959833
-6.482782546924277
-6.482782054402912
-6.482781540623608
-6.482781664072587
-6.482781294123282
-6.4827814220246465
-6.482782706757425
-6.4827828934805884
-6.482782988298031
-6.4827827222996515
-6.482782607398548
-6.482783035361987
-6.482783720187701
-6.482783352079255
-6.482784319363975
-6.4827837729858
-6.482783235397166
-6.4827825626307725
-6.482782936183683
-6.482783348655697
-6.4827827735451455
-6.482782572992715
-6.482782078481645
-6.482781977944429
-6.482782599451683
-6.482782227109077
-6.482781998577211
-6.482783094752355
-6.482783086069125
-6.482782721780489
-6.48278219990923
-6.482781829570067
-6.482781814650736
-6.482781149264538
-6.482780536879551
-6.482780660409272
-6.482780156490999
-6.482779468527991
-6.4827793495718655
-6.482779421947698
-6.482784134420407
-6.482784569297117
-6.482784739113565
-6.482784146273092
-6.482784003828254
-6.482783393269961
-6.4827827136402885
-6.482782222619249
-6.482782091432087
-6.482781861293432
-6.482781386622077
-6.482780734688046
-6.482780055651228
-6.482779857250549
-6.482780083284094
-6.4827810253297535
-6.482781256180461
-6.482781243304085
-6.482781031048553
-6.4827804637999895
-6.482779846671448
-6.482779181045191
-6.482778705702004
-6.482778511138106
-6.4827788326032065
-6.482778244255403
-6.482777621320657
-6.482776980882019
-6.48277701418039
-6.482777229822929
-6.4827785651653445
-6.482779111463993
-6.482778897964472
-6.482780005149974
-6.482779332102827
-6.482779760960036
-6.482779427711942
-6.482780659487588
-6.48278022234121
-6.482780479886692
-6.4827810476896435
-6.4827808810779635
-6.482783488711418
-6.482782925714168
-6.482783971814771
-6.482783890508234
-6.48278373803217
-6.482783796022217
-6.482783868646334
-6.482783442822776
-6.482783239184883
-6.482782592555181
-6.482783636465071
-6.482784925603268
-6.482784955311885
-6.482784486734213
-6.482784684496227
-6.482784574199472
-6.48278435388196
-6.482784195463366
-6.482783624340561
-6.482782991709003
-6.48278235816366
-6.482782243214424
-6.482781752039992
-6.48278147042678
-6.482782179501822
-6.4827816251876955
-6.4827813167092065
-6.482780932799763
-6.4827805165916645
-6.482779902363814
-6.482781351459021
-6.482780790409239
-6.482781917579537
-6.482781285478108
-6.482780845751881
-6.482780303060595
-6.482780249276414
-6.482780588972321
-6.482780223670775
-6.482780527107158
-6.482780189686163
-6.48278007578596
-6.4827811908563175
-6.482781470776846
-6.482783326465681
-6.482782698003521
-6.482784983570901
-6.482789436661843
-6.482789223844302
-6.482788646380861
-6.482788436325443
-6.482788160189311
-6.482788264366218
-6.482787709432187
-6.482790242628549
-6.4827901135389014
-6.482789991273055
-6.482789689830397
-6.482789813495335
-6.482790494668611
-6.482790332984157
-6.482790499209003
-6.482789900783562
-6.482789503964387
-6.482789647182436
-6.482790124206508
-6.482789738206431
-6.482790964171687
-6.4827903608656845
-6.482789712203852
-6.482789050290836
-6.482789756418178
-6.482790401614306
-6.482789996140621
-6.482790354390074
-6.482789791190514
-6.482791326566069
-6.48279083369538
-6.482790383258902
-6.482790209115678
-6.482791405267257
-6.482791860550068
-6.482792145270457
-6.482791512288518
-6.482792367838934
-6.482791709371136
-6.482791193278927
-6.482790952950794
-6.482790318521744
-6.482789794889501
-6.482789188882336
-6.48278901220898
-6.482789507729148
-6.482789115439262
-6.482788794253237
-6.482788508201444
-6.482788288179615
-6.482787640211442
-6.482787039641957
-6.4827871663631536
-6.4827882800191
-6.482788005459776
-6.482787429062126
-6.482786876533763
-6.482786752826449
-6.482786262689506
-6.48278604730115
-6.482786990427173
-6.4827867661304674
-6.4827865940834375
-6.482786496932976
-6.482786552680693
-6.482786476455534
-6.48278633182157
-6.482786255026239
-6.48278729523869
-6.482787187641587
-6.482787086735855
-6.482786863801997
-6.4827871730618725
-6.482787649361419
-6.48279011820869
-6.482789772537736
-6.482790140698998
-6.482789773989532
-6.482789996672552
-6.482789914783801
-6.482790233576613
-6.482789902268938
-6.482789604907085
-6.4827891280693875
-6.4827888372031905
-6.482788489592074
-6.482789243988671
-6.48278951828522
-6.48278893806901
-6.482788725774893
-6.48279079732891
-6.482790297621471
-6.482791662562332
-6.482791355634207
-6.482791282678802
-6.4827906514138585
-6.482790406220007
-6.482790480994266
-6.482791215243701
-6.482790622581929
-6.482790571763843
-6.482790006917255
-6.482790546684396
-6.482790669945052
-6.482790188400841
-6.482789896876639
-6.482791007762414
-6.4827904408306
-6.4827907624456715
-6.482790301285201
-6.482789730529352
-6.482789233632413
-6.482788884191175
-6.482788615446221
-6.482788023784523
-6.482788520911904
-6.482788125139978
-6.4827876682974805
-6.482788438643157
-6.482788198039335
-6.482788465218331
-6.482787994968345
-6.482787775860036
-6.482789442583381
-6.482789877673594
-6.482791605300904
-6.4827922445585076
-6.482793173251739
-6.482794478912602
-6.482794134802809
-6.482793862283496
-6.482793545511483
-6.4827935073481635
-6.482793856706002
-6.4827934901448225
-6.482793000365686
-6.482792394922601
-6.482793057981114
-6.4827927415948405
-6.482792641135808
-6.482793183883216
-6.482792894311217
-6.482792436866293
-6.482792065153731
-6.482791750507013
-6.48279165356508
-6.4827916772033145
-6.482792442891298
-6.48279222542469
-6.482791796879231
-6.4827912700854915
-6.482790782336409
-6.482790642925026
-6.4827901060963065
-6.482789616409575
-6.4827907028575185
-6.4827906213891335
-6.4827901815201745
-6.48278967486814
-6.482789480029775
-6.482791482364769
-6.482791645850384
-6.482791196871973
-6.482791817777451
-6.482791933073963
-6.482792387879314
-6.482792878366501
-6.482792631095884
-6.482792908858018
-6.482792302012863
-6.482791943730168
-6.482791375179845
-6.482791045910063
-6.482792380849843
-6.482791895614555
-6.4827916392769405
-6.482791079035365
-6.482792417143639
-6.482792026851584
-6.482792263802157
-6.482792009840197
-6.482791608565355
-6.482792106665591
-6.48279158738526
-6.482792197747115
-6.482792033594302
-6.4827914016379955
-6.482791572015155
-6.48279183359069
-6.482791683811028
-6.482793507887381
-6.48279302704064
-6.482793485195826
-6.482792944268956
-6.482792411898032
-6.482792001008589
-6.4827919368574145
-6.4827915597761665
-6.482792616822757
-6.482793892231845
-6.482793396870601
-6.482793555532624
-6.482793080071691
-6.482792541165254
-6.482792764591411
-6.4827922615789415
-6.482791664093396
-6.482791117022599
-6.482791519058531
-6.482791122598095
-6.482791679414696
-6.4827915771871325
-6.482790985864257
-6.482792561726456
-6.482792300588584
-6.482792019033732
-6.482791970443316
-6.482792002264809
-6.4827917857891295
-6.482791272558058
-6.482791608030187
-6.482791419865989
-6.482791043669299
-6.482791125599392
-6.482791024782525
-6.482792347543844
-6.482791835492273
-6.482793622552425
-6.482794060794423
-6.482793826397386
-6.482793680041877
-6.482793669355897
-6.482794409586261
-6.482793905482323
-6.482794152842999
-6.482793770175589
-6.4827945881518145
-6.48279593119538
-6.482795401758001
-6.482795565662295
-6.482795758537945
-6.482796609520516
-6.482796163747988
-6.482795770551208
-6.482797457747908
-6.4827968562865985
-6.482797216454911
-6.482796895634908
-6.482796337401904
-6.482795854076599
-6.482799343123844
-6.482798910051482
-6.48279931731475
-6.482799733229449
-6.482799379889983
-6.482799158221712
-6.4828001562747195
-6.482799928902582
-6.482802167766239
-6.4828027626191576
-6.48280336264785
-6.482803574245973
-6.48280332888312
-6.482803323582958
-6.4828027629633045
-6.482802654820018
-6.482802351260764
-6.482801812528054
-6.48280123173299
-6.482800731192781
-6.4828003809007795
-6.48279975406293
-6.482799442523761
-6.482800547067404
-6.482800940828682
-6.4828008348860395
-6.482800471716866
-6.482800747779332
-6.482800604410738
-6.482800542756816
-6.482800721983506
-6.482801112490739
-6.482801455342207
-6.4828013912996685
-6.482802074233527
-6.482803160203336
-6.482804716511473
-6.48280429584087
-6.482804315202434
-6.48280418385501
-6.482803624858458
-6.482803154675902
-6.482803376247125
-6.482803153854161
-6.482803015878875
-6.482803316695676
-6.482804467388308
-6.482804141550441
-6.482805102866146
-6.482804621420493
-6.482804383831976
-6.482803760374764
-6.482803299924042
-6.482803266559592
-6.482803261282173
-6.482803465762579
-6.482802930568875
-6.482802419020716
-6.482802381560377
-6.482801912429707
-6.482801722757937
-6.482801491980976
-6.482801275021054
-6.482802630220131
-6.482803360628437
-6.482805469141614
-6.4828048854371
-6.482805041955767
-6.482804534190899
-6.482805195265453
-6.482805334897773
-6.482805343443348
-6.4828058484060085
-6.482806239862593
-6.482805766999428
-6.482805431477041
-6.482805035430723
-6.482804684496104
-6.482805047808447
-6.48280458537768
-6.482804720178383
-6.482805220021203
-6.482805036910193
-6.4828047982086705
-6.482804587801822
-6.482804029353049
-6.4828047048976805
-6.482807203029996
-6.482807120411335
-6.4828077054192015
-6.482807689679361
-6.482807577504965
-6.482807590874783
-6.482807006602589
-6.482806520121507
-6.482806579001523
-6.482806871932534
-6.482806726436962
-6.482806387493412
-6.482806282522903
-6.482806263367013
-6.482805918455399
-6.482805367361606
-6.482807714291998
-6.482807306246896
-6.482807662249963
-6.482807980738343
-6.48280749782436
-6.482806902961014
-6.482806832601035
-6.482808150063358
-6.48280754107763
-6.482807595508597
-6.482807334724417
-6.482807559761675
-6.48280806878288
-6.482807649211971
-6.482807138165742
-6.482806705104286
-6.4828083344870135
-6.482808119410818
-6.482809977184977
-6.482809576640722
-6.482809951325007
-6.482809862490777
-6.482809858368347
-6.482809671975314
-6.482809786188269
-6.482809390616051
-6.482809431320223
-6.482809047763254
-6.4828084784032125
-6.4828079237598955
-6.48280770704241
-6.482807530919427
-6.482806997842468
-6.48280641894086
-6.482806113907702
-6.482805519485775
-6.482805545453795
-6.482804968247954
-6.482804558806739
-6.482804550281187
-6.482804267803384
-6.482804222289159
-6.482804194031093
-6.482804338394661
-6.482804056943985
-6.482803798771584
-6.482803699680229
-6.48280319084551
-6.482804242683112
-6.482804210412062
-6.482804186906899
-6.482803666782642
-6.482803525564165
-6.482803068314791
-6.482802564755386
-6.4828021088942345
-6.482802581946042
-6.482803206461089
-6.4828032641604505
-6.482803175175125
-6.482802697850742
-6.482802336487438
-6.482802845814641
-6.482802259179262
-6.482801803602801
-6.48280183097425
-6.48280135702986
-6.482801154153404
-6.4828007321320635
-6.482800900906363
-6.482800615277166
-6.482800101123453
-6.482799609921705
-6.482799170935882
-6.4827991008238355
-6.482800003965643
-6.482799664346742
-6.482799538089628
-6.482799377101267
-6.4827988527453995
-6.482798846834237
-6.48279845656305
-6.482798198101683
-6.482797678428098
-6.482798549486703
-6.482798650175152
-6.482798254440587
-6.482797813368667
-6.482797395631095
-6.48279896495106
-6.482798960158547
-6.482798582301057
-6.482798310063991
-6.482797755719731
-6.482798194280434
-6.482797740509944
-6.482797358032406
-6.48279730053082
-6.482797191106483
-6.482797979355224
-6.482797386149975
-6.48279747887263
-6.482796996830417
-6.482796815113177
-6.482797021123402
-6.482796667246766
-6.482796712913708
-6.482796768534923
-6.482797360905086
-6.482796806024682
-6.482796339882154
-6.482795802063176
-6.482795440357551
-6.482795537708802
-6.482795083549357
-6.482795815977143
-6.482795615173054
-6.482795887021675
-6.482795388875173
-6.482795200445692
-6.482794933589309
-6.482795103903554
-6.482795891148258
-6.4827967078408815
-6.482796165881179
-6.482798517375184
-6.482797917799956
-6.48279737120985
-6.482797567519767
-6.482797820065902
-6.482798261627149
-6.482798720601256
-6.482798714650443
-6.4827988640271705
-6.482799363653315
-6.48279878465477
-6.482798556079133
-6.482798208074952
-6.4827976952692055
-6.482799335486424
-6.482801522471776
-6.482801100893338
-6.482800623429471
-6.482801940302291
-6.482801716708139
-6.482801720444485
-6.48280145114917
-6.482800976817651
-6.482800996019516
-6.482800592670785
-6.4828004154288585
-6.482800073838057
-6.482799874331455
-6.482800202540408
-6.4828004839360815
-6.482803019385859
-6.48280277901475
-6.482802184676256
-6.482802310756109
-6.482802128302365
-6.482802647367996
-6.482802325775438
-6.482802465373942
-6.482801879893698
-6.482801562152132
-6.482801108405961
-6.482800938655771
-6.482800650629256
-6.482802118618686
-6.482801688142908
-6.482801308304379
-6.482800875201954
-6.482800489363154
-6.482800422660002
-6.48280031761261
-6.4828012939992234
-6.48280194655398
-6.482801482652122
-6.482801697303419
-6.482801242173526
-6.48280080770271
-6.482800266422296
-6.482799772647538
-6.482799819035781
-6.482800123230035
-6.4827999830087695
-6.482799415994263
-6.4827992627452975
-6.482799247761803
-6.482798831207553
-6.482798654056562
-6.482798219644429
-6.482797650768573
-6.482798160503354
-6.482798692426561
-6.482799079889671
-6.482798992479386
-6.482798747196762
-6.482798702312163
-6.482800948838335
-6.482800667728548
-6.482800457502389
-6.4828014718599665
-6.482804362215384
-6.482803828586646
-6.482803514746464
-6.482803114113552
-6.482804246746825
-6.482805754458357
-6.482805344811699
-6.482804782386483
-6.4828046226493745
-6.482804132855105
-6.4828046263204575
-6.482804075379285
-6.482803507067036
-6.482803052133011
-6.482802921695068
-6.482803529739832
-6.4828029604438235
-6.4828032832678675
-6.482802837395131
-6.482803221261501
-6.482803802185151
-6.482803593099407
-6.482803237377316
-6.482803187339369
-6.482802633621311
-6.482802858435551
-6.482803817628359
-6.482803262880771
-6.482802967682877
-6.482803474200143
-6.482805758835668
-6.482805584101017
-6.482805070664987
-6.482805154905664
-6.4828048837875425
-6.48280450286322
-6.4828039893639025
-6.482803711331177
-6.482803910896222
-6.482803412022756
-6.482802941729967
-6.4828041139699915
-6.482804397345205
-6.4828042156419015
-6.48280636928735
-6.482807679202835
-6.482808351682016
-6.482808030184411
-6.482808707986463
-6.482808569282511
-6.482808433408658
-6.482811038712395
-6.482811275217154
-6.482812812779539
-6.482813078373876
-6.482813116408045
-6.482813419918642
-6.48281326819931
-6.482812736023376
-6.482812168552723
-6.482812024380531
-6.482811730259925
-6.482811461439724
-6.482811786067742
-6.482811657875331
-6.482811630672823
-6.48281179596519
-6.482811284167577
-6.482810799318322
-6.482810592267622
-6.482810563762865
-6.48281116955625
-6.482812365999364
-6.482812786106901
-6.482812836461146
-6.482813757330211
-6.482813814707169
-6.482813300314207
-6.482813190770163
-6.482812657813348
-6.482813328112942
-6.482813708171454
-6.482813457227845
-6.482813105744678
-6.482812972887513
-6.482812499437354
-6.482812485178437
-6.482813817082089
-6.482813921806941
-6.482813399800537
-6.482813727757869
-6.482814050868662
-6.482813469645903
-6.482813844987629
-6.482814160870698
-6.482813818499709
-6.482813265615103
-6.482813238344203
-6.482813335598223
-6.482813153979761
-6.482812835090072
-6.482813076624046
-6.482812695749767
-6.482812576867244
-6.482814104750207
-6.48281481456264
-6.48281504623857
-6.482815062811539
-6.482814615106875
-6.482814763920032
-6.482814295990136
-6.482813742615784
-6.482813332939919
-6.4828137387667075
-6.482814139426358
-6.482815211518513
-6.482814950661631
-6.482815133777575
-6.482815616708807
-6.482815192375324
-6.482814806070102
-6.482814284589142
-6.482814320019039
-6.482814940611009
-6.48281591771275
-6.482816220667173
-6.482816006528742
-6.482815863959288
-6.482816403566624
-6.482816198118046
-6.482815786095843
-6.482816591284723
-6.482816037643735
-6.482815891958428
-6.482815670784372
-6.482816573881698
-6.482816327713509
-6.48281591999269
-6.4828163594446355
-6.482816121780928
-6.482815612660751
-6.482815094053643
-6.482814531682567
-6.482814950304489
-6.48281523585816
-6.48281591945797
-6.482816352781211
-6.482815855113284
-6.482815349190549
-6.482815010837209
-6.482815447615442
-6.482816698728416
-6.4828161771638
-6.482815966200906
-6.482815427964016
-6.4828153029574285
-6.482815264318486
-6.482814739091979
-6.482814592495152
-6.4828142244318485
-6.48281366244075
-6.4828137692802645
-6.4828139579144075
-6.482813594729153
-6.482813596781038
-6.482813250983998
-6.482812746239335
-6.482813273301727
-6.4828127579400325
-6.482812202308537
-6.482811662114305
-6.482812369904526
-6.482812156384791
-6.4828123742501464
-6.4828121946399735
-6.482811823025721
-6.482813362026299
-6.482812809659964
-6.48281233211837
-6.482811759111676
-6.482811236905995
-6.482810716157223
-6.482811445736931
-6.482811082219528
-6.4828107655965095
-6.482811537227156
-6.4828123691791255
-6.4828137586648955
-6.482813639557132
-6.482813118719997
-6.482812712629931
-6.4828122461197575
-6.482812072881674
-6.4828115928868835
-6.482811303913169
-6.4828110392228036
-6.48281095980388
-6.482810989442473
-6.482810804614023
-6.482810525471177
-6.482810522166321
-6.482810381757026
-6.48281000739121
-6.482809882709008
-6.482809767598952
-6.482810042270093
-6.482809982744454
-6.482809594647439
-6.482809510444428
-6.482809456928589
-6.482809325115788
-6.482808788326204
-6.4828099886024315
-6.482809673237051
-6.482809150207183
-6.482808692419935
-6.482808543279564
-6.482808155773659
-6.482807832791355
-6.482808651417287
-6.482808398075653
-6.482807962486353
-6.482808489600087
-6.482808264892217
-6.482808011028716
-6.482807809354255
-6.482807322876634
-6.482807526197762
-6.4828078202020105
-6.482807713860966
-6.4828072174176405
-6.482807271337688
-6.482806730912317
-6.482807114689526
-6.482807410843147
-6.482807523018622
-6.4828077913822
-6.482807452381117
-6.482806898718502
-6.4828070331394505
-6.482807925885238
-6.482807488364548
-6.482807348233041
-6.482807863062193
-6.482807356954031
-6.482806891872324
-6.482806486810403
-6.482805988537376
-6.482806263477371
-6.482805978344539
-6.482806408602275
-6.482810043379347
-6.4828116856515265
-6.482811987348592
-6.4828116721532965
-6.48281112752751
-6.482810754102635
-6.482810478521006
-6.482810858386316
-6.48281147380618
-6.482811326022581
-6.4828111084748015
-6.48281196747323
-6.482811647484674
-6.482811443189739
-6.4828112982636075
-6.4828118274527755
-6.482811271047511
-6.482810803932643
-6.48281067676127
-6.482810125223352
-6.482809614950622
-6.482810353033561
-6.482810110935121
-6.482809898178038
-6.482809817495782
-6.482812047053876
-6.482812257504492
-6.482812151837833
-6.4828117411948165
-6.4828138449826636
-6.482814670768711
-6.4828142875401396
-6.482815137214888
-6.482815233802564
-6.48281483783582
-6.4828144487454855
-6.482814152217648
-6.482813943166487
-6.482813549730364
-6.4828132078791105
-6.482812660804398
-6.482812449856466
-6.482812820935011
-6.482812340222877
-6.4828127728779545
-6.482812274604924
-6.482812245020328
-6.482812045479965
-6.482813601412713
-6.48281545028379
-6.48281530460083
-6.482815014743344
-6.482814817714861
-6.482814458458449
-6.482814121773543
-6.482813940737851
-6.4828136196773025
-6.482813263702309
-6.4828129894790685
-6.482812776135666
-6.482812981454474
-6.482812757890965
-6.482812579597047
-6.482812726579253
-6.4828132164970445
-6.482814632177246
-6.482814093656372
-6.482816169944463
-6.4828162396747375
-6.482816880274183
-6.482816431175907
-6.48281592478321
-6.482815715416073
-6.482815635550094
-6.4828155370981495
-6.482815218555895
-6.482815171646356
-6.482815084979842
-6.482815502972309
-6.482814974584133
-6.482814434607131
-6.482815576517142
-6.48281615531249
-6.482815697136897
-6.482815392425334
-6.482816011065678
-6.482815694454072
-6.482815254063911
-6.482814815734208
-6.482815022424101
-6.482814611518331
-6.482814067694024
-6.482813556490413
-6.482813032119369
-6.4828125008714395
-6.482812599336027
-6.482812053737758
-6.482813363769385
-6.482815462458709
-6.482815561916947
-6.4828156262919086
-6.482815964519169
-6.482815765514144
-6.482815461454731
-6.482815004540578
-6.4828149286097565
-6.482814425923108
-6.482814231893341
-6.482813787646202
-6.482814465036976
-6.48281460695006
-6.482814679959939
-6.482814169714482
-6.482813704378791
-6.4828137147509795
-6.4828134091392045
-6.482813272149887
-6.4828130592413515
-6.482812536730317
-6.482812067820778
-6.482811616183278
-6.482811593820575
-6.482811398472845
-6.482812136271649
-6.482811907388285
-6.48281258853548
-6.482813434886247
-6.4828133485003505
-6.482813019997724
-6.482812642492134
-6.482812572553744
-6.482812035760815
-6.482812170578945
-6.482811990143119
-6.482811940535419
-6.482811751248671
-6.482811490429464
-6.482811129249475
-6.482811245046019
-6.482811924247886
-6.4828115017147585
-6.482812494478573
-6.482812080808614
-6.482811535004298
-6.482811106656097
-6.482810929053764
-6.482810959380673
-6.482811371382767
-6.482810879252774
-6.482811109194637
-6.482810608838632
-6.482810494186206
-6.48280999167963
-6.48280998804717
-6.482809772772459
-6.482809441314491
-6.482809190662092
-6.482808928674191
-6.48280879371558
-6.482808632903866
-6.482809297701478
-6.482808773196835
-6.482808638341122
-6.482808884927881
-6.482808586851685
-6.482808445560984
-6.482808024106669
-6.482807520619311
-6.4828078129350715
-6.482807823560036
-6.4828079461162105
-6.482807841547338
-6.482807407974087
-6.482806899549465
-6.482806950237171
-6.482806899394485
-6.4828094694818565
-6.482810598352324
-6.482810200862164
-6.482811954661001
-6.482811749286593
-6.482812189393254
-6.482811881504246
-6.482811462935613
