PEL Ensemble Cumulative Energies at T*=1
-6.477191511708043
-6.255127971404749
-6.1771181409894185
-6.1373195235767835
-6.113564521341035
-6.097821042010948
-6.086355879375867
-6.0781404717367105
-6.071391187120446
-6.066122546407974
-6.062090734302501
-6.058702363009297
-6.055512776404021
-6.052916623061336
-6.05063619565222
-6.048662042107578
-6.047108213575065
-6.045453425736074
-6.043956441594413
-6.042694473612331
-6.041485633832447
-6.040543133508157
-6.039548905301176
-6.0387383886042345
-6.037877874388597
-6.0370828949667725
-6.03636028424238
-6.0357669585687415
-6.035466345716458
-6.03488829959356
-6.034328392140898
-6.033892936724168
-6.033648876767519
-6.033267780996562
-6.032858878056018
-6.032513087274523
-6.032332924597576
-6.031963219100343
-6.031585052349681
-6.031248900519071
-6.031012615449722
-6.030701517581023
-6.030448551676096
-6.030171150833959
-6.0299054436118515
-6.029641215552943
-6.029382237373522
-6.029186922274795
-6.029237068225848
-6.0290296166628865
-6.0288984834991775
-6.028680293885319
-6.028459965878652
-6.0282568343944245
-6.028123640422817
-6.027968442147393
-6.027838611073465
-6.027717209843836
-6.027574488315001
-6.027441451757179
-6.0273572817822565
-6.027249106833845
-6.027144167815793
-6.02699976203548
-6.026936813833401
-6.02689968547219
-6.026771496703994
-6.026738948210438
-6.026632323952904
-6.026498007455435
-6.02637675248572
-6.026308306899354
-6.026210161834157
-6.02610128862947
-6.026029169340872
-6.025925900321985
-6.025860638343832
-6.0257547129668465
-6.025650728931473
-6.0256363828934685
-6.02561206764228
-6.025595659008316
-6.025517755185336
-6.025444723822734
-6.025353595863059
-6.025266890140807
-6.025179741516977
-6.02514503993056
-6.025101698694683
-6.025017006108347
-6.024937261002264
-6.024850984053254
-6.024827051733661
-6.024798109786991
-6.024718504304773
-6.024641415597216
-6.02462096932462
-6.024569637808476
-6.024549015442048
-6.024495882194954
-6.024558173583015
-6.024492821933685
-6.024446057824656
-6.024432411188048
-6.024381502041215
-6.024314248162072
-6.024256696474883
-6.024204435661199
-6.024203769544226
-6.0241835822942145
-6.024122188741063
-6.024059429044052
-6.024039945506674
-6.023985520930637
-6.023992459232872
-6.023933536337472
-6.023877812642465
-6.023834491583941
-6.023805260886076
-6.023756393554494
-6.023712343709656
-6.023676617857641
-6.023739524754167
-6.02368969447193
-6.023660361447312
-6.023617620143545
-6.023590502893635
-6.0235721759278125
-6.02353667036822
-6.023540005109709
-6.023535936463622
-6.023488096450713
-6.023440677121522
-6.023432047793386
-6.023402496549893
-6.023357158570124
-6.023313080895413
-6.023269697874412
-6.023258818201567
-6.023248258487973
-6.023216033548422
-6.023180360873888
-6.023144710614008
-6.0231834759102885
-6.023175289700139
-6.023143862984077
-6.023106895465419
-6.023077595279757
-6.023052584450708
-6.023015098915272
-6.0229899640753715
-6.0229994571667405
-6.022961875183954
-6.022956893086365
-6.022932399708307
-6.022896890718163
-6.022865262324379
-6.022889074118722
-6.022881386893867
-6.022886054596206
-6.022861558015534
-6.022843781912501
-6.022811754746091
-6.022779059142865
-6.022803901575032
-6.0227696814695415
-6.022759243278471
-6.022736701574603
-6.022726075137714
-6.02270700774612
-6.022674092369443
-6.022720098644704
-6.022708579546185
-6.022704937785322
-6.022682007220693
-6.022653518049279
-6.022637319720619
-6.02261258041246
-6.022583431678939
-6.022573705601653
-6.022564198050041
-6.022539551372504
-6.022570421666369
-6.022543870927728
-6.022537317984317
-6.0225454181194955
-6.022583045961923
-6.022555129669696
-6.022532169382762
-6.022504671403222
-6.022480865246927
-6.022470730136434
-6.022451918725631
-6.0224430516980645
-6.022424386103259
-6.022402883249338
-6.022377951841544
-6.022367336739358
-6.022401384919547
-6.022414685435888
-6.022398221439292
-6.022403000283858
-6.022376885706395
-6.022370899855766
-6.022347852828734
-6.022330931153888
-6.022320537773381
-6.022348688336923
-6.022326282443221
-6.022377561991451
-6.022376762734461
-6.022398616052165
-6.022390230270942
-6.0223752607358305
-6.022357234734642
-6.022388619723553
-6.022390371998531
-6.022376220919606
-6.022368584492142
-6.0223445400134485
-6.022353295035368
-6.022346782729078
-6.022330961499905
-6.022364672134783
-6.022345626741579
-6.02234801536277
-6.022372683198774
-6.022353271761016
-6.022345040190218
-6.022327364197014
-6.022340585399168
-6.022319832123193
-6.022301508398055
-6.0223985083337475
-6.022400163261562
-6.022382260682727
-6.02237402861495
-6.0223592370597245
-6.0223445871434365
-6.022329190356512
-6.022308495027186
-6.022292309962706
-6.022279152983593
-6.0222618555951035
-6.022242554055132
-6.022223589365463
-6.0222179310984325
-6.022200111133323
-6.022239938844062
-6.022230247302253
-6.022217358699993
-6.02224488191168
-6.022247214494866
-6.022248848130484
-6.022293759195689
-6.022275509329027
-6.022300203595382
-6.022281874346122
-6.022283039275734
-6.0222783560016
-6.022269994293425
-6.02225363087793
-6.022254666694505
-6.022264597414127
-6.022245409508843
-6.022227884288837
-6.022209910486201
-6.0222320816345345
-6.022215575972606
-6.022232067669562
-6.022239480779545
-6.022245367496644
-6.022227903501854
-6.022213215881702
-6.02221270511442
-6.022210451321137
-6.0221929971144785
-6.022197650728139
-6.022197546851394
-6.022198445683012
-6.022180073285447
-6.0221667121371905
-6.022154017968019
-6.022138702640691
-6.022132165170786
-6.022131691289342
-6.022140155119231
-6.022123748330191
-6.022124006794084
-6.022108083427425
-6.022096544512172
-6.0220812458289785
-6.0220907602211735
-6.022091568460077
-6.022089566881443
-6.022077997148964
-6.02208658369643
-6.022084297436912
-6.022081526036322
-6.022095268055583
-6.02207967090667
-6.022084763133389
-6.022071810247171
-6.022100432511882
-6.022103691810279
-6.022121390828898
-6.022137539338316
-6.022130544518257
-6.022116438385093
-6.022109442842054
-6.022100399164757
-6.022084157781621
-6.022076251173119
-6.022063746997562
-6.022102271938891
-6.022115006703283
-6.022101949785765
-6.022103960758844
-6.022089596480831
-6.0220774392964405
-6.022082391841041
-6.022070848721628
-6.022063511594444
-6.02205811975109
-6.022063787688201
-6.0220632796195055
-6.022052894588525
-6.022085403150819
-6.02207065849009
-6.022061994038331
-6.022052865737962
-6.0220487330430705
-6.022060914171551
-6.022047891996248
-6.022065160856351
-6.022072520585216
-6.022080856654858
-6.022076763186075
-6.022084516704005
-6.022073792138687
-6.022094768520637
-6.022098570943722
-6.022087979650247
-6.022084591337102
-6.022074561067104
-6.022071847223223
-6.022065072241901
-6.022051289709852
-6.022036841694419
-6.022042263268318
-6.022043061937073
-6.022034290503921
-6.022021374716771
-6.022021546188456
-6.022023861471532
-6.022010018042366
-6.021996839212076
-6.021985758915886
-6.022002589443584
-6.021990666335537
-6.021978667275989
-6.021975825186497
-6.022002471302708
-6.022007647268166
-6.0219947040380575
-6.0219875730542975
-6.021974827204864
-6.021964307646961
-6.021957973630864
-6.021955223014191
-6.021957975789916
-6.021949627322605
-6.021938557411422
-6.021930242808412
-6.021926447764677
-6.021923112896844
-6.021912133415915
-6.0219027757689325
-6.021899364035593
-6.021890403485945
-6.021894742699628
-6.021884094233469
-6.0218817449456
-6.021869567076336
-6.021857192438898
-6.021853523600074
-6.0218665951380705
-6.021870500860687
-6.021859269259317
-6.021848240981096
-6.0218383372232696
-6.0218389178264875
-6.0218275302162
-6.021816848637445
-6.021805961239783
-6.021794092646555
-6.021801114859257
-6.02179073673613
-6.021783888578986
-6.021804014301998
-6.021793114850926
-6.021788794984524
-6.021782031969631
-6.021777811859088
-6.021769048185154
-6.021785924717185
-6.021777722451788
-6.021768540431664
-6.021763846050434
-6.021765507814988
-6.0217581948226115
-6.021747547451775
-6.0217421843337435
-6.021738711775967
-6.021740536188677
-6.0217322526214625
-6.021724003628028
-6.0217187193823
-6.0217098979481625
-6.021700966219933
-6.02169725056946
-6.021686359489779
-6.021697314200961
-6.021692530132798
-6.021683253349447
-6.021677315000192
-6.021682260710565
-6.021671517829021
-6.021662444878388
-6.021657221043492
-6.021679201416234
-6.021671952494495
-6.0216657254910135
-6.021660040949417
-6.021653834638254
-6.021646055413898
-6.021638048794043
-6.021633379555348
-6.02162875360043
-6.0216220619405085
-6.021634731923478
-6.021632416274967
-6.021624192289677
-6.021616487202839
-6.021611172048719
-6.021601334270098
-6.021602013576735
-6.021595073164678
-6.021589282731932
-6.0216022046642745
-6.021595550709419
-6.021597093260089
-6.021591592051093
-6.0215819321374555
-6.02158065340145
-6.021577399307496
-6.021570374928326
-6.02156050471396
-6.021557193860906
-6.021558552516884
-6.0215491896540705
-6.021541587496246
-6.021534145934513
-6.021526028823493
-6.021518383876468
-6.021517407740952
-6.021511896982811
-6.021515903137866
-6.02150631841049
-6.0214985165164325
-6.0215043552397125
-6.021496175017917
-6.021490039073816
-6.021482390847437
-6.0214886608682265
-6.021479264060117
-6.02147116323877
-6.0214652315216535
-6.021476711442153
-6.021477957495937
-6.021470492183725
-6.0214623628021515
-6.021454925530973
-6.021446197649804
-6.021447275817535
-6.02147111506933
-6.021465844485323
-6.021459168303088
-6.021463500034287
-6.021462061927143
-6.021455223926388
-6.02144979068568
-6.021443324321842
-6.02144875259716
-6.021441023113037
-6.021439066298122
-6.021442022493539
-6.021436268440121
-6.021428811026065
-6.021420812216955
-6.021422030787912
-6.021415779687401
-6.021412321441037
-6.021404562297219
-6.021413455671344
-6.021418406804288
-6.021414542581194
-6.021424323576888
-6.021416052582914
-6.021412859675494
-6.021416557448556
-6.021437582339503
-6.021429205654419
-6.0214350304765425
-6.0214354029795905
-6.021432907556913
-6.021426390621074
-6.021456848886895
-6.0214497395365125
-6.021443243858159
-6.02143711604694
-6.021431033210535
-6.021423449133658
-6.021417236757175
-6.021411051677863
-6.021405803238571
-6.021399465892495
-6.021394579950711
-6.021387000973381
-6.021379103256434
-6.021372274781251
-6.021368981285367
-6.021381687827353
-6.02138175853806
-6.021381446811355
-6.021385979006398
-6.021385248232258
-6.021394256841714
-6.021387654209641
-6.021381046777977
-6.021374591055213
-6.021373815490406
-6.02137155610406
-6.021393167734471
-6.0213899529386135
-6.021388418478043
-6.021385360328253
-6.021382221045751
-6.021376719123571
-6.02137516846576
-6.021370459537374
-6.021370231540197
-6.021365220925556
-6.021362662393833
-6.0213615698320195
-6.021357231933619
-6.021358636467306
-6.02135099529567
-6.021348951016894
-6.021344545180283
-6.021354760572495
-6.021349854950686
-6.02134671949828
-6.021344574719139
-6.021342384433595
-6.021342298093013
-6.021339051514112
-6.021338240308912
-6.021335526905265
-6.021330684436092
-6.0213240051701735
-6.021320378383544
-6.021327540450047
-6.021329333755067
-6.021325089529279
-6.021323441132862
-6.021323966781847
-6.021340868972099
-6.021333448086642
-6.021334045320171
-6.02133352206571
-6.021340676511899
-6.0213357773849845
-6.02133185298191
-6.021337171407939
-6.0213346675046395
-6.021327838110032
-6.021322774969507
-6.021317698944765
-6.021317237756785
-6.021311403649386
-6.021308727080926
-6.0213080866645265
-6.021301737686756
-6.021300847953931
-6.021300089954638
-6.0212935803360095
-6.021287179653616
-6.021280133476541
-6.0212779248885315
-6.021273078908995
-6.021269661008359
-6.0212749702148605
-6.021276451564031
-6.021269983856757
-6.021265173383865
-6.021263215896153
-6.02125931492726
-6.021254345830623
-6.021264385690066
-6.021259487355249
-6.021253828659299
-6.021250208104912
-6.021248899642619
-6.0212529743972585
-6.021246941482402
-6.021242564393781
-6.021238169565651
-6.021244046322468
-6.021237451489809
-6.021235135822037
-6.021244841682898
-6.021243820605747
-6.021241030514395
-6.021234491519861
-6.021228476204553
-6.021234262122876
-6.021230465015946
-6.021225755405949
-6.021235021917903
-6.0212365882061745
-6.021231680312192
-6.02122826768711
-6.021223767645017
-6.021219094659104
-6.0212139388897
-6.021221514710434
-6.021238408175099
-6.021242374885018
-6.021237624412611
-6.021233985016639
-6.021230327105747
-6.0212296324872225
-6.021223786031971
-6.021222252760727
-6.02122249113413
-6.021223829721166
-6.021230477651145
-6.021229057673188
-6.021222839240584
-6.021216895994033
-6.021210504646091
-6.021214350188623
-6.0212089272523
-6.02120324814057
-6.0212017885577485
-6.021203778881096
-6.021207993888601
-6.021205479651594
-6.021207595336291
-6.021202355554028
-6.021203622374511
-6.021204762026738
-6.021200545235047
-6.02120337595089
-6.021200261429329
-6.021195378250417
-6.021192711083216
-6.02119160097059
-6.021190286003379
-6.021187719521042
-6.021197854624353
-6.021193645211385
-6.0211902951333185
-6.021190899426753
-6.0211897297138695
-6.021185369377055
-6.021187575939951
-6.021197238455254
-6.021196359458153
-6.021192141482186
-6.021186982194025
-6.021189013305021
-6.021191748936904
-6.021202314001848
-6.02120234768837
-6.021197379384699
-6.021194489127749
-6.0211937681328624
-6.0211978787355624
-6.021195975250863
-6.021194695200808
-6.021205947805749
-6.021201947839331
-6.021197157370574
-6.021199918068932
-6.021197088019332
-6.021196389173874
-6.02119165071206
-6.021187632791455
-6.021199798094559
-6.021201650380569
-6.021198671605158
-6.021195322660827
-6.021190900047693
-6.021185544543947
-6.021206346703339
-6.021204682248478
-6.021201957288512
-6.021213645353375
-6.021223818815849
-6.021218398867453
-6.021213087779222
-6.021207354105782
-6.021206299449371
-6.021203666636125
-6.0211980760673
-6.021197253689652
-6.021201200007623
-6.021196473095278
-6.021194868304714
-6.021199166610495
-6.021195287724467
-6.021192104163247
-6.021192049728235
-6.021187399700802
-6.0211895141729945
-6.0211872626948395
-6.0211821157308
-6.021182143028839
-6.021196765860759
-6.021209083678225
-6.021203960946925
-6.021221048458191
-6.0212323363682145
-6.0212363021943
-6.021231849773686
-6.021235381006318
-6.02123532405314
-6.02127653611325
-6.021282331613338
-6.02127714799038
-6.021271444327436
-6.021270149388346
-6.021266841537383
-6.021262755835366
-6.021267063026943
-6.02126935240318
-6.021265979311822
-6.021265974644922
-6.021260741780913
-6.02126092831931
-6.021258630045531
-6.021255142314202
-6.021249970784364
-6.021245647364544
-6.0212454498779255
-6.021240155442954
-6.021235272043792
-6.021237568869341
-6.021237651927847
-6.021248208171378
-6.021247635002015
-6.021246130144272
-6.021243539574686
-6.02124148857309
-6.0212383073356905
-6.02123617292366
-6.021249146264791
-6.0212474749179545
-6.0212620546610784
-6.021259748597159
-6.021256810376047
-6.021251621234164
-6.021247751023031
-6.021245739669359
-6.021247998212
-6.021243010131227
-6.021241403108775
-6.02123716541194
-6.021233219934678
-6.021230741945349
-6.021227220726049
-6.021223395927336
-6.021225598924807
-6.021225218055788
-6.0212246969893926
-6.02123358669589
-6.021234271143783
-6.021236454783257
-6.0212360450536
-6.021232416873403
-6.021231649659302
-6.0212263957359715
-6.021223707597678
-6.0212185511713985
-6.021215896341016
-6.021219078285142
-6.021215954520767
-6.021210770101693
-6.021206121902744
-6.021201104332492
-6.021199210012226
-6.0211964651246195
-6.021198805029279
-6.021201733765552
-6.021200617609734
-6.021196934673758
-6.021197063685855
-6.021198962156548
-6.021205230958525
-6.021205331398028
-6.021208772253611
-6.021205106732416
-6.02120909403164
-6.021217389463084
-6.02121747717479
-6.021219747904975
-6.021214830394833
-6.021225216066306
-6.021222389512058
-6.021220789965261
-6.021229973335503
-6.021232992819368
-6.0212334281511515
-6.021233584871373
-6.021231822727362
-6.021227792805956
-6.021226454746089
-6.021221465114043
-6.021220909680938
-6.021216437370058
-6.021213612814291
-6.021209454667863
-6.0212093100885244
-6.021205362947197
-6.021207287361567
-6.0212031696939325
-6.021199406462664
-6.021197327218319
-6.0212025982364885
-6.0212025965239455
-6.021201366075689
-6.02120906464812
-6.021207542893832
-6.021206821336563
-6.0212020411493326
-6.021200550161488
-6.021199209557635
-6.021200760836477
-6.021196647347575
-6.021204801551593
-6.021202162255108
-6.021198353195257
-6.021201603624766
-6.021199397754294
-6.021194896094563
-6.021191460976955
-6.0211878726623205
-6.021191350741702
-6.021187389879044
-6.021186322071979
-6.021183497787083
-6.021179927963066
-6.021175348994178
-6.021170644848483
-6.021176721446609
-6.0211724135866005
-6.021168021952086
-6.021163499477025
-6.021160211095786
-6.021155921628971
-6.02115371711655
-6.0211530039621195
-6.021150661292367
-6.021147381851977
-6.021147229954083
-6.021145087991316
-6.021143689972099
-6.021139497740421
-6.021141015538149
-6.02115152987202
-6.021146903054943
-6.02114558352264
-6.021145449045009
-6.02114114168486
-6.021138799711175
-6.021146517659253
-6.021144652319054
-6.021143319632044
-6.021146818227013
-6.021147113281286
-6.02114514289597
-6.0211435201620995
-6.02114983598571
-6.021147121274572
-6.021145617804056
-6.021146817902178
-6.021143274628415
-6.021142165883072
-6.021138552541587
-6.021139504667524
-6.021138233793659
-6.021143365674905
-6.0211422997750725
-6.021140467197255
-6.021136988117518
-6.0211347191253815
-6.0211340734388195
-6.021130369018519
-6.0211288818539295
-6.021127219638379
-6.021123312320441
-6.021120834062255
-6.021119322380939
-6.0211154830964935
-6.021115100969028
-6.021113674128006
-6.021110361260451
-6.021106857899019
-6.0211068115698465
-6.021102895592689
-6.021099700361157
-6.02109600284802
-6.021095853701118
-6.021102604083744
-6.021099159029306
-6.021103592781024
-6.021099557873841
-6.0211089874554355
-6.02110724036274
-6.021105616189251
-6.021101707565292
-6.021098468637134
-6.0211063918043175
-6.021110472455301
-6.021108189666181
-6.02110396747971
-6.021101301871761
-6.02110583096418
-6.021104817912178
-6.021104268189391
-6.021107245027361
-6.02111096832225
-6.021108359950162
-6.021106144368037
-6.0211044791250705
-6.021102443066631
-6.021099093760455
-6.021095400090417
-6.021094208068224
-6.02109514043226
-6.021093616266168
-6.021091907110664
-6.0210881694242575
-6.021087302700357
-6.02108629012903
-6.021082894862164
-6.021079051573122
-6.021075621810319
-6.021078664177594
-6.021075447522154
-6.0210754594474665
-6.021073742311676
-6.021076012857325
-6.0210731992547695
-6.021077977214423
-6.021079306130127
-6.021077141111581
-6.021073641023679
-6.021075625726513
-6.021074136720957
-6.021073047906331
-6.021070289675666
-6.021067563607503
-6.021067746064569
-6.021064738219118
-6.021070889220429
-6.021067736133073
-6.021071181160235
-6.021070831262242
-6.021068467312855
-6.021065331808622
-6.021066775117331
-6.021065241713148
-6.021065363705133
-6.021065980389514
-6.021061976181503
-6.021059384139223
-6.0210563122735
-6.021067568777222
-6.021063564426526
-6.021070346777896
-6.021066838633313
-6.021066836256619
-6.021070415250662
-6.021069664202724
-6.021073281853482
-6.02108002551582
-6.021076532141623
-6.021072616048846
-6.021071401322339
-6.021067841436649
-6.021063844546806
-6.021060874334352
-6.021060184855436
-6.021062606507384
-6.02105937480092
-6.0210564099692805
-6.021054381327914
-6.021050514936593
-6.021047627609513
-6.021056792101244
-6.021052944122906
-6.0210533036251705
-6.021051827441163
-6.021059406461851
-6.02105568907551
-6.021059613386907
-6.02105897456618
-6.021059811472429
-6.021057559955782
-6.021059111304195
-6.021056944274147
-6.0210604625996025
-6.0210606635182184
-6.021058215866361
-6.021054395118514
-6.021058378408261
-6.021055243122303
-6.021060560110863
-6.021057797697401
-6.021054650496311
-6.021052077420334
-6.021048218153163
-6.021053017158214
-6.021057380367142
-6.021056024155581
-6.021056034897234
-6.021055573915245
-6.021053655439973
-6.0210514657165435
-6.021054264113087
-6.021055295007046
-6.021057110216299
-6.021053535305352
-6.021051143417295
-6.021049003808893
-6.021046394967763
-6.021043162868152
-6.0210474132317415
-6.021046392883218
-6.021059133222981
-6.021056387505666
-6.021052734571005
-6.021051887717614
-6.021051248732436
-6.02105316557494
-6.02105349461662
-6.0210497847857125
-6.021048816764638
-6.021048660243226
-6.021045147865964
-6.021041523961829
-6.0210392810058675
-6.021036901182467
-6.021033588618593
-6.021035171813965
-6.021038266340723
-6.021034962810431
-6.021032979292129
-6.021035986004598
-6.021035742248628
-6.021035401479127
-6.02103348344286
-6.021031345696738
-6.02102780384607
-6.021025163173284
-6.021022576671279
-6.02102071079039
-6.0210172117972665
-6.021013787624841
-6.021022506297102
-6.021020361580661
-6.02101835689964
-6.021017566281494
-6.02101463360327
-6.021011719870961
-6.02100905462976
-6.021008290615135
-6.0210069882342
-6.021007152849972
-6.0210043910476525
-6.021001024350503
-6.020999006674943
-6.020996275571771
-6.020998409391098
-6.0210002007622005
-6.021000347878275
-6.020998315303299
-6.020998972327824
-6.020996764351751
-6.020995665561837
-6.021013569239328
-6.021015725975568
-6.021013931477946
-6.021012147476315
-6.02100954047342
-6.021012840358499
-6.021011800827844
-6.021011873903936
-6.021015515465773
-6.021019905105975
-6.021029783867911
-6.021027645082886
-6.0210323850877066
-6.021031157391824
-6.021036496490911
-6.021037923564384
-6.021036000657072
-6.021037879543349
-6.021039093946362
-6.021044486037387
-6.02104156965784
-6.021041273351492
-6.021038288337519
-6.021038555341555
-6.021037076281065
-6.021036949612814
-6.0210389095820185
-6.021036099127666
-6.021040622062267
-6.021037587890783
-6.021044031175871
-6.021041476444034
-6.021039799226995
-6.02103708883204
-6.021035469005319
-6.021032844763609
-6.0210334640916905
-6.021030337519255
-6.021029784964915
-6.021030534122243
-6.02102755687563
-6.021024387537701
-6.021025677823542
-6.021023710289767
-6.0210222943406855
-6.0210229623052465
-6.021019652543311
-6.021026618410944
-6.021023618924466
-6.021020560067736
-6.021017531716775
-6.021014477567789
-6.021014297124799
-6.021014082538813
-6.021024629413418
-6.021021332205327
-6.021019055277305
-6.021016720321039
-6.021013835110294
-6.021018671384135
-6.021018521658886
-6.021016850392202
-6.021020065181736
-6.0210184603923
-6.0210187191955304
-6.021023522641598
-6.02103368820551
-6.02103346278442
-6.0210333943177865
-6.021031462052529
-6.021029421235949
-6.021026538371325
-6.021026803876874
-6.0210267252243295
-6.021029929845817
-6.021033848149111
-6.021033296386253
-6.021032486965033
-6.021030355742803
-6.021029577263221
-6.021035418167586
-6.021033458863898
-6.021032112773225
-6.021029640091747
-6.02102632916396
-6.021024146549179
-6.02102763430804
-6.021025039329096
-6.0210240448704795
-6.021026226172281
-6.021024749947199
-6.021029943491434
-6.02102835929813
-6.021026922293452
-6.021029150931292
-6.021028720624791
-6.0210277501808465
-6.021028344695637
-6.021028657286167
-6.021027152435063
-6.021030050555463
-6.021031933840113
-6.021042038060567
-6.021042737507948
-6.021042695665719
-6.021040871841351
-6.02104288578313
-6.021040216991529
-6.021038160226284
-6.021039758342736
-6.0210416075073026
-6.021040408879052
-6.021040829705669
-6.0210385870466485
-6.021038036517109
-6.021035063797791
-6.0210452328947515
-6.021043058630893
-6.021039972512097
-6.021037951875589
-6.021036197774764
-6.021033338850731
-6.021045730594893
-6.02104444870045
-6.021041507547253
-6.021039336922282
-6.021036182500177
-6.021034500674338
-6.02103514896326
-6.021032443830153
-6.021030030135569
-6.021028114494124
-6.021025550629605
-6.021023193216807
-6.021020537742069
-6.021025252299946
-6.021024311470441
-6.021021872306492
-6.021022694146994
-6.0210249336882
-6.021022954312883
-6.0210279789436285
-6.021026718196914
-6.0210236937214825
-6.021020974691957
-6.021017815518735
-6.021019585347503
-6.0210166544256305
-6.0210144241288654
-6.021013769533774
-6.021012777684198
-6.021011955995847
-6.021012943793491
-6.021010487397418
-6.02100974521838
-6.021013972941209
-6.021011341298748
-6.021009348403249
-6.021006941232836
-6.021006497182884
-6.02100683459219
-6.02100582518219
-6.021007891515276
-6.0210048958976135
-6.021002771375947
-6.021003841520448
-6.021006984385121
-6.021004605892724
-6.021002806773692
-6.021001471721021
-6.0210003170040265
-6.020999924769005
-6.0209989139340045
-6.020998426838203
-6.0210004429376385
-6.0210014144705015
-6.021003785006748
-6.021000968203
-6.020999740725613
-6.020997899717878
-6.020997286947615
-6.020995639971259
-6.02099824239423
-6.020997658553058
-6.0209997470969405
-6.0210064106229835
-6.02100370302413
-6.021002795044183
-6.021002479377603
-6.02100072567073
-6.020997866644492
-6.020996209289559
-6.020993230798862
-6.020991201638631
-6.020990929217646
-6.020988002122212
-6.02099174894613
-6.020991671476445
-6.020994827957884
-6.020993993887434
-6.021002024845671
-6.021007065695731
-6.021010735235196
-6.0210163436773
-6.021013644584585
-6.021014847502741
-6.021012393915656
-6.021012372295719
-6.0210103299619
-6.021014255938008
-6.0210118954826495
-6.021010577961404
-6.0210084624039775
-6.021007505277325
-6.02100912235322
-6.021009219082374
-6.021012680647195
-6.021016882881433
-6.021015359073796
-6.021014908172014
-6.021014302905108
-6.02101263597867
-6.021009848352074
-6.021018284710917
-6.021017959615012
-6.021018405323494
-6.021018071134178
-6.0210153962794575
-6.021021330531029
-6.021019071216569
-6.021019233365631
-6.02101786105884
-6.021015275919918
-6.021013074436068
-6.0210129553998915
-6.021010113255768
-6.02100817261196
-6.021011756376476
-6.021010183512047
-6.021009021204751
-6.021006321601989
-6.021006988433009
-6.0210051747460795
-6.021009847405621
-6.0210076833990716
-6.021007565242557
-6.021006367510047
-6.021005407231086
-6.0210034587828165
-6.021002424321118
-6.02100012605405
-6.02099742933298
-6.020995059259643
-6.02100003178764
-6.020998269110743
-6.02099585380927
-6.020993127505011
-6.0209921732724325
-6.020992817960901
-6.020993515812822
-6.020990996796916
-6.020991272790947
-6.020989756956232
-6.02098748738707
-6.0209877849861835
-6.020987521771188
-6.020985550027681
-6.020982800491801
-6.020988703571804
-6.020986962312948
-6.020985372844954
-6.0209831077130245
-6.020982624716382
-6.020982567682355
-6.020981777806873
-6.020986203573149
-6.020985129926865
-6.020984837246505
-6.020986848906645
-6.020985394234312
-6.020984185859363
-6.020981907117906
-6.020979300941453
-6.020983661298177
-6.02098130738128
-6.020979123858492
-6.020982442252233
-6.020980202413614
-6.020980574627621
-6.020978283039867
-6.020977130122861
-6.020977745475814
-6.020975190267881
-6.020973541983252
-6.020982230078676
-6.020984303352157
-6.0209814593678335
-6.0209814071295416
-6.0209791392302945
-6.020987326883495
-6.02098574070077
-6.020990547149889
-6.020987851919901
-6.02098891733292
-6.020988851014119
-6.0209866895271205
-6.020985262256987
-6.020987154190478
-6.020987217699698
-6.020986400690468
-6.020985164539393
-6.020983403380228
-6.020981034824649
-6.02097835208082
-6.020976804442877
-6.020980648251942
-6.020981025152215
-6.02097901454254
-6.02097788258361
-6.020982048648751
-6.02098171859323
-6.020982013662293
-6.020979780870288
-6.020978436680024
-6.020976597525225
-6.020976816891121
-6.020975705113342
-6.0209751106394505
-6.0209728270626695
-6.020975212653224
-6.020974505188815
-6.020976405844929
-6.0209736642269975
-6.020972040569517
-6.020971015440006
-6.020971665425502
-6.020971599669551
-6.020969567902716
-6.020967937351211
-6.020967821886722
-6.020973881552752
-6.020979944801759
-6.02097729270632
-6.0209758552948145
-6.020980197045065
-6.020977622368985
-6.020977170568364
-6.020977257511023
-6.020974948423296
-6.020973287448111
-6.020971233823062
-6.020973262978565
-6.020970692256869
-6.020968959139971
-6.0209669798596535
-6.020967822868521
-6.020966230383499
-6.020967845380746
-6.020970257650274
-6.020968424744741
-6.020971762465345
-6.020969512928038
-6.020967326122824
-6.020965094207907
-6.020963540644097
-6.020961341792473
-6.020959686804858
-6.0209578332476195
-6.020960154562567
-6.020957656168698
-6.020956361483619
-6.020955880014298
-6.020955391422536
-6.020952840375397
-6.020951035109632
-6.020949635182796
-6.02095344203912
-6.020961062163202
-6.02096230579432
-6.02096531069269
-6.0209634411765665
-6.020960780304465
-6.020958441810705
-6.020957523494068
-6.020958553470769
-6.0209601354977105
-6.0209584187356295
-6.02095612267242
-6.0209569299263235
-6.020955263151064
-6.020955412805733
-6.020956469933412
-6.020957062251619
-6.020954884611669
-6.020952873479988
-6.020953443222994
-6.020954205293111
-6.020958811504581
-6.020962833503913
-6.0209615210578145
-6.020964437458344
-6.02096472519446
-6.020962150025683
-6.020961684162034
-6.020960924070848
-6.0209585127727445
-6.020958255963532
-6.020960039849724
-6.020958507249559
-6.02095637571368
-6.020954117776757
-6.020957798583987
-6.020956091284125
-6.020953756170043
-6.020954910123814
-6.02095632551422
-6.020953764196989
-6.020954313849132
-6.020953267544135
-6.020952964899455
-6.0209509055130495
-6.020953009827436
-6.0209530185965905
-6.020952202742408
-6.020950425103655
-6.020948332492646
-6.020946025456905
-6.020944516389051
-6.020944314043772
-6.020944728402774
-6.020943679637497
-6.0209456744518635
-6.020943187905329
-6.020941069577167
-6.020939467257728
-6.020938327528037
-6.02093623775026
-6.020934353261995
-6.020934313364629
-6.020931919315694
-6.020931629232823
-6.020929419978389
-6.0209274808085285
-6.0209256543756755
-6.020929469150149
-6.02092953506096
-6.0209273983592695
-6.0209290198357195
-6.020935469403323
-6.020937339153718
-6.020939483407439
-6.020937193473111
-6.02093572061263
-6.020936427552919
-6.020939130206934
-6.020938008009647
-6.02093787640733
-6.020937016987025
-6.0209351653952
-6.020935371106661
-6.020935070303118
-6.020936283452444
-6.020934414819271
-6.0209326507038075
-6.020931381151425
-6.020930399790973
-6.020935195214307
-6.020932739995996
-6.020933070201906
-6.020932248595961
-6.020935564784233
-6.0209337600756845
-6.020931349295356
-6.020929372371874
-6.020926917805446
-6.020940568402762
-6.020938178333809
-6.020935982596676
-6.020934350324177
-6.020934360832003
-6.02093240190496
-6.0209317275110825
-6.0209306317029
-6.02092948128717
-6.0209298506440465
-6.020931105039423
-6.0209340036315835
-6.020933214459442
-6.020930870842525
-6.0209295300337216
-6.020927335221684
-6.020929546316756
-6.020929607719352
-6.020928624976439
-6.020928946172596
-6.020927232274787
-6.020924981540646
-6.020922798052238
-6.020921156189988
-6.020919639604808
-6.020923381037388
-6.020921879353318
-6.020920761369773
-6.020919798278274
-6.020918744827754
-6.02091695988243
-6.020916360889059
-6.020917948479065
-6.020915936868175
-6.020916886955347
-6.020916302847538
-6.020914978181982
-6.020913129800654
-6.020913521491664
-6.020913847348157
-6.020911965450904
-6.020911106235241
-6.0209092453196655
-6.02090709539245
-6.020909237502157
-6.020908235853016
-6.020907019558813
-6.020906178401131
-6.020912215987563
-6.020911747377968
-6.020909802184781
-6.02091066107257
-6.0209102872075295
-6.020908820847542
-6.020907456448627
-6.020906416567036
-6.020907765586577
-6.020906388276247
-6.020905187984106
-6.020903430263393
-6.020908693351069
-6.020906351278409
-6.0209052880946965
-6.02090311336898
-6.020902040264274
-6.020899796071075
-6.020899269005442
-6.020897904837581
-6.020896256832036
-6.020902594184313
-6.020901640661406
-6.0209049373042856
-6.020903542033394
-6.020906836532673
-6.0209091006315605
-6.020907171402749
-6.020907865520963
-6.020905781906488
-6.020905619324281
-6.020907140189617
-6.0209080911745785
-6.020906848736442
-6.020904631830909
-6.02090274662226
-6.020901969571971
-6.020900756135436
-6.020901573312557
-6.020899431795127
-6.020903417054099
-6.020910323998842
-6.0209090756948225
-6.020911639409225
-6.020910081387826
-6.020907917015817
-6.020907869259769
-6.020906299315163
-6.020907146901315
-6.020905060915144
-6.020904449380387
-6.0209026529755985
-6.020901850375511
-6.0209007325240576
-6.020900709014918
-6.020905122648459
-6.020903924361335
-6.020902213289477
-6.020901370100951
-6.020899316440741
-6.020898034168572
-6.020898397627615
-6.020896475345896
-6.02089759976727
-6.020896964350315
-6.02090052357117
-6.020901840258236
-6.020900139141793
-6.020902637112017
-6.020901100450678
-6.020902179918489
-6.020899959994239
-6.020899303695591
-6.020897193307163
-6.020895410275456
-6.020895419928843
-6.020900959781056
-6.020902507316651
-6.020900559800134
-6.020900224803278
-6.020899770822598
-6.0208992056504975
-6.020901583302191
-6.0208994396472315
-6.020901860675056
-6.020903022159814
-6.020905138444793
-6.020905311810017
-6.020905004098153
-6.0209038969067175
-6.020902080954457
-6.020900884508742
-6.020902412685018
-6.020904642636906
-6.020905412273973
-6.0209049671252375
-6.020904558976633
-6.020903447418356
-6.02090366462177
-6.020901561179992
-6.020899935125118
-6.020900094446602
-6.020902735437287
-6.020900552287048
-6.020898503404761
-6.020900023702678
-6.020899863119295
-6.020898358939963
-6.020896997545817
-6.020895160148748
-6.020893888699482
-6.020891796390209
-6.020892944142877
-6.020894117152297
-6.020898271230274
-6.020897366868685
-6.020897817600387
-6.020897312955863
-6.020896290067709
-6.020895708245105
-6.020893807260005
-6.020891706288791
-6.020889848203674
-6.0208897391964
-6.02089813264858
-6.020897013748674
-6.020896434306707
-6.020896778855907
-6.020894914554136
-6.020893579141942
-6.020893014101497
-6.020891864399005
-6.020892191900284
-6.020892185434003
-6.020891573227093
-6.020891556296378
-6.02089391034829
-6.02089371785832
-6.020891756246096
-6.02089238558125
-6.020892327111534
-6.020891278045138
-6.020889833152969
-6.020893937755071
-6.0208917960893595
-6.020889786453345
-6.02088940390772
-6.020891863573107
-6.020890321872301
-6.020891033291757
-6.02089205831483
-6.020890014975518
-6.020892346889185
-6.020890656380445
-6.020899969145321
-6.020898533334956
-6.020896460331129
-6.02089845473017
-6.020899327377397
-6.020897362068082
-6.020895312348524
-6.0208933812171015
-6.0208926754490735
-6.020893757311371
-6.020894767190081
-6.020895177189538
-6.020903840126317
-6.020904582497165
-6.0209034818794285
-6.020905343094129
-6.0209032459810885
-6.02090199965177
-6.0209001516563845
-6.020900909464813
-6.020899201533485
-6.020899418353784
-6.020899007776795
-6.02089741803651
-6.020895263583532
-6.02089323372716
-6.020891786130089
-6.020893175260198
-6.020892105250065
-6.020895887201558
-6.020894757882592
-6.020895484148485
-6.0208935501703085
-6.020898491587817
-6.020896876317127
-6.0208973701149935
-6.020897537923445
-6.020896515596502
-6.020894558652101
-6.020892575973351
-6.020898166241393
-6.020897405008159
-6.020897436183303
-6.020895442797045
-6.020896135186966
-6.0209046179803
-6.020903669834173
-6.020902711655729
-6.020904295454188
-6.020902610951416
-6.020900843182651
-6.02090034049038
-6.020899151081386
-6.020899897127129
-6.020898359789929
-6.020899289820702
-6.0208996889767255
-6.0209042617305
-6.020903466875142
-6.020901744074274
-6.020900431443485
-6.0208993402700415
-6.0208977571236915
-6.020898311894929
-6.02090066960195
-6.020900807129331
-6.020900339932292
-6.020901363957262
-6.02090071415959
-6.020905441178053
-6.020903735245863
-6.0209064711490985
-6.0209131333637975
-6.020911535604783
-6.0209108283513695
-6.020910674274187
-6.0209086166197885
-6.02090901702775
-6.020908919875245
-6.020908296418185
-6.020907432351948
-6.0209061408460745
-6.02090476375753
-6.02090546245192
-6.02090565944088
-6.0209039378676925
-6.020902301865385
-6.02090233619744
-6.020901848189708
-6.020901522694042
-6.020903653290385
-6.020902775322818
-6.020901467954223
-6.020905057693822
-6.020904297116181
-6.020903784664591
-6.020901860028886
-6.020903748166249
-6.0209054610968495
-6.020904588924245
-6.020906261171355
-6.020912476526582
-6.020912033508458
-6.020911864821089
-6.020909897471704
-6.020910359307638
-6.020909786897485
-6.02090911476234
-6.0209071982411455
-6.020910837192914
-6.0209098576488085
-6.020909106831523
-6.020908515132537
-6.02090677847665
-6.02090548180542
-6.0209128916271615
-6.020913156824475
-6.020913934309509
-6.020912522641616
-6.020910497489743
-6.020909890500792
-6.020908301612191
-6.020911399821989
-6.020911119856159
-6.020910470403139
-6.020908932617558
-6.020907136487129
-6.020905581965337
-6.020904041067228
-6.020907497801007
-6.020905996626612
-6.020905832293395
-6.020906293547231
-6.020905989752568
-6.020906062455221
-6.0209041161625
-6.02090283921902
-6.020903811520962
-6.020903409636326
-6.0209036842665595
-6.020906424272814
-6.020904438933824
-6.020902644972431
-6.020906086840512
-6.020906198033659
-6.020905491097339
-6.020910316180574
-6.020910397032668
-6.020908556496027
-6.0209070932718225
-6.020905880562629
-6.0209144774387475
-6.020916593917952
-6.020915407843808
-6.020914334651583
-6.020912696746569
-6.020911459469173
-6.020914910295214
-6.020916313694611
-6.020915592112623
-6.020917299157216
-6.020916330213952
-6.0209152539819275
-6.020913683518966
-6.0209121388037845
-6.020910221504815
-6.020909534533087
-6.020907709636596
-6.020906360735798
-6.020904907122654
-6.0209037734897475
-6.020902800552882
-6.020902235507314
-6.0209011977813995
-6.02090085857254
-6.020899403245072
-6.020900274416158
-6.0209013593598435
-6.020902377338679
-6.020900874308006
-6.020899307430888
-6.0208982237428605
-6.0208970712043275
-6.020895108085256
-6.020893617176335
-6.020899580493767
-6.020904487751798
-6.020906491182102
-6.020906015677859
-6.020909963753707
-6.020909945621787
-6.020908911163234
-6.02090866911047
-6.020907873793872
-6.020906944407169
-6.02090810181334
-6.0209168971290685
-6.020916500459549
-6.020916579523149
-6.020915887915607
-6.0209147399235246
-6.02091478322091
-6.020913689800199
-6.0209117719095735
-6.020912412679383
-6.0209104882355735
-6.020909449909602
-6.020908437704125
-6.020907888831423
-6.02090866335819
-6.020910060540513
-6.020909512302599
-6.020908011724725
-6.020908413427743
-6.020906660283051
-6.0209047516700105
-6.020905484089112
-6.020906316474708
-6.020904756061486
-6.020906117545321
-6.020904243737223
-6.020903745621606
-6.020902498399341
-6.020901148292813
-6.020901156484651
-6.020899285035691
-6.020898658880814
-6.020897412197761
-6.020896173662005
-6.020894844798102
-6.020893565542239
-6.020894455298252
-6.02089826509087
-6.020897405271829
-6.020897503889917
-6.020896241284015
-6.020894386935075
-6.020892693791715
-6.020891090341067
-6.020892089965178
-6.020890602754027
-6.020890122484348
-6.0208909504050725
-6.020891839545902
-6.020890407749087
-6.020890281850685
-6.020890464867548
-6.020890800624401
-6.020889231269131
-6.020887908708574
-6.020887235446929
-6.020887386907816
-6.020891018619433
-6.020890259574026
-6.020889320753376
-6.020887895658996
-6.020891051584412
-6.020891838203315
-6.020890378779138
-6.020889478939002
-6.020888628358562
-6.020889964005051
-6.020891695805932
-6.02089030556504
-6.020888938419494
-6.020888643605352
-6.0208911573715715
-6.020890578218747
-6.020897312749005
-6.020895534926261
-6.0208945668370095
-6.0208941060797985
-6.020892720120818
-6.0208925472448485
-6.0208906611200925
-6.020889019257054
-6.020891197560014
-6.020890516537157
-6.020888765033761
-6.020887811447046
-6.020886496381031
-6.020884707661704
-6.020884506142197
-6.020883076554974
-6.020881272458009
-6.020882126750678
-6.020882366673709
-6.020880890633986
-6.020882493097536
-6.020884154894366
-6.0208829252594
-6.020882186626557
-6.020882867091032
-6.020884469140792
-6.020884946617673
-6.0208886619051665
-6.020886909184248
-6.0208937896283325
-6.020893250456294
-6.0208935514638
-6.020893156688681
-6.020892522358174
-6.020890730838293
-6.020889461044265
-6.020887889678077
-6.020889044784837
-6.020888470922659
-6.020887339008635
-6.0208913307060445
-6.020890691611803
-6.0208917540468
-6.020890202700863
-6.020890735140801
-6.0208903864438925
-6.020888937368484
-6.020889071489443
-6.020888388566607
-6.020887493014539
-6.020887844768403
-6.020888145214821
-6.020889200580228
-6.020887958264087
-6.020886292898468
-6.020884923224679
-6.020883625460084
-6.0208823247386105
-6.020880953976953
-6.020879771591637
-6.020878629831067
-6.020882215611725
-6.020881523263222
-6.020885535303679
-6.020884742735139
-6.020884658721459
-6.020882855721813
-6.020884651592737
-6.020883564570279
-6.020882528206094
-6.020881151511134
-6.020881483728641
-6.02088119528629
-6.020880446725757
-6.02088461294786
-6.02088315800166
-6.020883902408503
-6.020883044707098
-6.0208825431836095
-6.0208824677087
-6.020880935571604
-6.020879220253173
-6.020878744369696
-6.020882801420223
-6.020884221156489
-6.020882476223928
-6.020881060383276
-6.020879403289262
-6.020877876657236
-6.020876548842572
-6.02087528588615
-6.020875466670611
-6.020875130546444
-6.0208759930778255
-6.020875122367471
-6.0208739104336075
-6.02087575348842
-6.020878183928046
-6.020877691406567
-6.020877242207094
-6.020878862400701
-6.020877151397531
-6.020882179271197
-6.020880890995607
-6.020879215139573
-6.020880020641116
-6.020878731361818
-6.02087857401294
-6.020880767646918
-6.020880005464626
-6.0208783601658045
-6.020877424980678
-6.020876993588845
-6.020882397362953
-6.0208817671204065
-6.02088162493018
-6.0208826795929395
-6.020881991359885
-6.020880223945411
-6.0208786029042916
-6.020877631258145
-6.020876505980099
-6.020874770311933
-6.020873493544459
-6.020873904155231
-6.0208723844801515
-6.020872198859338
-6.020871119409415
-6.02087107524414
-6.020871150196505
-6.020870182162645
-6.02086849042294
-6.020867114177274
-6.020867815402601
-6.0208669503040015
-6.02086743688233
-6.020866462767466
-6.020869087207395
-6.020871963420816
-6.020870341420652
-6.020868927557099
-6.020872018178816
-6.020870550946081
-6.020871366307968
-6.020873116977372
-6.0208717791999975
-6.0208705230383535
-6.020870794179878
-6.020870101640443
-6.020869458580465
-6.020871047461373
-6.020870960939728
-6.020870060206207
-6.0208709136227005
-6.020870775477163
-6.020869212133628
-6.0208674606671515
-6.020865742294298
-6.020864606593487
-6.020863395607452
-6.020862233979385
-6.020863397594771
-6.0208625366926904
-6.020861184265114
-6.020859833364225
-6.020858691467753
-6.020857084378288
-6.0208554582895655
-6.020854563712254
-6.0208533750258955
-6.020855329547383
-6.020855489121107
-6.020855374426821
-6.0208541838165655
-6.020852663717919
-6.020861164256252
-6.020864692202353
-6.02086851277923
-6.020867023275141
-6.020865349775046
-6.0208653383046595
-6.020865225812438
-6.020863623555383
-6.020865159254449
-6.0208670216914975
-6.020871066434613
-6.020869646589929
-6.020871294584684
-6.020872421951392
-6.020871313059872
-6.020869971565175
-6.020870861183753
-6.020869248831052
-6.020867613825671
-6.020869499055195
-6.0208681925099805
-6.020866509284304
-6.020866188865574
-6.020865033773207
-6.020864432973067
-6.020864639838582
-6.020869502054911
-6.020870077555008
-6.02086898209641
-6.0208683691297855
-6.020866776761796
-6.020865676465608
-6.020870108016401
-6.020868965508599
-6.020871151367867
-6.020870852986061
-6.020872426263558
-6.020870729051631
-6.020869294377994
-6.020868094365053
-6.020870432086659
-6.020868970633642
-6.020870419297952
-6.020870809117925
-6.020869151084624
-6.02086757027728
-6.020869801865625
-6.020868427370555
-6.020867774941083
-6.020868079060379
-6.02086754278066
-6.020870784248644
-6.020870454167787
-6.020869701737741
-6.020868760367184
-6.020870063388258
-6.020868981939918
-6.020869123820247
-6.020869942119081
-6.020871205960622
-6.0208715274347755
-6.020873317929699
-6.020871951853619
-6.020870634867321
-6.020869493251147
-6.020868001378983
-6.020866315603348
-6.020865853002321
-6.020864375239136
-6.020864810869212
-6.0208647041103145
-6.020867510918747
-6.020866486716734
-6.020865151430618
-6.020864124997528
-6.020867199567007
-6.020865593265447
-6.020864833557188
-6.020863594337635
-6.020864277875612
-6.0208634536860215
-6.020862043663766
-6.020860546775415
-6.020863105990004
-6.0208616589998565
-6.020860347528475
-6.020860197855772
-6.020859727124529
-6.020858790717216
-6.020858239506914
-6.0208565858728935
-6.020855236823996
-6.0208573295185355
-6.020864874898977
-6.020865537927173
-6.020864276667619
-6.020863978391077
-6.020862968743587
-6.020861314323186
-6.0208599335665305
-6.020859613557392
-6.020860048314704
-6.020858470117382
-6.020857273517487
-6.020857287650106
-6.0208557960048665
-6.020857530621319
-6.02085665863028
-6.020855253512557
-6.020853768026227
-6.020853553921346
-6.020852104007182
-6.020851724884429
-6.020853396778429
-6.02085281109426
-6.020853508269511
-6.020851937816058
-6.020851857400695
-6.020851756713206
-6.020854617371366
-6.020855975406384
-6.020858632743855
-6.020859387092002
-6.020862394542454
-6.020863541861444
-6.020867326057068
-6.02086817107839
-6.020869106536316
-6.020871813457411
-6.020870987054772
-6.020870617591563
-6.020869180753903
-6.020869578807246
-6.02087043390928
-6.020870800246001
-6.020870356327591
-6.020869096077379
-6.020868434915473
-6.020869029609494
-6.0208696594089455
-6.020868711181281
-6.020868790219433
-6.0208686985436985
-6.02087493167963
-6.020875607860171
-6.020874646289421
-6.0208751271105125
-6.020875407227921
-6.020875980118181
-6.020875181438848
-6.02087661452273
-6.020875109552795
-6.020878974818088
-6.020878776162506
-6.020878653109296
-6.020877080752604
-6.020879072383398
-6.0208786249459205
-6.020877641215085
-6.020877468958015
-6.020876200351643
-6.020874656044946
-6.020873129494436
-6.02087179590101
-6.020871266738843
-6.020870311871798
-6.02087098499014
-6.020869440973045
-6.020868056327956
-6.020870063670817
-6.020871785796564
-6.0208703880495795
-6.020874021150382
-6.020873671449743
-6.020873240911271
-6.020871997285654
-6.020871116691054
-6.020870270814529
-6.020869790612072
-6.020868270250045
-6.020866675253837
-6.0208670564267335
-6.0208656567106935
-6.020866302329267
-6.02086550689465
-6.020865834742479
-6.020866820312776
-6.020867057840874
-6.02086924758114
-6.020868832347923
-6.020867962584197
-6.0208670416215115
-6.0208657572300925
-6.020866249661328
-6.020864952937403
-6.02086590356984
-6.0208655826163895
-6.020866881948294
-6.020867107517663
-6.020867085346088
-6.020869975960565
-6.020868456356077
-6.020870143254041
-6.0208729071693785
-6.020872609940565
-6.020872843358492
-6.020875403861842
-6.020874251598545
-6.020873100879977
-6.020875582466011
-6.0208751901200595
-6.020876691346737
-6.0208760045676835
-6.020876051083485
-6.0208777844926775
-6.020876966267697
-6.020876612174957
-6.020876795356983
-6.020875336311678
-6.020874455351879
-6.0208731394278345
-6.020879817611082
-6.0208798808263175
-6.020879159235294
-6.020877842627269
-6.02087627803816
-6.020874794246572
-6.02087403493444
-6.020875691420968
-6.020875015176274
-6.020874198453938
-6.020872743361237
-6.020872889293804
-6.020871327536117
-6.0208701807841996
-6.020870680343728
-6.02086932030951
-6.020868368992288
-6.020866845268196
-6.020867817500812
-6.02086654068886
-6.02086591754099
-6.020867026425058
-6.02086702828547
-6.020865494255952
-6.020864899409866
-6.0208644685390045
-6.020863613183425
-6.020862794915376
-6.020862092186149
-6.020862268854707
-6.020863087745584
-6.020861708199276
-6.020861116529595
-6.0208615350387955
-6.0208605414360346
-6.0208613137774485
-6.020863796726924
-6.020862940089883
-6.0208614546279176
-6.0208629592504535
-6.020861821998578
-6.020862575240412
-6.020862074086632
-6.020861548992551
-6.020862814429177
-6.020867629281998
-6.020866715982613
-6.020865401126784
-6.020863909901928
-6.0208631053975585
-6.020864009798183
-6.020862732042528
-6.020862258427778
-6.0208612110690165
-6.020863824159233
-6.020864263268167
-6.0208628777702655
-6.0208649821152225
-6.0208639603999385
-6.020867021227249
-6.020868213491155
-6.020875917983582
-6.020875368563779
-6.0208756144543765
-6.020874565008475
-6.02087412723477
-6.020875676781753
-6.020874260027298
-6.02087302710711
-6.020871535695253
-6.020870707707213
-6.020870713812409
-6.020869470396531
-6.020868324779322
-6.020872145472308
-6.020872056273975
-6.0208758410334084
-6.020876430407455
-6.020874995800261
-6.020873899842367
-6.0208724528325845
-6.020872164865496
-6.020871806312702
-6.020871303894283
-6.020870348384061
-6.02087028907995
-6.02086883293172
-6.020868042374472
-6.02086927633995
-6.02086868798485
-6.0208675141432275
-6.0208684233192935
-6.020869584077954
-6.020871869455839
-6.020872448783847
-6.020871336727675
-6.020871047057653
-6.020869633336409
-6.02087098965459
-6.020871112840202
-6.020869968226592
-6.020868580258765
-6.020869691943634
-6.020871229429683
-6.0208704053957005
-6.020870338843787
-6.020870310480942
-6.020869245643621
-6.0208683070993185
-6.020868000428269
-6.020867431018114
-6.0208660114755865
-6.020864642705557
-6.020864515435795
-6.020865466649712
-6.020865822178967
-6.020867097522488
-6.0208659846850665
-6.020865388620002
-6.020863950234856
-6.020862937948344
-6.020864275274967
-6.020863702103596
-6.020864688612047
-6.020865101796674
-6.020864309138635
-6.020865335318741
-6.0208670800437005
-6.020866748225583
-6.020865302164773
-6.020866641532681
-6.02086584574518
-6.0208649565725585
-6.020863650863197
-6.020864477961528
-6.020866303270707
-6.020865216032267
-6.020866634010818
-6.0208657724405805
-6.02086436061322
-6.020863303145693
-6.020862500511813
-6.02086128828484
-6.020861723655948
-6.020861669092105
-6.020862757606278
-6.020863358442726
-6.020862427521861
-6.0208627651931685
-6.0208657287096425
-6.0208663601929375
-6.020865611860193
-6.020864283172105
-6.020863343992244
-6.020862092816337
-6.020860617927288
-6.020859174866228
-6.020861236028825
-6.020859859087314
-6.020868204641842
-6.020866944521092
-6.020868898185833
-6.020868986071896
-6.020869716512587
-6.020869521585048
-6.0208685056803
-6.020868081422702
-6.020868105295204
-6.020866826019029
-6.020866168065787
-6.02086479962509
-6.020866517228254
-6.020868093958447
-6.0208668378248245
-6.020868375982724
-6.020869599340775
-6.020869122189727
-6.020869025024525
-6.02086760325229
-6.020867592789255
-6.020866351295704
-6.020865444050122
-6.02086426602117
-6.02086386209025
-6.0208635626966
-6.020865053088777
-6.020864685735735
-6.020864426185561
-6.0208676844227815
-6.020867111365824
-6.020866301377491
-6.020866570476809
-6.020865798388405
-6.0208645815983335
-6.020864897472735
-6.020865130834739
-6.020868091681799
-6.020866640899585
-6.020865605216879
-6.02086447670459
-6.020864171107211
-6.020863620961725
-6.020862694113224
-6.020861735865243
-6.020860577408583
-6.020859756504237
-6.0208588926048
-6.020860143729434
-6.020861230032178
-6.020860420004132
-6.020859159953747
-6.020859610764683
-6.020858266740615
-6.020859560046326
-6.020858328143397
-6.020858334106704
-6.020856966143835
-6.0208561099821845
-6.020856148278354
-6.02085494721971
-6.020853534071747
-6.020854165212591
-6.0208531900210795
-6.020852262800411
-6.020859677470676
-6.02086040700156
-6.020859318423791
-6.020859056956397
-6.020862119663711
-6.0208609147289796
-6.020859606146223
-6.020861223443333
-6.020862797824288
-6.0208626777470595
-6.0208629368265
-6.020862265986512
-6.020861108774503
-6.02086051824406
-6.020860009861905
-6.020860350439328
-6.020859159701877
-6.020858035228553
-6.0208573985852345
-6.020862267426082
-6.020863451060965
-6.020862117618279
-6.020861653686574
-6.020860425736064
-6.020859778589337
-6.020860070249526
-6.020862315327935
-6.02086147551955
-6.020861671808418
-6.020861534804258
-6.020860726990981
-6.020859820554181
-6.020858608116871
-6.0208585135419215
-6.020858849918652
-6.020858292634712
-6.020857347433104
-6.020856239102112
-6.02085579926362
-6.020855017344025
-6.020856812435872
-6.020860986445097
-6.020862032729819
-6.020864482250163
-6.020864548084347
-6.020863493506427
-6.020863287655386
-6.020862832606698
-6.02086184526832
-6.02086108369656
-6.020862025578191
-6.020861010786742
-6.020860284675254
-6.020863014094125
-6.020864449428105
-6.020864583579893
-6.020864435137887
-6.020865495460386
-6.020864109619495
-6.020862924965513
-6.020862107227362
-6.020867691322742
-6.020866926915491
-6.020866053363422
-6.020864790351395
-6.020864659983147
-6.020865018745809
-6.020863856059954
-6.0208639390307495
-6.020863249716656
-6.020862062497319
-6.02086298413088
-6.020862922249176
-6.0208615768560225
-6.020860208789523
-6.020861803733519
-6.020862836351602
-6.020861925111875
-6.020860706499685
-6.020866508141398
-6.0208696639826735
-6.020869424338977
-6.020868092547629
-6.020868558394322
-6.020871560886223
-6.020871816358336
-6.020870510235457
-6.020876899602572
-6.020875580885099
-6.020877564928444
-6.020877258076686
-6.020878380728085
-6.0208771163329065
-6.020878130575994
-6.020881944420711
-6.020880671688848
-6.020879808500457
-6.02088289818456
-6.020881840090771
-6.020881468381525
-6.020880766486671
-6.020881293726555
-6.020881087254049
-6.020883056554026
-6.020882639529794
-6.020881450979674
-6.020883076892419
-6.020884631242378
-6.020884454435793
-6.020884431358396
-6.020884152199562
-6.020883368100712
-6.020882352311794
-6.020881395692721
-6.020883938127019
-6.020882582651014
-6.020881614155836
-6.020880920296626
-6.020881852597156
-6.020882539846129
-6.0208851630278355
-6.02088407890916
-6.0208857197228145
-6.0208850081331535
-6.020885723219311
-6.0208861201243495
-6.020886412216436
-6.020885245181101
-6.020887044175196
-6.02088773870443
-6.0208875762991445
-6.020888236178889
-6.020888023786827
-6.0208884566773495
-6.020889363149817
-6.020889458621007
-6.020888099978347
-6.020886715354998
-6.020885589194694
-6.020884572054198
-6.020884003239048
-6.020883224319773
-6.020884870164697
-6.020885940621507
-6.020887712976768
-6.0208925090685455
-6.020892196032585
-6.0208928783234485
-6.020893460943568
-6.020892387344585
-6.020892050051734
-6.020893223480073
-6.020892255777607
-6.020892124608451
-6.020893371170542
-6.02089266588371
-6.020893567068241
-6.0208925553636545
-6.020891421296735
-6.020892972033804
-6.020892810606362
-6.020892022129855
-6.0208910146653585
-6.02089265644649
-6.020891304587776
-6.02089128017002
-6.020890414639624
-6.020890643303556
-6.020889798429493
-6.02088908755072
-6.020888974413753
-6.020889595863494
-6.0208915058420684
-6.020890158910137
-6.0208965939159
-6.020900281313387
-6.020899243922711
-6.020898546657679
-6.020898232033294
-6.020897017495949
-6.020895667046958
-6.0208952031211425
-6.020893875282286
-6.02089286099127
-6.020891690297921
-6.02089201527301
-6.02089240042925
-6.020891063020207
-6.020890886602274
-6.020891174247154
-6.020889827185171
-6.020889753826415
-6.020888640847532
-6.020888271533358
-6.0208901413145925
-6.02089139285772
-6.020891242915197
-6.020890283055103
-6.020891472540647
-6.020893339140931
-6.020892920018697
-6.020893346914403
-6.020893114783653
-6.020895116113643
-6.020897502771655
-6.020896427097219
-6.0208955571748755
-6.0208949104708
-6.020894548675339
-6.020895081850263
-6.020894229954051
-6.020895639008735
-6.020895815011181
-6.020897038401901
-6.020896355503698
-6.020899546228548
-6.02089869407692
-6.020897699925951
-6.020897252583116
-6.0208968929688895
-6.020895995949905
-6.020895550278062
-6.020897393612751
-6.02089863289967
-6.0208987033212145
-6.0208977907521986
-6.020898154306721
-6.020896951584592
-6.020896643588239
-6.020900814958318
-6.020901881010066
-6.020900792722251
-6.0209014442119235
-6.020901284302838
-6.0209001801060635
-6.020899242775608
-6.020898102426926
-6.020896859305995
-6.020897158413022
-6.0208961905465745
-6.020894853485322
-6.020894354771871
-6.020893703321844
-6.020893362580919
-6.0208928555820735
-6.020895601323927
-6.020895047895698
-6.020895390018623
-6.0208962289229095
-6.020895096482264
-6.020894378864852
-6.020893487856843
-6.020892229982316
-6.020892281952377
-6.020891654333895
-6.020891709926655
-6.0208904286282126
-6.020893593280757
-6.020892373859827
-6.020892340717388
-6.0208928194910625
-6.020892817786395
-6.020891719238122
-6.020891638549049
-6.020891673955288
-6.020892178832398
-6.0208917517954506
-6.020894064772247
-6.020892780317495
-6.020893168366217
-6.0208930063334485
-6.020891749890019
-6.020892941778966
-6.02089264932136
-6.020893784459759
-6.020892932633628
-6.020891767342665
-6.020891056099
-6.0208902559051545
-6.0208911012763435
-6.02088986974638
-6.0208888845983095
-6.020888457910632
-6.020887238338183
-6.020887730000225
-6.020888177982404
-6.020890077874588
-6.020889873708875
-6.0208890995467765
-6.020888625997133
-6.0208892938850616
-6.020888870431552
-6.020888556354463
-6.020887931481218
-6.020886782628289
-6.020886401569454
-6.020885671488226
-6.020886443979675
-6.020885964020581
-6.020887938261514
-6.020888640986647
-6.020890007301621
-6.020890038401532
-6.020890199164034
-6.02088934740012
-6.020888352590444
-6.020887172109162
-6.020886195465547
-6.020885307482147
-6.020885076790942
-6.0208851774438745
-6.020884796778154
-6.02088370766609
-6.020882851561567
-6.020882002012074
-6.020882544877057
-6.0208848898329315
-6.02089021784288
-6.020889207828082
-6.020889325934435
-6.020889079467414
-6.020888867434505
-6.02088779021231
-6.020888237774475
-6.0208871083903786
-6.020886566778398
-6.020888618649715
-6.020887798998988
-6.020886903803531
-6.020886098350419
-6.020884884487831
-6.02088372042455
-6.020882809257227
-6.02088242499741
-6.020881485322045
-6.020880302840588
-6.02087948628
-6.020881172232389
-6.020880736827907
-6.02087960643496
-6.020879414661848
-6.020878162512412
-6.020877658288947
-6.0208768204627665
-6.020876401962874
-6.020875409405608
-6.020876283882443
-6.020875364362316
-6.020874704608885
-6.020876747719588
-6.02087676226893
-6.020875509188389
-6.020875639881304
-6.0208750880201665
-6.020874432678578
-6.020873386397693
-6.02087391708953
-6.020879722779341
-6.020879661414271
-6.020878437469149
-6.020877677591573
-6.020876589687212
-6.0208763711738165
-6.020875098856963
-6.020873868819119
-6.02087328800887
-6.020873476175701
-6.020873150965742
-6.020871897919247
-6.020871292532973
-6.020871550382042
-6.020872306565293
-6.0208726566903525
-6.02087151939066
-6.020871508295466
-6.0208726634293805
-6.02087155530161
-6.020870432407784
-6.020869750949847
-6.020868602320838
-6.020867815053076
-6.020866730563058
-6.020868660928688
-6.0208678262495265
-6.020869000188076
-6.020867788121665
-6.0208670651862235
-6.020865846332446
-6.020864930433391
-6.020865302280072
-6.020864747228049
-6.020863759203381
-6.0208628420568315
-6.020862059246837
-6.020861028948827
-6.020861642140285
-6.020861123729514
-6.020860251978871
-6.020860693603635
-6.020859993042384
-6.02086094086171
-6.020860840008729
-6.020861921513409
-6.020860979252061
-6.020861841750565
-6.020860988123975
-6.020860873327001
-6.020862726010763
-6.020865302858895
-6.020864857801994
-6.0208637308639075
-6.0208648579612545
-6.020863732545861
-6.020863226369462
-6.020862162746375
-6.020861216596987
-6.020860035867818
-6.020861192127303
-6.020861198664063
-6.020860049002237
-6.020859182906568
-6.020858397454333
-6.020858354306679
-6.020857884500774
-6.020856796762458
-6.020855667340457
-6.020854857302529
-6.02085613671376
-6.020856999409383
-6.020856655055907
-6.020856757623418
-6.020860147252615
-6.020859805603574
-6.020858787271663
-6.020857934668254
-6.020856820946096
-6.020856230200847
-6.020858218176326
-6.02085920014413
-6.0208594021268524
-6.020859545583625
-6.020860103738775
-6.020860970341429
-6.020860417246501
-6.020859676780205
-6.020858536147006
-6.020857625975746
-6.020857481579268
-6.020859242206808
-6.020861767285633
-6.020860771363565
-6.020860018765759
-6.020860165351034
-6.020859088213806
-6.020861268217796
-6.020861195098233
-6.020860256259073
-6.020859950095067
-6.0208638292828045
-6.020863931110568
-6.020863069714303
-6.020864415106303
-6.02086320543993
-6.020862392624595
-6.020865482961091
-6.0208645675504675
-6.020865590585711
-6.020865553532508
-6.020864486859183
-6.020863394581969
-6.020862335171626
-6.020862113619393
-6.02086623616196
-6.0208668665873795
-6.02086613000914
-6.020865246381652
-6.020866273620951
-6.02086539646092
-6.020864722578788
-6.020864275587974
-6.020863455211985
-6.020863888100987
-6.020866109579921
-6.020866592183716
-6.020868470350262
-6.0208675813138655
-6.020867996360246
-6.020871050288994
-6.02086986457773
-6.020868735216227
-6.020869284097986
-6.020868948960093
-6.0208685572358025
-6.020867456054471
-6.0208662549243455
-6.020865069112174
-6.020868947220167
-6.020867731964183
-6.0208669679007665
-6.020866153247134
-6.0208666666717034
-6.02086624082101
-6.020865501073045
-6.020864376106565
-6.0208633685815
-6.020865347485055
-6.020864229357855
-6.020864244231965
-6.020863659521635
-6.020862754739088
-6.020861690504108
-6.02086194315812
-6.020860985970365
-6.0208606832730105
-6.020860499043121
-6.020859529744342
-6.020858706158458
-6.020859911452918
-6.020859888399981
-6.020859557660522
-6.020860698327617
-6.020859676698619
-6.020859045533934
-6.020857870322211
-6.020859999285657
-6.020859421905424
-6.020862764007726
-6.020862347793999
-6.020868529979172
-6.020870220090813
-6.020870483425298
-6.020871342635314
-6.02087082544584
-6.0208711970630215
-6.020873012454068
-6.0208723733524145
-6.0208719653259175
-6.020870980484328
-6.020870321759474
-6.0208693783362826
-6.020868194314914
-6.020867393483641
-6.020868295716544
-6.020867255507511
-6.020867692984627
-6.020866671431072
-6.020866964061143
-6.020866897764017
-6.020866300450422
-6.020867507791797
-6.020867968841814
-6.020869177216298
-6.020867979654497
-6.020866822227968
-6.02086581124236
-6.020866934240351
-6.020866191591486
-6.020865219932167
-6.020867431272604
-6.020867912932064
-6.020867890685888
-6.020867565847608
-6.020866563213728
-6.0208701835118115
-6.020871542141632
-6.020870790102712
-6.020870629597078
-6.020870112105449
-6.020869224489176
-6.020868700983957
-6.020869027396052
-6.020867902337718
-6.0208674152342665
-6.020867049072098
-6.020865876227772
-6.0208665184641745
-6.020865573888661
-6.020866499078491
-6.020865689819215
-6.020865310963682
-6.020866517675503
-6.020868196930206
-6.020869533612824
-6.020869275743474
-6.020869471581543
-6.020868575216572
-6.020869382926082
-6.02086821989355
-6.020869126946321
-6.020868796941041
-6.020869597012589
-6.020871178159418
-6.020869993710073
-6.020870928216445
-6.0208708416137355
-6.020872279061778
-6.020871274104747
-6.020870374273564
-6.020870880695972
-6.020872189044425
-6.020873743783737
-6.020872570208971
-6.020872090103372
-6.0208713657887944
-6.020871469295703
-6.020870589068167
-6.020870146534742
-6.020869748245454
-6.020868998815376
-6.020871545510245
-6.0208725742635325
-6.020873971306921
-6.0208753991134305
-6.020874855664902
-6.020875502766665
-6.020876638439573
-6.020876541226796
-6.020875588645981
-6.020875097493272
-6.020874668216577
-6.020874606469586
-6.020876680929027
-6.020875695879754
-6.020874615182675
-6.020873805270401
-6.020873224546777
-6.020873494427652
-6.020873074970704
-6.020872229122989
-6.020871815742127
-6.020870964563704
-6.020871005204618
-6.020870145849703
-6.020870490265559
-6.020872691688469
-6.020872252086557
-6.020871824235578
-6.020871081111968
-6.020870364221555
-6.020870535088516
-6.020869612628766
-6.020869187086367
-6.020868860658719
-6.020867851895617
-6.0208676336544436
-6.020866480873145
-6.020867525851449
-6.020867152462022
-6.020867343813425
-6.020866543091001
-6.020865457006812
-6.02086591037916
-6.02086479925702
-6.02086565366908
-6.020865183469649
-6.02086474192222
-6.020870112946074
-6.020869991286133
-6.020869064669403
-6.020867926751178
-6.020868189463303
-6.0208685615159485
-6.020868701106188
-6.02087040146157
-6.020869936564659
-6.020870075615292
-6.020868930320648
-6.020868969445038
-6.02087202066648
-6.020870980694489
-6.020870133102142
-6.020869017064018
-6.020869836200335
-6.020869730433703
-6.020868640154309
-6.0208680177846565
-6.020869130377257
-6.020868117100413
-6.020867775069284
-6.020867172297804
-6.020869660136591
-6.02086943166726
-6.020869369972733
-6.020868270038214
-6.020867218331153
-6.020866460690695
-6.020865546049804
-6.020864645733969
-6.020865026013331
-6.020866695815022
-6.020867146534824
-6.020866905189857
-6.020866278585976
-6.020865304531923
-6.0208703999568876
-6.020871607302696
-6.020870528933697
-6.020869456607309
-6.0208714280358935
-6.020870932836139
-6.02087132259807
-6.0208706642774334
-6.020869755700767
-6.020873531572194
-6.020876394552709
-6.020878323934905
-6.020878080288856
-6.020877908997845
-6.020877589582676
-6.0208770014398905
-6.020875936359344
-6.020875884704306
-6.020878596287156
-6.020877822631589
-6.020877097822594
-6.020876214827864
-6.020877054085771
-6.020876708853366
-6.02087624987504
-6.020875405279834
-6.02087819823732
-6.020878684173367
-6.020879417233658
-6.020878805169057
-6.020878159718128
-6.020877152811739
-6.020877087379132
-6.020876119723007
-6.020881604022093
-6.02088129231188
-6.020881237023869
-6.020880706837063
-6.020880921634981
-6.0208798359730435
-6.020878917650863
-6.020880176707984
-6.020879570765914
-6.020878641743934
-6.020878949657251
-6.020877906322656
-6.0208800075603595
-6.020878924328583
-6.020880386110217
-6.020879449170968
-6.020878825125681
-6.020879444731722
-6.020878777709735
-6.020879034436391
-6.020878627518777
-6.020879040411442
-6.020878740065377
-6.02087863359995
-6.020878655027681
-6.020877936850215
-6.020877457581062
-6.020877088755492
-6.0208771644568175
-6.020876134767441
-6.020876816709785
-6.02087897877925
-6.020880361930589
-6.020879875841133
-6.020879659973728
-6.020878762952535
-6.02087964966931
-6.02087905884988
-6.020878194599134
-6.020878991542276
-6.020880050616736
-6.020879252074242
-6.020878784328118
-6.020878519175892
-6.020877751904713
-6.020876955087741
-6.020876099335289
-6.020878336980783
-6.020879855202997
-6.020880381588074
-6.020880491303878
-6.020880522505369
-6.020879424642951
-6.020879021843676
-6.0208786652530195
-6.020878404283932
-6.0208773734860905
-6.020877030144109
-6.020876366100003
-6.020875544521003
-6.020875294893655
-6.0208759564778
-6.0208759847775
-6.020875422146294
-6.020876261684776
-6.020876056545243
-6.020875174366311
-6.020874348217579
-6.020875876143908
-6.02087503782362
-6.020873930144167
-6.020872956741582
-6.020872591135536
-6.020872876092929
-6.020871994557448
-6.0208735178890125
-6.020873085484324
-6.020872269803519
-6.020873830713572
-6.020872740034982
-6.020872718595943
-6.020871908205844
-6.0208714600766955
-6.020872466065322
-6.020871393251497
-6.020870835324551
-6.02087193972621
-6.020872519432037
-6.020874868102897
-6.020873878744893
-6.020874350297698
-6.0208764249548725
-6.0208777607926045
-6.020876986982849
-6.020875971553737
-6.020875103073475
-6.02087458116177
-6.020874540320168
-6.0208755153709514
-6.020874565528427
-6.020873509143867
-6.020872731805057
-6.020871916461003
-6.02087104544342
-6.020874025416839
-6.0208732319211755
-6.020872935159282
-6.020871986294712
-6.020871691741474
-6.020875187999813
-6.020874943008283
-6.020874071057583
-6.0208740862394174
-6.020873315915438
-6.020873170111686
-6.020873518076367
-6.020874326144024
-6.0208760197769955
-6.020875820723716
-6.020875018670532
-6.020874319963991
-6.020874378012268
-6.020873352473472
-6.020872345227927
-6.020872937510266
-6.020872167579128
-6.02087209599686
-6.0208717351029115
-6.020874044528588
-6.020874177248108
-6.0208739178874024
-6.02087385767345
-6.020874869475572
-6.020873959037594
-6.0208738022615345
-6.020872729688528
-6.020871689891672
-6.020871529448576
-6.0208705015244535
-6.020869753801292
-6.020870145832901
-6.020870406066541
-6.020869488266942
-6.020869970428217
-6.020868909937607
-6.0208698231401705
-6.020869175560825
-6.020868217690785
-6.020868604736613
-6.020867557103476
-6.020868131038279
-6.020867435227929
-6.0208667837705985
-6.020866967143632
-6.020867125408678
-6.02086940222196
-6.020869607507679
-6.020869214369807
-6.020868369702728
-6.020870586602347
-6.02087031096558
-6.020870559977897
-6.0208703950365905
-6.020869738726443
-6.020869227119053
-6.020869671707228
-6.0208701733125105
-6.020869829239908
-6.020873709414015
-6.0208731260956
-6.020872184174233
-6.020872007800935
-6.020873386343898
-6.020872409781025
-6.020872617997308
-6.020872566321617
-6.020871511641817
-6.020870742615527
-6.020869968086076
-6.020871420512478
-6.020870994665479
-6.020870788781642
-6.020871853215645
-6.020872304048682
-6.0208713562961895
-6.020870640773445
-6.020869653602695
-6.020869251261546
-6.020868525128677
-6.020868276983639
-6.020869852985262
-6.020868822442519
-6.020867923441709
-6.020867127296464
-6.020866509427879
-6.020866369560885
-6.020865395974157
-6.020864594034451
-6.020864092439072
-6.0208632589177995
-6.020862841747518
-6.020862307807064
-6.0208622821534465
-6.020861855412207
-6.020861131543599
-6.0208616422728936
-6.020861563039863
-6.020860790690487
-6.020862808477157
-6.020861922092886
-6.020861093479122
-6.020861085027475
-6.02086071236842
-6.020859966981713
-6.020859406926147
-6.020858587487707
-6.020857904455499
-6.020857822251288
-6.020857351190508
-6.020857278947673
-6.020856684825673
-6.0208561057882575
-6.020855989170506
-6.020857095864632
-6.020856404140094
-6.020855687267195
-6.020854930543518
-6.020854915703009
-6.020854140158786
-6.020854197304516
-6.020856569357861
-6.020855919356875
-6.02085521088809
-6.020855089881949
-6.020854452427468
-6.020856116126899
-6.0208550901477995
-6.02085695951735
-6.020858006032862
-6.020858025012207
-6.020857482253404
-6.02085692271153
-6.020856282161169
-6.0208575837636475
-6.020857075964115
-6.020858092020285
-6.020857445321178
-6.020857283842356
-6.020856818682308
-6.020856511169841
-6.020855708115572
-6.0208550560341605
-6.020854517809838
-6.020855535693349
-6.020857057994245
-6.020856016073843
-6.020855156540482
-6.020854727847968
-6.020855228934403
-6.020855432380372
-6.020854931183075
-6.020853932565108
-6.0208536880747445
-6.020852838504758
-6.0208525793126615
-6.020852128572177
-6.020851140736442
-6.0208503031651786
-6.020850531983438
-6.020850369093165
-6.02084954185033
-6.020848761593203
-6.020848192129658
-6.020847815536789
-6.02084679234402
-6.020847114469299
-6.020847038610052
-6.020846190754634
-6.0208454858611296
-6.020845041778258
-6.020844349810969
-6.020844242310675
-6.020844311270888
-6.020846503543645
-6.020846202112293
-6.020845206469941
-6.020845535879458
-6.020844529092028
-6.020845197916898
-6.0208447303070525
-6.020845278687978
-6.020845260214433
-6.020844596424759
-6.020844440095588
-6.020843584982286
-6.020843409317504
-6.020844636052251
-6.020845225952761
-6.0208463972887305
-6.020846989376588
-6.0208472268770015
-6.020849050707906
-6.020848602011145
-6.0208490035879505
-6.020848369743449
-6.0208489115250865
-6.020849016883805
-6.020848068386048
-6.020847977804648
-6.02084839691285
-6.020848834100263
-6.020847862592388
-6.020847014830098
-6.020846166725433
-6.020845374872561
-6.020844536755846
-6.020845270873615
-6.020844288294296
-6.020844326512345
-6.0208433883238826
-6.020842652881646
-6.0208422197829625
-6.020841747982776
-6.020841516419728
-6.020843503145311
-6.020844096129843
-6.020844496023975
-6.020843786054098
-6.020843406849353
-6.020843887770632
-6.020843666785086
-6.02084358667022
-6.020845844433701
-6.020845878538573
-6.020847281261007
-6.020847451725673
-6.020848104253263
-6.0208476128314175
-6.0208484074386375
-6.020847717612786
-6.020848468432211
-6.020848337842305
-6.0208492737109855
-6.020848550170261
-6.020848158441019
-6.020848072731351
-6.02084797781638
-6.02084749134012
-6.020846736510318
-6.020846169321949
-6.020846123435581
-6.0208453082618005
-6.020845855326404
-6.020850210337015
-6.020850065546478
-6.020850555681213
-6.02084963068034
-6.020849230920889
-6.020850068823929
-6.0208504048589
-6.020852216655807
-6.020851263001629
-6.02085117315465
-6.020851044030788
-6.020852276513305
-6.020852071298818
-6.020852069109187
-6.020851729032225
-6.0208528986645
-6.020853518928775
-6.02085298747188
-6.020854167873669
-6.020853400333304
-6.020852461784233
-6.020851511976193
-6.0208522277386765
-6.020851279403147
-6.020850495282522
-6.020849884250699
-6.020849795381032
-6.020849254917719
-6.020848294601838
-6.0208474267155
-6.02084797885525
-6.020848888179239
-6.020850499837486
-6.020849798420182
-6.020849040830495
-6.020849048915647
-6.020849175593173
-6.020848174971063
-6.020847856035249
-6.0208477771031
-6.02084758366061
-6.020850167367416
-6.020849939777819
-6.0208498863566975
-6.020849785260765
-6.020849808867009
-6.02084880573549
-6.020848009309145
-6.020847074272728
-6.020846572916055
-6.020845719770955
-6.02084912793407
-6.020849993913524
-6.020851304639879
-6.020852747252616
-6.020852334315016
-6.020851496374481
-6.020852412690823
-6.020851613530091
-6.020851899663365
-6.02085113352687
-6.020851254262098
-6.0208509428895685
-6.020851015760002
-6.0208502201901055
-6.020850595692051
-6.020850079861764
-6.020849463656445
-6.020849826661395
-6.020849557972497
-6.020849309114942
-6.020848454655304
-6.020847965913844
-6.02084762195298
-6.020847304949239
-6.020846347830646
-6.020845642333354
-6.0208450653707795
-6.020844300605624
-6.020844174140677
-6.020843510958533
-6.020843214735376
-6.02084594756205
-6.0208455580025655
-6.020844704846602
-6.020845777357922
-6.020846419639397
-6.020846108506871
-6.020847705896052
-6.0208498871848875
-6.020848982977365
-6.020849578601748
-6.020849105582873
-6.020848289097764
-6.020847427882014
-6.020846563010133
-6.020846431736529
-6.020845617914125
-6.020845818531353
-6.02084508290106
-6.020844630678369
-6.020843813590638
-6.020843348872011
-6.020842902226107
-6.02084344361867
-6.020847344282416
-6.020846386842
-6.0208469115529315
-6.020847772048915
-6.020848068183745
-6.020849157683081
-6.0208501101256795
-6.020850573832906
-6.02085208702072
-6.0208516121498405
-6.020851090712888
-6.020851302927478
-6.020851951604241
-6.020852848161642
-6.02085228767753
-6.020851805600239
-6.020853191299322
-6.020852989673988
-6.020852063190153
-6.020852182001696
-6.020851787464609
-6.020851589279229
-6.0208512850408065
-6.020850476729246
-6.020849914945822
-6.020849321442262
-6.020848509652423
-6.020850540702638
-6.020850408785208
-6.020849881449993
-6.020849071034021
-6.020848176094515
-6.020849722006238
-6.0208490974940325
-6.020849666082895
-6.020849298956875
-6.020848336628492
-6.020854431278687
-6.020854695857763
-6.020854848130025
-6.020854516936281
-6.020853765239259
-6.020854242980379
-6.020853501387592
-6.020853188243542
-6.020852242012773
-6.020852049600603
-6.02085116807568
-6.020850643982805
-6.020852215068403
-6.020851419166701
-6.020850594244853
-6.020850373298114
-6.020850113497459
-6.020850866320771
-6.0208499820342345
-6.020849287446572
-6.020850181781778
-6.0208512627719415
-6.020850442213773
-6.020849891888848
-6.020850543782418
-6.020849972983745
-6.0208510239414466
-6.020851639818684
-6.020851803586217
-6.02085158791363
-6.020851943427807
-6.020851159248832
-6.020851455661181
-6.0208513884824795
-6.020850604112396
-6.020851032187425
-6.020850067543225
-6.020849382320298
-6.020848711245567
-6.020848038513213
-6.020847266716352
-6.020847172027389
-6.020846710113264
-6.020847383817007
-6.020849235222974
-6.020849783375499
-6.020849363257493
-6.020848953271843
-6.020848080616461
-6.02084869522647
-6.020848980729536
-6.020851227696775
-6.020853479885422
-6.0208527401297305
-6.0208544314599655
-6.020855025717427
-6.0208564176568276
-6.020856351273923
-6.020855792933774
-6.020854850462137
-6.020854775586154
-6.020858061520332
-6.020857658968635
-6.0208582462271005
-6.02085804866373
-6.020858583266125
-6.020858195507866
-6.02085732544197
-6.02085803547934
-6.020857503138006
-6.020857225857269
-6.020856695792212
-6.020856702060302
-6.020862346046592
-6.020862663438511
-6.020863705329811
-6.020864621867421
-6.020863964288224
-6.020863352177411
-6.020862627209554
-6.020862027519602
-6.020861189877561
-6.020860825601868
-6.020860285866389
-6.020860740574068
-6.020860026181556
-6.020860974040313
-6.02086344925672
-6.020863290667776
-6.020862724083595
-6.020862015477269
-6.020862992137739
-6.020862660974054
-6.0208641652572545
-6.020864911901304
-6.020864641054956
-6.0208655173940135
-6.02086491343601
-6.020864661567923
-6.020866511969161
-6.020865775170412
-6.0208668522013795
-6.020865980585602
-6.02086762388261
-6.020867075110068
-6.020866791250368
-6.020867203312469
-6.020868208275349
-6.020870311055747
-6.020870556564356
-6.020870110198576
-6.020869533049451
-6.02086965739327
-6.0208695886273675
-6.020869464077669
-6.0208696089551355
-6.020868902111826
-6.020868818826303
-6.020869416791785
-6.020868649375855
-6.020867875162323
-6.020868106556421
-6.020867601562959
-6.020866715138909
-6.020866247921893
-6.0208660525977304
-6.020867145573851
-6.020866542720561
-6.020866181689446
-6.020866495915182
-6.020866210936591
-6.020868117199087
-6.0208674484350055
-6.0208669463219735
-6.020868240818429
-6.02086755667824
-6.0208679111263566
-6.020867066987343
-6.0208669214826775
-6.020866191644667
-6.020865249265103
-6.020864929810026
-6.020864026994842
-6.020863129375055
-6.020862870125594
-6.020862513001141
-6.020861571724102
-6.020864226185486
-6.020864294577389
-6.02086352520142
-6.020862850951869
-6.0208621994087945
-6.020861564623205
-6.020861100331479
-6.020862778951518
-6.020861899728651
-6.020862014047045
-6.0208632403156965
-6.020862481143097
-6.020861791547582
-6.020863495787477
-6.020863499130532
-6.020865230436443
-6.020864837041144
-6.02086458335746
-6.020863843594512
-6.020862975994535
-6.020862225631212
-6.020861293441005
-6.0208621509086635
-6.020863363881196
-6.0208627526718015
-6.020862593728728
-6.020861749046244
-6.02086172549444
-6.020862095954571
-6.02086232907644
-6.0208619542975175
-6.020862534207535
-6.0208624531941295
-6.020863842610643
-6.020863476874052
-6.020863082935261
-6.020862219952352
-6.020863150459993
-6.020862267801283
-6.020862647402491
-6.020864104117785
-6.020863438092968
-6.020863956236405
-6.020863051682613
-6.020862124490334
-6.020862732272447
-6.020863338657663
-6.020864060812599
-6.020864239136881
-6.020863758380221
-6.020864173737304
-6.020863873587217
-6.020865149191475
-6.02086553902591
-6.0208648988917846
-6.0208663545999865
-6.020865461429493
-6.020864790665827
-6.020864615107185
-6.020864579747331
-6.020865442313478
-6.020866669369002
-6.020868259508081
-6.02086863739915
-6.020867834721976
-6.020869172548197
-6.0208699256996905
-6.020869136603995
-6.020868811144127
-6.020868645152514
-6.0208681080169315
-6.020868527358733
-6.020868833509889
-6.020868030437353
-6.020868073974003
-6.02086751043514
-6.020867422847423
-6.020867209871468
-6.020866402044172
-6.020866186976623
-6.020866864567191
-6.020867070515381
-6.020866420330623
-6.020865490855308
-6.020865208124786
-6.020864522114959
-6.0208636487373415
-6.02086319796458
-6.0208670222861
-6.020866917984496
-6.020866554057886
-6.0208658853915376
-6.020866085271514
-6.020865667184842
-6.020866214422734
-6.020866031298268
-6.020865133978011
-6.020864396742493
-6.0208643723601405
-6.020863550538821
-6.020865600830906
-6.02086521855775
-6.0208656351066585
-6.020866127140415
-6.020865794336776
-6.020865721419811
-6.020865318808928
-6.020864421044946
-6.020865119002371
-6.020864397331112
-6.020863592757721
-6.020862771363249
-6.020861940646484
-6.020863426502801
-6.020862976723477
-6.020865067492037
-6.020864448545837
-6.0208638873536655
-6.020865431561427
-6.020866542941253
-6.020868887995116
-6.020868179189968
-6.020868074685012
-6.020869093818423
-6.020868351522163
-6.020867806935207
-6.020866985918191
-6.020868023523459
-6.020867135408667
-6.020867220490411
-6.020868292300415
-6.0208697912887255
-6.020871544675419
-6.020872366868421
-6.020872273130777
-6.020873659825201
-6.020873480841601
-6.020872952627877
-6.020872896155231
-6.0208720722105165
-6.020871575672616
-6.020872338759923
-6.020871819653605
-6.0208730613730275
-6.0208730964571675
-6.020872446631719
-6.020871614895451
-6.02087131025092
-6.020870981586377
-6.020871034303977
-6.020870160212062
-6.020869251784322
-6.0208690114157495
-6.020868543338178
-6.020867988379514
-6.0208679091372375
-6.020867294486909
-6.020867806865743
-6.020867521494253
-6.020867248984889
-6.020867048608367
-6.020866922115336
-6.020866868526106
-6.020867196982673
-6.020868182894589
-6.020867637074176
-6.020866882138816
-6.020866887603569
-6.0208668645958925
-6.020866181362592
-6.020865464701802
-6.02086502978493
-6.020866633692142
-6.020866896421945
-6.020867990696515
-6.020867887205715
-6.020867052587904
-6.020866494578422
-6.020865939157977
-6.020865562519051
-6.0208653189775
-6.020864552798366
-6.020863964190199
-6.0208658559858845
-6.020865146522482
-6.020864616314641
-6.020864664862436
-6.020864067810841
-6.020863217320026
-6.020862939911854
-6.020862837791629
-6.020863438941427
-6.020863803923431
-6.020863153430362
-6.020862624702871
-6.020862372890893
-6.020861507534791
-6.0208608803349035
-6.020861740384844
-6.020861354038488
-6.0208609616069255
-6.020863144380593
-6.0208645114168355
-6.020865863036221
-6.020866142940427
-6.020866675884404
-6.0208660693483145
-6.020865348458492
-6.020865053684841
-6.0208652112710555
-6.02086641227783
-6.020866793138174
-6.0208659758742105
-6.020866861247348
-6.020866415160377
-6.020865831207647
-6.020865064880921
-6.020864831675442
-6.0208640583400985
-6.020866254403106
-6.0208654228102265
-6.0208652403129115
-6.020865924262829
-6.0208671142433605
-6.020866305273516
-6.020866438064821
-6.020865783170803
-6.0208655594090645
-6.020869008507859
-6.020870621588885
-6.0208704499396815
-6.020871029857445
-6.020870643661274
-6.020871284726548
-6.020871915348865
-6.0208720800781865
-6.020871490939558
-6.020870705374249
-6.020869862687264
-6.0208690502248166
-6.020868168483071
-6.020867452405489
-6.020867106855404
-6.020866324562596
-6.020865525104718
-6.020865252520985
-6.02086720384541
-6.020867682912916
-6.0208685673894
-6.020867778712205
-6.020867549901465
-6.020866756440125
-6.02086620158181
-6.0208656017100495
-6.020866627602165
-6.020865865133964
-6.02086589864061
-6.020866258866314
-6.020865609256424
-6.020864809508549
-6.020864411868102
-6.020864286152409
-6.020863560984763
-6.020863410843571
-6.020863667685596
-6.020862822357631
-6.020862613629383
-6.0208641576573765
-6.020867864564955
-6.020867263057816
-6.020866547146585
-6.020866792394948
-6.020866032925947
-6.020865359692771
-6.02086610205729
-6.020865588049125
-6.020864978948232
-6.020865837861303
-6.020864950132898
-6.020864071036838
-6.020865484578558
-6.020864881140556
-6.020864362759623
-6.0208661155378795
-6.020867306894042
-6.020866927631244
-6.020867906502196
-6.0208670430519415
-6.02086654823085
-6.020866544476143
-6.020866569498713
-6.02086576287688
-6.020865500990886
-6.020865134258873
-6.0208646608132605
-6.020863978946746
-6.020864568446688
-6.020864563875405
-6.020864297129071
-6.020864276909756
-6.020865615683579
-6.020865513657394
-6.020864672473151
-6.020863836226755
-6.020863146395065
-6.020863314529846
-6.0208643402188216
-6.020865099900875
-6.020866632403779
-6.020866337670282
-6.020869452873339
-6.020872537138361
-6.020873245942594
-6.0208723894090115
-6.020872291275929
-6.020872691657423
-6.020872735539857
-6.020872887743071
-6.020872532920196
-6.0208717603771635
-6.02087144010314
-6.02087236299603
-6.020873549443253
-6.020872836876404
-6.02087475010768
-6.020874288588114
-6.020874530456935
-6.0208751310989435
-6.020874331330221
-6.02087361949786
-6.02087495675615
-6.020874460105493
-6.0208740371141145
-6.020873640790704
-6.020873824651817
-6.02087296614783
-6.020872160123754
-6.020872008161501
-6.020871724684419
-6.020871965100289
-6.020871126085085
-6.020870524157839
-6.0208706135100005
-6.020870244593384
-6.020872502205303
-6.02087352706365
-6.020872779791833
-6.020873784567408
-6.02087347330358
-6.0208730177796355
-6.020872192082675
-6.020872174635969
-6.020871456575711
-6.020870980794498
-6.020870360049429
-6.02087052348983
-6.020870807193354
-6.020870595876327
-6.020869856509945
-6.0208689816253305
-6.020869014617855
-6.020868238372502
-6.020867960702673
-6.02086794491066
-6.020867301378697
-6.020867052396731
-6.020866418343909
-6.020866013520226
-6.020865884604267
-6.020866552371719
-6.020866391221978
-6.0208659761618195
-6.020869221947339
-6.020868426239879
-6.020868037881385
-6.020867801451878
-6.020866930908925
-6.020866144152408
-6.020865270028614
-6.020864480658167
-6.020864359205108
-6.020863646174674
-6.020863366853732
-6.02086428091426
-6.0208657489294435
-6.02086519528914
-6.0208646511410615
-6.02086406093179
-6.0208633830851905
-6.0208626346566
-6.020861895572939
-6.020861464271477
-6.020861307362628
-6.020862183208903
-6.020862068185086
-6.02086262942612
-6.020862229585093
-6.0208618371156915
-6.0208619937056636
-6.020861139901631
-6.020860440736777
-6.020860438989715
-6.020861028333739
-6.02086100672596
-6.020860271390513
-6.020860124538886
-6.020860473181895
-6.0208617531380355
-6.020861358076175
-6.0208614699142275
-6.020861310009282
-6.020860519335349
-6.0208599236149345
-6.020859712823579
-6.020859240412865
-6.0208600034240245
-6.020860617297726
-6.020859757656093
-6.020858917270915
-6.020858641103373
-6.02085881561967
-6.020858914930353
-6.020858854038992
-6.020859128949939
-6.0208592755741845
-6.020858494015358
-6.0208583488328395
-6.0208576411807835
-6.0208578726147275
-6.020857550510864
-6.020856827722138
-6.020856672521128
-6.02085607692598
-6.020855523538051
-6.020857846196187
-6.020858107197105
-6.02085757767585
-6.0208570934060335
-6.0208567149552055
-6.020858252410572
-6.020859646711114
-6.020859409073899
-6.020858554774711
-6.02085799330213
-6.0208578282291025
-6.020857246827287
-6.020858185028974
-6.020857489839795
-6.020860447740704
-6.020860854310048
-6.020860113755274
-6.020860180949865
-6.020859616433026
-6.020859594547472
-6.02086340690703
-6.020864483206959
-6.020863997488522
-6.020863265924283
-6.02086277229996
-6.02086207670221
-6.020861296295661
-6.02086214762403
-6.020862157621003
-6.020862886810706
-6.020865046167427
-6.0208661291207966
-6.020865656689268
-6.020864949097106
-6.0208646772857115
-6.020865273236446
-6.020864618998856
-6.020864171581362
-6.020866800822618
-6.0208667037916515
-6.020866691562136
-6.020865852186844
-6.020865587790272
-6.020865583540057
-6.020865103323589
-6.0208646518526905
-6.020864241999013
-6.020863566727386
-6.020863718761567
-6.020864039203103
-6.020866460767447
-6.020868234216608
-6.020869183291569
-6.020868361220227
-6.020867736419465
-6.020867534967395
-6.020867691812072
-6.020866858270763
-6.0208663328962135
-6.020866561552566
-6.020868559224861
-6.020868270289852
-6.020867648576416
-6.020867554397865
-6.020867274276048
-6.020866802081211
-6.020866375280586
-6.020865734395667
-6.020865836773457
-6.02086508979468
-6.0208644054413405
-6.020863644727869
-6.020865608986243
-6.02086590221281
-6.020867739905962
-6.020866910576136
-6.020869603217927
-6.0208696503227435
-6.02086951934307
-6.020868717065237
-6.020867916660843
-6.02086828244241
-6.020867443006839
-6.020867788765193
-6.020868920204893
-6.020868409768174
-6.020868393353411
-6.020868102111509
-6.020868321854898
-6.020867992912386
-6.020867160618641
-6.020867246905822
-6.020867347797349
-6.0208668191214345
-6.020866242670324
-6.020866067715182
-6.020865330617136
-6.0208646181740075
-6.0208643569531
-6.020863916824094
-6.020863907535786
-6.020863757960277
-6.020863081466674
-6.020862306741903
-6.020861722376152
-6.020861383764404
-6.020861827104703
-6.020861713574685
-6.020863027893511
-6.02086239753607
-6.020861626438609
-6.020860909041224
-6.020860634228337
-6.0208602556543225
-6.020859476672179
-6.020861139459748
-6.020861570151807
-6.020860914238347
-6.020861364641723
-6.02086178931725
-6.020862294811387
-6.020861920807888
-6.0208613792659245
-6.020861451018914
-6.020861259703793
-6.020860491726647
-6.020859929499651
-6.02085961394408
-6.020859505441445
-6.020860701863091
-6.020862586784517
-6.020863865138347
-6.020863168832462
-6.020863702990894
-6.020863820395782
-6.02086359979561
-6.020863851270644
-6.020864705046407
-6.020865313919585
-6.0208647323107485
-6.020866686827755
-6.0208693574667835
-6.020869881492945
-6.020869339812141
-6.02087055939539
-6.020869768070887
-6.020869381234457
-6.020868715040134
-6.020868015629179
-6.020867629270195
-6.020867020583986
-6.020867004332173
-6.020866261114142
-6.020865841993578
-6.020865070113924
-6.020864662855389
-6.020863938214578
-6.020863245203149
-6.020862420300357
-6.020861640653113
-6.020861540671707
-6.02086081242336
-6.020860683690258
-6.020861380454585
-6.020861166555324
-6.020862287040919
-6.020861843499844
-6.020861387259772
-6.020860836565251
-6.020860196149315
-6.020859402304188
-6.020858703888656
-6.020859865781536
-6.020859867254051
-6.0208592243125825
-6.020858428853733
-6.020861087471963
-6.020861450114344
-6.020861123158925
-6.020860604744328
-6.02086016476806
-6.020862930404028
-6.020863332405079
-6.020862594988914
-6.020862995905275
-6.020862451410509
-6.020864093522865
-6.020863581884323
-6.020863576115069
-6.020864369843533
-6.020863744332232
-6.020863018914354
-6.020862233150852
-6.020861784558583
-6.020861735833332
-6.020861251069124
-6.020860495107863
-6.020860084996288
-6.020860169476867
-6.020859402528662
-6.020858803204705
-6.020858410585457
-6.020858502799531
-6.0208577435116295
-6.020857641003091
-6.020857054476959
-6.020856260543852
-6.020855812033708
-6.020857545771947
-6.02085947484861
-6.020858703599127
-6.0208592633383935
-6.020858480193447
-6.020858132890267
-6.020857711353619
-6.020857442440582
-6.020856654526176
-6.020855919445467
-6.020860298604882
-6.020860129171342
-6.020862618746032
-6.020863175828344
-6.020863113902299
-6.020863327145829
-6.020864791645831
-6.0208651365214285
-6.020866215080046
-6.020866163512973
-6.020865705233862
-6.020865000069997
-6.0208642085653015
-6.02086385838398
-6.020863431024018
-6.020863025280177
-6.020863655375324
-6.020863076908052
-6.020862662050251
-6.020862495761708
-6.020863158729974
-6.020864481012096
-6.020863872265695
-6.020863243293207
-6.020863475818084
-6.0208637189456535
-6.020863721658673
-6.020863913916196
-6.020863477142521
-6.020863512739612
-6.020864209371791
-6.020863426050506
-6.020863046556193
-6.020864181587721
-6.020864119548041
-6.020863690586923
-6.020864546201903
-6.020864917801819
-6.020865769582631
-6.020865979283186
-6.0208657704619215
-6.020866286309961
-6.020866070304969
-6.020865644824626
-6.020866349233479
-6.0208660310965305
-6.0208656543418755
-6.020865042551365
-6.020864279690132
-6.020865262999151
-6.020866033321129
-6.020865959021977
-6.020865363900146
-6.020866124652585
-6.020866341481003
-6.020866020775996
-6.020865308091742
-6.020864552296749
-6.020865384515314
-6.020865111309609
-6.02086574303194
-6.020865177860616
-6.020865819322375
-6.020865903605911
-6.020865091178529
-6.02086514244891
-6.020864891257928
-6.020864122687153
-6.020866698518886
-6.020866249419975
-6.0208663793145245
-6.020866894496544
-6.020867440781363
-6.020868119207453
-6.020867482851234
-6.020867099076375
-6.020866790586533
-6.020867295999437
-6.020866643888719
-6.020867614135811
-6.020867803316885
-6.020867236089365
-6.020867888870531
-6.020867730764211
-6.0208670476597135
-6.0208668173978985
-6.020866182350365
-6.0208668008047965
-6.0208680827302885
-6.020867408175814
-6.020867889148768
-6.020867506180512
-6.020867416414296
-6.020867056558988
-6.020867701392259
-6.020867335046134
-6.020867212003127
-6.020866963156248
-6.020867695112364
-6.020867590221024
-6.020866958038114
-6.020866175253407
-6.020865661280413
-6.020864968835857
-6.020867408760843
-6.020868008055911
-6.020868384011192
-6.020868194306258
-6.020867798872293
-6.020868338489255
-6.020868107663649
-6.020867309886956
-6.020869274042535
-6.020868601719031
-6.020868275516099
-6.020869677136341
-6.020870236186965
-6.0208705879238655
-6.020870392729803
-6.0208709504666285
-6.020870380900401
-6.020869795935245
-6.020869105300095
-6.020868910978583
-6.020869055517488
-6.020868778793657
-6.020868315937743
-6.020868689459519
-6.020868856537613
-6.02086865072923
-6.0208679722979985
-6.02086767057324
-6.020866888607193
-6.020867518595176
-6.020867797924825
-6.02086850615256
-6.020870055530425
-6.020870870406856
-6.020871730827377
-6.020871683533212
-6.020871507707122
-6.020876928953276
-6.020876230318498
-6.020877259534112
-6.020877679027676
-6.020877085423277
-6.020876319144828
-6.020875529228051
-6.020875851152943
-6.020875102305962
-6.02087437922284
-6.0208738623556535
-6.0208751934253035
-6.02087529724959
-6.020874816887212
-6.020875437830472
-6.020874875215716
-6.0208758274502605
-6.0208756525075025
-6.020875064548589
-6.020874673371445
-6.020873918964265
-6.020873664556363
-6.020874658274221
-6.020873863749269
-6.02087341057284
-6.020873818661034
-6.02087389905113
-6.020873155973888
-6.020873692413642
-6.020873298044211
-6.0208729767087785
-6.0208726952872835
-6.020872504077829
-6.0208721558436
-6.020873293076228
-6.020873075675483
-6.0208734947160485
-6.020873051121235
-6.020872490260662
-6.020872562992903
-6.020872873878761
-6.020872107142467
-6.020871549442719
-6.020870923088789
-6.020872215132202
-6.020871546245745
-6.020870846481225
-6.02087068100262
-6.0208702211533
-6.020870284589497
-6.020871646157802
-6.020871636923269
-6.020872628819952
-6.0208723323637265
-6.020871626147163
-6.020871335061401
-6.020872487698207
-6.020872185711004
-6.020871910335956
-6.020871474789338
-6.020870911619175
-6.020870270388473
-6.020870611202763
-6.020869886018268
-6.020870323283519
-6.020871221602943
-6.02087095394209
-6.02087274144696
-6.020874990357238
-6.020874397622677
-6.020874251065349
-6.020873747044209
-6.020873174726385
-6.020874216613291
-6.020874226053689
-6.020873842865706
-6.020873423345948
-6.020872892690235
-6.020872351488653
-6.020872066266962
-6.020872345664404
-6.020873357478673
-6.020872810979452
-6.020873194352628
-6.020876951774293
-6.020877670352572
-6.020877907566075
-6.0208792804974145
-6.020879242404986
-6.020878689839641
-6.020878460899731
-6.020878573783222
-6.020879119783938
-6.0208787532214405
-6.020878170335799
-6.020877640649479
-6.020877451531996
-6.020878220694407
-6.020879236075222
-6.02087870623004
-6.020879241756722
-6.020878511189355
-6.020879028037366
-6.02087902179223
-6.020878243595124
-6.020878315472225
-6.020880526232447
-6.020881334273755
-6.020882129343324
-6.020882650089538
-6.0208820602722515
-6.020881704286257
-6.020881194500674
-6.020880513725744
-6.020880959060021
-6.02088069720358
-6.020880014438714
-6.020879667394778
-6.020878992489152
-6.020878738307221
-6.020878369340811
-6.020878222669042
-6.020878085399065
-6.020877576900224
-6.020879286764032
-6.020878620782939
-6.020878510047223
-6.0208778700684045
-6.020877368806209
-6.02087667751275
-6.020875900343746
-6.020875479900102
-6.020876980488941
-6.020876255160329
-6.020877222581134
-6.020876818631149
-6.020876319192919
-6.020875906675629
-6.020875516430912
-6.020875184105533
-6.020874948072005
-6.020874824143965
-6.020874190378575
-6.020873768364886
-6.020874394366297
-6.02087456194469
-6.020874815073465
-6.020875696629846
-6.020875217556052
-6.020875212030588
-6.020875178903896
-6.0208750272688105
-6.020874822732252
-6.020877736813272
-6.020877111397934
-6.020876801609687
-6.020876254472572
-6.020877188243937
-6.020876541939431
-6.020875880596475
-6.020875386542714
-6.020874706298813
-6.020874191249293
-6.020874683900421
-6.020874610841448
-6.020874146066746
-6.020874363669773
-6.020873742574444
-6.0208731697341635
