PEL Ensemble Cumulative Energies at T*=0.75
-6.477191511708043
-6.456512089154191
-6.449956226741588
-6.44654546851128
-6.444568251897522
-6.44344393407166
-6.442420612387357
-6.441764082118061
-6.4410732642699395
-6.440639308240892
-6.440853134483159
-6.440397656343648
-6.4403263188728115
-6.440222654456188
-6.439920066932045
-6.439897875284274
-6.4397083243905255
-6.439680963497522
-6.439475621411941
-6.439288945784584
-6.439217077511408
-6.439208875143967
-6.439211997806157
-6.4390705838022555
-6.438922694000241
-6.438831940433313
-6.438852548752305
-6.438732666739145
-6.438641517431168
-6.438601032757438
-6.438524150156004
-6.438436440498722
-6.438390494299912
-6.4383171854805035
-6.438354574999022
-6.438492926746696
-6.4385756357452815
-6.438502695773585
-6.4384339354402025
-6.43835850164516
-6.4384398078570175
-6.438474061370742
-6.438436485176461
-6.438391497083732
-6.438427727195699
-6.438456509473989
-6.438395561679729
-6.438333418731564
-6.43827372240117
-6.438232548889885
-6.438272936800477
-6.43822417283636
-6.438280604319133
-6.438235412571772
-6.438197792601883
-6.438189746182994
-6.438154361218611
-6.438149218306878
-6.438107087428211
-6.4380807468514485
-6.438066590756485
-6.438037803967622
-6.438041746937577
-6.438018698288503
-6.438012982279082
-6.437973486491014
-6.43799100355438
-6.4379586294197
-6.437976754713904
-6.437952322864784
-6.437925858918137
-6.437952458251119
-6.43792971448541
-6.437899539892676
-6.437893752974536
-6.437908639497667
-6.437885036476978
-6.437867695730496
-6.437904629971098
-6.437890138477995
-6.437928403717471
-6.437999312387749
-6.437970527980788
-6.437944119857145
-6.437922026819098
-6.437923048759171
-6.437925181289072
-6.437897414766663
-6.4379272468119675
-6.437923480858654
-6.437949373847334
-6.437944985587106
-6.437947179598362
-6.437936715498608
-6.437951473835353
-6.437933132783951
-6.437926759789523
-6.437955114777029
-6.437965371632132
-6.437989547758082
-6.438029330581917
-6.438015652392336
-6.437992954174339
-6.437982650108132
-6.437970812265047
-6.437957237551744
-6.437937514013216
-6.437930553936859
-6.437925860805372
-6.437920315170529
-6.437901702877332
-6.437894726940414
-6.437889640816279
-6.437879530941341
-6.4378817328360824
-6.437861708539765
-6.437857752602275
-6.437860101386249
-6.4378608835267945
-6.437850661632987
-6.437835371663702
-6.43784017627289
-6.43782122915483
-6.4378240398931545
-6.437807469639821
-6.437791082524143
-6.437784285742361
-6.437767420733985
-6.437789864704631
-6.437780514218807
-6.43776622613613
-6.43775549032717
-6.437745840365848
-6.437743372445102
-6.4377574618058135
-6.437745900793192
-6.437735346825882
-6.4377201695778705
-6.4377211330113715
-6.437710842011409
-6.437697017817925
-6.4376865626234245
-6.437747223526366
-6.437815620264619
-6.437801087149799
-6.4377933409438794
-6.437778827741031
-6.437807134426152
-6.437791056695755
-6.437779538663159
-6.437766893503099
-6.437762438449847
-6.437749942757605
-6.4377363770531675
-6.43772382780209
-6.437744275781664
-6.437732323356801
-6.437741203076742
-6.43774124312406
-6.43773227796251
-6.437735368760064
-6.437729223848046
-6.437765242591883
-6.437767380613543
-6.43775968557046
-6.43775010431618
-6.437739577779587
-6.437774138526963
-6.43776365534313
-6.437784403005925
-6.437794413736794
-6.437788431101096
-6.437781406238275
-6.437768268961484
-6.437762893807077
-6.43776848850246
-6.437759752798059
-6.437784490419321
-6.43777109030126
-6.437766458763997
-6.437754932254193
-6.437770179027737
-6.4377777105524
-6.437765785367765
-6.437759403489872
-6.437751601553931
-6.437755020249023
-6.43775785632932
-6.43774585026542
-6.437743765886796
-6.437733190522598
-6.437742227967598
-6.437765162669863
-6.437757190569946
-6.437751561314669
-6.437746172809186
-6.437743468122777
-6.4377680032745905
-6.437786267187477
-6.437778776341644
-6.437773166810496
-6.437777871488813
-6.43777347231146
-6.437762101696374
-6.437764243899597
-6.4377539017297885
-6.437752957152988
-6.437742644698134
-6.437735477992511
-6.4377420155993885
-6.4377326622616255
-6.437747548622433
-6.4377456190139295
-6.437737842617306
-6.437736568354121
-6.437738121572426
-6.4377408631726905
-6.437731511028758
-6.437724131850047
-6.437724088113952
-6.437723125252516
-6.437721280270433
-6.4377144085184
-6.437743415142711
-6.437785718703611
-6.4377773429187375
-6.437788377727171
-6.437777807929582
-6.437768101702501
-6.437757923418271
-6.437751232426599
-6.4377423665766855
-6.437739416842057
-6.437742503655337
-6.437742344313111
-6.43774629013748
-6.437748243559941
-6.437740897242377
-6.437739699546033
-6.437735251586554
-6.437728327001357
-6.43772038209954
-6.4377415936983455
-6.437743647021514
-6.437736121997051
-6.437749577028053
-6.437743207483606
-6.437761015929921
-6.437752656291012
-6.437750645097873
-6.437759232830968
-6.4377571664664615
-6.437765859654284
-6.43777328165588
-6.43778956663446
-6.437780371686813
-6.4377726099664185
-6.437777363085501
-6.437797741197545
-6.437802003131058
-6.437815188193072
-6.437806369842948
-6.4378033115124484
-6.437801048416078
-6.437795246183934
-6.437793918875713
-6.437785341179392
-6.437791578726287
-6.4378007604237375
-6.437801161092885
-6.437798125201808
-6.4377916030233
-6.437786095644567
-6.437791692428541
-6.437788463402442
-6.4377907418367215
-6.4377939236285435
-6.437787829884343
-6.437780593712315
-6.437776208761314
-6.437767798400605
-6.437777262538851
-6.4377807559123745
-6.437786001955867
-6.437783297581558
-6.437777512753022
-6.437770665113151
-6.437769872629244
-6.437761863575367
-6.437760833357978
-6.437756226638131
-6.437749200290802
-6.43775585106279
-6.437748666765986
-6.437761567822244
-6.437755827412538
-6.437756909476026
-6.437756431301168
-6.437763455446705
-6.43776768831121
-6.437764697667272
-6.437767585032753
-6.437760223246106
-6.437764807708653
-6.437764335465756
-6.437762770720972
-6.437771703459482
-6.437788689953114
-6.437791840017707
-6.437789261522978
-6.437790919688857
-6.437790614167744
-6.437788693510919
-6.437787910013093
-6.437791801001608
-6.43779091014712
-6.437790287476002
-6.437783712921543
-6.437800624191258
-6.43779390068908
-6.4377991904786604
-6.437824444336664
-6.437828098808646
-6.437823661423834
-6.437816855862003
-6.43783814548514
-6.437831887245701
-6.437829257366656
-6.437833838929404
-6.43782762003676
-6.437825832896483
-6.437818730728562
-6.437812361371437
-6.437810674484854
-6.437806773148553
-6.437807600530712
-6.437801510202312
-6.43780004254735
-6.437813175314732
-6.437810541292518
-6.437811371642576
-6.437806647351049
-6.437807171664337
-6.437806068763364
-6.437807273084784
-6.437802584705243
-6.437799595398235
-6.437803610900842
-6.437797198301994
-6.43779119480102
-6.437787202396937
-6.437781552811701
-6.437775490991727
-6.4377705528829114
-6.437767053957139
-6.437765455478489
-6.437766310061747
-6.437768643357274
-6.4377637438072846
-6.437770381191841
-6.4377644691916265
-6.43776667138347
-6.437763105879093
-6.4377625931801585
-6.437765628044792
-6.43776472153868
-6.437762640914768
-6.437764102836325
-6.437757844869929
-6.437770071393907
-6.437769703686055
-6.437764171597261
-6.4377642998235
-6.437768986685832
-6.437763170190887
-6.437759871888529
-6.437757301070121
-6.437751388446543
-6.437745721353996
-6.437739698460576
-6.437738315132489
-6.437734702534117
-6.437734953046304
-6.437731395944058
-6.4377274927117565
-6.437729342854679
-6.437725089432365
-6.437720624471075
-6.43771836594372
-6.437725810490291
-6.437719907708771
-6.43771433128342
-6.437710427632076
-6.437709015671383
-6.437720898038111
-6.437715634441121
-6.437726584227002
-6.437732323344063
-6.437730664009068
-6.437732255442629
-6.437728719824278
-6.4377291894828375
-6.437735577662422
-6.437735999905913
-6.437732139512304
-6.43772696583279
-6.43772600934908
-6.437741972205244
-6.4377747246538854
-6.437770866315407
-6.4377861476466585
-6.437780881733898
-6.437775762906619
-6.43777899676622
-6.437773348970211
-6.437789423924774
-6.437783785361608
-6.437779174862837
-6.4377755473446125
-6.43777181093566
-6.437767818095382
-6.437768237989405
-6.437763206465913
-6.437761740768876
-6.43775934313107
-6.43776010600242
-6.437759016897098
-6.43776061245687
-6.437759798278018
-6.437755407183405
-6.437755395438073
-6.437769248225992
-6.437769030903936
-6.437766010523036
-6.4377636965461
-6.43775841732156
-6.43775625641348
-6.437760274856417
-6.437756275875501
-6.437756611349889
-6.437774466284773
-6.437779085624687
-6.437785602468388
-6.437784261700685
-6.437785852787226
-6.437782122302915
-6.437783631195298
-6.437778277402066
-6.437792685514115
-6.437790251854816
-6.4378041707613445
-6.437802270092736
-6.437818443718464
-6.437828925704221
-6.437832455509842
-6.437848747136129
-6.437849447724086
-6.43785257834821
-6.437857330957319
-6.437860458275449
-6.437855401117365
-6.437855898133096
-6.437856226892162
-6.437863823990546
-6.437876933958986
-6.437871761859147
-6.437879654102887
-6.43788310971332
-6.437879906444939
-6.437899746398397
-6.437895853445527
-6.4379077728165885
-6.437907486352108
-6.437906747643387
-6.437903793235434
-6.437900958675716
-6.437899763131708
-6.437895098274186
-6.437890131396076
-6.437892685987667
-6.437889764969133
-6.437889308166066
-6.437892734042851
-6.43788916059789
-6.437891990769245
-6.43789173255006
-6.4378883067023
-6.437899430700822
-6.437895069212284
-6.43789111381462
-6.437890989029095
-6.437894179041406
-6.437923900961594
-6.437921043009695
-6.437918945952414
-6.437915398360683
-6.437921540966544
-6.437923970156628
-6.437933431435633
-6.4379312135051405
-6.437926514368491
-6.437927752507661
-6.437923195289383
-6.437923129434833
-6.43791844300375
-6.437922070374078
-6.437930125067171
-6.4379310615241
-6.437930830888002
-6.437928116088141
-6.437933292111648
-6.4379288120643885
-6.437946057900955
-6.437949134571805
-6.437948513216769
-6.437954511578586
-6.437953067609002
-6.437951449600732
-6.43794874336287
-6.437944438663048
-6.437942338773686
-6.437939376706618
-6.437941531638199
-6.437947394977022
-6.437945125222317
-6.437941064738917
-6.437953762956092
-6.437949318829532
-6.437948649986209
-6.437946587050379
-6.437945349666431
-6.437945294656509
-6.437941660074647
-6.437949365065768
-6.437944901927793
-6.437941740850542
-6.437943962840874
-6.43795257161494
-6.437958688772022
-6.437956062557908
-6.437961998218681
-6.437961939030525
-6.437972316310664
-6.437993565373048
-6.4379947338092975
-6.437991852404848
-6.437990798530974
-6.4379869904272935
-6.437992616134876
-6.437997146084275
-6.437999029198389
-6.4379942881169745
-6.43799481195376
-6.437994860830795
-6.437995551949301
-6.437996625396021
-6.438005047381137
-6.438001096596045
-6.438001377411089
-6.438001070637152
-6.438004023100156
-6.438003769843233
-6.438001267372129
-6.438000567321336
-6.437997220796723
-6.437995846139089
-6.438000804494476
-6.438000043506817
-6.4379958641298325
-6.438004865114387
-6.438003306735
-6.437999143145306
-6.437997992205917
-6.437993722389183
-6.437992461018314
-6.437996776623499
-6.437993111767412
-6.437997300689805
-6.437999659083152
-6.437999625731131
-6.437999938959917
-6.437995562371892
-6.437995452237864
-6.437993567592401
-6.437989746865662
-6.4379869890401995
-6.437986773874402
-6.437985208551342
-6.437981032851762
-6.4379820056993
-6.437978584118898
-6.437976018792847
-6.437977402175932
-6.437974205944852
-6.437984895269887
-6.437980618808447
-6.4379852667257085
-6.4379867275495215
-6.437982418938863
-6.437991231625741
-6.437989049014724
-6.437989771197428
-6.437994657453121
-6.437992260679614
-6.437988585799594
-6.437989333667107
-6.437993556128047
-6.437989295998045
-6.437987326744562
-6.4379863105046224
-6.4379952373947384
-6.437993172832505
-6.437989172441322
-6.43799141006821
-6.437990330566789
-6.437986129410374
-6.437985702403341
-6.437985744565877
-6.437995337532879
-6.437991707933015
-6.437987724321082
-6.437987297280895
-6.437983215604212
-6.437981626188724
-6.437979247633317
-6.437984813784013
-6.43798414800152
-6.437980353327893
-6.437976266495481
-6.437972645914389
-6.437970027854116
-6.437967858921844
-6.437966559806351
-6.437973095133858
-6.437979574518572
-6.437980611590127
-6.437977143195573
-6.4379747079388485
-6.4379720018574345
-6.437973383011749
-6.437985012953391
-6.437984964756833
-6.437983182418265
-6.437982076781878
-6.437979314099814
-6.437982105722967
-6.43798369029762
-6.437994946775206
-6.43799232184065
-6.437994898191265
-6.437991252819219
-6.437987964894267
-6.4379842904198705
-6.43798452810478
-6.437989878642622
-6.4379867060594576
-6.437989089045245
-6.438000190244349
-6.4379968773587795
-6.43799311837483
-6.437995547987027
-6.437992595170158
-6.437999342054271
-6.438003037574428
-6.438001493037283
-6.438000555372742
-6.438008299123534
-6.438008794196909
-6.438005096772762
-6.438002760728767
-6.438000282558125
-6.4379970051628375
-6.437993145602185
-6.437990288167352
-6.437995195165249
-6.438000219343127
-6.438000619201268
-6.43799675220399
-6.437993237321341
-6.438007341911078
-6.438007767160627
-6.438004464556654
-6.438001715290434
-6.438000733618797
-6.438002840996189
-6.43800191530267
-6.438003356487005
-6.438004366360522
-6.4380006808178685
-6.437997381068084
-6.437994724789417
-6.43799161447206
-6.437991013952438
-6.43799123704879
-6.437999637770602
-6.438001175332133
-6.438008452620453
-6.438007227704128
-6.438004020339759
-6.438005670575495
-6.43800230591869
-6.437998559633817
-6.43799976818222
-6.43799717978988
-6.43799362250043
-6.437994626928155
-6.43799449620754
-6.437992824503754
-6.437990502329348
-6.437987578336908
-6.437983959849121
-6.437982012110102
-6.437978555603312
-6.4379883000809
-6.437990325476082
-6.437990236606485
-6.437990234931127
-6.437988878480459
-6.437987883662297
-6.437986060306104
-6.437987014672836
-6.437985920924396
-6.437982355787318
-6.437978958058423
-6.43797960145695
-6.437984996923094
-6.437984150745724
-6.437987682837818
-6.437985094460396
-6.437988628919049
-6.437986561963726
-6.43798900873732
-6.43799930084999
-6.4379959177444706
-6.438003781913716
-6.438001611142261
-6.438000241814109
-6.437998896294701
-6.437996371969829
-6.437995215846001
-6.437996362042486
-6.437994444485037
-6.437991253107239
-6.437994559110092
-6.437999638625481
-6.437996783838364
-6.437995375139573
-6.437996392921274
-6.438001843766247
-6.438003071392561
-6.438010256411386
-6.4380069112540586
-6.438006851839995
-6.438004110409191
-6.4380064921685065
-6.43800452455587
-6.438002522245902
-6.438006549791982
-6.438007282425819
-6.438006398028978
-6.438003161840029
-6.438001295888639
-6.438001776817575
-6.438002176110746
-6.438007587668695
-6.438007515641332
-6.438006917897094
-6.438007348194315
-6.438010235805307
-6.438011916022862
-6.438008888388341
-6.4380080310799
-6.438006228236734
-6.438004844092161
-6.438005058008334
-6.4380056080974395
-6.438008730114192
-6.438007179930915
-6.438005178090995
-6.438002592181616
-6.438002507422654
-6.437999788035423
-6.437999662629073
-6.438002728195791
-6.438000733766613
-6.437999365280666
-6.438000130296336
-6.438009864425419
-6.438014400967149
-6.438015670683501
-6.438013626604886
-6.438011290657026
-6.43800821810831
-6.438007795898823
-6.438006196904073
-6.438007261913788
-6.438011091148059
-6.43801099471008
-6.438011462504791
-6.438017506203078
-6.438017551522808
-6.438018545430835
-6.438017254339877
-6.4380218876085475
-6.438023175354547
-6.438020897946883
-6.438018139604436
-6.4380181385550905
-6.438022032295487
-6.438018852494888
-6.438033066564143
-6.438030786360971
-6.438028303304057
-6.438030801656819
-6.438027570420799
-6.438025193529926
-6.4380229787372025
-6.438023995849724
-6.438028355522159
-6.438028694711652
-6.438026088119921
-6.438025600127414
-6.438030475861928
-6.4380286494807715
-6.438026285964366
-6.438024302980861
-6.438027757761895
-6.4380246348855
-6.438025146593217
-6.438025603833227
-6.438029633622913
-6.438029180078014
-6.438026700790276
-6.438025957273438
-6.438024832330163
-6.438024857548116
-6.438023354765572
-6.438020828696715
-6.438022762182575
-6.438020704276468
-6.438021743242749
-6.438019732182722
-6.438020271475802
-6.4380223990717855
-6.438020937599092
-6.438020633286674
-6.438019867784254
-6.438018602975891
-6.438017208430814
-6.438017714941458
-6.438015193085077
-6.438012165236503
-6.438009396296
-6.438007752063088
-6.438007387393753
-6.438005185280032
-6.438004162444375
-6.438001661516156
-6.4379998374312635
-6.437997595239728
-6.4379964191478445
-6.43800499802452
-6.438004452454706
-6.4380016839610255
-6.438001259607344
-6.438002035140379
-6.438000077126225
-6.4379998529652
-6.437997972684783
-6.437998664675438
-6.437996820192328
-6.438000412012024
-6.437997908555269
-6.437997071018545
-6.437999118351054
-6.437997513968781
-6.4379950673157
-6.437992461456083
-6.437992582796717
-6.437992506546214
-6.437991191066011
-6.437996136023627
-6.437995508337856
-6.4379929550221995
-6.437991579962467
-6.437991450285423
-6.437989735922486
-6.437987379760056
-6.4379853720682485
-6.437982851711037
-6.437987815367662
-6.4379872747576075
-6.437984772324122
-6.4379823870093915
-6.43798109283445
-6.437978527429744
-6.437975835159491
-6.437975360707731
-6.437983517031075
-6.437982123951324
-6.437979337975165
-6.437976691812296
-6.437975152150712
-6.437975006863058
-6.437974261186079
-6.437975667384922
-6.437973641511653
-6.437982389216247
-6.437979782495355
-6.437977253213825
-6.437976775005827
-6.43797931894506
-6.437978146724124
-6.437975639123808
-6.4379737299988005
-6.437974542361231
-6.437973934138395
-6.437973286584462
-6.437972421707955
-6.437970276563099
-6.4379704477373965
-6.437967810785293
-6.437965429685625
-6.437965986750536
-6.437980741019805
-6.437979887474318
-6.437993452615742
-6.437995137186619
-6.438000764349426
-6.437998150061206
-6.437996668395685
-6.437996459039738
-6.438000224841173
-6.438001061576141
-6.438001921583109
-6.438001482367689
-6.437998751711454
-6.438001143184983
-6.437998660398669
-6.437998532594865
-6.437998952978346
-6.438000260668625
-6.438002311414126
-6.438000540489431
-6.43799973191972
-6.437999100260356
-6.437997574382733
-6.437995488436391
-6.437998997964813
-6.438001908805995
-6.438003862004599
-6.43800280266842
-6.438001304966422
-6.438016988369709
-6.438016825493818
-6.438016305351922
-6.438014927647469
-6.438014179265631
-6.438014313946345
-6.438013906231584
-6.438016677055119
-6.438017374994472
-6.438015839520734
-6.438023075451737
-6.438028019579062
-6.438027970106545
-6.4380261479389675
-6.438024869557887
-6.438024348469417
-6.438025604648086
-6.438023980404647
-6.438021747837791
-6.438029847881663
-6.438032083637546
-6.438029548386917
-6.438028983606202
-6.438026840671965
-6.438029911711788
-6.438031935698517
-6.438031077487616
-6.438028614637459
-6.438027711221755
-6.438025737857581
-6.43802767074541
-6.438025894130267
-6.438027077702572
-6.438026575892912
-6.438024501716329
-6.438028577977293
-6.438033651534541
-6.438035087445542
-6.4380331340428105
-6.438034171179616
-6.438031717632133
-6.438032029114786
-6.438030182894064
-6.438030065257738
-6.4380344968219845
-6.438037572694444
-6.438036268712842
-6.438033794368159
-6.4380312258296915
-6.438032713448559
-6.438031952201818
-6.438031492002732
-6.43803049938112
-6.438027941726658
-6.438027711930821
-6.438028900482689
-6.438030847520109
-6.438029332067575
-6.438027603174146
-6.438025200792008
-6.438025345159702
-6.438028350622475
-6.438027782793554
-6.438025414383314
-6.438025471315129
-6.438024420682314
-6.4380267685533
-6.438026371001254
-6.438026301634702
-6.438032187747419
-6.43803391262098
-6.438035825751049
-6.438040549839657
-6.438041556745523
-6.438041271858754
-6.438039106780185
-6.438037488208022
-6.438034935368077
-6.438034056068246
-6.438033500168154
-6.438035096045515
-6.438038142692192
-6.438036970521049
-6.438044005908948
-6.438042904601929
-6.438040373497072
-6.43804104862374
-6.438042735383729
-6.438041075802396
-6.43804180402204
-6.4380420325351935
-6.438040435274471
-6.438041452769354
-6.4380402430084365
-6.43803989496732
-6.438039494548486
-6.438039533618191
-6.438041798131005
-6.438047455771329
-6.438047645220328
-6.438054937293829
-6.4380540118683625
-6.438051809540118
-6.43805000195326
-6.438052372170183
-6.438052162571759
-6.4380527959911085
-6.438052368431333
-6.438051840230104
-6.438052644018476
-6.438051031737735
-6.438052625113657
-6.43805061546669
-6.438049512877608
-6.438048107674293
-6.438051520656127
-6.438050313490651
-6.438056269228136
-6.438061883697705
-6.4380598646785945
-6.438064868282681
-6.438064734859043
-6.438065866290241
-6.438064623924141
-6.438062388179736
-6.438063747717666
-6.438068075209546
-6.43806599175534
-6.438064423035575
-6.438063368214458
-6.4380626182707275
-6.438064005288557
-6.438065669627936
-6.438063557472206
-6.438061343239076
-6.438062566105409
-6.438064536677607
-6.438064333759983
-6.4380626170156745
-6.438061060667119
-6.438064706887409
-6.438067257454081
-6.438069264922653
-6.438067881978879
-6.4380712008189205
-6.438077565500289
-6.4380777629221635
-6.438077059368693
-6.438081630080005
-6.438081131688925
-6.438083124505311
-6.438083290267705
-6.4380815213566915
-6.438087561666201
-6.4380867810752935
-6.438086304960351
-6.438085033311998
-6.438084768334271
-6.43809156591068
-6.438089258051337
-6.438087825653299
-6.438087792448752
-6.438085539265767
-6.438084645747781
-6.438083628176445
-6.438081543835899
-6.438088895977356
-6.4380915259412275
-6.438092420972753
-6.438090494645429
-6.438089631423667
-6.438087754205051
-6.438087222179577
-6.438086978988177
-6.4380857577225585
-6.438084635333401
-6.438082955330848
-6.43808085964175
-6.438082174631759
-6.4380812487307955
-6.438083437900729
-6.438084192362318
-6.4380839295008725
-6.438084070801156
-6.438084453231667
-6.438082105167316
-6.438090345270716
-6.438088395593899
-6.438087495839723
-6.438087213051939
-6.438089673271992
-6.43809070465074
-6.438088644672482
-6.438089118856014
-6.4380890556290735
-6.438087486838603
-6.438086485737766
-6.438084548991609
-6.43808252757114
-6.4380812481430345
-6.438079347301885
-6.438079901368203
-6.43807958068975
-6.43808437882777
-6.438082646178955
-6.438082751846005
-6.4380815488667595
-6.43807970686435
-6.438077869162096
-6.438083684434536
-6.438081356790479
-6.438081493652156
-6.438080457956357
-6.4380809732073505
-6.438078685090442
-6.438078219149833
-6.438076653219412
-6.438075972461549
-6.438077897092738
-6.438078413677011
-6.438076360923037
-6.438075729599095
-6.438073981969489
-6.438073711765154
-6.438072434200147
-6.438070834815053
-6.438069110743208
-6.438067280480329
-6.43806692056297
-6.438068658895849
-6.438068770448788
-6.438070328303393
-6.438071033093131
-6.43806967437474
-6.438069574381337
-6.4380679476755
-6.438067407678184
-6.43806669179899
-6.438064505448009
-6.438065073487319
-6.438062851724887
-6.43806100947675
-6.438059289899289
-6.438059378327883
-6.438057948685205
-6.438059617809328
-6.438063217139118
-6.438072239752294
-6.438071442833474
-6.438071673910874
-6.438070941404769
-6.438069127804873
-6.438067317451872
-6.438067608053397
-6.438066607871108
-6.438068071546547
-6.438067933996704
-6.438071135305259
-6.438074375067763
-6.438073795140633
-6.438072682591545
-6.438070710295979
-6.438077164451495
-6.438076504690881
-6.438076617323311
-6.43807528420936
-6.4380774646948336
-6.438076159011674
-6.438076678425525
-6.438077167899303
-6.438076306739643
-6.438075225528824
-6.438075329781533
-6.438073816126718
-6.4380736672152095
-6.438073220715156
-6.438071689683395
-6.438081788698875
-6.4380813752909605
-6.438083223610799
-6.438081063731458
-6.438094775840427
-6.438094197378036
-6.4380920310996315
-6.438090949644545
-6.438090852584959
-6.438091712265829
-6.438090117795025
-6.438088571961251
-6.438087109503786
-6.438089789855008
-6.438087809563587
-6.438087406482882
-6.438093207289377
-6.438091030741696
-6.43809425585791
-6.438093665793318
-6.438092748936234
-6.438091322337958
-6.4380924119106355
-6.438090311835799
-6.438093824476648
-6.438092379546923
-6.438105614361688
-6.4381046837146
-6.438102976294926
-6.438102995258757
-6.438102430778312
-6.438111337497081
-6.4381135557037945
-6.438111616275714
-6.438109704213509
-6.43810844358792
-6.438106580317412
-6.438106466851689
-6.438106477118937
-6.438106302832538
-6.438106458291915
-6.438106968564868
-6.438105891256661
-6.438105716476546
-6.438111528665961
-6.438115872164473
-6.438115396332242
-6.438116440037324
-6.438115404419311
-6.438115292968338
-6.438119682096042
-6.43811817305326
-6.43811627902286
-6.43811509991323
-6.438113846147363
-6.4381119171851315
-6.4381151813477775
-6.438115025831145
-6.438118708469443
-6.438117846941067
-6.438119991093254
-6.438118387371221
-6.438118528367235
-6.4381180157657045
-6.43811742370147
-6.438116206726227
-6.438116220733003
-6.438118897569108
-6.438119000890625
-6.43812929888417
-6.438128810472026
-6.438128471812913
-6.438126712650732
-6.438125108534049
-6.4381246556952325
-6.438122934176062
-6.43812186852029
-6.438120024993423
-6.43812258844767
-6.438123540489873
-6.438121828413898
-6.438121946610571
-6.438120473777931
-6.438120199135936
-6.438126811837302
-6.438125661511353
-6.438124148483201
-6.438122835314729
-6.438120978007856
-6.438121857043833
-6.438126580624354
-6.438125732896508
-6.438125700539298
-6.438124002737082
-6.438124915537271
-6.438126876648723
-6.438125672407218
-6.438124747117583
-6.438123087594066
-6.438122991347155
-6.438123735915732
-6.438125052754522
-6.438123427515557
-6.438126604044178
-6.438124824230876
-6.438123071849161
-6.438123938166121
-6.4381234079276055
-6.438121553880457
-6.438120083928247
-6.438119000384845
-6.438117180054348
-6.438117719239303
-6.438120077770683
-6.438119961638379
-6.438117973677545
-6.4381181331220425
-6.438122534467481
-6.438124126843316
-6.438125847449509
-6.438125847431483
-6.4381261840597075
-6.438125714184877
-6.438128488452704
-6.438131478723955
-6.438130878581054
-6.438131371044449
-6.438136611801494
-6.43813582155799
-6.438134704042603
-6.438133036753673
-6.438131787369822
-6.438135178265738
-6.43813474536518
-6.4381339842222784
-6.438131973748514
-6.4381300193953965
-6.438132314348735
-6.438131941661297
-6.438130750199594
-6.43812979615913
-6.438128772571272
-6.43812701438862
-6.438126329456194
-6.438124444872663
-6.438126284517293
-6.4381252329365735
-6.438127774350619
-6.438126735131601
-6.438126057394312
-6.438124204262016
-6.4381290763700765
-6.438129824328113
-6.438130855009262
-6.438130376061195
-6.438131637668548
-6.438137233997754
-6.43813529834062
-6.438138671923074
-6.438140000529418
-6.438138767854971
-6.4381388131677415
-6.438140595677988
-6.438139447776475
-6.438138703664109
-6.438137163002025
-6.438141020832698
-6.43814191173084
-6.4381446972388625
-6.438142770431551
-6.438141624638165
-6.438143360231284
-6.43814161141204
-6.438144709606715
-6.438143737814851
-6.438142490941695
-6.438143958096628
-6.438143201054647
-6.4381419659867145
-6.438142107852485
-6.4381416192704215
-6.4381405348109055
-6.43813990612041
-6.438139733158857
-6.438138912926495
-6.4381390434463714
-6.43813907204135
-6.438137331328564
-6.4381365598249864
-6.438135283329279
-6.4381340853726075
-6.438134214305768
-6.438132714611173
-6.438130998387527
-6.4381313092014185
-6.4381321566428795
-6.438133392990631
-6.438131751628897
-6.438133885959625
-6.438132789043354
-6.438133670254598
-6.438135134306546
-6.438133892513769
-6.438137524000098
-6.438136113592017
-6.438135378630862
-6.438134871648683
-6.438133629135722
-6.43813179317922
-6.43813085191737
-6.43812992238426
-6.4381284862563986
-6.438126699583819
-6.438125300878921
-6.438123491130615
-6.438123143301869
-6.438123850927618
-6.4381230767227295
-6.438131351908516
-6.438129633321135
-6.438128403055045
-6.43812953487738
-6.438131879872699
-6.43813393899908
-6.438132727979903
-6.438132563223349
-6.438131163019523
-6.438130409364974
-6.438131140429637
-6.438133257540519
-6.438137843832844
-6.438136660554263
-6.438135362335785
-6.438134100002159
-6.438132754032009
-6.438133756465116
-6.438132435296374
-6.438131755900395
-6.438132209180001
-6.438132403494532
-6.43813113206364
-6.438130508327988
-6.43812954522519
-6.438128610897036
-6.438128523501568
-6.43812704557403
-6.438126020510043
-6.438130158791905
-6.438130860659474
-6.438131485657046
-6.438129727021623
-6.438129378312049
-6.438128427586387
-6.438127709352669
-6.438126560261663
-6.4381248066825965
-6.438125837633602
-6.438124063145231
-6.4381223273203405
-6.43812204246692
-6.438120390869615
-6.438121325956119
-6.438119974700807
-6.43811984332755
-6.438119906381896
-6.438118893706118
-6.438118594853117
-6.438117487507217
-6.4381161913069125
-6.438116174268485
-6.438114830735904
-6.438118464264808
-6.438117399122919
-6.438116442605038
-6.438114743671026
-6.438113845567981
-6.438120462939934
-6.438120214164326
-6.438122877612325
-6.438122342030981
-6.438121721314819
-6.438121078263521
-6.438119891230113
-6.438125017300027
-6.4381255878846
-6.438124317743515
-6.438123201847412
-6.438123503545876
-6.438121723433093
-6.438125188166464
-6.438127471057626
-6.438125954540233
-6.4381242464482025
-6.438125350934312
-6.43812439564943
-6.43812337964079
-6.438122351084219
-6.43812105180301
-6.438119690539666
-6.438122722219325
-6.438123372942676
-6.438122682253648
-6.438123039282656
-6.4381213341391454
-6.438120169723145
-6.4381195844534505
-6.4381184952928345
-6.4381171145499785
-6.438118399076478
-6.438120296125524
-6.43811932163858
-6.4381198887344455
-6.4381182195826145
-6.438117563877594
-6.4381160485564966
-6.438114640706946
-6.438116034635642
-6.438119355164979
-6.438120179940343
-6.438122063614698
-6.4381217688051615
-6.4381203797114495
-6.438121370532628
-6.438125278733231
-6.438128223789341
-6.438127092206417
-6.438126857447607
-6.4381254716087355
-6.4381248213010185
-6.438126464698565
-6.43812537876268
-6.438124479075574
-6.438124749713981
-6.438127499788623
-6.438126360575775
-6.438124619030471
-6.43812379295542
-6.4381225765827255
-6.4381210737707
-6.438122710549587
-6.438122959904082
-6.438122271120679
-6.43812694393641
-6.43812704607053
-6.438127564763824
-6.4381258220177875
-6.438125673685774
-6.438124102954521
-6.4381227758425466
-6.43812242366917
-6.438121068856698
-6.438120671117943
-6.438123351815923
-6.43812193275683
-6.438120796963385
-6.438121671409896
-6.438127460009574
-6.438126293590088
-6.4381263269586935
-6.438127148052408
-6.438125585770879
-6.438125308526572
-6.438125622829489
-6.438128227340436
-6.438126636444668
-6.438124923043835
-6.43813016618203
-6.4381310443689665
-6.438130812439397
-6.43813040937746
-6.438131241597775
-6.438132784505767
-6.438132400056489
-6.438131119810387
-6.438131865739848
-6.438132264800835
-6.438130830439943
-6.438135601327866
-6.438133898698703
-6.4381384088018425
-6.43814118122536
-6.438140931861632
-6.438140428309686
-6.43814015315658
-6.43814008977398
-6.438141687013804
-6.438140358395099
-6.438140581144788
-6.438139277938914
-6.438137766455771
-6.438138243371099
-6.438137134694281
-6.438135853586397
-6.438138096827069
-6.438137850190929
-6.438137382279777
-6.438138098152535
-6.438137380418838
-6.438136110417885
-6.438135202587353
-6.4381345662417075
-6.438133625501214
-6.438132415106136
-6.43813811562157
-6.438137397755694
-6.4381395643977
-6.4381390028340135
-6.438138194869918
-6.438139706909748
-6.438138051333177
-6.438137748545031
-6.438137233204871
-6.438136554784808
-6.438136814277699
-6.43813591247071
-6.438135067127302
-6.438138371017068
-6.438137035241776
-6.43813579510165
-6.438135508443716
-6.438133965629783
-6.438134087108762
-6.438133074610907
-6.438131907302145
-6.438130378633462
-6.438129361521282
-6.438132925086698
-6.4381336738598325
-6.438135275319868
-6.438143011067101
-6.4381420438946595
-6.4381417382354496
-6.438140513873903
-6.438142260294044
-6.438148424310652
-6.438148610027563
-6.438147020278226
-6.438146625328071
-6.438145465087289
-6.438143900747772
-6.438142929386229
-6.43814258093816
-6.438143134427368
-6.438144583365389
-6.438149494117824
-6.438148936242638
-6.438147381435001
-6.438151278736748
-6.438151550457002
-6.438150264318563
-6.4381568026803935
-6.438156766433924
-6.438156072472339
-6.438156426700406
-6.438156397162192
-6.438159687016804
-6.438160110306435
-6.438158968125811
-6.438160881843622
-6.4381598984457185
-6.438159732481183
-6.43816159276711
-6.438160189360516
-6.438162378520116
-6.43816166040945
-6.438160164295401
-6.438164021534421
-6.438165249454354
-6.438168846060592
-6.438168287009827
-6.438171439448479
-6.43817267005896
-6.438177797566965
-6.438176685886971
-6.438177590022939
-6.438182942008327
-6.438182341899097
-6.438184806052117
-6.438184301606637
-6.438182999285059
-6.438181754479617
-6.438188838887684
-6.438195614407774
-6.438195712382073
-6.438195575280887
-6.438195695901377
-6.438198494399914
-6.438197714994526
-6.43819889674325
-6.438198722982323
-6.438197959411617
-6.438199650241195
-6.438201633794017
-6.438201165179135
-6.438201800574236
-6.438200901746992
-6.4382019937873345
-6.438203514587342
-6.43820204096515
-6.438201845653601
-6.438202404304529
-6.438202642202609
-6.438201268103483
-6.438200819582551
-6.438204236551503
-6.438204853868329
-6.438203894559777
-6.438202561977453
-6.438202314157879
-6.438203053836073
-6.43820147770803
-6.438207394328313
-6.438206161968596
-6.438204728077749
-6.438203144921312
-6.43820185430529
-6.438202023463928
-6.438201278220505
-6.438205126090835
-6.438205156538491
-6.4382037047363045
-6.438202588981058
-6.4382019256861565
-6.438200815295414
-6.438201373627257
-6.43820268404333
-6.438201277623725
-6.438202513693839
-6.438201915679959
-6.438200340831904
-6.438199219235697
-6.43819912301101
-6.43819872425311
-6.438198540019713
-6.438197214005431
-6.438197058923523
-6.438197046052086
-6.438197041473954
-6.438197113104159
-6.43819565665755
-6.438194286731099
-6.438194390149032
-6.438193212351192
-6.438197240968857
-6.438195870306428
-6.438196198840128
-6.4381971352189735
-6.438196894728412
-6.438197058604628
-6.438196324713374
-6.438195545112952
-6.438193967329195
-6.438194082653128
-6.438193224032605
-6.438195337717471
-6.438193882943439
-6.438193369751705
-6.438194243907951
-6.438193481944859
-6.4381956855411
-6.438195107112587
-6.438193893087716
-6.438195561803365
-6.438195898712255
-6.438194925786519
-6.438193545714831
-6.438195155349146
-6.438195289163964
-6.438196307315066
-6.438196335956319
-6.438195134729137
-6.438195117199514
-6.438193651559731
-6.438192683241082
-6.438192614514968
-6.438193036172592
-6.438192513948336
-6.438191274454565
-6.438191503847891
-6.438191479534822
-6.438190015021682
-6.438188539218366
-6.438188473654241
-6.438187297316044
-6.438189941527251
-6.438191663062528
-6.438190316629957
-6.438190689682139
-6.438189287597784
-6.438187836634714
-6.438187906300188
-6.438188063508473
-6.438186530497574
-6.438188451899888
-6.438187049921735
-6.43818665572279
-6.438185894785374
-6.438189941245067
-6.4381901266535255
-6.438188831196794
-6.438189614766277
-6.438188755258401
-6.4381879381986735
-6.438186504797334
-6.438186972083101
-6.438186080132406
-6.438184895712086
-6.438184402754765
-6.43818358169156
-6.438182421680311
-6.438185020878632
-6.4381847822741145
-6.438184235224333
-6.438186022908817
-6.438186990134946
-6.438185538374774
-6.438185372734508
-6.438184208021903
-6.438183121280957
-6.43818342635713
-6.4381836074951355
-6.43818285089412
-6.438182829629643
-6.43818343808693
-6.438184603904465
-6.438187193346001
-6.438187500465568
-6.43818657023992
-6.43818575506175
-6.438185540135437
-6.438186343267424
-6.438185737178887
-6.438186051496297
-6.438186641747402
-6.438187722301949
-6.438188066692508
-6.438190142768492
-6.43818948755498
-6.4381895633037525
-6.43819051711013
-6.438192375914277
-6.43819802616319
-6.43819809302319
-6.438197232228439
-6.438197466900145
-6.4381991590258
-6.438198261294947
-6.4381984747576055
-6.438198663779971
-6.438198516437213
-6.438198644678774
-6.43819767717829
-6.4381966200686405
-6.438195786200044
-6.43819563274288
-6.438197340768135
-6.43819766088752
-6.4381963023360465
-6.438197016829328
-6.4381993330610445
-6.438200927643898
-6.438200962944035
-6.438199909201706
-6.438198419173241
-6.438197421025796
-6.438197212293395
-6.438196464649945
-6.438195294311976
-6.438195684449602
-6.4381945856477305
-6.4381947000674575
-6.438195061896742
-6.438193648709795
-6.438193248506331
-6.4381954054639055
-6.438194045051044
-6.438192646363906
-6.438192218984259
-6.438194247687002
-6.438193183675914
-6.438192307169606
-6.438195863890947
-6.438195043569469
-6.438195724616267
-6.438197982988015
-6.438197374002643
-6.438196458494898
-6.438195544830576
-6.4381941016212005
-6.438193730606899
-6.438195008343044
-6.4381973985210985
-6.438195948932339
-6.438194485613001
-6.438193855278262
-6.438195747144504
-6.438194506149635
-6.438193331320512
-6.438192427223614
-6.438191603078415
-6.438192836516311
-6.438191673378857
-6.438191555877621
-6.438194621519259
-6.438197005748413
-6.438195967349461
-6.438195058730349
-6.4382017353483345
-6.43820117021829
-6.43820263631491
-6.438207382845606
-6.438206210246834
-6.438205327237039
-6.438205768518487
-6.438205397870105
-6.438204691194957
-6.438203493422595
-6.438202155366779
-6.438201909463464
-6.438200674550537
-6.438199324097369
-6.438201992643716
-6.438203406798308
-6.438202127687993
-6.438202139689936
-6.438204917902719
-6.438205305759953
-6.438205223131779
-6.43820738202542
-6.438208298369703
-6.438210684071296
-6.438209748850758
-6.438208423857167
-6.438208105572973
-6.438210517028072
-6.438209939011641
-6.438208786486524
-6.438210031149336
-6.438208599044837
-6.438209526800969
-6.438209193244112
-6.438208589950096
-6.4382091932830035
-6.438208115290363
-6.438207584200538
-6.438208407213528
-6.438207161286759
-6.438208101174832
-6.438208400496995
-6.438207081738265
-6.438206941539898
-6.4382074068757404
-6.43820824365158
-6.438207257067862
-6.4382065266944135
-6.43820698098414
-6.438207215802885
-6.438206163210782
-6.4382060695125976
-6.4382055582259
-6.4382065336278815
-6.438206346902174
-6.438206241859507
-6.4382070313535
-6.438210090973574
-6.438210902385853
-6.438215391062488
-6.438215151678137
-6.438215723896518
-6.438214506011011
-6.438213321710973
-6.438217062939847
-6.438217314932243
-6.438219841073219
-6.438219439235223
-6.438220088761478
-6.438221717820435
-6.438220712527036
-6.438220492755769
-6.43821914615937
-6.4382191138444735
-6.438218481090746
-6.438217076489623
-6.438222139183164
-6.438221263279183
-6.438221559912708
-6.4382221936413275
-6.438221718487381
-6.438220737748795
-6.438221124276895
-6.438219838985771
-6.4382191878627415
-6.438218382444333
-6.438217378003744
-6.438216177115202
-6.438217910863989
-6.438216852160002
-6.438216097579769
-6.438217659417435
-6.4382192909607205
-6.438221393262174
-6.438220642478482
-6.438223555275973
-6.4382242412906665
-6.438223943219539
-6.438224079251744
-6.438223054969519
-6.438229819176847
-6.438231972370556
-6.438230893041915
-6.438231216177454
-6.438230984383475
-6.438237374171768
-6.4382364949941255
-6.438240962313669
-6.438243745791624
-6.438243024900787
-6.438242476781243
-6.4382417760422825
-6.438240787052441
-6.438243922160394
-6.438243301651364
-6.438242431362722
-6.438243301091959
-6.43824196960494
-6.43824192674577
-6.438242549591269
-6.4382464833207065
-6.438246600687696
-6.438245498709811
-6.438244491659161
-6.438243491412902
-6.438245232541302
-6.438244044289543
-6.4382450728797895
-6.438244777339661
-6.438243767526755
-6.438244409502456
-6.438245232656917
-6.438244747060877
-6.4382441791054665
-6.438243753190182
-6.438243364412886
-6.438243826967196
-6.438242838966272
-6.438246943092925
-6.438245628229479
-6.438244777798945
-6.4382437940901
-6.438244044610912
-6.438244337720669
-6.438242993176207
-6.438242475532979
-6.438241644825154
-6.438241318498495
-6.4382405370299125
-6.438239239520209
-6.438238467133718
-6.4382373986771295
-6.438236109928319
-6.438236697713378
-6.438238095200955
-6.438238806304162
-6.438238111487062
-6.438236822472789
-6.438237368358764
-6.43823606732603
-6.438234746215062
-6.438236171292578
-6.43823509897383
-6.438238777392602
-6.438239677285259
-6.438239919378919
-6.4382404731569975
-6.438240501731608
-6.438240165617151
-6.43824423043184
-6.438243072526849
-6.438242871247044
-6.438241629855399
-6.4382424572768775
-6.438241360439003
-6.438243009598612
-6.438243131886706
-6.43824541610355
-6.438244951779475
-6.438243822601304
-6.43824652608466
-6.43824527404557
-6.438249820818665
-6.438248762056156
-6.43824768249474
-6.438247493289784
-6.43825050748738
-6.4382555484163095
-6.438258017890851
-6.438257801394015
-6.438257328469765
-6.438257772506332
-6.438257027187126
-6.43825583760117
-6.438256565361023
-6.438256229424614
-6.438258795861198
-6.438259727235728
-6.438260202219646
-6.438259774352876
-6.438259059429001
-6.438258866947717
-6.438261756125776
-6.4382625566495175
-6.438266669055797
-6.438265572576362
-6.438264251103999
-6.438265779462156
-6.4382646779683945
-6.438263799285681
-6.438263213141673
-6.438264034502611
-6.438263166792619
-6.438262663374422
-6.438261921006123
-6.438260643684779
-6.438259902298721
-6.438260991967092
-6.4382606784673
-6.438260826881441
-6.4382596528100215
-6.438258859969092
-6.438257632476395
-6.438258211315264
-6.438258230804964
-6.4382572598372505
-6.43825636112816
-6.438255359172475
-6.4382548451960115
-6.438254133890408
-6.4382553786923795
-6.438255058357192
-6.438254009002623
-6.4382584381066215
-6.43825747522067
-6.438256803054578
-6.438256247056597
-6.438254965659426
-6.438254438779726
-6.438254501455295
-6.4382542746971465
-6.438253284076372
-6.438252297175757
-6.438251098862455
-6.438254133697096
-6.43825309859293
-6.438253241768814
-6.438253800096969
-6.43825339507671
-6.438259083072304
-6.438258769046586
-6.438258108814667
-6.4382596711648725
-6.4382607312936
-6.438259608516611
-6.438258832805881
-6.438258837846465
-6.43825842745274
-6.438257843928822
-6.438259799723901
-6.438258517598283
-6.438258059116472
-6.43825688358537
-6.438264792849507
-6.438264992942409
-6.438264073871493
-6.438264395662366
-6.438264228651401
-6.4382646197879305
-6.438263378382224
-6.438262318582735
-6.438261136074941
-6.438259897382319
-6.438261163854924
-6.438259975533555
-6.438259806730704
-6.438258649323773
-6.438259178796663
-6.438260108866571
-6.438260576944173
-6.438260520281543
-6.438259523674343
-6.438259470483715
-6.4382584862023355
-6.438258775860035
-6.438258975316393
-6.438258116890116
-6.43825904249913
-6.438259656935256
-6.438258865051834
-6.438258034508498
-6.438257113368055
-6.4382558384436885
-6.438256018778028
-6.438255246877691
-6.43825460712824
-6.438253870085525
-6.438253537818519
-6.438252708877712
-6.438252088734904
-6.438253020005519
-6.43825184058287
-6.438252992368731
-6.438254907304499
-6.4382537159145405
-6.438253615967616
-6.438254101101323
-6.438253257275837
-6.438252394440136
-6.438251683433074
-6.438251985516633
-6.4382521866734805
-6.438255438067069
-6.438256237806444
-6.438259984524231
-6.438259562197223
-6.438258868592063
-6.4382608603564595
-6.438260202402764
-6.4382615229403
-6.438260486388286
-6.438260959035201
-6.438263338627738
-6.438262912713126
-6.438262798854659
-6.438262042515792
-6.4382618039106125
-6.4382653359434325
-6.438266546649871
-6.438265330936628
-6.43826446659868
-6.438264243064958
-6.438263239709767
-6.438262502599808
-6.43826293877877
-6.43826412989725
-6.438269831687276
-6.438269212506564
-6.43826871864409
-6.438270962529921
-6.438269994335469
-6.438268867840288
-6.4382705660973505
-6.438269718398523
-6.438272727075154
-6.438271939413699
-6.438271398693422
-6.438271376449086
-6.438271206086185
-6.438272865698046
-6.438274425923611
-6.438273182599718
-6.438273757987369
-6.438272852978502
-6.438272360889172
-6.438274313383143
-6.438273200390277
-6.43827203172157
-6.438272306107394
-6.4382719357185465
-6.438271849064345
-6.438271354223729
-6.4382702921443276
-6.4382706293990815
-6.438269704927661
-6.43826880084839
-6.4382698016780004
-6.438268841091776
-6.4382679212376575
-6.43826928026793
-6.4382684869608315
-6.4382680238621335
-6.438267338222455
-6.438266195901326
-6.438265752458551
-6.438266532653967
-6.438266848624583
-6.438265834520817
-6.438265867855911
-6.4382648846627
-6.438265654947517
-6.438266935686207
-6.438266450432974
-6.4382674037591
-6.43826720524452
-6.438267167050875
-6.43826620486124
-6.438265173790684
-6.43826467019363
-6.438263614400698
-6.438262769029317
-6.438263265509817
-6.438263338241431
-6.438262354441435
-6.438261155270521
-6.438264735378021
-6.438264061778112
-6.438263899917693
-6.438265075335205
-6.438264125831482
-6.4382653380414965
-6.438264734015646
-6.4382689482736435
-6.438270089726347
-6.438269058659602
-6.438268892020695
-6.438268172215452
-6.438267798439363
-6.438267655846674
-6.438270053272362
-6.438270266710026
-6.438269921647761
-6.438274089522352
-6.438273390181633
-6.4382727074166155
-6.438271757268326
-6.438277658122666
-6.438277122303387
-6.4382770953353265
-6.438276791418773
-6.43827591003256
-6.438275662099938
-6.438274787034904
-6.4382737143405615
-6.438274479635441
-6.4382734110155235
-6.43827280979056
-6.438272079942571
-6.438271935220709
-6.438270721857468
-6.438273017716203
-6.4382722115189726
-6.4382720964799915
-6.438271903296684
-6.438271476910014
-6.438270803727721
-6.438270229434879
-6.438269564261962
-6.438269530837483
-6.438268584103963
-6.438269638137164
-6.4382684739379155
-6.438268785339167
-6.438267574372357
-6.438266910117905
-6.438267251357657
-6.438267172503525
-6.4382660451249265
-6.438265150009568
-6.438265192495183
-6.438264291194699
-6.43826381496728
-6.438264647602546
-6.438263766574246
-6.43826380611747
-6.438263565395803
-6.4382634033328205
-6.438262396001942
-6.438261387870022
-6.438262200058829
-6.438262121074253
-6.438261526631746
-6.438260466555435
-6.438260232814507
-6.438259225816518
-6.438259640374248
-6.438259467867384
-6.438258510652908
-6.438259096223028
-6.438259241937832
-6.438263062975841
-6.4382628881706125
-6.438262395971851
-6.438262977322326
-6.438262245269755
-6.4382621953967725
-6.438261840193972
-6.438261219541529
-6.438262307696173
-6.438261372675809
-6.438260178521872
-6.438261465421714
-6.438260359158701
-6.438260339365905
-6.438259837080151
-6.438258706398005
-6.438259905391122
-6.438258776674715
-6.438259159227564
-6.438258043469194
-6.438257580933897
-6.43826171125231
-6.438261294975946
-6.438260410088931
-6.438262047617265
-6.438261021180287
-6.438260565327715
-6.438259794224683
-6.438259685735892
-6.438261221639525
-6.4382601772356605
-6.438262634624012
-6.4382618842696075
-6.438261227824417
-6.43826128902877
-6.4382624784419775
-6.438262488968549
-6.438261866175882
-6.438262135404415
-6.438266621944665
-6.438270882977962
-6.438271382941365
-6.438271938420568
-6.438270985427777
-6.438270913318786
-6.438270698768422
-6.438270770590134
-6.438271407420706
-6.43827384442029
-6.438275365532417
-6.43827488165223
-6.438274057350157
-6.43827395507306
-6.4382732800241635
-6.438272283016405
-6.438272025596135
-6.438271658404119
-6.438271653845942
-6.438272017255195
-6.43827125049494
-6.438270101484997
-6.438270184705227
-6.438270792012192
-6.438270081284008
-6.438269122673195
-6.438271654109488
-6.438271400150414
-6.438270761154524
-6.4382704608345644
-6.438271367819749
-6.4382705237534905
-6.438269487283399
-6.438268557536004
-6.4382681008407365
-6.4382696703631845
-6.438270256216746
-6.43826935070178
-6.438268780666683
-6.438267917700263
-6.438268591374281
-6.438269502597353
-6.438269447116841
-6.438272295838475
-6.438271225522156
-6.438271024552506
-6.438270557739003
-6.438271368175946
-6.438270248548684
-6.438269539945547
-6.4382684501148635
-6.438267857472521
-6.438272519354443
-6.43827414641964
-6.438274106561232
-6.438273432661636
-6.438272810433855
-6.438273477488242
-6.438272477166276
-6.438272042174734
-6.438271624186644
-6.438271398698049
-6.4382704217115405
-6.438269525643379
-6.438269822252359
-6.438272725831077
-6.4382716499455475
-6.438272413091046
-6.438273405827579
-6.438272937709046
-6.438272346499062
-6.438274140760884
-6.438273192609972
-6.438273055674058
-6.438271951094668
-6.438270882891693
-6.438272380096304
-6.438271953933364
-6.438271234749427
-6.438271200880501
-6.438270524536029
-6.438269549227078
-6.438271006409049
-6.438270083072316
-6.438269445826766
-6.438269266949565
-6.438271376214742
-6.438270433569181
-6.43826979176205
-6.438269475668585
-6.438269850517686
-6.43826886112022
-6.438268583961121
-6.438268682985005
-6.438269010350101
-6.438268131165656
-6.438268741034223
-6.438267841278827
-6.438268953636047
-6.438267932668689
-6.438267409644433
-6.438266315684386
-6.438266308907193
-6.438266520834392
-6.438267347403825
-6.438267507411899
-6.438269047856906
-6.438270435088165
-6.438273688736864
-6.438272916378041
-6.4382735109079094
-6.438272953727263
-6.4382742648575775
-6.438273341382472
-6.438273981822139
-6.4382739648050045
-6.438274180824743
-6.438273091745343
-6.438272527741405
-6.438272963486117
-6.438275459122105
-6.438274556043549
-6.438274094232634
-6.438273257098465
-6.438273325149153
-6.438273530068844
-6.438273937346413
-6.438274530474588
-6.438273887511883
-6.438275345746586
-6.438274499964874
-6.438273834276585
-6.4382758918177805
-6.438275108595749
-6.438275792735849
-6.438274994076528
-6.438275078238248
-6.438275929872919
-6.438276128144029
-6.438275429742562
-6.438275833252288
-6.438275258069101
-6.438275508084954
-6.4382744935381995
-6.4382737286049565
-6.438273562005715
-6.438276354355317
-6.438276395657586
-6.438275322564282
-6.438275175846422
-6.438274883994025
-6.438273840328231
-6.438272806440544
-6.438272604491294
-6.43827165741887
-6.43827398270473
-6.438273245561425
-6.438276677572564
-6.438275923635321
-6.4382752754324315
-6.438274324245892
-6.4382753009903455
-6.438274205866321
-6.438273286580628
-6.438272972860828
-6.438275856235559
-6.438275620479692
-6.4382746562820445
-6.438274341689479
-6.438274790763009
-6.43827402764433
-6.438276020041394
-6.438276090615368
-6.438275680605578
-6.438276184380317
-6.438275126986415
-6.4382744746561915
-6.438273566853809
-6.43827268924405
-6.438271770398081
-6.438272157382423
-6.438271620566905
-6.438270815541705
-6.438270678176638
-6.438270820312052
-6.438269906571503
-6.438269236255399
-6.438268690384857
-6.4382679980105735
-6.438268189617336
-6.438267254174477
-6.438266501480344
-6.438265855962133
-6.438265761027028
-6.438265135123935
-6.438264751230451
-6.438263998329026
-6.438269111310268
-6.43826880905317
-6.438269093131364
-6.438268112198895
-6.438272310905601
-6.438271346454501
-6.438270550509591
-6.43827058490822
-6.4382698948415165
-6.438268961756544
-6.438269121512517
-6.438270238902181
-6.438269771456422
-6.43827253605183
-6.43827203841574
-6.43827101844002
-6.438270811004795
-6.438269737703951
-6.438269316508758
-6.438268503477141
-6.438268192233484
-6.438268189728397
-6.438267960197509
-6.438271416651995
-6.438270424993814
-6.438269933638661
-6.438269327878298
-6.438269972078294
-6.438269217545878
-6.438272115473449
-6.438271031441797
-6.438270244579569
-6.438269482116927
-6.438270879554244
-6.438270045218212
-6.438269616851097
-6.438269044783774
-6.438268162198551
-6.438267389540516
-6.438266661143146
-6.438266804933691
-6.438267275470873
-6.438266420818208
-6.438266158449213
-6.438265949694456
-6.438267361656999
-6.438266666479047
-6.438265730606984
-6.438268425113629
-6.438267976375941
-6.438268491869546
-6.438268444586354
-6.43826858921208
-6.4382683316392315
-6.438267873154337
-6.438270937050147
-6.438269964529703
-6.438268977957996
-6.438269078729419
-6.438268451844433
-6.438267584230215
-6.438268964429875
-6.43826923619031
-6.4382684033917945
-6.438267881624808
-6.438267342320695
-6.438266365364325
-6.438265628371883
-6.438266498414202
-6.438265448624037
-6.43826526312714
-6.438265148325296
-6.438264291177273
-6.438266379303498
-6.438265495535311
-6.438266600784935
-6.438266271370642
-6.438265407897569
-6.438264585050234
-6.43826364051246
-6.438263750280458
-6.4382632626952425
-6.438262572244392
-6.438261888053248
-6.438261433191727
-6.438260823140347
-6.438262238111463
-6.438261638332718
-6.438261789382517
-6.438261838630645
-6.438260939750992
-6.438260420335369
-6.438259448739157
-6.438259501660029
-6.438258612776618
-6.4382579580797605
-6.4382573076330925
-6.438256260547092
-6.4382572691999655
-6.438256544321229
-6.4382577301902195
-6.43825703019315
-6.438257447227497
-6.438259098680817
-6.43825886526275
-6.438258849512055
-6.438257840671958
-6.438257546802727
-6.438258197958925
-6.438257290026038
-6.438256586993744
-6.438256271629817
-6.438255339431616
-6.438255609610967
-6.438254934288237
-6.438254082449858
-6.438253100919613
-6.4382529038679746
-6.438254481707253
-6.438253566391645
-6.4382565940901175
-6.438257280636772
-6.438257698993444
-6.4382571376119
-6.438258432361899
-6.438257667925058
-6.4382571602145235
-6.438256990705687
-6.438256730568984
-6.438256198532443
-6.438257365653085
-6.438256521553414
-6.43825808130311
-6.438259599992298
-6.438260287920091
-6.438259697422511
-6.438259766379102
-6.438259085586609
-6.438258356165131
-6.438257405523448
-6.438256723064086
-6.4382561783965135
-6.4382564533514115
-6.438256519927035
-6.438258801580424
-6.438258469082034
-6.438257669352637
-6.43825724849643
-6.438256283877048
-6.4382577391159685
-6.438256812720977
-6.438255781349517
-6.438256098577876
-6.438255702937041
-6.438257067714288
-6.438257178612333
-6.438256556901015
-6.438255831600229
-6.438255721050913
-6.4382559079797055
-6.438255921299165
-6.438255453965991
-6.438256791842521
-6.4382560015639205
-6.438255001534573
-6.438254181619644
-6.438253316199475
-6.438252729924013
-6.4382523991067195
-6.438251665197745
-6.438251673993309
-6.438250786236893
-6.43825041164776
-6.438250093689343
-6.438250998440633
-6.438250707536938
-6.438251187552104
-6.438250371136713
-6.438249810808314
-6.438249577810276
-6.438249505118551
-6.438250485166027
-6.4382504631255335
-6.438249758575352
-6.438248963654504
-6.438249619386437
-6.4382490335834675
-6.438248520952475
-6.438248243311784
-6.438247330989584
-6.438246405951164
-6.438246229392734
-6.438246546243273
-6.438246281349912
-6.438245597253664
-6.4382446098418455
-6.438244853951726
-6.438244052849876
-6.438243586989775
-6.438242663195406
-6.438241796031565
-6.438241186408966
-6.438240240718579
-6.438239465566372
-6.438238588350843
-6.438238184434521
-6.438239416812787
-6.438238646184752
-6.4382390201415705
-6.438241019030964
-6.438242320837227
-6.438242149613173
-6.438241358891839
-6.4382435830753515
-6.4382428081273995
-6.438241886392461
-6.4382412358488255
-6.438240262655385
-6.438239553390245
-6.438238780793077
-6.438238223160615
-6.4382379515916695
-6.438238987813567
-6.438238882561296
-6.438239115217996
-6.438238822171504
-6.43823838869343
-6.438237672294342
-6.438236943880637
-6.438237991991345
-6.438237523206005
-6.438236583931698
-6.438238537020739
-6.4382379387352415
-6.4382376475427705
-6.438238060089162
-6.438237067434177
-6.438237501189073
-6.438236579399075
-6.438236093148089
-6.438235865544851
-6.4382364875695375
-6.4382355787517165
-6.438234741712192
-6.438238216763323
-6.438237885119712
-6.438239299668382
-6.438238764009247
-6.438239869437211
-6.4382395912673624
-6.43823957941052
-6.43824069940479
-6.438240619651896
-6.438239794018623
-6.438239270810562
-6.438239358100149
-6.438238394224733
-6.438238519193985
-6.438239100991133
-6.438238196396623
-6.43823724893672
-6.43823626628205
-6.43823690849683
-6.438236508123291
-6.43823563458692
-6.438235309496519
-6.438235271694282
-6.438234651454062
-6.438238260286125
-6.4382374676492
-6.438236595312235
-6.438236097602218
-6.438236095528244
-6.438237721726164
-6.43823926568772
-6.438239579742367
-6.4382390534257254
-6.438238579961475
-6.438238436051518
-6.438239353997437
-6.438238390376727
-6.438237433497049
-6.438239123481063
-6.438238599321492
-6.438238746187172
-6.4382394233903515
-6.438238773502014
-6.438237918944236
-6.438237071116397
-6.438236926328298
-6.438236560380219
-6.438239230299807
-6.438240246581756
-6.438241949519179
-6.438241089705709
-6.438241667934568
-6.43824082424848
-6.438240140033609
-6.438239195238475
-6.438239055223801
-6.438239917073832
-6.438240298581842
-6.438239412742781
-6.438238951400897
-6.4382384588623625
-6.438238976251846
-6.438239648278921
-6.438238765606689
-6.4382390810642764
-6.438238534842056
-6.438238461163587
-6.438240709173716
-6.438243597449735
-6.438242869867835
-6.438243932666147
-6.438244541104363
-6.438245154461958
-6.4382442629888725
-6.4382463625867965
-6.438247150184078
-6.438246633796485
-6.438247895295573
-6.438250593933166
-6.438254143823439
-6.438253801234727
-6.438253911289532
-6.438256141419597
-6.438256392184862
-6.4382589265166095
-6.438258754870918
-6.438257830938857
-6.43825688057275
-6.4382567077197175
-6.438256357730038
-6.438256100525873
-6.438256617586511
-6.438256109812663
-6.438255404528053
-6.438255099535742
-6.438254433504541
-6.4382550411091115
-6.438254855788762
-6.438254202691708
-6.438253250364183
-6.438252926524129
-6.438257394037637
-6.438256676714635
-6.438255827272198
-6.438257224366477
-6.438258044435625
-6.438257689590605
-6.438257176821932
-6.4382577789578805
-6.438256882087517
-6.438256738018343
-6.438256463096468
-6.438256361334185
-6.438256249930804
-6.438255360621625
-6.438254631825798
-6.438254779908166
-6.438256585467219
-6.438256891527501
-6.438256019815916
-6.438255112493248
-6.438254609577216
-6.438255219700833
-6.438254763192596
-6.438256680039544
-6.438255909570311
-6.438255907734779
-6.4382554557563
-6.438255309362232
-6.438254555491484
-6.438253685938132
-6.438253224136975
-6.438253401669633
-6.438252891573834
-6.438252593706232
-6.438253849486352
-6.438253335879976
-6.438252393647104
-6.438251767910765
-6.438251565363773
-6.438252039345432
-6.438251787101747
-6.43825196004014
-6.438251051661453
-6.438251040088453
-6.438252669936435
-6.438254398580604
-6.438257172195339
-6.438256298637046
-6.438255909850905
-6.438255400439588
-6.438254565320366
-6.43825385574661
-6.4382544176625
-6.438254000501758
-6.438253525363647
-6.438253569495081
-6.4382531285742655
-6.4382524437908595
-6.438257184935574
-6.438256762037077
-6.4382558605633955
-6.4382556863607805
-6.4382548547032314
-6.438254075505032
-6.4382532023703645
-6.4382529574785385
-6.438254371548356
-6.438255864922869
-6.438255401113914
-6.438256703607316
-6.438257578524023
-6.438257132373265
-6.4382564168385406
-6.43825753039293
-6.438258205071263
-6.43825788882044
-6.4382579089355625
-6.4382588720399525
-6.438258211846799
-6.438258133153958
-6.438257531863972
-6.4382567553984975
-6.438255959106623
-6.438255577361059
-6.438254920865225
-6.4382571283271295
-6.43825642682323
-6.438255830636153
-6.438255678047393
-6.4382568180744455
-6.438256203826988
-6.438255893987339
-6.438255554152652
-6.4382549098758615
-6.438254085769683
-6.438253241943884
-6.438252925256213
-6.438253953104349
-6.438253675105889
-6.438253302451449
-6.438254616258845
-6.43825495694666
-6.438254059864905
-6.438253138035295
-6.438253561997642
-6.438252861120043
-6.438252268206691
-6.438252099946512
-6.43825164099828
-6.438250996276133
-6.438253188905549
-6.438253536422257
-6.4382527494497115
-6.438251857679368
-6.438253674993053
-6.438253433260134
-6.43825314824483
-6.438252851797054
-6.438252423551097
-6.4382527077593545
-6.438251864060791
-6.438251015229998
-6.438253424654581
-6.438253014153446
-6.438253143834601
-6.438252226970117
-6.438252212896178
-6.438251759101568
-6.438251305351833
-6.438251365501117
-6.438250442354183
-6.438250207244434
-6.43825064091985
-6.4382521031028475
-6.438252421097899
-6.4382519275183245
-6.438252625805424
-6.438252033054141
-6.4382521730574185
-6.43825173674268
-6.438251210958469
-6.438250973699943
-6.4382505967189925
-6.438249822844134
-6.438249202306551
-6.438250866486909
-6.438250157668593
-6.4382502615943595
-6.4382496711177275
-6.438248757062738
-6.438248877034462
-6.4382495633166075
-6.438249262207368
-6.4382493330783355
-6.43825000386181
-6.438249385390418
-6.438249676218529
-6.438249146656847
-6.438249186463122
-6.438249360138101
-6.4382498876703345
-6.4382503206102175
-6.438249655677204
-6.4382491745882735
-6.438248464471505
-6.438248025430333
-6.438248578732704
-6.438247972730686
-6.438247357713279
-6.438247154239691
-6.438246305420363
-6.438245438665613
-6.438244762405236
-6.438244296445044
-6.438245129986582
-6.438244684776785
-6.438244171541524
-6.438246571823596
-6.438246923800209
-6.438247040541752
-6.438248503422717
-6.438249007673961
-6.438249139035351
-6.4382483123800505
-6.438247696789188
-6.4382469702827585
-6.438246284227786
-6.4382463042955544
-6.4382484631419965
-6.4382477719638596
-6.4382469092221974
-6.438248484281461
-6.438248606683136
-6.438248529982454
-6.438248758823833
-6.438248636520509
-6.4382488757200935
-6.438249421016994
-6.438248847585277
-6.438248231970387
-6.438247971397747
-6.438247564680436
-6.438246877022779
-6.43824670592134
-6.438248087782468
-6.4382483522115646
-6.438247740843301
-6.438246915795613
-6.438246948302469
-6.438247306829364
-6.438246411815381
-6.438246177540175
-6.438246739143082
-6.4382459456054155
-6.438245740551429
-6.4382470216477214
-6.438247079927661
-6.438247165341274
-6.438246439074236
-6.438246115994868
-6.438245808076214
-6.438245915494301
-6.4382457988571815
-6.438244927146801
-6.438244334564485
-6.438244503452893
-6.4382440067025515
-6.438243983378188
-6.438247584382107
-6.438249167682245
-6.438249106358616
-6.438248535285038
-6.438248167198866
-6.438248376852949
-6.438247816878676
-6.438247214834049
-6.438246454982903
-6.438246573476398
-6.438246875707463
-6.438246636588543
-6.438246819053024
-6.438246812844063
-6.438247315629461
-6.438247354098675
-6.438247105962977
-6.438246439124261
-6.438246085038814
-6.438245211251948
-6.438247379710834
-6.4382472358900475
-6.438252327495009
-6.43825480934914
-6.438254057853117
-6.438253172604316
-6.438252790967081
-6.438252029332893
-6.438252352643002
-6.4382515923899994
-6.438250732939057
-6.438249857507109
-6.43825030665642
-6.438250018283037
-6.438249611319548
-6.438252085310581
-6.438251225205969
-6.438252447280492
-6.438251686875819
-6.438251108223664
-6.438250288736693
-6.438250068508236
-6.438249442186511
-6.438250091756911
-6.438249538328182
-6.438248752717257
-6.438249560991343
-6.438248836506466
-6.43824833452404
-6.438248312459249
-6.438247784305687
-6.438246935192155
-6.438246068779149
-6.438246056037556
-6.438246344617249
-6.438245605870723
-6.438244751684534
-6.438244262476448
-6.438244653978995
-6.438243917333581
-6.43824317290829
-6.438242460522711
-6.438241932604094
-6.438242236614224
-6.438241530042107
-6.438240916994269
-6.438240083279175
-6.438240458444171
-6.438241778220058
-6.438241032277194
-6.438241574519951
-6.438241557893424
-6.438240878760813
-6.438241038757461
-6.438240769803912
-6.43824007137437
-6.438239231041618
-6.438238444571708
-6.438238673049496
-6.438238622857002
-6.4382385885420605
-6.438238174517025
-6.438238371902275
-6.438238039327361
-6.4382373524721626
-6.438237220171401
-6.4382384508581625
-6.438237990279264
-6.438237214924266
-6.438239878112841
-6.438240034675123
-6.438239337757217
-6.438241744538515
-6.438241174517816
-6.438240386496803
-6.438239730607184
-6.438239312012967
-6.4382389540918235
-6.438240281065405
-6.438242097915352
-6.438243004379718
-6.438243474230278
-6.438243181511772
-6.438242504065586
-6.438241655276188
-6.438241793697433
-6.4382411018284715
-6.438240890687804
-6.4382422317808645
-6.438241384772616
-6.438245161940018
-6.4382482191079
-6.438248244135265
-6.438247772911039
-6.438247411945499
-6.438247285905625
-6.438246881853855
-6.438246651526984
-6.438246468324195
-6.438247148690565
-6.438246590426271
-6.4382466546558765
-6.438245887018649
-6.438246427546143
-6.438245649484847
-6.438244856908187
-6.438245013465081
-6.438244459573472
-6.438243861622772
-6.4382439596153
-6.438243483565095
-6.43824338899015
-6.438243826080656
-6.438243295618884
-6.438242842216638
-6.4382429302438045
-6.438242999674904
-6.4382428137174825
-6.438245117070153
-6.438244967595414
-6.438244851538465
-6.438245366451978
-6.438244879641931
-6.438245660195201
-6.438244958631801
-6.438244236256241
-6.43824364046738
-6.438243058313927
-6.438242301121672
-6.438241539969983
-6.4382411402032576
-6.438240529316717
-6.438241047050521
-6.438240220255272
-6.4382414632382945
-6.438241709850536
-6.4382417559495435
-6.438241545714967
-6.438240773523727
-6.438240647381234
-6.438239826235487
-6.438239102719321
-6.438239040695967
-6.438239596755991
-6.438238787642185
-6.438238901393114
-6.438238716936479
-6.43823836170604
-6.438239040210956
-6.438238376811936
-6.438238662758936
-6.4382394966972925
-6.4382388159234845
-6.438238899323695
-6.438238595702566
-6.438239112248983
-6.438240484550859
-6.438239907870774
-6.438240331662845
-6.4382397866037255
-6.438239458796946
-6.4382389031855265
-6.438238292476522
-6.438239974035588
-6.438246446400205
-6.4382456329742475
-6.4382452413693745
-6.438244899767412
-6.438246031835186
-6.4382458092770785
-6.438245552299968
-6.438245391447924
-6.438244662182616
-6.438243835347779
-6.438243404773178
-6.438244471413138
-6.438244491573357
-6.438243759692195
-6.438243978243278
-6.438243284018148
-6.43824321606241
-6.438245453979547
-6.438246225794954
-6.438245635673087
-6.438245802907594
-6.4382450461280065
-6.438245167742876
-6.438244523172643
-6.438244129964746
-6.438243551622018
-6.438242956919227
-6.438242999664874
-6.4382431171595735
-6.438243765248237
-6.438243915925764
-6.438243145178347
-6.438243398547889
-6.438245880675306
-6.438249570460322
-6.43825018627969
-6.438249724030379
-6.438248942626248
-6.4382490078829475
-6.4382487507356325
-6.4382481721061
-6.43825011031149
-6.438249724265549
-6.438249991628992
-6.4382503316256185
-6.438249803528568
-6.43824911123613
-6.438250471541971
-6.438249821763148
-6.43825114977443
-6.4382508904534
-6.438250747682977
-6.438250045983669
-6.438250887289826
-6.438250628121636
-6.438249916097135
-6.438249204323344
-6.438248598578308
-6.438250007816615
-6.438250166252181
-6.438249546313542
-6.438249474902338
-6.438249968098831
-6.438249808090115
-6.43824968187545
-6.438250324551245
-6.438249998640755
-6.438249767750167
-6.438249770102231
-6.438249909477272
-6.438251835161966
-6.438251234568667
-6.438254048965894
-6.438253953655506
-6.438253333919251
-6.438252880977736
-6.438252214801055
-6.4382517356405735
-6.438251181917075
-6.438251803438566
-6.438251056436275
-6.4382510992985
-6.438250285468918
-6.438250800186362
-6.438252158168842
-6.438251436549577
-6.438250669066442
-6.43824988430929
-6.438249379210457
-6.438248675065654
-6.438247992657444
-6.438247931106176
-6.438248420694875
-6.438248615329801
-6.438248672011393
-6.438247901663812
-6.438247891688516
-6.43824810887855
-6.4382476299897435
-6.438247562963443
-6.438246922698479
-6.438248023405297
-6.438249486241307
-6.438250346572102
-6.438249941353238
-6.43824924872355
-6.438249210269714
-6.438249242092212
-6.4382503748958495
-6.438249635015046
-6.438249005647533
-6.438249342572349
-6.438249483894312
-6.438249459238715
-6.438248941741835
-6.43824875658988
-6.438248617861991
-6.438247947222898
-6.438248434852328
-6.438248263625221
-6.438247614038737
-6.438247241616185
-6.438248821107217
-6.438248121321249
-6.438247559526342
-6.438246922223856
-6.438247443997325
-6.438249589030036
-6.438249963543884
-6.4382493738197635
-6.438249353530105
-6.438248779844636
-6.438250011244529
-6.438249462062451
-6.438248936260578
-6.438248424302927
-6.438248052916131
-6.438247571225378
-6.43824699399255
-6.438247171037847
-6.438247511188598
-6.4382471719160534
-6.438248974426563
-6.4382503409567375
-6.438250302920815
-6.438249744552364
-6.4382506845919085
-6.438250982181896
-6.43825065519316
-6.438249939635987
-6.438249869239725
-6.438250473803935
-6.438250493106845
-6.4382497534111955
-6.438249006520156
-6.4382500352932155
-6.438249519183527
-6.438248878138218
-6.438249006516838
-6.4382519098779465
-6.4382531432611385
-6.4382536591141415
-6.438253960574705
-6.438253483975549
-6.438252896392417
-6.438252819840999
-6.438253383301648
-6.438253436732647
-6.43825313949228
-6.438252409229384
-6.4382517478134735
-6.43825156716404
-6.438251106801428
-6.438251990147459
-6.438252691375122
-6.438252645696445
-6.438252263116161
-6.438251540030327
-6.438253657591613
-6.438255348934178
-6.438255157656696
-6.4382544717065295
-6.438256243026899
-6.438256141007818
-6.438255576598745
-6.438255208582988
-6.4382547744704866
-6.438254563173555
-6.438255341002544
-6.438254580383276
-6.43825454063935
-6.438253757032674
-6.438253142810665
-6.438252952632639
-6.438252909750469
-6.438252224247291
-6.4382516521483515
-6.43825169374018
-6.438251728290637
-6.438251041237355
-6.438250758200122
-6.438250583876316
-6.438250018422049
-6.438249418042522
-6.4382486627872115
-6.4382494643643735
-6.438248831545202
-6.4382484164848846
-6.438247834804203
-6.4382478026933905
-6.438247966973909
-6.438247762838812
-6.438247017465838
-6.438246250033102
-6.438246125629733
-6.4382464817321
-6.438246730361013
-6.438246309560156
-6.4382456096868355
-6.43824508926022
-6.4382456504784695
-6.438244992043114
-6.438244261093841
-6.438243489760472
-6.438243776549659
-6.438243064806037
-6.438242739491727
-6.438242657165996
-6.438242638530799
-6.438241974319837
-6.43824373337434
-6.438244017537775
-6.43824368895061
-6.438247306649219
-6.438246762713824
-6.438247369754634
-6.438247503221052
-6.438246750842849
-6.438246025435401
-6.438248284611665
-6.438247783353292
-6.438247718203493
-6.4382470871782465
-6.438246405508633
-6.438248240548474
-6.438247767317605
-6.438247525681939
-6.43824721720457
-6.438247131391789
-6.438246837122739
-6.438246244917498
-6.438246422130416
-6.4382480874899395
-6.4382474801112215
-6.438247974458446
-6.438247288732137
-6.438250165243788
-6.438249552663246
-6.438249957232472
-6.438249299187215
-6.438248542539413
-6.438247767971215
-6.43824772782042
-6.43824703656761
-6.438246349971592
-6.438246038892107
-6.4382453208112524
-6.438245186357297
-6.438244448767375
-6.438244065154513
-6.438243807583732
-6.438243337313488
-6.4382443333273836
-6.438244718318862
-6.438244137969857
-6.438243431552622
-6.438243289747852
-6.438243321930732
-6.43824306261788
-6.438244235733731
-6.438244861189894
-6.4382448963970935
-6.438244441331634
-6.438244688452647
-6.438243916900546
-6.4382442472398145
-6.438245077047057
-6.438244382561463
-6.4382436629059026
-6.438243192986156
-6.43824311449467
-6.438242741349746
-6.438241993542952
-6.4382416038731165
-6.438241737849613
-6.438240993360651
-6.4382418043001595
-6.4382413560838785
-6.438240810032387
-6.438240552710669
-6.438242140007217
-6.4382421615333465
-6.438242489375872
-6.438242733768247
-6.438241969005886
-6.438242159221212
-6.438241404705517
-6.43824082556253
-6.438240317319026
-6.438239662533882
-6.438239184285315
-6.438239548616332
-6.438239116698129
-6.438239005161048
-6.438238297006735
-6.438237886088106
-6.438237132680744
-6.438236391006527
-6.438236226951495
-6.43823551676801
-6.438234890205799
-6.438235133297374
-6.438236083636055
-6.438235641447873
-6.4382349430670835
-6.438234544497344
-6.438234417495878
-6.438234284945038
-6.438233758843259
-6.438234396881284
-6.438234160157185
-6.438235259959925
-6.438234947448375
-6.438234351595207
-6.438235041350689
-6.438235353955461
-6.438234911556754
-6.4382343068940635
-6.438233991438805
-6.438233438104019
-6.438232707293405
-6.43823549135309
-6.438234859171322
-6.438234918468581
-6.4382351348119
-6.438235404591386
-6.438234645375366
-6.438235861373661
-6.4382357327226405
-6.4382354480402055
-6.43823590959626
-6.438236291355592
-6.438236706033208
-6.438236471697842
-6.4382368077511
-6.4382370308499315
-6.438236919549476
-6.4382365131660695
-6.438238200631848
-6.43823918200948
-6.438239027363261
-6.438238370931651
-6.4382376638130925
-6.438237176598149
-6.438237314273108
-6.438237496074785
-6.438238085361658
-6.438237480927774
-6.438237251055727
-6.43823658643048
-6.438235866670616
-6.438235589879414
-6.438237291225175
-6.438239222423828
-6.438238575361525
-6.43823896057472
-6.438240345825298
-6.438240783353136
-6.438240602900256
-6.438240134524104
-6.438240045118809
-6.43823934914268
-6.438239535170162
-6.438242437301418
-6.438242358423721
-6.438244391633645
-6.43824380998249
-6.438243311997802
-6.438242980901251
-6.4382424988546685
-6.438243175597771
-6.438244737256485
-6.43824519482518
-6.43824874565271
-6.438250782995827
-6.438250471937055
-6.438250378024974
-6.438249631853152
-6.438248917924208
-6.438249271754891
-6.438248636517834
-6.438248063473854
-6.4382486201226214
-6.438248161455082
-6.4382475633693454
-6.438246934656656
-6.4382471248865185
-6.438247794206882
-6.438247162068131
-6.4382465299992955
-6.4382461322664675
-6.438246266023499
-6.438245570045651
-6.438244891671415
-6.438247735495403
-6.438247262413531
-6.438247062483064
-6.438246926519997
-6.438246322562312
-6.438246277256229
-6.438245774170975
-6.4382454608430715
-6.438245862372959
-6.438246853057998
-6.438246157246456
-6.438245676436604
-6.438245064647411
-6.438244866014139
-6.438244553739064
-6.438244202254528
-6.438243550481592
-6.4382431868187515
-6.438244123727416
-6.438243693701654
-6.438243005521751
-6.438243483772904
-6.438245043935166
-6.438245429575886
-6.438244805160029
-6.438244389066769
-6.438244187427086
-6.438244428876918
-6.4382439770484385
-6.438243315026599
-6.438243010073278
-6.438242966539803
-6.438242655300267
-6.4382421241484336
-6.438241512682064
-6.438241761394271
-6.438241525295682
-6.438240876108591
-6.438241347031122
-6.43824070454849
-6.438240244413822
-6.43823967957549
-6.438239153112862
-6.438239943979731
-6.438239273304758
-6.438238762429932
-6.43823807936183
-6.438238166774835
-6.438237946242724
-6.438237330634482
-6.4382372490351685
-6.4382368132407635
-6.438236379798606
-6.438236262134773
-6.438236991823083
-6.4382366405456
-6.438236699080789
-6.438236458436853
-6.438238275857604
-6.438237621336485
-6.4382370116122365
-6.438236564485423
-6.438235910031739
-6.438236304317696
-6.438236711400724
-6.438235996258236
-6.43823544831905
-6.438236178234884
-6.438235844990139
-6.438235511139499
-6.4382351960215
-6.438235653929939
-6.43823563066481
-6.438235184920559
-6.4382353622533754
-6.43823489237272
-6.438234753175304
-6.438234440240773
-6.4382341971843555
-6.4382352733612
-6.438235630655677
-6.438235025363915
-6.438234694892878
-6.438234033861187
-6.438235082517009
-6.438234449747462
-6.438233741573016
-6.438233176314357
-6.438232629502856
-6.4382322173482835
-6.438231647359517
-6.438231308789472
-6.438231241360312
-6.438230887761693
-6.438230602662062
-6.438229895358979
-6.4382294424392565
-6.438228777936802
-6.4382281056563535
-6.438227634107312
-6.438227600066148
-6.438227751420747
-6.438227521360213
-6.438227151124458
-6.438228781463407
-6.438228134353541
-6.438228227763386
-6.438228973143054
-6.438228482145036
-6.438228315053026
-6.43822812842066
-6.43822790380265
-6.438227580159723
-6.438228651768248
-6.438228146016161
-6.438227546894387
-6.438226887204425
-6.438227439971497
-6.4382275930209385
-6.43822778529994
-6.438227981149959
-6.438227949109911
-6.438227457169051
-6.438228906449707
-6.438228400185103
-6.438228743156847
-6.438228241514063
-6.438228606536454
-6.438228456931284
-6.438227903687591
-6.438227301754143
-6.438226830811817
-6.438226297574081
-6.438225920704308
-6.438225289490083
-6.438225218676164
-6.438224613810039
-6.4382241273768175
-6.438223750082904
-6.438223042055908
-6.438223516113917
-6.4382240904965675
-6.438224181715546
-6.438224098539906
-6.4382244982644155
-6.438224616205507
-6.438224525928217
-6.438224274791897
-6.438223672963009
-6.438223174514056
-6.438224074912719
-6.438223451403643
-6.438223375980936
-6.438222730404174
-6.438225618356403
-6.438225896082397
-6.438225654326165
-6.4382255575672325
-6.438226014523361
-6.438225511608941
-6.4382252737427255
-6.438225976589061
-6.4382253515523225
-6.4382247230460194
-6.438224176446501
-6.438224121483728
-6.4382237266441065
-6.438223630517657
-6.438223450810471
-6.438222799536841
-6.438222934736967
-6.4382223413427635
-6.438222382171381
-6.438223436838195
-6.438223638444429
-6.438223601358662
-6.438223651564807
-6.438223207817213
-6.438222506185285
-6.4382218788303
-6.438221590998477
-6.438221335837938
-6.438220774725749
-6.438220236705646
-6.438219965560649
-6.438220319680807
-6.4382215492907715
-6.43822085938027
-6.438222286765048
-6.438222737237003
-6.438222063454638
-6.438221841026704
-6.438221335107104
-6.438220798747755
-6.43822080180515
-6.4382202197951965
-6.4382205902548915
-6.438220173334459
-6.438220760797394
-6.438221296181947
-6.43822092624144
-6.43822115424963
-6.438220570604721
-6.438220463051849
-6.438221118484575
-6.438221085408551
-6.4382218460776235
-6.438222212673388
-6.438222468668646
-6.43822227070426
-6.438221880072536
-6.43822123693692
-6.438221035748299
-6.438221995233555
-6.438221682181165
-6.438221244116567
-6.438222414581288
-6.438222862316694
-6.438224166038857
-6.438223649616008
-6.4382234283863635
-6.438224554763603
-6.438224556570078
-6.438226822180248
-6.438226512382633
-6.438225921863445
-6.438225932002618
-6.438225334170343
-6.438224986168611
-6.438224538229826
-6.43822703995349
-6.438226468102426
-6.438227689498795
-6.438227701319258
-6.4382272377296
-6.438226941277798
-6.438227408284855
-6.438227500504979
-6.4382268001648875
-6.438227221529132
-6.438227104198555
-6.438226583209942
-6.438226114276843
-6.438225432521395
-6.4382247506892085
-6.438224175567576
-6.4382257399276694
-6.438225134906655
-6.438224857846139
-6.438224300667879
-6.438223756924397
-6.438223380511992
-6.43822317723393
-6.438222844913498
-6.4382244148245835
-6.438224808794788
-6.438225361771373
-6.438226531681057
-6.438227080746744
-6.438226485601549
-6.438226097303612
-6.438226357685911
-6.438227549549895
-6.438226987606031
-6.438226836351537
-6.438226389352688
-6.4382266294923935
-6.438227067404013
-6.438226690023689
-6.438226491332707
-6.438225863258922
-6.438225277769503
-6.438224663293803
-6.438227033542312
-6.438226531918347
-6.438226275610998
-6.438226166146089
-6.438225760915717
-6.438227891406435
-6.438227237545198
-6.438226860031678
-6.438226571199008
-6.438226045166946
-6.43822619412581
-6.438225508324968
-6.4382254375525045
-6.438225712629571
-6.438225469757116
-6.438225448457371
-6.4382254658942495
-6.438225625534588
-6.438225510107154
-6.438225856893616
-6.438225204014616
-6.438224928139161
-6.4382266622886215
-6.438226166118152
-6.438227253263408
-6.438226771046691
-6.43822627863803
-6.438225612267032
-6.438224964845706
-6.438225325100384
-6.438225165220988
-6.438224501086429
-6.438224315354088
-6.438224656645701
-6.438224055082162
-6.43822572837448
-6.438225092456511
-6.438226713060285
-6.438226274930109
-6.438226246338226
-6.438226526574341
-6.438225887410587
-6.438225245520113
-6.438225536061991
-6.438226134064237
-6.438226105569608
-6.438225922959508
-6.438226484929854
-6.438225900608222
-6.438226510911623
-6.438226196430004
-6.438225753185552
-6.438226166620325
-6.438227353650921
-6.43822669168025
-6.438226542793932
-6.438225934557983
-6.438226313770935
-6.438225662895484
-6.438226456454123
-6.438226514093751
-6.4382262112900195
-6.438231017438703
-6.4382312508467745
-6.438230715764786
-6.438230965311719
-6.438230338308209
-6.438230248162385
-6.438229697319274
-6.438229124050788
-6.438228489297447
-6.43822882575374
-6.438230026364108
-6.438229411498692
-6.438229771217818
-6.4382296067080125
-6.438229421131257
-6.438229283220513
-6.43822910972499
-6.438228978207768
-6.438228762085894
-6.438229302087957
-6.438229013346214
-6.438228778211592
-6.438228111026583
-6.438227477300015
-6.438228671608865
-6.438228306206486
-6.438229196806843
-6.4382301306610445
-6.438229738571195
-6.438229235050435
-6.43822877833258
-6.4382289909455555
-6.438228453172794
-6.438227856060341
-6.438227504846827
-6.4382271974494305
-6.438226793721279
-6.4382262101911305
-6.438226630782378
-6.438226014673861
-6.438225339034017
-6.4382251952708485
-6.43822494470144
-6.4382259206820525
-6.438225581922725
-6.438226958781191
-6.43822678224116
-6.438226745894545
-6.438226274946034
-6.4382274631250045
-6.438226827763219
-6.438227121039496
-6.438226642710126
-6.438227097059296
-6.438226863601037
-6.438226439526798
-6.438226389040622
-6.438226539194119
-6.4382265603155755
-6.438227655005196
-6.438227385534583
-6.438230599528719
-6.438231034589054
-6.438230408584358
-6.4382303727677765
-6.438230036597354
-6.438229424925497
-6.438228792846871
-6.43822904006937
-6.438228496697285
-6.438227916944259
-6.438229923750385
-6.438229939761096
-6.438229413294772
-6.438228784050925
-6.4382298071700745
-6.438229750801268
-6.438231685786208
-6.4382317727871134
-6.438231586274111
-6.438230948098396
-6.43823079861501
-6.438230747498387
-6.438230237302502
-6.4382298774197055
-6.43822950831729
-6.438229156689621
-6.438229436103242
-6.438228905537376
-6.4382309721500794
-6.43823138742823
-6.438230793751751
-6.438230219420802
-6.438230003520322
-6.438229486936407
-6.438229656992609
-6.438229156889988
-6.438231233852851
-6.438231469296837
-6.438231463741784
-6.438231226275896
-6.438230698728368
-6.438231855953438
-6.438232425281626
-6.438232872570443
-6.438232233800526
-6.438231593869727
-6.438231214142795
-6.438231473485995
-6.438231027207259
-6.438231173723811
-6.4382313514235365
-6.438230976400998
-6.438230379800001
-6.438230313317545
-6.4382298322448905
-6.438230077664883
-6.438229519588922
-6.438228857046591
-6.438228331827956
-6.438229318203424
-6.438228868628979
-6.4382288968722925
-6.438228503938235
-6.438227952258234
-6.438229027233303
-6.4382293675676
-6.438230106924274
-6.438229935644422
-6.438230776096854
-6.438230124679677
-6.438229698544341
-6.43822904437283
-6.438229325758642
-6.438228911947714
-6.4382287714302375
-6.4382281486923105
-6.438227763155343
-6.4382284596249235
-6.438227854213636
-6.438227665609719
-6.438227402911565
-6.438227089860985
-6.438226434996982
-6.438225876829155
-6.438225556904834
-6.438225256640362
-6.438226278206228
-6.4382265410206525
-6.438226265072244
-6.438227475224667
-6.4382291573007775
-6.438228557277451
-6.4382279435786485
-6.438227516334551
-6.43822732237776
-6.438227286351513
-6.438227126059351
-6.438227703936848
-6.438228419019066
-6.438227829379772
-6.4382284406217
-6.438228046283389
-6.438227755067665
-6.438228227638769
-6.4382279478786115
-6.438228790573655
-6.438228823744115
-6.438228224910806
-6.438228855104204
-6.438228874644323
-6.4382284912345265
-6.438228239039589
-6.438228072814117
-6.438227700075729
-6.4382272440612045
-6.438226860624784
-6.438227326633959
-6.438226731397094
-6.438226131927893
-6.438227509963615
-6.438226890097162
-6.438226470982011
-6.43822613475623
-6.4382255442525
-6.438225244716039
-6.438225484857687
-6.438224859150431
-6.438224600879083
-6.438224297488129
-6.438223832978356
-6.43822330823514
-6.438223009863766
-6.438223304156262
-6.438222982494966
-6.438223618282385
-6.4382231826587315
-6.438224410160206
-6.438223896338238
-6.4382239087131685
-6.438223460641324
-6.438223756319702
-6.438223402610898
-6.4382234029697205
-6.438224287213983
-6.438223824174132
-6.438223960040031
-6.4382250680165445
-6.438224462620054
-6.438224959400507
-6.43822439769224
-6.438223965796131
-6.438223347855554
-6.4382227828562
-6.43822256185728
-6.438222048139875
-6.438222255918994
-6.438222579242389
-6.438222137533654
-6.438222032790848
-6.438221419085498
-6.43822132722386
-6.438221852036097
-6.438222104738567
-6.438222195022923
-6.438221730558067
-6.438222141237121
-6.4382224292984445
-6.438222153221126
-6.438221506493089
-6.438221365343918
-6.438221532453434
-6.438221066840737
-6.438220459740872
-6.4382207056970815
-6.438220585308711
-6.438220090976724
-6.438221076417127
-6.438220529598645
-6.438220320665038
-6.438220272948146
-6.438219858019086
-6.438220957617902
-6.438221995371362
-6.438222549188897
-6.43822297498741
-6.438222464373223
-6.438222285833668
-6.438222047462653
-6.43822267654249
-6.438222223786493
-6.438221664255325
-6.43822259051524
-6.43822196133743
-6.438222050228512
-6.4382214872971675
-6.43822084482447
-6.438220357826303
-6.438220324200507
-6.4382197671545685
-6.4382191414365915
-6.438219044202894
-6.4382198053495365
-6.438219687401892
-6.438219461228696
-6.438219169989486
-6.43821950124957
-6.43821945000563
-6.438218865059939
-6.438218752072417
-6.438218128666964
-6.438217795592757
-6.438217219197629
-6.438216615226782
-6.438216072523585
-6.4382158951438875
-6.438215402130984
-6.438214790484222
-6.4382141688368
-6.438213562129759
-6.43821441663006
-6.43821382009106
-6.438213470890398
-6.438212859041266
-6.438212480259603
-6.438213175346821
-6.438212629353385
-6.43821314777145
-6.438212791499241
-6.438213707425801
-6.438213922508767
-6.43821334029119
-6.438213398587627
-6.438214994353554
-6.438214794992446
-6.438214649290575
-6.438214659350981
-6.438214398888337
-6.438214643944939
-6.438215503605053
-6.4382150942181156
-6.438216044671332
-6.438215436486016
-6.438217575682702
-6.438217040518307
-6.438217250181476
-6.4382168194987095
-6.438216198026215
-6.438215758042637
-6.4382159306830715
-6.438215362334553
-6.43821481740037
-6.438217117425318
-6.438220283941944
-6.43822005123744
-6.438220974268076
-6.438221732706706
-6.438221344468708
-6.438220793038001
-6.438220381007193
-6.438220691062066
-6.438220076569293
-6.438219952637601
-6.438221044274004
-6.438221073264745
-6.438223513157125
-6.438223345877676
-6.438223267159948
-6.4382229967107385
-6.438222469066236
-6.438222016001233
-6.438221865073161
-6.438221287670431
-6.438220667219856
-6.438221254557607
-6.438221366869418
-6.4382207844432635
-6.438220392051553
-6.438220188978174
-6.43822019664129
-6.438221887305227
-6.438221488002209
-6.438224732847349
-6.438224556247419
-6.438224265022551
-6.43822363802218
-6.438223108461713
-6.438222944890402
-6.438222601474973
-6.438222332733303
-6.4382219849504585
-6.438223509905468
-6.43822326609586
-6.43822343341396
-6.438223102622862
-6.438222522071986
-6.4382222596595975
-6.43822262756437
-6.438222410238998
-6.438221858279856
-6.438222529989114
-6.4382232110137965
-6.438223123184814
-6.4382225553819525
-6.438221940686809
-6.438221537713536
-6.438220982703979
-6.438220606803105
-6.438220989451581
-6.438220827967236
-6.438220414796482
-6.438220481772761
-6.438221037008967
-6.438222293101641
-6.438222136354957
-6.4382230526121305
-6.438222532910202
-6.438222342893511
-6.438222003945421
-6.438221863819771
-6.438221717278461
-6.4382220600580204
-6.438221718380946
-6.43822156609675
-6.438221424505983
-6.4382211744492
-6.438220649566132
-6.438224686027474
-6.438224453006807
-6.438225011943893
-6.438224558716005
-6.43822523607794
-6.438224730643609
-6.438225705447603
-6.43822607449041
-6.4382257496573
-6.438225888108399
-6.438225896527139
-6.438225639083412
-6.438225391123259
-6.438224868970748
-6.438224298051544
-6.438224036659063
-6.438223861965976
-6.438223533267815
-6.438223259481048
-6.438223616914722
-6.438225805605254
-6.438225368833436
-6.438225628502462
-6.438225337873129
-6.438224735541696
-6.438224965752397
-6.43822443753454
-6.438223980790982
-6.438223591819104
-6.438223830690666
-6.438224834843336
-6.4382243975946025
-6.438224439102022
-6.438224573340216
-6.438224186711822
-6.4382235652714055
-6.438223980297952
-6.43822345649549
-6.438223216262524
-6.4382228214042385
-6.438222745382893
-6.4382223169514035
-6.438221836559264
-6.438221356128869
-6.438220865341412
-6.438221159810434
-6.438220894163634
-6.438222644818523
-6.4382221298228615
-6.4382215703277925
-6.438221956487208
-6.438221506748544
-6.438222011940462
-6.438222261048761
-6.438221713848883
-6.4382211247532455
-6.438220505873872
-6.438220015029847
-6.438219574962099
-6.438219463226919
-6.4382191662666
-6.4382191437982295
-6.438218687290026
-6.438218090333078
-6.438217676348692
-6.438217393374536
-6.438218428959843
-6.4382179082533435
-6.438217840327003
-6.438219516106806
-6.438219001620081
-6.438218666396505
-6.438218327339981
-6.438218298498632
-6.438218335006448
-6.43821809976699
-6.438218439305464
-6.438218762378617
-6.438218350468109
-6.438217926350979
-6.438217762340609
-6.438217525509456
-6.438217122662452
-6.438216894879651
-6.438217920742663
-6.438217310400839
-6.438217528821297
-6.438217085484737
-6.438216873385572
-6.4382182417959655
-6.43821766314139
-6.4382178132297
-6.4382180296171505
-6.4382180499254344
-6.438217701772603
-6.438217564083141
-6.4382172113666005
-6.438216853876555
-6.438216377142431
-6.438217517218291
-6.4382170350340076
-6.438216874389085
-6.438216357633105
-6.438216016724048
-6.438216207428771
-6.438216685798231
-6.438216148953284
-6.438216627631114
-6.438216796322807
-6.438216187625649
-6.438215907125118
-6.438215620419362
-6.43821587346185
-6.438215351547149
-6.438216625668877
-6.438216938311405
-6.438216615374225
-6.4382172044844586
-6.4382182352813615
-6.438217643797895
-6.438217859984303
-6.43821729022495
-6.438217922682881
-6.43821756067537
-6.4382170210156
-6.43821646917568
-6.438215972679046
-6.438215723971779
-6.438215761642495
-6.4382151624909145
-6.438215397316419
-6.438215175163333
-6.4382145869273115
-6.438214414257032
-6.43821497697274
-6.438214663405649
-6.438214553216112
-6.438216063984118
-6.438215487172301
-6.43821552222308
-6.438218075362726
-6.438217784023614
-6.438217381219275
-6.438216958157723
-6.438217388442124
-6.438220255426846
-6.438219667150016
-6.438220872301603
-6.438221854750734
-6.438222867813391
-6.438222424517373
-6.438222555318359
-6.438223639408743
-6.4382236507549155
-6.438223657259638
-6.438223387161941
-6.438224442937343
-6.43822412295229
-6.438224511633885
-6.438225213857149
-6.438224662796902
-6.438224815123131
-6.438225262893375
-6.438224734514025
-6.438224175588694
-6.438223682774776
-6.438223643241785
-6.438223283863596
-6.438222874130358
-6.4382225505396375
-6.438223277441067
-6.438223167219995
-6.438222650690487
-6.438222066285011
-6.438221860541085
-6.438221325604973
-6.438221156577654
-6.438221257319735
-6.438222463146757
-6.438222076936781
-6.438221583885397
-6.4382217271397035
-6.438221988621319
-6.438222339227221
-6.438223087098928
-6.438222544841543
-6.438221969860817
-6.43822160823431
-6.438221108776651
-6.438221594114575
-6.438222040083108
-6.4382220474344445
-6.438221695147231
-6.438222943978715
-6.43822243802104
-6.4382218764400925
-6.43822199623056
-6.43822253287812
-6.438222537131727
-6.438222208174516
-6.438221956521671
-6.438223545752711
-6.438224031070796
-6.438223670983003
-6.438223390005721
-6.438222855245392
-6.4382226300048915
-6.438223296261503
-6.438223554752585
-6.438223589870352
-6.438223398530634
-6.438223019913822
-6.438223000303836
-6.4382225686061725
-6.438224209835797
-6.438225805795467
-6.43822522825769
-6.438224873600664
-6.438225096866013
-6.438224934784416
-6.438224592185994
-6.438224014140456
-6.438223472108548
-6.438222879212529
-6.438223163128427
-6.4382238805983105
-6.438223854222956
-6.438223625783045
-6.438223512191235
-6.4382229952545265
-6.438223587886693
-6.438224138494103
-6.438223802284125
-6.438224357359901
-6.438224219827058
-6.438224250106147
-6.438224303567946
-6.438223967489428
-6.438224321904154
-6.438223960871457
-6.43822344368723
-6.438222899867963
-6.438223843605535
-6.438223547162502
-6.438223063153345
-6.438222742060358
-6.438223531596563
-6.4382235795698
-6.4382230879155085
-6.4382226629026595
-6.438222433252636
-6.438222161910708
-6.438221691412307
-6.438222341928356
-6.438222144576311
-6.438222301371316
-6.438222907589001
-6.438222768715933
-6.438222517704899
-6.4382222627166685
-6.4382231588723045
-6.438223280805185
-6.438223068330218
-6.438222986202147
-6.4382230053267016
-6.438222609292136
-6.438222538237317
-6.438222269147422
-6.438222109528528
-6.438221750334354
-6.438221271464242
-6.438220874053992
-6.438220284003478
-6.4382223872132185
-6.438221807040936
-6.438221678372935
-6.438222011646348
-6.4382214748072855
-6.4382211953458635
-6.438220611164813
-6.438221102230359
-6.43822155549011
-6.438223546971173
-6.4382238621979315
-6.438223387780513
-6.43822354121332
-6.438223276435009
-6.438223320722924
-6.438222760443292
-6.4382224410789295
-6.438226215917511
-6.438225881627754
-6.438225458043233
-6.438225208626854
-6.438225431798853
-6.4382255524936145
-6.438225324898494
-6.438225362418433
-6.438225030828283
-6.4382248001962115
-6.438226353977961
-6.438227344263937
-6.4382274464412905
-6.438227128720312
-6.438226949808856
-6.438226910356725
-6.438226336070408
-6.438226034821978
-6.438226453149094
-6.438226207041475
-6.4382266337543355
-6.438226293208135
-6.438225770543316
-6.438226231226477
-6.438225913762784
-6.438226311783313
-6.438225938445233
-6.43822671130086
-6.438226213743179
-6.438225851032558
-6.438226146246114
-6.438225711824059
-6.438225513360264
-6.438224998926895
-6.438224471429011
-6.438224155852598
-6.438223684780033
-6.438223267811939
-6.43822310365544
-6.438224207365637
-6.438224088276422
-6.438223679636295
-6.438223130689155
-6.438222617434945
-6.4382228021000385
-6.4382228681438605
-6.438222421967019
-6.438222213450756
-6.438221838460471
-6.438221264127561
-6.438220800239896
-6.438220310426261
-6.438220618883451
-6.438220604381808
-6.438220379840235
-6.438219960665346
-6.438219738903038
-6.43822084082304
-6.438220880512968
-6.438220482013899
-6.438220160143483
-6.438220839893273
-6.438220315654237
-6.4382205608370064
-6.438220126838389
-6.438220146356782
-6.438220162050713
-6.438219592090001
-6.438219149865376
-6.438219252811892
-6.438219593309595
-6.438219171763492
-6.438218604859247
-6.438218274209904
-6.438218972931281
-6.438219051242109
-6.438218557034109
-6.438218956357914
-6.438218424125374
-6.438218348827022
-6.438218104377697
-6.438218069843031
-6.4382177212590594
-6.438217442603544
-6.438217325641052
-6.438216791125447
-6.438216981105835
-6.4382165412565895
-6.438216156795197
-6.438215582247843
-6.438215490356856
-6.43821560870455
-6.438215125756297
-6.438214955069435
-6.438214588128227
-6.43821414189094
-6.4382148286015095
-6.438214512291399
-6.438214445080768
-6.438214398400575
-6.438214173200769
-6.438214067922913
-6.4382144041124505
-6.438214347715611
-6.438214699593405
-6.438214748987615
-6.438214417760286
-6.438214030686021
-6.438214327191156
-6.438213814477032
-6.43821392742218
-6.438213645369628
-6.438213351491672
-6.438212882650133
-6.438212940137768
-6.438213043229021
-6.438212696653433
-6.438212388068586
-6.438212027819671
-6.43821186031427
-6.438211902943256
-6.438211943839228
-6.438211963559004
-6.438211431614328
-6.438210953518556
-6.438210715415728
-6.438210161861789
-6.43821064706569
-6.4382123055384985
-6.438211870831499
-6.438212315059265
-6.438212375583253
-6.438212068809588
-6.438211595424881
-6.438212499311988
-6.438212000938289
-6.438211764251624
-6.438212288970175
-6.438213519206302
-6.438213069128142
-6.438212553273858
-6.438212310765589
-6.43821499642694
-6.438214924778884
-6.4382147163409345
-6.43821455172339
-6.438214051587825
-6.438214508894024
-6.438214415818583
-6.438214495866274
-6.43821494270778
-6.4382145304061735
-6.438214099825659
-6.4382136224507125
-6.438213830133392
-6.438213643913166
-6.438214178652742
-6.438213631879582
-6.4382140250323365
-6.438213573197981
-6.438213239253605
-6.438213004141398
-6.438212766554042
-6.43821308854424
-6.438212872960074
-6.438212457700908
-6.438212151939147
-6.438211586837894
-6.4382116075423905
-6.4382114138138675
-6.438212267096964
-6.438212165453791
-6.4382119998169065
-6.438211558197129
