Cumulative Canonical Ensemble Energies at T*=1
-6.477191511708043
-6.2427042847309835
-6.121778386053298
-6.044633819680816
-5.989732454890273
-5.933129581599327
-5.9114986207714955
-5.894546976747512
-5.874805589034286
-5.859248937693684
-5.842907854091721
-5.8278299900080555
-5.814254123703069
-5.812878955451308
-5.80753256182116
-5.804904345040522
-5.809061419785907
-5.809443908848431
-5.810108672413264
-5.806068904688856
-5.803571091114986
-5.798880407791694
-5.795125518625444
-5.797998665925964
-5.79926775881252
-5.797938087580665
-5.79657525921888
-5.796235484394672
-5.795838238441039
-5.79413212277776
-5.794799283290237
-5.793567166721956
-5.792942195201536
-5.793838553159494
-5.79472958681276
-5.796892699882434
-5.796114742490916
-5.796195063099894
-5.798134034437158
-5.796525143996652
-5.796462372901781
-5.797736409569178
-5.79812303148989
-5.796119271592664
-5.795942471624254
-5.7947491528278725
-5.792442283341827
-5.792582754571878
-5.792111313717869
-5.78889685516244
-5.786569844722612
-5.7867785657345525
-5.785294822657059
-5.784795556487271
-5.786020892016071
-5.787732006260724
-5.789447939054072
-5.79102831252949
-5.792077523324211
-5.791054021501866
-5.791042140991155
-5.7916084658145826
-5.793593907221763
-5.795553922070425
-5.796186501549193
-5.796175298546666
-5.79595385631939
-5.795627968651666
-5.795681063672724
-5.795795716796439
-5.7963154224043665
-5.7973514556867745
-5.797687854741236
-5.798168444027844
-5.798398775526272
-5.796934809419025
-5.796360122748193
-5.7966725129404795
-5.795771239996932
-5.795526098867267
-5.795099431018148
-5.794690472767054
-5.793912194200042
-5.79577986564648
-5.797364055447703
-5.797348933419505
-5.797296659832257
-5.798153798153231
-5.800025013980834
-5.800517248079912
-5.800122522336696
-5.800446006077278
-5.800367261218905
-5.800457212011207
-5.801074489703793
-5.801564444435209
-5.801252879354098
-5.80154257090984
-5.801246934090818
-5.800843821821789
-5.800044689321019
-5.799535706884623
-5.798953535858495
-5.798782436147131
-5.799513986190124
-5.800021545034306
-5.800451131241667
-5.800703318978423
-5.801456754127007
-5.80101101618858
-5.800113755619267
-5.799960231891712
-5.799675520907339
-5.799291320286429
-5.798169989163732
-5.797655877577197
-5.79752498742863
-5.796907727899876
-5.796721291536543
-5.796232781612438
-5.796415291466412
-5.796398775217904
-5.796674497702115
-5.796870585911358
-5.797276418864372
-5.797175694743071
-5.797107220510025
-5.796525094591287
-5.79714177674697
-5.796858539253932
-5.797587533329584
-5.797626587842739
-5.79785053242039
-5.79813216682582
-5.7975939432035
-5.79788837684504
-5.798305811026274
-5.798698275281943
-5.7984620005726315
-5.798875699687695
-5.799881566502339
-5.800099451489729
-5.800109186908794
-5.800691035129107
-5.8014534303630105
-5.80182666304293
-5.802269366201824
-5.8036359541116385
-5.804508422826197
-5.805121523766757
-5.80629943397452
-5.806673982410498
-5.807332183377885
-5.808776883070641
-5.80944589660104
-5.8100916335623864
-5.811005442908488
-5.81165849491824
-5.811901779439363
-5.8123030423980815
-5.812724691390433
-5.812530223281548
-5.813277141678221
-5.813489093395389
-5.813601006789599
-5.8142050369598755
-5.815031937782228
-5.815793963531486
-5.816477473572073
-5.816966821869959
-5.817736504873129
-5.8186239388285985
-5.819011041449321
-5.819710097523548
-5.820287310768337
-5.820515370516716
-5.821184750563117
-5.821874480306698
-5.822547626879461
-5.82286882118345
-5.8234449381863405
-5.82373983592106
-5.824055941399841
-5.824483257521112
-5.825141916501829
-5.8260265030164895
-5.826473931953387
-5.826880025981255
-5.827088687721169
-5.827593200130415
-5.8278590032806905
-5.827737291125778
-5.828167923336492
-5.828583549745088
-5.829060239696204
-5.830044587572417
-5.831270287890107
-5.832009811451687
-5.83196402585422
-5.832072945080812
-5.832270746498753
-5.832155278472087
-5.832139560908897
-5.832375730464164
-5.832325311989388
-5.8322196472499135
-5.832231520824982
-5.832836851730909
-5.833349602964741
-5.834037263993598
-5.834029402603003
-5.834129581651449
-5.8344451839616935
-5.834696535614831
-5.835151481305326
-5.835553172628163
-5.835948612007152
-5.836559595139556
-5.8369470437103885
-5.837635468517745
-5.837891340457922
-5.838213836188781
-5.839002587290533
-5.8395721068002615
-5.840060879656295
-5.840672512812472
-5.8414097339578985
-5.8418859815664845
-5.842281176337724
-5.84217862649065
-5.842303769252904
-5.842630895000607
-5.842917646102044
-5.843454481179633
-5.843907628707556
-5.844215220583845
-5.844961995894893
-5.845378050866462
-5.8456966910159345
-5.845516854778579
-5.845428990098385
-5.845233098435996
-5.845440067019309
-5.845711932618904
-5.846142241633736
-5.846323659147467
-5.846377730306211
-5.84651806878001
-5.846543578859607
-5.846733734328919
-5.84716917688322
-5.847508845584579
-5.848014713235165
-5.848255530941172
-5.848870323190541
-5.849076009835477
-5.849493572733988
-5.849940873555071
-5.850559052166511
-5.8507836072330335
-5.851171951036235
-5.851246565213962
-5.851382265194173
-5.8518427625171565
-5.852003998659903
-5.852528970938182
-5.853055458070394
-5.853434412218674
-5.853831083801953
-5.854526369702408
-5.855247797078818
-5.855808692233371
-5.856404766588631
-5.857053600531729
-5.857264941478167
-5.8576427848180055
-5.858079242411995
-5.858525654816996
-5.858738682164455
-5.859122320778648
-5.860002252453728
-5.860416167217979
-5.860923929901185
-5.861437482696519
-5.862170484729585
-5.8626324014787246
-5.863630090926444
-5.864212257739746
-5.86473963692416
-5.865533401292351
-5.866217173321729
-5.866947285442697
-5.867628078320749
-5.8680085634450645
-5.868560602073643
-5.8687680480227895
-5.869088554923763
-5.869342926313171
-5.869707922288962
-5.870203746063603
-5.870829836789413
-5.871346157031442
-5.871659227269889
-5.8718669834357495
-5.872134257384383
-5.872519911597236
-5.8728057467503145
-5.873210574680929
-5.8732752314903465
-5.873611505868898
-5.873775735599872
-5.8738779178689455
-5.874004150032123
-5.874255941885742
-5.874262039392296
-5.874412797913037
-5.874621525095884
-5.875020797177248
-5.875137047444308
-5.874941844299609
-5.8749775121726495
-5.8749430720486
-5.8750484885759535
-5.8750320777156695
-5.875202432566556
-5.875492435727421
-5.87572978278068
-5.875839738132735
-5.875761692515181
-5.875965681666659
-5.876167782099772
-5.875982508307997
-5.876148816724388
-5.876136353390386
-5.8763426085508605
-5.876617356369486
-5.876927657600493
-5.876905604708169
-5.877065148643263
-5.877189368465961
-5.87706468018324
-5.8768805028922815
-5.877059312720131
-5.877500373155297
-5.877581521283996
-5.877668215966731
-5.877696977529079
-5.87764611669449
-5.877971048578509
-5.878098205357222
-5.8781495411760085
-5.878463775442383
-5.878667873341961
-5.879077967325
-5.879262225241901
-5.879528043124831
-5.879680361074583
-5.879824864690411
-5.879894960106961
-5.880003055150217
-5.879883219632469
-5.879709553175953
-5.8795252500156
-5.879536460183689
-5.87963095385104
-5.879667378031243
-5.879711197848197
-5.879656041413685
-5.879875135532208
-5.880177621158576
-5.880478282025145
-5.880694297235599
-5.88107650340523
-5.881470559110167
-5.8816164415070125
-5.8819873370446745
-5.881940668791237
-5.881807142229908
-5.881920830616009
-5.882178422018745
-5.8825090179920725
-5.8825674163076505
-5.88305211192367
-5.883707396890803
-5.884009492468472
-5.884355058877469
-5.884765092008995
-5.8853388224775784
-5.885608563000622
-5.885923012488949
-5.886528780922474
-5.88698859998647
-5.887397871696882
-5.887585836606196
-5.887772374065758
-5.887902114349093
-5.888208663946942
-5.88862196169247
-5.888832817178856
-5.889026536488085
-5.889223748183798
-5.889549579344368
-5.889725007702508
-5.889911024228635
-5.890060677629863
-5.89020179252792
-5.890196180640351
-5.890157894569266
-5.890385705760057
-5.890587791959277
-5.890834060718187
-5.891247266524174
-5.891444964903142
-5.891660645253131
-5.891890109003609
-5.892050129344998
-5.892483579958428
-5.892672500821323
-5.892691417620667
-5.892737691831993
-5.893028324484599
-5.893152534816907
-5.893331730083378
-5.893611593568777
-5.893995171804709
-5.894435003135402
-5.894794998624811
-5.895300392507983
-5.895557620558472
-5.895719886923417
-5.896132958193659
-5.896303554578058
-5.896618854343788
-5.896837987960219
-5.896865829631593
-5.897121702856457
-5.897565933191538
-5.8978828041893605
-5.8983451464759735
-5.898532036096912
-5.898772237347851
-5.8991126294901814
-5.8991927937719915
-5.899488628473911
-5.8994241683529385
-5.899472941763329
-5.899583076667415
-5.899752614760095
-5.89991608757374
-5.900047114239599
-5.900203160234483
-5.900359584888582
-5.900397557122265
-5.9005311058299945
-5.900642160768539
-5.900639866578562
-5.900711296077804
-5.90095814054021
-5.901277436802607
-5.901461723980606
-5.901828426206155
-5.902337427350124
-5.902646236697763
-5.902775328377856
-5.90285220911373
-5.903051721369754
-5.903300053977
-5.903334731250899
-5.903645558635582
-5.90364387771697
-5.903727155290054
-5.903832451390466
-5.903961000097076
-5.904233319125601
-5.9045094364159505
-5.904713736962567
-5.904923842492574
-5.9050924767901405
-5.905140425158253
-5.90544175717091
-5.905732994270184
-5.905919085612613
-5.90603454155085
-5.906211773863581
-5.906454083329351
-5.906603859178662
-5.906676790656539
-5.9067261917490175
-5.906876410297238
-5.907178644359139
-5.907295435838634
-5.907414575094584
-5.9075154000798396
-5.907721009792272
-5.907847652262029
-5.908023433284912
-5.908122193849599
-5.908230557301756
-5.908538637348244
-5.908884712414307
-5.90934900240581
-5.909863255178932
-5.910352826574928
-5.910519999012091
-5.9106958545685355
-5.9107762081127
-5.910868028779764
-5.911053919674797
-5.911083066210567
-5.911227623461561
-5.911388038267746
-5.91150514856972
-5.911629040770753
-5.911913836299721
-5.912325202032014
-5.912719241383051
-5.912854885244797
-5.912992180734013
-5.9132742452012
-5.913618219923402
-5.913801030213912
-5.913908395598462
-5.914224673293606
-5.914493024917375
-5.914790298941625
-5.915107056705843
-5.9153925963407925
-5.915497888821224
-5.91570503323092
-5.915746618324503
-5.91570906849815
-5.9159431748508515
-5.916269752577332
-5.916504057576492
-5.916847252276081
-5.916967529263057
-5.917252218784732
-5.917609054016726
-5.917827419094934
-5.918025225317176
-5.918035521516632
-5.918227685882042
-5.91841314158324
-5.918659733552794
-5.918850709759943
-5.918993606609189
-5.919235734587595
-5.919365843336748
-5.9196014549877995
-5.919641392605486
-5.919855748524434
-5.919978100573341
-5.920067571409341
-5.9202317136009235
-5.9204956704314435
-5.920608034639063
-5.920743081683738
-5.9209635341890445
-5.921182972433673
-5.921335529956197
-5.92152581572421
-5.92163714409752
-5.921868186686813
-5.922194321108164
-5.922446696969962
-5.922601363606784
-5.9227149593427
-5.922944107882988
-5.923202646234116
-5.923318664662585
-5.923568030294606
-5.9237970523659635
-5.923977863844246
-5.924173610543674
-5.924243566284725
-5.9243852271334445
-5.924514854884081
-5.924723007270047
-5.924917227087656
-5.925093024758869
-5.925384468471789
-5.925459195612521
-5.925636358611318
-5.925720245701677
-5.925917655093482
-5.926002942531315
-5.925972548213212
-5.926004928863775
-5.926010336062491
-5.926086921486695
-5.926266008727974
-5.926436073114488
-5.92653833833601
-5.926676771511997
-5.926651883663259
-5.926733836523156
-5.926849459441042
-5.926935343939348
-5.927013409331172
-5.9271418496669455
-5.927158545854388
-5.927134694851827
-5.9272503257087905
-5.927492142305838
-5.927657805163759
-5.92774898529936
-5.927855525262004
-5.927940498654719
-5.928059050889992
-5.9281827980584465
-5.92830886227551
-5.928512431382508
-5.928534943746336
-5.928714437624776
-5.928912519396467
-5.929058625450715
-5.929079839337926
-5.92926517188474
-5.929542396744882
-5.929708740725016
-5.930022764887966
-5.930171462887906
-5.93031792392191
-5.930744585198357
-5.930999527811087
-5.931201656781743
-5.931437393571397
-5.93172972989863
-5.932096891056476
-5.932363649909039
-5.932721969095698
-5.933105160953687
-5.933378144820837
-5.933587056139326
-5.9338364682291465
-5.934044866287821
-5.934169607504763
-5.9344239025590015
-5.934482199112144
-5.934723009780533
-5.934938007704668
-5.9351301723452075
-5.935385849342374
-5.935605544659071
-5.935837877019237
-5.936067270257243
-5.936281113985998
-5.936505526122005
-5.936674616904781
-5.93680909144241
-5.936889481369756
-5.937125646925413
-5.93723935875607
-5.937406618985378
-5.937659591951091
-5.937815655012544
-5.937874452770453
-5.9379295098682165
-5.938072432929302
-5.93823200667583
-5.938309633637368
-5.938457008972616
-5.938499765060232
-5.9386997652863105
-5.938835467232845
-5.938913181286844
-5.9391447966036095
-5.939346906079734
-5.9396799583329845
-5.939993259017668
-5.9402646935361245
-5.940616158110153
-5.9407830497880045
-5.940965633007218
-5.941240259092909
-5.94153935591026
-5.9417897514692894
-5.941946676279254
-5.942079250278528
-5.9424054136764495
-5.942618732091848
-5.94269171139293
-5.942977439450558
-5.94328141480814
-5.943563416333405
-5.943851065741932
-5.943952941364838
-5.944216177914234
-5.944540401054561
-5.944726441320264
-5.944875932165566
-5.945066835669784
-5.945259046922944
-5.945516806826273
-5.945621503844196
-5.94588115355563
-5.946136346179308
-5.946382319166076
-5.946582102378107
-5.9466013541067255
-5.946688753931834
-5.946905311680019
-5.947139999392696
-5.947377765430071
-5.947557170505193
-5.947819805130171
-5.948097130265793
-5.948362476449276
-5.948625506987998
-5.94890264080591
-5.949104782670382
-5.949208342677637
-5.949222145135931
-5.949402301915981
-5.949588364781837
-5.949714632135889
-5.949772551832718
-5.949918685647749
-5.949939128068338
-5.950099337898508
-5.95017912413009
-5.950190090037877
-5.950098945088157
-5.950029679382944
-5.950023832375088
-5.950099322921675
-5.950253139137531
-5.950442017250957
-5.950458239385924
-5.950576170444197
-5.9506739105588204
-5.950756352947113
-5.950838283833245
-5.951028050932776
-5.951119526433365
-5.9512628178815286
-5.951409042141971
-5.95148770849133
-5.9516239300581315
-5.951745843943794
-5.951850950794001
-5.9520073019511885
-5.952137902718319
-5.952055904104234
-5.952120911344745
-5.952369189200251
-5.952527584609142
-5.952693943952483
-5.952901275132824
-5.952976802470598
-5.952994152621517
-5.953104267222654
-5.953121075991213
-5.953221537576603
-5.95322177441802
-5.953348649406712
-5.953467803624039
-5.953550272888674
-5.953638123685304
-5.9537427816690185
-5.953830689140407
-5.953921083927004
-5.95396017264113
-5.953980573128672
-5.953985748979692
-5.954036880913951
-5.953963623662512
-5.9538930913467745
-5.95385786420583
-5.953908356738278
-5.954035916680163
-5.953981897149835
-5.954142981110723
-5.9541994804614795
-5.954268398071319
-5.9544366363056165
-5.95469853725855
-5.954895014686665
-5.955020296753653
-5.9551797582561115
-5.955400845567251
-5.955411086812141
-5.9553926099952
-5.9552989749724325
-5.955159339926992
-5.955337894850999
-5.955461298948971
-5.955602186273069
-5.955823766345753
-5.956079081238717
-5.956259401172027
-5.956454163745183
-5.956664583066609
-5.956829437050677
-5.956809596290005
-5.9569389787284415
-5.957008393903873
-5.957030363319022
-5.957052541326271
-5.957106975464369
-5.957261807648809
-5.957359892600898
-5.957377568968077
-5.957379869976186
-5.957332302958181
-5.95725769290156
-5.957182058376805
-5.957298813469439
-5.957319867101225
-5.9574134082547285
-5.957588180601708
-5.957780835882287
-5.95795272291874
-5.958126200131263
-5.9583170139471635
-5.958479835800127
-5.958532316135908
-5.958749704013647
-5.9588629455863815
-5.958932808955005
-5.9589778797007416
-5.959112282699162
-5.959214907350402
-5.959350234889617
-5.9594503588772225
-5.959497138836431
-5.959573598817932
-5.959574639495733
-5.959713002629868
-5.9598377003061085
-5.95997310562112
-5.960096588478118
-5.960158856918118
-5.960149984941741
-5.960229852601562
-5.960300328351668
-5.960415500341992
-5.960569462494835
-5.96069824776337
-5.960875577403647
-5.960947680834777
-5.961141822614512
-5.961334922152
-5.961589503315754
-5.961792768421366
-5.961943398394058
-5.962122055322422
-5.96216409483087
-5.962253842884253
-5.96240267264932
-5.962566234101603
-5.962772629258531
-5.962962213000585
-5.963167918826204
-5.963461632728564
-5.963559609307582
-5.96363220709732
-5.96382736375951
-5.963931555250829
-5.964019967201682
-5.964153624307823
-5.964260818782322
-5.964355472812256
-5.964353879596274
-5.964375283230607
-5.9645990859268405
-5.9647131668987505
-5.96483587144737
-5.9650415021238
-5.965192036379093
-5.965293550119158
-5.965351726794492
-5.965391120162469
-5.965468173515557
-5.965467755663596
-5.965591780301771
-5.965641874167502
-5.965672241409475
-5.965820377037932
-5.965959134985203
-5.965980278559741
-5.966084174548764
-5.9661800083955345
-5.96607264313027
-5.966204584166302
-5.966196264302679
-5.966137548984132
-5.966191978162098
-5.966269969167923
-5.966311983798497
-5.966448945232506
-5.966532062007951
-5.966626178201818
-5.966676117201911
-5.966731967462002
-5.966759159818431
-5.966748799688654
-5.966807670321333
-5.9668773547917375
-5.966883124243437
-5.967027974505516
-5.967070846748495
-5.966999534358598
-5.96699085828931
-5.9669779822419375
-5.966978048139172
-5.967061036449882
-5.96716951235396
-5.967183446845528
-5.967206456163348
-5.9673352805222795
-5.967426111140364
-5.967552359031101
-5.967625560760054
-5.9677179128701185
-5.967845532106771
-5.96783961763393
-5.967867608342393
-5.967761290996427
-5.967778350163231
-5.967633859829306
-5.96745298321934
-5.967334815947221
-5.967159773398608
-5.967028763511679
-5.966880840749245
-5.966739277676559
-5.966747613529773
-5.966687684874913
-5.966530406055126
-5.966445221097302
-5.966420381946219
-5.966420208055426
-5.966361566003111
-5.966344529193742
-5.966352876755284
-5.966444140029731
-5.966499466353225
-5.9665980119691415
-5.966641464241411
-5.966714424244047
-5.966695777099919
-5.966718382543961
-5.966640505367554
-5.966598424640398
-5.96662541548613
-5.966724709363305
-5.966710087705347
-5.966710648309615
-5.966752900972417
-5.966762485660318
-5.966832186006614
-5.966913915899935
-5.966947736530746
-5.967021797595699
-5.967076172327756
-5.967119560976108
-5.967101645273829
-5.967184826041508
-5.967299746943015
-5.967408238095298
-5.967434065263822
-5.96744983119056
-5.967492259165543
-5.967595280351139
-5.967568381428574
-5.967540776889247
-5.967581565928024
-5.967606351457732
-5.967664476890309
-5.967653289075408
-5.9676747055242885
-5.967655564791462
-5.967696418823594
-5.967782173343915
-5.967897206582896
-5.967937802132316
-5.967954920968181
-5.968008712326448
-5.968086230107335
-5.968092521637894
-5.968162461743631
-5.968139200520831
-5.968190052903616
-5.968223847399031
-5.968254231291267
-5.968269681367213
-5.968196239624702
-5.968137819300704
-5.968151226963503
-5.968185625624524
-5.968137928705546
-5.968058187259408
-5.968115877091185
-5.968120297230788
-5.968029821229868
-5.967947206113622
-5.968010481386842
-5.967981768090813
-5.968016853277308
-5.9680443648311785
-5.968087845464513
-5.968163118457825
-5.9681391115208005
-5.96806237410986
-5.9680443531570315
-5.968137780563008
-5.968142690396821
-5.9682250552638445
-5.968250408662668
-5.968200321871544
-5.96816058998405
-5.968123534626676
-5.968080724555564
-5.9679520035345766
-5.967896234123742
-5.96780862744432
-5.9677313241842
-5.9677685333655255
-5.967731446938646
-5.96774631112812
-5.967822001081201
-5.967794440766203
-5.967878774022429
-5.967964548739297
-5.9680292708339575
-5.968066853608977
-5.967987200377164
-5.967801645219627
-5.967711249916173
-5.967633065955816
-5.967589234105076
-5.967555421423332
-5.967568408022048
-5.967605345770474
-5.967594475864921
-5.967588330960302
-5.967620468503656
-5.967574865750401
-5.967519958187384
-5.9675253925096285
-5.967552708357709
-5.967645324111033
-5.967658178158342
-5.967681118120665
-5.967656890598782
-5.967679324274928
-5.96772906313403
-5.967717802804301
-5.967657029665999
-5.967589224473556
-5.967541421089858
-5.967538094315536
-5.967515707949504
-5.9675152649958605
-5.967568595669975
-5.96758288479921
-5.96754345443773
-5.967463923776905
-5.967481745188852
-5.967485354270075
-5.967382843153898
-5.96729648499211
-5.967216005685852
-5.967217010228686
-5.9672295270979205
-5.96721242898101
-5.967194366885772
-5.966996634107791
-5.966932328860902
-5.966956998806863
-5.966994053968526
-5.966957900892624
-5.966907811990773
-5.9668823948342995
-5.966856182013299
-5.966829248443087
-5.966765092629232
-5.966678583881107
-5.966706912709149
-5.966504185815941
-5.966420077714205
-5.966397900561024
-5.966382449790241
-5.966296480041341
-5.966279715142205
-5.966278467194856
-5.966209998986398
-5.966176764823404
-5.966150126213246
-5.966204805339344
-5.966330416366336
-5.966318794333673
-5.966333983386703
-5.966398347044411
-5.966324977378519
-5.9662593348419515
-5.966222846788437
-5.966164757171192
-5.966130887437191
-5.966053967773799
-5.965992574860025
-5.965954162348697
-5.96594433875091
-5.965891074105529
-5.965894741109755
-5.965952211983304
-5.965962452519987
-5.965941359114638
-5.9659972659347025
-5.966038928237835
-5.966084887539457
-5.966202110561417
-5.966254982639908
-5.966288496673201
-5.966297983857753
-5.96633963354194
-5.966416114546725
-5.966389728477005
-5.966402707466298
-5.966454191936982
-5.9666722988858165
-5.9667527475600295
-5.966805473743521
-5.966928015871093
-5.966987156218279
-5.967029761009452
-5.967096596944399
-5.967177300917407
-5.96720087306941
-5.967206364038014
-5.967264654880765
-5.9672484479177275
-5.967336652504421
-5.967346441570161
-5.967331611505029
-5.967318035151722
-5.967343423404572
-5.967389971192264
-5.967395212110045
-5.967344270624292
-5.9673114317770874
-5.967275638453523
-5.967288711675254
-5.967290467611402
-5.96727598218276
-5.967336829203188
-5.967366314850057
-5.967420969494917
-5.967531457060244
-5.967719168106061
-5.967775010589251
-5.967795123264551
-5.967797754494275
-5.967822018721113
-5.967822043838682
-5.9678229245063505
-5.967823689246762
-5.9678069512787335
-5.967768921560941
-5.967761675005815
-5.967761807647762
-5.9677468176054695
-5.96772637269154
-5.967736860939402
-5.967753751615435
-5.967749876448506
-5.967804141678833
-5.967741848423665
-5.967753795407442
-5.967797795329888
-5.967761627897029
-5.967741949012836
-5.967675752584319
-5.9676331759351315
-5.967567837358104
-5.967510934144722
-5.967457963566029
-5.967426309615319
-5.967397385266899
-5.96733859907083
-5.967316794158394
-5.967313525797097
-5.967286362641332
-5.967205599148101
-5.967205825828831
-5.967223598858949
-5.967201137330234
-5.967191965269369
-5.967094896169082
-5.9670095988946175
-5.966987267465074
-5.966942503379715
-5.9669296805502015
-5.966917414447281
-5.9667733065190145
-5.966760962448554
-5.966674569441537
-5.9666512612477325
-5.966610781552068
-5.966520700263023
-5.966472194380845
-5.966470220793001
-5.966515489790377
-5.966536242816406
-5.966470949910352
-5.966419987190757
-5.966392336940571
-5.966359179118255
-5.966309713066856
-5.9662731721057085
-5.966281790241012
-5.966249288639335
-5.96624157590154
-5.966262236398689
-5.966318523908099
-5.966357285348797
-5.9664265199727895
-5.966438183807757
-5.96645519137547
-5.966511879369612
-5.9664971078140026
-5.966468140924859
-5.9665187392521215
-5.966516004565115
-5.966476211785836
-5.966412362692917
-5.9663167432338815
-5.966212109971824
-5.966148692136472
-5.966148534950925
-5.966091537772765
-5.966026291044505
-5.966001059340113
-5.9659353171903655
-5.965911474853263
-5.965896161351981
-5.965830780668888
-5.965792665097245
-5.965769707462249
-5.965766065488669
-5.965848256627259
-5.965961065077841
-5.9660264927501
-5.966120109344312
-5.966209402107228
-5.966268988599025
-5.966293960109055
-5.966359103400975
-5.966415630313045
-5.966418454781157
-5.966343753915551
-5.966435036252108
-5.9664567633603
-5.966543470104423
-5.966573378852904
-5.966611881280946
-5.966646567300902
-5.966701326568797
-5.966725638813181
-5.966744706777635
-5.966816130162482
-5.966861783448754
-5.96684968141895
-5.966857580397631
-5.966877634502185
-5.966887927613301
-5.9668350146675
-5.966817144696952
-5.966782497403477
-5.96677429683882
-5.966897334452786
-5.966918935348121
-5.966981242995669
-5.966989600103673
-5.967016723244855
-5.967053625655125
-5.967077159463613
-5.967075222174416
-5.967118249182292
-5.967217628357353
-5.967301659724045
-5.967323366286252
-5.967386954886478
-5.967432285933552
-5.967466851148143
-5.967566731444485
-5.967634910790117
-5.967722797297493
-5.9677525444070145
-5.967785240026789
-5.967782233700942
-5.967834264102308
-5.967827708460845
-5.967920457146783
-5.967957840396674
-5.968026587744568
-5.968062458137296
-5.968083214878483
-5.968088167311338
-5.968113537842141
-5.96820386875861
-5.96822482131391
-5.968261805148807
-5.968282743405775
-5.968313329359132
-5.968284271720976
-5.9682391048143755
-5.968192324279917
-5.968205321947336
-5.968219780039953
-5.968210974408431
-5.968226940582362
-5.968236533184284
-5.968342884148212
-5.968403410819038
-5.968457823881291
-5.968508171245212
-5.968502499121559
-5.96849063991136
-5.9684999686951965
-5.968572474387742
-5.968612814141598
-5.968597033127465
-5.968571539756139
-5.968539587722769
-5.968535594329114
-5.968636908593872
-5.968643769461199
-5.9686750320750726
-5.968545456117391
-5.968484196957585
-5.9684151777197085
-5.96835548759021
-5.968338375457011
-5.9682598957214354
-5.968231060592328
-5.968257742794071
-5.968347765156254
-5.968362013175021
-5.968425750659881
-5.968502217329209
-5.968501966140431
-5.968439976408421
-5.968395853533897
-5.968379761100122
-5.9683778380236605
-5.968361023262339
-5.968400160567703
-5.968447327193739
-5.968471531316735
-5.968481642401246
-5.968447615514509
-5.968466427584273
-5.968492592251724
-5.968535682558581
-5.968562126988378
-5.968559696606608
-5.968627891134058
-5.968707977805486
-5.968757384645822
-5.96879374364143
-5.968820831067626
-5.968823804876922
-5.968886843839533
-5.968942229628773
-5.969020905635111
-5.969117354916369
-5.969229248718453
-5.969321583576511
-5.969463749526338
-5.969537105511248
-5.969626854714776
-5.969705838670699
-5.969821071704704
-5.969877518291818
-5.969933782973974
-5.97002283782255
-5.970154299816062
-5.970189401896534
-5.9702682503486395
-5.97033237923259
-5.970400671662585
-5.970493614954763
-5.970527677649838
-5.970590177367181
-5.97068812622501
-5.970752572357538
-5.970705807277584
-5.970647183371696
-5.970656414447746
-5.970628992212847
-5.970661955325724
-5.970698677223587
-5.97070139075839
-5.970756044102662
-5.970835014942758
-5.970826851292244
-5.9708222616690305
-5.970865901813443
-5.970923720187655
-5.971008222541794
-5.971077686662257
-5.9711962750272125
-5.971263171662637
-5.971379343837397
-5.971528865245628
-5.971594622392375
-5.97164629488579
-5.971646174243941
-5.971686189263348
-5.971787892025283
-5.971792442871396
-5.971748953479283
-5.971767534112037
-5.9717915244486734
-5.9718123474277105
-5.971846249837454
-5.97189970484137
-5.971905461504653
-5.971880684747738
-5.9718444806046795
-5.971901728645194
-5.971919007778655
-5.9719395603695755
-5.971970112505405
-5.972012083447516
-5.972078886284017
-5.972136074654849
-5.9721919632810145
-5.9722926019898
-5.972319223931391
-5.972311726328332
-5.972278367379992
-5.972227950229691
-5.972189812751406
-5.9721953993436845
-5.972206939171054
-5.972276665603526
-5.972221401411958
-5.972241414143528
-5.972236862563865
-5.972263415554089
-5.972345280527768
-5.972412134418013
-5.972402839630654
-5.972376536245737
-5.972379046194414
-5.972358288081034
-5.972313975224221
-5.97233124707979
-5.972245726324538
-5.972231182088804
-5.97227273083938
-5.972263738279775
-5.972289947617571
-5.972293580016341
-5.972321027924406
-5.972372571741897
-5.972422206795604
-5.9723861790034825
-5.9723631705520654
-5.972377972831016
-5.972326018908342
-5.972389943546887
-5.972403467390274
-5.972461158673443
-5.9724567784816
-5.972482004851134
-5.972495867411504
-5.972527411630851
-5.972523126395535
-5.972554783783158
-5.972627710340538
-5.972664311697226
-5.972683048346968
-5.9727094512961845
-5.972715630034907
-5.9727234678304715
-5.972726694313768
-5.972790683845992
-5.972874638254858
-5.972900870453753
-5.972879075275881
-5.972858250269141
-5.972872314657977
-5.972922159698435
-5.9729678764678695
-5.9730340922172305
-5.97310741950123
-5.973157989343684
-5.973202236582972
-5.973211618455726
-5.973227760665311
-5.973231636469678
-5.973279099449099
-5.973275884045793
-5.973315497435683
-5.973352028301184
-5.973433938532034
-5.973442106314736
-5.973452952522546
-5.973390463823801
-5.9733798344313875
-5.973385367364083
-5.973404959217022
-5.973443887140411
-5.973396213329576
-5.973402636356908
-5.973354251311212
-5.973345107865294
-5.973337060213857
-5.973356082808355
-5.973399514513928
-5.973433829091514
-5.973439842305225
-5.973429189976725
-5.973355619530572
-5.9733238698680795
-5.973301607046162
-5.973330570880967
-5.973279425293501
-5.973284019920215
-5.973274106555677
-5.973299557745387
-5.973311712031917
-5.973305199311221
-5.973253021113131
-5.973236436742403
-5.9731511880673835
-5.973113199795887
-5.973064347527357
-5.9730947040252955
-5.973159484425131
-5.9732537695630095
-5.973278230805118
-5.973342596777973
-5.9734673053495
-5.97361265274274
-5.973622190297812
-5.973706687343097
-5.973742774825239
-5.973771675516181
-5.973779005568361
-5.973880649857003
-5.9739651339116016
-5.973998344560089
-5.974013198473582
-5.974010238637801
-5.973966800302527
-5.974012014873376
-5.974099950377454
-5.974108029129362
-5.974188315784961
-5.974247747247636
-5.9743415242895175
-5.974367843650113
-5.974412445021488
-5.97444870474347
-5.9744964496383375
-5.974561900170879
-5.974640058197993
-5.974696532266217
-5.974706821744346
-5.97473784116385
-5.9747322965532765
-5.974746469816643
-5.974784154134117
-5.974832962722949
-5.974843956296941
-5.974805150249902
-5.974750936740579
-5.974730681815015
-5.974779837430377
-5.9748289605353
-5.974842180102253
-5.9748405615128135
-5.974859200846992
-5.974884080419774
-5.974836140290801
-5.974793240012992
-5.9747525021602375
-5.974723193285292
-5.9746641878528735
-5.974572073547962
-5.974533405039398
-5.9745264074723545
-5.974482035988438
-5.974473511497453
-5.97451191249301
-5.974490326051809
-5.9745151017878415
-5.97451221703315
-5.974481444985561
-5.974441888187836
-5.9744338202787235
-5.974466829539406
-5.974507579750487
-5.97446596203025
-5.974420717188668
-5.974369197268911
-5.974324985932939
-5.97427928203653
-5.974214448900313
-5.974220829715656
-5.974259804891499
-5.974273101484919
-5.974287484435907
-5.974355250283397
-5.9744021608293085
-5.974410215087093
-5.974432029917724
-5.974420752756583
-5.9744375538754575
-5.974435943437764
-5.974411100935974
-5.974357923858703
-5.974271832822087
-5.974212752062229
-5.974167695457043
-5.974174777072956
-5.9741544978805905
-5.974156955141423
-5.974073281727815
-5.974002458282914
-5.973928216333803
-5.973812560810193
-5.973771595606828
-5.973688157366298
-5.9736168148001
-5.9735635859847775
-5.973514792445703
-5.973494499020069
-5.973423674232336
-5.973376073171658
-5.9733924642884215
-5.973395869892839
-5.9733437194773495
-5.973330447144264
-5.973389954398252
-5.973393725792768
-5.973409170120235
-5.973419655426076
-5.973396488491711
-5.973431871346276
-5.9734995663681625
-5.973556658848884
-5.9735846951851395
-5.973686916205798
-5.973703879088595
-5.973739350727639
-5.973839776488886
-5.973883386244706
-5.973917775618207
-5.973878886533143
-5.973879995041703
-5.97393103730752
-5.973957705876365
-5.973972928348702
-5.973957185811006
-5.973882240856942
-5.973869340867446
-5.973876222162078
-5.9739013389590765
-5.973963652999685
-5.973993360611494
-5.97401101412243
-5.974054958284131
-5.974086682546159
-5.974090361588629
-5.974200197194038
-5.974237566094362
-5.974275097153391
-5.974299673051985
-5.974322866387788
-5.974347782352441
-5.9743790840584445
-5.974405642864089
-5.974443302038368
-5.974478861900229
-5.974413454802988
-5.974392125237667
-5.974409409475953
-5.974421260639946
-5.974377646871407
-5.974448478671049
-5.97448798196178
-5.974507813918594
-5.974505256708315
-5.974591779124091
-5.974639190515352
-5.974681930203992
-5.974688893484593
-5.974690507595374
-5.974724955345529
-5.974752749871353
-5.974798398134732
-5.974785798020527
-5.97479418247643
-5.9748078990994244
-5.974785194247059
-5.97472279199917
-5.974728224792282
-5.974750571984126
-5.974765486226754
-5.974782327385553
-5.974783384965607
-5.974733404274963
-5.974755577171756
-5.97470093652935
-5.974743872260055
-5.9748145430092094
-5.974792230690316
-5.97479072018016
-5.974826501443874
-5.974813549860069
-5.974817970191657
-5.974782232159045
-5.9748041638531415
-5.974794346399542
-5.974753895375605
-5.9747485005005725
-5.974719122114391
-5.974705789835067
-5.974755763724868
-5.974752675020892
-5.974763979080804
-5.974774779029969
-5.974798905393253
-5.974830289743768
-5.974863039443958
-5.9749085561565645
-5.974946216865622
-5.975018378445169
-5.9750690160782165
-5.975088759842505
-5.975077553830548
-5.97507742630114
-5.975075808504297
-5.9750827132037
-5.975089145221
-5.975184009592714
-5.975214704329634
-5.97527961684726
-5.9753255393196305
-5.975339614646722
-5.975333042302966
-5.975364459501338
-5.975383697714057
-5.97540954617964
-5.9754595842628495
-5.975493641783431
-5.975454885503631
-5.975484822780516
-5.975416913761588
-5.975393893162832
-5.975397104674227
-5.97538265568937
-5.975404116476378
-5.975427516966435
-5.975474458524807
-5.975456674564247
-5.975357953125805
-5.975393937356197
-5.975408909717367
-5.975353517288064
-5.975303185507832
-5.975289353524711
-5.975267933629354
-5.975282587543557
-5.975268704256319
-5.975293096836061
-5.975307694884477
-5.975358329693254
-5.975402707859524
-5.975389071070697
-5.975407445508112
-5.975415558343856
-5.97538773054867
-5.97535460907457
-5.975360790921974
-5.97535739024039
-5.975350233622541
-5.97534022925937
-5.975264099494975
-5.975247120331638
-5.975210033104389
-5.975198040163471
-5.975117088105006
-5.975077151818894
-5.97509217462617
-5.9751075653128565
-5.975076254695636
-5.975095568789908
-5.975133308894356
-5.975172070268596
-5.975221163900119
-5.975206432089203
-5.975212719592898
-5.975262847942035
-5.975281884118375
-5.975275986238684
-5.975279739280813
-5.975268368826243
-5.97526429468171
-5.975241222721025
-5.9752460267370315
-5.9752138578848495
-5.975204414286847
-5.975161493609071
-5.975169338247427
-5.975159571943963
-5.975120215894617
-5.975071705318446
-5.975080664082269
-5.975119462665935
-5.975138028733765
-5.9751482598747305
-5.9752139903334935
-5.975232409529331
-5.97522497292415
-5.975251853985318
-5.975219178877636
-5.975264594853443
-5.9752304691024865
-5.975244550753888
-5.9752605023250895
-5.975279446253173
-5.975345405016356
-5.975352227165849
-5.975425814189617
-5.975426622458956
-5.975457287512285
-5.9754705820785015
-5.975478443689084
-5.9754930801771735
-5.975508155679295
-5.975483599674761
-5.975544102488206
-5.9755953903506205
-5.975632960207688
-5.975645673499142
-5.97569895132606
-5.97570026935899
-5.975697012456317
-5.975711880480959
-5.97576686327276
-5.975854840606132
-5.975850285031973
-5.975907315742925
-5.975982327969103
-5.976056805944956
-5.9760972562137376
-5.976152242014704
-5.9761208746451535
-5.976101137450478
-5.97611628570456
-5.9760887600861325
-5.9760664084474415
-5.976066597992772
-5.976089558617575
-5.976108264594345
-5.976088002485421
-5.976060426459638
-5.976054275347279
-5.9760908317316055
-5.976068431419186
-5.976034449853901
-5.975971983133013
-5.9759589057338935
-5.975889171958517
-5.975781821124528
-5.975749888973583
-5.975775485144083
-5.975785927556064
-5.975734215050742
-5.975674280615009
-5.975647713168584
-5.975663730636667
-5.9756665069927495
-5.97566983075324
-5.975672080153688
-5.975691268030813
-5.975723542737738
-5.975723490211059
-5.975716790115602
-5.975665232589327
-5.975638649196516
-5.975599909712937
-5.975638235196686
-5.9756570208912265
-5.975682198111978
-5.975705444655173
-5.975784729624389
-5.975811455161865
-5.975848676488961
-5.97590203188132
-5.975900848752089
-5.975943655348661
-5.975947125918197
-5.9759877863664705
-5.976014892286796
-5.976057378530667
-5.976093164797816
-5.9760996155204404
-5.976048286196957
-5.976061940488529
-5.976113069970208
-5.976178634947945
-5.976112964661687
-5.976056814751406
-5.976035911102188
-5.976046588394987
-5.976032071859659
-5.976018533335166
-5.976019274692519
-5.976081568909325
-5.976087388181985
-5.976079195393392
-5.97612247896558
-5.976124200846919
-5.976113807728599
-5.976046256544089
-5.976015166792645
-5.97593121781607
-5.9758995281342875
-5.9759027144713155
-5.97584559813862
-5.975852463038446
-5.975884989776882
-5.975858449566336
-5.975778702011946
-5.975728190169311
-5.975711214904661
-5.9756639964243
-5.975649337494923
-5.97561060753099
-5.975601451879775
-5.975549715110444
-5.975538493437203
-5.975576392452737
-5.975601147517429
-5.975616732768155
-5.975647709296236
-5.9756891555914295
-5.9757189400686315
-5.9757126293580445
-5.975694751876402
-5.975627685428803
-5.975615011987419
-5.975614888829126
-5.9756206784855275
-5.975624214501592
-5.975633237307834
-5.975656422997194
-5.975626447444552
-5.975656757145123
-5.975700634254644
-5.975695003393687
-5.97570693603078
-5.975733459078265
-5.975787525899057
-5.975795879572094
-5.975859543133676
-5.975905418160207
-5.975938820793871
-5.975943746787505
-5.975936968447371
-5.975907463589226
-5.975837853592884
-5.975775974880525
-5.975776929144911
-5.97576629279397
-5.975696541717131
-5.975687682124749
-5.9757194523350785
-5.975745993271193
-5.975715569727434
-5.97572840777863
-5.975745143842719
-5.975745509204643
-5.975742544902698
-5.975715977442252
-5.975672953729933
-5.975568321458091
-5.975529873715325
-5.975506853023998
-5.975465144056278
-5.975458211436884
-5.975451551998514
-5.975416193397089
-5.975404956506725
-5.975467996334243
-5.975489173926345
-5.975490795461416
-5.9755364677360925
-5.975571765527554
-5.975577355820824
-5.97558497723442
-5.975588053001526
-5.975581350847938
-5.975626277293505
-5.9756467120331855
-5.97567367694374
-5.97568417303375
-5.975702373824784
-5.975728507365475
-5.975720090453139
-5.975702402240565
-5.975688991276212
-5.975685213926062
-5.975724206887375
-5.975726291779626
-5.97571612353287
-5.975755470234951
-5.9758299837958235
-5.975874079948625
-5.975904471967309
-5.975892409899348
-5.975942983277379
-5.975997925996732
-5.976001390795015
-5.975963989455536
-5.975957515460085
-5.975942309456222
-5.975996016752414
-5.976000619520495
-5.976004435804615
-5.975998131250722
-5.9760338519641145
-5.976018809263438
-5.976025945000553
-5.976028171978722
-5.976033852437175
-5.976044382462981
-5.976062876176944
-5.976116765024936
-5.976126101056535
-5.976133865229799
-5.97610890335151
-5.976100749790667
-5.976082632090852
-5.976065167138099
-5.976065752901005
-5.976147608698081
-5.976183637190886
-5.976197549720867
-5.976212165953815
-5.976211917656192
-5.976222950142704
-5.97621021274633
-5.9762361952454155
-5.976263887516705
-5.976274999147295
-5.976339792851532
-5.976273791618155
-5.976256141278624
-5.97625800640324
-5.976305418386755
-5.976284671402198
-5.976277361976735
-5.976251207707069
-5.976179553975266
-5.976130697098951
-5.976110057363855
-5.97608303431028
-5.976060054298426
-5.976062202525611
-5.975986772385699
-5.975962475823356
-5.975957226438409
-5.9759275621165004
-5.975899413930357
-5.975876657107812
-5.975858978853778
-5.975830999982481
-5.975817333497412
-5.975781489231685
-5.975762263376262
-5.97572297918874
-5.975700679236563
-5.975664134008972
-5.975666144389889
-5.975663002663915
-5.975686611438365
-5.9757347020336145
-5.975785060112266
-5.9758082916576996
-5.975816074190976
-5.97581080679146
-5.975826736982181
-5.975841172608806
-5.975842184661056
-5.975853378641427
-5.975851022130799
-5.975891732359063
-5.97592156481004
-5.975953464546134
-5.975948922978298
-5.97590510328084
-5.97585186797111
-5.975858328497665
-5.975916139316662
-5.975981746679446
-5.975996690419049
-5.976007655351313
-5.976015604643723
-5.976098746150838
-5.976128921491701
-5.976142417975584
-5.976081081775369
-5.976010128058965
-5.976002830184832
-5.975997926579478
-5.975998803938888
-5.975990429289364
-5.976015155096206
-5.9759967873732665
-5.975990749315938
-5.975985690486996
-5.976022336213891
-5.975993910280087
-5.9759845895661785
-5.976041030528626
-5.976085186095647
-5.976116337862363
-5.976106011217353
-5.976092706891548
-5.976071577192153
-5.975996149842244
-5.975953782644987
-5.975975971065281
-5.975993275648061
-5.975982690436822
-5.975993956573007
-5.9759809755185
-5.975940926765266
-5.975914382878043
-5.97588568504939
-5.975901322098972
-5.975916125577149
-5.97590810655642
-5.9758932577001564
-5.975897505501695
-5.975883274249973
-5.975840672557843
-5.97584255768348
-5.975872230764525
-5.975899242068016
-5.97593767721136
-5.975962829156416
-5.9759826730532275
-5.975941151843108
-5.975884350355586
-5.975852756925227
-5.9758823143079445
-5.975884643608482
-5.975901162417874
-5.975885220027091
-5.975853131523745
-5.97583052010962
-5.97580965509275
-5.97575916541498
-5.975718897268936
-5.975664657188837
-5.975651884247045
-5.975627615446524
-5.9756248382063655
-5.9756325451939505
-5.975623133001647
-5.975607986842955
-5.975593658241157
-5.975540144696309
-5.975458396589609
-5.975407183793704
-5.975363876317934
-5.975374286165185
-5.975377809004479
-5.975360531717982
-5.9753570490814045
-5.975349120309437
-5.975345623308977
-5.975326623309923
-5.975288591097957
-5.975278791535615
-5.975251406620587
-5.975197620398421
-5.975149817785836
-5.9751345899917965
-5.975085414979583
-5.9750462936688855
-5.975006775180133
-5.974959618370549
-5.97493835010101
-5.9748542701033625
-5.974791714935471
-5.974693861575399
-5.974656856991412
-5.974602316364541
-5.974568743304288
-5.97454740548826
-5.974522754760498
-5.974541759719715
-5.9745269767865405
-5.974512186733263
-5.974488571357935
-5.974413460789359
-5.974320480178944
-5.97425277826043
-5.97421026600068
-5.974175730029773
-5.974122920941886
-5.97411134843291
-5.974073793942899
-5.974025249144443
-5.9739404343506335
-5.973884797161737
-5.973785336664081
-5.973734656316906
-5.973693660005585
-5.9736266666738205
-5.973557940016235
-5.973537651798137
-5.97354242246724
-5.9735621022291685
-5.973567510585234
-5.973578829168245
-5.973595089811066
-5.973543871608706
-5.9735108829136765
-5.973457090617565
-5.973379894451764
-5.973314928028533
-5.973218994180231
-5.973218418635216
-5.9731976191953535
-5.973167636778188
-5.973107512918915
-5.973027577487087
-5.972950661519395
-5.972904599242103
-5.97285066301252
-5.972801350285651
-5.97278834793536
-5.97276891582875
-5.972699558207728
-5.972674648450552
-5.9726493418468625
-5.972617542426516
-5.9725844595789805
-5.972558217102046
-5.972544314986468
-5.972494498264079
-5.972477128948896
-5.972437758212892
-5.972451208490308
-5.97243602042678
-5.972447507293193
-5.972439015134189
-5.972403571565285
-5.972358632768644
-5.972371414610997
-5.9723763624814765
-5.972324546055132
-5.972267657208677
-5.972205133082732
-5.9721072500685395
-5.972055086173129
-5.972026052156211
-5.972011241113
-5.971945295127169
-5.971870231665253
-5.971800217992528
-5.971760302711039
-5.971693923314158
-5.971600390540686
-5.97155364819535
-5.971512379717376
-5.97142582807858
-5.971351997784766
-5.971266790152326
-5.971244515705765
-5.971211177717763
-5.971213295873902
-5.9711929468441385
-5.971188830168496
-5.9711303535287295
-5.971128281095845
-5.971107802274734
-5.9710291193369995
-5.970977630596937
-5.970943336867992
-5.9709232755414785
-5.970906293355837
-5.970885340259652
-5.970869594996211
-5.9708435881030715
-5.970815091088853
-5.970756052841265
-5.970714937681943
-5.9706917669668815
-5.970673220228521
-5.970637284148282
-5.970613760985843
-5.970585982064614
-5.970528154743117
-5.970483781522142
-5.970438687349533
-5.970402657716254
-5.9704056754582036
-5.970372973489195
-5.970308901592101
-5.970266962304873
-5.970212236170712
-5.9701611452368715
-5.970128795093873
-5.970104112909767
-5.970096600353259
-5.9700828732323465
-5.97008766673077
-5.970131952326246
-5.970119730962813
-5.970096137682492
-5.970082493505696
-5.970040139388176
-5.970069614069515
-5.9700871944619625
-5.9700583507178235
-5.9699994196420905
-5.969954035058703
-5.969936383850942
-5.9699213660254555
-5.969897544088145
-5.9698646382837035
-5.969828297336824
-5.969790826132494
-5.969741943856233
-5.969696896372787
-5.969641296497245
-5.969611255817052
-5.969597754182561
-5.96960871509773
-5.969637581718801
-5.969648082752246
-5.969647418317499
-5.969633825458454
-5.969594320393119
-5.969582510459257
-5.969590705259158
-5.969610471645325
-5.969616713988528
-5.969596708556843
-5.969607574151448
-5.969621452455589
-5.969611220428815
-5.969628860744001
-5.969659142733268
-5.9696505058570395
-5.969620029246102
-5.96959144722145
-5.969547491847439
-5.96954775128333
-5.9694989681356665
-5.969467431791634
-5.969428705920865
-5.969413746054277
-5.969363510333965
-5.969337845291052
-5.969324070485724
-5.969324117300327
-5.9692993032316695
-5.969283941123726
-5.969288440552545
-5.9692857892541795
-5.969248357499486
-5.969263228828818
-5.9692441596279435
-5.969218017029007
-5.969229575385153
-5.969223369270132
-5.969182876549203
-5.969142287839393
-5.969086662199459
-5.969035351263372
-5.9689631522198425
-5.968951374752421
-5.968942107826703
-5.968920641045093
-5.968867912587459
-5.968780940107152
-5.9687497475792695
-5.968684668148047
-5.968656041977275
-5.968603051532014
-5.968589880284898
-5.968573036997415
-5.968532664796996
-5.96848295816846
-5.968434550584148
-5.968395663428805
-5.9683330865720166
-5.968253047275332
-5.968192835191547
-5.968143920370757
-5.9681236442098555
-5.968103390458433
-5.9680702644866335
-5.968023377662824
-5.967987587015812
-5.967971244609531
-5.967983721425125
-5.96799421312145
-5.967995945140671
-5.9680278887309255
-5.968060828540737
-5.968070528447297
-5.968093699775782
-5.968114296209978
-5.96810147379336
-5.96810717520643
-5.968094457740078
-5.968014671393812
-5.967962583549162
-5.967926693129398
-5.96791628966295
-5.9679189171737645
-5.967890617386089
-5.967879577111951
-5.967883457931567
-5.9678539614752895
-5.967806142774119
-5.967795518685321
-5.96779481519713
-5.967764470002077
-5.967733700851474
-5.967738735151274
-5.96776694308137
-5.967747887250158
-5.967748782917789
-5.967744544112745
-5.967731184648308
-5.967711634071702
-5.9676645116779055
-5.967656181814713
-5.967657731003694
-5.967625590795431
-5.967585044630311
-5.967547073711476
-5.967479843835438
-5.967425869637454
-5.9673890445002575
-5.967343943502542
-5.9673135406904665
-5.967244308529895
-5.967218228576497
-5.967204922054035
-5.967153637880843
-5.9671402078235065
-5.967129323655183
-5.967046367523123
-5.966990659553067
-5.966911052708118
-5.966843731926905
-5.96677343834008
-5.966697406523867
-5.966661699697824
-5.966605384225615
-5.966549795677697
-5.966479860486994
-5.966441037004715
-5.966392214190751
-5.966370978952046
-5.966337610133292
-5.966336094132853
-5.966306097787937
-5.966312959692233
-5.966308975961582
-5.966286265233481
-5.966261006535559
-5.9662930586920835
-5.966247055517515
-5.966225770816821
-5.966183398718088
-5.96613888868715
-5.966120299626087
-5.966117336236402
-5.966119878668861
-5.96615104163022
-5.966152991139626
-5.966161788338975
-5.966168587611567
-5.966139049940214
-5.966107761746994
-5.9661420076160265
-5.966160960706873
-5.966181353787432
-5.966163217083056
-5.966155098866385
-5.966165924332916
-5.966194266172178
-5.966192638257951
-5.966163905401405
-5.966157600883557
-5.966155484142206
-5.966160078185262
-5.966122727428796
-5.966135424451306
-5.966157392993303
-5.966186326802824
-5.966157342920673
-5.966130360412746
-5.966114357180904
-5.966130833257818
-5.966123575872496
-5.966109608557275
-5.966070465903747
-5.966093618448268
-5.966107116120115
-5.966113087340669
-5.966169759267985
-5.966213503306573
-5.96626380828212
-5.966312033908141
-5.966349397645615
-5.966376962567707
-5.966386050063263
-5.966369592137747
-5.966325958978951
-5.966276249457123
-5.966266618720477
-5.966243823101953
-5.966227969362811
-5.966185603900361
-5.9661257316770016
-5.966047669766456
-5.965986767559216
-5.965922192806197
-5.9658601443988415
-5.96580865501354
-5.965767610153903
-5.965762056536009
-5.9657538544611555
-5.965744729906313
-5.965731317033962
-5.965739739645897
-5.965714756207593
-5.9656847160511965
-5.965665436318913
-5.965625309018985
-5.965615658782393
-5.965588485403966
-5.9655719707019585
-5.965579295441932
-5.965535607056443
-5.965482434873866
-5.965453914960628
-5.965409252111319
-5.965376502964684
-5.965349999386253
-5.965303361172143
-5.965312974454263
-5.965315087140541
-5.96528780577287
-5.965239215932415
-5.965244918086788
-5.9652114323574095
-5.965204900412015
-5.965226436813657
-5.965217511627025
-5.965187229965579
-5.965188463275193
-5.965177262726413
-5.965141722460838
-5.96511437914029
-5.965106095494825
-5.96504890390471
-5.964993838286941
-5.964960952750963
-5.964920417501792
-5.96490422103924
-5.964861157807274
-5.964860588553348
-5.964864824298613
-5.964845447477152
-5.964837746043362
-5.964856412034349
-5.964879100356645
-5.964849641989984
-5.964796433719482
-5.964776025144576
-5.964771158308074
-5.964786412905889
-5.964796298680825
-5.964824432331417
-5.964842752483451
-5.964847387805559
-5.9648209721633885
-5.9647887712472665
-5.964775957367586
-5.964767061602991
-5.964767583938999
-5.964735554745074
-5.964718370633015
-5.964701010667604
-5.9646603138921455
-5.964633270900697
-5.964624700847221
-5.9646471358746895
-5.964615221101839
-5.964596706946874
-5.964560352873285
-5.964559096387804
-5.964582152456445
-5.964574834458988
-5.964576769331842
-5.964597431255334
-5.964582106666092
-5.964547302478118
-5.964535552126836
-5.96454374766254
-5.964513928746615
-5.964474632788259
-5.964466759501525
-5.964479606499492
-5.964447417381312
-5.964432476844357
-5.9643915522053375
-5.9643645951966064
-5.964283132201371
-5.9642823657096935
-5.964242129443388
-5.964201086699143
-5.964141736132943
-5.96404337963557
-5.96398650136011
-5.96392927003787
-5.963902879018037
-5.963859956586324
-5.963837284649075
-5.9638184408236015
-5.963776740086246
-5.9637910938992205
-5.963752563559627
-5.963721977695827
-5.9636865721744075
-5.963695427224786
-5.963697548244872
-5.963670316686537
-5.963619160141918
-5.963601995324981
-5.963576544462245
-5.9635431090117565
-5.963545340982117
-5.96355814086426
-5.963529358423524
-5.963494863702554
-5.963467970803306
-5.963410074682118
-5.963360593202146
-5.963310047286272
-5.963286668098561
-5.963247631738048
-5.963202558564583
-5.963174497496066
-5.963195885355009
-5.963213871705624
-5.963179711498139
-5.963133497257793
-5.96306171868978
-5.963006244531449
-5.9629692812492125
-5.962910436884359
-5.962873290056076
-5.962779374643765
-5.9627209907220085
-5.96266462333616
-5.9626250349456855
-5.962552908320554
-5.96249719847863
-5.962453606306943
-5.962414585264574
-5.962404451085604
-5.962393432524945
-5.962364146664917
-5.962360246519182
-5.962325364759284
-5.962323310592668
-5.962298253679111
-5.962310144091172
-5.9623023885058215
-5.962265254000991
-5.962210075437456
-5.962194006150303
-5.962170022305168
-5.962095916690091
-5.962032239823996
-5.961998968946205
-5.961933776420495
-5.961907046869185
-5.961908272340583
-5.961893265259831
-5.961873035983627
-5.961856103817015
-5.961849969159378
-5.961857333027123
-5.961846621755548
-5.961802773814945
-5.961789559683596
-5.961797537904338
-5.96181333419443
-5.961793964822389
-5.96181883403585
-5.961834014281948
-5.961843430861497
-5.961825330832499
-5.961822091225103
-5.961773213898012
-5.961766053410349
-5.961760310284406
-5.961750664595884
-5.96173465096515
-5.961726158734419
-5.961704673593048
-5.961715920724089
-5.961711196884738
-5.96169657309114
-5.961673433315437
-5.961650660899974
-5.96162987168078
-5.961637829586159
-5.9616570294422075
-5.961671524885812
-5.961685438327485
-5.961718945874879
-5.961733075677725
-5.961745829673869
-5.961774031417583
-5.961790756526465
-5.961791928590205
-5.961725672451269
-5.9616790255484595
-5.961653659399412
-5.961607432143532
-5.9616059292506645
-5.961626159809273
-5.961646138882476
-5.961647187419842
-5.961644912732862
-5.961649777843099
-5.961659210690838
-5.96166846265704
-5.961656347812862
-5.961670874913088
-5.961700896394102
-5.961697285624996
-5.961710420276839
-5.9617199437451465
-5.961745861328329
-5.961762891151419
-5.961781277634451
-5.9617998879329575
-5.961797272567333
-5.961809866947792
-5.961833139095888
-5.961818939318541
-5.9618193457113975
-5.961799312784404
-5.961778846712514
-5.96177812834871
-5.961835191804192
-5.961865916536314
-5.961895621126017
-5.961927412404338
-5.961941098167164
-5.961966744424646
-5.962016720669809
-5.962069591395126
-5.96213540312488
-5.9621983746832505
-5.962256261004611
-5.9622847075780205
-5.962297095407961
-5.962327892356906
-5.9623748223972015
-5.962433806991201
-5.9624800286486135
-5.962496379530298
-5.962535720434685
-5.962567390223287
-5.962630796193324
-5.962677480253888
-5.962748848479393
-5.9628043256635195
-5.962893269410113
-5.962976961843096
-5.963016715787752
-5.963065201620782
-5.963111984021825
-5.963150819105303
-5.963125376166993
-5.963157866594773
-5.963223593899555
-5.963283882369817
-5.9633007407113094
-5.963344798895749
-5.963377793376592
-5.9634236721456
-5.963478639278498
-5.963529828013255
-5.963549763108399
-5.9635682258744955
-5.963560966512813
-5.963558085141742
-5.963587147915837
-5.963620158760055
-5.9636146373405445
-5.963634031394155
-5.963649669515309
-5.963665784956584
-5.963667507082131
-5.9636780796535644
-5.9637157405082535
-5.9637679164159225
-5.963797520664395
-5.963825473795158
-5.963829998458981
-5.963839444476185
-5.963831789094787
-5.963858622532448
-5.963869375941537
-5.963874095228661
-5.96386011607001
-5.963885657748654
-5.963908148494614
-5.963932110589522
-5.9639147176317024
-5.963932987234986
-5.963948084329984
-5.963984816815865
-5.9640137463782175
-5.9640123602050945
-5.964000613664976
-5.964042047721737
-5.964076903921023
-5.9641009405757615
-5.964133302786065
-5.964155223728492
-5.9642051731229495
-5.964209791692569
-5.9642545338868285
-5.964271956011943
-5.96432117941101
-5.964371915927058
-5.96441573968377
-5.964426214637119
-5.964466843196077
-5.964525407616047
-5.964565917758
-5.964600490197062
-5.964626305046681
-5.964664141638637
-5.964696393861202
-5.9647571477206185
-5.964807237324407
-5.96485613711542
-5.96487209623151
-5.9648715733246425
-5.964912217924867
-5.964957835149252
-5.965016551898612
-5.965103044148247
-5.965188565249885
-5.965229563071942
-5.965295501606991
-5.965367740177333
-5.96544182763229
-5.965509740328428
-5.965563337747765
-5.96562876262652
-5.96570335373394
-5.965755361973314
-5.965817544469489
-5.96586907730739
-5.965918441833089
-5.96596251156272
-5.965984598065174
-5.966016998608097
-5.966042079092349
-5.966065043142376
-5.966046078639646
-5.966034650056652
-5.966076346718893
-5.9661028199415735
-5.9661408582081314
-5.9661897087906635
-5.966205373705708
-5.966228630168269
-5.966266900650803
-5.966294302742761
-5.966302902165674
-5.966316516949548
-5.966339591481816
-5.966368559337401
-5.966412985421441
-5.966446929048482
-5.96646819489852
-5.96652433653183
-5.966562752162624
-5.9666078335029225
-5.966639384879039
-5.966669107955408
-5.966687205946654
-5.9667181245161185
-5.966758981487763
-5.966789273860519
-5.966830092868724
-5.966839894638368
-5.966849225463778
-5.966881002117974
-5.966879498355664
-5.966902916283297
-5.96694344663616
-5.966952435005332
-5.966989897159118
-5.9670508743779465
-5.967122050008097
-5.967171545061962
-5.967232040283711
-5.967295287848281
-5.9673299164928055
-5.967379049323606
-5.967432470203167
-5.967461833498374
-5.967486681241972
-5.967486701214113
-5.9675169343679615
-5.967553545726116
-5.967602310967896
-5.967650045417318
-5.967686038830595
-5.96770889361911
-5.967731580169047
-5.967751390372428
-5.967743874852075
-5.967747102796847
-5.967758368888532
-5.967758718011102
-5.967770213940707
-5.967779106049068
-5.967809131697572
-5.96784111393381
-5.967849360409044
-5.967877904214925
-5.967873480844861
-5.967929500744657
-5.967945966164597
-5.96797239488449
-5.96802154771821
-5.968078647124621
-5.9681211291663745
-5.968116934836159
-5.968174644309187
-5.968217131286382
-5.9682671190174
-5.968315753845293
-5.968316759423725
-5.9683348675375605
-5.968371545662341
-5.968420155763466
-5.968413638781273
-5.968414318117995
-5.968431537311275
-5.968465650338888
-5.968522038099365
-5.968553554116293
-5.968572418447329
-5.968555364150201
-5.968522772959661
-5.9685073141588605
-5.968497593861727
-5.968494780908999
-5.968492628374335
-5.968512836069512
-5.968564477000308
-5.968595267061002
-5.968605249874528
-5.968648280592731
-5.968682704289713
-5.968727754220944
-5.9687666102938595
-5.968805905254298
-5.96883051305728
-5.9688522385920235
-5.968864624971011
-5.968886212951943
-5.9689244814991484
-5.968957170838696
-5.968971984832071
-5.969003542446131
-5.969027542753992
-5.9690293808998405
-5.969041667138546
-5.96905008907731
-5.969070686336962
-5.969094080287408
-5.969120599858616
-5.969145238774141
-5.969152077105167
-5.96916103700918
-5.969132272616886
-5.969143846766063
-5.969186053297714
-5.969203356704774
-5.969177418341173
-5.969197315032861
-5.969204366834779
-5.969213598737116
-5.96925949823518
-5.969302457080756
-5.969324455479037
-5.969356973226819
-5.969419286091944
-5.969458999721065
-5.969494185721142
-5.969539850226171
-5.9695735749596714
-5.9695949569850635
-5.969629344329262
-5.969642420941711
-5.969644232434803
-5.969655477657056
-5.969678173060107
-5.969715471297343
-5.969729297200735
-5.969757350857167
-5.969824652198334
-5.969817325735683
-5.9698069910350675
-5.969823477054926
-5.969832094555683
-5.969809900442437
-5.9698021938649
-5.9698167634721795
-5.969816015145272
-5.969811024800744
-5.969837870714119
-5.969864660277715
-5.969879090907446
-5.969927017673492
-5.969954995495476
-5.96999103458049
-5.970015867127022
-5.970029712009072
-5.970055561941903
-5.970104714814115
-5.970159431981014
-5.970180783100343
-5.97020390716265
-5.970216155313233
-5.970258681367243
-5.970289617957441
-5.97029992830621
-5.970318796725632
-5.970346454679957
-5.970390409260844
-5.970406322687847
-5.970416452091347
-5.97042271530931
-5.97041885362971
-5.97043850491216
-5.970464523553494
-5.970479562023974
-5.970511544421535
-5.970544908745627
-5.970595071533509
-5.9706430244523565
-5.970671345714694
-5.970708311978064
-5.970732864171106
-5.970788827258267
-5.9708256110445355
-5.970836369853194
-5.970866265676505
-5.970899558728157
-5.970935691362967
-5.970975003286906
-5.970998111678059
-5.9710173859394695
-5.971035881291941
-5.971075663739034
-5.971108283526242
-5.971158325365704
-5.971194898471478
-5.971237903658216
-5.971301223491754
-5.971330613220813
-5.971365257546612
-5.971398220735029
-5.9714256246597435
-5.971442917423072
-5.971437865743155
-5.971414593103173
-5.971404873715484
-5.971411487884388
-5.971439095259842
-5.971477845232374
-5.971510848905467
-5.971495019015845
-5.971473814397038
-5.97145461101017
-5.971468118672069
-5.97149208496977
-5.971496503768737
-5.971519520082595
-5.97157499657621
-5.9716152721457725
-5.971655858406
-5.971702595709027
-5.971736974825968
-5.971767012194901
-5.971785706230523
-5.971774974874629
-5.971770815622934
-5.971782154576435
-5.971806941372537
-5.9718370789081625
-5.971881789949415
-5.971889737699681
-5.971932414176802
-5.971983160996323
-5.97203692679521
-5.972056783653727
-5.9720866262010155
-5.9721127717099325
-5.972113441052584
-5.972151178521388
-5.972177889025471
-5.972187107204733
-5.972209364430576
-5.972225683436115
-5.972264968116432
-5.972343319787725
-5.972389378271358
-5.97243143718238
-5.972456330335186
-5.972493175292393
-5.972535377695611
-5.972584319292645
-5.972601081352555
-5.972633257134348
-5.97268184438237
-5.972717993749442
-5.972742342292625
-5.972784850693052
-5.972839567504024
-5.9728939361156
-5.972932456677571
-5.972981841995958
-5.973017673336672
-5.973062377457929
-5.9731236876571385
-5.973152573004776
-5.973186401343397
-5.9732058909417685
-5.9732425829993865
-5.973273265737111
-5.973324810889133
-5.973363338438056
-5.973421303140266
-5.973433319543488
-5.973442050244699
-5.973486616480958
-5.973483468960309
-5.9735102398993
-5.973536527499771
-5.973576345016392
-5.973612492355753
-5.973646091407127
-5.973674201121499
-5.9737229354711605
-5.9737952442626545
-5.973861747137334
-5.9738963212524165
-5.973928824629686
-5.973971774326128
-5.974023607336459
-5.974074707417462
-5.974125710481085
-5.974170085769632
-5.974210778851516
-5.974205782144132
-5.974204231044871
-5.9742122015865275
-5.974256192094163
-5.974302733024643
-5.974301075624497
-5.974322346436959
-5.974350738225235
-5.974382119121482
-5.974418748623341
-5.974461573767202
-5.974499679009962
-5.974521063424405
-5.974549469942494
-5.974570213113233
-5.974566774911979
-5.97459197844497
-5.974597271409681
-5.974604956539444
-5.97462067236629
-5.974640548858676
-5.974655145456283
-5.974672558046409
-5.974705160130573
-5.974689749788156
-5.974709707090204
-5.974764018527921
-5.974810507035573
-5.974865044872098
-5.974892874675194
-5.974947780874018
-5.974971582857861
-5.975020916202084
-5.975045862793794
-5.97507351702393
-5.97509151235343
-5.975138818682117
-5.975167965239204
-5.975200513523963
-5.975236182285415
-5.975293897560206
-5.975316685702975
-5.975368860563417
-5.975407399551477
-5.975426445892665
-5.975440727326296
-5.975438412464912
-5.975450485927826
-5.975483451037862
-5.975513390975409
-5.975537832773677
-5.9756045408525456
-5.975624260871795
-5.9756927068898005
-5.975737614888796
-5.975744843601068
-5.975785721834944
-5.975827946261501
-5.975898442459406
-5.975971814369546
-5.976049096670724
-5.976104024698175
-5.9761694838341874
-5.976202966710585
-5.976253685040855
-5.976331466055243
-5.97641063556982
-5.976489472462144
-5.976552813379952
-5.9766002078286355
-5.976668950988962
-5.976755467768705
-5.976814462017651
-5.976863314765604
-5.97688335977309
-5.976959593497755
-5.977023425839276
-5.977116258790095
-5.977151138837479
-5.977188452608323
-5.977217643630278
-5.9772682413968665
-5.977321166079751
-5.97736308571734
-5.977378247724468
-5.977377624246658
-5.977390457613394
-5.9774086451086434
-5.977457151000828
-5.977510375881969
-5.977587301371363
-5.977665106552875
-5.977732706731974
-5.977749651691911
-5.977794835103626
-5.977842404423997
-5.977875502317459
-5.977930966552237
-5.977954371007318
-5.977982584734964
-5.9780414836411175
-5.97808009841411
-5.978117253878316
-5.978151274604943
-5.97817905518861
-5.978220273325537
-5.978241032413505
-5.978259009008748
-5.978290272120476
-5.978329961840327
-5.9783509984704315
-5.978339760228578
-5.978347319802694
-5.978361372036594
-5.978398364040747
-5.978409501533896
-5.978416355761698
-5.978416715024088
-5.9784301822468775
-5.978425908009925
-5.978455741716798
-5.978482814177214
-5.978530608104108
-5.978568309256487
-5.978596819225233
-5.978617682603079
-5.978626932403204
-5.978629992653046
-5.978641369774739
-5.978658613992854
-5.978695031908164
-5.978699021821118
-5.978726948527312
-5.978768253469968
-5.978785039179372
-5.9787938992390295
-5.978792172648383
-5.978823255550831
-5.978854377921251
-5.97888347178042
-5.978924382289783
-5.97893699664102
-5.978921488645915
-5.978905794950934
-5.978921484061422
-5.978924674506986
-5.978909268454723
-5.97891093972132
-5.978928186623128
-5.978922486791472
-5.978906163672186
-5.978922906523404
-5.978937681892292
-5.978933335146944
-5.978936231237162
-5.978924357377346
-5.978916473506627
-5.978916532651203
-5.978875686560839
-5.978876409537372
-5.978870222204575
-5.978855447291778
-5.978814898059985
-5.978800128500333
-5.97881421646842
-5.978820684534429
-5.978811193524539
-5.978809722884036
-5.978794191342212
-5.978784041977286
-5.978790287469663
-5.978786525249845
-5.978805683768003
-5.978806835055141
-5.978803961751636
-5.978816861539698
-5.9788205689699785
-5.9788013944215095
-5.978780686760368
-5.978723848319032
-5.978716319844099
-5.9787187370186965
-5.978716941114672
-5.97872334800987
-5.978725818948655
-5.978734047583159
-5.978743636726033
-5.978738977959009
-5.978743043951135
-5.9787558721193435
-5.978719933581733
-5.978705953143268
-5.97864946219579
-5.978624991995709
-5.978631119309657
-5.978643571047739
-5.97863551459343
-5.978625975984119
-5.978639293497169
-5.978646376092703
-5.97867748118601
-5.97870853655435
-5.978733582913555
-5.978742044264566
-5.9787586547286455
-5.978770787425482
-5.978762449699499
-5.978771242327728
-5.978774975555078
-5.97876556671129
-5.9787587498331956
-5.978755620634848
-5.978742417419215
-5.978755320311771
-5.978743283784802
-5.978717050642631
-5.978725176631525
-5.978725600469413
-5.978716709936109
-5.978709427531939
-5.978689913628503
-5.978699230386608
-5.9786978330562395
-5.978701084875989
-5.978734256025208
-5.97875676772058
-5.978774083057068
-5.978801644359148
-5.978832298258092
-5.978815624822313
-5.978807019228267
-5.97882891982935
-5.978853859838882
-5.978843503455973
-5.978871251753091
-5.978883260639721
-5.978887683893546
-5.978916589985253
-5.9789437026857115
-5.97897739956691
-5.978982743633883
-5.97900748643027
-5.979008352846777
-5.979039268517516
-5.979094056633084
-5.979126896358145
-5.9791702576347365
-5.9792097683545995
-5.979243948108332
-5.979290111732557
-5.97932805870732
-5.979354116990491
-5.9793695077749724
-5.979375945200301
-5.97937632302824
-5.979363265344936
-5.9793743692033186
-5.979392064812961
-5.979403572726247
-5.97939015294782
-5.979377756010044
-5.979373933844298
-5.979396731921275
-5.97940109441679
-5.9794403047483105
-5.979449922897459
-5.979464308696402
-5.979496334174441
-5.979496086301914
-5.979536716994425
-5.979550988534822
-5.979588866189432
-5.9796164901875715
-5.979624600217146
-5.979625777591282
-5.979638628130334
-5.979645788266623
-5.979650306143878
-5.979644954824551
-5.979641764586555
-5.9796356026827695
-5.979616301247083
-5.979618037249668
-5.979613656841524
-5.979624515276886
-5.979598947984023
-5.979578056053504
-5.979548087218602
-5.979562109043809
-5.979582492539658
-5.979593947475604
-5.979594429928732
-5.97961068863799
-5.979605164290406
-5.979619081040661
-5.979628554760741
-5.979633380374864
-5.979648492068881
-5.979686090342946
-5.979690700980305
-5.979712195774688
-5.979740571715175
-5.979775980566842
-5.979826195966871
-5.97988880795595
-5.979955635408841
-5.980017212582553
-5.980072940044393
-5.980102046433142
-5.9801611181563805
-5.980244888746286
-5.980303744325532
-5.980362542587479
-5.980400161842986
-5.980450918029877
-5.980497143328002
-5.980519161587138
-5.980543181305501
-5.9805975657863115
-5.980625548940484
-5.980618841098162
-5.980613268378128
-5.980620114687041
-5.9805990292073465
-5.980573002741212
-5.98056290847959
-5.980571787045661
-5.980564129757404
-5.980560908495744
-5.980535836382507
-5.980515000621642
-5.980526707591563
-5.980512154221905
-5.980533530144657
-5.980539504520265
-5.980548901278444
-5.980539588055131
-5.980554690497567
-5.980573306198182
-5.9805966972853914
-5.980626313679935
-5.9806138360999626
-5.980630802659073
-5.980626697476552
-5.980669615578374
-5.980659628074137
-5.9806742479999615
-5.980681337313049
-5.980682558480831
-5.9806751466095065
-5.980670425503638
-5.9806623790586135
-5.980700700651725
-5.980724399645961
-5.980715966091879
-5.980697650152848
-5.9806855124260325
-5.980689606173372
-5.9806743454128775
-5.980644757334883
-5.98065304985681
-5.980636665488615
-5.980656899145248
-5.980683897376146
-5.980690257220579
-5.980682106685751
-5.98068571094711
-5.98069725287657
-5.980684653094748
-5.9807078984545265
-5.980704875447756
-5.980687088562409
-5.980696075560908
-5.9807226607583885
-5.980721770250958
-5.980726285695734
-5.980737270084106
-5.98073779210714
-5.980755494232921
-5.980750394127246
-5.980776329810997
-5.9807965865778465
-5.980795647590879
-5.980816322334564
-5.980845602848273
-5.9808794665046925
-5.98090024769021
-5.980970479441254
-5.981008258963045
-5.9810509116290875
-5.981099166112645
-5.981165674692269
-5.981202931170521
-5.981231387862609
-5.981273007285241
-5.981289409370491
-5.981340245273058
-5.981364859462641
-5.981415110373653
-5.981465126682719
-5.981504764048421
-5.981559619135482
-5.981612500258787
-5.981662044239093
-5.981677743472053
-5.981730771201206
-5.981771089115563
-5.981807266573651
-5.981839653237408
-5.98189326791159
-5.981943338552706
-5.981951170166441
-5.981966653533139
-5.9819733273679985
-5.98197353278885
-5.9819608634173385
-5.981933150328751
-5.981932483005353
-5.981928066514357
-5.981947417822206
-5.98194029709201
-5.981949369883308
-5.981964162768924
-5.981981775156279
-5.981963648345654
-5.98195349551985
-5.9819522152719955
-5.981977495920084
-5.982026184532926
-5.982088997150761
-5.982137831885553
-5.982160310530791
-5.982191521069576
-5.982215861987032
-5.982238279925642
-5.98228232294377
-5.9823085280449115
-5.982344869765343
-5.982401236394561
-5.982464928106286
-5.9825177635186995
-5.982541444065217
-5.982584751962449
-5.982617341545447
-5.982634803266678
-5.982654552593892
-5.982668473547294
-5.982723796868863
-5.982757868022386
-5.98279320542322
-5.982833546318659
-5.982841024716537
-5.982874476484355
-5.982893812034837
-5.982940740962867
-5.982964996870464
-5.983021667293664
-5.983059380872341
-5.983081478774871
-5.983089949259872
-5.983088752131464
-5.983126802086599
-5.983144948068968
-5.983160695312751
-5.983189351951047
-5.983217463300618
-5.983225282812147
-5.983239596061291
-5.98323586286907
-5.983235818102492
-5.983260815556935
-5.983303098753026
-5.983341421462251
-5.983376718472991
-5.9834277741119
-5.98346902153524
-5.98351120953393
-5.983521200085657
-5.983543088811715
-5.983558938538098
-5.9835445703964805
-5.9835465442654705
-5.983540832287413
-5.983543386086136
-5.983532384973253
-5.983515848228939
-5.98352580136043
-5.983561172115788
-5.98356326765894
-5.983588865472198
-5.983613772626393
-5.9836090366092325
-5.983631055782967
-5.983657891236933
-5.983687395896368
-5.983718166549923
-5.983763829591178
-5.983755927871597
-5.98378511372627
-5.983794048175458
-5.983795232885132
-5.983806630349202
-5.983820387376813
-5.983825650199002
-5.983833556311376
-5.983847510335397
-5.98386627586088
-5.983876478662693
-5.98389796268163
-5.98393981011208
-5.983968177448325
-5.983961393751125
-5.983968320297704
-5.98397989466923
-5.983991139697625
-5.983989629872788
-5.98399629169266
-5.984007742045729
-5.984016560851809
-5.984033239037227
-5.984044424472643
-5.984059231267593
-5.984064855331053
-5.984078206266379
-5.984095645314436
-5.984116079902399
-5.9841295644409245
-5.984127324754141
-5.984138173290395
-5.984127082040429
-5.984112182622005
-5.984139114005554
-5.984160043252777
-5.98414712578852
-5.984187359384476
-5.984218179561972
-5.984210420564088
-5.984219031512716
-5.984239949596289
-5.98424435268076
-5.984237492616078
-5.9842404051541545
-5.984253991632123
-5.984254153464505
-5.984292313106363
-5.984308767035523
-5.984283692378085
-5.984270175334716
-5.984265974149205
-5.984287192049684
-5.984300770254743
-5.98433669856739
-5.984379513263496
-5.984404521891372
-5.984436709644421
-5.984467620500133
-5.984475379823043
-5.984497857516467
-5.984512971985355
-5.9845169022253
-5.984537385271903
-5.984583374178175
-5.984640853036432
-5.984699900833337
-5.984707403049601
-5.984728837125683
-5.984760294027791
-5.984802054156527
-5.984810830800857
-5.984818674550719
-5.984838037660778
-5.9848501485041234
-5.984860158831111
-5.984873779894456
-5.98486537551209
-5.984886803877879
-5.984919181092511
-5.984936069657674
-5.984941845173732
-5.9849631810704675
-5.98496914778884
-5.984986061203645
-5.985025595040699
-5.985062679918249
-5.985079450067068
-5.985052435099495
-5.98506596672431
-5.985080743568621
-5.985109868647053
-5.985119855640459
-5.985147196959899
-5.985176087195573
-5.985189983857705
-5.985208333538649
-5.985233757280569
-5.985243716883739
-5.985264642995088
-5.985289216526084
-5.985308784839169
-5.9853524977034915
-5.985374816792029
-5.985412606854162
-5.985448803581894
-5.985458138561597
-5.985468475844376
-5.985492583973076
-5.985506067108564
-5.985506951954866
-5.985505818979418
-5.9855248403117445
-5.985563793945559
-5.985583849177459
-5.985599911416618
-5.985594388333685
-5.98556746758678
-5.985571532615356
-5.985554461744753
-5.985546675985231
-5.985542603026982
-5.9855432819206715
-5.985586660280148
-5.98561797845863
-5.985661556811765
-5.985689593033651
-5.985715633190216
-5.985725168844477
-5.985705489887716
-5.985714741331132
-5.985706357151579
-5.9856792163818735
-5.985683900616816
-5.985688004234391
-5.985680733722147
-5.985679794561674
-5.9856864511685375
-5.985685709469547
-5.985712413359696
-5.985711992770329
-5.985740140360019
-5.985759244052633
-5.985786438865063
-5.985823615394752
-5.985862058821017
-5.985888628872223
-5.985922613104757
-5.985954452906181
-5.985982623046062
-5.986007058390496
-5.986017956487454
-5.986035477907302
-5.986039317202785
-5.986037511596023
-5.98604736059967
-5.9860340702569275
-5.986031402818103
-5.986035855017442
-5.986026343862829
-5.986010613182686
-5.98600589280085
-5.985996765812453
-5.98600538844327
-5.986012612547231
-5.986028925659244
-5.9860325238196985
-5.986033433806838
-5.986054788616036
-5.986072877156219
-5.986092159847451
-5.986109020336198
-5.986150358424248
-5.98614190841529
-5.986166478533679
-5.986210721814442
-5.986265613863104
-5.986307432123568
-5.986324144815622
-5.986362331263408
-5.986377065201817
-5.986396516232875
-5.986424679533855
-5.986418354397886
-5.986451373865282
-5.986487360290338
-5.98652841831589
-5.986562388094195
-5.986577486423777
-5.986601850097929
-5.986611761751683
-5.986640788942794
-5.986657169658658
-5.986673361792272
-5.986693260625406
-5.986723601216837
-5.986726830531333
-5.986746045700033
-5.986751613289546
-5.986777379281288
-5.986797447652426
-5.9868134736351974
-5.986813323228825
-5.986817937459593
-5.9868105787890995
-5.986796651076113
-5.98678885941019
-5.98679177051956
-5.986775933986859
-5.986780991068988
-5.986781849466151
-5.9867899574532
-5.986782038796694
-5.986785694735506
-5.986788718620188
-5.986811288614104
-5.9868305482200235
-5.986841298869466
-5.986844482083577
-5.986840384900047
-5.9868473688274895
-5.986871977372293
-5.986879887026439
-5.986897238550901
-5.98690688875507
-5.9869043858524424
-5.9869049755131
-5.98689903554236
-5.986912079951724
-5.986922312796388
-5.9869175566070165
-5.986897004128216
-5.986894787943067
-5.9868899150202965
-5.986883344048256
-5.98688670388793
-5.986914207135265
-5.9869358613793935
-5.986935934567907
-5.9869315736772615
-5.986919856011468
-5.986927777711107
-5.9869085529694
-5.986899713211142
-5.986909055912005
-5.986919845241789
-5.986922753152272
-5.98692922137187
-5.986947290752297
-5.986935641139824
-5.986940050788156
-5.986930030276522
-5.986919227844011
-5.986912717879933
-5.986887441156462
-5.986883024308142
-5.986890698946704
-5.986892064070947
-5.986896415325045
-5.986879884997716
-5.986886146052085
-5.986882374602579
-5.986873997592033
-5.986875238505841
-5.986867505754489
-5.986847323374096
-5.9868225215121065
-5.986820588950078
-5.986803129609422
-5.986807024149941
-5.986832459008708
-5.986838216833592
-5.986842355718706
-5.986839254323888
-5.986842313470554
-5.986833668613865
-5.986864221852745
-5.986876455386762
-5.986893029091462
-5.9869245854071265
-5.986926067323559
-5.986920231667311
-5.986953754386874
-5.986970412565992
-5.9870046043894245
-5.987046767523481
-5.987075696869936
-5.987095884305024
-5.9871260148592045
-5.987148925224805
-5.987160132140659
-5.987156258297009
-5.987155236769249
-5.9871763366234445
-5.987159455572717
-5.987164680838392
-5.9871683130754505
-5.987183737774549
-5.987193308440681
-5.9872041885264995
-5.987204567615519
-5.987206288841691
-5.987190566608336
-5.987209204304991
-5.987205315333481
-5.987216639799416
-5.987220224193497
-5.987214462728127
-5.987218083406128
-5.987233420451485
-5.987245965486942
-5.987234476214484
-5.987243994904824
-5.987255002053739
-5.987270966162448
-5.987287192092015
-5.9873009849301955
-5.987300621257848
-5.987326050997905
-5.987360846404697
-5.987364935386685
-5.987374256106994
-5.9873868054314485
-5.987387928766861
-5.987365657199997
-5.987349470487788
-5.987305622848401
-5.987282665836762
-5.987295362612456
-5.987295808853616
-5.987308612303714
-5.9873203456624
-5.987295553668204
-5.987290461586107
-5.987293544750679
-5.987299165723243
-5.987283361708153
-5.987265358967899
-5.9872619854116635
-5.987280579809017
-5.98729117197878
-5.987278147914325
-5.987268594951999
-5.9872481880582535
-5.987224709921991
-5.987243599523459
-5.987272434617928
-5.987316984455108
-5.9873429773837215
-5.987350818937268
-5.9873525580647895
-5.987344905189057
-5.987368819979056
-5.987379289087162
-5.987370308382147
-5.987378545455951
-5.987383755511797
-5.987396879317038
-5.987420411573113
-5.987449668399602
-5.987469399659479
-5.9874685643524606
-5.987450511380644
-5.98743295874462
-5.9874466911252595
-5.987443232813352
-5.987440250877551
-5.987439379590497
-5.987445442057392
-5.987464048367086
-5.987463404327815
-5.987470386579035
-5.987458618076092
-5.987442294959884
-5.987449650323532
-5.987436940037984
-5.9874350746464335
-5.987409457599276
-5.987407050587523
-5.987433838840012
-5.987432042541789
-5.987446382333514
-5.987460554876934
-5.987449064089107
-5.98746081669692
-5.987505568834823
-5.987560296175494
-5.987608647663534
-5.987621644089976
-5.987626902337349
-5.987643996748946
-5.987664139335442
-5.987695063226636
-5.9877507550249405
-5.9877686862511625
-5.987787035011188
-5.987798750973538
-5.987838958135592
-5.987845490232641
-5.987845707961466
-5.987865471396802
-5.987892055076654
-5.9879233073801945
-5.987938994500941
-5.987967628871667
-5.98798628203526
-5.988025132497175
-5.988007642268011
-5.988004532041171
-5.987984772504852
-5.987976578211683
-5.987975761744352
-5.987973869778775
-5.9879718231557035
-5.9879688629046335
-5.9879634018045005
-5.987936694067124
-5.987924066805313
-5.987906448505435
-5.987899250491559
-5.987899536910622
-5.9878952376338965
-5.987890509790528
-5.987902923490275
-5.987909855052283
-5.987932651506724
-5.987941649730289
-5.98795018485501
-5.987951814049095
-5.9879717638306165
-5.987970035135628
-5.987995207492063
-5.988018638317586
-5.988025630259047
-5.988055390522154
-5.988084859759301
-5.98810368532756
-5.98812668575915
-5.988136044897711
-5.988141840747724
-5.988157758593694
-5.988155499293441
-5.9881196829799945
-5.988112202691146
-5.988102526156806
-5.988089894764364
-5.988084241325902
-5.9880845833281455
-5.988095364707015
-5.98807114719819
-5.988069815126203
-5.988068432067826
-5.988084147418322
-5.988092381606138
-5.988090254167981
-5.988083877591478
-5.988074088263134
-5.988093379572691
-5.988095983642225
-5.98808832345838
-5.988098658306178
-5.988094133596184
-5.988115817666525
-5.988123275672736
-5.988119977335548
-5.9881321015985876
-5.988144114515002
-5.9881463795238705
-5.98817349031193
-5.988169049665035
-5.9881620372152335
-5.98815690399197
-5.988162958366714
-5.988155490519339
-5.988170519799445
-5.988195525070275
-5.988205234669501
-5.988203034593757
-5.98823477737152
-5.988272524365935
-5.9882785461203065
-5.9882886560256665
-5.988290588215148
-5.988311797061156
-5.9883213078493895
-5.988311056987124
-5.988304009309393
-5.988278233337847
-5.988266189933141
-5.988246093253468
-5.988218212927896
-5.988201125557074
-5.98817095598167
-5.988123579777878
-5.988099018261464
-5.988077332362035
-5.988072806384724
-5.9880580620015005
-5.988045733026272
-5.98803839413232
-5.988035979565701
-5.9880691171077265
-5.9880770518048205
-5.988058066420299
-5.988028056801816
-5.9880129678035745
-5.987997524892584
-5.98799793352822
-5.988000707288809
-5.987996257422121
-5.987983553040155
-5.987958754574777
-5.9879351276710375
-5.98791291564801
-5.987903038042542
-5.987908595514854
-5.987917979757428
-5.987914295144085
-5.987904047353309
-5.987901489146598
-5.987918757186841
-5.987916544009025
-5.987917714616074
-5.987916611160853
-5.987932215162457
-5.9879571558094895
-5.9879722825083075
-5.987973274114291
-5.988003840941353
-5.98799928710703
-5.9880076031643075
-5.988008615217211
-5.987988628115276
-5.9879959052883995
-5.987987098087878
-5.987992212323776
-5.987962440971731
-5.987947116342613
-5.987936346684109
-5.987931666338846
-5.987916712994959
-5.987910802029389
-5.987919814583628
-5.987941057147511
-5.987925128992133
-5.987919188142983
-5.987917995038827
-5.9879385635782105
-5.98794019271349
-5.987934750045498
-5.987929105578456
-5.987940621694402
-5.9879286732708135
-5.9879347929108055
-5.987938877858832
-5.987950671785813
-5.987952750414189
-5.98794846971719
-5.9879355288737095
-5.987914879887598
-5.987920933190382
-5.987923927908777
-5.987930332699583
-5.987929087628103
-5.9879319665683175
-5.987952147303499
-5.987958937905207
-5.987960245950339
-5.987951880497958
-5.987947814963618
-5.987933394123486
-5.987919335193932
-5.9879110040642125
-5.98789260164321
-5.987895505733417
-5.98787654555139
-5.987888564621677
-5.987884375505547
-5.987874410513499
-5.98787636352255
-5.987868687883082
-5.987882455580156
-5.987898596077419
-5.987915031248183
-5.987923604595325
-5.987941571148077
-5.987956585904326
-5.987945515194011
-5.987969682536294
-5.987965684073257
-5.9879423581785405
-5.987955272844348
-5.987958286382536
-5.987977127571857
-5.9879627589566065
-5.98797124770268
-5.987971480994816
-5.987977367945897
-5.987990198313486
-5.9880197764718766
-5.98803089216453
-5.988041836219109
-5.988053216725948
-5.988081110565244
-5.988071822846707
-5.988082945884735
-5.988091859180634
-5.9880953392628555
-5.988116355798177
-5.98812263960861
-5.988140731860074
-5.9881657832059245
-5.988161661609217
-5.988163548328014
-5.988158190948955
-5.988189786134505
-5.988210960067885
-5.988217224973724
-5.988249063208301
-5.988264502430536
-5.98827930292182
-5.988290747947109
-5.988289501108827
-5.988293178790151
-5.988292205093156
-5.9883025903458105
-5.9882850508092345
-5.988284497890934
-5.9882930724622625
-5.988330421017194
-5.988359209489673
-5.9883646575407825
-5.988365123029108
-5.988385743513607
-5.988412851912463
-5.988416318471582
-5.98844835724948
-5.988485137753194
-5.988524400243271
-5.988552441207456
-5.988559523256906
-5.988580005708676
-5.9886145158539845
-5.988638690265696
-5.988649726668506
-5.988676823988245
-5.988693144623624
-5.988692689711604
-5.98871228543155
-5.988713459794534
-5.988722513055373
-5.988714902571685
-5.988731316193925
-5.98872686695403
-5.9887232260926035
-5.98873345738708
-5.988727305915642
-5.988721560780649
-5.988714635266575
-5.988712940705507
-5.988702303781839
-5.988700871073241
-5.988708879288743
-5.98869444779109
-5.9886654356946964
-5.9886366279818075
-5.988623071800356
-5.988630239238614
-5.9886196154266464
-5.988625220399495
-5.988634091556114
-5.988652635711798
-5.9886604183132
-5.988687022162191
-5.988722107300081
-5.988746175889711
-5.988745615432178
-5.988748010226768
-5.988760044271552
-5.988773323234525
-5.988786174800869
-5.988787317155743
-5.9887641238465
-5.988750678885229
-5.9887562494284605
-5.988739753716505
-5.98871507643675
-5.988701850195504
-5.988683531291873
-5.988673155101639
-5.988690133169293
-5.98870805259161
-5.988695790797369
-5.988684980604429
-5.988693903482552
-5.988686675294405
-5.988681475612258
-5.988705067308235
-5.988708211499286
-5.988710726772546
-5.988704926043141
-5.988718953740573
-5.988708075113852
-5.988733251900951
-5.988750900982441
-5.988753988308946
-5.988746758427343
-5.988744484759736
-5.988739096890306
-5.9887349745691525
-5.9887181007481205
-5.988713052866656
-5.98869611177197
-5.988668455082378
-5.988679486663048
-5.988656750680574
-5.988657935069715
-5.988659958021256
-5.988639949896622
-5.988628989053093
-5.988650619391203
-5.988645386943484
-5.988638191192025
-5.988642968522962
-5.988646374880824
-5.988646611897496
-5.9886490521323115
-5.988642878795679
-5.9886358040447005
-5.988624437590855
-5.988625172725209
-5.988605695967287
-5.9885888721271545
-5.988588848684515
-5.988590747937905
-5.988592291411112
-5.98858782764698
-5.98861020253706
-5.9886341620474095
-5.988637685469041
-5.988661355642035
-5.9886845780129745
-5.9886968883497
-5.988686456920002
-5.98869155717017
-5.9886976742082805
-5.988705029477461
-5.988703868467956
-5.988711717328877
-5.988699039258988
-5.988704260588304
-5.988725408017576
-5.988718548981677
-5.988720602509443
-5.988714336260806
-5.988706041182946
-5.988683072896867
-5.988685908590183
-5.988684874494066
-5.988702259378283
-5.988712407162526
-5.988713045124937
-5.988714517346946
-5.988725102065517
-5.98871402272314
-5.988704987013051
-5.988696585506138
-5.988689763750597
-5.988683877413314
-5.988655444053908
-5.988637337278
-5.988621888852126
-5.988596952895638
-5.98855127560305
-5.988518183718273
-5.988481594521398
-5.988454329970452
-5.988450416949596
-5.988436361385906
-5.988413941064494
-5.988369317583368
-5.988334550352546
-5.988312370805232
-5.9882744096174285
-5.98825642704137
-5.988244070634362
-5.988222563496166
-5.988233450989514
-5.9882317219859535
-5.988247867743055
-5.9882282217178195
-5.988227116414803
-5.988222573099978
-5.988222504661659
-5.988224905121054
-5.988224044059961
-5.988234570744269
-5.988240431805453
-5.988238657175442
-5.988256238275753
-5.988275064458052
-5.988286047617501
-5.988276548886466
-5.988264392598046
-5.988271959888369
-5.988270262947553
-5.988246710013975
-5.988250086163902
-5.98826690558059
-5.988276083832654
-5.988282485774349
-5.9882880326302015
-5.9882955576687475
-5.988314176817588
-5.988328590861148
-5.9883287571356
-5.9883408274070025
-5.988333686935162
-5.988320185692854
-5.988294661493183
-5.988282331468347
-5.988281301999635
-5.988303096945532
-5.9883187839759255
-5.988331977692128
-5.9883400205476445
-5.988360376131116
-5.988379340210961
-5.988394582506551
-5.988420499093704
-5.988422417560851
-5.9884231369689465
-5.988435372261068
-5.988449502026797
-5.988449269521892
-5.988451203887915
-5.988459545321411
-5.988479608555658
-5.988498468390599
-5.988500952170561
-5.988532348223341
-5.988536862023523
-5.988539378115363
-5.988544731224223
-5.9885223425380705
-5.988500043444817
-5.988492210352316
-5.98849257325802
-5.9884915916605275
-5.9884805409092925
-5.98845657818113
-5.988427706277229
-5.988400543417249
-5.988352375537309
-5.988327928438866
-5.988299401766683
-5.988288578891635
-5.988265063523576
-5.988251926363947
-5.988236524249681
-5.988225461402139
-5.988238627471275
-5.988246483757384
-5.988246407816197
-5.988229056172776
-5.988225442255161
-5.988222661367632
-5.988227252095177
-5.988216241886454
-5.98819712880091
-5.988171109572168
-5.988163691574747
-5.988131572942752
-5.988107212756949
-5.988092476714283
-5.988086361705133
-5.988091105295122
-5.988076328526096
-5.988073460785505
-5.988077484906147
-5.988094090708326
-5.988092280424566
-5.988108979802749
-5.988117594957296
-5.988130467757899
-5.988129587989614
-5.988134340942368
-5.98813592790379
-5.9881459454888
-5.988143439931671
-5.988177576018264
-5.988185892957703
-5.988197316634025
-5.9881940181747355
-5.988181920040574
-5.988182506310584
-5.988164396042757
-5.988154106890618
-5.988136687482526
-5.988107771318164
-5.988108988362278
-5.988096052799007
-5.988082320709809
-5.988082046182541
-5.988086334354145
-5.988088426935125
-5.9880680328124365
-5.988046988105341
-5.988038323731831
-5.98806237084397
-5.988067704569186
-5.98806410293936
-5.988065450552701
-5.988080097343099
-5.988085109014012
-5.988112250640294
-5.988127858304388
-5.988148049912826
-5.988182529778419
-5.9881998634226585
-5.988223186785943
-5.988241864959957
-5.988253710314818
-5.988267242566248
-5.988296224661547
-5.9883209305398175
-5.988330661381299
-5.9883463282455205
-5.988349667936455
-5.988371699392266
-5.98837639991753
-5.988380011226312
-5.988399645086035
-5.988418863871926
-5.988417728819982
-5.9884379892684025
-5.988460075216511
-5.98847913504472
-5.988472604239534
-5.988497690956162
-5.988526805273532
-5.988537067371224
-5.98856482718064
-5.988570641934162
-5.988564401692243
-5.988575384651724
-5.988578107586008
-5.988599576139608
-5.988607521420812
-5.988597880643063
-5.988594274487847
-5.988579139014511
-5.988548159191352
-5.988527989666244
-5.988537718723592
-5.988556745135393
-5.988555308077013
-5.988566329291138
-5.988587237193091
-5.988596004404182
-5.988621907037344
-5.988636407423596
-5.988658392210203
-5.988660140098893
-5.98866827606904
-5.988681269033841
-5.988692393663638
-5.9887170311536195
-5.9887319910532595
-5.988751826085407
-5.988762879657527
-5.988753539751554
-5.988744847179668
-5.988751488688902
-5.988777656928425
-5.988776575575166
-5.988783047114765
-5.988766220147711
-5.988768315798903
-5.988763540275671
-5.988754805819565
-5.988750602038687
-5.988755525277431
-5.988736110953364
-5.988745799285609
-5.988723016456361
-5.988723755049811
-5.988720922607162
-5.988718769377551
-5.988699704429811
-5.988696457055805
-5.988696824034323
-5.988684022425229
-5.988694550086003
-5.9887110301315944
-5.988728858703648
-5.988741193587581
-5.9887444596378945
-5.988755654911492
-5.988757726595977
-5.988752682151047
-5.988762546249321
-5.9887500796833795
-5.988758715902383
-5.988748446901787
-5.988740539314209
-5.988742653590284
-5.9887559916783335
-5.988765479833404
-5.988739808240537
-5.988744830503968
-5.988768307627681
-5.988772734527401
-5.98879587547673
-5.98880576140675
-5.988797201876657
-5.988795522586125
-5.988788413706157
-5.988787059217408
-5.988787339580558
-5.9887863433629205
-5.988799950259148
-5.988815931573233
-5.988822974801121
-5.9888264985762945
-5.988832532587951
-5.988819472380086
-5.988837077535739
-5.98886317470952
-5.988874349676548
-5.988886133188538
-5.988901824575895
-5.988918605534672
-5.988938265653568
-5.988931321604728
-5.988923674798009
-5.988930114988172
-5.988918530960854
-5.988904530924942
-5.988922152404889
-5.9889148465261375
-5.988908031942544
-5.98889840433304
-5.9889164863909645
-5.988906575718915
-5.988910457011955
-5.988918440558499
-5.988915690846102
-5.988905013604492
-5.9889186100748715
-5.988918651467946
-5.988916832652448
-5.988908565659396
-5.988914897865433
-5.9889202694848525
-5.988918767508759
-5.988920840346479
-5.988922683663637
-5.988905673899043
-5.988867597814438
-5.9888300429133885
-5.988784772412422
-5.98875587322125
-5.988745649609389
-5.988741505584621
-5.988726505496569
-5.988736812082994
-5.988738324585768
-5.988719233670413
-5.988725464874258
-5.988716250445157
-5.988714065516228
-5.988716865711152
-5.988710559083024
-5.988725352567001
-5.98870784456829
-5.988710756351195
-5.988705033339478
-5.988725945160808
-5.988751953485713
-5.98877048346752
-5.98877007219118
-5.988788567185659
-5.98879535566672
-5.98878793789856
-5.988797977149871
-5.988799428275474
-5.988787520937106
-5.988789196029354
-5.988781939636375
-5.988791019249589
-5.988779009712888
-5.9887734896418925
-5.98875888255759
-5.988749149564281
-5.988743222239228
-5.9887377753609465
-5.988732349180192
-5.9887351127972765
-5.988733857418811
-5.988747214835452
-5.988743106856005
-5.988743873492559
-5.988721731207649
-5.988710833744029
-5.988696418228875
-5.988686292768041
-5.988673059109055
-5.988656882575181
-5.988664295733446
-5.988659384391047
-5.988636971593465
-5.988624191513093
-5.988596708871437
-5.988582052715488
-5.988565190569524
-5.98853132416441
-5.9885087975487075
-5.988510151477209
-5.988499662345736
-5.9884817528083065
-5.988471278060029
-5.98846044926163
-5.988452499362804
-5.988433057261631
-5.988424804116661
-5.988435853799115
-5.9884338150284915
-5.988440563615934
-5.9884537163097065
-5.988455110920557
-5.988446360420973
-5.988436679268431
-5.988445603511141
-5.988460058031683
-5.988466178103531
-5.9884772176626235
-5.988470833550068
-5.9884515058749805
-5.988447277928
-5.988452334384073
-5.988466195675846
-5.988476175288091
-5.98848304027002
-5.9884832531560575
-5.988496012111809
-5.988498855060757
-5.988490861725765
-5.988504232065361
-5.988524550141962
-5.98852412384752
-5.988538529592516
-5.988546924030209
-5.988553353506838
-5.9885398991737055
-5.988525766576986
-5.988511580029365
-5.988509151948171
-5.98849278808885
-5.988487403095028
-5.98847827865781
-5.988478732209288
-5.988482344424515
-5.988480535382196
-5.9884676576938665
-5.988472076148152
-5.988459564157515
-5.988441477279202
-5.988419158812291
-5.9884092864781655
-5.9883954139423015
-5.9883814894496785
-5.988359112539621
-5.988349119300435
-5.988331396249762
-5.988328995173659
-5.988306987173253
-5.98826675923269
-5.9882511994272525
-5.988241679123028
-5.988226563555949
-5.988208969223345
-5.988203884360505
-5.988173812706183
-5.988160205775448
-5.988145776829718
-5.988136486270442
-5.988110673500722
-5.988112445602209
-5.988119887699523
-5.988109186736949
-5.988092816870407
-5.988073828976177
-5.988066403863941
-5.988063739671725
-5.98803922944287
-5.988020855991015
-5.988017406280929
-5.987997836568164
-5.987989745587004
-5.987979829712863
-5.987967146484207
-5.987958904413266
-5.987943993542095
-5.98795392965963
-5.9879549201031
-5.987975064899396
-5.9879901028560845
-5.98798289275084
-5.987995436910013
-5.988005579050571
-5.987994037710653
-5.987989166942025
-5.987995405431141
-5.988006252855948
-5.988013505558705
-5.988017977445324
-5.988035241929767
-5.988038582432007
-5.98802921577628
-5.9880374438615
-5.9880340480871865
-5.988033121649972
-5.988051047024074
-5.988074739682445
-5.988088156995463
-5.988074242462276
-5.988056884556362
-5.9880501051313075
-5.98803043332549
-5.988016076600383
-5.988008364492121
-5.987990315772416
-5.987988440151179
-5.9879784131808
-5.987957086629522
-5.987937226126939
-5.987943738148793
-5.98794121332277
-5.987946267519519
-5.987956091447617
-5.987949562099915
-5.987951045337827
-5.987916007746852
-5.987896711153092
-5.987901518331558
-5.9878938565859015
-5.987878048884346
-5.987882758128593
-5.987870501884217
-5.987858640118649
-5.987858843286239
-5.9878485779968225
-5.987832738130166
-5.987827965832124
-5.987847453369425
-5.9878421800878
-5.987840517888177
-5.9878282619816225
-5.98783198745706
-5.98781664565283
-5.987808090494501
-5.9877888046702195
-5.9877761645470615
-5.9877392451083
-5.987725872101811
-5.987718765596197
-5.987721334292431
-5.987738830709218
-5.987744182140777
-5.987740878218621
-5.9877183977217205
-5.98771536418177
-5.987713268428992
-5.987733526210957
-5.987743208053949
-5.987748685272638
-5.987752038235681
-5.987760945831005
-5.9877675938012676
-5.987766398629994
-5.987761936312436
-5.987754181393588
-5.987749774082388
-5.987756330154512
-5.98774413744321
-5.987757174530666
-5.9877555286343185
-5.987750877192724
-5.987746056252057
-5.987745176151143
-5.987742745812755
-5.987720319843205
-5.987704050161039
-5.987670359190143
-5.987632600519119
-5.987599364007018
-5.98757461211267
-5.987539407862482
-5.987502431678498
-5.987492148092093
-5.987492890056056
-5.987507849574747
-5.987521221440325
-5.987552682092348
-5.987560636082525
-5.9875966433146575
-5.987614494993581
-5.987624704094136
-5.98764355367671
-5.987651739249373
-5.98765449599067
-5.987665763118486
