Cumulative Canonical Ensemble Energies at T*=0.75
-6.477191511708043
-6.308281565531654
-6.200388903136987
-6.135708759038916
-6.098223315821505
-6.07324210868959
-6.051760144663264
-6.043997382959764
-6.05211710370499
-6.055652633391799
-6.052713660082944
-6.053158075199911
-6.052690963628738
-6.049665128086189
-6.0485238198031235
-6.045611179847074
-6.04583718675028
-6.050043582197401
-6.052495138646128
-6.05481690106431
-6.054597763817024
-6.052782152522619
-6.049859962901429
-6.051579700038313
-6.054048978233741
-6.053874739721375
-6.056564421567493
-6.058254467691515
-6.059354419912189
-6.061472092928766
-6.062608320903135
-6.063320257334512
-6.065567714673198
-6.066554408217918
-6.065879185705792
-6.0667163749670205
-6.066462020268222
-6.065235683371907
-6.065883578649814
-6.066944205297238
-6.0665982554616225
-6.066886218397844
-6.067505341650276
-6.068501368892674
-6.069611483245826
-6.069467468718417
-6.070426968373314
-6.070824426883655
-6.0716934010404096
-6.072241040602509
-6.072172456350865
-6.073544009534275
-6.074045699903708
-6.074784342682632
-6.073197972006118
-6.073422350093074
-6.074119391649796
-6.07509978112775
-6.074957000620214
-6.075403142520852
-6.075554537496961
-6.076445621609876
-6.076944522147851
-6.078280384028742
-6.079582374173327
-6.080671316905114
-6.081096380759879
-6.082087354115497
-6.0838053026047865
-6.085107901710312
-6.085235630437519
-6.085931472262597
-6.087560221033234
-6.087869315544741
-6.088437075898185
-6.089104139442331
-6.090780928544948
-6.092041261882405
-6.093081629031525
-6.093426179522503
-6.093771782564748
-6.094824209184936
-6.096500422094477
-6.098155932666513
-6.099551303868212
-6.100673998287405
-6.10200958659039
-6.1042141517529185
-6.10459246010934
-6.105583151475104
-6.106732712223299
-6.107604854242662
-6.109098014926092
-6.110561007053933
-6.111543701346652
-6.112848519946453
-6.113888470037786
-6.1152010401683405
-6.1165172901614495
-6.117725840492526
-6.11884136913558
-6.119590805739404
-6.119932012124537
-6.1208269720493025
-6.121939221416192
-6.122404016413194
-6.123510220939541
-6.12462878786367
-6.125539521344523
-6.126817103010791
-6.128249033153707
-6.129075041199235
-6.130243027827804
-6.131919010580967
-6.1331920202616885
-6.133901209792051
-6.134904026008395
-6.135576771141269
-6.136274181780982
-6.137053844098136
-6.1380639352776045
-6.139317278345379
-6.1407741207392545
-6.141819574274455
-6.143267206197193
-6.14454769132264
-6.145168146042435
-6.145255593576668
-6.145683171323415
-6.146235192671168
-6.146558579054187
-6.147123521048255
-6.147748175860263
-6.148170956891227
-6.148719427049211
-6.148998023881412
-6.149837335339614
-6.150904092918066
-6.151333506184771
-6.152108890831597
-6.152844171808649
-6.1536648698396945
-6.154368710780856
-6.154794767134855
-6.155951404509862
-6.156666956662201
-6.157378581159297
-6.157797174631988
-6.158081163648068
-6.158550016059762
-6.158733860164861
-6.159366047056701
-6.1601118001115065
-6.160381308395846
-6.160751133769994
-6.160889980765306
-6.160721719223033
-6.161330366316888
-6.161946542827308
-6.162836931200106
-6.163459011283932
-6.1633235640087225
-6.16358547902767
-6.163525450912351
-6.163762903851044
-6.16392519729149
-6.163972275994472
-6.164741797200543
-6.1653250051841315
-6.1654254522051986
-6.165652652831367
-6.166032515385165
-6.166566079349951
-6.167251194234044
-6.167950708587384
-6.1686969941368295
-6.169098352167212
-6.169230886471076
-6.16929969736796
-6.169077541582616
-6.169329932253297
-6.169760903748284
-6.1702899976231445
-6.17069094201756
-6.171554484568941
-6.172240499397269
-6.172707377352765
-6.17302336397544
-6.173324645822155
-6.173868943791851
-6.1742714977173305
-6.174180654656595
-6.1747366864216815
-6.175172994067207
-6.175287224787656
-6.175542112771488
-6.175586081153359
-6.17543401779903
-6.175567764499599
-6.175611479535275
-6.175777851845349
-6.176053740191625
-6.176613550614705
-6.176973402691549
-6.177509808865453
-6.17806649720404
-6.178276398753245
-6.178590586676906
-6.178779432037951
-6.179280274872401
-6.1792789522481355
-6.179450902107404
-6.179859389426123
-6.180437845503466
-6.180986519198295
-6.18114924158474
-6.181305132174524
-6.181325522816647
-6.181561596976698
-6.182240271481962
-6.1827448799707385
-6.183283296156504
-6.183758125382895
-6.184080213613806
-6.1842714402671275
-6.184623682159277
-6.185015465760552
-6.185497613766251
-6.1858992573486145
-6.186088335818655
-6.186487429180395
-6.186973853331167
-6.187299945918571
-6.187541431292858
-6.187325876402292
-6.187738813720932
-6.188037274450283
-6.188168032055284
-6.1882869927818955
-6.188621326600492
-6.18892407938283
-6.189244238197913
-6.189290605212585
-6.189738179447456
-6.18996515362655
-6.190414036493582
-6.190870401265883
-6.190814147919631
-6.190979991023493
-6.191311590672474
-6.191340910312289
-6.191602577332462
-6.191614478887774
-6.191705996228484
-6.1917945106192205
-6.192156431854455
-6.192322625448106
-6.192641342846967
-6.192772321679216
-6.192880876341913
-6.193252023502056
-6.193594453740292
-6.193696002788105
-6.194033669972321
-6.194650870770521
-6.195220757787439
-6.195740648496332
-6.196238428713229
-6.196662182924237
-6.1970872457195645
-6.19744141383472
-6.1977241219802925
-6.19780644214915
-6.19814192085496
-6.198351033730892
-6.198581436079198
-6.198755587327715
-6.199048518103418
-6.199383347669805
-6.199546861773004
-6.1998637281887685
-6.199838070089534
-6.200075073649136
-6.2003293023824515
-6.200559728454315
-6.201034957957553
-6.201296365006697
-6.201735111485387
-6.201844156792629
-6.202140830786723
-6.202104603200606
-6.202069722746096
-6.202168758269747
-6.202499472225924
-6.202557852544787
-6.20301986881158
-6.2033623644210865
-6.20331765868894
-6.203497760611113
-6.203863291994686
-6.204391532112368
-6.204682000675874
-6.204863656765485
-6.20509986344551
-6.205296255743111
-6.2056273749067525
-6.206017478581475
-6.206394318062274
-6.206736148862171
-6.207179625610999
-6.20759390403417
-6.207928261716191
-6.208195691628242
-6.2084967024421465
-6.208498513751184
-6.208665600618508
-6.209034245595598
-6.209291416730303
-6.20982166699092
-6.210302051425227
-6.21075286752846
-6.211227126997246
-6.211800548718841
-6.212118774592176
-6.212416253175557
-6.212546314241515
-6.212590839477457
-6.212784141508168
-6.2130283967937405
-6.213539143930063
-6.213848331510541
-6.214321785313754
-6.214573965431394
-6.21482269973894
-6.215251983846169
-6.215883483314808
-6.216399568873881
-6.216648841327163
-6.2166334920287705
-6.216913505638786
-6.217185985546531
-6.217404167897076
-6.217612255424323
-6.218028260862541
-6.218130477735969
-6.218560583875225
-6.218951662743549
-6.219365690879762
-6.2196995561943496
-6.2199933527546705
-6.22011093886825
-6.220226190087735
-6.22059043909358
-6.220976577050658
-6.221466794342827
-6.2217100028456205
-6.222313500495704
-6.222700914282163
-6.222905552840859
-6.2231361119474675
-6.223528970435366
-6.224090017554492
-6.224270492184223
-6.224713996625396
-6.225088380656768
-6.225185173911154
-6.225221249207121
-6.225025641551079
-6.225156288997435
-6.225135417440246
-6.225180292215861
-6.225161581492834
-6.225210588249881
-6.225385877225812
-6.225461712220322
-6.225330849062516
-6.225465690489401
-6.225617321877935
-6.22578299233701
-6.226107233121828
-6.226516037954429
-6.2270948411099765
-6.227495673975995
-6.227815211976032
-6.228244848634013
-6.228525898320195
-6.228792436923842
-6.229044063540343
-6.229204583435125
-6.2294231587036695
-6.229785682693067
-6.230024528138941
-6.230178760787047
-6.2304449751934525
-6.230714658173414
-6.231073107522472
-6.23145567217836
-6.231768908251273
-6.232028516331803
-6.23234031907611
-6.232628367396686
-6.232752541317764
-6.232813220654734
-6.233047558115478
-6.233529685334225
-6.233835346241291
-6.23432062409559
-6.234718621286844
-6.235037366930173
-6.235217278593902
-6.235539655951123
-6.235786588683281
-6.235902895690806
-6.2359110167332545
-6.236039596680018
-6.236270969243107
-6.236437742301172
-6.236670788992826
-6.236816886462033
-6.237104130652064
-6.237331662227543
-6.237598525380473
-6.2377372973664365
-6.238032922782048
-6.238230085057502
-6.238447778250497
-6.238750050846255
-6.238944121934453
-6.23926747343559
-6.239564409251393
-6.239841984058974
-6.240146694069711
-6.240321468203673
-6.2405004114091955
-6.240710615838371
-6.240691960327655
-6.2408245774335755
-6.240961844337865
-6.241260156724266
-6.2415670545123465
-6.241723529560292
-6.24198433686749
-6.2424772428491835
-6.242808193298725
-6.243146944098826
-6.243519543210879
-6.243660458772336
-6.243975654110422
-6.244155077925863
-6.244342248312258
-6.24444766685253
-6.244739212247678
-6.245022649656883
-6.24538047470697
-6.24569273406079
-6.245877996376928
-6.2459953459630935
-6.246239062237321
-6.246535971598918
-6.24674997783911
-6.2468324760642275
-6.246930015103069
-6.247106088555202
-6.2472859267514504
-6.247483113279556
-6.247783105800039
-6.24791028527855
-6.2480769972744605
-6.2482121265140265
-6.248335690609318
-6.248472197598976
-6.248508083740804
-6.248670492676578
-6.248713002079242
-6.248978633445366
-6.2492860251110605
-6.249410502950762
-6.249442892550929
-6.2496237428675
-6.249751136411322
-6.249992486277853
-6.250043244515331
-6.250138940048251
-6.250386729210529
-6.250503822074852
-6.250738804941635
-6.251014385884923
-6.251285091241093
-6.251312187091224
-6.251292262105511
-6.251332400257395
-6.251372185965184
-6.251409831709301
-6.25144913752379
-6.251400431864787
-6.251421801514376
-6.25135693026783
-6.251378106077558
-6.251400833928579
-6.25144537852231
-6.251519183667061
-6.251490855070444
-6.251605541135271
-6.251591243457608
-6.251602598199063
-6.251585761551779
-6.251597050465224
-6.251658630929182
-6.251527625957283
-6.251544547879295
-6.251646330588469
-6.2518623463090295
-6.2521149114043055
-6.252058694847041
-6.252219062446096
-6.252198585720449
-6.252122928226516
-6.252102530388729
-6.25205611648507
-6.252182779933239
-6.252362719790983
-6.252507845324839
-6.252591819680167
-6.252500563574676
-6.252545421296093
-6.252488312290741
-6.252449850963803
-6.2525290582405315
-6.252591076929548
-6.252649882587469
-6.252694726148335
-6.2526484127992035
-6.2526303570618245
-6.252532156722831
-6.252482649862645
-6.25245569559132
-6.252480327061762
-6.252366062827094
-6.252246961703
-6.252267323849257
-6.252219130840332
-6.252245533413428
-6.2522661132119515
-6.252385125142854
-6.252417030176953
-6.252366537432586
-6.252405397610584
-6.252602489847323
-6.252569970038379
-6.252628703741349
-6.252667109602555
-6.252863687242103
-6.252899078925895
-6.252889208888332
-6.2530492024433855
-6.253131785698517
-6.253231992997644
-6.253340580694859
-6.25340889289919
-6.2535160376068815
-6.253428242795958
-6.253528044818088
-6.253683489878392
-6.253716721503817
-6.2536819113968445
-6.253763949637141
-6.25387670363197
-6.253900619672799
-6.253970740680687
-6.25383503785457
-6.253754301080614
-6.25356861123898
-6.2535447716319865
-6.253715398856132
-6.253791746059506
-6.253796566685915
-6.253713839014496
-6.253659111612289
-6.253682784718368
-6.253742651412244
-6.253758711927424
-6.253903683593495
-6.253899611887405
-6.253881987038192
-6.254007386946181
-6.2540773888821155
-6.254092196527184
-6.254253834664809
-6.25442158262992
-6.254531200545242
-6.254708478673092
-6.25472252354497
-6.254888233336757
-6.255005459224268
-6.255158082665072
-6.255196630052895
-6.255339617059574
-6.2554735888557875
-6.255535615417501
-6.255597370115139
-6.255758514972872
-6.255802554325643
-6.255849212700474
-6.255966439748158
-6.255972513672928
-6.256079383163386
-6.25620756811897
-6.2563356529810905
-6.2564623413353075
-6.256504581968847
-6.256696438544054
-6.256786268009842
-6.256745509286173
-6.256760374190504
-6.256899489983066
-6.256935353332451
-6.257033803723623
-6.257071284848552
-6.25715271267267
-6.257392845676095
-6.257629226555439
-6.257809687220246
-6.257900939176172
-6.257880335089374
-6.257966150929059
-6.258083796082081
-6.25815764265773
-6.2581529054522935
-6.258256110346701
-6.258387718636309
-6.2583757259032415
-6.2582886793553465
-6.2583549765911695
-6.25831161711532
-6.258315746750952
-6.258285906670173
-6.2582384657121235
-6.258176528770357
-6.258255104354513
-6.258281426007054
-6.258375514466689
-6.258462727694648
-6.258528376832512
-6.258579430676652
-6.258660778273527
-6.258783717041146
-6.258971831775987
-6.2591162251019625
-6.259346797396744
-6.259584704467327
-6.259803672344704
-6.259865545092165
-6.259980837076707
-6.260166694572005
-6.260437654259417
-6.260643137820117
-6.26075939741003
-6.260758297774929
-6.26091918944271
-6.26116286320481
-6.261296772241659
-6.2615186411253285
-6.261717425855752
-6.261829154490315
-6.261988378085686
-6.262179326812469
-6.262277859266627
-6.262333853113355
-6.26250100190835
-6.26261592888624
-6.262798492503083
-6.2629194064474625
-6.263048491856941
-6.263150895138985
-6.263423626472302
-6.263621138009005
-6.263869602843123
-6.263998295241354
-6.264105725855513
-6.264245068250066
-6.264360208024099
-6.26457572508846
-6.264792697709015
-6.265069919512068
-6.265264040120137
-6.265497387422565
-6.265702387636894
-6.265921461455007
-6.266140410914701
-6.266273066881257
-6.266454107419373
-6.266564825059147
-6.266785239659419
-6.266961738594724
-6.2670576291262226
-6.267258479559496
-6.267544822970754
-6.267852262919455
-6.268123636847692
-6.268337354944747
-6.268487266215511
-6.268593077731589
-6.268695309964317
-6.268946336807764
-6.269138318797034
-6.269375852110228
-6.269602250913829
-6.2698424104157615
-6.2700349414325665
-6.270280731877058
-6.270507605415451
-6.270772344212486
-6.271049210826947
-6.27137430780282
-6.271640687601002
-6.271827063413294
-6.271878602801112
-6.27202816157814
-6.272210145528477
-6.272415438055852
-6.27272483467308
-6.272969009734512
-6.2731766635804345
-6.273387703303973
-6.273607513874278
-6.273803510802197
-6.27391127685418
-6.274012815195532
-6.274084256148993
-6.274224945772613
-6.2743673192573395
-6.274488781953938
-6.274633964717361
-6.274786592903961
-6.274965996852069
-6.27513808584581
-6.275217680771744
-6.275351679642854
-6.275548021811865
-6.275696000109036
-6.275911776367765
-6.276073200189163
-6.276232063219033
-6.27641384405737
-6.276519420582121
-6.276729819295869
-6.27691172204189
-6.2770998554316835
-6.277337554666513
-6.27760673484216
-6.277786614238205
-6.278058024750886
-6.278285436908731
-6.278391903265802
-6.27861109806342
-6.278828250328837
-6.278948311496789
-6.279131201793452
-6.279280147017161
-6.279471466519243
-6.279659442909568
-6.279816780628788
-6.279965282788232
-6.280145944851297
-6.280320808979527
-6.280515529900556
-6.280659373225872
-6.280815827633467
-6.2809742874860985
-6.2811727717078245
-6.2813677236051655
-6.28159537596861
-6.281811442314104
-6.281940635307158
-6.282143832907973
-6.282343539171509
-6.282589114076163
-6.282742172236702
-6.282883659395232
-6.283070610773657
-6.283245418115381
-6.283314432229856
-6.283457278468382
-6.283597086161613
-6.283765583763645
-6.283968114533313
-6.284220441283619
-6.2842694176615
-6.2843410678039335
-6.284425547611627
-6.284506044038452
-6.284575582005793
-6.284704564531731
-6.284847212245701
-6.285021755515014
-6.285087719370465
-6.285212133675362
-6.285284710903896
-6.285398788844351
-6.2854897597334745
-6.285490550005194
-6.2856401138461555
-6.285824239691963
-6.286012899311443
-6.2863388001189
-6.286504555001339
-6.28659708139772
-6.28663156701257
-6.286693728573401
-6.2868340488232795
-6.286898090024641
-6.287036490831076
-6.2871023744824885
-6.287195081757138
-6.287180986659224
-6.2872455887202765
-6.28718911837757
-6.287194299434107
-6.2871910057434075
-6.287246496914034
-6.287341589680561
-6.287459696977874
-6.2875346557288285
-6.287576540450505
-6.2876654281373945
-6.287671719142986
-6.287623990678849
-6.28764408590104
-6.287663647798664
-6.28776039857921
-6.287868662155342
-6.2879676445384645
-6.288113455776912
-6.288231265651422
-6.2883571628232495
-6.2885142106714795
-6.28863561372462
-6.288754247522644
-6.288885801357716
-6.288999030165249
-6.289149841890516
-6.289214231013271
-6.289333531653139
-6.28946161214941
-6.289623969249298
-6.289717860161185
-6.289904140048932
-6.289981312246558
-6.290154560507762
-6.290319646676287
-6.290512744772174
-6.290644153773993
-6.290768024501535
-6.290930508958028
-6.290944266575737
-6.291117000299435
-6.291243832331514
-6.29134478252096
-6.291438861831026
-6.29148816979667
-6.291485531793317
-6.291572809225884
-6.291669143016762
-6.291828250392437
-6.291875714515272
-6.2920459413637815
-6.292130595715544
-6.292248539722155
-6.292424947652028
-6.2924875013263595
-6.292461597171868
-6.292580770470632
-6.292710468218962
-6.292783643943689
-6.292940079812757
-6.293026479520997
-6.293125150376174
-6.293236495787236
-6.293332863229374
-6.293277871008929
-6.29337350874135
-6.2934950376211765
-6.293586625110513
-6.293635824577504
-6.293711981723163
-6.293832278253237
-6.293915606654952
-6.294044277312127
-6.294052991759308
-6.294086598808154
-6.294117983584091
-6.2941989276108545
-6.294326689007845
-6.294402722191939
-6.294486830353704
-6.294583745666392
-6.294651917079593
-6.294689057010309
-6.294723501613096
-6.294835624807647
-6.295024415320858
-6.295215042103295
-6.295341259049572
-6.295443983533468
-6.295410615654928
-6.295484133426696
-6.295563666986893
-6.295675136950611
-6.2957651834592605
-6.295931997244467
-6.296150706590906
-6.296319756743968
-6.29646397931059
-6.296617351449758
-6.296781528491326
-6.296966573374992
-6.297105867293873
-6.297239834028843
-6.297418913304219
-6.297557536321046
-6.297658333735336
-6.297801557376951
-6.297922407079135
-6.298004143767269
-6.2980140740487025
-6.298025498246552
-6.298143594226013
-6.298242168881584
-6.29824286324528
-6.298369364850938
-6.298533634692186
-6.298640870733719
-6.298815195565119
-6.29896262591592
-6.299047786548326
-6.299174007621607
-6.2991753399563555
-6.299230039019927
-6.299355158249031
-6.299449139126592
-6.299449219934822
-6.299540477624396
-6.299589072700321
-6.299743930818806
-6.29987602731714
-6.300038907448989
-6.300101526394703
-6.300213189890717
-6.300288831849207
-6.300367737611042
-6.300478585488059
-6.300536785979567
-6.300578117163056
-6.3006126858322595
-6.300701884789308
-6.300740628514375
-6.30079642482786
-6.300870555845552
-6.300973009458763
-6.300985937602837
-6.3010274449995
-6.301110017109722
-6.3012157695578
-6.301284278336691
-6.301246985230368
-6.301310156624723
-6.3014929904844745
-6.301627387093194
-6.301700009557734
-6.301769582424194
-6.301834250793129
-6.301869862075265
-6.301984765633782
-6.3020944805733805
-6.30223960374896
-6.3023855810858915
-6.302463548969731
-6.302609353317428
-6.302696501458633
-6.302807346035887
-6.30295765116451
-6.303110888742332
-6.3031712369664845
-6.303179596898341
-6.303096281186574
-6.3031595365749356
-6.303180120509338
-6.303101836011166
-6.303067522968501
-6.3031481654907875
-6.303208108480368
-6.303301992765103
-6.303433881758412
-6.303602168498404
-6.303824936764981
-6.303997590126855
-6.304120669219392
-6.304260155257841
-6.304338755580836
-6.304463677171599
-6.304589251198806
-6.304732506622167
-6.304862891968833
-6.305015121953429
-6.305098230465483
-6.305112210595881
-6.305154211238957
-6.305208124852419
-6.305267202946082
-6.30536548970843
-6.305451867526221
-6.30555301801327
-6.305699159213254
-6.305810748636466
-6.305777672359274
-6.305803960834232
-6.305903955380325
-6.305991477174211
-6.3060754317387575
-6.306119791407754
-6.306201544891883
-6.306299223007706
-6.306336108330147
-6.306418627408539
-6.306539851798396
-6.3066086549284215
-6.306659005136448
-6.306750724581863
-6.306867122447367
-6.30703230485566
-6.307147212016872
-6.307255257440847
-6.307385107475415
-6.307529075393534
-6.307613591327652
-6.3077077063397455
-6.307724909892774
-6.3077599589040245
-6.307861230173325
-6.307924268514322
-6.307985929539532
-6.308059384087881
-6.308120797359985
-6.308216514580067
-6.308344197844262
-6.308487848024355
-6.308624246100822
-6.308693133097372
-6.30875291522912
-6.308774992725536
-6.30886637274087
-6.3089935271774955
-6.3090333660694835
-6.30909169534617
-6.309120662835897
-6.309219303812752
-6.309245740362012
-6.309301258056519
-6.3093128047517695
-6.309350933293962
-6.309471315765399
-6.309542579735153
-6.30962177783921
-6.30977992190205
-6.309878578116889
-6.310013700927308
-6.310145703048448
-6.31020893817118
-6.3103439800711225
-6.310431063390291
-6.310493197906777
-6.310599750135102
-6.310677407583153
-6.310788082255323
-6.310880199264424
-6.310981254658553
-6.311063733994489
-6.311096806706299
-6.311156111293878
-6.311191468707688
-6.311303736972218
-6.311405895966024
-6.31154554852305
-6.311641495387463
-6.3117340604080265
-6.311853846436576
-6.311959168302146
-6.312044210476978
-6.312096402691158
-6.312163417032007
-6.312297099487659
-6.312337857018679
-6.312416167912874
-6.312484758187479
-6.312623737923724
-6.3127099966101
-6.312803101003196
-6.312897942177229
-6.312994614670007
-6.313157963360225
-6.313245160268506
-6.313369647269812
-6.3135197831717385
-6.3135673887276615
-6.31357125328227
-6.313587564415177
-6.313695488039255
-6.313832583732116
-6.314045346363631
-6.314171612501412
-6.314289980745893
-6.314440923477348
-6.314565572923276
-6.314718651589098
-6.314834723473631
-6.314990660471346
-6.315118374078401
-6.315258162336252
-6.315430448796406
-6.315518059946967
-6.315636670314634
-6.31573091556276
-6.315857323623674
-6.315944462773139
-6.316042118244714
-6.316050399530425
-6.316062897997338
-6.316115598177556
-6.316166147741762
-6.316215243066366
-6.316277215046082
-6.316347388305104
-6.316442698418064
-6.3165470905291725
-6.316595764750853
-6.316636476434076
-6.316761117164091
-6.3168632011809756
-6.316960354454114
-6.317015235611111
-6.31715934738881
-6.317255484649099
-6.317442485030805
-6.3175755929172
-6.31770719447629
-6.317761754782336
-6.317838968722519
-6.3178642989049285
-6.317940616792451
-6.318081120818069
-6.318191059697321
-6.318249660984529
-6.318327014316272
-6.3184057156336655
-6.318433048660423
-6.318545563397401
-6.3186485143457185
-6.318785960799583
-6.3189365320424855
-6.319004728705715
-6.319088872938243
-6.319191474275385
-6.319310285757105
-6.319453457130862
-6.319516065415218
-6.31960304015367
-6.319667925240448
-6.3197375624304275
-6.319857976233243
-6.319977652535947
-6.320079408186661
-6.320151537090479
-6.320158526380889
-6.3201922069570555
-6.320248734794033
-6.320333831565682
-6.320447692071
-6.32058825373815
-6.3207406885260164
-6.320849146411291
-6.320953219885061
-6.321009393687813
-6.321160833980916
-6.321260751880136
-6.321345797409045
-6.321460206898357
-6.321576667241855
-6.321696351966968
-6.321859127349759
-6.321895887246505
-6.3219358776280385
-6.321982223314383
-6.322050479287341
-6.322123865148704
-6.322159295658021
-6.322209589722942
-6.322290236923633
-6.3223320316032705
-6.322410161832855
-6.322451754623929
-6.322486422647507
-6.3225585392172485
-6.32262975954418
-6.3227539457396205
-6.322843242592897
-6.322923797806328
-6.322951194263264
-6.322980623712566
-6.323023133384296
-6.323073171707605
-6.323170093510735
-6.32325343202001
-6.32335063991199
-6.323456486895915
-6.323581971505826
-6.32374450926925
-6.3238556405300725
-6.323928476076685
-6.323974642076705
-6.323995036629198
-6.324071561022192
-6.3241571780754535
-6.324238185045745
-6.32433774581466
-6.324425460077042
-6.324502471345405
-6.324582244056017
-6.324679635530991
-6.324720982274402
-6.324797177937345
-6.324903354602511
-6.324991498542275
-6.325091866584781
-6.325175292522127
-6.32524300081275
-6.325283842534332
-6.325334316458896
-6.325383630087274
-6.325466945286845
-6.325559382039973
-6.325651389560958
-6.325742897847484
-6.325804631847123
-6.325908509748457
-6.32596397662456
-6.326025698451894
-6.326110630336575
-6.326201893359851
-6.326314396857841
-6.326442093140817
-6.326559674923181
-6.326703895977351
-6.326854478501803
-6.326950054977167
-6.327050248745426
-6.327112031793519
-6.327217342606235
-6.327309634933272
-6.327373828392713
-6.327406885577655
-6.3274633996856915
-6.327494587820221
-6.32755745004796
-6.327649070706364
-6.327746152804234
-6.327835085807675
-6.327857418612105
-6.327890819132009
-6.327968242328049
-6.328066794185625
-6.328197480114562
-6.328384090352754
-6.32857730016632
-6.32873682898726
-6.328856104230101
-6.329036170391835
-6.329227508775565
-6.3293881199659126
-6.3295166716833196
-6.329649727699261
-6.32969820681561
-6.32981825774275
-6.329910244602245
-6.32995555730529
-6.330073621452407
-6.330115870843567
-6.330109807046364
-6.3301558919494525
-6.330268791928299
-6.3303966647508325
-6.330514592602069
-6.330649349888655
-6.330772323832981
-6.330836534883452
-6.330914488040735
-6.33093054865834
-6.330999506542206
-6.331024843129231
-6.33101646378869
-6.331034979624165
-6.331004518785512
-6.3310690116377595
-6.331080129995215
-6.331138155164118
-6.331152187116363
-6.331137242526191
-6.331176113866725
-6.331180367134995
-6.331182721872105
-6.331189421054095
-6.331240045516127
-6.331267294154607
-6.331301968613109
-6.331376778872356
-6.331514171909053
-6.3316489629097115
-6.3317282068543985
-6.33185146516335
-6.331942469864328
-6.332059572756261
-6.332199677027696
-6.332266669336105
-6.332383196322593
-6.332461190608271
-6.3325649061069385
-6.332702241011614
-6.332763239694251
-6.332762902671367
-6.332781690291948
-6.332802740440651
-6.332832716015666
-6.33285181500784
-6.332905938833428
-6.332965926144766
-6.332980276976322
-6.332987311383356
-6.333016378933094
-6.33303365838927
-6.333087551802195
-6.333164372538601
-6.333214639786702
-6.3332106195151
-6.333264610184461
-6.33331570844399
-6.333433433697619
-6.333457282154501
-6.333534753911488
-6.333625781052739
-6.333700360608224
-6.333813457541154
-6.333859525479341
-6.333911669662796
-6.333951180641779
-6.3340324097634975
-6.334133034054724
-6.334171897278254
-6.334144911649583
-6.3341386557331205
-6.3341289115435755
-6.334078638613508
-6.334078608002249
-6.334141176932991
-6.334193217819171
-6.334260953129635
-6.334224730523776
-6.334217812084149
-6.3342366094570615
-6.334234614478573
-6.334208542125526
-6.334203590653567
-6.33424017480317
-6.334259322523764
-6.3342921151370675
-6.334349617416606
-6.334413882092176
-6.334495224087602
-6.3345751276766205
-6.3346998055722725
-6.334823222209714
-6.334871615226451
-6.334962171542079
-6.335020046391012
-6.335017253499598
-6.334995311772456
-6.335050335438836
-6.335078821679471
-6.335098253478487
-6.3352064067476235
-6.335267484234606
-6.335370510336422
-6.335379571868257
-6.335437158321788
-6.335557319785181
-6.3356427211473045
-6.335689644938772
-6.335727919263871
-6.335748629194384
-6.33579814202816
-6.335790816020295
-6.335813541445816
-6.335854800767491
-6.335871809644687
-6.335925413104721
-6.336005163373144
-6.336098705075258
-6.336190998400312
-6.33625306133338
-6.336275699373175
-6.336310519442777
-6.336364564639243
-6.336422469080839
-6.336525335306084
-6.336624716657514
-6.336676568533992
-6.336724708276029
-6.336831452564874
-6.336863622893112
-6.336962362580209
-6.337051082279539
-6.337135001706767
-6.337190329050285
-6.337224207438398
-6.337266109785809
-6.33729977056944
-6.33729401864423
-6.337263492820126
-6.337286351337178
-6.3373226350181655
-6.337397290470393
-6.337494324721235
-6.337569623719951
-6.337649248422595
-6.33770902994942
-6.337792046253569
-6.3378658937290515
-6.337967285590606
-6.338079952795118
-6.338133179906667
-6.33824132168593
-6.338312150476013
-6.3384424934377845
-6.338521665380928
-6.338553987126688
-6.338593142409555
-6.338683585959871
-6.338772130916863
-6.338850174219533
-6.338977093319011
-6.339062008662391
-6.339138526153837
-6.339188304593637
-6.339215372020036
-6.339278285024918
-6.339311741197804
-6.3393597611910515
-6.33945261880508
-6.33958380296315
-6.339686044601775
-6.3397353075167215
-6.339803960684981
-6.339917653450111
-6.340035012834972
-6.340104789570831
-6.340178301161573
-6.340178327069127
-6.340179426651282
-6.340197686895199
-6.340217443611632
-6.340223703037175
-6.340240151352538
-6.3402490117481705
-6.340261593615496
-6.340296097034028
-6.340359018659381
-6.340407087580541
-6.34049848622286
-6.3405126957654305
-6.340513536293337
-6.340553463595947
-6.3405904670226505
-6.340653341031173
-6.340718783581794
-6.340784270989845
-6.340857171421755
-6.3409543301455145
-6.341017658557944
-6.341105715290132
-6.341177721990727
-6.341253167759811
-6.341356478248292
-6.34146253265323
-6.341498012201123
-6.341532100450143
-6.34158937765002
-6.3416710912545415
-6.341701257768703
-6.34175598401449
-6.341830304242139
-6.34191090761989
-6.341970146523307
-6.342034207430064
-6.342102007184664
-6.342182936157725
-6.342276957405147
-6.342330175370348
-6.342326939188536
-6.342341280617568
-6.3424160595425585
-6.342482687392145
-6.342557591658593
-6.34266189918528
-6.34273417028701
-6.3428046314706465
-6.342864300904374
-6.342904920903975
-6.342949076406556
-6.343022315612904
-6.343123440700227
-6.343195494125391
-6.343230734318522
-6.343269405573704
-6.343335456200425
-6.343422933268999
-6.343514716633408
-6.343599167954251
-6.343660916899665
-6.343764759436052
-6.343834688140434
-6.343900920962961
-6.343978013295407
-6.344064113769131
-6.344137987975865
-6.344193129224474
-6.344271157339963
-6.344269022566417
-6.344259724675509
-6.344325254650798
-6.344404015742264
-6.3445021870431155
-6.344567405509262
-6.34462839273268
-6.34475079044028
-6.344883932285074
-6.344935908368088
-6.345001248301833
-6.3450268667562115
-6.345032744472274
-6.345050900679987
-6.345074170100405
-6.345095844835602
-6.345140393338162
-6.345194122392666
-6.345218672325366
-6.345301789836185
-6.345382887315861
-6.345414963191873
-6.3454569379125845
-6.345517862191146
-6.345580363078606
-6.345610888712759
-6.345618218168357
-6.345695380197827
-6.345738526196216
-6.345728942431
-6.345774797920716
-6.345803537963837
-6.345858539953211
-6.345919417128953
-6.345936968855445
-6.345980330207266
-6.346021931233687
-6.346063267629404
-6.346107278090133
-6.346178968639868
-6.346240248730172
-6.346268297448542
-6.346265588422258
-6.346301353484271
-6.346306320113913
-6.346248648209065
-6.346236493180203
-6.346232086393954
-6.346208306800663
-6.346212476340607
-6.346247640943787
-6.346294919551394
-6.346377537279097
-6.346447208803617
-6.3464845443041735
-6.3465227135405256
-6.346603214276229
-6.346685238211002
-6.346726780552414
-6.346760273366413
-6.3467634671489614
-6.346770670195246
-6.346769662267372
-6.346837488535732
-6.34687887070668
-6.34694967604008
-6.347003083998659
-6.347033600749263
-6.347104907570082
-6.34710224060464
-6.347145458922822
-6.347218332341809
-6.347268198823587
-6.34725405879044
-6.347248492174412
-6.347250508970737
-6.347241762296996
-6.347296534885816
-6.347324660124095
-6.347364047018773
-6.3474107344192845
-6.347429854041129
-6.347439377934479
-6.347480615032002
-6.347583748742761
-6.347675501834464
-6.347748741541405
-6.347767053323538
-6.347791089604303
-6.347821840807592
-6.347860948168666
-6.347942465300647
-6.3480259894622755
-6.3480601314372
-6.348136974460579
-6.348174529795636
-6.348198619922401
-6.348244235959113
-6.3482917566653505
-6.348286775314239
-6.3483104815406985
-6.348361571058103
-6.348449359362281
-6.348518681998157
-6.348544378914307
-6.348587421135557
-6.348642673106758
-6.348679359059828
-6.348668840545139
-6.348695247401614
-6.348687276946888
-6.3487545090889625
-6.348811630494611
-6.3488349987929675
-6.348855687795037
-6.348949591168433
-6.3490342994616995
-6.3491318394623475
-6.349163526675305
-6.3491670150814175
-6.34924545460908
-6.349309175863747
-6.349383299766491
-6.349463008294978
-6.349530206998063
-6.3495969872611955
-6.349686324904379
-6.3497472827119585
-6.349775598452511
-6.349803484605843
-6.349824525107217
-6.3498930948275225
-6.349944304840847
-6.3499677911682175
-6.349999439083551
-6.3500121003893035
-6.35003300469579
-6.350024434501302
-6.350003205447496
-6.350031092723964
-6.350029933229751
-6.350093670761163
-6.350134106974757
-6.350155140043825
-6.350090225095377
-6.350074410979016
-6.350079400770106
-6.350039053963381
-6.3500632262550605
-6.350064544435095
-6.35001978315196
-6.350014205080987
-6.34998489310077
-6.350030037029419
-6.350003273632513
-6.350031890801542
-6.3500371066254
-6.35005426144064
-6.35006898611238
-6.35011039769943
-6.350179558905401
-6.350229984814762
-6.350282467222721
-6.350307244622974
-6.3503354972631945
-6.350404149233551
-6.350450817904195
-6.35049487419951
-6.350578027966278
-6.350655965241284
-6.350677023063312
-6.350680439105127
-6.350687314285988
-6.350725773880781
-6.350765418878631
-6.3508104068077476
-6.350831593669411
-6.3508345818887495
-6.350886569308233
-6.350958626421056
-6.351049287268604
-6.3511010331019255
-6.351223294632762
-6.3513058730359315
-6.351414412039973
-6.351461406990804
-6.3514896258007285
-6.351513399497763
-6.351549924899866
-6.351615460858252
-6.351683706250051
-6.351750470877379
-6.351788114751016
-6.351835965100019
-6.351833189173985
-6.35184675252573
-6.351891830241093
-6.35189260922785
-6.35194691438527
-6.351987378982964
-6.35200812609114
-6.352030685536553
-6.352065035512921
-6.352105672412077
-6.352129957823595
-6.352164640026854
-6.352193626930492
-6.352189160627343
-6.352203582387893
-6.3522298138327535
-6.352283879252161
-6.352281975438465
-6.352324732511473
-6.352353661780042
-6.352401033326444
-6.352459748988367
-6.352509245058652
-6.352550885908667
-6.352618029783626
-6.352666558150571
-6.352718144258062
-6.352779470477446
-6.35285177986473
-6.352904138590849
-6.352957521192783
-6.353058336796407
-6.353140910753982
-6.353178652564776
-6.353177272077628
-6.353148099956422
-6.353155751880294
-6.3531835008450726
-6.35320222200105
-6.353258860563333
-6.353269412678453
-6.3532855686131775
-6.353318713960939
-6.353373427527719
-6.353414143514926
-6.353437519101501
-6.353453385651774
-6.3535006828977165
-6.353569078498518
-6.353631105148468
-6.353690581273855
-6.3537695685203515
-6.353846366566613
-6.353887804294433
-6.3539116259759485
-6.35394508288673
-6.353987001304356
-6.35401444082308
-6.354006641221157
-6.354064187426384
-6.354129761991127
-6.354163463731691
-6.354169951723521
-6.354170931264595
-6.354186349942891
-6.354178439272043
-6.354187351720267
-6.354160835669632
-6.354125982143882
-6.354077310861604
-6.3540542827185496
-6.3540838377360265
-6.354120993050085
-6.354126429944833
-6.35417580828241
-6.35421266057953
-6.354230451676996
-6.354275030592609
-6.354299164268726
-6.354341300771075
-6.354373591990625
-6.354363062267519
-6.354387577254674
-6.354416695161551
-6.354417323760299
-6.3544517590631
-6.354467502575677
-6.35445068203184
-6.354409987896625
-6.354425552505467
-6.354436330929668
-6.354448296814272
-6.354484700857795
-6.354531986242828
-6.354588503826388
-6.3546144335899095
-6.354671775618721
-6.3546824713226115
-6.354687974944059
-6.354711682694397
-6.354734699356346
-6.354725293276275
-6.354707517301106
-6.354709921133564
-6.354727128810254
-6.354722490809469
-6.35475353055438
-6.3547980244707825
-6.354848836204687
-6.354879163030792
-6.35491694623585
-6.354922336219879
-6.354985573997423
-6.355009018779517
-6.355040412467439
-6.355056559949312
-6.355034244508029
-6.355031697852171
-6.355031304455828
-6.355045835568115
-6.355099432040976
-6.35514282280502
-6.355145699186458
-6.355139276970572
-6.355221067813199
-6.355283045043334
-6.355338426261206
-6.355367977668751
-6.35545546087168
-6.355505700289842
-6.355569702718026
-6.355637359679698
-6.355701878939399
-6.355771133312757
-6.355826482281088
-6.355872687842737
-6.3558974877252234
-6.355946858457791
-6.355927331246076
-6.355942467459767
-6.355951054550827
-6.355930062056301
-6.355895134451741
-6.355963370082216
-6.355986879153502
-6.3560246517142165
-6.356100303382608
-6.3561752686112305
-6.356205169551124
-6.356244242135095
-6.35627274617868
-6.3562710662169
-6.356292362001101
-6.356338268504557
-6.3563976023237565
-6.35646911376651
-6.35650727792066
-6.35654315141824
-6.356571304035412
-6.3566024051906345
-6.356646156587926
-6.356665086179082
-6.356707126700446
-6.356766009089421
-6.356792960735682
-6.356829356415941
-6.35687535116905
-6.356941811908933
-6.356990732773608
-6.357019348175044
-6.357070275477931
-6.357097281654373
-6.357112296433217
-6.357129559204947
-6.35713882512972
-6.357185886445787
-6.35721491484321
-6.357226792632141
-6.357258750676188
-6.357280178404073
-6.357297445391855
-6.357333240331545
-6.357343974725651
-6.35739114081727
-6.357420222511732
-6.357458943144405
-6.357491334730845
-6.357515310308361
-6.3575073459903475
-6.357437355455224
-6.357448730092156
-6.3574448031719415
-6.357440781327605
-6.357440666923265
-6.357444734811428
-6.3574617212847935
-6.357490544237897
-6.357486218779473
-6.357475710584131
-6.357473001006208
-6.357485526996046
-6.357459048016425
-6.3574637120447
-6.357486477338293
-6.357483446564333
-6.357424751495534
-6.357430498224106
-6.357404392572999
-6.35739561429952
-6.357394569094893
-6.357378293734957
-6.357351325918527
-6.357348077171788
-6.3573325028958045
-6.357316395575069
-6.357313452955727
-6.357269595438551
-6.357281948167619
-6.35728253459377
-6.357295747241666
-6.357247507079914
-6.357206020130133
-6.357224344843555
-6.357233524565193
-6.357258949781577
-6.35728716992089
-6.357312666824513
-6.357342889591441
-6.357403701183404
-6.357438891872598
-6.357481760528657
-6.357517735479263
-6.357546209104783
-6.357573873014647
-6.357602299929361
-6.357613907172725
-6.357615758419576
-6.357585070963152
-6.357638059533064
-6.357676929520275
-6.357676588386749
-6.3576953749455765
-6.357695248343218
-6.357665150473559
-6.3576766376049
-6.357682388524107
-6.357695566070365
-6.357739068117781
-6.357753387089996
-6.357784188284113
-6.357826207033596
-6.357839184856425
-6.357831567327154
-6.357825465639807
-6.357834252214019
-6.357830914044731
-6.357825735713397
-6.357863205817401
-6.35786805895801
-6.357854273759797
-6.357884589322038
-6.357910161823725
-6.357932644314855
-6.358007989061269
-6.358028862750949
-6.358073065438287
-6.358079263019861
-6.358070587850852
-6.358069656451433
-6.358065478425105
-6.3580618293038205
-6.358045332889502
-6.358053921081696
-6.358065245575098
-6.358071779918352
-6.358100555571084
-6.35810774043872
-6.358073772350721
-6.358102614498142
-6.358097871410096
-6.358086894507965
-6.358086939654386
-6.358128943253603
-6.358202993006483
-6.358220311675013
-6.35822497104542
-6.358203788034014
-6.358176077230219
-6.358178871868979
-6.358145471213466
-6.358117383176991
-6.358136942406814
-6.35814899670886
-6.35813016631605
-6.358123742285786
-6.358142232045248
-6.358126526592849
-6.358125208848376
-6.358145056849737
-6.3581912734194175
-6.358202400470278
-6.35821345401711
-6.358229424785729
-6.358220702706844
-6.3582626160778055
-6.358270111848954
-6.358299569379929
-6.358270031978137
-6.3582443590278075
-6.358283474596138
-6.358309164390865
-6.358306981374536
-6.358301468170611
-6.358333231120203
-6.358379823645999
-6.358393397347956
-6.358448360428696
-6.358478731191728
-6.358526629641013
-6.358555818739777
-6.358624858336136
-6.358668508354303
-6.358702251293304
-6.358743399753214
-6.358800976439186
-6.35885931432516
-6.358918838848884
-6.358975280178129
-6.3590345199257605
-6.3590697689886735
-6.359124538961326
-6.359199602686825
-6.359259357974335
-6.359300551615615
-6.359385748870281
-6.359364220586545
-6.359385456796858
-6.359393202799629
-6.3594213942141105
-6.359431859503417
-6.359470034315557
-6.359528884431699
-6.359542411148513
-6.359558016516873
-6.359615344282071
-6.359662477539153
-6.359706055905146
-6.359754241550588
-6.3598128193798455
-6.3598804838104055
-6.359925721455279
-6.35997024410157
-6.360003344075605
-6.360033055881702
-6.360071930320787
-6.360100820985204
-6.360121106752014
-6.360149026637018
-6.360150540397234
-6.360162017974043
-6.360160657155519
-6.36017228293361
-6.360168545075989
-6.360215922800157
-6.360225811567499
-6.360221232161336
-6.360230676417986
-6.360226460715303
-6.36024440509669
-6.360262676138008
-6.360263692460742
-6.36029280853209
-6.3602883765669045
-6.360338156774725
-6.360336135199204
-6.3603693022660845
-6.360343284353907
-6.360333339915235
-6.3603427501429834
-6.360350407408303
-6.3603841760474165
-6.3604183407342765
-6.360471448180482
-6.360521493028848
-6.3605666144334405
-6.360628330376041
-6.360689413144606
-6.360732839721961
-6.36076039973974
-6.360815910527221
-6.360851386610435
-6.360856328923722
-6.360883494858825
-6.360922748568136
-6.360951403686256
-6.36099677469465
-6.361033299066964
-6.361092342788276
-6.361123991670867
-6.361182797042624
-6.361203704989286
-6.361277451356815
-6.361294920767545
-6.361312217589836
-6.361343435382593
-6.361350254665446
-6.361362163741501
-6.361410752926285
-6.361447827265523
-6.3615090514285475
-6.361561879278338
-6.361594864709433
-6.361626679658474
-6.361646209181519
-6.361688158105043
-6.361732296683616
-6.3617495092733725
-6.361827402421518
-6.361860568817688
-6.36187985741398
-6.36191347085106
-6.361953162812054
-6.361990171916779
-6.362044951752205
-6.362086497864477
-6.362103938089661
-6.3621347046745615
-6.3621148150690665
-6.3621048786344625
-6.362104859301686
-6.362147909744446
-6.362181195409418
-6.362209875145737
-6.3622440428033125
-6.362266433627327
-6.362300266496775
-6.362339988776038
-6.362382023935681
-6.362394771855205
-6.3624649235812765
-6.362531212794088
-6.362570293438486
-6.3626011203087165
-6.362630861287581
-6.362662700906896
-6.362681945525324
-6.3627029467787946
-6.3627151081254425
-6.362740229440505
-6.362781429570192
-6.362804176227983
-6.362811813840016
-6.362828623714417
-6.36282668829287
-6.362859957453505
-6.362860381274488
-6.362911482082743
-6.362944417041891
-6.36295785415863
-6.36298087152664
-6.363004070850096
-6.363015975251989
-6.36305531961823
-6.363095685472597
-6.3631136108902195
-6.363155103614007
-6.363183308636105
-6.363227190609162
-6.363261060779785
-6.363288190160391
-6.363270404834102
-6.363304287919562
-6.363313909469441
-6.363356211663069
-6.363396701288712
-6.3634129222226585
-6.36346018047751
-6.363511271292774
-6.363535209979638
-6.363548071548377
-6.363587110568667
-6.363625673136173
-6.363635503553535
-6.363668847214461
-6.3636781459776355
-6.363666143312406
-6.363672105831307
-6.363709810659533
-6.3637337002348
-6.363788955691442
-6.363846268216881
-6.363876664704697
-6.3639243117939115
-6.363929041196712
-6.363941490707199
-6.363948562493376
-6.363984739467112
-6.364035540895514
-6.364083016603131
-6.36409076164593
-6.364119384755997
-6.364136395741575
-6.364128422387517
-6.364119830969846
-6.364147469878778
-6.3641703715425075
-6.364168821439595
-6.364192906019447
-6.364197414765408
-6.364225950327117
-6.364275937243106
-6.364280860720259
-6.364274304036328
-6.3643025160573465
-6.364329966380324
-6.364347666616083
-6.364351263786141
-6.36440047434006
-6.3644071159547835
-6.364391486578611
-6.364407357044169
-6.36441281855633
-6.364476196218264
-6.364538614850712
-6.364567578263279
-6.364564127906614
-6.364569642829581
-6.364565883110921
-6.364565470670894
-6.364594367921403
-6.364647472861686
-6.3646984879867325
-6.364745561563142
-6.364819497318878
-6.364873017671598
-6.3649019061824905
-6.3649027748709095
-6.364893697546679
-6.364905913408379
-6.364986965227148
-6.365011177421606
-6.365070514392514
-6.365145425668512
-6.365179255116187
-6.365219051556431
-6.365257197832006
-6.36528315208531
-6.365282637889256
-6.365310322281163
-6.3653643890183425
-6.3653873103387495
-6.365456444489609
-6.365526924163176
-6.365558880345754
-6.365606529003821
-6.365606442194391
-6.365640145676856
-6.365670881708219
-6.365688974886248
-6.365684805645627
-6.365728973254155
-6.365763724183512
-6.3657984946377395
-6.365825186148609
-6.365826259355425
-6.365842455951174
-6.365856379482442
-6.36586765497815
-6.365887329908338
-6.3659171585774805
-6.3659307716785
-6.365936325586341
-6.365945685055845
-6.365945891857254
-6.365954946070478
-6.365987809943374
-6.366019028831508
-6.366019463422077
-6.366058220406776
-6.366109213593315
-6.36615821335366
-6.366161865194363
-6.3661836433616905
-6.36622572640865
-6.3662484776111565
-6.3662740601107615
-6.3663068258691435
-6.366341731890291
-6.366412925149008
-6.366452454426792
-6.366501100349063
-6.366548585883552
-6.36658385143452
-6.366635923696361
-6.3666841156154605
-6.36674676609172
-6.366757886307055
-6.3667759050082475
-6.366758191721073
-6.3667666998074575
-6.366822496603925
-6.366861962122889
-6.366899220367275
-6.366929588505528
-6.366919861805081
-6.366913658715702
-6.366937024938956
-6.366958866597399
-6.366976848672467
-6.367006707803348
-6.367012016048655
-6.367038331560716
-6.367078633608596
-6.3671375836260005
-6.367159960058609
-6.367229580859258
-6.367274419927615
-6.3672930286990805
-6.367320110664964
-6.367356733237342
-6.3674058429933655
-6.367435583539929
-6.36747363759296
-6.367508683332483
-6.367530705227692
-6.367563997129713
-6.367558079166454
-6.36758956059091
-6.367563036165158
-6.367566001978203
-6.367570097607972
-6.367557365031122
-6.367538293297974
-6.367544500389601
-6.3675522843079415
-6.3675729357575985
-6.367580580555193
-6.367584904461124
-6.3675898639825865
-6.367598543798913
-6.367572665420359
-6.36756911188206
-6.367568005677856
-6.367573398948993
-6.36759445273292
-6.367585285367744
-6.367560189912297
-6.367595382286437
-6.367612525231139
-6.367610329936567
-6.367604068590258
-6.367592920547959
-6.36757294367534
-6.367566972836319
-6.3675611207815335
-6.367590686793633
-6.3675974925235215
-6.367612601934522
-6.367634985516404
-6.367648969557896
-6.367654299804388
-6.367647208549613
-6.367625221099353
-6.367617647731661
-6.367601031706982
-6.367612690067792
-6.367598524115146
-6.367595190387621
-6.367614990053738
-6.3676203486514185
-6.367592754166486
-6.367584419144867
-6.367601962450386
-6.367633782466057
-6.367667009425864
-6.367696649964004
-6.3676874473856655
-6.3677341957825515
-6.3677522226398295
-6.3677613148916175
-6.367732796624589
-6.367775240833943
-6.367803131108411
-6.36783467572381
-6.367813533797604
-6.367835031810632
-6.367849058389775
-6.367882232664632
-6.367888541338743
-6.3679203757445375
-6.367970909641231
-6.367983722212877
-6.368025085011957
-6.368045565370069
-6.368067902395325
-6.368082189175406
-6.368079680636334
-6.36810406185582
-6.36813538379106
-6.368155013491174
-6.3681634613648095
-6.368215818512609
-6.3682431442605685
-6.368279860270365
-6.368301607991463
-6.368315902901885
-6.368335465580169
-6.368353020272181
-6.3683881639698185
-6.368446440615816
-6.368468169884308
-6.3684960372383905
-6.3685325840424065
-6.368554398215316
-6.368576818335571
-6.368584336491277
-6.368574601196003
-6.368602399105053
-6.368584110527252
-6.368587678752788
-6.368594316894871
-6.368592070127822
-6.36859472126165
-6.368574572823617
-6.368563432156344
-6.368517023119132
-6.368531625011624
-6.368566457745887
-6.36854854672094
-6.3685537338159
-6.368549121640098
-6.368578043167356
-6.368611195887919
-6.368606120888953
-6.368631983378455
-6.368651368310258
-6.368705327839515
-6.368716251138279
-6.368741610793116
-6.368751698576123
-6.368785873047137
-6.368850296796305
-6.368900821641568
-6.368967919954793
-6.368984666939814
-6.3689960570899515
-6.369012826582664
-6.369068520071189
-6.369114491732869
-6.36918258164063
-6.369205080813609
-6.369249989695755
-6.369296112588091
-6.369347944848491
-6.369394053406272
-6.369427226698544
-6.369454051389448
-6.369483233188281
-6.369508484868847
-6.369532001158637
-6.369530426594039
-6.369555371023111
-6.369595467682806
-6.369615589306673
-6.3696419064387895
-6.36965389744443
-6.369706575377571
-6.369746829783788
-6.369835510605969
-6.369923633369993
-6.36996714428613
-6.3700315848544955
-6.37007869253759
-6.370127276583116
-6.370186260309772
-6.370206942727356
-6.370215620234406
-6.37023714618373
-6.370239084259757
-6.370280271262541
-6.370298277981104
-6.37029180304535
-6.370315802102864
-6.370341651646298
-6.370354915921035
-6.370362293233198
-6.370368397881527
-6.370400699440501
-6.370414218981095
-6.37043502401868
-6.370470227758319
-6.370545862624668
-6.370584549979484
-6.370631821539482
-6.370693655687157
-6.370697407718021
-6.3707098258392465
-6.370723978653097
-6.370741220908401
-6.370754434827151
-6.370756167084392
-6.370766872832072
-6.3707862612593
-6.370809402417854
-6.370810982369271
-6.3708373292783795
-6.370874497980873
-6.3709135505547465
-6.37094295734697
-6.370962859365409
-6.370949790691502
-6.370968686640295
-6.37096933633
-6.370959846520591
-6.371003050313872
-6.371050004150917
-6.371066602294693
-6.371108305490706
-6.371138299851286
-6.37118972401128
-6.37124367444242
-6.371303297261018
-6.371324814299222
-6.3713550054452925
-6.371393576149929
-6.3714317844682355
-6.3714466909424985
-6.371473565256797
-6.371487414301114
-6.371494609635211
-6.371507291672627
-6.371547163774197
-6.371581548757401
-6.371608250903968
-6.371593038601789
-6.371585174911109
-6.3716029455832865
-6.371652110144907
-6.3716867138484705
-6.3717222968431
-6.371732313138622
-6.371759829314838
-6.371788462431796
-6.371831121024141
-6.371856948759767
-6.371909681489617
-6.37195316593808
-6.3719816807763605
-6.37200277362948
-6.371990511218182
-6.372010124307134
-6.372025634295572
-6.372009503314575
-6.372009523352417
-6.371976572116653
-6.371963190656857
-6.371966346026315
-6.371965338976832
-6.371930891328454
-6.371913177608781
-6.371915809749137
-6.371933429018511
-6.371955903724731
-6.372002140334506
-6.372063085695972
-6.372115700796231
-6.372157598695454
-6.372174282991708
-6.372199875464783
-6.372230274394007
-6.372249064432938
-6.3722776460999375
-6.372285407615117
-6.372295018555368
-6.3723222039136775
-6.372357334211014
-6.372402834982343
-6.372449598893534
-6.372486285340903
-6.37253671372975
-6.372574806746794
-6.372600080535795
-6.372621840682458
-6.37263333812503
-6.372656681192271
-6.372672383743494
-6.372694029418736
-6.372731110922377
-6.3727503459606485
-6.372763821335587
-6.372764552947278
-6.372748574059358
-6.372744637728605
-6.372740942616408
-6.372748158635256
-6.372781660686196
-6.372791200335901
-6.372824110375314
-6.3728478080167
-6.3728669379286025
-6.372883091628717
-6.3728772822252395
-6.37286249153402
-6.372884079941565
-6.372902385422946
-6.3729127411658375
-6.372920504145891
-6.372935481017693
-6.372906944991668
-6.372889253587329
-6.372910525143975
-6.372906533619125
-6.372921765706702
-6.372956821495707
-6.372969328800253
-6.372996747827782
-6.3730036609962974
-6.372997748346469
-6.373016646218048
-6.3730294530642695
-6.373033192895144
-6.373023929769542
-6.373058185627836
-6.373097970944913
-6.37313315188813
-6.373146646516171
-6.373171495554745
-6.373201706614393
-6.373236032841865
-6.373268384596107
-6.373303850711445
-6.373332826305327
-6.373361230928165
-6.373390091693695
-6.373403830576467
-6.373453474126456
-6.373502140238445
-6.373546270095761
-6.3735619343695165
-6.373600978054517
-6.3736340033459715
-6.373652112980961
-6.373694987646444
-6.373731855660968
-6.373747431099367
-6.373769940261171
-6.373762281873153
-6.373768131385138
-6.373752300084877
-6.373757117509906
-6.3737711844635365
-6.373791993075953
-6.373855565858752
-6.373907914195269
-6.373948161835067
-6.373983666641764
-6.37401189747721
-6.374028162555296
-6.374081142572252
-6.37410684167464
-6.37415475812073
-6.374191723498272
-6.374202567141157
-6.3742228817678726
-6.374242702986049
-6.374223323355399
-6.3742008954745515
-6.374189689592146
-6.374158932193776
-6.374141835423046
-6.374168258191186
-6.374172807084016
-6.374195215053016
-6.374181582280595
-6.374186313968862
-6.374221113685409
-6.374275085442371
-6.374321994911416
-6.374347924942484
-6.374358222389168
-6.37436444534106
-6.374394191555971
-6.374377173355588
-6.374401437598697
-6.374422269758384
-6.374445959576124
-6.374457614377011
-6.374474723675509
-6.3744956566661
-6.374514337583802
-6.374541948392659
-6.374564479396837
-6.374536933742925
-6.374503576133624
-6.374522260036307
-6.374551590603638
-6.374547690595393
-6.374564064185869
-6.37459191981717
-6.374623886875182
-6.374633403017094
-6.3746568191741995
-6.374667977982509
-6.374702136603875
-6.3747256946783555
-6.374728954385055
-6.37475012314545
-6.374762524061627
-6.3747799712094375
-6.374779807965821
-6.37479927472907
-6.374815557435092
-6.3747886478447455
-6.374794874745149
-6.374809768465461
-6.374807639535389
-6.374811013037215
-6.374811091077325
-6.374842817728542
-6.37485817885087
-6.374852896246657
-6.374853680746233
-6.3748355937705075
-6.3748538012147264
-6.374856787912528
-6.374858788094258
-6.3748736652201154
-6.374878207692602
-6.374929500005984
-6.374974273042134
-6.3749512795685375
-6.374951956900874
-6.374961686993196
-6.374981143014854
-6.375025440162524
-6.375072453212183
-6.375121208974346
-6.375129344743345
-6.375145721577032
-6.375144889042759
-6.375142026640273
-6.375130124058964
-6.375153821098972
-6.375168959960006
-6.375191017005961
-6.3752096611827636
-6.375228709235387
-6.375233461736576
-6.375233243221648
-6.375240102579361
-6.375242099240472
-6.3752701934929465
-6.375264050671507
-6.375269982941503
-6.375271834229731
-6.375307627805
-6.375310932352902
-6.3752892987164875
-6.375274536326142
-6.375275957182681
-6.375258478317192
-6.375265038286467
-6.375254032767424
-6.375236860573779
-6.375220153010411
-6.375219670072919
-6.375218555958247
-6.37523634064053
-6.375253392687081
-6.375253103563532
-6.375273196538472
-6.375271918672389
-6.375271407374368
-6.3752807198830475
-6.3752989143436265
-6.3752774810242805
-6.37525927935197
-6.375228552707375
-6.375235982024123
-6.375268313973929
-6.375281386945575
-6.375304771080923
-6.375319648286193
-6.375351385441672
-6.3753770886401195
-6.375397736201004
-6.375409861216863
-6.375402656535552
-6.3754105237079
-6.375409056154591
-6.375412957823179
-6.375439628085987
-6.375454890669618
-6.375497649054027
-6.375506552984802
-6.375538411763986
-6.375571823911177
-6.375568068261183
-6.375599465978912
-6.375618754768424
-6.375621752806265
-6.375652477755142
-6.375678354194933
-6.3756869519919555
-6.3756926620197145
-6.37568818650709
-6.375705812948879
-6.375710478128667
-6.375723521416739
-6.375738051725907
-6.375757047325654
-6.375781510106031
-6.3758068251911055
-6.375807127699884
-6.375834296982577
-6.3758699181046055
-6.3758549339964805
-6.375873762852701
-6.3759214662057175
-6.375987017917784
-6.375983535182292
-6.3759983286081345
-6.3760029358954196
-6.37601730904524
-6.376058995351172
-6.376097980933686
-6.376134579621901
-6.37615376803718
-6.37616400380431
-6.376202299212818
-6.376241325325398
-6.3762762644197135
-6.37629268162653
-6.376303565234904
-6.376361298260533
-6.376430431169183
-6.376455745902675
-6.376496344392654
-6.3765148589062814
-6.376546886062782
-6.376572859353576
-6.37660278381304
-6.376635368749828
-6.376625724044914
-6.37661380879343
-6.37663523015598
-6.376643650074751
-6.37665746769508
-6.376700806307268
-6.376730994880323
-6.376768396822704
-6.376786146452101
-6.376805569636852
-6.376812289064331
-6.3768025035272125
-6.376787981144006
-6.37677238396932
-6.376766508777207
-6.3767483002269
-6.37672850002716
-6.376742917575612
-6.376765842310109
-6.376771965255421
-6.376791774549236
-6.376819957089031
-6.3768199687764175
-6.376835838863955
-6.376857545711254
-6.376865302530085
-6.376887561901195
-6.376889011072534
-6.376895581222004
-6.376899097186967
-6.376892819566502
-6.376918120994807
-6.376936154346011
-6.376957240800133
-6.376974590571936
-6.37698117264951
-6.376980018291629
-6.376994109177676
-6.377009656821428
-6.377022339133418
-6.377037841995637
-6.377023512394035
-6.377019506443017
-6.377029302317226
-6.377027464571163
-6.377028337429252
-6.37703586840824
-6.37703281029976
-6.377030837560331
-6.377052295161105
-6.377081291485376
-6.377119297254359
-6.377152148024763
-6.377177194178376
-6.377211589715256
-6.3772273347162685
-6.377234028078979
-6.377267059971987
-6.377287339021833
-6.3773163853891575
-6.377355761031853
-6.377382541689479
-6.377396301710039
-6.3774286772602204
-6.377430975361833
-6.377437134664779
-6.377445479314008
-6.377464247076097
-6.377478683136255
-6.377498683006176
-6.377525029115234
-6.377545856850589
-6.377573153534542
-6.377592128302815
-6.377606549437572
-6.3776155522482485
-6.377606506812262
-6.377639316828157
-6.377664806101515
-6.3776728866750565
-6.377691277364349
-6.377714698643689
-6.377743368723903
-6.377772691822223
-6.377805437592076
-6.37782197464133
-6.37781554486993
-6.377828067201207
-6.3778242360589585
-6.377829260474337
-6.377841483717533
-6.377862310933495
-6.377873402938333
-6.377894403934803
-6.377911536107016
-6.377948132697063
-6.377963806258802
-6.377991796603049
-6.378031216228264
-6.378069609213355
-6.378111925456549
-6.378157998328636
-6.378209716634957
-6.3782128679905306
-6.378232779346481
-6.37824847876205
-6.3782478471287885
-6.378262786786302
-6.3782851172855946
-6.378324701454043
-6.378353149879717
-6.378380010156135
-6.378393662567194
-6.378433288510258
-6.378469976693207
-6.378510057152821
-6.37856016018772
-6.378598523601563
-6.3786543600243215
-6.378704651181928
-6.378736260207988
-6.3787630810190254
-6.378815045017762
-6.378850090740383
-6.37889617740189
-6.378906838247824
-6.378943765034694
-6.378987021110036
-6.379037936111549
-6.379076146198373
-6.379088742278803
-6.379115720549121
-6.3791139889133595
-6.379118900362472
-6.379136732578073
-6.37917217742267
-6.379205305960488
-6.379217411704234
-6.379222564679949
-6.3792393309065645
-6.379268654232595
-6.379298936107623
-6.37929723358775
-6.379303373423468
-6.379331846362689
-6.379386486536434
-6.3794264886640155
-6.379446341676141
-6.379489610752286
-6.379553180801956
-6.379574856804016
-6.379592130588799
-6.379604234269772
-6.379603787147737
-6.379624415549847
-6.379659305906761
-6.379688356331182
-6.379720750806957
-6.37972879569639
-6.379758381612274
-6.379787944579056
-6.379808047364087
-6.379833406036246
-6.379847342216349
-6.37986218168214
-6.379874608316816
-6.379917004821442
-6.379923191397196
-6.3799292217540575
-6.379932693359885
-6.379941738588865
-6.379924698077885
-6.3799146585997315
-6.379937171789852
-6.379966157456176
-6.379983584769085
-6.379996579002415
-6.37999970710086
-6.38000708985491
-6.379986690599349
-6.379979242608314
-6.379991415710132
-6.380006797856351
-6.380026988921976
-6.380031614609778
-6.380039811045384
-6.380050883856078
-6.38005214447826
-6.380068987217048
-6.380081208197767
-6.380092140419778
-6.380091820336018
-6.380115998666875
-6.380122674760173
-6.380129982683177
-6.38014613238639
-6.380145043844469
-6.380139351110185
-6.380158266414071
-6.380181423333991
-6.380213787765091
-6.3802051871945515
-6.38022604411125
-6.38023098994372
-6.380239473939419
-6.380273956059065
-6.3802961532321705
-6.380303604994741
-6.380329139659423
-6.380351341859445
-6.38037837945678
-6.3803950057165055
-6.380390808842167
-6.3804142497057095
-6.380438292391022
-6.380479802376786
-6.380513076041768
-6.38056248457461
-6.38060200013656
-6.380655122220532
-6.380682619388996
-6.380711851158857
-6.3807172037642115
-6.380731655705956
-6.380748363150331
-6.380760732198241
-6.3807859624821335
-6.380812853648816
-6.3808073196016615
-6.380788800906874
-6.3807914007965705
-6.380823542650971
-6.380891757267032
-6.380930879456959
-6.380982610124909
-6.381034600713285
-6.3810935721319995
-6.381125582782731
-6.3811490605143675
-6.381193376649011
-6.381212202099877
-6.381254291944386
-6.381312977478672
-6.381326852817835
-6.381363224464527
-6.3814027749170705
-6.381434059656709
-6.381468916811979
-6.381496289195388
-6.3815192176499425
-6.3815523665521905
-6.381600090503278
-6.381606833296456
-6.381591637816201
-6.381603803816922
-6.381621325028237
-6.381611180687545
-6.381595902905258
-6.381594659357324
-6.381586207008668
-6.381581246187335
-6.3815685697155
-6.381566683901922
-6.3815669087773355
-6.381565559192083
-6.381554998212687
-6.3815295417740066
-6.381513137329555
-6.3814890737765335
-6.381451168807514
-6.381419944827798
-6.381399617535279
-6.381411266550142
-6.381414816939682
-6.381414954884371
-6.381417991906673
-6.381413117878372
-6.381415410114406
-6.381423388333843
-6.38145350390005
-6.381446062685998
-6.381431314211573
-6.381403764693126
-6.381393776182632
-6.381397094849877
-6.381404884185645
-6.381402284695777
-6.3813700930425705
-6.381379799612484
-6.381392335053117
-6.381400651995254
-6.381426167866376
-6.38143993398464
-6.38145182584435
-6.381484597068688
-6.381495311219302
-6.381509483028633
-6.3815264557490705
-6.381548377795423
-6.3815462398160685
-6.381561703314735
-6.381578252446488
-6.381592388007291
-6.381620830647302
-6.381633540724382
-6.38164506287783
-6.3816584591733285
-6.381677112503178
-6.38164603318298
-6.381638828512151
-6.381630020605864
-6.381634950065882
-6.3816152064078375
-6.381592479942659
-6.3815676192043025
-6.3815767841348
-6.38157517567935
-6.38157622792595
-6.381588269310195
-6.381598329468446
-6.3816009918652465
-6.381624183145445
-6.381658097453287
-6.381702601267689
-6.381721701306305
-6.381729933853542
-6.3817404952340695
-6.381748550659928
-6.381749895423577
-6.381757841476275
-6.381787529051226
-6.381812213875451
-6.381799772925817
-6.38179728536691
-6.381825351432593
-6.381827430533023
-6.3818189369737315
-6.381824474081611
-6.381824889842708
-6.3818111391672705
-6.3817944688862065
-6.381781827720906
-6.381773520864368
-6.381796708328078
-6.381784531287101
-6.381794671407122
-6.381786758859576
-6.381792209329175
-6.381792062833583
-6.381809575453138
-6.381864042372466
-6.381899970923961
-6.381957042413411
-6.381992531781104
-6.382011922747468
-6.382013762797895
-6.382017749482037
-6.382003646940975
-6.382002483448746
-6.381999157706047
-6.38201517610414
-6.382016326774888
-6.382019213378493
-6.3820350982147245
-6.382029744892763
-6.382050369508892
-6.38206047828196
-6.382046017930351
-6.382030451164376
-6.3820159422255305
-6.3820323019788985
-6.382045596014834
-6.3820196223134555
-6.3820074951181525
-6.382021484353342
-6.382031615507746
-6.3820313526070445
-6.382023448486868
-6.382027145828741
-6.382028682518589
-6.382014258173548
-6.38198175867426
-6.38198191771139
-6.381969605914565
-6.381967015448599
-6.38195004066424
-6.381925049316333
-6.381931858581999
-6.38191270901164
-6.381881865820183
-6.381847696149959
-6.381824432791838
-6.381820437690857
-6.381807341996937
-6.381789934215122
-6.38178491215183
-6.381782132292836
-6.381776027152174
-6.381758302842386
-6.381755688923945
-6.381765814354423
-6.381773229813308
-6.381788145528367
-6.381786691477053
-6.38177893466109
-6.38180421222973
-6.381811186743941
-6.381792044688851
-6.381803584243439
-6.38182118922336
-6.381821096871592
-6.381788639506709
-6.381781610621145
-6.381796803480771
-6.381778294742202
-6.381745973129716
-6.381730586189733
-6.38172029677105
-6.3817295173772495
-6.381733897715304
-6.381761368034044
-6.381788376925042
-6.381815973160574
-6.3818377796201355
-6.381865524246401
-6.381881306179446
-6.381911561951764
-6.381942987341095
-6.381963940345702
-6.381976361812281
-6.381993573361487
-6.381999464081507
-6.382030691236923
-6.38205802175315
-6.382066278934333
-6.382091540509934
-6.382107006901971
-6.382107980280866
-6.382082393664118
-6.382075340865528
-6.3820808232653174
-6.38210111059259
-6.382095423657577
-6.3821033027937215
-6.3820821408090564
-6.382082415982275
-6.382074792796258
-6.3820636459424405
-6.382057206235263
-6.382064065314063
-6.382060864752717
-6.382060839999359
-6.382072876595572
-6.382082884255001
-6.38207290047275
-6.3820434856107955
-6.382027796786744
-6.382013230343425
-6.382004725626532
-6.381976821105294
-6.3819600883284195
-6.38195251115033
-6.38195210325912
-6.381969431572994
-6.381991405307073
-6.381972681278947
-6.381978256019938
-6.381983088325882
-6.381965037713147
-6.381956108069838
-6.38193118469675
-6.381906650374783
-6.381887897034194
-6.381854904394799
-6.381837729418865
-6.381820921745874
-6.38179547856679
-6.381808081257613
-6.381801284200133
-6.381799771189464
-6.381794912917977
-6.381797982906425
-6.381794451144409
-6.381771984498195
-6.381744093340132
-6.38171442615392
-6.381700908586363
-6.381693383878896
-6.381674958278768
-6.3816802358376705
-6.381684927964042
-6.3816581314362155
-6.381619446260877
-6.381614676636061
-6.381605942227761
-6.381589896214585
-6.3815564786712216
-6.381538821113861
-6.381518038445269
-6.381513016254856
-6.381528198441624
-6.381532689351395
-6.381563488528001
-6.381587205320001
-6.381590401970649
-6.381591230370996
-6.381576895066544
-6.381563613433438
-6.381538932277621
-6.38153430356925
-6.381518205947142
-6.381507614018887
-6.381499341487258
-6.3814888467518065
-6.381501015738518
-6.3815042257447425
-6.381515562565507
-6.381505627576558
-6.381516778967827
-6.381507156840122
-6.381491776582146
-6.381468158918082
-6.381431670975707
-6.381426713807556
-6.381421320247828
-6.381421108510392
-6.381436741472645
-6.381464978767145
-6.381476806509536
-6.381509494139785
-6.381544237336626
-6.381547641797603
-6.381566803799362
-6.381563759347544
-6.3815658727537405
-6.381578567910396
-6.381596198635486
-6.38158732259574
-6.381589213693708
-6.381593145480655
-6.381592260995076
-6.381596880889988
-6.3815762251269925
-6.381561784022674
-6.38156048070714
-6.381585907119555
-6.381604690581552
-6.381604404402157
-6.381600795463802
-6.3816013897596475
-6.381608964045477
-6.381622396766565
-6.381628240848988
-6.381625843731769
-6.381611867553784
-6.381596239882184
-6.381594200921188
-6.38158199074384
-6.381603883138559
-6.381618908330712
-6.381638181961502
-6.3816625098865485
-6.381664935724644
-6.381658968595077
-6.381656475123296
-6.381652984688409
-6.381652250316317
-6.381652519955536
-6.381663151090744
-6.381696389778519
-6.381707195760057
-6.38171576135708
-6.3817334223366275
-6.381720116568419
-6.381740128118443
-6.3817354687743055
-6.381766994107683
-6.381772131245624
-6.38180533465645
-6.3818106601263125
-6.3818328890615
-6.381852248418711
-6.381856395856546
-6.381854379088144
-6.3818685907746575
-6.381868732641312
-6.381863525198728
-6.381870304970827
-6.381874264529355
-6.3818864523900425
-6.381905917067182
-6.381912590113059
-6.38191800443532
-6.381948413429804
-6.3819680595657955
-6.381973164096183
-6.381973558166774
-6.3819605255540655
-6.381976970448835
-6.38197781089897
-6.38197881909763
-6.38196374633142
-6.381957165294153
-6.381952256652576
-6.381967329440729
-6.381998624506576
-6.382026640834808
-6.382055833108627
-6.38205407483682
-6.382059304930663
-6.382073948875167
-6.382107420972273
-6.382119365722469
-6.382128182073638
-6.382133620642801
-6.382116822877337
-6.382123949403643
-6.382105211960625
-6.38208475956748
-6.3820534082877645
-6.382021219647264
-6.381989639940015
-6.381978623928998
-6.381970450087536
-6.381970544981833
-6.381968475622385
-6.381963844628318
-6.381949897290288
-6.381933965455464
-6.381923133759791
-6.3819208461515435
-6.381913549042181
-6.381911566584786
-6.381904745048188
-6.381878825388394
-6.381851813643338
-6.381854758774136
-6.381856479909057
-6.381870414835465
-6.381880987728217
-6.381896755185302
-6.381915991534369
-6.381935353571122
-6.381948724797422
-6.381964203682427
-6.381971571012106
-6.381961029866634
-6.381958275739324
-6.381944296792079
-6.381943182686708
-6.38192033766524
-6.381900189632851
-6.381901296713333
-6.381921349526013
-6.381941404601797
-6.381957140953539
-6.381965365683784
-6.381992914954147
-6.382031015193453
-6.382049727082965
-6.382078650649862
-6.3820869399665705
-6.382104720948867
-6.382126234355949
-6.3821488424159405
-6.382162158609597
-6.3821828424239735
-6.382188523920801
-6.382211685910717
-6.38222087392864
-6.382252786914029
-6.382294643819966
-6.38231811339149
-6.382354865397705
-6.382391928352996
-6.382413527364598
-6.382432573138821
-6.382447675594923
-6.382484865696144
-6.3825362514986805
-6.382567787093404
-6.382599833009682
-6.382637276299276
-6.382637687160437
-6.382638405873513
-6.382627306625533
-6.3826299713620855
-6.382636354326706
-6.382641855503221
-6.382657161966662
-6.382668832028131
-6.382698466443225
-6.382684139674762
-6.38269841206036
-6.382712293284546
-6.382722175868401
-6.382710640931148
-6.382707635842481
-6.3827230223859655
-6.382749178147017
-6.382757226332904
-6.3827595652173175
-6.382752142459361
-6.382754177126658
-6.382741048250806
-6.382760868906871
-6.382771484238039
-6.3827867876148385
-6.3828110943608
-6.382828631980382
-6.382849841691616
-6.382876980112496
-6.382881805078421
-6.382889930264578
-6.382889448837687
-6.3828758847251335
-6.382865854085289
-6.382832761789291
-6.382829760928965
-6.382832462006629
-6.3828220979382815
-6.382815750549255
-6.382822484211491
-6.382843030962068
-6.382820440828566
-6.382820918373681
-6.38281059375244
-6.382798171839117
-6.382808990878007
-6.382809645677504
-6.382792026691639
-6.3828017044316985
-6.382820668609162
-6.382844667160205
-6.382856772609942
-6.382877283799909
-6.3829072612817574
-6.382948892609321
-6.382956147698498
-6.382970722125385
-6.382979024929491
-6.3829879046350335
-6.3829936865957935
-6.383027668597996
-6.383049897148446
-6.383061183162333
-6.383078142622255
-6.383077337327211
-6.3831110341715345
-6.383129175707497
-6.383159428616673
-6.383191981060475
-6.383229423034811
-6.3832641828978485
-6.383258644021927
-6.383264561521587
-6.383272975492166
-6.3832648607051485
-6.383283925049494
-6.383292599150664
-6.383321449425435
-6.383346096241251
-6.383372158405698
-6.3833965270661714
-6.383419542112953
-6.383421356793215
-6.383439673972019
-6.383446262456301
-6.3834450782624375
-6.383465063168776
-6.38347923054125
-6.383486869613845
-6.383515024575793
-6.383517422616057
-6.383509741590995
-6.3835162519559905
-6.383531557368328
-6.3835463023956915
-6.383574312964333
-6.3836015661961785
-6.383628592550592
-6.383655903621507
-6.38368552269945
-6.383721558526351
-6.3837606894084375
-6.383771826160898
-6.383791597629137
-6.383809850863879
-6.383831203156301
-6.383865117468587
-6.3838998189800344
-6.38392887332701
-6.383965623831797
-6.38400462446232
-6.384031877280138
-6.384052842856765
-6.384065501716645
-6.384084514792289
-6.384102116192479
-6.384145310267728
-6.384175092192767
-6.38420355470553
-6.384238876131513
-6.384288337161751
-6.384336668536767
-6.384368350653096
-6.384393462151295
-6.384423561875857
-6.384446046196876
-6.384488426881635
-6.384498154044892
-6.384513357117601
-6.384516100341579
-6.384519524170356
-6.3845127045842816
-6.38452759297973
-6.3845616063415145
-6.384572026484208
-6.384569786612605
-6.3845876225569125
-6.384590889109033
-6.384581330991035
-6.384582145379789
-6.384592466176443
-6.384612561368058
-6.38462216877231
-6.384642399152331
-6.3846547804549125
-6.384651870106786
-6.384660017301532
-6.3846658110199614
-6.3846721486645945
-6.384686253202565
-6.3846898812053565
-6.384708854918473
-6.384704639987882
-6.384706774206637
-6.384724351011244
-6.3847552455669145
-6.384782788218547
-6.384796330776998
-6.384809131710399
-6.384828541485334
-6.384855413871522
-6.384877710148298
-6.38488099013227
-6.384909219199141
-6.38493629256797
-6.3849599043088
-6.3849460114156225
-6.384960658841152
-6.384988581642865
-6.385019075661407
-6.385037336256296
-6.385068550597029
-6.385103481224614
-6.3851325051446794
-6.385149959276813
-6.3851713584350085
-6.385198700934722
-6.385216591506997
-6.385224869165959
-6.385226850269855
-6.385245286403853
-6.385233884623663
-6.385249091615886
-6.385260201944841
-6.385255510653006
-6.385272141986808
-6.3852679175580995
-6.385289554899017
-6.3853053262178
-6.385325530420921
-6.3853534620127075
-6.38535490925692
-6.385354745092199
-6.385367342360557
-6.385380126754743
-6.385386639467669
-6.385398617323019
-6.3854439251336395
-6.385453115417144
-6.385444697244817
-6.385448253192517
-6.385462083559872
-6.3854547920360085
-6.385471589460428
-6.385496272214558
-6.3855097586215654
-6.385533497185882
-6.3855493533946195
-6.3855542023469605
-6.3855743140594265
-6.385596451451677
-6.385614674364933
-6.38563842963638
-6.3856503368599125
-6.385673143756795
-6.385716435241851
-6.385739942064345
-6.3857528903491225
-6.385770775350761
-6.385796423534266
-6.385804140742357
-6.385843648189504
-6.38586648161214
-6.385867325929433
-6.385891029345114
-6.385907532172644
-6.385954867017806
-6.385983768405284
-6.385992933311345
-6.386005023439357
-6.386043853174725
-6.386079858916935
-6.386103841586834
-6.386128211889131
-6.386142540293519
-6.386145974272503
-6.3861659422683505
-6.386158140043835
-6.386152862645821
-6.386139426496247
-6.386135724420431
-6.386122356262531
-6.386111330265675
-6.386098413789196
-6.386102359758526
-6.386092016991726
-6.3860856653174025
-6.386097665376992
-6.386111955795708
-6.386122865415188
-6.386134587705492
-6.386149177044396
-6.386137107770857
-6.386159072964522
-6.38618189418421
-6.386205097245794
-6.386213755891487
-6.386231910827521
-6.386248576603402
-6.386240085218088
-6.386234245573316
-6.3862449286516805
-6.386257676840805
-6.386280423300624
-6.38630815976561
-6.386308465817515
-6.386317438343751
-6.386322449840456
-6.386331545484937
-6.386340154213028
-6.386359399478918
-6.386363744919704
-6.386362931197306
-6.3863589218340175
-6.386340905995139
-6.386334331588781
-6.38633511311238
-6.386349956997365
-6.386358962390847
-6.386375437734413
-6.386390787753719
-6.386416945467727
-6.386425714056129
-6.386433504595082
-6.386462366001916
-6.386487282518824
-6.386530902064964
-6.386561370052564
-6.386595120839072
-6.386637715142412
-6.386674686353468
-6.386706265781011
-6.386734143625124
-6.386778432517692
-6.386820983083287
-6.386853955498594
-6.386880632528836
-6.386913166366507
-6.386938629050642
-6.386975823474959
-6.387014434424444
-6.387060987907379
-6.387094549318072
-6.387130388113307
-6.387149993754514
-6.387178006773665
-6.387223085666215
-6.3872472811116605
-6.3872587171442134
-6.387272106261329
-6.387286951367728
-6.3872966102996855
-6.387320579720679
-6.38734863858876
-6.387371691039566
-6.387408655535565
-6.387437267194592
-6.3874439556037395
-6.387463931811845
-6.387498720912862
-6.387509636175614
-6.387525320315619
-6.38755003076397
-6.387567641405424
-6.387590194135524
-6.387585036965621
-6.387581370273395
-6.387585148030109
-6.387590128693647
-6.387598069362372
-6.387605317315044
-6.38760088619095
-6.387621781188281
-6.387614489351857
-6.387619105315971
-6.387610132554385
-6.38764175262924
-6.387655426881146
-6.3876633221139825
-6.387680680366046
-6.387694153812353
-6.387712200971766
-6.387725514844631
-6.387739929361333
-6.38775542123495
-6.387781914756439
-6.387830319372806
-6.3878579616221804
-6.387868741726877
-6.387901811949522
-6.387928485040517
-6.387955913473406
-6.3879845980552945
-6.3879970283357
-6.388018651928585
-6.388058825378171
-6.388087543677644
-6.388097823120995
-6.3881271840569696
-6.388159711828961
-6.388196907184546
-6.388187123277147
-6.38820636821353
-6.388236446183832
-6.388267417331277
-6.388289990965658
-6.388291584099194
-6.388300772217
-6.388293632776827
-6.3883281185296195
-6.388362035633983
-6.388403740644371
-6.388413887448763
-6.388435942962244
-6.388441599020453
-6.3884668432445215
-6.3884934584179796
-6.388498001158235
-6.388514489115467
-6.388542751142691
-6.388567418229775
-6.3885821061069406
-6.388602433457936
-6.388629169241775
-6.388659990760508
-6.388674117566703
-6.388710157140222
-6.3887338947905
-6.3887552779383805
-6.3887933423219705
-6.3888145787334425
-6.388840311427948
-6.388846705472999
-6.38883653722369
-6.388835755909439
-6.388850139659204
-6.38887306410558
-6.388914532797791
-6.388941892252694
-6.388984400580806
-6.389011023390882
-6.389057672787364
-6.38908065610557
-6.389109665308208
-6.389128160429158
-6.389159992695547
-6.389175093380282
-6.389196653287411
-6.389222604761702
-6.389230749205299
-6.389243681673784
-6.389266374780511
-6.389266131447954
-6.389280000297273
-6.389296125859706
-6.389319417373317
-6.389339485386745
-6.389364246921021
-6.389388905452813
-6.3894091337476455
-6.3894129868530944
-6.38943418185142
-6.389445215445531
-6.389452732592735
-6.389455404116318
-6.389465615377875
-6.389480748223907
-6.389500592732166
-6.389516025492473
-6.389537826074429
-6.389564555967647
-6.389563596802133
-6.389597865266231
-6.389598555861056
-6.3895997615748215
-6.389621645701676
-6.389626350969717
-6.389657816647056
-6.389689743016335
-6.389711957565641
-6.389741593778935
-6.389781077777708
-6.389801244502238
-6.389821769498476
-6.389844176269391
-6.3898719109968765
-6.389886066234682
-6.389876769134663
-6.389874498393309
-6.3898773746315
-6.389896143756431
-6.389919959423956
-6.389942124205238
-6.3899607982978175
-6.389984688019484
-6.390010177239207
-6.390020404203418
-6.390028345295284
-6.390044543370017
-6.3900844441186555
-6.390118246413173
-6.390154939547979
-6.390200483493233
-6.390225355219061
-6.390259870812771
-6.390287308929066
-6.390324094775198
-6.390349151890382
-6.390385520853062
-6.390427868400316
-6.390468526685068
-6.390477525074624
-6.390489403921749
-6.390508253060988
-6.390537370898011
-6.390566159530086
-6.390576879265794
-6.3905942312651405
-6.390616538719997
-6.390646803489117
-6.390668053189713
-6.390676596715839
-6.390690932351433
-6.390708306644241
-6.390726020709817
-6.3907538069715075
-6.390762892705806
-6.3907854067875745
-6.390780855501697
-6.390792739927272
-6.3908146559882955
-6.390839720960822
-6.390878212033874
-6.390914800318054
-6.390947145042626
-6.390987184718227
-6.3910389457234364
-6.391083065262625
-6.391115945858421
-6.391139318577508
-6.391164210257117
-6.391173228854047
-6.391198042197951
-6.3912121440299385
-6.391238504326486
-6.391262494044677
-6.391284657066333
-6.391300623092813
-6.391316349906197
-6.391316731168063
-6.391314675266088
-6.3913432935966465
-6.391368301093209
-6.391369475085202
-6.391366836924133
-6.391382018364668
-6.391402434081236
-6.391428830917546
-6.3914278512333205
-6.391438447058933
-6.391451160678479
-6.391460069954143
-6.391462982266789
-6.391484279590889
-6.391497899921532
-6.3915065360923276
-6.391513349852895
-6.391528790179506
-6.391541726872657
-6.391561248848535
-6.391555292012882
-6.391559498576186
-6.391560858770986
-6.391583492481205
-6.391592945651916
-6.3916135790372
-6.391619674512998
-6.391630051410854
-6.3916497796361265
-6.391666634611419
-6.391696581808125
-6.391718261390066
-6.39173589070077
-6.391747595267783
-6.391754308563243
-6.391752230953207
-6.391751961743736
-6.391746624292835
-6.391732796155366
-6.391749316505777
-6.391752754541412
-6.391758438309389
-6.391755019409668
-6.391757505332459
-6.391753193706561
-6.39175028432237
-6.391741083714901
-6.391740735076232
-6.391745058302802
-6.391751978029243
-6.391759064721587
-6.391775674565535
-6.391783590440772
-6.391781980909301
-6.391775022340842
-6.391747637473724
-6.391734690970232
-6.391722098041966
-6.391707056557181
-6.391691415916387
-6.391678458919523
-6.391664739498422
-6.391647749955366
-6.391649159646276
-6.391648435172953
-6.391672334140504
-6.39166529144702
-6.391649258897879
-6.391659816355392
-6.39166828684211
-6.391674427719747
-6.391686255725132
-6.391698432810554
-6.391710966927399
-6.391700676206468
-6.391705331624929
-6.391725978831007
-6.391761187586497
-6.391796915093451
-6.3918081855730815
-6.391820146696695
-6.391837992995963
-6.391854898543776
-6.391872535010281
-6.391885050349709
-6.391909855217561
-6.3919452008547
-6.391982132558169
-6.392019912242591
-6.39203267835545
-6.392063813577897
-6.392100850307546
-6.392121980084937
-6.392152451904156
-6.392165059059959
-6.3921952396914
-6.392203147490813
-6.392211524162744
-6.392250428017516
-6.392286496698057
-6.3923207293470625
-6.392347236472347
-6.392368146121497
-6.392400810289587
-6.392422102986325
-6.392453089029534
-6.392497739986879
-6.392522496600452
-6.392559448976294
-6.392580894605455
-6.392605992270738
-6.392639265956053
-6.392668643853323
-6.392698726204035
-6.3927276729627645
-6.392755262536224
-6.39278845214527
-6.392813853382347
-6.392826854328375
-6.392840410383761
-6.392844988891799
-6.392849537759512
-6.39285741328968
-6.392869760630115
-6.392909546126314
-6.39291681423286
-6.392937899761916
-6.3929548190838545
-6.392995797043383
-6.3930398982420265
-6.393043531687394
-6.393067865144563
-6.3930732050365
-6.393079397071758
-6.39311031614565
-6.3931297000237395
-6.393141084324346
-6.3931594701479355
-6.393177838988621
-6.393204642409361
-6.393231097738321
-6.3932310880630245
-6.393246691765408
-6.39322609155994
-6.393230027950625
-6.3932640434323185
-6.393276125365903
-6.393304427525855
-6.393328221478983
-6.393336660218923
-6.393357379233158
-6.393375930432436
-6.3933794409707065
-6.3933817961448085
-6.393403264738536
-6.393438764789387
-6.393471124874657
-6.393499985830622
-6.393546168628224
-6.393561993548466
-6.393600418369636
-6.393623537086009
-6.393660125124102
-6.393692051966821
-6.39371800453631
-6.393735531416695
-6.393750882747218
-6.393790108717555
-6.393814981029114
-6.393860864723389
-6.393887678184732
-6.393924649374931
-6.393950236866969
-6.39398270672116
-6.394014939167582
-6.394034250157738
-6.3940707252721305
-6.394094842006196
-6.394116701071188
-6.394134749127798
-6.39414979255309
-6.394165592355174
-6.394178316055831
-6.394172821005735
-6.394173859683469
-6.394174165182199
-6.394202351637162
-6.394234138626762
-6.3942470583694835
-6.39426714478052
-6.394305274578856
-6.394322063757722
-6.3943488765874115
-6.3943695740816375
-6.39438314640858
-6.3943864239949075
-6.394403153476614
-6.394425728334273
-6.3944574638153995
-6.394469341098235
-6.3944858286345605
-6.394496663157181
-6.394512506671616
-6.394534271996709
-6.39456018454898
-6.394590772930573
-6.394607715468885
-6.394613822780529
-6.394636853166999
-6.394662743339236
-6.394679412437935
-6.394705838032251
-6.394730946508514
-6.394730202515036
-6.3947173507647435
-6.39473207368188
-6.394758279163542
-6.394769535569631
-6.394776176683991
-6.394771820145514
-6.394766011481599
-6.394763302219039
-6.394763423472839
-6.394780700171367
-6.394799500458438
-6.394822999949318
-6.394855818948961
-6.394875817833957
-6.394888037271258
-6.394888062912658
-6.394888569342944
-6.394873197862949
-6.394871987992905
-6.394874236481829
-6.394890140298473
-6.3949058049786744
-6.39492843119069
-6.394942932145182
-6.394938341627179
-6.394962343818509
-6.394989766384167
-6.395008404679841
-6.395034916459125
-6.395061759433717
-6.395082791328343
-6.395115902667457
-6.395151761870857
-6.395209408445596
-6.395252818897302
-6.3952845352281065
-6.395299946048988
-6.395340448254932
-6.395381332099167
-6.395426960296196
-6.3954630257422105
-6.395486300281834
-6.395510744393959
-6.395536277790674
-6.395566726603161
-6.395617185947089
-6.395645686045274
-6.395661156451273
-6.395694767625157
-6.39571779790066
-6.395736091771012
-6.395764811897711
-6.395793622451251
-6.395843546117521
-6.395873247381693
-6.3959204997407575
-6.395953943087326
-6.395969515216151
-6.3960025626713595
-6.396054364916418
-6.39609756282622
-6.396135264534091
-6.396165961083081
-6.396184450602997
-6.396218484661317
-6.396244950000845
-6.396276001190479
-6.396317105959891
-6.396348085899444
-6.396398318672892
-6.396434482389415
-6.3964542154188955
-6.396487546103337
-6.396502912814199
-6.396514969367
-6.396544315766119
-6.396580906922451
-6.396586778132202
-6.396608098013402
-6.3966283478670505
-6.39664185957016
-6.396671609240132
-6.3967107047820715
-6.396750599760963
-6.396775863736644
-6.396791964575188
-6.396794557407723
-6.396809787684436
-6.396818482717769
-6.396834041060588
-6.396840971066743
-6.396849743951125
-6.396860523688545
-6.396870248917955
-6.396877675501293
-6.396898863819557
-6.3969088850416815
-6.396917447525908
-6.39692715302416
-6.396939863914541
-6.39694942155604
-6.396973010093282
-6.3969797811727105
-6.396979017862005
-6.3969945875557785
-6.3969946478808115
-6.3970111031369665
-6.397029153496731
-6.397060650019371
-6.397082971595843
-6.397115059981999
-6.397136585623982
-6.3971644193631745
-6.397199337623387
-6.397223877770922
-6.397248435273536
-6.39727065388535
-6.397302536321575
-6.397322794013121
-6.397339741641907
-6.3973601192561915
-6.397384105758269
-6.397419538484664
-6.39744048980743
-6.397465094774852
-6.397494556328252
-6.397499300256715
-6.397515878524514
-6.397543608512982
-6.397565009069223
-6.397573598442853
-6.397592235875255
-6.3976080859160325
-6.397622611752866
-6.397635123797891
-6.397658304135588
-6.397685179008601
-6.397709476896473
-6.397730437402185
-6.397736626032884
-6.39774270510904
-6.397736718113323
-6.397733178640119
-6.3977455171417015
-6.397748521065091
-6.3977607790561954
-6.397763538053945
-6.397792643991365
-6.397826791238346
-6.397850748235889
-6.397882743267429
-6.397911105201556
-6.397950257039897
-6.397969013377799
-6.397992731189779
-6.398009341851865
-6.398036064635785
-6.398062464212838
-6.3980985764723695
-6.398145493634427
-6.398186821250736
-6.398220006652305
-6.398237356639084
-6.398266069654092
-6.398295730409399
-6.39831900578244
-6.3983559941796475
-6.398394373200908
-6.398408721448586
-6.398408961328527
-6.398426936253291
-6.398436423804528
-6.398427406084451
-6.398428122342854
-6.39843363839743
-6.398442766753143
-6.398441638909776
-6.398452685988471
-6.398463657067284
-6.398488212070498
-6.398506398412651
-6.398513279146142
-6.398519492802881
-6.398525973871207
-6.398545252685305
-6.398559002382513
-6.398580470484171
-6.398605470460884
-6.398618725489616
-6.398630857797253
-6.3986424532400905
-6.398649644076612
-6.398665879691853
-6.398676104329854
-6.398708860730279
-6.398731878465625
-6.398756429739061
-6.398781918461247
-6.398784307086845
-6.398785324273015
-6.398800835214313
-6.398814994103282
-6.398819766229367
-6.398826844824632
-6.398834950897753
-6.398852500150453
-6.398869743305809
-6.398902216703175
-6.3989271689631355
-6.398946129570389
-6.398962239649169
-6.398965123877559
-6.398968877721776
-6.398963096462426
-6.398978012955554
-6.398996893726837
-6.399008858649524
-6.3990083489349034
-6.399017877394672
-6.399021414829894
-6.399028469017663
-6.399029517619967
-6.399041181757978
-6.399043352392687
-6.399068999138077
-6.399090706946659
-6.399099199961304
-6.399129440114062
-6.399156767815669
-6.399162973515309
-6.399175810789572
-6.399199265268064
-6.399229011203857
-6.3992513520480685
-6.399269870835705
-6.399280906813815
-6.39929893830543
-6.399318590459412
-6.399315409681906
-6.399318927274231
-6.399319610268782
-6.399326365821835
-6.399314403327479
-6.399312450590459
-6.399303596394339
-6.399299398003462
-6.399306934943738
-6.399321923721293
-6.39934458332193
-6.399365546916736
-6.39938922566718
-6.399422805278696
-6.3994591454771745
-6.39949612133379
-6.399535986727875
-6.399576367874637
-6.399618473961989
-6.399649802723029
-6.399691480798673
-6.399730869920772
-6.399767409909815
-6.399801718964553
-6.399830682612553
-6.399865487329579
-6.399888723741633
-6.399918435985952
-6.399956374742294
-6.399978641152956
-6.3999937701614265
-6.400016339943208
-6.400035126209406
-6.400059327501145
-6.400097475722545
-6.400113521317649
-6.400149423326622
-6.400160720533996
-6.400163053954284
-6.4001803292537085
-6.400200548078297
-6.400204329970843
-6.400219153391058
-6.400212729672584
-6.400222096969581
-6.400223183703173
-6.400237451776995
-6.400250956431964
-6.400287221953168
-6.400316790112897
-6.400340974689776
-6.400344212622793
-6.400350098929156
-6.400358308185064
-6.400368640086019
-6.400381140904253
-6.400413687374526
-6.400422014203897
-6.400449085860363
-6.400463024384555
-6.400476411995538
-6.400505083139569
-6.400539040675409
-6.400568445948836
-6.400602994131424
-6.400621605659873
-6.400670419942456
-6.400733015505663
-6.4007673421652065
-6.400797560549602
-6.400815543000899
-6.400845211742879
-6.400867427275287
-6.400899920895945
-6.4009153123278
-6.400940886403303
-6.400973754683096
-6.401004415908705
-6.401031607218152
-6.401058500927597
-6.4010780657926
-6.4010986362808495
-6.401120751813222
-6.401124004255747
-6.401131879098624
-6.401142692986205
-6.401169536186584
-6.401185042517846
-6.401207784955886
-6.401208136436259
-6.401225021438357
-6.401245180251235
-6.401248607799204
-6.4012514428903176
-6.401266773094444
-6.401283616888907
-6.401312311278807
-6.401338309929818
-6.401358481162765
-6.40137440772041
-6.401385403635188
-6.401397258698482
-6.401415168786534
-6.401446839835538
-6.4014732462272255
-6.4014861223296995
-6.401482991235208
-6.401497739261822
-6.401516681871816
-6.4015284643759
-6.401541786032413
-6.401554170541966
-6.401571059807945
-6.401572128412379
-6.401596059720297
-6.401610565466985
-6.401605818611322
-6.401618914011582
-6.401630961042461
-6.401657291426153
-6.401672608085963
-6.40168534195427
-6.4016981420509
-6.401713851173214
-6.401717903677502
-6.401735568972311
-6.401736134883838
-6.401721230377259
-6.401714716059376
-6.40170542979463
-6.401711640531171
-6.40173822608775
-6.401756664452573
-6.401770328255473
-6.40175627701951
-6.401770839861444
-6.4017827424980505
-6.401797450245075
-6.401801362714446
-6.40181854788077
-6.40182156612799
-6.401841057494545
-6.401865699433169
-6.40188091993693
-6.401892187324691
-6.401893139222789
-6.401895769087036
-6.401883784557411
-6.401884546217055
-6.401885094704088
-6.401876463484928
-6.401890654845678
-6.401912560734422
-6.4019179790437875
-6.401934382605872
-6.4019539983406
-6.401979094896426
-6.402005539704423
-6.402020693283668
-6.402030413211949
-6.402061658777163
-6.402076690435041
-6.4020852814113365
-6.402087913422973
-6.402103749979886
-6.40211448490369
-6.402134081417842
-6.402162456014031
-6.4021717689854105
-6.4021716352236275
-6.402160077588216
-6.402156813721579
-6.402158083479367
-6.402172673560103
-6.402177776200404
-6.402162778032339
-6.402153347937053
-6.40217290475339
-6.402175443114821
-6.402179954742686
-6.402197818637466
-6.402222317316056
-6.4022298124120285
-6.402245156792558
-6.402256256579809
-6.402277540051758
-6.4022738683428
-6.402282897001991
-6.402302134447167
-6.402320281488506
-6.402331400632077
-6.402356004202562
-6.4023634105783875
-6.402358446410142
-6.4023628443841325
-6.402368331876193
-6.4023745629817865
-6.402393473315157
-6.402400920263886
-6.402401529133707
-6.402411895931315
-6.402419768363775
-6.402407394427665
-6.402408052207538
-6.402408407966632
-6.402430217104352
-6.40246478536927
-6.402483485723991
-6.402489327810325
-6.402501133779947
-6.402515746429235
-6.402535952869435
-6.4025536114175745
-6.402561972609964
-6.402572633378354
-6.402589112359492
-6.402583305138512
-6.40257910872418
-6.40257756809962
-6.402586210142468
-6.40258428625328
-6.402599787782271
-6.40260694479771
-6.4026095582315845
-6.402613888318274
-6.40260257334757
-6.402611743982507
-6.402636301248964
-6.4026743652618
-6.402720192459146
-6.402738335592679
-6.402748388081212
-6.402760438773493
-6.402786204723816
-6.402823537822048
-6.402843883496577
-6.402856877090045
-6.402859041420654
-6.402867873368279
-6.402884471318093
-6.402900081815335
-6.402881321735111
-6.402886699185992
-6.4029093435804
-6.402932102167955
-6.402936620368288
-6.4029405657600424
-6.40295819427463
-6.402975744871993
-6.403001894787885
-6.402990868820391
-6.402998104462618
-6.402989470498059
-6.402999263964105
-6.403012152632213
-6.403043818477888
-6.403061057788644
-6.40308684278476
-6.403122852589114
-6.403143388223449
-6.403161917559656
-6.403180740826261
-6.403210775542364
-6.403247639649189
-6.4032772274619525
-6.403304512463976
-6.403329371089624
-6.403349586882775
-6.403354050914899
-6.403359291706784
-6.403366648241559
-6.403364126271586
-6.403360957685989
-6.403355175951325
-6.403357647594309
-6.403375959250509
-6.403384992562623
-6.403399450407212
-6.403406059542335
-6.403430829460618
-6.403448487353528
-6.403445993875797
-6.403457158832132
-6.403463520896221
-6.403466520641095
-6.4034755401199925
-6.403497312818961
-6.403502981236481
-6.403509852650296
-6.403517311586497
-6.403521534501984
-6.403521878039577
-6.403518784691646
-6.403528944869757
-6.4035259866565895
-6.403533563887029
-6.403535193241191
-6.403554901276189
-6.403568261530281
-6.403579313155516
-6.403585602461034
-6.40359469365514
-6.403596377683388
-6.403599079228528
-6.403601283730745
-6.40358442166457
-6.403594608334082
-6.403609234186879
-6.403615818266189
-6.403627608810918
-6.403640987922684
-6.403647099756123
-6.4036551859529025
-6.403674185317769
-6.4036756614931605
-6.403673924151957
-6.403703207412172
-6.403714514932056
-6.403722480889688
-6.403720494422177
-6.403727316010149
-6.40372744228871
-6.403727137452778
-6.403750818460878
-6.403758166720334
-6.403787860062052
-6.403809640694211
-6.4038166705932715
-6.403833176616619
-6.40383913632981
-6.4038512541233334
-6.403861880667052
-6.403868639597258
-6.403867426128372
-6.403872979772671
-6.40388060551297
-6.403901514735036
-6.403902828289186
-6.4039022280300575
-6.403921495224516
-6.403939103762296
-6.403954707646044
-6.403959593835972
-6.403971441605873
-6.4039801048423755
-6.404001150372426
-6.404012378120728
-6.404021021589418
-6.404029654527355
-6.404033755508456
-6.404041157091238
-6.404043923688096
-6.404047253244245
-6.404055827446319
-6.404063837859005
-6.404063309116154
-6.404063975111855
-6.404060241968909
-6.404057171903219
-6.404046201980836
-6.404036034073371
-6.404039031629656
-6.404044059865445
-6.404026731304318
-6.404014595795925
-6.404006108955637
-6.403997598106582
-6.403978131394118
-6.403980781598539
-6.40395557206997
-6.403954831826549
-6.403943433812948
-6.403942989496843
-6.403954520398703
-6.403969973005326
-6.403981841269626
-6.40397890279686
-6.403969256310309
-6.403967716544134
-6.403979843498829
-6.403989502732917
-6.404009908168634
-6.404024484376413
-6.404044764810335
-6.404049364681752
-6.404058834798749
-6.404063464660107
-6.404070886946689
-6.404082204894204
-6.404100347595422
-6.404095721035268
-6.4040904442480935
-6.404095413882787
-6.40409323931541
-6.404101019492746
-6.404107528163
-6.404132645779998
-6.404155490347006
-6.404172327102677
-6.40420276828526
-6.404233181785705
-6.404265106941858
-6.404296569889116
-6.404320437537834
-6.404351183832871
-6.404366439886276
-6.404388684785398
-6.404391856050407
-6.404405864622413
-6.404414264760784
-6.40441541050807
-6.404432226480004
-6.40444990671375
-6.404454295449366
-6.404457844278108
-6.404473077878033
-6.404482947821957
-6.404490428793081
-6.404484752163488
-6.404487795264583
-6.404485899402185
-6.4044863326698644
-6.404502384665355
-6.404537689504253
-6.404548059955103
-6.404559224981616
-6.4045816427027935
-6.404584653759679
-6.404606158888467
-6.404616840448391
-6.404635977531114
-6.404655883913669
-6.4046698416445444
-6.404677352522896
-6.4046929582323395
-6.40470785440138
-6.404707750970825
-6.404733092104378
-6.404751319640106
-6.404772055262086
-6.404794516068268
-6.40481799845149
-6.4048409151914205
-6.404853980528449
-6.404869703296204
-6.40487929952297
-6.404892844421813
-6.4049111372381216
-6.40492822722202
-6.404951614193751
-6.404981773435998
-6.404995198923069
-6.40500032077861
-6.405027921719617
-6.405044551217148
-6.405054085372754
-6.405073938261796
-6.405074658769588
-6.405095199417351
-6.4051040138344995
-6.405129750082267
-6.405164689675454
-6.405194616689737
-6.405207173336483
-6.405232381126633
-6.4052387683882985
-6.405249886632687
-6.405253817054981
-6.405263413244665
-6.405264083778385
-6.405280654440523
-6.405291835194433
-6.405320777945292
-6.405349774788941
-6.405375197950266
-6.405415769360209
-6.405428357226854
-6.405427027696646
-6.4054293185038045
-6.405435626820772
-6.405439746438541
-6.405435474360075
-6.4054500070954585
-6.405469404920678
