Cumulative Canonical Ensemble Energies at T*=0.725
-6.477191511708043
-6.305660850892009
-6.227185820134287
-6.170344397325
-6.126689744266645
-6.097907424266327
-6.088908563000269
-6.078481170394496
-6.0779043949519105
-6.079228976104913
-6.078180313739088
-6.072638459555023
-6.076001774596369
-6.071842377634779
-6.070851723266478
-6.071098706383583
-6.071708934833905
-6.0725921493195285
-6.071033210022689
-6.072818880612881
-6.069748011892052
-6.072634845053352
-6.0733639940760415
-6.074340635749485
-6.071903802721752
-6.074329572822537
-6.075208251030407
-6.075850120643226
-6.076468885091085
-6.078111487125799
-6.076366900950577
-6.078493101387171
-6.080224882383831
-6.081631124582191
-6.082355570229026
-6.083859448187119
-6.0849187432227785
-6.084044753387592
-6.08452141975331
-6.08657310423739
-6.089063657836935
-6.091160421615452
-6.092574136795409
-6.093781071168553
-6.0957437447628715
-6.096421422574609
-6.096413641374298
-6.097650639493737
-6.098304300367654
-6.099608692754707
-6.10145787667851
-6.102906753957475
-6.103697016115503
-6.10465855287921
-6.1063340676724245
-6.107103385632024
-6.107332384471073
-6.106239431525291
-6.106590914731391
-6.107464960376007
-6.108064844394885
-6.109709498350003
-6.110363775814858
-6.11183451486134
-6.112615164781539
-6.113459409112382
-6.114252653401151
-6.115120446259511
-6.11581863652674
-6.116694855036553
-6.118007567724532
-6.119084221471507
-6.120209067177274
-6.122709826101504
-6.124654521772762
-6.125258471447639
-6.12558656718278
-6.126247586659557
-6.126173177392653
-6.125917917388305
-6.125213526537676
-6.12502005870051
-6.125333538863437
-6.12574633664831
-6.127062580247805
-6.127480199886943
-6.128203247693164
-6.12847872719789
-6.128993615285766
-6.130058411091223
-6.130683478303983
-6.132147462059001
-6.133924771090451
-6.135202567650046
-6.136419557153762
-6.1380121798223675
-6.1393142164657375
-6.140710815877442
-6.141742912773081
-6.142738339630134
-6.143256380680701
-6.144108878856785
-6.14601073374989
-6.147539028121691
-6.148133617643245
-6.149881166125413
-6.1511297786211445
-6.151512533813737
-6.153059202825435
-6.154127468676419
-6.156038916705391
-6.157610356436993
-6.158139182378292
-6.159557477082673
-6.160743321866464
-6.162221595423993
-6.162960251558833
-6.163780660207657
-6.164695808865216
-6.165754230318057
-6.166655998625363
-6.167633627606456
-6.168495614803252
-6.168858997463479
-6.169358856359369
-6.170083218093298
-6.170066304044527
-6.170657762383098
-6.171504416373697
-6.172731930072776
-6.173468901664235
-6.174014714698962
-6.174841210240546
-6.1758344901167845
-6.17706396124427
-6.177891663118437
-6.177848076891099
-6.178540382843149
-6.179400077753739
-6.179725101149771
-6.179902955166824
-6.1807077306776605
-6.181121963874092
-6.181288837293744
-6.181613516247415
-6.182488909485058
-6.183096965885507
-6.183687493245887
-6.18372259814461
-6.1843595220280125
-6.18534761389797
-6.186397654248725
-6.187202360731303
-6.18759661123055
-6.187802015769181
-6.188436378908372
-6.189043888128365
-6.18963674543118
-6.190511463831213
-6.190600849549394
-6.190480803837588
-6.190773727637799
-6.191123942189813
-6.19210380345826
-6.192533419361272
-6.193037787700261
-6.193481538400233
-6.194260229276923
-6.194890266125961
-6.195380815697048
-6.196086427670004
-6.196793650778489
-6.197425729682044
-6.198252838121056
-6.198310387489885
-6.198787644730328
-6.199169950467592
-6.199887651930359
-6.2003040529934355
-6.200558676709411
-6.200716507152324
-6.201403597904257
-6.2017075397495365
-6.201731715617273
-6.20209671882202
-6.202128792025065
-6.202230984877149
-6.202359957377921
-6.202914651728383
-6.20320002693069
-6.203773709432717
-6.204211221554284
-6.204267846654403
-6.204384244894449
-6.204633579990245
-6.204731173130151
-6.204857174588034
-6.205186958773516
-6.205411874632306
-6.205762339083371
-6.206056512940813
-6.206267778329442
-6.206552164500279
-6.206507296847783
-6.206885912384955
-6.207094054123253
-6.207057768111446
-6.207360403165666
-6.207923000389337
-6.2085745481966255
-6.2092147784351095
-6.2098833435073475
-6.210452535771999
-6.210797178882108
-6.211255676169158
-6.211748260469863
-6.212331950498417
-6.212736198045653
-6.213349817684678
-6.213788358372056
-6.214100607136768
-6.21471074574071
-6.215402779014889
-6.2160819746171185
-6.216479712568629
-6.217516130494803
-6.218205271720499
-6.218660974070581
-6.219359336730464
-6.2196640252831985
-6.220154858367032
-6.220657602353319
-6.2211078748496345
-6.221564769894651
-6.221977808601446
-6.222495088568018
-6.222734214999833
-6.223185486039585
-6.223562237426686
-6.224405589139981
-6.225171138396216
-6.225929502935583
-6.226611688280143
-6.22710725402116
-6.227668533330463
-6.228061980710444
-6.228444678076022
-6.228927939290225
-6.229126423152685
-6.229608167816985
-6.230033805927771
-6.230425706343744
-6.230655853656537
-6.23118402425714
-6.231729102234726
-6.232231565472781
-6.232640269964431
-6.233060425337109
-6.233483249252489
-6.233818110972294
-6.234093960846912
-6.2345719594840645
-6.235048413396149
-6.235429645166264
-6.235775809823815
-6.236422970624528
-6.236957413502827
-6.237688139095471
-6.2383095319763315
-6.2391317760645775
-6.239763637518487
-6.240255337811087
-6.240753762615592
-6.241153478713186
-6.241228854407709
-6.241697976390608
-6.242085967066132
-6.242293186904609
-6.242593248960354
-6.243106572807622
-6.243763422026011
-6.244333881731105
-6.24500587068047
-6.245478158090142
-6.2458940660361915
-6.246140102007973
-6.2463574025270985
-6.2467166734565485
-6.24693145231558
-6.247130430926969
-6.247264571975968
-6.247682070883996
-6.248136020248739
-6.248367360714429
-6.2485930094459095
-6.248948824193517
-6.249323520330279
-6.249468288666509
-6.249680481192367
-6.250005556178213
-6.250166125392048
-6.250316748079723
-6.250703956545254
-6.250952965689316
-6.251517554827822
-6.252080180661863
-6.2524461335818176
-6.252603719171171
-6.2527752957788065
-6.253065794790833
-6.253465289647396
-6.253788212671105
-6.254031838295121
-6.254397056937123
-6.254676121922934
-6.2549862020571485
-6.255299526230264
-6.255656939209849
-6.255902742142021
-6.25620698324089
-6.256503440994841
-6.256661380231676
-6.256735232985682
-6.256935377227135
-6.256940423658146
-6.25701744889795
-6.257405565901747
-6.257548538550432
-6.257836629812493
-6.258272477724519
-6.25857874954057
-6.258993883981475
-6.259422457048614
-6.259645296644603
-6.260045771311765
-6.26014392374301
-6.260251804607304
-6.260264580483829
-6.260582508896174
-6.260972197670037
-6.261451385544608
-6.261676573934603
-6.262139747791081
-6.262483298917112
-6.26270775554592
-6.2630841164448325
-6.263405680661055
-6.263490115436304
-6.263657779742379
-6.263942968495701
-6.26422331854013
-6.264442837027554
-6.264662662247685
-6.264773597766096
-6.264897905930739
-6.265117818651785
-6.26521513541374
-6.265479763822081
-6.2656552843992666
-6.265955980135286
-6.2663852178802255
-6.266690981315557
-6.266827395262161
-6.26692185111793
-6.267163234717963
-6.267483687200935
-6.267885969075852
-6.268254868139788
-6.2684905859931455
-6.268666517293082
-6.268712667307222
-6.268941045897219
-6.268974502156082
-6.2691230314797695
-6.269333020400006
-6.2695661255121315
-6.269937419934353
-6.2702235639747155
-6.270485015759179
-6.270865732262035
-6.271356171388151
-6.2715142162216955
-6.271525742100995
-6.2714526534638635
-6.271629617785268
-6.271742733110737
-6.271970147979279
-6.272327402410146
-6.272488650789588
-6.272631933645382
-6.2728114174277
-6.273038531684465
-6.273289827989188
-6.273704675192611
-6.27409538671429
-6.274414473239922
-6.274688010147123
-6.27506579676914
-6.275385503900457
-6.275781595453404
-6.2760977193896705
-6.276431260289134
-6.276711081124388
-6.277008872036532
-6.2772897100992875
-6.2776413725318205
-6.277976967832509
-6.278139260188277
-6.278228151242422
-6.278286055884918
-6.2785293907063675
-6.278834872459416
-6.279103130357655
-6.279135099841851
-6.279418451494244
-6.279790204803181
-6.280014316177741
-6.280290503811353
-6.280596486422319
-6.280871861314936
-6.281038318232648
-6.281186250225731
-6.281508277698404
-6.281824204956655
-6.282083338566835
-6.282393884143425
-6.282541859468277
-6.282814877396838
-6.283073797506959
-6.283122626796252
-6.283075446497214
-6.283089998429648
-6.283117846881314
-6.283260994958677
-6.2834276649891345
-6.283774177681189
-6.283768832009177
-6.283945199143919
-6.284116241293879
-6.284212657812391
-6.2843205364653345
-6.284346780496086
-6.284258543636486
-6.2841099074742015
-6.284150115898787
-6.284238937554425
-6.284521935351519
-6.284750803933617
-6.2848943016513585
-6.284990725816916
-6.2851078283182895
-6.285265221443107
-6.285304862808317
-6.285292980850876
-6.285495686833164
-6.285688809709795
-6.285770931610872
-6.285985777100499
-6.286268706639949
-6.2866074564677135
-6.286859730123316
-6.287078785741951
-6.287277749696801
-6.2874945314135084
-6.28781705383408
-6.28811599025649
-6.28820374997871
-6.288157103809898
-6.288231909683617
-6.288384045492536
-6.288366122203237
-6.288476586522607
-6.288644761523063
-6.2887727104687885
-6.288914569289492
-6.289030843013103
-6.289253630346979
-6.289339997418092
-6.2893619039097075
-6.2896642285952415
-6.289903411003762
-6.290125593195731
-6.290252708477807
-6.290340274983158
-6.290545018416435
-6.290688447982573
-6.290949208804957
-6.291140262200736
-6.29127507741412
-6.291385531545315
-6.291637485579994
-6.291767662044053
-6.291876772563552
-6.292014323017108
-6.292214018652414
-6.292230196045643
-6.2922650160195595
-6.292344517437882
-6.292298396354749
-6.292347667513529
-6.292477376858518
-6.292510511893527
-6.292577909577563
-6.292670985161869
-6.292903848511136
-6.2930839691555445
-6.293320417610373
-6.293495356654405
-6.293721670059949
-6.293864056656995
-6.2939024980007385
-6.294067588415238
-6.294191588842735
-6.294221710686529
-6.294304465101205
-6.2943590642119585
-6.294516857534969
-6.2946638027040205
-6.294909760045969
-6.295152125985919
-6.29540824766405
-6.2956400734308815
-6.295945093643489
-6.29600723778098
-6.296192582466724
-6.296374862744008
-6.296564011912438
-6.296739634573923
-6.297015409274659
-6.297288304271005
-6.2974681009247675
-6.297675990326666
-6.297805353606848
-6.297941962025142
-6.298206849927748
-6.298386187254791
-6.2986081656497275
-6.298739855643205
-6.298900859459344
-6.2990060418714
-6.299140971783845
-6.299429525830957
-6.29960960183591
-6.299667985210133
-6.2998965023623175
-6.2999383919329865
-6.300106161902346
-6.300226558361928
-6.300331182224288
-6.300545999873452
-6.300685407286917
-6.300961633626737
-6.301016647606585
-6.301118447452031
-6.30116641633398
-6.301342805433077
-6.301532706841889
-6.30157099801048
-6.301753970332311
-6.301841835738697
-6.302023710496371
-6.30214140341929
-6.302417388145477
-6.302685565704386
-6.302798975009301
-6.302948101564447
-6.30298322824064
-6.303044687920951
-6.303176106083051
-6.303311233703953
-6.303392855677725
-6.303520255095365
-6.3036283001335915
-6.303830582411149
-6.303987109810057
-6.304056563955659
-6.304107560548575
-6.304188542550281
-6.304268241103972
-6.304397310458582
-6.304451349192789
-6.3046483711451735
-6.304761852854336
-6.304937076265032
-6.305138021461122
-6.305266935770609
-6.305347759660955
-6.305576105065596
-6.305692792033533
-6.305902475012163
-6.306011690052069
-6.306221716558817
-6.306443072331963
-6.3068605683441366
-6.307102192641178
-6.307269141048234
-6.307464793099412
-6.30752730589009
-6.307731653338112
-6.307955271942694
-6.30814227177248
-6.308240480959194
-6.308249089523511
-6.308376349148378
-6.308591837155295
-6.3087351427194465
-6.308883025083713
-6.309110751588054
-6.309401968595958
-6.309701708128664
-6.30989826810975
-6.310145210699576
-6.310393410721615
-6.310591820828155
-6.310690334984598
-6.310789478048607
-6.310822277424513
-6.310869836893173
-6.311053479468398
-6.311302303550862
-6.311542694798565
-6.311729293661762
-6.311868826231924
-6.311964175075806
-6.312043750652842
-6.312158643646668
-6.312259362694485
-6.3124186049753845
-6.312531816711428
-6.312660505177939
-6.312809675362087
-6.3128988899724465
-6.3130028823973765
-6.313019163509353
-6.313112976973624
-6.313022376048221
-6.3130298345566604
-6.313086143673923
-6.313279557625426
-6.3134855273188055
-6.3136077566773965
-6.313708603274456
-6.3139272665245905
-6.314040313327084
-6.314193773895378
-6.314339921305478
-6.314426229404811
-6.314498949106731
-6.314650462755341
-6.314781853936676
-6.315013598214183
-6.315208773804211
-6.315429660940896
-6.315589793249205
-6.315663211142299
-6.3158180904375865
-6.316069468791995
-6.316184416849913
-6.316234777694878
-6.316370921520777
-6.316513343211172
-6.316554628104276
-6.316591415859136
-6.316729201048808
-6.316798541267871
-6.31685679985415
-6.317088985601316
-6.3173006645477905
-6.317384342311372
-6.31753207679699
-6.31763311766112
-6.317677450272211
-6.317902498331028
-6.318106300209718
-6.318251033895446
-6.318375910282746
-6.318433755003966
-6.318525395178637
-6.318672660053316
-6.3188798555230195
-6.319012165799523
-6.319057195443154
-6.319116446469725
-6.319235197575567
-6.319390411938613
-6.319482691170933
-6.319563367430853
-6.319556852413246
-6.319624700808882
-6.319659578843182
-6.319731645113194
-6.319797644838123
-6.319737992968246
-6.319643658128607
-6.319653800261332
-6.319636282654789
-6.319738566722515
-6.319753239610222
-6.319760393360515
-6.319898049892426
-6.319990586563322
-6.320077064658904
-6.320154671422089
-6.32024206956539
-6.320223930847619
-6.320251940603571
-6.320449396551182
-6.320606442236901
-6.320858089136619
-6.321057396897987
-6.321185558660569
-6.321291349548996
-6.3213651588817115
-6.321477081805615
-6.321414940954251
-6.3214736197104795
-6.321545181989369
-6.321642143406217
-6.321732319511496
-6.321874141905202
-6.322046832849563
-6.322134349914792
-6.322283846108099
-6.322433761920386
-6.3226442170603265
-6.322786169414577
-6.322990690700811
-6.3231770383699555
-6.323360567775946
-6.323541965095867
-6.3236970058322886
-6.323750686903667
-6.323787744888372
-6.323898625862983
-6.324090696539141
-6.324200918235587
-6.324351188915798
-6.3245284700793984
-6.324588603588031
-6.32471765732835
-6.324758297610417
-6.324854617748954
-6.324948857063313
-6.3250827125167515
-6.3252451451185525
-6.325374113871743
-6.325491206042177
-6.3256122307549765
-6.325688793866629
-6.3258626695835884
-6.32608042702016
-6.3261644504234384
-6.326334863232862
-6.326434436384578
-6.326520176701842
-6.326699209047675
-6.326845833854161
-6.326910952497454
-6.327010542774199
-6.327108361239481
-6.327122963504592
-6.327231435818495
-6.327355072255165
-6.327546824059136
-6.327729927278715
-6.327870996660408
-6.328048140579333
-6.3281758085782664
-6.328414488889282
-6.328610321226267
-6.328707350248296
-6.328797635014594
-6.328920306780768
-6.329060785684996
-6.329182841108757
-6.329345807370321
-6.329532468467936
-6.329622194788579
-6.329628435837843
-6.329697159397557
-6.329863347119338
-6.329975687106373
-6.330143146520898
-6.330240403891887
-6.330298358768441
-6.330327681481774
-6.330449937062422
-6.330532560709341
-6.33062485820881
-6.33070576519433
-6.330810671692396
-6.330968947015574
-6.3311834382070975
-6.331367926354801
-6.331576302423764
-6.331682759980428
-6.331824376005646
-6.332026942800335
-6.332234683930839
-6.332412130281181
-6.332511761620526
-6.332560138134222
-6.332734135877505
-6.332947645344832
-6.333047577705045
-6.333149093586754
-6.333241461342005
-6.333360935298537
-6.333481176809005
-6.333594079465618
-6.333689582456425
-6.333824766765663
-6.333981815994596
-6.3341115585978285
-6.334244856986876
-6.334382119038069
-6.334503171673738
-6.334669303408174
-6.334793030642943
-6.334890094616656
-6.335062448284392
-6.335106723636269
-6.33516099720709
-6.33530491235858
-6.33550918108964
-6.3356253616591
-6.3358330029651615
-6.336022633675542
-6.336219820336736
-6.336340664067852
-6.336426611689833
-6.3365801767093055
-6.336665904141044
-6.336789240022523
-6.336950420287727
-6.337118995246992
-6.3372204911121415
-6.337277943336245
-6.3373799201220615
-6.337442049036128
-6.337615884521609
-6.337756948621599
-6.337934427283778
-6.338062105254247
-6.338113749938081
-6.338202985325136
-6.3383566504630195
-6.338495383437016
-6.338526371599724
-6.33862476793733
-6.338786116413867
-6.338876163123213
-6.338913854007151
-6.338969928825226
-6.3390510878428055
-6.339032814073216
-6.339093668666531
-6.339128957381233
-6.33928674293901
-6.339412225747143
-6.339512562298147
-6.339568734999699
-6.339600891376022
-6.339662642824376
-6.339782671341484
-6.339785577246545
-6.339860829592226
-6.339922666469576
-6.3399997744960395
-6.340002686708252
-6.340223789667434
-6.340384002142801
-6.3404656008620455
-6.340583029063496
-6.340612259038259
-6.340604706886182
-6.340652959686595
-6.340673604861653
-6.340827464264078
-6.340880034465453
-6.340929972851506
-6.340943861633671
-6.340957053256098
-6.340997357693987
-6.341056127814401
-6.341151287801046
-6.341186250917751
-6.341243550384141
-6.341366072404498
-6.341482043469196
-6.341537871135336
-6.34157986369359
-6.341675247168225
-6.3418055479007815
-6.34192709374427
-6.341973028274933
-6.342063020007839
-6.342112363602473
-6.3421757510355246
-6.342257787290312
-6.342297285880831
-6.342396672034587
-6.342509724604733
-6.3425586893379995
-6.3425944277901705
-6.342569212866367
-6.342586103709991
-6.342688484049656
-6.342726915651669
-6.342822979396251
-6.342925233018677
-6.343081785030807
-6.343268372064944
-6.343430120503813
-6.343554418195107
-6.343739948852868
-6.343841097964047
-6.34391846372744
-6.3440038489466115
-6.3440290802549635
-6.344131356456308
-6.344286778685155
-6.344401286277703
-6.344510305872784
-6.344547272938585
-6.34466009444467
-6.344772305367326
-6.344905689974238
-6.34502469920524
-6.345114299404396
-6.34516665655381
-6.3452842985629925
-6.345253266052728
-6.345408214915166
-6.34556350811993
-6.3456386057566805
-6.345815570667953
-6.346025921596556
-6.346083609344492
-6.346146021899348
-6.346241679884652
-6.346274332253491
-6.346338111158743
-6.346461475758092
-6.346590829934362
-6.346714328203051
-6.346856396177173
-6.346940873095365
-6.347084085170559
-6.3471967643907
-6.3473939528239205
-6.347573460832072
-6.347729115464173
-6.347829018128906
-6.347990492428216
-6.348207590803862
-6.348412836019452
-6.348638491649758
-6.3488306862023185
-6.349035798343084
-6.34919742564302
-6.3492817902199485
-6.349388391093753
-6.34955400825613
-6.349635782526497
-6.349797939478572
-6.349834101459515
-6.3499698892893095
-6.35012266494621
-6.350273021796703
-6.350461682990197
-6.350641656517674
-6.350814171536547
-6.350947501585832
-6.351138529208577
-6.351294286996292
-6.35145546278926
-6.351610216561329
-6.351758217852286
-6.35184811764089
-6.351926455498038
-6.3520147927870845
-6.352171429078192
-6.352285559407805
-6.352410122032578
-6.352565532326084
-6.352686714952844
-6.352852509399774
-6.353017065849931
-6.353161366701712
-6.353276034770613
-6.3533560405025655
-6.353399321929088
-6.353479390983335
-6.353591643164266
-6.353707734600696
-6.353791198478031
-6.353889851056042
-6.353922799145769
-6.354046691284273
-6.354076511400483
-6.354097695401894
-6.354157855316205
-6.354215373732743
-6.354304108097537
-6.354332981627907
-6.35446514288828
-6.3544772521607955
-6.354541636420872
-6.354582893858483
-6.3546566213674875
-6.354808358485264
-6.3549383727954885
-6.355067769804548
-6.355222276465295
-6.355254299898666
-6.3553724391277076
-6.355458853496959
-6.3555568796799875
-6.35560839378653
-6.355606918932347
-6.355684206898658
-6.355740571093877
-6.355876272207536
-6.355970245179124
-6.3559389459172415
-6.355975069985743
-6.3560324455894675
-6.356143557249674
-6.356236443965833
-6.356316916750723
-6.356446217232014
-6.356535103043404
-6.3566369319948155
-6.356801237238029
-6.356880729902891
-6.357000800612274
-6.357161353011374
-6.357209059396549
-6.357255010895255
-6.357295376388048
-6.357331557201261
-6.357384601347189
-6.357461577056123
-6.357520666070058
-6.357627140254642
-6.35774738856881
-6.357721297392183
-6.357829804774199
-6.357961028598329
-6.358126017769018
-6.358266944190823
-6.358344720321773
-6.358452417626849
-6.358522172333133
-6.358576231577347
-6.358620222183464
-6.358728232850772
-6.358822995063473
-6.358848919608173
-6.3588268751708
-6.358826730871443
-6.358749813122702
-6.358724915503449
-6.358695235331999
-6.3586857484667245
-6.3588041850958525
-6.358826790094312
-6.358880478676113
-6.358933124988451
-6.35895544524631
-6.359019288129119
-6.359123571127132
-6.359237612147247
-6.359314937762484
-6.359397184834091
-6.359475859333459
-6.359483979809256
-6.359525572068975
-6.3595579786400345
-6.359635334979725
-6.3596972512051755
-6.359743723722512
-6.359768216656299
-6.359845784614143
-6.359913921478693
-6.3599618201586035
-6.359973056996515
-6.360076196863215
-6.360122746918827
-6.360218990081101
-6.360323818560783
-6.360377746796073
-6.360411518491317
-6.360478238620267
-6.360590280993007
-6.360667666956352
-6.360766919222718
-6.360838553651515
-6.360866092776732
-6.36085443414923
-6.360877676496709
-6.360879667286187
-6.36090715142406
-6.360879519958914
-6.360895145936237
-6.360963993526658
-6.361002377273144
-6.361033030168156
-6.361146690412143
-6.361230407642495
-6.36132691740534
-6.361430177503709
-6.361551474640739
-6.361560882783524
-6.361593164645374
-6.361633492828277
-6.361691871393722
-6.3616870406154655
-6.361687670622793
-6.361685526364084
-6.361684988297037
-6.361714542777248
-6.361768092888884
-6.361828514778437
-6.361827662732047
-6.361816073094075
-6.361738113572164
-6.361772823114507
-6.361860783518694
-6.361907159987029
-6.361933520732131
-6.361970082381798
-6.361971967522683
-6.362010604839673
-6.362002984204712
-6.362061771297699
-6.362071878266882
-6.362107814904904
-6.362189111324993
-6.362294116298659
-6.3623482021892
-6.362372602399707
-6.362479409119274
-6.362539421163484
-6.362570487689069
-6.362578795837639
-6.362608590636807
-6.362678911691122
-6.362613452585184
-6.362637481174652
-6.362672808096819
-6.362713109200365
-6.362733352277916
-6.362738993947639
-6.3627603817172185
-6.362795010216897
-6.362811095114792
-6.362805080425302
-6.362791576242453
-6.362816964047638
-6.362856710883682
-6.362829792934021
-6.362893436750978
-6.362868419933728
-6.362866723587047
-6.362934211571835
-6.362964616862361
-6.3630040438241755
-6.363091166456056
-6.36318564478339
-6.3632982374027485
-6.3633417273541
-6.363384368306791
-6.363448614882002
-6.3636089083556096
-6.363677694245445
-6.363715735807728
-6.363754595457357
-6.363860647288741
-6.363925819471305
-6.3640175934165155
-6.364160742980457
-6.364285097410199
-6.364385491117691
-6.364378259471382
-6.364418021889332
-6.364462524741942
-6.364533217472518
-6.364539725053754
-6.364541242357033
-6.364511111614385
-6.36449562024799
-6.364551585468789
-6.364610894733113
-6.364678408300132
-6.364684099717577
-6.364695049047299
-6.364679855137303
-6.364700497236235
-6.364799252291767
-6.36491158514349
-6.365025214019994
-6.365101774597583
-6.365220620051383
-6.365300052707668
-6.365319291822516
-6.365366007685272
-6.365505827848164
-6.36554795341702
-6.365571191361876
-6.365629087189767
-6.3657038229985785
-6.365733248658251
-6.365833914661983
-6.365969337432422
-6.365987742546434
-6.36605879771103
-6.366061578341883
-6.366124933316564
-6.366207038216034
-6.366286218800389
-6.366398321565619
-6.366503719619421
-6.366667833637605
-6.366839141855818
-6.366993718182001
-6.367098750285886
-6.367141976604875
-6.367186504711508
-6.367299433297324
-6.3674598677142695
-6.367606071752554
-6.367677030923407
-6.367719129376523
-6.367761108841416
-6.367831516149242
-6.367956227968563
-6.368119075245317
-6.368252097228258
-6.368336772429441
-6.368409789127216
-6.368518731362472
-6.368608002547575
-6.368721290645101
-6.368817424620754
-6.3689388323551634
-6.368996087525371
-6.369141037159561
-6.369275711702388
-6.3693503197149495
-6.369451939822385
-6.369517616913074
-6.369655662285291
-6.369754430842303
-6.369843712744335
-6.369951926619546
-6.370031336491212
-6.370084582841596
-6.370077890548603
-6.370049986512057
-6.370074199821836
-6.370194450276682
-6.370353556693399
-6.370461193416336
-6.3705122976790385
-6.370571604704423
-6.370644156987566
-6.3706827726676725
-6.370688092517505
-6.370719486992898
-6.370726516397118
-6.370727520093909
-6.370766096767192
-6.370853944608144
-6.370944588996231
-6.371064621396017
-6.371196487120584
-6.371279708246746
-6.37133690830133
-6.371397343048026
-6.371405065036947
-6.3714794179844985
-6.371561893114532
-6.3715949743244655
-6.371627028004629
-6.371754120617172
-6.371835419593653
-6.371952162110442
-6.372027891229844
-6.372070779170552
-6.372166921906528
-6.372250409395428
-6.372341485927965
-6.372468478371408
-6.3725728252159435
-6.3727024602442714
-6.372799660260214
-6.372912752958233
-6.372999657735938
-6.3730901520872205
-6.373187847066281
-6.373309032863501
-6.373451713445126
-6.373576488697514
-6.373642685397588
-6.37365712688613
-6.373713369318692
-6.373730967381305
-6.373755022482357
-6.373770875944996
-6.373825985006274
-6.373896142979844
-6.373955410006481
-6.374008512368032
-6.374054197758693
-6.374093604523231
-6.374209168603048
-6.374283331723106
-6.374412608509339
-6.374503163878669
-6.374588990350331
-6.374808974641579
-6.374932052212883
-6.375047445948622
-6.375144063284974
-6.375240944263084
-6.375333503316931
-6.375374898781302
-6.37542776792441
-6.375465616792206
-6.375494107670844
-6.3755135462046475
-6.3755847901169656
-6.375647896752664
-6.37566930700727
-6.375800793820233
-6.37590400849405
-6.375936007216143
-6.376068971103499
-6.376174313318142
-6.376279735231307
-6.3763977754424666
-6.3764495776916466
-6.376538032284732
-6.376695611010109
-6.376764874064803
-6.376829923553646
-6.376904357806132
-6.377007901604105
-6.377092242369057
-6.377182732281933
-6.377349105854613
-6.377459545250465
-6.377621562437579
-6.377742526567193
-6.377837114672524
-6.377896072488194
-6.377974808187295
-6.3780483150449685
-6.378113629772044
-6.378193897745505
-6.378295425390194
-6.378385303737666
-6.378503959317834
-6.378620372470288
-6.378759458213246
-6.378868167113414
-6.378985064183812
-6.3791140281219905
-6.3792027673249185
-6.379306940284195
-6.379396406683852
-6.37946056251259
-6.379569863000545
-6.379752174496576
-6.37986398323779
-6.379928984534712
-6.380065001521776
-6.3801423625173985
-6.38023040609575
-6.380296188728085
-6.380368201009209
-6.380427403282315
-6.380505822770706
-6.380591006357282
-6.380650961952373
-6.380743397871651
-6.38084498292771
-6.380985409769299
-6.381047839034355
-6.381136703095113
-6.381216139675395
-6.381342798512874
-6.381432746334403
-6.381518898526555
-6.381600452587254
-6.381724260255937
-6.381827948697669
-6.381968713136651
-6.3821035353796
-6.382193366661487
-6.3823008801771035
-6.382412007516292
-6.382518853322533
-6.382624603540339
-6.382766168353087
-6.382917772213303
-6.3829791559361455
-6.383041363381107
-6.383057080064684
-6.383080106040145
-6.383126622625041
-6.383183538221015
-6.3831768652355905
-6.383188852016946
-6.383247173891459
-6.383315868038705
-6.3833686042658595
-6.383338479777136
-6.383399565893525
-6.3834607617187755
-6.383517231985287
-6.38357462586893
-6.3836706091605215
-6.383778403486816
-6.3838543706136575
-6.383969534155917
-6.3840930230153345
-6.384195983238201
-6.384294791581996
-6.38439691755836
-6.384486059910673
-6.384525201073457
-6.384508842181618
-6.384527483467448
-6.384564796883959
-6.38462473547275
-6.384655655489921
-6.384709904798433
-6.384831649227122
-6.384883006764327
-6.384933993409364
-6.385061809527706
-6.3852248065466455
-6.385331425061571
-6.38540121417812
-6.385495458288699
-6.385590843504618
-6.385678919623889
-6.3858219017236255
-6.385968208812203
-6.386082139098091
-6.3861654618022445
-6.386266380591957
-6.3863352140776195
-6.38643441941598
-6.386517853586843
-6.3866186009910955
-6.386708686100707
-6.386758865963298
-6.386824102408631
-6.386871836476009
-6.3868896500309
-6.3869077782836845
-6.38695401349876
-6.387080381583692
-6.387237629701634
-6.387380123656448
-6.387498140169583
-6.387604036735326
-6.387703640177557
-6.387777857238211
-6.387826690749716
-6.387898153835785
-6.388017814544367
-6.388105772597402
-6.3882141902479805
-6.388304791554233
-6.3883601914385215
-6.388402836644826
-6.3885002871753676
-6.388582705908228
-6.388634224222626
-6.388743824448646
-6.3888555813950285
-6.388959983579725
-6.389019262715069
-6.389134577640401
-6.389216810693531
-6.389266585499723
-6.389418505606969
-6.389537749879929
-6.38967797558455
-6.389778756222839
-6.389891255896903
-6.390007408743595
-6.390051040066512
-6.390116855196509
-6.390151061135972
-6.390226250163044
-6.390261029931735
-6.390345626306728
-6.390431206755219
-6.390459511795224
-6.390470227630809
-6.39053776095365
-6.390574841213401
-6.390636763584661
-6.3907096130027625
-6.390786249865909
-6.3908729827778235
-6.390941564943998
-6.390957921582447
-6.391013296852285
-6.391056490162035
-6.391044826609965
-6.391064046963748
-6.391056445037399
-6.391036813542865
-6.391038879768717
-6.3910294883284315
-6.391052796182959
-6.3910785994365495
-6.391132202344582
-6.391206662325669
-6.3912617423455
-6.391343896853341
-6.391408211750785
-6.391408041353699
-6.391441400219308
-6.391450093820671
-6.391493728925921
-6.391539087070613
-6.391579709149691
-6.391657526579558
-6.391730461870194
-6.391820371479743
-6.391902163924958
-6.391927016866589
-6.3919662333300025
-6.3919727099673125
-6.392009014108432
-6.392044384669735
-6.392076899733561
-6.392132227886408
-6.392226487731877
-6.392315488594192
-6.392376034559188
-6.3924486981510285
-6.392515823859119
-6.392559150714097
-6.392638168601464
-6.392703207139649
-6.39277419138017
-6.392859834798694
-6.392960735861026
-6.393013256266283
-6.393052472417001
-6.393091676495036
-6.393143041403372
-6.393168198343816
-6.393165983984818
-6.393151490570897
-6.3931242453864385
-6.393131607136564
-6.393138811903479
-6.393164682238383
-6.39317842044378
-6.393238211047682
-6.393310195463755
-6.393427697219971
-6.393468884995343
-6.393549152285294
-6.39364998129911
-6.393737881879592
-6.393831153249984
-6.393899407253439
-6.393997018801982
-6.394049181948568
-6.394139718572332
-6.394215780331462
-6.394272782724156
-6.394321879084791
-6.394397112250889
-6.394495190229274
-6.3945746137429325
-6.394627332949059
-6.394718364830667
-6.394759199483443
-6.394838287702775
-6.394909187218635
-6.394938099817694
-6.394976140036383
-6.395010799417054
-6.395064250802284
-6.3951214282981255
-6.395193752029166
-6.3952470278378595
-6.39533662298937
-6.395387383163456
-6.395465354597463
-6.3955453997737575
-6.395610292029219
-6.395674189355368
-6.395692458538037
-6.395704479432307
-6.395766220525959
-6.395845941022613
-6.39591435889553
-6.3959533860846465
-6.395978849299925
-6.395985653176606
-6.396059853229592
-6.3960992547526905
-6.396143855574017
-6.396240910185371
-6.396291254134344
-6.396387218787025
-6.396444985299252
-6.396544242803309
-6.396571223236252
-6.396642986060696
-6.396722404657606
-6.396821136660866
-6.396906772424191
-6.396952246925239
-6.396976471821025
-6.397005558533827
-6.39706825842969
-6.3970535267908115
-6.39709022679169
-6.397157798595862
-6.397198541598159
-6.397267935030563
-6.397360172875286
-6.397412961753889
-6.397464980989412
-6.397464952929843
-6.397473289012722
-6.39750846402551
-6.397473575015344
-6.397478726265668
-6.397469347535855
-6.397471518702897
-6.397476828055538
-6.397500909296366
-6.39751144484577
-6.397509730489808
-6.397538761621309
-6.39752587606732
-6.397526166956784
-6.3975344614913725
-6.397565075394966
-6.3976230760786486
-6.397640681731486
-6.3976796510225835
-6.397710991812265
-6.397772124487227
-6.3978513502249035
-6.397942332623012
-6.397973372376869
-6.397999627945493
-6.398018091139879
-6.398072512999022
-6.398140461278986
-6.39820582844071
-6.398245178462825
-6.398286078305262
-6.398290322579944
-6.39830041750448
-6.398396208659043
-6.398493957371163
-6.398580066939529
-6.39861659507728
-6.398607549087627
-6.398682102279977
-6.398696432453071
-6.398765443431828
-6.398800636848217
-6.398844036512529
-6.398868153620085
-6.398907475780858
-6.398970122448896
-6.398975839841834
-6.399028185078194
-6.399095043267893
-6.3991403976144365
-6.39917610429937
-6.399241081036045
-6.399323716492907
-6.399388211533028
-6.399456577924895
-6.399520341284151
-6.399479524061472
-6.399548267121337
-6.399606561828243
-6.399652195471328
-6.399722590809677
-6.399760832266337
-6.39988487105852
-6.399987268899552
-6.400051099989504
-6.400147645589694
-6.400254272641284
-6.40036645070601
-6.400421650867617
-6.400480436856059
-6.400529767831303
-6.400612149439265
-6.400684553696762
-6.400744826942037
-6.400800084686594
-6.40086870082506
-6.40095097439477
-6.401041838034921
-6.40110749037087
-6.401187708726552
-6.401248821288288
-6.401264493021995
-6.4013077264270395
-6.401338772101883
-6.4013531497225395
-6.401343097618698
-6.401382116398665
-6.401419542419306
-6.401459817495166
-6.401511243987981
-6.40156020481308
-6.401631966019002
-6.401694462555515
-6.401748410410908
-6.40179031735456
-6.401842495413729
-6.40186851837118
-6.401911785630984
-6.401934980095463
-6.401981829081052
-6.40200959950154
-6.402058544612643
-6.402121592984213
-6.4021960796657735
-6.40223696843048
-6.402280165677888
-6.402334070486937
-6.4024004707817275
-6.402496340878389
-6.402589757599984
-6.402702042248785
-6.402782371354591
-6.402851588039625
-6.402949999025978
-6.403019490156987
-6.403095990312158
-6.403182238195688
-6.403258792709009
-6.403312616842544
-6.403348470968368
-6.40340761464148
-6.40347887513496
-6.40353517982624
-6.403568433582986
-6.403634201212957
-6.403734705011948
-6.403792438633452
-6.403858517979273
-6.403922284657014
-6.403922588075069
-6.403963378541481
-6.403972073497799
-6.403999417618534
-6.404041791743012
-6.404053081865413
-6.404067912551364
-6.404088341827918
-6.404093051121489
-6.404119037620899
-6.404113041203084
-6.4041418560001135
-6.40422084932281
-6.404261670190834
-6.40433082656123
-6.404405673775196
-6.404477770181211
-6.404514391147979
-6.404552754205327
-6.40457606330726
-6.4046015313223075
-6.404613291915672
-6.404638298317962
-6.404641596613367
-6.404664554102381
-6.404690342251105
-6.4047387598947605
-6.404740720875803
-6.404736233496271
-6.404716138439786
-6.40472316883198
-6.404702999523776
-6.404743195976472
-6.404755333230857
-6.4047515616874735
-6.404723553147627
-6.404754903769743
-6.4047401624712155
-6.404736055309864
-6.404747440536102
-6.404774523762775
-6.404797158363829
-6.404790496858069
-6.404799958371153
-6.4048218545192555
-6.4048952092336835
-6.404956503909455
-6.4050456964628495
-6.405079089858694
-6.40510973397814
-6.405125781928103
-6.405160410908491
-6.405189353387225
-6.4052596068607475
-6.4053450043894085
-6.405399290729442
-6.405452541352312
-6.4055391426782045
-6.405592226379094
-6.405615683174684
-6.405628661474599
-6.4055879990631945
-6.405601174616987
-6.405622733668646
-6.405638421546969
-6.405673110739559
-6.405663796661658
-6.405688772039625
-6.405717275256001
-6.405711249736347
-6.405737857947781
-6.405724098075921
-6.405729381546959
-6.40576470203953
-6.405769111659473
-6.405811879111932
-6.405826981962677
-6.405856906409567
-6.405882005305454
-6.40594285925906
-6.406002668112565
-6.40600331009446
-6.406053186109604
-6.406111043377288
-6.406152718278226
-6.406197510399704
-6.40623072121082
-6.4062997823925
-6.406365365875721
-6.406441625421008
-6.406510738517167
-6.406570247499035
-6.406584595848659
-6.406619561028013
-6.406668240039363
-6.406724207518483
-6.406793586573769
-6.406888276178047
-6.406948119705787
-6.407012153591826
-6.407071597086641
-6.40716027601241
-6.407261670648419
-6.407348934196169
-6.407387863961512
-6.407470741817237
-6.4074987215665855
-6.4075743348982215
-6.40762213383109
-6.407725302535466
-6.407829738941597
-6.407903905004777
-6.407939912004026
-6.407957328267255
-6.407954596834922
-6.407962471296433
-6.408022020666885
-6.408079792961707
-6.408149656160837
-6.408239280727228
-6.408290104412683
-6.408332699652894
-6.40838732949257
-6.408477136057427
-6.4085302530446695
-6.408596604028915
-6.408690131450276
-6.408766680999992
-6.408866212004196
-6.408965184917842
-6.409017819837531
-6.409108660652384
-6.409185912580259
-6.4092224422044115
-6.409233098625535
-6.409295003426539
-6.4093035123962165
-6.409386802974896
-6.409433385734699
-6.409447253331262
-6.40949748598409
-6.409502328620379
-6.4095315276604135
-6.4095673720012325
-6.4096078376502215
-6.4096407709180365
-6.409665473746402
-6.409693972082049
-6.409784604831936
-6.409835739012359
-6.409899981116181
-6.40993389974943
-6.40996564081667
-6.409965015670741
-6.4099446345018745
-6.4099432294370216
-6.409942397515134
-6.409931025196591
-6.40993341034073
-6.409966251137397
-6.410022035820005
-6.410047007194443
-6.410051799245573
-6.410027408792191
-6.410014738263146
-6.4100406046101375
-6.410078114159184
-6.4101166760177755
-6.410137150983575
-6.410181980504966
-6.410217458306633
-6.410266616125164
-6.410269058093985
-6.410280453283153
-6.410312520574059
-6.410332246472584
-6.410361292872343
-6.410414154349582
-6.4104613828172665
-6.410462224606729
-6.410488593944418
-6.410490837654517
-6.410471954991036
-6.410469500144735
-6.410474681803127
-6.410493945567959
-6.410496414471416
-6.410502231727784
-6.410528268108223
-6.410577285003322
-6.4106193604203865
-6.410643161129302
-6.410682945771829
-6.410705042295209
-6.410728455252642
-6.410789141754483
-6.410821234690793
-6.410883495151569
-6.41092493361147
-6.410956863436079
-6.410991858200136
-6.411038015275819
-6.411074871072162
-6.411145834863828
-6.411177040608543
-6.411219977474192
-6.411236879965423
-6.411273309873876
-6.411305198473853
-6.411328617884604
-6.41137660792545
-6.411384125112434
-6.411397996610454
-6.411413993202541
-6.411461226090774
-6.4115410956247105
-6.4116219439992195
-6.4116685430558125
-6.411700514355118
-6.411751226137683
-6.411791319117677
-6.411881733725105
-6.411965628855787
-6.4119937774691325
-6.412019941495579
-6.412035284506696
-6.412049575206072
-6.412084284675316
-6.4121237963385616
-6.412170143133583
-6.412191680363403
-6.412204599961635
-6.41220213286149
-6.412220925507603
-6.412218205637433
-6.412243140819926
-6.412232552672492
-6.412240833414207
-6.412277505154163
-6.412319740169197
-6.412377522237468
-6.4124519937465765
-6.412480612592446
-6.412520473275421
-6.412566790259875
-6.412586019269754
-6.412654980326505
-6.41268784159945
-6.412707369140939
-6.412775154351225
-6.4127930379945655
-6.4128161124982
-6.4128300068440955
-6.4128786234093695
-6.412921924302901
-6.412963227705918
-6.412961211763135
-6.412958019760987
-6.412945312291139
-6.41296147058418
-6.412972666541586
-6.4129745746091755
-6.412980916328893
-6.412950262965143
-6.412937025616329
-6.412951914725049
-6.412981024534778
-6.413016964994049
-6.413071072565828
-6.413110612738367
-6.413136462703136
-6.41317003018129
-6.4131930190348045
-6.4132252258858085
-6.413249124999156
-6.4132803945585195
-6.413318296523623
-6.4133171053287485
-6.41336165358524
-6.413373347763556
-6.413407927496663
-6.41338907156824
-6.413379163895582
-6.413407506578541
-6.413409543980273
-6.413373409524884
-6.413349543571594
-6.41332920649162
-6.41331343236414
-6.413331952247536
-6.4133085220620965
-6.413326860505969
-6.413321432876818
-6.413348404850599
-6.413402430759406
-6.41343073709331
-6.413440898858309
-6.4134799908541815
-6.413532652114464
-6.413578975883723
-6.413588216346312
-6.413585582214024
-6.41359069058759
-6.413544294820512
-6.413549040185776
-6.413609465294565
-6.413663926440572
-6.413689407788802
-6.41374599088612
-6.413777569404905
-6.4137954832219215
-6.4138147884390655
-6.41384551169093
-6.413858566879242
-6.413866144187107
-6.413903192370188
-6.413882224238913
-6.413894566671149
-6.4139548293321464
-6.414008050977279
-6.414075615496872
-6.414115509984042
-6.414143698711679
-6.414129687473678
-6.414146617673978
-6.414197888764714
-6.414227925098186
-6.414264756893671
-6.414245840403335
-6.414262450690516
-6.414275724895965
-6.414298595138462
-6.41433447482801
-6.414366009962498
-6.414407363045825
-6.414470510673672
-6.414516653841463
-6.414576356465441
-6.414647295117444
-6.4146972262191095
-6.414740580419412
-6.414721384349259
-6.4147254732562775
-6.414778176058516
-6.414809174712735
-6.41485377205625
-6.414921703160092
-6.415002315155888
-6.415092606657565
-6.415153441228045
-6.415235415110154
-6.415326389648812
-6.415409461066175
-6.4154759096866325
-6.415525365830313
-6.415585229129818
-6.415629898375401
-6.415675359903952
-6.415699463766595
-6.415731409065992
-6.415762735258254
-6.415764438699735
-6.415802880454029
-6.41585858247039
-6.415904696295185
-6.41597887150507
-6.416021070482037
-6.416068377472484
-6.416129954016161
-6.416145977587088
-6.416183592513848
-6.416258495840361
-6.416281743261865
-6.416338477922817
-6.416379762415229
-6.416402255208615
-6.416461233488969
-6.416501515861886
-6.416530730501786
-6.416558921608825
-6.416580298736716
-6.416628993276718
-6.416654967068924
-6.416669465713457
-6.416678649386947
-6.416729555641414
-6.416739059411561
-6.416748456413035
-6.41678599961473
-6.416798693015593
-6.416855698148599
-6.416885604509504
-6.416950562907047
-6.4170157435610005
-6.417040608069815
-6.41706880878872
-6.417084543593978
-6.417084434108201
-6.417095842411097
-6.417107882120372
-6.4171691365857555
-6.4172389605945765
-6.417265340571231
-6.417307620901721
-6.417327065542488
-6.417343940020194
-6.417351839980675
-6.41736112095696
-6.417341469079649
-6.417372818257957
-6.417391341098962
-6.417430635064626
-6.417444456502195
-6.417492783747712
-6.4174995892526425
-6.417521518894427
-6.417558603967059
-6.417588836711913
-6.417639542304345
-6.417648064433237
-6.417668988655635
-6.417679247890282
-6.4177309891733625
-6.417802848878889
-6.417860950543452
-6.4179062593396905
-6.4179457023224336
-6.41794370535881
-6.4179707052178365
-6.417992818432031
-6.418003659126954
-6.4180454992026235
-6.418050959391159
-6.418067118916335
-6.418075066022837
-6.418081871971667
-6.418145857568597
-6.418177893890335
-6.418245765532603
-6.418310038536306
-6.41835806827025
-6.418390793412109
-6.4183956950107435
-6.418433460222596
-6.418463156569946
-6.418469769224361
-6.418502734078167
-6.41854338418022
-6.418573818883356
-6.418592240116856
-6.4186085173765335
-6.4186488100336305
-6.418669137886439
-6.418724546127717
-6.418776514829758
-6.418820157143954
-6.418852917856504
-6.418885421606296
-6.418905820887257
-6.418896114335908
-6.418942993818469
-6.418955624116662
-6.41891914054012
-6.418929318147272
-6.418976882481969
-6.418988379420653
-6.418998883242263
-6.419019312001441
-6.419081023265726
-6.419137412913344
-6.41917630908197
-6.419207420544412
-6.419259318385606
-6.419308976696517
-6.419322881034702
-6.419339250818844
-6.419372508886248
-6.419436641077896
-6.419504711739593
-6.419556886231851
-6.419583892508752
-6.419590651001577
-6.4196165833029895
-6.4196624017961375
-6.419695107093327
-6.419718365587539
-6.41974958667449
-6.4197675507672916
-6.41981713946372
-6.4198525201383445
-6.419869589747874
-6.419866460328578
-6.419873917796862
-6.419892862760638
-6.419884303189275
-6.419887486786176
-6.419903334055575
-6.419906141578689
-6.41991211876558
-6.419945547831345
-6.41999984527948
-6.420075215705972
-6.420103663647436
-6.420132422554967
-6.420195932897204
-6.420276464585643
-6.420324674000821
-6.420383501803345
-6.4203955466340705
-6.420443227793128
-6.420492099632825
-6.420546718775996
-6.420584394861211
-6.420635756811019
-6.4207093059211395
-6.420791671176562
-6.420851762564625
-6.420906095687227
-6.4209468297560806
-6.420974368117426
-6.421015534564622
-6.421046170660317
-6.421056502875146
-6.421096535621226
-6.421134088158437
-6.42119445541846
-6.4212144759642324
-6.421236495601521
-6.421275140243449
-6.421343108083229
-6.421402435640034
-6.4214578795210615
-6.421491130237358
-6.421535147460561
-6.421598346266718
-6.421652322283635
-6.421694199876884
-6.421748764724484
-6.421805772863596
-6.421859104329873
-6.421890677760214
-6.42190190329013
-6.421949637362455
-6.422002100399119
-6.422049846095331
-6.422073061977973
-6.4221138427358815
-6.422130962501591
-6.4221541109943825
-6.422175193674194
-6.422230964960392
-6.422270769667179
-6.422308211090497
-6.422388466402226
-6.422459963619355
-6.422509566587778
-6.422563704441391
-6.422623728472624
-6.422705602597517
-6.422733483842353
-6.42276546653272
-6.422805732207076
-6.4228621705019755
-6.422870891801192
-6.42288675145414
-6.422897374335401
-6.422914623395251
-6.422950248963853
-6.422990483795066
-6.423037826755283
-6.423084453452068
-6.42310076687248
-6.423123460272908
-6.423159115334141
-6.423213655078092
-6.423272546639049
-6.423308342149871
-6.423326113894845
-6.423352475612997
-6.423418573344056
-6.423454950117033
-6.423506603888296
-6.423558524840963
-6.4236332881144556
-6.423685391587573
-6.4237310080728625
-6.423775534537957
-6.423795656336438
-6.423781542072987
-6.423800521671926
-6.4237972867196
-6.423815038829337
-6.423839920778272
-6.423863066450074
-6.423881498586039
-6.423889302074222
-6.4239270390540115
-6.423975894419892
-6.423997051543469
-6.4240428560094625
-6.424068198480362
-6.424078176011852
-6.42413314847947
-6.42415958766889
-6.42418860047624
-6.424246112848518
-6.424266882168482
-6.424273181194233
-6.42426459978491
-6.424304293043935
-6.424327518252499
-6.424372144786134
-6.424408866178963
-6.424450493782259
-6.4244670303708995
-6.424510172300369
-6.424534813077462
-6.4245743928308245
-6.424607384793589
-6.424666868257272
-6.424678264796611
-6.424700780394174
-6.424739922793607
-6.424774156364875
-6.424801217025707
-6.424800445000471
-6.424780005279669
-6.424799286845531
-6.424816392601255
-6.424829605769345
-6.424856721880188
-6.424866084387992
-6.4248748147751495
-6.4248648580873695
-6.424822127409961
-6.424816825953731
-6.42480808719627
-6.424819346413016
-6.42480715244521
-6.4248162955796
-6.424856453156783
-6.424899020074224
-6.424952350499895
-6.424958530857897
-6.424975620268022
-6.425000913124067
-6.424972609113946
-6.424953851071044
-6.424935014720652
-6.4249574916462056
-6.424975739677566
-6.425023088465722
-6.425004503643281
-6.425022151044142
-6.425036131356766
-6.425080239342121
-6.425105587075609
-6.425096593038665
-6.42509901117364
-6.425083255111306
-6.425092603593906
-6.42508032898801
-6.425058904875851
-6.425050297221316
-6.425013535788047
-6.425005367940456
-6.424973079493159
-6.424986729913136
-6.4250051786246285
-6.425025562255083
-6.42504743457036
-6.425081173877426
-6.425072136747158
-6.425055562800891
-6.4250450608412235
-6.425039531818051
-6.425034949907262
-6.424998105377089
-6.4249961747186575
-6.425023172416087
-6.425018753292296
-6.425019309305585
-6.424987734545887
-6.424984651375148
-6.42499270957296
-6.424968637284723
-6.424971182918132
-6.424961410988917
-6.424948082571222
-6.424910540588195
-6.424891696086216
-6.424908008236591
-6.42490390055505
-6.424906157423242
-6.424884251767848
-6.4248877797917014
-6.42488323149001
-6.424874383912863
-6.424860294674704
-6.424831623703764
-6.424822489094506
-6.424836012570557
-6.4248765185228365
-6.4248671555095465
-6.424870939199214
-6.424900825691679
-6.424926943864844
-6.424957923373402
-6.424992333006695
-6.425026963306048
-6.425035770239157
-6.425044350374657
-6.4250673323827145
-6.42507484002133
-6.425082957951541
-6.42511461235834
-6.425137594495245
-6.4251054062713315
-6.425090206853
-6.425090364281502
-6.425119597299627
-6.4251474566518425
-6.425173393618664
-6.425212965090989
-6.425249735256985
-6.425266585553391
-6.425279851382183
-6.425275349168519
-6.425326695187706
-6.42538040801358
-6.425394790097507
-6.425407075850294
-6.425420117928054
-6.42545173962989
-6.425457980224406
-6.425446582881093
-6.425464792775839
-6.425457639578576
-6.425441477462075
-6.425438134619121
-6.42546281877096
-6.425460044902752
-6.425458503269128
-6.425462092650864
-6.425435645849706
-6.425418064796621
-6.425403463820042
-6.425354957937673
-6.42533829543734
-6.425301085033257
-6.425274940641927
-6.425267974128566
-6.42525180265995
-6.425239902377397
-6.4252233512010966
-6.4252446900755436
-6.425215510119578
-6.42523704335844
-6.425237455248441
-6.425234634844951
-6.425249443198084
-6.425239975200968
-6.425222573195572
-6.4252268406731865
-6.425204131001532
-6.425155315917022
-6.425122446188135
-6.4250933832509745
-6.425095737046461
-6.425079656791439
-6.425059118441758
-6.4250398097720085
-6.425016837997089
-6.425010160967989
-6.425035813796748
-6.425030071056646
-6.425026754736649
-6.425025655161573
-6.425011675233683
-6.424982285876045
-6.424962362175278
-6.424953257374322
-6.424980569263412
-6.424995415099111
-6.425002300775022
-6.424999822543477
-6.424974318319014
-6.424952343877632
-6.424932369681171
-6.42490904446865
-6.424877738084467
-6.4248766474147985
-6.424882676134397
-6.4248759289431305
-6.4248619650744
-6.424884653117988
-6.424928077476116
-6.424983609836948
-6.425017041435914
-6.425004632148328
-6.424999940639731
-6.424999962977613
-6.424997514439107
-6.424989435730849
-6.424976004236028
-6.425021369846829
-6.42504064220688
-6.425084329170625
-6.4251439760413795
-6.42518336668831
-6.4252361975818015
-6.425307551364364
-6.425349513973723
-6.425382343366704
-6.425369276717551
-6.425361096139826
-6.425321596449786
-6.4252635622709215
-6.425267775206407
-6.42528714024324
-6.425274583425645
-6.425267833198208
-6.425264156243297
-6.425250290334863
-6.425242472506657
-6.42522783816559
-6.425220814903109
-6.425245273281269
-6.425268585785255
-6.425288513936565
-6.425294144410368
-6.425304111603942
-6.42529568928937
-6.425316873421995
-6.425354706763836
-6.425363574271062
-6.425400380030294
-6.425426978489802
-6.425467981617371
-6.425470313289211
-6.425478216391228
-6.425491192320475
-6.42549012145714
-6.42548849369404
-6.4254873570513436
-6.425482410417147
-6.425495820688061
-6.425510034316875
-6.425540619112645
-6.4255626032492845
-6.425562387523039
-6.4255670078817
-6.425542413310225
-6.425539002543494
-6.425550552596981
-6.425589778911988
-6.42561695672019
-6.425641405725664
-6.425649719294919
-6.425639450796553
-6.425644581817249
-6.4256394755290245
-6.425648803644051
-6.4256714626314455
-6.425682889129088
-6.425666011203928
-6.425665986997442
-6.425650266873983
-6.4256267769865545
-6.425621705796952
-6.425599714222444
-6.425615147495541
-6.425582959806609
-6.425560312853071
-6.42553862930365
-6.42551321678526
-6.425529280720915
-6.425521331730901
-6.4255002461756145
-6.425487559059989
-6.42545880297192
-6.42543489664367
-6.425434839165483
-6.425448937615112
-6.425439792659301
-6.425426023316306
-6.425403349907272
-6.425392776590662
-6.425380946006652
-6.425361167988881
-6.425344340259415
-6.425356096590709
-6.425377354677282
-6.425388357023889
-6.425391215813224
-6.425391220359116
-6.425404941026197
-6.425437270425755
-6.425452746111643
-6.4254445272736
-6.425435452712311
-6.425387157841955
-6.4253500926896265
-6.4253302381557145
-6.425322528392075
-6.4253543787908844
-6.425377174330484
-6.42540351881305
-6.425428988861508
-6.42545633772446
-6.425490371696417
-6.425490623302594
-6.425527664311818
-6.425544636801081
-6.425558401798706
-6.425567154171159
-6.425558470180612
-6.425539433001745
-6.4255328630452295
-6.425557178461664
-6.4255402651595475
-6.42555062222447
-6.4255441956405175
-6.425550959023276
-6.425559313846003
-6.425532758977117
-6.425521269996984
-6.42551203795658
-6.425491892657976
-6.425490085436559
-6.425460892946868
-6.425445656196537
-6.425441466915537
-6.425425060047572
-6.425424742180717
-6.425433161298454
-6.425451793779276
-6.425483287979625
-6.425503272933605
-6.425531964973078
-6.425521439059086
-6.425509997146029
-6.425505382602269
-6.425495646121264
-6.425505982745466
-6.425501685865208
-6.425485724734592
-6.4254955334884745
-6.425515183390185
-6.425516741683154
-6.425532431301789
-6.425518464753288
-6.425507711182043
-6.425491287537076
-6.425494298417951
-6.425533406186474
-6.425558287199033
-6.4255500599269535
-6.425554316351595
-6.425549476208137
-6.425528682723541
-6.4255464276758225
-6.425549715162505
-6.425557010996387
-6.425549534920717
-6.425543829120748
-6.425540163056901
-6.425543973028817
-6.425572780497838
-6.4255755954589535
-6.4255947194644
-6.425597406974046
-6.425595451586066
-6.425608729281073
-6.425611381056305
-6.425619841236666
-6.4255910205383495
-6.425560600015534
-6.425520427453965
-6.425494564850536
-6.425504185008988
-6.425528616370964
-6.42553450637689
-6.425565103353493
-6.425597205819179
-6.425602737130154
-6.425597775766641
-6.425620141429656
-6.425637647063168
-6.425651709066862
-6.425669880037753
-6.42569095567029
-6.425697802213273
-6.42570014040517
-6.4257285368002
-6.425731263940768
-6.425718121176491
-6.425692549428342
-6.425662342422679
-6.425666618205623
-6.425664168542897
-6.425635079241197
-6.425597591427722
-6.425594549097527
-6.425568117139918
-6.425561182506699
-6.425550435189204
-6.425548335266757
-6.425551447795161
-6.425554339419016
-6.4256038075332915
-6.4256714013765555
-6.425660449327786
-6.425653021393866
-6.425641573763387
-6.425656864404479
-6.425645859441364
-6.42562872040679
-6.425624162425996
-6.425611583724731
-6.425611427584109
-6.42562515002872
-6.42562704464627
-6.425630602663897
-6.425648018439994
-6.425668950532422
-6.42568218540836
-6.425667955238215
-6.425667836437936
-6.425644335582958
-6.425648341259399
-6.425656048610625
-6.425691986330835
-6.425688972559312
-6.425715735751938
-6.4257435483817265
-6.425763656434691
-6.425777577668109
-6.42580612182897
-6.425814957268311
-6.425805361979763
-6.425792609261196
-6.425805565529512
-6.425814845192313
-6.42581677464895
-6.425813151843088
-6.425838548694877
-6.42583910873548
-6.425819936997536
-6.425835287603526
-6.425857087221064
-6.425854717444292
-6.425863803280796
-6.425870440117533
-6.42588943741506
-6.425919302686404
-6.425946116701915
-6.425975641944754
-6.42600416496978
-6.426039091840175
-6.426044862633499
-6.426066743479002
-6.42609225612852
-6.426121595268776
-6.426155014061967
-6.426166901424521
-6.42616044017363
-6.426158668561851
-6.426157885407381
-6.42615179388163
-6.426171002957836
-6.426173820458586
-6.426178537180234
-6.4261912990652235
-6.426175787780531
-6.426175931360796
-6.426163375720363
-6.42616341071491
-6.426179215465276
-6.4262020994078926
-6.426212577400086
-6.426213660916156
-6.426222834911468
-6.4262395735447
-6.426251292396583
-6.426256830886295
-6.426251531059268
-6.42627247060322
-6.426287795232158
-6.426298667001478
-6.4263306273234715
-6.426329146246585
-6.426324804439033
-6.42631425013833
-6.426317225663108
-6.426329294301672
-6.426334247658934
-6.426341293242128
-6.426360714240911
-6.426385110678044
-6.426381901522972
-6.426368973770937
-6.426352440619058
-6.426352468259087
-6.426345423860989
-6.426352052542602
-6.426352666794209
-6.426356020817928
-6.426343625781034
-6.426320972597329
-6.426335672848247
-6.42632200228246
-6.426310167183443
-6.426312346485769
-6.426319190212227
-6.426290287974823
-6.426253091948257
-6.426241686117099
-6.426236312020026
-6.426213824273994
-6.426178795310733
-6.426155723853564
-6.426156051066482
-6.426165644228885
-6.426192672379876
-6.426203871509182
-6.426227268959377
-6.426230945343008
-6.426252978959853
-6.426298290144106
-6.426327766125603
-6.42636726906305
-6.426381938215541
-6.426402598877075
-6.4264018900033255
-6.426444310739321
-6.426486629582286
-6.426506862497977
-6.4265048258339945
-6.426511197211548
-6.426512568293589
-6.426502465835254
-6.426499265952392
-6.426503558730799
-6.426521060570705
-6.426549612278843
-6.4265685815011695
-6.426590625723311
-6.426607936191582
-6.426625539661963
-6.426653281629489
-6.42667124525932
-6.426698424266724
-6.426722903285667
-6.426742966069981
-6.426746911368845
-6.4267522692894445
-6.426766245811969
-6.426770983316262
-6.426791138005197
-6.426820146087319
-6.4268070240139625
-6.426784891567853
-6.426793004237286
-6.426822428722219
-6.426836625965169
-6.426869500037374
-6.4268918784400215
-6.426924811183919
-6.426936398285597
-6.426954369091408
-6.426951251238823
-6.426959399774054
-6.426961301509546
-6.426958530181072
-6.426943002839701
-6.426931369061199
-6.4269246779081675
-6.42689779491868
-6.426881479571766
-6.426843020496613
-6.426853468553261
-6.426838978957526
-6.426838798559289
-6.426849491954555
-6.426867788897957
-6.426882649715508
-6.426898211887911
-6.426927231526405
-6.426936837310537
-6.426953482633225
-6.426959363223649
-6.426955929600443
-6.426968520069439
-6.426986293231104
-6.426993935317018
-6.427002395281284
-6.427013307927018
-6.42701801157988
-6.427033354760058
-6.427029433797261
-6.427043940151096
-6.4270366420550165
-6.427029092448767
-6.427030615584092
-6.427000031168305
-6.426982141987103
-6.426977896025285
-6.426971814707746
-6.426949440550937
-6.426941058568762
-6.42693334456427
-6.426950632632294
-6.426942391559049
-6.426956996764234
-6.426981174350463
-6.4270235690298945
-6.427026686035053
-6.427006088340404
-6.427022415348429
-6.427042317904033
-6.427036008948823
-6.427029719607854
-6.427028653568268
-6.427038928503292
-6.427047460143092
-6.427078808427833
-6.427116733922392
-6.427147454274156
-6.427171898090447
-6.427190047917913
-6.427205206994259
-6.427234346120765
-6.427226406763557
-6.427233945584443
-6.427219321694295
-6.427203396953814
-6.427207533673924
-6.4272181826132755
-6.427228368809953
-6.427232240965259
-6.42723402183491
-6.427225224481382
-6.4272360901438
-6.427233871709613
-6.427241628525214
-6.427276205192514
-6.427296642829663
-6.42730722431894
-6.427292675960616
-6.4273030911802795
-6.427320822503511
-6.42734847454199
-6.42737749518742
-6.427404066161448
-6.42742312804014
-6.427441622487119
-6.427457009243747
-6.42746185992305
-6.427472464869347
-6.427488686333661
-6.427509139808678
-6.427523339218696
-6.427550814422865
-6.4275617426013785
-6.4275725973507365
-6.427573566114828
-6.427576065482166
-6.427609518099559
-6.427633877072728
-6.427666450872215
-6.427716201299143
-6.427754530561108
-6.427752506411908
-6.427782851384084
-6.427795223653619
-6.427810809512836
-6.427831720572738
-6.427845598998926
-6.42785944093236
-6.427868503064877
-6.427883529013409
-6.427894619038921
-6.42791650738665
-6.42790606188682
-6.4279328663185185
-6.427959876947112
-6.428005967280101
-6.428031236368871
-6.428047310332186
-6.428074218859324
-6.428097731662461
-6.428111483786733
-6.42815357916211
-6.4281782354094466
-6.4281521525199725
-6.428142724287623
-6.428158090843652
-6.428187747987822
-6.428209723402562
-6.428220093128225
-6.428183108454223
-6.428183764788107
-6.4281930995067995
-6.428202126452522
-6.4282096663588355
-6.428206434448567
-6.428217123559282
-6.428227704047308
-6.428251246568664
-6.428269486882585
-6.428301151736738
-6.428325404530536
-6.428340278150348
-6.428360873099859
-6.428388232376457
-6.428424209049482
-6.42844640989864
-6.428448747772976
-6.428459984025269
-6.428484425012836
-6.42850339906374
-6.428520703212706
-6.4285693837001165
-6.4285828749124185
-6.428597019861938
-6.428616578247154
-6.428656989782221
-6.42867819934841
-6.4286906922291385
-6.428706776788158
-6.428724319964152
-6.42874719962714
-6.428757518461458
-6.428760246853118
-6.4287736821502754
-6.4287688195000054
-6.42876783794201
-6.428779269958208
-6.42878647853647
-6.428805129682045
-6.428799464647967
-6.4287834430334145
-6.428783782157005
-6.428785587441892
-6.428791696127451
-6.428799261596875
-6.428780000176071
-6.4287766624240055
-6.428779580298568
-6.428766087780383
-6.428778664949088
-6.428786646573331
-6.428794498564294
-6.42879541980693
-6.4287994003010756
-6.4288019994594645
-6.428812806058703
-6.428854122622696
-6.42888927503252
-6.4289032740966645
-6.428926447800806
-6.428956505192913
-6.4289656012590655
-6.428952586103544
-6.428960051458646
-6.428952619730394
-6.42895856352436
-6.4289780079717005
-6.428987964088302
-6.429018853807472
-6.429034304317402
-6.429068104625086
-6.429082664385739
-6.429083720458136
-6.429102302918994
-6.429079151425504
-6.429076545959748
-6.429081675603037
-6.429116069844535
-6.429142528406966
-6.42917502212506
-6.429191711279116
-6.429222712237116
-6.429236906246327
-6.42924445826449
-6.429258749080179
-6.429267818931239
-6.429274344061528
-6.429280914605578
-6.4292817265719115
-6.429297348491095
-6.429304949484702
-6.429315664016082
-6.4293350196313765
-6.42934659488777
-6.429384351922343
-6.429401232732553
-6.429380539896801
-6.4293916004820355
-6.429376571792129
-6.429396076910094
-6.429423005387227
-6.4294222870855515
-6.429447772830229
-6.4294539504338895
-6.429480711391799
-6.429488706443527
-6.4295007957080745
-6.429503116067932
-6.429506271253203
-6.4295247548720456
-6.429529407677433
-6.429523141688652
-6.429527417813376
-6.4295216856200845
-6.429529907777773
-6.429541170320578
-6.429553955181572
-6.429565897646085
-6.429576884440494
-6.42957808432589
-6.429577725572395
-6.429578768559481
-6.429581195520462
-6.42959226343231
-6.42958753198486
-6.429614117134261
-6.429644108245469
-6.429666527193131
-6.429675406299519
-6.42967646889122
-6.429695806173349
-6.429705668648772
-6.429719038283181
-6.429733179003084
-6.4297457886850715
-6.42976784408418
-6.4297478244158075
-6.429747224193382
-6.429778833691404
-6.429815919940238
-6.4298261792054685
-6.42982712999014
-6.429820022582306
-6.429836790100861
-6.4298752029595105
-6.429900539227415
-6.4299107988005675
-6.429932591404293
-6.429947840381975
-6.42994497044378
-6.429953932157922
-6.429969248581018
-6.429974722071663
-6.429974701909022
-6.429992151085604
-6.430008187767331
-6.43002132402915
-6.430008077575022
-6.430024424020625
-6.430065995387195
-6.430079429455847
-6.430102303399621
-6.430104593611076
-6.430116529286475
-6.43012435990162
-6.4301274930894
-6.430109776302452
-6.430073079838782
-6.430038756165292
-6.430023719122954
-6.430008888118931
-6.430029934731462
-6.430011536493681
-6.430025332006629
-6.43001565735486
-6.4300192476161495
-6.430013992381053
-6.430016841102063
-6.4300281749851464
-6.430028779447395
-6.430023458603333
-6.430010035562451
-6.429982443823112
-6.429991923453084
-6.430010340856705
-6.430015866334335
-6.43003889981755
-6.430051545676678
-6.430075235893746
-6.430098856683988
-6.430112473611751
-6.43013738964087
-6.430147635652841
-6.430109669261108
-6.430115956783028
-6.4301421984066005
-6.430156785247569
-6.430175917938671
-6.430177265434328
-6.4301591705222645
-6.430138178622885
-6.430133484772478
-6.430156338480748
-6.430162416119793
-6.430158717193555
-6.4301398842532835
-6.430126472690865
-6.4300986292220745
-6.430081192817523
-6.430101042997605
-6.430114891479148
-6.4301256494800585
-6.430147171562317
-6.430154600601554
-6.430150896713288
-6.430177167857708
-6.430187404286151
-6.430211460525026
-6.430222961602881
-6.4302603600451445
-6.430262335634139
-6.43025532088296
-6.4302444027966335
-6.430234444479017
-6.430222481240566
-6.430211635809646
-6.430190687065321
-6.430196463906653
-6.430205814125904
-6.430212069828775
-6.430223191674315
-6.4302481946177705
-6.430233661099206
-6.430226076201191
-6.430223086471994
-6.430212549579736
-6.430217227385086
-6.430197227511533
-6.4301897673082005
-6.430188312045949
-6.430184146578472
-6.4302106746053
-6.430210995678688
-6.430202891398441
-6.430210130639955
-6.430229475047905
-6.430230559088379
-6.430231682863621
-6.430233807947401
-6.430243472391891
-6.430249330015933
-6.43026842645183
-6.430274368280059
-6.430295048309936
-6.430293531843433
-6.430276776721285
-6.430283965677896
-6.430259388667543
-6.430230702722662
-6.4302055661089845
-6.430204604254761
-6.430182981525229
-6.43018123907936
-6.430179477560431
-6.4301889663611425
-6.430167192099535
-6.430150071061153
-6.430149141827674
-6.430162782069367
-6.430152205488639
-6.430121503992226
-6.4301183178593275
-6.430094600967134
-6.4300881333887565
-6.430081284161212
-6.430096051472402
-6.430126528674894
-6.430138799614493
-6.430162153634622
-6.43015484215654
-6.430146991220238
-6.430143109043878
-6.430139683011694
-6.430113866613734
-6.430103248513011
-6.430095214154877
-6.43008760507314
-6.430073608744892
-6.430078710985996
-6.430081877321471
-6.430085439201957
-6.4300982366203385
-6.430073010413428
-6.430071393344833
-6.430091036274337
-6.430100721643362
-6.430103996432503
-6.430082916042927
-6.430084841871205
-6.430079106294252
-6.430085975650958
-6.4300968524714
-6.430115246745521
-6.430133164571016
-6.430137990656042
-6.430127592070458
-6.430127940656493
-6.430131790740532
-6.430117698009202
-6.430105694054431
-6.430099108615305
-6.430090385235742
-6.43008064854435
-6.430073931298057
-6.430054011616646
-6.430054478481881
-6.430039432100708
-6.430051091626434
-6.430065477945662
-6.430075861284182
-6.430074071160143
-6.4301075304050395
-6.430125173249161
-6.430142915671201
-6.430139296556674
-6.430144496869398
-6.430141804162908
-6.430122443315157
-6.430133101382052
-6.430136955241878
-6.43015034787744
-6.430157677683117
-6.430186252314051
-6.430229514004803
-6.430265124117395
-6.4302935007801745
-6.430324539374075
-6.430344698364788
-6.43036399912863
-6.43036775326976
-6.430362140121752
-6.43037175038178
-6.4304020229323395
-6.43041850665417
-6.430418423305999
-6.430429234526199
-6.43044553075377
-6.430438966508367
-6.430435719302631
-6.430445582703995
-6.4304401245732725
-6.43044897523757
-6.430455492385096
-6.43045517099888
-6.430462626520209
-6.430460297468551
-6.430450563123626
-6.430446831143257
-6.430430936878138
-6.430427283782759
-6.4304261786760115
-6.430417986904202
-6.430414433214068
-6.430409772083413
-6.430420392876724
-6.430436401009404
-6.4304235615452425
-6.430416976472765
-6.43042308452875
-6.430431708563248
-6.430438745257474
-6.430461518385959
-6.430469626189815
-6.430491329065128
-6.430477278200883
-6.430478652907148
-6.430479892001163
-6.430489688594948
-6.430499261449814
-6.4305054630700536
-6.430507835592254
-6.430530864334564
-6.430536258790335
-6.43056392461981
-6.4305600434917585
-6.43055809165679
-6.430547165873742
-6.430556038255621
-6.430588867538717
-6.430621367927435
-6.430632458766625
-6.430651450003729
-6.4306515287893875
-6.430644788805733
-6.430636116976126
-6.430658954049065
-6.430667616443038
-6.43066118034154
-6.430663692704284
-6.430659208936959
-6.43066439583957
-6.430685714066198
-6.4306985841954365
-6.430681083546027
-6.430682991804028
-6.430678379726861
-6.430676135300816
-6.43069224158523
-6.430696999478015
-6.430694599784224
-6.430696988635243
-6.430696175953878
-6.4307032346710695
-6.430711224116779
-6.430708113763174
-6.43071900232064
-6.430725048992517
-6.430743293453231
-6.430755634063676
-6.430752234072911
-6.4307439199775
-6.430736786382422
-6.430744387825499
-6.430744036835952
-6.430767848335577
-6.430774271722983
-6.430772381199428
-6.430765172868644
-6.430749887573755
-6.430745210695914
-6.4307469649872
-6.430763218146214
-6.430767692205108
-6.430758173995604
-6.430744525884829
-6.43073663268528
-6.430734683147955
-6.430725009394201
-6.430707537043071
-6.4307015382861215
-6.430682596790776
-6.430671639433209
-6.430670539160177
-6.430661833586104
-6.430654534138271
-6.430655477863616
-6.430659641523237
-6.430662900216475
-6.430669860528209
-6.430680233128316
-6.4306898664771746
-6.430696771341895
-6.4307067745387245
-6.430712888003705
-6.430719936285072
-6.430742143975469
-6.430730501778247
-6.430729922144968
-6.430712890938507
-6.430682572625784
-6.430666016749786
-6.430653006930073
-6.43062104357535
-6.430604921473847
-6.430594121815641
-6.430581573765659
-6.430561706228616
-6.430556231561001
-6.430550431333141
-6.430544614754687
-6.43054561180215
-6.430539730728503
-6.430519700491657
-6.4304924198549855
-6.430488366035682
-6.4304866661519435
-6.430483045690753
-6.430468635593552
-6.430451255505006
-6.430454175494601
-6.430451850357514
-6.43046216016454
-6.4304624399496175
-6.430453315898045
-6.430432918929675
-6.4304218374448325
-6.430407872378087
-6.430388952277911
-6.430384751727562
-6.430381351393272
-6.430361484672121
-6.430351706465457
-6.430343177789809
-6.430334797513104
-6.430340790963447
-6.430354256117058
-6.430370237403795
-6.430364107746157
-6.43036551404948
-6.4303921457646736
-6.43039311412217
-6.430413741556917
-6.430438939870493
-6.430450601818695
-6.430476277712899
-6.4304817389434845
-6.430487445320102
-6.430459515572152
-6.430445254478271
-6.430440971125858
-6.430448744928215
-6.430464085107511
-6.430465694622978
-6.430460021623298
-6.430463746967136
-6.4304623286666605
-6.43044582569346
-6.430428710703722
-6.4304443444566965
-6.430442330938828
-6.430431710994495
-6.430421471377605
-6.43040914717699
-6.430394539546987
-6.4304017607740285
-6.4304080027341595
-6.430432637659544
-6.4304368912857806
-6.4304260406929865
-6.430414143689491
-6.430411537783667
-6.4304267833637665
-6.430410167789168
-6.430395725938396
-6.4303990490752145
-6.4304011521553806
-6.430421336987831
-6.430447390638709
-6.430460761245952
-6.430468551151547
-6.430462369918496
-6.430472369541312
-6.430493279020835
-6.430479114410824
-6.430490112988379
-6.4304938190464345
-6.430481267528545
-6.430453507948862
-6.430451883673021
-6.430437925166921
-6.430429855200133
-6.430432472525171
-6.430431856717136
-6.430428971442714
-6.430423355208257
-6.4304174471792415
-6.43042420248864
-6.4304308248552795
-6.430424234320689
-6.430434183804
-6.430452642310261
-6.430456047944225
-6.430466549788902
-6.430490207521167
-6.430499105409273
-6.430529921825339
-6.430550571643985
-6.430570936812513
-6.430591490293277
-6.430625509624051
-6.430637164533519
-6.430632255294181
-6.430611064140768
-6.430601671961616
-6.430593154664763
-6.430606486355911
-6.430622782950514
-6.430618437326212
-6.43062308441593
-6.430635363064568
-6.430643907019538
-6.430661888087618
-6.430679019635405
-6.430676791326288
-6.430684358033677
-6.430696426132649
-6.430691152322493
-6.430704478859815
-6.43069185544918
-6.4306954595124575
-6.430712601875997
-6.430710153546813
-6.430712483002833
-6.430708234228149
-6.430676153319549
-6.4306662871284015
-6.430675582239489
-6.430685212298241
-6.430702609392841
-6.430728254500742
-6.4307402753457845
-6.43071972769291
-6.430739176575811
-6.430749397365738
-6.4307623664621305
-6.430763845155353
-6.430772208110012
-6.430793169507413
-6.430806792908
-6.430800685032552
-6.430779263163441
-6.430776531116558
-6.430788759836378
-6.430786273532314
-6.430780049658394
-6.430783271800883
-6.4307890060592
-6.430793492356885
-6.430801743874178
-6.430814946473439
-6.430810070974771
-6.430814294155051
-6.430823689863284
-6.430836558877575
-6.430843651731991
-6.430840061547344
-6.430840514864505
-6.4308434665049
-6.430869425950143
-6.430884130068629
-6.430895640138863
-6.4308919332412176
-6.430846606570296
-6.430828610967227
-6.430830842907757
-6.430819422938119
-6.43081395869795
-6.430800780435861
-6.430793687054726
-6.4307892387533725
-6.430795782898442
-6.430783134089247
-6.430789922952856
-6.430791153057653
-6.43079504652254
-6.430813837470006
-6.430811636921753
-6.430820774926681
-6.430815708508275
-6.430814472092797
-6.430806300351851
-6.430790568641144
-6.43077574441177
-6.430764839316971
-6.430757147085878
-6.430749756701623
-6.430745026624377
-6.4307291576637065
-6.430717146772315
-6.430700194213873
-6.430688447373197
-6.430694728075785
-6.430680070576818
-6.430672380716025
-6.43067515953634
-6.430677755221583
-6.430688696500265
-6.430691594240738
-6.430683754776954
-6.430673632673729
-6.430654277004145
-6.430655041494115
-6.430658731110958
-6.430646667404396
-6.4306325486988305
-6.43063154796986
-6.430636045523641
-6.43063683564702
-6.430646091146354
-6.430642522919546
-6.430646025153022
-6.430666619238405
-6.430674348127145
-6.430667382089712
-6.430652220593605
-6.4306584956198805
-6.430680284975146
-6.430697641895064
-6.43069522638844
-6.430686787841756
-6.430685656825299
-6.430680282688035
-6.430664843056187
-6.43066976303584
-6.43070286716015
-6.430715648978473
-6.430729815545678
-6.430748527323867
-6.430759863224784
-6.430774718067648
-6.430756311834504
-6.430747892449991
-6.430770822070865
-6.430773875129206
-6.430771665638673
-6.430772429753719
-6.430783571475126
-6.430796183247073
-6.430797253253021
-6.430791942294002
-6.430780747853889
-6.430772001604194
-6.430755261114201
-6.430749592494504
-6.430754070102444
-6.430740557715985
-6.430740838093376
-6.4307614084600155
-6.430761125837816
-6.430774134505204
-6.430751210833164
-6.430751306285005
-6.43076159608022
-6.4307533280061335
-6.430760084015327
-6.430756124998144
-6.430773023054148
-6.430775738688491
-6.43079163363098
-6.430783883381963
-6.4308068180880955
-6.430818339393044
-6.430837172369256
-6.430845569930516
-6.430844592331633
-6.430848570048936
-6.430833984236062
-6.430821544519067
-6.430821364870289
-6.430819120114629
-6.430819163850159
-6.430817495086387
-6.430835710918614
-6.43086137033143
-6.430873388584495
-6.4308713158802835
-6.430883946632535
-6.430887717222575
-6.430881744823201
-6.430898541973798
-6.430919427221352
-6.430911248560374
-6.430918502127219
-6.430916276481466
-6.430915345819035
-6.4309195317699634
-6.430917936924775
-6.430921850769383
-6.43092403244023
-6.4309272955265335
-6.430928220190105
-6.430944631579008
-6.430954920601333
-6.4309604089686285
-6.430969088774109
-6.430976923353969
-6.430992938657488
-6.431004202428573
-6.431001922527754
-6.430975704094167
-6.430977570221866
-6.430992018370248
-6.430982925658686
-6.431007166914171
-6.430993940011023
-6.431002323759854
-6.4310314921457135
-6.4310547689553905
-6.431077392567253
-6.4310907095418655
-6.431096011605418
-6.431104078397217
-6.431092726747571
-6.431094176079792
-6.431101244858886
-6.431108667081131
-6.431109575833106
-6.431131906458568
-6.431148855151501
-6.431166746301666
-6.431168055017971
-6.431171281468698
-6.431189796413353
-6.431213221347469
-6.43121016074359
-6.431223260616975
-6.431214056849232
-6.431232244007759
-6.431229560075665
-6.431250102103937
-6.431257043231675
-6.431279362357128
-6.43128329319365
-6.431281602596874
-6.431289718704652
-6.431285185217853
-6.43129190496928
-6.431283050023921
-6.431312890397762
-6.4313320270403
-6.431343467452021
-6.431338904568401
-6.431355889758745
-6.4313579000281385
-6.431363532034714
-6.43136451846976
-6.43137432239913
-6.431380672473776
-6.431408304771214
-6.431412693476608
-6.431431828896712
-6.431443506271642
-6.4314612976355425
-6.4314878731009335
-6.431500717672278
-6.431513592493393
-6.431531644931365
-6.431556703990063
-6.43159073968851
-6.431615422277934
-6.4316386170810205
-6.431651778985266
-6.431656714470946
-6.431640572615887
-6.431638313666785
-6.431649327106945
-6.431642833615938
-6.431651160509661
-6.43166560369383
-6.431637486803524
-6.431635034032177
-6.431629868276574
-6.431635115208539
-6.4316187269373515
-6.4315951845014085
-6.431584962346799
-6.4315919949447045
-6.431573607373132
-6.431575625654697
-6.431596893910484
-6.431611974215601
-6.431637290230569
-6.431674334405266
-6.431691315338623
-6.431707168498775
-6.431737495107686
-6.431749938348154
-6.43177088598303
-6.43179445234045
-6.43180256293579
-6.431806648970667
-6.431825239778217
-6.431825934337242
-6.431841440637107
-6.431834249678547
-6.431839264996967
-6.431854823941686
-6.431852988724598
-6.43185233534256
-6.4318402889990285
-6.43185288472627
-6.431867370927662
-6.431879236708851
-6.4318784278541195
-6.431882970801069
-6.43188440344271
-6.431883504901561
-6.431900680305033
-6.431885987691511
-6.431878043170862
-6.431881546618224
-6.431872806558051
-6.431873539381055
-6.431862623536068
-6.431877986776345
-6.431897615912579
-6.4319017895255435
-6.431896934434594
-6.431907854446959
-6.431903682156739
-6.431908422019882
-6.431896619703744
-6.431889543062154
-6.431899367922737
-6.431887456434698
-6.431878568097858
-6.431859541146964
-6.431870203596989
-6.431868014264831
-6.43187217990898
-6.431887781236813
-6.431906492556314
-6.43191416778985
-6.431916472192284
-6.431915304532012
-6.43191120023007
-6.4318886282141925
-6.431896880238216
-6.431876424919563
-6.431850220583628
-6.431848917390191
-6.431859652305022
-6.431875502761735
-6.431885539596685
-6.431880693444011
-6.431899628454155
-6.4319217080838715
-6.4319202939946996
-6.4319304949333755
-6.431931572730615
-6.431926863187481
-6.431934113365734
-6.431955755749715
-6.43195939327804
-6.431976452239574
-6.4319930262655065
-6.432031175405567
-6.432069044750846
-6.432097272473153
-6.432108860590331
-6.432138521843078
-6.432160497409101
-6.432187327610554
-6.4321911743302636
-6.432206078784208
-6.432225008869282
-6.432226475195802
-6.432246801696435
-6.432260160112836
-6.432279962245501
-6.432305261975754
-6.432339257335953
-6.432354626342245
-6.432377250555863
-6.432380459282121
-6.432396966479688
-6.43241970695578
-6.432427794612322
-6.432445888963182
-6.432462319255049
-6.432476966592264
-6.4324705311635135
-6.432489534822583
-6.432502894624489
-6.432517199946563
-6.432521232295096
-6.432532624446374
-6.4325536375442285
-6.432582926586244
-6.432572894748834
-6.432583325756413
-6.432596916508935
-6.432627458105332
-6.432639899202182
-6.432656873220357
-6.432678854527639
-6.432691532902515
-6.432706927075298
-6.432719127632796
-6.432742092582485
-6.432774003521275
-6.4327787631773985
-6.432792710777247
-6.4327918404621185
-6.432798086838872
-6.432808970974201
-6.432827987722264
-6.432853024734824
-6.432877303996367
-6.432897735732098
-6.432938965828714
-6.4329675100483374
-6.432989686410686
-6.433006110891543
-6.4330246619098945
-6.433041060339337
-6.433067833644495
-6.433098956482719
-6.4331188570504745
-6.433121851016789
-6.433150585295399
-6.433182485878346
-6.433191789320205
-6.4331966555297
-6.43322387142971
-6.433251619998216
-6.433270855645696
-6.433268435988555
-6.433263547495147
-6.433283759170109
-6.433289603505557
-6.433311982982146
-6.433333168801735
-6.433350224570316
-6.4333703301372624
-6.433394083622744
-6.433396179272371
-6.433405134673234
-6.433422932218409
-6.433430046642712
-6.43346093783449
-6.433487409781527
-6.433493781073245
-6.433510994076228
-6.43352460884584
-6.433558904343792
-6.433581249980172
-6.433602476946447
-6.433623298844102
-6.433645854899721
-6.433672465506109
-6.433685798294291
-6.43371074622362
-6.433749081050859
-6.433766844662826
-6.4337849589211
-6.433790007488605
-6.433792907204121
-6.433824639934137
-6.43385810694549
-6.433869068008607
-6.433885679436858
-6.433913073641455
-6.433944597032171
-6.433962517690485
-6.433992643208835
-6.434014204432602
-6.434033015797667
-6.434056657227014
-6.434078887015046
-6.4340840289876695
-6.434111293916699
-6.434140441047222
-6.434150603497171
-6.434170574778279
-6.4341738346057715
-6.434170937162758
-6.434166511340554
-6.434187077242507
-6.434215728441307
-6.434237694864195
-6.434235856165143
-6.434255395748819
-6.43424411848963
-6.434229023432825
-6.434225548661697
-6.434213994482376
-6.434226048517398
-6.434245415095298
-6.434250890945166
-6.434234464294412
-6.434235886747731
-6.43425937649239
-6.434261328975282
-6.434273560412801
-6.434271379314291
-6.434274096913112
-6.434289471080768
-6.434274277528096
-6.434270708165456
-6.434271678536477
-6.434274204669561
-6.434285255251004
-6.434290476788477
-6.434296925860525
-6.434310621964974
-6.43431904982395
-6.43434459326364
-6.434368946235994
-6.43439215689314
-6.434400637758222
-6.434395712763546
-6.4343876328230465
-6.4343984954058016
-6.434404892833523
-6.434424369958123
-6.434426435307624
-6.434425510096924
-6.434433556747801
-6.434446847097961
-6.4344737343914495
-6.434473708498386
-6.434469970522381
-6.434478586047451
-6.434493652853424
-6.434505320870074
-6.434507120646732
-6.434512141916395
-6.434520253525816
-6.434535069463232
-6.434536330525794
-6.434545547736108
-6.434551880310307
-6.434552466982511
-6.4345692160092645
-6.434567207323128
-6.434580710932745
-6.434588103327467
-6.434588340712044
-6.434586929209374
-6.4345846648494165
-6.434578423331783
-6.4345630345511475
-6.434548571161009
-6.434539274661049
-6.434529706969862
-6.434520556131532
-6.434500025401693
-6.434494431815394
-6.4344478756289964
-6.434435873900102
-6.434431964173992
-6.43442952404691
-6.4344311522120545
-6.434435752440668
-6.434437017156787
-6.434441070938643
-6.434447713780833
-6.434452653587847
-6.434454557076743
-6.434476397394694
-6.434494529687849
-6.434501561155729
-6.43450071986982
-6.434498910213043
-6.434502765652152
-6.4345087603314735
-6.4345118138396735
-6.434509912967684
-6.434499237577337
-6.4344885189465515
-6.4344871148936225
-6.4344732934459135
-6.4344562952368145
-6.434442619630601
-6.434438326319606
-6.434437231662363
-6.434445500395629
-6.434468555061393
-6.434486556535246
-6.434478098559199
-6.434484528696271
-6.434491856833482
-6.434488113308463
-6.434497556097856
-6.4344957181981215
-6.434488783604722
-6.434474371206912
-6.434451193921884
-6.434438641423247
-6.434419607884784
-6.434417674038007
-6.434400718042189
-6.434379109168477
-6.434365777697205
-6.434375367963532
-6.434382977385623
-6.434394676766693
-6.434371873001953
-6.434376603596621
-6.434369447561776
-6.434393436643646
-6.434411128643346
-6.434441647550051
-6.434458966973044
-6.434480002993167
-6.434488580439892
-6.434504090469273
-6.43448060624479
-6.434485514389124
-6.434500519004395
-6.434512334960582
-6.434522016031534
-6.434543988777507
-6.434566637391187
-6.434579085459976
-6.434593281520078
-6.4346015339131
-6.434615863035957
-6.434613269041724
-6.4346242270926055
-6.434619844242727
-6.434619080076395
-6.43463070549804
-6.434640867717752
-6.434654563376541
-6.434675523131487
-6.4346961097372555
-6.434698413361455
-6.434699596764955
-6.4347023250838316
-6.434702604167467
-6.434710573416056
-6.434714499018865
-6.434715054864441
-6.434717048590418
-6.434721290043355
-6.434726237787324
-6.434736603474618
-6.434747654372978
-6.434748915045837
-6.434749236154186
-6.434770036130903
-6.434793803495455
-6.434798816386692
-6.43480579929797
-6.434825837366029
-6.434839619285363
-6.434865040199799
-6.43489221285208
-6.4349096844042135
-6.434930253363926
-6.434960065669166
-6.43498408376496
-6.434988031050933
-6.435007116915473
-6.435005935018735
-6.435020999857245
-6.435016118245427
-6.435015251244642
-6.435017470041729
-6.435019754946408
-6.435004060014087
-6.435000738189895
-6.434995056061475
-6.434982588311412
-6.4349800801402735
-6.43498150663711
-6.434974483682259
-6.434963437466662
-6.43496039558828
-6.434949176422752
-6.43493813043361
-6.434914493115595
-6.434898099939672
-6.4348845562609025
-6.434879671359168
-6.43487173256157
-6.434877778052618
-6.43483574773164
-6.434841415129561
-6.4348441288611244
-6.434845029234785
-6.434825096341984
-6.434832533414227
-6.434830455826065
-6.434835484300615
-6.434832959957619
-6.434820927359597
-6.434833606454935
-6.434863141507028
-6.434891347566338
-6.434922408108314
-6.434935326618155
-6.434953048245704
-6.434960827169309
-6.434976318391243
-6.434989433694623
-6.43498597205125
-6.434991326204265
-6.43499281822614
-6.435006277096602
-6.435016273531493
-6.435026629646369
-6.435019132715491
-6.435011705548999
-6.43502465167833
-6.435034902998872
-6.4350329386148495
-6.435027732252996
-6.435016752784676
-6.434983072972198
-6.434973330176749
-6.434970403684311
-6.434954869067076
-6.434951308907499
-6.434963555555379
-6.4349808953554914
-6.434997435584118
-6.43499062476587
-6.434996395735718
-6.4349865869595755
-6.434981132470622
-6.434972978321989
-6.434965456054524
-6.434977069932386
-6.434980444325622
-6.434984730643251
-6.434974382720268
-6.434967666150705
-6.434959075242401
-6.4349624564859145
-6.434967992048442
-6.434969611676533
-6.43497344912547
-6.434956542266978
-6.434948821127311
-6.434958961069769
-6.434965549272994
-6.4349750268870665
-6.43497903352549
-6.434984728683133
-6.434979076582142
-6.434989440381123
-6.434992212626419
-6.435001672165616
-6.4350049514126795
-6.435008101448379
-6.435006615504598
-6.435010780642306
-6.435004946818615
-6.434990841291913
-6.4349907872877505
-6.435002780078568
-6.435013867485584
-6.435032032949278
-6.435031161780153
-6.435024054987505
-6.435039910576329
-6.435066703864235
-6.43508871461341
-6.43509496235264
-6.435100904060356
-6.435092558604065
-6.435093989568836
-6.43509347192319
-6.435113841515413
-6.435118237714386
-6.43509947670402
-6.435099540991446
-6.435111781233924
-6.435118213053014
-6.435129633314197
-6.435124809842363
-6.43511884160497
-6.435118898484697
-6.435123489851054
-6.43513291332624
-6.435138228744312
-6.4351482912984626
-6.4351611448925885
-6.435177303532893
-6.435183588448438
-6.435189156884677
-6.435189458424516
-6.435188338315243
-6.43519442651211
-6.43520287579924
-6.435193529242673
-6.435204318007969
-6.435202832466928
-6.435197792257022
-6.435196513595927
-6.435187613753195
-6.435187892270943
-6.4351962029070195
-6.4352135146202585
-6.435234859292413
-6.4352448790291685
-6.435244765717179
-6.435254886022988
-6.4352410044032595
-6.435253067201488
-6.435264914557457
-6.4352767681671015
-6.435269012246935
-6.435287438670228
-6.4352968602572185
-6.435292924415538
-6.435299102689486
-6.435284430901607
-6.435286701605841
-6.435287821232619
-6.435268243249119
-6.435278202326439
-6.4352881940509885
-6.435289468318841
-6.435292078402708
-6.435283648837546
-6.435284572655759
-6.435288223844285
-6.4352870176571075
-6.435298799035162
-6.435311884067049
-6.435312256405542
-6.4353258230470995
-6.435326793931579
-6.435321507383426
-6.435321464527904
-6.435325942356058
-6.435330992104611
-6.435338556963317
-6.435347488006661
-6.43536849387167
-6.43539505842546
-6.435403938773945
-6.435426407816049
-6.435440001472096
-6.435451287494167
-6.435445025857282
-6.435458596170823
-6.435454599343466
-6.435441047726255
-6.435427898216197
-6.4354142517450645
-6.435420019834785
-6.435431692149681
-6.435437260969245
-6.4354397092325115
-6.4354495105743705
-6.435460010062028
-6.4354732384843345
-6.435486583053076
-6.435493661827813
-6.4355123130807055
-6.435540727290442
-6.435562860816732
-6.435566776663759
-6.435575713256497
-6.435578615183096
-6.435587011368944
-6.435597096900322
-6.435614363875768
-6.435633716910372
-6.435654107447923
-6.435662628605288
-6.435657875058915
-6.435677618874523
-6.43567688910621
-6.435685769234131
-6.435690097078223
-6.4356773517434345
-6.435662835209726
-6.435663105927713
-6.435663515610068
-6.435667913450115
-6.435685096691378
-6.435688309734003
-6.435692100640807
-6.435708429935862
-6.43571715864645
-6.435724823125767
-6.435730994462769
-6.435742302214352
-6.435761272309354
-6.4357673822552215
-6.435776816540848
-6.435794751069158
-6.435830558506616
-6.4358554601096305
-6.435875719683084
-6.4358934503484
-6.435918363341991
-6.435934265491403
-6.435949788082143
-6.435957267136309
-6.43595290169495
-6.435970882869049
-6.435997891876659
-6.436017688595843
-6.4360259907065736
-6.436021414804445
-6.43602895460287
-6.436030186436984
-6.436033893274989
-6.436034531743159
-6.436033633406666
-6.436027088474374
-6.4360308353655915
-6.436044780912843
-6.436039199203082
-6.436040304518379
-6.436046622339532
-6.436045194518692
-6.436055461581608
-6.436049554189802
-6.436050958423518
-6.4360646816578715
-6.436064310470972
-6.43605417079439
-6.436057684945678
-6.436072850937853
-6.436068910010688
-6.4360764037011045
-6.43609021340511
-6.4361059125917635
-6.4361166708984845
-6.436128805862711
-6.4361474682923765
-6.436154417231471
-6.436173684708685
-6.436196771759668
-6.43622090756553
-6.436241105157217
-6.436268007590842
-6.436282532130505
-6.436310083384997
-6.4363418953516955
-6.436357089691434
-6.436382800123898
-6.436390511865949
-6.436414069105093
-6.436427094695689
-6.43645220880121
-6.436451340915393
-6.436454230211262
-6.436465736756586
-6.436465531758815
-6.436463635891957
-6.436460907579855
-6.436474907662224
-6.436486806857901
-6.4365021944792105
-6.436519944478975
-6.436527645398983
-6.436529876989551
-6.436532475372319
-6.436532347391446
-6.436549181023193
-6.436555139426467
-6.436569099748593
-6.4365870273201615
-6.436599252147293
-6.436620835486105
-6.436628170772102
-6.4366315111785335
-6.436642249015236
-6.436655088199008
-6.436658744352557
-6.436664014144705
-6.436672095155985
-6.436683029666417
-6.436682318540885
-6.436689586160239
-6.436692654648478
-6.43668867930698
-6.436668199195454
-6.436657915603167
-6.436673390916818
-6.436686522138193
-6.436669872260811
-6.436652514403158
-6.436642940639371
-6.436658475176411
-6.436664202615781
-6.436654425635717
-6.436657782378142
-6.436667796491139
-6.436677034644714
-6.436688050323297
-6.436708444930576
-6.436722927014684
-6.436734589696904
-6.4367492564986195
-6.436754105527158
-6.436756888578229
-6.436743820002632
-6.436730476102839
-6.43672337328129
-6.436713786317879
-6.436704796044178
-6.43671625117706
-6.436696333961509
-6.436698178061242
-6.436705559935077
-6.436699854499719
-6.436715493654475
-6.436718794182373
-6.436734907413592
-6.436747632096628
-6.436770948374551
-6.436795957734727
-6.436813367238651
-6.436822612963843
-6.436836029842328
-6.436844096291402
-6.436855658550961
-6.436850455985164
-6.43684723505448
-6.436857799320233
-6.436856227609209
-6.436865359878473
-6.4368744637068165
-6.436874073671567
-6.436886232992765
-6.436909258754954
-6.436919262385528
-6.436929589692242
-6.4369253480518145
-6.436912943458847
-6.436918053522689
-6.436922711681368
-6.436924764377258
-6.436927085219432
-6.436929674253865
-6.436954123621591
-6.436967657306915
-6.436988449202521
-6.437013214786169
-6.437030241985541
-6.437066793879902
-6.437092352301122
-6.437100221653938
-6.437122143472052
-6.437131268522055
-6.43713442952301
-6.437155420459928
-6.4371515193241935
-6.437133298810924
-6.437130163725626
-6.437138120314048
-6.437146838509833
-6.437144589739214
-6.437157268718346
-6.437155274031774
-6.437162799696363
-6.4371676719503395
-6.437182824007784
-6.437197097500719
-6.437213775281751
-6.43722703374542
-6.437236407142269
-6.437256844686873
-6.437258980390997
-6.437271461280109
-6.437289838578465
-6.43731308914673
-6.437332087622485
-6.43734876881726
-6.437377003344093
-6.437391944379425
-6.437397048542561
-6.437406823264433
-6.4374154511494615
-6.437411211982878
-6.437425504631786
-6.437438687521371
-6.437452673358869
-6.437435466654088
-6.437448900791054
-6.437452118679924
-6.43745115115295
-6.4374490388121135
-6.437434017578115
-6.437419470988283
-6.437381928721866
-6.4373769367493985
-6.437357407913179
-6.43735832345307
-6.437338583208167
-6.437334494412768
-6.437344644966296
-6.437334082665395
-6.437337738582948
-6.437345755182403
-6.437352368356525
-6.437363331625549
-6.437377917209647
-6.437393704834283
-6.437419990585992
-6.437423830928754
-6.437434007078317
-6.43743394285748
-6.437428955483157
-6.437435699723255
-6.437434291087851
-6.43743502991302
-6.437440371107908
-6.437448332020631
-6.437468809603783
-6.4374770383187085
-6.437475579113091
-6.437489922210768
-6.437486000737737
-6.437500938019634
-6.437506667850646
-6.437514332279742
-6.4375094532549975
-6.437503769533074
-6.4374850024321155
-6.43747674411363
-6.437475386253941
-6.437475239534867
-6.437451455737489
-6.437430779174454
-6.43743027140511
-6.437430937085482
-6.437435301028169
-6.437439435979977
-6.437445821725345
-6.4374806239256035
-6.4374740558886225
-6.437488632518157
-6.4374949218083275
-6.437511934194667
-6.437515650358103
-6.4375046092308095
-6.4375080130836535
-6.437514418024337
-6.4375286872272435
-6.437531697634
-6.437538044703715
-6.437533715846447
-6.43752892598081
-6.4375466508861345
-6.437545825732649
-6.437524245741854
-6.437515353522003
-6.43751460954719
-6.437531220018419
-6.437535295398672
-6.43754973828829
-6.437559311409917
-6.437563876477558
-6.4375702827963295
-6.437578127793176
-6.437578201769644
-6.43758380995051
-6.4375936167691235
-6.437609128409406
-6.43762005690006
-6.437632159630595
-6.437645222557748
-6.437652988167305
-6.437631476979948
-6.437621123979895
-6.437607986126135
-6.437615557683102
-6.437613201144399
-6.437625115953852
-6.437649153671036
-6.4376461609327125
-6.4376499584213045
-6.437633552654721
-6.437621755035643
-6.437618450318164
-6.437618325899139
-6.43763240782522
-6.437643605063083
-6.437652382998056
-6.437656330459211
-6.437659214472845
-6.437666622094187
-6.437668930449338
-6.4376692018931205
-6.4376791993183735
-6.437692483283822
-6.437712650319335
-6.43771598413845
-6.437723741321674
-6.43774893598665
-6.437757626124687
-6.437775587084028
-6.43779164054601
-6.437803737224869
-6.437803397159543
-6.437817673956476
-6.437841356237187
-6.437864307774091
-6.437856153108789
-6.437844264158579
-6.43784745725137
-6.437855066866019
-6.437854959403928
-6.437867897378206
-6.437878329139036
-6.4378959080504305
-6.437904780673809
-6.43790987906555
-6.437910738242969
-6.437898730674755
-6.437898734103233
-6.437895491859932
-6.437899367263462
-6.437889095569173
-6.437883707723053
-6.437866413313212
-6.43786840202456
-6.437879805087128
-6.437891040944716
-6.437890219521711
-6.437894285862201
-6.437898648971058
-6.437898305801447
-6.437911587059955
-6.437912368247201
-6.437915479199937
-6.4379271887055465
-6.437926452213122
-6.437938339674593
-6.437948244145316
-6.4379414724010395
-6.437943629657914
-6.4379606016250825
-6.437962407433193
-6.437966632016876
-6.437970534693623
-6.437969522113069
-6.437974852045892
-6.437985308432174
-6.4379802881454555
-6.4379906493378405
-6.438010702193268
-6.438004903953205
-6.438011220497754
-6.438018277916432
-6.438012097988875
-6.438024874694455
-6.438038574041293
-6.438072142372434
-6.438094372208407
-6.438106220128334
-6.438113646473604
-6.438128078695738
-6.438143842593598
-6.438145570319093
-6.43814065704697
-6.438143389351181
-6.438140482045275
-6.438124929811713
-6.438124757702829
-6.438124595137177
-6.438136231434571
-6.438143442705373
-6.4381461764464785
-6.4381457049485995
-6.438146968833332
-6.438156944461693
-6.438163383348495
-6.438174914288985
-6.438205348694291
-6.438218777481549
-6.438223296603061
-6.4382269942965396
-6.438230940055395
-6.4382341117910675
-6.4382452675957085
-6.438251083386343
-6.438266932904853
-6.438295571211403
-6.438313070071431
-6.438307005361053
-6.4382992751378625
-6.438287142400714
-6.438283544777625
-6.4382742635147725
-6.438278616883585
-6.438289656103951
-6.438287680216989
-6.438287175397404
-6.438301692330596
-6.4383211688736965
-6.438345303020267
-6.438345510192942
-6.438347757400422
-6.438358782757335
-6.438358161348657
-6.4383621631450865
-6.438378565466032
-6.438392554129604
-6.438415286968241
-6.438415036719411
-6.4384118272504685
-6.438416488906333
-6.438421773824273
-6.438412144069771
-6.438403358828462
-6.438405181462837
-6.438418932055852
-6.438422156375635
-6.438431697998263
-6.438444514869835
-6.438447364030374
-6.438443864346357
-6.438424685800624
-6.4384112005031575
-6.4383917100797206
-6.438385723979016
-6.4383686813522765
-6.438354429902658
-6.438356193723695
-6.4383626867032335
-6.438377834221161
-6.43838347041071
-6.438385787868071
-6.438381606416611
-6.4383796205049775
-6.438378009349218
-6.438388071148275
-6.438379372060134
-6.438378628775029
-6.438385244735604
-6.438384251541527
-6.438406277782793
-6.438423917686496
-6.4384362004833475
-6.438435464495724
-6.438456590691222
-6.438477602041069
-6.438480513267323
-6.43849945781604
-6.438495934307446
-6.438494971497553
-6.438487827113953
-6.43849226240987
-6.438495993481218
-6.438499795622384
-6.4385136908036795
-6.438523167059965
-6.438529750131671
-6.438525125988159
-6.438535638435004
-6.438532341167358
-6.4385332668349
-6.438533525577615
-6.43853057252234
-6.438528286704725
-6.4385341569723336
-6.4385260476812265
-6.438526144108277
-6.438532222331567
