Gbb RDFs at 50,000 MC steps
0.0
0.0
0.0
0.0
0.0
0.0
0.0
0.0
0.0
0.0
0.0
0.0
0.0
0.0
0.0
0.0
0.0
0.0
0.0
0.0
0.0
0.0
0.0
0.0
0.0
0.0
0.0
0.0
0.0
0.0
0.0
0.0
0.0
0.0
0.0
0.0
0.0
0.0
0.0
0.0
0.0
0.0
0.0
0.0005376677656243386
0.006935968477287746
0.03022362005878864
0.10681072275890349
0.24327631540699293
0.407007489163647
0.5775819355842841
0.7298726776917557
0.8753851532280335
0.9012320569784299
0.938593632274259
0.9428308371394222
0.9184104650040008
0.9061086301756873
0.858711009794986
0.835848217022587
0.773502763912718
0.7898391623107535
0.7706842186580104
0.7572897239605804
0.7399344277697179
0.7366114730561256
0.7553183590129936
0.7799376105731034
0.7984228057600573
0.8472698856676432
0.8678241950487477
0.9129794097179389
0.9614562224180679
0.992896033039669
1.0658800330036844
1.0879609235987036
1.1330479925029295
1.1692494181295061
1.215074873288658
1.2453223203792867
1.261438505305694
1.2860303567478928
1.2866791391466206
1.2895347565678528
1.255987453564217
1.26626294616385
1.2519868505526335
1.2453035529961836
1.2255073624473896
1.2106995752133514
1.2288872117357852
1.2316938733682186
1.2646484542763416
1.2857903072820926
1.3369916816182696
1.3548169155929675
1.382650516725978
1.3733726818018606
1.3658950830444567
1.357178103422742
1.3095330542806167
1.2562532906788253
1.2174991540550626
1.151975295703321
1.0899314368168855
1.0204436010632831
0.9714816071744834
0.911252679622283
0.8735120820305148
0.8245993441654851
0.7894538464415282
0.7561063662484666
0.7416227638464806
0.718689424391408
0.7048964643086302
0.6884081546690559
0.6817256001813846
0.6849154786977962
0.6936834672492073
0.7028199749058535
0.7076717656188198
0.7325517674415287
0.7682368811635784
0.8056810479232072
0.8250063111796025
0.8454143311377209
0.8848368469427683
0.9269176851624479
0.9501126932000689
0.9780217847113294
1.0114201380164665
1.0381576116535924
1.0584371216363457
1.077669724349879
1.1026604311772603
1.1143338163414784
1.1316948775274056
1.1418220552613971
1.1472845861929004
1.1435600180980487
1.1428302328371396
1.1528547784593097
1.1588494771467344
1.1346503279576765
1.1416938050604366
1.1296011188858301
1.118813226510504
1.1240946749812144
1.1081561905273294
1.0965114831825766
1.0980293312462381
1.090718185371354
1.0647527246168313
1.0598469288575685
1.0504873463270408
1.039149302829215
1.0269210730820444
1.0108277000870955
1.0020316056394312
0.9848916367995344
0.9729006002268586
0.9488278043582538
0.9533417888133364
0.9345741624689428
0.9327683109443049
0.9202025947693164
0.9163037399772708
0.9081561772144232
0.8988136315812548
0.9030485414762683
0.9077940984127013
0.9054016238097229
0.9029165774231528
0.9048389801376361
0.9111356465301543
0.9055008860075743
0.9006122121212853
0.9091503020430933
0.8938005875334584
0.8996526549235546
0.8876987952953099
0.8866809929857884
0.8771998727536026
0.8698430992876037
0.852456649994928
0.8355743502980764
0.8223615350070289
0.8037669482781974
0.7972421616339068
0.7809027245744486
0.7652453658304669
0.7527886455646435
0.730020758265873
0.7160584206403482
0.7004699841776344
0.6833883817000095
0.6727015237151741
0.6494031869765249
0.6457519964215841
0.6349368982809356
0.6169177206912582
0.604249459562118
0.5928290764337721
0.57760953047016
0.5641830325811683
0.5418675169504554
0.5316797328417701
0.5150780344171931
0.5011930356713176
0.48586495830433296
0.47327484039503254
0.45947783194284714
0.4446462500028296
0.42893499457469736
0.41624338783900083
0.4036034063674767
0.38955832831228066
0.3804110231550965
0.3722108696066545
0.3555348268316158
0.3451861277732643
0.3336394326278582
0.32075211341752596
0.3079077859630246
0.2956975288265562
0.2829754738701235
0.2677057624332836
0.26210454489021856
0.2509394592163356
0.24476282987031678
0.23642397113362257
0.22453391591365798
0.21771916403274957
0.2112483700880625
0.20297676885663246
0.19672550960284185
0.18943546356657426
0.18249789985173034
0.17508398756785176
0.1678145703875602
0.15888642385308505
0.15242261905313356
0.1462433797652247
0.13602557738476548
0.1296511305881183
0.12165720969634437
0.11549398799371642
0.10916702789325168
0.1055377553299267
0.10080991115850935
0.09568850488861284
0.09066171537638659
0.08737654139979542
0.08216960497079404
0.07683612256607443
0.07080619277247834
0.06731509771516603
0.06199724730311296
0.057542389844284045
0.053733070911076763
0.04921008742679523
0.04668146976199455
0.042501274402823946
0.04084916407502785
0.03627545013101444
0.034649157497501554
0.03196375257419519
0.028923644999470956
0.02599911266700908
0.023540658333015302
0.021187952265087462
0.019043143626118565
0.017012118883164503
0.015154208778721468
0.013710617871514546
0.01159897535857399
0.009926428518035752
0.008384196429291902
0.0075707658929459855
0.0066179265807681876
0.0056459451402421975
0.00509497046168696
0.004365493056542949
0.0038119348578406955
0.0033167012497158426
0.0027466169290987492
0.002409108054814025
0.0021072247943178714
0.0017848573260776895
0.0013629955484351223
0.0012625465840200073
0.0008740915947919757
0.0008321831161857828
0.00046379288621736727
0.00040158171083237644
0.00022289186867930873
0.00018060424465651462
8.680067374266892e-05
2.2991498954495685e-05
1.7128282679368868e-05
2.835682425417752e-05
Gbb RDFs at 100,000 MC steps
0.0
0.0
0.0
0.0
0.0
0.0
0.0
0.0
0.0
0.0
0.0
0.0
0.0
0.0
0.0
0.0
0.0
0.0
0.0
0.0
0.0
0.0
0.0
0.0
0.0
0.0
0.0
0.0
0.0
0.0
0.0
0.0
0.0
0.0
0.0
0.0
0.0
0.0
0.0
0.0
0.0
0.0
0.0001408165669611261
0.0004032508242182539
0.0062937491738351775
0.025063489804849116
0.08998921025392201
0.20156536234833333
0.34083092610090737
0.4888269832254482
0.6153750234159787
0.7399728135744419
0.7788653042082682
0.8225357565168093
0.8365589871039976
0.8245215332732376
0.810334573415999
0.7703165508938538
0.7538687947056822
0.7245032390206065
0.7306324962638802
0.7135217766109502
0.7242763198291948
0.7142606586220387
0.7142954714238641
0.7467217214889054
0.7654431948013909
0.788262481983779
0.835723597398468
0.8606098798350537
0.9130817616697011
0.9529979550918893
1.0079941694227657
1.0512840965149866
1.08906079984834
1.144025064263946
1.1760296913147044
1.2233752592904905
1.2452810435373782
1.2690045606591098
1.2783370973802153
1.2855303184866684
1.2834806027811494
1.2631378410656284
1.2624156385009424
1.2485421643705228
1.2356829779389134
1.2357398572325176
1.2139796357577868
1.2407632793634127
1.2464145717034818
1.272729857457947
1.3004758804763348
1.341501468148798
1.3555289877220056
1.3911010392886691
1.3971089757653812
1.3779892802223304
1.358829745760009
1.3127702754860189
1.2676110453515892
1.2211779213724339
1.1501353116237645
1.0980996302347104
1.023005773994508
0.9685335684230013
0.9141231905981076
0.8761973734181006
0.8323561611803528
0.7957968007083636
0.7637099265217939
0.7480471058197701
0.7239147949266924
0.7135250288717357
0.7055009787562956
0.6986571975680008
0.7038065968099667
0.7089013187298152
0.7168582604870914
0.7303642858654438
0.7470563555002974
0.773974621293383
0.8006637629323531
0.8212873621722638
0.8428707692501023
0.8771980838727934
0.9062697091528104
0.9313833217406229
0.9645583882735013
0.987122029608117
1.0184722267747377
1.03585803189106
1.0564878102174338
1.081309408590654
1.0976860189540518
1.1101936723329764
1.125726787409255
1.1421317882601658
1.137447063919672
1.1471174473803447
1.1476490857075767
1.1554067210811043
1.1473018131449901
1.1432748931186845
1.1418804512108767
1.1289418756433067
1.1259198118311964
1.1179535707567134
1.1115639476859982
1.1020011833700016
1.0955133654997804
1.076134113157199
1.0691217652455813
1.0571372302581628
1.046587172898072
1.0321912730125324
1.017858587698148
1.0062049428971136
0.9910779639792998
0.975710139912631
0.9574874428757388
0.9574669941886387
0.9379552052327139
0.9289432282043314
0.9197984034685985
0.9107039512349347
0.9033207763638098
0.8982696652922203
0.8981839049879587
0.9042350242576542
0.9089015721023116
0.9058569413516996
0.9083351742849011
0.9036997359230158
0.8976905231992987
0.8917261672238719
0.8949103820929993
0.8840883473852986
0.8861052561675847
0.8757071328968825
0.8726201992305723
0.8656409039534323
0.8617020191646816
0.850213104473089
0.8361945562600045
0.8199073864261541
0.8071967244472673
0.8010767958626569
0.7860068043154013
0.7737665085522824
0.7605336731558329
0.7422698476634743
0.727590257395997
0.7120255989878966
0.6950204671438495
0.6789174242212086
0.6591857365064511
0.6472127082265486
0.6344527359789807
0.6153711125030547
0.600402429557157
0.5845158123058252
0.5676785519452484
0.5520338171039376
0.5300618726536676
0.5167181090383108
0.5004041263145146
0.4842499013882682
0.4693121515526896
0.4561088911732201
0.4453448214952909
0.430532842763239
0.4183732842891013
0.4048931217130821
0.3933704131177958
0.3841140200852067
0.373730766814099
0.3662532589004807
0.35217298430133426
0.3465640425436794
0.33722830349659333
0.3294360823509707
0.3182813312149827
0.3077912369540415
0.29862063115561277
0.28862981049670944
0.27972560180115674
0.2698803263495075
0.2624177897733865
0.25231241923047726
0.24254929172566425
0.23528971568188717
0.22719057790777905
0.2172571745169743
0.2091544172986527
0.20171317846023393
0.19235269549037226
0.18416151466242978
0.1760022829856103
0.16496162342547485
0.15730401279661246
0.14823213621199025
0.13806284674842054
0.12934225356468027
0.12133808928758578
0.1140464093237667
0.10768093636391259
0.10319164139534184
0.09754761445026636
0.09133679860684786
0.08670139632413183
0.0823216669272465
0.07780499301516923
0.07315897658091662
0.0675898715367235
0.06390959902316237
0.058540927828868564
0.05423945666722214
0.051323533231372065
0.04730635054752712
0.04463114344436077
0.04070466005514637
0.03825041009808771
0.034762446606058976
0.03289306693388211
0.03041211409971969
0.027491072191176205
0.025256179313521948
0.022810305174302145
0.020981325953741976
0.019018809561609108
0.01759529293818576
0.015918085034972575
0.014064264761057578
0.012709587376318705
0.010972021258625609
0.009804851935366364
0.008882107105642129
0.007693585608762224
0.006577167925772341
0.005851457192673476
0.005007477329563971
0.004506752415540756
0.003804079105113018
0.003202291362416047
0.0027742189905824717
0.0022838598138415754
0.0019756524195549594
0.001583030704236308
0.0013505606487714018
0.0010519240226979293
0.0008710981539930316
0.0005678489824840844
0.00048721310505398625
0.0002756820481033555
0.00018060424465651465
8.969402953409122e-05
3.161331106243157e-05
1.4273568899474057e-05
1.417841212708876e-05
Gbb RDFs at 150,000 MC steps
0.0
0.0
0.0
0.0
0.0
0.0
0.0
0.0
0.0
0.0
0.0
0.0
0.0
0.0
0.0
0.0
0.0
0.0
0.0
0.0
0.0
0.0
0.0
0.0
0.0
0.0
0.0
0.0
0.0
0.0
0.0
0.0
0.0
0.0
0.0
0.0
0.0
0.0
0.0
0.0
0.0
0.0
9.38777113074174e-05
0.00026883388281216924
0.0046239789848584985
0.021295775651178985
0.07426560532502322
0.16969969730892492
0.2970015684297247
0.4325290075966661
0.5571288299516461
0.6675994573478764
0.7167283407603733
0.759737722671533
0.7803545088016203
0.7705993939414976
0.7665111697406009
0.7334662934407271
0.7247089941414642
0.7033323788032915
0.713074337866568
0.7030307872470192
0.7100160920091289
0.710202478895993
0.7144788906153622
0.7397455995440706
0.7657116099082744
0.788299699286989
0.8387050333365179
0.866068887210866
0.915026448753181
0.9576748793781291
1.012639749848334
1.0532302213801463
1.093490856964931
1.147475851050607
1.17773924737422
1.2190556706568838
1.2410020109261974
1.269326520461383
1.2744904676963766
1.2855558478346671
1.2853989971909279
1.264986240555789
1.2582120986470253
1.2472315598635244
1.229801849016978
1.2315981331528227
1.2133192935359698
1.2370162847643218
1.2382778143958049
1.2640408299769725
1.2952437734273738
1.3275453760683031
1.3437465675601892
1.372349989773875
1.3819676421016547
1.3592593288406676
1.348072223446911
1.2998727751279873
1.2551284280578718
1.2063064839171997
1.141064512915776
1.0861481069198695
1.0200553930434006
0.9632240516018564
0.9104453484103326
0.870269189152611
0.8276530957107997
0.7911651005469619
0.7635918803805642
0.7439688080490406
0.7260719350707455
0.715374477111425
0.7113408653059653
0.7056484727651771
0.7120277315439668
0.7172778923454524
0.7220690305759553
0.7377740883949537
0.7505598791859903
0.7737965733013671
0.8005959617838281
0.823549861792573
0.8448454484789848
0.8713788429435171
0.9008388199021357
0.9245977711227616
0.9557881818982875
0.9781530649147312
1.0108748829899292
1.0292828832811949
1.0507600970024134
1.0730411204321155
1.0922586120355158
1.1029527166317596
1.1178224955632918
1.1330235788594833
1.1320590009092302
1.1390832770371841
1.14041609346837
1.1457305862594998
1.1399948497529773
1.136275284527483
1.1368696390120978
1.1200627870203632
1.1197491110526854
1.1119364048560894
1.1111679313785008
1.0998881732143797
1.0956818144504277
1.07673624439124
1.073802932667833
1.0627795560179023
1.04982658908852
1.0393759966702638
1.0246263795640307
1.0143841370475102
1.0015235082353688
0.9799461125586764
0.9688328529744737
0.9613711483696773
0.9459534744868011
0.9360668897582126
0.9274467055232685
0.9179938918033159
0.9120159342501436
0.9052143015822267
0.9087941280959784
0.9105268535267755
0.9170097856468082
0.9126370746457608
0.9143217300333963
0.9097329633928986
0.901418892468561
0.8951286305117291
0.8950954575051948
0.8857218552184748
0.8846124078662493
0.87536767174933
0.8691147598101993
0.86164892875658
0.8576543902105084
0.8476321458200194
0.8337909468091582
0.8208190681278847
0.8098708285392856
0.8007922129450517
0.7879563289289396
0.7740994210276984
0.761316353168819
0.7455297978429037
0.7306425332356866
0.7116021422037464
0.6953611370836305
0.6786423451124477
0.6609094854135201
0.6466562465865621
0.6333488459305238
0.6152518149017608
0.6009592365315591
0.5828306065406272
0.5680652046590019
0.5531312184345402
0.5327806377235614
0.5182078466741358
0.5032275612068998
0.48727855556392247
0.47398329237632414
0.46136337934375005
0.45025100058918943
0.43557469923078007
0.42418081671814106
0.4107896054264814
0.4003527310401874
0.3907815632258083
0.3797308779116047
0.3705045984296757
0.35894817143975166
0.350715384744713
0.3418774433100276
0.3318537684281626
0.3211671531977382
0.3106852400919169
0.3015309668657092
0.29060233012847553
0.28113700515905776
0.27139402304826643
0.2632427271934343
0.25412502232643047
0.24359456333137458
0.2353656553972805
0.22715607096444634
0.21686373635601747
0.20876432752727941
0.20052836597827825
0.19156291722122404
0.1830807493070727
0.17436712538137564
0.16399195653508852
0.15617235034316934
0.14720868260195885
0.13784225070267445
0.12873021946268268
0.12123171581799957
0.11388181583068202
0.10676137362416194
0.102451127557582
0.09639976931218086
0.09015046490687373
0.08527860002183765
0.08077075476475934
0.07591126741345998
0.07093843955435741
0.06585538816782843
0.06197695903319234
0.05738108907912213
0.05274719069059371
0.04956618215902293
0.04589869325187783
0.04298813362858477
0.03932465193301722
0.036761540632132425
0.03325676997468684
0.03153449031427038
0.02926702896196724
0.02623995860526546
0.024420823628978995
0.022326931344622426
0.020265721835918363
0.01883456593032318
0.017051227202436143
0.015642906891838768
0.01377409295425304
0.012699460215062673
0.010938508670786188
0.009916863025228595
0.009037354050218245
0.007820390941330626
0.006755163889440106
0.006064825245003006
0.005223612034814382
0.004763856160133132
0.004086800458460297
0.0034547454737481596
0.0030831590131557727
0.002530735659842542
0.0022382521181043206
0.0017867669596077762
0.0014972507566903932
0.0011594272418275172
0.0008920524051200117
0.0006223545567190314
0.0005275681299170437
0.0003069651173916796
0.00019225613140854783
8.487176988172072e-05
4.023512317036745e-05
1.7128282679368868e-05
9.452274751392507e-06
Gbb RDFs at 200,000 MC steps
0.0
0.0
0.0
0.0
0.0
0.0
0.0
0.0
0.0
0.0
0.0
0.0
0.0
0.0
0.0
0.0
0.0
0.0
0.0
0.0
0.0
0.0
0.0
0.0
0.0
0.0
0.0
0.0
0.0
0.0
0.0
0.0
0.0
0.0
0.0
0.0
0.0
0.0
0.0
0.0
0.0
0.0
7.040828348056305e-05
0.00020162541210912694
0.004110203542096442
0.018797617353636838
0.06716841706534571
0.15348503402531086
0.2685989912546491
0.39545262106547996
0.516934966995951
0.6169796651284567
0.6689105636911887
0.7079441556062188
0.7325564392651395
0.7272882728396636
0.7272294642642894
0.7039245421630641
0.7019162868185411
0.6809640717411055
0.6928291789757357
0.6883366771443338
0.6947140210606563
0.6976074029586794
0.7073255421469387
0.7344492803338276
0.7697282502577106
0.798087850031169
0.8455081280678866
0.8791985898382216
0.9370321183820326
0.9777010711356987
1.037174221470866
1.079887423666225
1.1281064067104334
1.1793212584223352
1.2098875939510467
1.255369859414901
1.2773944265421873
1.3046213637855628
1.3127212565949375
1.3211054649231926
1.3183854153538723
1.2949132875642466
1.2843239182480526
1.271506738917928
1.2616381336146227
1.2577496877362422
1.237751955743199
1.258101067932088
1.2632936846680716
1.2829987081172802
1.310672543645616
1.3438145522080043
1.3626497090123861
1.3897623426450747
1.4007964322499329
1.3805579592689585
1.3624869537925284
1.3210303280061526
1.2726729271458808
1.2231160638852772
1.1609573232495767
1.0983489500919406
1.0310766187278662
0.9711616649844002
0.9178234586528814
0.8735671084933753
0.8307032461340091
0.7934420584889029
0.7686886961254248
0.7426048288615058
0.7283362623027021
0.7149170513012528
0.7104871941824256
0.7004399727432807
0.7098881125117518
0.7130189819331032
0.7182349181698968
0.7357257054841517
0.7481599654612906
0.7730872530751101
0.8007230889373125
0.8226965603387217
0.8421405208372053
0.872530848085853
0.9047119711628607
0.9298499229076856
0.9599832981796399
0.9837472923291795
1.0171130689416756
1.037152468306425
1.0612906860963023
1.0806100769684992
1.0986562030923395
1.1159291742340676
1.1245868765817282
1.1367570029491278
1.138826125165987
1.1424707864958648
1.1454199152965623
1.1470920205462156
1.14099485988577
1.136752904878412
1.1353570559131956
1.1213844375596376
1.1206755062719946
1.1109621228125948
1.106229261990341
1.0943704474130294
1.0923802150177406
1.0744662465794725
1.0722115544904087
1.0633607011774673
1.051467609132365
1.038871067335606
1.0272157955822816
1.0192786652645465
1.0038404278256083
0.9871882593406254
0.9761249203007711
0.9660733623770648
0.955746618294495
0.9449476788725791
0.93440568908059
0.9260081831542877
0.9200978740020382
0.9142260097705641
0.9158910026291079
0.9168467186205015
0.9213220136056348
0.9189026442523264
0.9180287785954108
0.9134973931377627
0.9040098167441764
0.8960122799578474
0.893767269252969
0.8830791786250993
0.8802057112762108
0.8715743907865621
0.8636458058815324
0.8543521849248091
0.8494178471405538
0.8408612211194298
0.8276088134858411
0.8150175692988989
0.8053904244179277
0.7957878946905508
0.7827210082409308
0.7696086442316625
0.7565349960148615
0.7407300414085096
0.7267390980164133
0.70957996622382
0.692788182538442
0.6770373472480237
0.6608293365789876
0.6473789946150603
0.6331842307478591
0.6161763713117887
0.6009877096154775
0.5853396210720836
0.5690556145514509
0.554340202549691
0.5344137214400414
0.5200037635410432
0.5053520965466981
0.49006007313421623
0.47528614083986803
0.4627040465460838
0.45047966221232544
0.4353917897762245
0.4234795191551774
0.4096921526217793
0.3981579723583272
0.38909824592689407
0.3775457304271951
0.36791472253604723
0.3559796982282537
0.3474324984047265
0.33793195237683366
0.32739340547946194
0.3170430823760913
0.3070197856776987
0.2978080923417535
0.2873192437760263
0.27885297771102585
0.2697009434615052
0.26149460685351017
0.25285571722771016
0.24252774795974502
0.2346371087527255
0.22601655758575448
0.215850594214265
0.20790320050233085
0.19900721963047707
0.18994243167473765
0.1807974633894267
0.1718368792253243
0.1616557392786014
0.15338350601975534
0.14464059907621957
0.13477120771287596
0.12566361401470635
0.11779159781158191
0.11034938624832653
0.1031117281828602
0.09844543214360647
0.0928065746634132
0.0866765910816338
0.08134057549853622
0.07694307137670223
0.07268834325914653
0.06791241360639924
0.06291265713894081
0.05906046501607023
0.0548545736692578
0.05019039050184601
0.04703546973028621
0.0437557301774636
0.04065418508419728
0.037167226836427175
0.034863539680697685
0.03162287270560661
0.029878990169408995
0.027743656769778698
0.025057489133085507
0.023391736519722893
0.021580700943328552
0.019788846987417633
0.018267929856745725
0.01665669327566634
0.015382001473971238
0.013928246726617952
0.012942512085207414
0.011571896580951199
0.010631626861032648
0.009645129322601345
0.008718413188787027
0.007886089463475549
0.007262595902398323
0.006381323673828958
0.00597128758876634
0.005180763307046598
0.004525318510185582
0.004058348478349273
0.003566787850382162
0.0030327187842233844
0.002489147700000913
0.002048603231282463
0.0015703507616779977
0.0012168432975882036
0.0008651521146747044
0.0006540466834512601
0.0003841951946972295
0.00023595070672867232
0.0001157342316568919
5.3167841332271274e-05
1.5700925789421462e-05
7.08920606354438e-06
Gaa RDFs at 200,000 MC steps
0.0
0.0
0.0
0.0
0.0
0.0
0.0
0.0
0.0
0.0
0.0
0.0
0.0
0.0
0.0
0.0
0.0
0.0
0.0
0.0
0.0
0.0
0.0
0.0
0.0
0.0
0.0
0.0
0.0
0.0
0.0
0.0
0.0
0.0
0.0
0.0
0.0
0.0
0.0
0.0
0.0
0.0
0.0
0.0
0.0
0.0
0.0
0.0
0.0
3.2123962843800468e-06
0.00018209974906576733
0.003929290739537075
0.035659944050652724
0.17355580185544378
0.5393346488525453
1.1842963505738757
2.0186734279391807
2.833421420838481
3.427655971651918
3.7241064647654865
3.7368567332821834
3.5456845643572166
3.2276101441156353
2.857790122441587
2.4822513498501775
2.1342774155484094
1.8327542795201786
1.568482510202915
1.3456944477798658
1.1626604457559355
1.00973530109228
0.8880784598017419
0.7857929112152032
0.7053204189894361
0.6411563681248008
0.5881901550909664
0.5473487705924666
0.5145115727260755
0.4904874276860222
0.4747424612818215
0.46428792497452875
0.4576168710653548
0.4580270067339
0.46312842910434504
0.47238792173366045
0.4903867618501004
0.5096052778741489
0.5379026395672605
0.5704703168399314
0.6088075863396144
0.6554395184852958
0.7040541874809637
0.7593253434270206
0.8148783436521695
0.869416321844063
0.9199376723210502
0.9697231852475278
1.0153248964309614
1.0528977466436211
1.0901023143856394
1.120893713078112
1.152584133778893
1.1779793930801632
1.2005279801533542
1.2160134029200746
1.2309427519420089
1.237798144205832
1.2423332342186901
1.2420157445206217
1.2424571023885234
1.2406130026179516
1.2406153571775023
1.2433645879720197
1.2486764085167938
1.2568481515453032
1.2632834903331336
1.2695415407465023
1.270242477201173
1.2616766116301268
1.2482040231968814
1.2244754781624263
1.1953246419860495
1.1587049274706938
1.1181078698610487
1.0767088153234023
1.032646324870084
0.9892674189820022
0.9476975957161378
0.9108845614084926
0.8777351371413171
0.8496239209618991
0.8258813978665767
0.8057439607883324
0.7917995781058412
0.7840442391378453
0.7809151540879707
0.7788435070675356
0.7855069862829496
0.7929775470317965
0.8062147631967722
0.8213989835415448
0.8400573931037499
0.8591770544686289
0.8810826277600042
0.9041145144302613
0.92915384675655
0.9561654303051087
0.9807830342184272
1.0054668866627445
1.028086521643125
1.0518864551824707
1.0708541023498257
1.0886204203330665
1.1045375313275112
1.1177973721762384
1.12800664315672
1.1361168458664677
1.1407322413544592
1.1429744423555614
1.1427850040084218
1.1401217135950699
1.1369579113086417
1.128032274452151
1.1199798227000395
1.1114932169366964
1.1022286762042541
1.0895023850920331
1.0788858776283379
1.0668023713961865
1.056138778356018
1.046682329661206
1.0360843005348275
1.0220583260386809
0.9946513653353922
0.9693149099188307
0.9464363171051248
0.922719323559215
0.8998612092719466
0.8782625694695305
0.8566934925314063
0.834240341830754
0.8135870587824972
0.7939030263403232
0.772872452587793
0.7535132015468993
0.7361735135717832
0.7190557123259049
0.7030481341303416
0.6886142065221126
0.6758436893285971
0.6642338245729056
0.6527703738908159
0.6427281487999031
0.6337072225070668
0.6259542914260192
0.6183746133906005
0.6111685862363572
0.6047954378521889
0.5985269612167043
0.5920263446149329
0.5842803280501259
0.5775549742804497
0.570882581151783
0.5623148687557618
0.5534209944093686
0.54459340820138
0.5349068178867094
0.5245943643596599
0.5138453744852032
0.5021964976003029
0.49020255699335014
0.47856731356075527
0.46528268559708447
0.4523711158764957
0.4395726096108545
0.42630381522116284
0.41169990578650234
0.39867374895344276
0.3850201555239015
0.3715593751485701
0.3571095783254408
0.34372033375905664
0.3301445429939076
0.31768584424930196
0.3050685119706211
0.29319155693107857
0.2815010994122093
0.2703323052120082
0.2592673100167617
0.24888677577411294
0.2385557814951654
0.22853564789806433
0.21861565498434243
0.20899790079792405
0.19968577098300794
0.19086314691472137
0.1819513463371323
0.17338071503476632
0.1645232655473848
0.15607800758556473
0.14766108066015698
0.13982141662922037
0.13116706232133177
0.12328178639948335
0.11551440869162947
0.10901932164338272
0.10332476849500813
0.09782066056887272
0.09254681110989754
0.0874989831471608
0.08283886323888541
0.07825293311579277
0.07386259246329303
0.06938817105037293
0.06540639764548657
0.061502438403009285
0.05775356337045329
0.05416862797575702
0.05076784813183757
0.047405154748621246
0.04459487361515505
0.04166691470910103
0.03899044138585067
0.036548767626535514
0.034075889310327366
0.031718890185835937
0.029507072675371983
0.02732375055657874
0.025185942018905862
0.02322546919793583
0.0213489695568184
0.019666128079996036
0.017796845272204206
0.01621782098454047
0.014727835789233291
0.013304233657488906
0.012016632253727047
0.010776548469572142
0.009604270471530391
0.008517585018562054
0.007504149323259976
0.0065860292767908
0.00576660637002914
0.005009585978999497
0.004346682840714799
0.0037062547590854676
0.0031466651332304296
0.002610756676220765
0.002156996385909258
0.001761745806889958
0.0014046163323495507
0.0010615084563444111
0.0008107306790537295
0.0005745795762198683
0.00039307140504296856
0.0002396940399713861
0.00012302438667619782
4.535760451833443e-05
7.685718228567012e-06
7.19571706196251e-06
Gab RDFs at 200,000 MC steps
0.0
0.0
0.0
0.0
0.0
0.0
0.0
0.0
0.0
0.0
0.0
0.0
0.0
0.0
0.0
0.0
0.0
0.0
0.0
0.0
0.0
0.0
0.0
0.0
0.0
0.0
0.0
0.0
0.0
0.0
0.0
0.0
0.0
0.0
0.0
0.0
0.0
0.0
0.0
0.0
0.0
6.720971458501974e-05
0.0018062818826784569
0.01798452404556532
0.08528646165615822
0.23628626430077734
0.44804901310032474
0.6432632839863304
0.7644377900199072
0.7919517625381127
0.7524945031429036
0.6730694653501835
0.5778152182790068
0.4866599736413843
0.4064399794684678
0.3377195247967734
0.281601205646314
0.23598613870023546
0.20119157780844313
0.17230675494551684
0.15026589330981785
0.1309102261356211
0.1170232640070501
0.10558690233801307
0.09690551753317499
0.09000551606368472
0.08436478862081971
0.08057672852759168
0.07738421528628645
0.07497832869931466
0.07432986398867504
0.07390451343878478
0.0733794383610782
0.07403837120516966
0.07552767769239546
0.07722667981148537
0.08005221859516873
0.08363089009081873
0.08802331784305883
0.0928673492131307
0.09868212469236358
0.10545546659196138
0.11270082741449487
0.12104469125996424
0.12963167584830454
0.13913912116346833
0.1493308030243541
0.15956683974321267
0.1700550321285978
0.17917994628492173
0.18791616010526058
0.195640368946666
0.20247214275400238
0.20767114346447835
0.21144532550099351
0.21371502211432203
0.2160240785545857
0.21744660749213449
0.21809705972701532
0.21975516135457884
0.2211063803144657
0.2230423850488676
0.22508173125778594
0.22784613149065264
0.23070731312821086
0.232617080066137
0.23330922649070293
0.23277935506450512
0.22942779642782926
0.22399246628626066
0.2177711380365037
0.20968645624461874
0.20074642006520152
0.19151847877864162
0.18241722351549833
0.17322332062576706
0.16484663636515667
0.15717220449578298
0.15019925414742213
0.1443430905613862
0.13911646099089794
0.13540148351914508
0.13207436873612846
0.1299314755433568
0.1284387730825556
0.12812827037818045
0.12824838189637486
0.12906436501512322
0.13068320282173154
0.1328705867274899
0.1356882694243766
0.13877493708739738
0.14257888338063013
0.14648254639625724
0.1506216029000565
0.15499230999811256
0.15971105624267443
0.16451271319614622
0.16900643328333845
0.1737681995830412
0.17820674871326309
0.18207965916098592
0.18583662923082642
0.18921715592275803
0.19169037580434606
0.193933506993741
0.1959882375837427
0.19703540328620167
0.1973067971328018
0.19806654800227777
0.19775818633496203
0.19714042284175842
0.19596698951356098
0.19503923188234573
0.1931900487984178
0.1917114867270758
0.18963468756064011
0.1877814492093981
0.18565723127961883
0.1836385497942651
0.18199461521616186
0.18007766554712176
0.17773195088668062
0.17619038644173024
0.17449557964293408
0.1722836620198957
0.17077401706305315
0.1685755015829839
0.1668219491273508
0.16517484902878454
0.16323559326335724
0.1616232751535972
0.15855202913595354
0.15473131076223126
0.15101323488708784
0.14766966628292663
0.14466987393057562
0.14170308279117444
0.13931497680990565
0.13729757651840369
0.1355540920497143
0.13364397244777196
0.13233615935981846
0.13096289470257408
0.129975489909675
0.12874455456879838
0.12757101901862888
0.12669232321572166
0.12527326159865748
0.12436301989994475
0.12347762160101386
0.1221027314344984
0.1212890766366382
0.11973311765146114
0.1181071654742494
0.11661674051358868
0.11493377168847578
0.11290206779021321
0.11106510416694353
0.10887948343675623
0.10651077857261507
0.10432384491418789
0.10186934232142228
0.0994193801946583
0.09668238199640242
0.0941481507982524
0.09135210880816876
0.08893446220498338
0.08599802612940206
0.08334844547612334
0.08051331333507986
0.07796506037138304
0.07537930256922694
0.07286934321582123
0.07026934394414774
0.06798558476614368
0.0655863132961765
0.06319876993977551
0.06093525733992672
0.058869908277139664
0.056789436498076426
0.05482481884346675
0.05291696389006317
0.051132221770009326
0.049413696263859684
0.04769075282061846
0.046024369077202074
0.04446303342678477
0.04291297648210058
0.041508299475647104
0.040095270536962435
0.038693250519376846
0.03733428393387679
0.03592716379442068
0.034525061902310486
0.03320741408140761
0.03188040021000682
0.03056635041883107
0.029197781096482515
0.027883854701751875
0.026485028396557128
0.025084087808866916
0.02368292165045326
0.022275684069803823
0.0210008679862772
0.019776235538828728
0.01867073875642882
0.017671111945060256
0.01672333966114084
0.015736107258290426
0.01487630287831069
0.014008836582782203
0.013117925941297988
0.01229925721084092
0.011507821569500124
0.010765407029386241
0.010001709470915556
0.009319481168570119
0.008676939212040548
0.00800782688312233
0.007461019815353722
0.006901855643676007
0.006390945881904114
0.005937245359681113
0.005493558125352201
0.005093457017255293
0.004722316689461656
0.004344572216578248
0.004010290030521076
0.0036754661055561294
0.003386828075123497
0.0031277899965953646
0.002857157226804936
0.0026058667777373967
0.0023956688797447485
0.0021778791750252215
0.00197141135930634
0.0017983766077028776
0.0016199277818767796
0.0014613156104559973
0.0013077941237301246
0.001173773144596464
0.0010394885501944018
0.000925220121244718
0.000805877866313152
0.000706115645077372
0.0006050348612318057
0.0005147859011907768
0.00041969091619080477
0.0003421483044743062
0.00027689035316636493
0.000207322553358832
0.0001556576784447078
0.00011556626510553674
7.964645287314471e-05
4.6336624995303996e-05
2.477305215052458e-05
9.124891476538585e-06
1.5710683111911334e-06
1.200457354900972e-06
