Gbb RDFs at 50,000 MC steps
0.0
0.0
0.0
0.0
0.0
0.0
0.0
0.0
0.0
0.0
0.0
0.0
0.0
0.0
0.0
0.0
0.0
0.0
0.0
0.0
0.0
0.0
0.0
0.0
0.0
0.0
0.0
0.0
0.0
0.0
0.0
0.0
0.0
0.0
0.0
0.0
0.0
0.0
0.0
0.0
0.0
0.0
0.0
0.0002688338828121693
0.004880866706239525
0.020640521015758095
0.06540392274664135
0.15782522778952274
0.29173916199880967
0.44242527129047793
0.5858529801532348
0.6824321593307061
0.7474892137543807
0.8116942091642759
0.8419539319486649
0.8293935182970854
0.842843571051567
0.8197835979551488
0.8190509827128676
0.8020977945682318
0.8369543261367864
0.8266361619323092
0.8273536743459272
0.852091581441888
0.8573013010618353
0.8782799191851245
0.921200646824397
0.9386576042546221
0.9805129681354018
0.9958914549006018
1.0304794503408305
1.0518104192671267
1.107583799795884
1.1392363847759142
1.1782424324230272
1.2188119434162343
1.2440062763252813
1.2728387840361044
1.303687774837898
1.3342014206193964
1.332660928833612
1.3320192611927395
1.3337823990583282
1.3370494996261342
1.3348732661523597
1.3096070557806687
1.2972478593124688
1.2899587906394288
1.2793535157176708
1.2697231020275739
1.2792721641902085
1.2868267412033036
1.2922709853313734
1.328263062526925
1.3537915317271525
1.3690962132095825
1.3851179135674692
1.3937759535297318
1.3469012177686368
1.3172921082808666
1.2879844899863253
1.2165609449405654
1.163257303349022
1.0990019306704006
1.0361427333873336
0.9918664952855077
0.9257397897033974
0.8811277444903888
0.8499224348101226
0.8077826507443573
0.7797711456196992
0.7552079965543284
0.726889236616008
0.7121231339427186
0.7057920030029567
0.7030426338280477
0.7080046230571156
0.7085696948476712
0.7280707750352029
0.7374178478887274
0.7547641076088217
0.7832618342962802
0.7917818124755711
0.823805574280372
0.8356011052745205
0.8711096828635322
0.9021846207505955
0.931962258034691
0.9550385038357694
0.9849075952587918
1.0228633520815533
1.0287533411112728
1.0606604444651384
1.0748298870302804
1.0986983850113954
1.09899974591732
1.1172218239895053
1.1200003193323629
1.1177821809553934
1.1174990688593005
1.124094614543794
1.1169266173069599
1.1060153822762913
1.1073792532962754
1.102532987510579
1.0946870966662945
1.0862171595750914
1.0816167476625314
1.0757033253556245
1.0685534086085675
1.0625984405432969
1.0581255869857307
1.0536345384467296
1.0432761085575777
1.0368902362753503
1.0347264390469588
1.0227085500531874
1.0062767201963858
1.0011320112616358
0.9917975041631911
0.9829331537760346
0.9729438285399498
0.9463644654400422
0.9393718119929161
0.9298467872003996
0.9237515518700625
0.9164139775285636
0.9087319502513163
0.8996262741861499
0.897293944313483
0.909671560726681
0.9074654933831989
0.9058305657637553
0.8966525206430686
0.8948253312813966
0.8870519094060877
0.8828260463555343
0.8824978974192244
0.8833830033827966
0.8843673393821194
0.8843388285623766
0.8730457476938219
0.8708511880082657
0.8595423257507698
0.8524021072409971
0.8411668181086729
0.8338378216411304
0.8159233419709497
0.805012879648122
0.7820043215077863
0.7719094014639782
0.756197464600271
0.7398771548915992
0.7205785202378205
0.7022417733673663
0.6931860437982301
0.6736059391468612
0.6617154897186982
0.6442328144784686
0.6256221849570976
0.6056414769981237
0.5940318998795638
0.5777832140421134
0.5702146451183981
0.5441179488875041
0.5375704204745331
0.509983921604312
0.4969513444526182
0.47926489962075086
0.46152178670771465
0.4530944413588981
0.43212500796351516
0.42076727195383645
0.4025828905547093
0.3897603944294968
0.378253446842783
0.3657915182138721
0.3559726165988523
0.3408087844327279
0.3278275692861957
0.32091620529146797
0.30538537674962746
0.29958428754392
0.28736687345958106
0.2772624680484545
0.2706070170057883
0.2609443514976582
0.2538882190191127
0.2433305566331472
0.23874204258848286
0.23294077212569173
0.22268372292659014
0.21826896455884676
0.20873371775727337
0.1980391715997195
0.1917103035319292
0.18469897095883822
0.17467813687807926
0.16208183005402652
0.15576456947428036
0.1461163860548014
0.13987587008917707
0.12977968150128796
0.12298453483224721
0.11314733212944843
0.10872455304736255
0.10306358718965627
0.09610347062306514
0.092991932430927
0.08801479183964134
0.08211683046118393
0.07892360095325777
0.07355208959222952
0.06917309282736023
0.0636902293058266
0.060846988071314695
0.0564222890459984
0.052309868527777144
0.048571407255974745
0.04515331479121202
0.04255832725852626
0.03831289395668533
0.03684029075264575
0.03415065099185181
0.031144247966799394
0.02927905716719573
0.027247534813766093
0.02509621758669457
0.022637419643978744
0.021636226296481046
0.01973145002224333
0.01776437890680139
0.01607908137597617
0.014519925176430337
0.013489378793033078
0.011541735251895722
0.010713139881872988
0.009849923164382605
0.009241485185631691
0.008218203883489797
0.007732975472306605
0.007459857252504276
0.0070501671451033586
0.005937148420292863
0.005405241553832779
0.004518637905920607
0.004369392588217939
0.0035635599717206284
0.0031660614084726164
0.002858939620545305
0.0021400173527665613
0.0015745622989702221
0.0014270550345149762
0.0009921430502917539
0.0006158854266138795
0.00043111980982522835
0.00021410832856525
7.472237160211099e-05
1.1418855119579245e-05
2.835682425417752e-05
Gbb RDFs at 100,000 MC steps
0.0
0.0
0.0
0.0
0.0
0.0
0.0
0.0
0.0
0.0
0.0
0.0
0.0
0.0
0.0
0.0
0.0
0.0
0.0
0.0
0.0
0.0
0.0
0.0
0.0
0.0
0.0
0.0
0.0
0.0
0.0
0.0
0.0
0.0
0.0
0.0
0.0
0.0
0.0
0.0
0.0
0.0
0.0
0.00013441694140608465
0.003596428099334387
0.016586132959091324
0.054464057970674364
0.13696975126019298
0.2461076103444369
0.37588500876180675
0.505864200772422
0.5912302223543849
0.6630506173858302
0.7236288532104991
0.7622286359108079
0.769278177663844
0.7764710342122823
0.7712397306212807
0.7722268339733842
0.7635879040371882
0.7898391623107535
0.7794267097946195
0.789977552114339
0.80143792879917
0.8149314678257883
0.8245064692930694
0.8669616227262824
0.8841714723554598
0.9248956359092341
0.9670341940458255
0.9988015212704606
1.0359387294021212
1.0926308378010865
1.1414022334161726
1.197306954083392
1.2357237734870683
1.2789507612028415
1.32022721228126
1.3614340766678825
1.3903431611407544
1.3999769483007904
1.3938258126981757
1.3955945617941778
1.3864455438960879
1.3743081696971575
1.3414443068577533
1.3283192572006133
1.3029487434348344
1.282633576262106
1.2775663873324505
1.2813839943311323
1.2884673268115996
1.2985138403329743
1.3316381285755783
1.3543896723155446
1.3727776289794678
1.390198409168407
1.384437734912303
1.3563129574365547
1.323972088545983
1.2881859579184365
1.2233753058774408
1.168389890518311
1.104463222781156
1.0400791627089427
0.9902896373486683
0.9278478212012684
0.8833067924196591
0.841452595618401
0.8014821242652597
0.7699177647723462
0.7543691493539945
0.7292607509358677
0.7086085241206755
0.7042786769203181
0.6985618619971301
0.7003019945411414
0.7008318042643111
0.7139419198695697
0.7225091827031509
0.7404171781159092
0.767943963499294
0.7822557511078012
0.8065783351566904
0.8290863048268777
0.8582868966530456
0.89000883197201
0.9252810202626078
0.9510795874919229
0.9862271554532527
1.0160824987166064
1.0286650840829523
1.0628626680958715
1.0781267361061535
1.094677042061392
1.1061483424896945
1.125262632102238
1.1304673605638709
1.139064808843234
1.1364909064546567
1.1476104295732816
1.1391711408158824
1.1338737021342968
1.1361229401052038
1.1304538502972918
1.1220813078439824
1.1199940428377477
1.105069665013538
1.101990349572711
1.0887654698458273
1.08116151490463
1.0736627892579762
1.0666827457709036
1.0586809533136017
1.0443813862157607
1.0409539008410684
1.0304352566744914
1.0120496658378482
1.0083814552235215
0.9900877842832373
0.9796154359403733
0.9656979004221022
0.9439659479238626
0.9336817635389256
0.9220449551167749
0.9155886757431748
0.9069542085020316
0.8971636005045169
0.8905062006224312
0.8920350138455775
0.8989967184342859
0.8961623885166964
0.8986330218224419
0.8875350802509067
0.8867643685969195
0.8775630008678649
0.8716153754315211
0.8673926594165589
0.8619801889663231
0.8621523703306547
0.8648364061301002
0.8525067650562449
0.8492231027286078
0.8403551014225839
0.8324434310444867
0.8275802967482873
0.8187365683594046
0.8041155626099683
0.7931009740535279
0.7766493889245007
0.7648652813471046
0.7524450538618214
0.736541159258715
0.7166179538448852
0.701132354813474
0.6891064431449119
0.669765382664742
0.6570203446313116
0.640282050094517
0.6229443798709108
0.6059008984293792
0.5917327529805764
0.5766604738091284
0.5641277530365298
0.5446349400081775
0.5334987386343001
0.5106341069633331
0.49738851039994936
0.4818920506393044
0.4658451486656728
0.45191190677230325
0.43409815555100023
0.42211917087039275
0.4075939716663489
0.39335935639899555
0.3825201632501176
0.37135930294649877
0.35997841080110815
0.34778820394884336
0.33506558135607745
0.3263465959062596
0.3149818104784669
0.30512301056601554
0.29602851452267687
0.28545346491114776
0.27860047356934425
0.26830711725813744
0.26236590345209704
0.2526598193854592
0.2478114971556236
0.23882940147694545
0.23058619955971116
0.223322663259666
0.214719265115071
0.2033308241505225
0.19626915620443489
0.1901834580563011
0.1780602259595167
0.1661376767642567
0.1596048051163895
0.14793261633953722
0.14094875185651112
0.1298791659925068
0.12160316814409375
0.11222826535222369
0.10549176802934064
0.09955557394575164
0.09274832007590661
0.08857629850259807
0.08349964119048608
0.0793806837260028
0.07504296939716414
0.07086310562688114
0.06688922497651409
0.06272808192760933
0.058992277113198294
0.05554467772535693
0.05131630326313251
0.048658957598207306
0.04451495857574315
0.04183490316473591
0.03855467435544112
0.03595066048497164
0.03338499061239493
0.030497075875030748
0.028723354085639387
0.0266745056904482
0.024427933039060212
0.02210817822462139
0.021166939419865884
0.019015333266679178
0.01806459276944547
0.01638394678766383
0.015084400019354792
0.014015991178346683
0.012503546522887031
0.011674660821581462
0.010751676693516225
0.00993344876766444
0.009273155570593874
0.008602611928013325
0.007954185142730462
0.007375265268430911
0.006294769833668713
0.005735212695200477
0.004830698534782527
0.004335305128309857
0.0034650850847646178
0.002927689989687998
0.0026252471037916014
0.001986297796441076
0.0015655819056300878
0.0013229989382482592
0.0009065116560701441
0.000566028034935613
0.00040781603632116203
0.00021121497277382768
5.4604810016927266e-05
5.709427559789622e-06
1.417841212708876e-05
Gbb RDFs at 150,000 MC steps
0.0
0.0
0.0
0.0
0.0
0.0
0.0
0.0
0.0
0.0
0.0
0.0
0.0
0.0
0.0
0.0
0.0
0.0
0.0
0.0
0.0
0.0
0.0
0.0
0.0
0.0
0.0
0.0
0.0
0.0
0.0
0.0
0.0
0.0
0.0
0.0
0.0
0.0
0.0
0.0
0.0
0.0
0.0
0.00026883388281216924
0.002997023416111989
0.015808018079529015
0.04987637274204305
0.12084903156454885
0.22671600308531167
0.34678445713070305
0.4760761931559598
0.5537968300658213
0.6261683306660154
0.685387220335852
0.7148159195775176
0.7323942232460126
0.7438292383837584
0.735671667234025
0.7323395961582687
0.7334601414202399
0.7525454485644835
0.7461155768997445
0.7532959919683551
0.7606668899970818
0.7796538433276654
0.7940131090639471
0.8350777425300417
0.8597569214498243
0.8966713756956947
0.9395811794613546
0.9750729271202802
1.0198680214823823
1.0714515075970201
1.1161967775012815
1.1678547122875718
1.2164618386218709
1.2525250810964281
1.2960177531092485
1.33051772207842
1.3575166763006676
1.3662862291311142
1.3692410505751957
1.3686872116310511
1.3621731400647663
1.3492412978564263
1.3205094295556994
1.3020524810136263
1.2841116507622128
1.263462001264763
1.2639650086323604
1.276021602110551
1.2832822661236523
1.295303229189294
1.3288449704663479
1.3501077452462622
1.3778721134287029
1.3960983395436892
1.3887456237300855
1.3699368220069204
1.3381884568025115
1.2983265105013624
1.2398844943307883
1.1824157340721224
1.117554494014763
1.0594662712218774
1.0017237618085515
0.9471639679760874
0.8957134255792419
0.8581185887218399
0.8130719816156983
0.7821737317882576
0.765587878171469
0.740635980639602
0.7164933603881054
0.7170320061295639
0.7080890633794641
0.7094664357681764
0.7080415531094417
0.7211029550090744
0.7256144124490913
0.7424433826474683
0.7677199676383706
0.7805720225860957
0.8005135020221513
0.8228778258108618
0.8502551598662924
0.8761693366327301
0.9086379057187226
0.9317265969602014
0.9655034878781745
0.9952321214094128
1.007552041641432
1.0407824785351012
1.0596253709458792
1.0727799391914439
1.0845732499921918
1.108475681831796
1.1157220171323379
1.1254023783549025
1.127101732328024
1.1389987018775516
1.130375809514144
1.1307755496560834
1.1326025487255111
1.1260277682092292
1.1223776779649104
1.1149136835540314
1.1100112235381439
1.1044164300584476
1.0986742356025323
1.0869524154968828
1.0814055319975449
1.0763258048299813
1.0707536592599833
1.0603973156047175
1.0515784555911543
1.0444762611798726
1.026613621656837
1.0216856023826244
1.0008826823167083
0.9905494226963921
0.9784506038793995
0.9539228459394885
0.9454488091154613
0.9339450989937255
0.9243830371677059
0.913441169415473
0.9048879218088062
0.898909568994502
0.8986455661733599
0.9039958112455332
0.9026801952249754
0.908218349541594
0.8955934667081125
0.8940735316527925
0.88255933652115
0.8801261226952719
0.8737948260312642
0.8696200596849225
0.8668469337975837
0.8694634820687961
0.8579426461753631
0.8522779170336442
0.8446155717064804
0.8384985342310233
0.8311777434632243
0.8247258789830043
0.8113989559249528
0.7995914354351977
0.7840962396157187
0.771096348793772
0.7570251682628497
0.7385088933082901
0.7181691190702486
0.702739330779415
0.687804254138116
0.6684105379823705
0.6549292661247997
0.638612228110886
0.6192184601447841
0.6009381453582864
0.5853866063629348
0.5681148285367029
0.5557436887663478
0.5376099430154985
0.5256525193879342
0.5039513149398774
0.48979127515308696
0.4736673321201952
0.46064861440878835
0.44687561060415165
0.42949414451353507
0.4169819549874788
0.40342737118748
0.3894544918760217
0.3799294612466911
0.36856998388941287
0.35725590458489936
0.34642073498512604
0.33531371160209084
0.3262210377417557
0.3160342556686098
0.3065308121504814
0.29698752436015463
0.28772285385503216
0.2802912046822866
0.2707712886944729
0.2648313942871968
0.255259671372657
0.24970458884375948
0.24153274514117953
0.2320591136228615
0.22503546244690828
0.2170472371583609
0.20625726836422417
0.19874885406989573
0.19112634113386384
0.17934391665976007
0.168664196490034
0.160506477072389
0.14937651208648214
0.14155642743746727
0.13167709585554846
0.1221551428248673
0.11313598562602592
0.10583220927144739
0.09963371584776384
0.09288119732529904
0.0883483770995811
0.08290987943148632
0.07884426384755
0.07478157970685731
0.07070884146269696
0.06657389024725226
0.0626351397999176
0.059052022704286077
0.05590680515722221
0.051542636663186696
0.04911447314692452
0.04515835113216246
0.04259331149794963
0.03929737414443965
0.036704938983013455
0.034162862481157345
0.030923676205185362
0.029218916141053267
0.02708756418350652
0.024740747082633744
0.02261624998720445
0.02138640691440233
0.019244768732054104
0.018532742356020718
0.016620303118073367
0.015388173629603295
0.013959729171368734
0.012940327251060786
0.012035092546385677
0.010942156987216
0.010043856858952446
0.00933610536262272
0.008588602914476539
0.007787269231744997
0.00724777580830246
0.00614602464403451
0.005621032205012925
0.004741241154508777
0.004224779121941223
0.0034343116825908643
0.002860457025415414
0.002502836737872995
0.0019049168548569955
0.001446841149243867
0.0011555181737808765
0.0008208802618485344
0.000473156422985901
0.00034373065918497943
0.00018324586679007882
4.40670396627834e-05
7.612570079719497e-06
9.452274751392507e-06
Gbb RDFs at 200,000 MC steps
0.0
0.0
0.0
0.0
0.0
0.0
0.0
0.0
0.0
0.0
0.0
0.0
0.0
0.0
0.0
0.0
0.0
0.0
0.0
0.0
0.0
0.0
0.0
0.0
0.0
0.0
0.0
0.0
0.0
0.0
0.0
0.0
0.0
0.0
0.0
0.0
0.0
0.0
0.0
0.0
0.0
0.0
0.0
0.0003360423535152116
0.0030184307262270745
0.017261864301869122
0.05369944376590247
0.12879665910680696
0.24243113461872917
0.3638434011903156
0.4982842166914473
0.5842773932999336
0.6590363234601123
0.7154976926960989
0.7437744991802407
0.7578001112517276
0.7684234637191637
0.7533531234023833
0.7436120764103666
0.7405250778049773
0.7583248160052873
0.7510136136006397
0.7550758073127163
0.7606248363211643
0.7798372625191634
0.7937364356723672
0.8313870348103927
0.8569284064058788
0.890338082990928
0.9347277532896114
0.9702709147167751
1.0116336494677791
1.0589019882529505
1.1093617986401763
1.1591549966741281
1.2128102517420205
1.2419200384221436
1.2852893630388529
1.3183616921363681
1.3439407046381555
1.3576443961169116
1.3636118293414292
1.351701946840577
1.35052943932905
1.3305984798602406
1.3068756632019243
1.2854006140564311
1.2648758894615988
1.2495082123480068
1.2497814697544454
1.259566925595853
1.2673675730160172
1.2825945600788922
1.311765972444283
1.3390231557709034
1.362333006208089
1.376868936839065
1.3716612323626687
1.3492344902768392
1.3185381815226287
1.2727484776204225
1.2172646017764386
1.158451555457023
1.0960338371319467
1.0346520145909845
0.9801200463067337
0.9248539679569516
0.8758452040557942
0.8406639498773351
0.7938451224724142
0.7666055289272529
0.7517503093139274
0.7296828000944868
0.7094378140786858
0.7068008870580493
0.7047682076608053
0.7051091094178991
0.7050047381146232
0.7178273550401189
0.7262140839679059
0.7430710973078217
0.7651957065902735
0.7811031315828753
0.8010416038991278
0.8258535197180976
0.8550892749028233
0.8813776918848404
0.9110423168139062
0.9399268426166513
0.970445518874671
1.0009824045492908
1.0175741175240305
1.0496493263114737
1.0656458074617772
1.0841104713378695
1.096346729941332
1.1179931408967538
1.1302251925148128
1.1343242858090263
1.1387521507106764
1.1494079398180015
1.1425249696030644
1.1391284526650671
1.1404091710131103
1.135996604471792
1.1301073311188488
1.121540668545038
1.1152703980089285
1.1115466460026608
1.1024165776465555
1.0911898424331663
1.0864017436174243
1.0777513005169754
1.0694762194355527
1.0618571840852813
1.0516889088831105
1.0432404035347984
1.0261436512449358
1.0194986192879774
0.9991912927668515
0.9871099235512869
0.9762791009710452
0.9558381279989276
0.9460038584351093
0.9346735833147867
0.9247777154787329
0.9157625288371146
0.9073131048474181
0.9011761491630883
0.9019818293012875
0.904342889451215
0.9036300480822854
0.9093267599110202
0.8955329091027892
0.891968492692701
0.8820514445497831
0.8794212031105865
0.8718128185862326
0.8654049585987986
0.8608458396348418
0.8602847999339363
0.8505879916782607
0.8418419076640634
0.8344931777695634
0.8275228813344898
0.8197041060467142
0.8136796595728121
0.8020463071582278
0.7896720060368149
0.7749564935707902
0.762906244956392
0.7510959893726744
0.7315611904692965
0.71369338466451
0.697693157296408
0.6834795225048133
0.6652528934876377
0.651255749829576
0.6367734872796843
0.619729735578901
0.6025347471750383
0.587328665051453
0.5706125637143196
0.5585291635989686
0.5438442477059712
0.5309930882710799
0.5122088678328889
0.4976779851488578
0.4822372664747045
0.4677750139900696
0.4537000598000912
0.43658022737214497
0.42434980408271056
0.4107691444419869
0.3961649987945725
0.3870936012477099
0.3748459517678561
0.36366965606264995
0.3529028930598898
0.34080953258294194
0.33056064180242006
0.3205888029569866
0.3115685838788345
0.30187932321256344
0.2924761218023601
0.2850007411995506
0.27487906743693563
0.2686246461334916
0.2584668591769766
0.25241866417215836
0.243944849006876
0.23376617514180795
0.22694589230960155
0.21822755164123137
0.20715617088086696
0.19952089317104105
0.1908997156996265
0.17941531631814595
0.16904429237798282
0.16050721614776275
0.15003249517963738
0.1419104202699142
0.1325068541844823
0.12212439812114544
0.11414937021295044
0.10635904912751752
0.10039071552350698
0.09395044394150362
0.08902939526763182
0.08392051043651597
0.07897532865412411
0.07494846697066859
0.07083318369848335
0.06639247382351376
0.06223915397418873
0.058992277113198294
0.05550794949828163
0.05148701235300389
0.048805509258031364
0.044973895144852415
0.04230719039695137
0.039023356359183095
0.036541286388821675
0.03380262354664414
0.030509801168970018
0.028321010620746323
0.026103267283140667
0.02381474641955528
0.02189824579494297
0.020452502682332358
0.018342670197739067
0.017441735272810337
0.015592666898901476
0.014438314355766556
0.01314505531032803
0.012160042497532992
0.011275413372567562
0.010290890549508385
0.009420215115588017
0.008561714386543746
0.008011000510190536
0.007236767717629469
0.006597579561647357
0.005592186171992265
0.00506584266556886
0.004281471827985547
0.0037821586198014154
0.0030927269184622035
0.002504427919153773
0.0022033865865349164
0.0016607740301047538
0.001297666837649413
0.0010450205096500294
0.0007249140441863855
0.00043551898024838607
0.0003058620272408715
0.00016347460221535981
4.023512317036746e-05
5.709427559789622e-06
7.08920606354438e-06
Gaa RDFs at 200,000 MC steps
0.0
0.0
0.0
0.0
0.0
0.0
0.0
0.0
0.0
0.0
0.0
0.0
0.0
0.0
0.0
0.0
0.0
0.0
0.0
0.0
0.0
0.0
0.0
0.0
0.0
0.0
0.0
0.0
0.0
0.0
0.0
0.0
0.0
0.0
0.0
0.0
0.0
0.0
0.0
0.0
0.0
0.0
0.0
0.0
0.0
0.0
0.0
0.0
0.0
0.0
0.00014197607554280165
0.0029440003124024004
0.029003154623082325
0.1516574822253492
0.4945599168739653
1.1292737720908073
1.9704584845601494
2.812140197736553
3.4427970159729737
3.770112265979063
3.7942442097649938
3.594394962962495
3.265513161000748
2.883456084765883
2.5010712914922886
2.1452341981928384
1.8331974819733732
1.566998516842078
1.3411316173305357
1.1582018995247159
1.0049842464843104
0.8827957611402236
0.7807447857876862
0.7034044050763912
0.6393240632775407
0.5848567254225986
0.5424246922111035
0.5123203772355049
0.4862951728618853
0.46983676925525986
0.45926406567934475
0.45361972555842
0.45179816325891253
0.4592583757316603
0.46965068401414584
0.4859828318148218
0.5065860275066971
0.5331446136845396
0.5651830476447167
0.6050331856631065
0.6488523798200923
0.699930588729947
0.7543502267466798
0.8112380982438259
0.866046624378287
0.9211692662649268
0.9668847665325482
1.015300055807076
1.055100408979478
1.09265527885999
1.1287282667263203
1.1566954575337165
1.1862439198744439
1.2091905584414484
1.2284682096466473
1.2406406717380878
1.2483939509305018
1.2512070819566297
1.2483036260822842
1.2427919083653964
1.2420305970288372
1.2404380772079546
1.2405173604904984
1.2455302352078625
1.250420271136063
1.2595685459103438
1.2644053945921725
1.2657555330830006
1.2610880332518704
1.2466358348989655
1.224962824142839
1.1968368289922873
1.159356932314926
1.1201030395790006
1.0739127362299172
1.0320670989748597
0.9879324203717017
0.9455341557340511
0.9096265481274458
0.8748940584557722
0.8457257154505693
0.8213972388668872
0.8029682049051681
0.7895395952852696
0.7805236940166075
0.7769786472535988
0.7783424678426655
0.7836409554107974
0.7926903030823197
0.8050967625709002
0.8200990612203765
0.8382851491513328
0.857847467064919
0.881556236850477
0.904721073218661
0.9316699170098949
0.9575396654162185
0.9816589520513092
1.0075614323587019
1.0322296204830728
1.052979752804611
1.0731981474282646
1.0917921705428355
1.1071663191400578
1.1211345266619344
1.1297674389052312
1.1381855940540861
1.143388809295764
1.1453575882497555
1.1451686829495547
1.1440314105384515
1.1402688722467447
1.1318961061310528
1.1240883389529124
1.113943340243916
1.1037994968212927
1.091528287306758
1.0805902702776549
1.0681882855644163
1.0559686388300966
1.0446144414282375
1.0333893284299187
1.018045935590578
0.992189703931912
0.9665515342012748
0.9400847968686096
0.9169699377131284
0.8932964973518852
0.8709537324134095
0.849676450917323
0.8288854968709449
0.8091163774669862
0.7895771563217792
0.7700216780208431
0.7516230565888898
0.7342730397526934
0.7183525803906919
0.7031347827551363
0.6901908282998406
0.6767272729249953
0.665862540824932
0.6548242880745557
0.6456556972022621
0.637124695319532
0.6293951818398413
0.6215097759200695
0.6144089127058753
0.6084076411614631
0.6021983517979669
0.5951220894627871
0.5887488027128444
0.5814577054725478
0.5741748310445491
0.5659202078917704
0.5568311724082432
0.5470247194739095
0.5373395583583431
0.5268963995344227
0.5146272254380959
0.5023713574172658
0.4893079444414586
0.47667865322443503
0.46257661422546087
0.44920163265099744
0.43555839161758414
0.42162200208790457
0.40727871676560373
0.39376565527271057
0.3798686855683275
0.3670000807602074
0.35272510850834105
0.34008209091161734
0.3275445965640631
0.3154728039407778
0.30353156067283854
0.2916389503888902
0.2804094276689469
0.26985566599348404
0.2590270013145531
0.24911019956109162
0.23891609066325087
0.2296378073826232
0.2202644596446301
0.21083011267240054
0.20158984959258372
0.1928422079193183
0.18393411257337838
0.17534221435467445
0.1665429381735496
0.15788969115197637
0.14978080523266968
0.14126742575652165
0.13286968060564353
0.12478817422228372
0.11704563125886534
0.11043661736011712
0.10417626618158708
0.09863971986669338
0.0933145504125736
0.08826665008120671
0.08325695687723651
0.0789209543063903
0.07412112048786099
0.06976188559460487
0.06566598252943405
0.06186031707426131
0.05784867773759713
0.05415497594963108
0.050717313403118636
0.047282770450129796
0.04416174925741583
0.04107456231352607
0.03832617104602768
0.03576584454532352
0.03312808043516244
0.030824996118482717
0.028562575036662263
0.026437892980862614
0.024494579060997362
0.022564262459921863
0.020779779885081888
0.019063855310230082
0.01740007364420082
0.015948537682788314
0.014573019266509835
0.013218778591980816
0.011910893550030135
0.010781046066323078
0.009671047841589323
0.0085940622171601
0.007675223398941222
0.006863667233845341
0.006051849513430848
0.005292232752970536
0.004582222169518524
0.004006297322374729
0.003372118756130645
0.002860737937394557
0.0024141374405079637
0.0019743800166563967
0.0015684991197815288
0.001203518445311684
0.0009137740699457151
0.0006465847775654881
0.0004257441609458706
0.0002619597142372501
0.00013815620716257148
5.5763172613717036e-05
9.275866827580877e-06
7.371222356156717e-06
Gab RDFs at 200,000 MC steps
0.0
0.0
0.0
0.0
0.0
0.0
0.0
0.0
0.0
0.0
0.0
0.0
0.0
0.0
0.0
0.0
0.0
0.0
0.0
0.0
0.0
0.0
0.0
0.0
0.0
0.0
0.0
0.0
0.0
0.0
0.0
0.0
0.0
0.0
0.0
0.0
0.0
0.0
0.0
0.0
1.6411515680817238e-06
4.689049854768819e-05
0.0012846658274495294
0.015110869673468977
0.07620440981719372
0.22183483108316082
0.4333695964110605
0.6343973436516892
0.7626307654000615
0.8003146145947074
0.7623851215378046
0.6830141298064186
0.5875819456541793
0.49279017796839525
0.4117799437438125
0.3409373827648033
0.2845231760224785
0.23875850929006665
0.20204819418885137
0.17391117877457044
0.15041886938014282
0.13162338900512524
0.11764487407562338
0.10611765417391385
0.09700710785270428
0.08974072567461816
0.08426008594643641
0.07952386274105595
0.07610025370588618
0.07380294333036068
0.07255605606245369
0.07181874312527327
0.07183325492331712
0.07239693873658508
0.07372727479235583
0.0755690495500082
0.07800984720555812
0.08138048038013289
0.08555902840539471
0.09061586981349573
0.09634914716227594
0.10361223208456043
0.1108529616384809
0.1190859930654857
0.12894060148733397
0.1382582654056488
0.14885840456060595
0.15870117841248876
0.16858224335032473
0.17884925304882396
0.18776890944895008
0.19632042492559307
0.20264927657946724
0.20875044169024518
0.213073750318768
0.21608611112637705
0.21761576858598183
0.21838875860349694
0.21920802038574302
0.2196186607099205
0.22057278848756914
0.22274685080529666
0.22421388094664227
0.2270874493912017
0.22986768002826272
0.23165977926718737
0.23246997783874862
0.2318440650627999
0.22922839202803275
0.22493992871368154
0.21861113604806437
0.2108126549150969
0.20203178217098366
0.19288870241110567
0.18358743869010247
0.17438607337469758
0.16602224079077557
0.1584784127552505
0.1512526927315032
0.14544985332167187
0.14027927502792367
0.13630598122858556
0.1332391694177158
0.13094405558779335
0.12907460085482644
0.12859231622149866
0.1284398250112146
0.12920247473906027
0.13090052422700604
0.13289594946893632
0.135021359501496
0.13821652015252758
0.14155167876503294
0.14575872227849468
0.1495044807860907
0.1539961576034355
0.15857557269500536
0.16325058566807057
0.16786266782271983
0.1724022846586631
0.1767376093999599
0.18096169374577958
0.18500434703794613
0.18854010528155246
0.19180073718870694
0.1940508763728691
0.19598597983103486
0.19729957905356504
0.19836445376613793
0.19824095558371183
0.1981102257242081
0.1975367393397471
0.1965094171931402
0.19526339363305142
0.19334353892486972
0.191406104100218
0.18946454161797252
0.18740422635679246
0.18534518989286686
0.1836530468087266
0.18164452970998474
0.17996960154608327
0.17808876394961826
0.17637306232556485
0.1747630886827845
0.1728772982841963
0.1712608149963911
0.1693622045282331
0.1676953902729004
0.16546063438854275
0.16387113604379772
0.16200402931075084
0.15949942398866054
0.1556602146348286
0.15148020291665526
0.14784735619169012
0.14460126024886077
0.14177297620325904
0.13894313810464656
0.13674154573870184
0.13483762789813325
0.13304235245777535
0.13176851458231226
0.13021689993761776
0.12908943609770093
0.12799140211649157
0.12713125132798495
0.126420258365417
0.12535387341424317
0.12449128584798784
0.12357635586669849
0.12232735932847463
0.12128500839832962
0.1199577994640076
0.11839038533598989
0.11681804272990062
0.11515743209773904
0.11341450674016139
0.11111723364776246
0.10916370049568504
0.10676203314731365
0.10438769420784481
0.10203188990026398
0.0995307998777578
0.09680108295575936
0.09425180259486761
0.0914574106307189
0.08873407416677585
0.0859988930830671
0.08315953213036831
0.08053463803368405
0.07776038486110286
0.07516152567278984
0.07252993258039998
0.07008995421537102
0.0676370834312295
0.06517681343514717
0.06291657084063358
0.06074794051411445
0.058641829958675167
0.056455841199327325
0.054595902445638396
0.05263115522120274
0.05088302474784261
0.04928545152614936
0.04761631865594998
0.04607238273338973
0.04456378385990709
0.043178043263262314
0.04179682130806107
0.04032302555678823
0.03908249619574065
0.03773298720992487
0.03638773300979416
0.035072669247898536
0.03371960645707326
0.03238562315069089
0.03103530382282545
0.029655663941968686
0.028211346253489995
0.02681655085902734
0.025333063446776147
0.023869878953481326
0.022383651834768425
0.02098190946039183
0.019747961951234426
0.018621605233385588
0.017496422390268874
0.01651491640626312
0.015555558044804218
0.014619284555765884
0.013778500466793537
0.012901317770474176
0.012051386118239972
0.011312642717838479
0.010587670903678424
0.009871756561467649
0.009206694431882215
0.008572436120699934
0.007990437074701717
0.007421587598077401
0.006915791708209008
0.006422630065112992
0.005985090099995655
0.005532845650715274
0.005139743465620482
0.00475449724642113
0.004377829363488201
0.004045204329869622
0.0037406261895952127
0.003416629071710864
0.0031151903101161553
0.0028628852449982737
0.0026071623694399505
0.002370945848430404
0.0021505333206192473
0.0019565871289980905
0.0017625789744721613
0.001585046213929869
0.0014186539888518723
0.0012749820847834904
0.00114649347584271
0.000999752130408284
0.0008811412855079027
0.0007775740254451168
0.0006616614047464953
0.0005748290336518786
0.0004920852955264739
0.00040474816008105206
0.00034083136113188724
0.00026840500363384734
0.00020599193794913285
0.00015899297537519882
0.00011681630583139438
7.64183815174132e-05
4.399358873472975e-05
2.299698660697646e-05
9.641968660209103e-06
9.970241205636043e-07
1.2304687887734963e-06
