Gbb RDFs at 50,000 MC steps
0.0
0.0
0.0
0.0
0.0
0.0
0.0
0.0
0.0
0.0
0.0
0.0
0.0
0.0
0.0
0.0
0.0
0.0
0.0
0.0
0.0
0.0
0.0
0.0
0.0
0.0
0.0
0.0
0.0
0.0
0.0
0.0
0.0
0.0
0.0
0.0
0.0
0.0
0.0
0.0
0.0
0.0
0.0
0.0
0.0059084175917636355
0.03292654542989982
0.10728125457722465
0.2428253861847371
0.44247466675282776
0.6907315239715721
0.8750892148220093
1.0660365209556113
1.1679288258364744
1.2130091914924856
1.2331302502095984
1.2117204786431135
1.1626747389662002
1.112739298125307
1.0568879286911956
1.0051368815845183
0.996089613985777
0.9495690372993985
0.9261985411535079
0.9180737989565619
0.8978980821134013
0.8889516071460617
0.8984237077545632
0.9120844497628176
0.9530837575053425
0.9652437800511862
0.9933256918511881
1.028624815890661
1.0651928784125744
1.1381063767896926
1.2037228988729378
1.199356645498336
1.2364436639264065
1.26936617356595
1.2948545306694803
1.328406144178482
1.3510305481401073
1.3541532059078214
1.3206276945341326
1.3302639278135706
1.3365119342310054
1.3217852392527776
1.2989476075558029
1.3102244458956882
1.3270930107703431
1.3259280210139393
1.342254392510701
1.3619291046052908
1.3812762609256253
1.4125233321553743
1.4434556542156245
1.4537687759169422
1.4564087389354656
1.4420992280944218
1.3933045024823258
1.3562929161364283
1.3164418353970195
1.2364114746262458
1.1776866521834377
1.1189950087454261
1.045506310826901
1.0025617056397222
0.9527405335697465
0.9012454193121368
0.866948540124094
0.8373972465855022
0.8021026979841017
0.7812736388281205
0.7737567908017117
0.7612881814533206
0.7549168958393823
0.7479266205939195
0.7555697597324017
0.7598977023839585
0.7720875930512139
0.793169487113165
0.8088935485527771
0.8351254913254456
0.8679564028434684
0.8976508935830462
0.9276616355296279
0.9526974863085925
0.9795628711084992
1.0173005971657008
1.0541192428381834
1.0703908280861687
1.101037331183166
1.1240709316972355
1.142606344829782
1.1638876283006157
1.1681298237775366
1.199107805669218
1.18504310532067
1.184013406966701
1.1919597637619852
1.1824346842576001
1.1693996039375902
1.1614156643248053
1.1497068479528756
1.135987065350198
1.1371782465705316
1.1333754124523274
1.1153482399468844
1.110658146815024
1.0930511465151234
1.0869445634280563
1.0642380103295972
1.0590121605818645
1.0451253135530103
1.0403613867046508
1.031008138455853
1.0266686084147156
1.0187205724421915
1.008348007975383
1.0015775078179527
0.9962167801102066
0.978786006481458
0.9747772531511953
0.9684809161113197
0.9530165101250608
0.9465596274952007
0.9486395018360007
0.9413341838099026
0.9348785965442388
0.9386867071309567
0.9369572582801766
0.9424135770038465
0.9382701295993288
0.9380058097009325
0.928119942348732
0.9173292001642785
0.9103736480587781
0.898584673364526
0.8816098289102486
0.8728612169594798
0.8648364817299078
0.8473482451019579
0.8403532467586711
0.8236695810669779
0.8172700000261526
0.8050123938608894
0.7863772118392607
0.7846070046471458
0.7715284068245148
0.755675828351282
0.7475514219243199
0.7309203323659909
0.7225575531742429
0.7171704191846429
0.6960950188996748
0.6813040195684542
0.665314318616996
0.6492582603168223
0.6272844257445302
0.6154929402344292
0.5992403725566677
0.5847991795699301
0.565991078299541
0.5530084930998915
0.5394792182993575
0.5210905561478653
0.5071412242365796
0.49060959090614126
0.47810594753388486
0.4629285841557145
0.44957168971400185
0.44038506478258244
0.42430065326501526
0.41604689157019403
0.3972593144071545
0.3867308534782136
0.3703553658936476
0.35994154556107333
0.34702544672965274
0.33341379642633995
0.3252617969550779
0.3154648883159258
0.3014866635329407
0.29294604065658475
0.2802277665986403
0.2695509195541876
0.2604326173497978
0.24907468063530988
0.24198505861523564
0.23303183002302322
0.22332686741366214
0.2126034570979472
0.20384118104461388
0.19477914713380984
0.18648968829353282
0.17563290852621458
0.16920956790686595
0.16062361880795206
0.15518828486478264
0.14711946721783017
0.13889591314335276
0.13413718194918292
0.12632092483359084
0.119935042283286
0.11101555017402306
0.10468000395038699
0.10041891216555174
0.09363632486832785
0.09055584546093176
0.08415242645126854
0.08017763442327958
0.07513661612343298
0.07178163033810513
0.06692936944018454
0.06312499910796182
0.057893782243587114
0.05493217455362415
0.05164375339704308
0.048097765591175554
0.04378278418951579
0.03933634099344838
0.036965846699276564
0.03385669522269417
0.03122196184227232
0.028113290679196608
0.026388623831780297
0.024313814048874144
0.02182524673437048
0.019757050615700912
0.017380288211695648
0.01585068957880758
0.01417633072422627
0.012629686635371618
0.011995940131799861
0.010833836443116404
0.009863855063374038
0.009229366690975847
0.008477354167395146
0.007689678446238331
0.007444347541300191
0.0068962582508840685
0.006504492746772946
0.006015392638206976
0.0055776638806197465
0.005120632272939153
0.004864717398449501
0.004081753025513918
0.0037806091898055934
0.0028926998043328073
0.0026832064832422366
0.0022094565220350127
0.001657759921157195
0.0015266668678228389
0.0012189428419815422
0.0009153700761620346
0.0004927083412911035
0.00044277169657726175
0.00015624121273680408
6.322662212486313e-05
1.1418855119579245e-05
3.402818910501302e-05
Gbb RDFs at 100,000 MC steps
0.0
0.0
0.0
0.0
0.0
0.0
0.0
0.0
0.0
0.0
0.0
0.0
0.0
0.0
0.0
0.0
0.0
0.0
0.0
0.0
0.0
0.0
0.0
0.0
0.0
0.0
0.0
0.0
0.0
0.0
0.0
0.0
0.0
0.0
0.0
0.0
0.0
0.0
0.0
0.0
0.0
0.0
0.0
0.00013441694140608465
0.005266198288311066
0.025923511513839037
0.07999040911459734
0.183866390374794
0.32569249664211075
0.5142596888721322
0.6599572982080278
0.8053773572314884
0.8810221634213669
0.921353794680886
0.9508804373838459
0.9477249511644416
0.9321636356336059
0.9026389784917194
0.8628278455820036
0.8536838046452644
0.8503661648070289
0.8311419073642538
0.8280048263011814
0.8252823630444346
0.827037134464659
0.8376089306228865
0.864890991901752
0.8855112952710129
0.9220768237496232
0.9621368851781351
0.9876451585283916
1.0500690112882074
1.0760325660722332
1.1479468630030403
1.2118344862140065
1.2384011080629258
1.2718662449901026
1.3147218542188202
1.3391445820372954
1.3643046621319241
1.3866707497005726
1.3753680940949415
1.360316036024745
1.3589019593881002
1.3607357232196797
1.3327456043776753
1.308568182613073
1.3079985460560664
1.3077374059734774
1.298778187266288
1.3115086301648984
1.3201245528087155
1.3461973613928206
1.367192703674323
1.3919301149584307
1.40786263684701
1.4105203915721576
1.4089472141488786
1.3683201350630343
1.3351482093741573
1.2930463717806169
1.2308809787934192
1.1726751165983305
1.1173328763638917
1.055941342401344
1.0061724817849484
0.9608362715562514
0.9121186483733441
0.880236680692739
0.8525015390202411
0.8189763522892939
0.7888232636311262
0.7805497724975812
0.7614856314433229
0.7583121787170973
0.7480028890506158
0.7461991654307298
0.7478487013327267
0.7582666744725238
0.7739503118022486
0.7847367527399245
0.8005784373907356
0.8276994709067179
0.8487208649394042
0.8742304258129383
0.9006796092506869
0.9334506475488692
0.9599546101992265
0.993518554524207
1.0136800744414627
1.045730062437795
1.0685866798931845
1.0908685778209166
1.1135072073576215
1.127072755896384
1.148832113884048
1.1459858013978717
1.152127947174061
1.1554146407346404
1.1591033490148537
1.1496720900690174
1.144062141130523
1.1329467616354245
1.1283657268194252
1.1252400068100694
1.112313108858254
1.0995619913483374
1.0939745411022193
1.0809745715457117
1.0811062822260773
1.0617000461398445
1.0568622196112398
1.0501346001871024
1.0468493416439435
1.032734406294184
1.0365883659685085
1.0227500914866352
1.0113216389452304
1.0068424671198808
0.9967666900131157
0.9843550328484609
0.9754404067339861
0.9642714697074223
0.954282022573858
0.946343432148305
0.9405880642910497
0.9377007516716807
0.9311433613595355
0.9307671147632481
0.9261737947954818
0.9376448974551946
0.9301495362790183
0.9303124729465595
0.9177265672955726
0.9070546052400228
0.9043780452748359
0.8952206555781504
0.8811980880560873
0.8741624697569006
0.8666364152564656
0.8551788814908983
0.8478353047195027
0.8353007865334041
0.8297719119407775
0.818081553227305
0.8080358122668616
0.8000665927525058
0.7903181145453902
0.7763498568111301
0.7666478481737083
0.7522910012578793
0.7442535620279781
0.7318735110480952
0.7104427311155915
0.6933059111969251
0.6789906307582176
0.6594031264960051
0.6401895536999996
0.6289203747419768
0.6074846889318022
0.5908607827685364
0.5731766954470582
0.5607684269753846
0.5457933707314065
0.5273796010746445
0.5115562283621576
0.4945405280767369
0.48088844971216804
0.46790788374767217
0.4550773115103293
0.4426008820176583
0.4266889010654295
0.4144415116067835
0.40121572477258044
0.3917229620165506
0.37559154161304664
0.3636154152140834
0.3517625000077566
0.34011084248111634
0.3332600378638093
0.3214445959004217
0.30912337173530724
0.2989163524855968
0.2864757581238716
0.27727760852324695
0.2690863594367513
0.2569679621778573
0.25015312326892836
0.244416940755218
0.23451639149889383
0.22367695278042674
0.21703570659420934
0.2068628512899586
0.20000498891359497
0.19024045988586127
0.18475277887982547
0.176181189587737
0.16999281613726133
0.1604541253103399
0.15199085061581047
0.14515330026216908
0.1367488122551181
0.12954178380489514
0.12013171232410419
0.11220273571952298
0.10652997313956698
0.09891508942747312
0.0943386946545721
0.08771541464903394
0.08330759405880257
0.07738228322164088
0.07279501806052543
0.0679746421388808
0.0632120789913563
0.05867920867478486
0.055676396807826316
0.052030366313625225
0.04818983341492642
0.04437279736543085
0.040526176542990934
0.03758056976343001
0.03480521832550531
0.0319860841053783
0.028882614505445145
0.02701034533567041
0.02512210944022882
0.02273851189965838
0.02073459450186819
0.018262357243957916
0.016771752627686588
0.015101025175585807
0.013654554649225542
0.012609096409239089
0.011476521655843648
0.010279068674871304
0.009333255713278043
0.008716902636803487
0.007831712884893077
0.007263977887215825
0.006792065491663913
0.006355781679997819
0.005787488221284513
0.005415114818955971
0.004870613762702941
0.004556744333172982
0.004075511812936679
0.0036659513701147676
0.003098881598896954
0.002637365825783656
0.002321750328786792
0.0018205218043253564
0.0014907452944623015
0.0011327249336462624
0.0007175320274431434
0.0004897755535453231
0.00035538254593701267
0.00014466778957111489
6.897449686348705e-05
1.1418855119579245e-05
1.701409455250651e-05
Gbb RDFs at 150,000 MC steps
0.0
0.0
0.0
0.0
0.0
0.0
0.0
0.0
0.0
0.0
0.0
0.0
0.0
0.0
0.0
0.0
0.0
0.0
0.0
0.0
0.0
0.0
0.0
0.0
0.0
0.0
0.0
0.0
0.0
0.0
0.0
0.0
0.0
0.0
0.0
0.0
0.0
0.0
0.0
0.0
0.0
0.0
0.0
8.96112942707231e-05
0.004281462023017127
0.023343446386869273
0.07293243183977993
0.1703760911423086
0.3003176053587944
0.471214402036112
0.6150425679738307
0.747325230505586
0.8248835702073033
0.8666128670648148
0.8987578485671162
0.8995280823692007
0.887676240993429
0.8728151445195648
0.8494742920525954
0.8283937272815939
0.8293102730086691
0.8105410115833722
0.8161104505852056
0.8055381622011335
0.8135252540243033
0.8249610041506646
0.8501856785460594
0.8766535771070781
0.9130060307744653
0.9470587908507307
0.9767787929829819
1.041892686206235
1.0730000344055428
1.1352185786026812
1.189332851273528
1.2217867596116316
1.2492218710831262
1.2948602162858638
1.3144197537341067
1.3325647916245087
1.351109050786716
1.3468773417281235
1.3333837716485042
1.3277831811294076
1.3280573568977032
1.2989134508651599
1.2827886675891749
1.2742999728621875
1.2709530966335723
1.2689821708921603
1.2865186401639666
1.3001742216461056
1.3238023577362843
1.3541191719686199
1.377128508969493
1.3903480224266471
1.3906536507097098
1.3910467320426896
1.356251785498137
1.3220023507754997
1.2760978819917699
1.2159848516246459
1.150910041762525
1.0939838738613878
1.0377732070708403
0.9819330520505393
0.9364145023947447
0.8883031952473798
0.8568221847639232
0.8283742703932144
0.7974641790228391
0.7737171941291772
0.7632792529591672
0.7470191288424791
0.7459662834531773
0.7381642581367714
0.737803112936432
0.7424690250223908
0.7494935007307868
0.7695982402845156
0.7800128349703819
0.7982638134945282
0.8218516218464322
0.840649244672355
0.8677101553397304
0.8927932189071256
0.9282528891538333
0.9479951424307748
0.9820474532114274
1.0039780207511542
1.0349812647763263
1.0567896571076993
1.0805094337684555
1.1022227542436667
1.1171553180383336
1.1322582682133422
1.132548050205512
1.1421362728536668
1.1465568242679254
1.1508382616282073
1.1438092430342686
1.1453494693518655
1.131218142867257
1.1282216172307828
1.121837202415761
1.112237013827205
1.1028251148073964
1.0954359641674616
1.0871608845434142
1.0820888129806663
1.0697032429505988
1.0630312942176714
1.0575646774507699
1.0545175790125692
1.0429499336666923
1.042994656901976
1.0281297071181348
1.0199896023240043
1.0128296708388684
1.0017492070122016
0.9881269620544808
0.9763116084996134
0.9681084555599451
0.9512213220397995
0.9436707563381315
0.9383747702331335
0.9296570424767959
0.927510875362761
0.9246094226583406
0.9195809493042917
0.9279471240611473
0.9243812341015454
0.9256109893744429
0.9089612060041274
0.8996813999935651
0.897292332893813
0.8904250250444987
0.8749466239762385
0.8700777600553854
0.8609103109380593
0.8498933971087322
0.8428086589687273
0.8302425231799813
0.8205887351527337
0.813366493444453
0.8013682158212315
0.7942747319296841
0.7827959609859741
0.7698068990506379
0.7592198861335778
0.7478682750949467
0.7396387673058921
0.7253433796789243
0.7073902191100586
0.6933171174449443
0.6800709817740773
0.6643042826241297
0.6428436148813418
0.6330389820572726
0.6160613343391125
0.5973863917791448
0.5783367245000993
0.5671595688909586
0.5509405105544194
0.5339322101021594
0.5192920223120675
0.5018595871181949
0.48529752428907963
0.47265313870546033
0.4603820264060188
0.4474573104655187
0.43161324057771205
0.4200913224955583
0.4073856416424055
0.3974005871205064
0.38220431304110225
0.3698000337978555
0.3580588557270071
0.3463958719130585
0.33858691910269384
0.32803116794668624
0.31626582817350163
0.30636982267488555
0.2946044273480859
0.2859800169789282
0.2767396689124964
0.2657074246562892
0.25867176269917347
0.25281408917857834
0.24238656604251313
0.23183645464301758
0.2253574337393979
0.21583151956161734
0.2094148478541077
0.19943301015039724
0.19274682335485305
0.18431090332562908
0.1764728988172954
0.1670484163232242
0.15807935354492814
0.1503909038193613
0.14150990681882947
0.1336379495955137
0.1242972621818589
0.11649171401323853
0.10972336826180792
0.10251659387557091
0.09710835482159527
0.0905259876127433
0.0854296467620858
0.07924691655228283
0.07429365228495123
0.06883373394976855
0.06425439880774476
0.059111193211943636
0.056064743149896915
0.05231388245245213
0.04838931369971993
0.044374066210970446
0.040872424983334016
0.0381228254744922
0.03530489781626726
0.032230947761349465
0.029353977992638693
0.02777749877029505
0.025593615085185713
0.02333422342577428
0.02166711212418777
0.019252626744177683
0.01783757083253644
0.01618331166376852
0.014550595258419943
0.013309030856297276
0.012318699985749014
0.011099368736609801
0.01014984577029854
0.009204871741153808
0.008273230791098915
0.007763547171558584
0.007104643769324379
0.006373023542812327
0.00577571850961246
0.005388554514762544
0.004641693860925479
0.0043535240111877965
0.003732245121188567
0.00329718703110914
0.002804482718101381
0.0023225933112347376
0.001986892220364819
0.0015994871481710637
0.0012712245683701286
0.0009533520438912549
0.0006515860112035127
0.00040472470891769215
0.0002932391499261689
0.0001273076548225811
6.131066387865515e-05
7.612570079719497e-06
1.1342729701671008e-05
Gbb RDFs at 200,000 MC steps
0.0
0.0
0.0
0.0
0.0
0.0
0.0
0.0
0.0
0.0
0.0
0.0
0.0
0.0
0.0
0.0
0.0
0.0
0.0
0.0
0.0
0.0
0.0
0.0
0.0
0.0
0.0
0.0
0.0
0.0
0.0
0.0
0.0
0.0
0.0
0.0
0.0
0.0
0.0
0.0
0.0
0.0
0.0
0.00013441694140608465
0.0037248719600249005
0.020149080039192427
0.06263954831400453
0.14638289877478236
0.26216515873466056
0.41055653401075554
0.5362838737289656
0.6581212329127278
0.7306937770996526
0.7725935465813678
0.8066727053454457
0.812713162791708
0.8077450086533619
0.8066282868393145
0.7828180104739817
0.773754227750141
0.7805620614689018
0.7638919755441832
0.7718104125627481
0.769992292631804
0.7823745613348864
0.7971454471043332
0.825721558804386
0.8595801392595777
0.8986861036174678
0.9347014236720431
0.9719341339329091
1.039023509250492
1.0757906087584015
1.1366703249738688
1.1936636140064714
1.2184772765942524
1.2569366049957715
1.2979940354906372
1.3180727542430088
1.3366966090870125
1.3549949317938594
1.3463220784091465
1.3364170770951342
1.3265245670028836
1.3244356629557692
1.295880503267106
1.282833994208997
1.273945600748417
1.2710884126626334
1.275391225213487
1.2890704349175828
1.3021388735473982
1.3232920291131376
1.3559764281419449
1.3765066326434665
1.3914078239361598
1.3955383924478872
1.3934682471856044
1.362788444060442
1.3241904725161886
1.2736298998234088
1.2161905992374742
1.148198486276863
1.0923177840218024
1.032555691283619
0.9789088365871325
0.9278029694672713
0.8809296492240916
0.848258716397463
0.8177425739158597
0.7834271040524908
0.7631668151135945
0.7488759880221656
0.7354617227610044
0.731363333476262
0.7224148218289507
0.7232880623631422
0.7286697868153988
0.7381511697783757
0.7527718137070868
0.7671140286008893
0.7857257887664365
0.8113170183943521
0.8307181499016364
0.8584685471480487
0.8835771777684384
0.9184057597173664
0.942304876693583
0.973246438148713
1.000059786457257
1.0276278723974523
1.0523253224251625
1.078010199713841
1.0983217207051155
1.1151141818440138
1.1333642687812258
1.1343477896557586
1.1438875066158365
1.149911655953672
1.1546266082189764
1.1483062399905923
1.1528151261091908
1.1409760705513334
1.1359191279726955
1.1298569383092687
1.122339630449386
1.1141690119171879
1.1052274987045843
1.0951331157433746
1.0887370181830496
1.0790559030215388
1.0665258718090989
1.0622148558363476
1.0554261805778336
1.042111663687585
1.0388342495716205
1.0236536176641264
1.0142491273655458
1.0049541692164008
0.9919374812293862
0.9783367321912121
0.9668632953212715
0.9553227838739654
0.9422596543102841
0.9333200124472664
0.9274847443649534
0.9216806190622485
0.9181017695799346
0.9180545564263948
0.9133673252301197
0.9192920435959335
0.9169784355049684
0.9202256536463818
0.9070247709501851
0.8995783756000157
0.8971230355700239
0.8930487411820927
0.8806571736006205
0.8758469135621508
0.8663601096712484
0.8552179175646218
0.8475418906818232
0.8375078898687931
0.8279325067738826
0.8176929904559764
0.8085236851775176
0.7992475417270564
0.7872467895829292
0.7756984244739258
0.7638782997080144
0.7515059848866457
0.7413369470270204
0.726049247067638
0.7087375816050825
0.6945565284758582
0.6809738623971879
0.6643965086803041
0.6444151842786475
0.6330777150414291
0.6144508167216444
0.5967230743797147
0.5786551803603132
0.5661712266600806
0.5499884739523108
0.5332337652352105
0.5189918662789734
0.5018595871181949
0.48597493458584506
0.4722845184066433
0.4607075342209946
0.447816089162908
0.4324889314378639
0.42062363269395237
0.40797901019274435
0.3968422228210911
0.38400447666011467
0.3707623669615194
0.3592552170827143
0.34768697572685386
0.33983812906663396
0.3278872992165256
0.31817802949188106
0.30863223860320593
0.2974262925778325
0.2887515650034275
0.2795934029359686
0.26888721395441767
0.26262883453451136
0.2559043567186392
0.2459739425960938
0.2359975931344523
0.22996444313992812
0.22021468561358487
0.2133896618438533
0.20376562776920737
0.19608111499762126
0.18821431799560343
0.18017290427238794
0.17048418503585944
0.16072672153377246
0.1533109447614063
0.1446340571142236
0.13625482425583496
0.12667604425819773
0.11869789977245632
0.11157539675450846
0.10495573753123728
0.09931536288572244
0.09223608464562072
0.08765930034056757
0.08096967560776724
0.07616493437555803
0.07069953241830652
0.06585020364055724
0.061263261633425506
0.05765969066850122
0.053839714763229664
0.049708952506815514
0.04572031132848846
0.04222027573019677
0.03906864937604538
0.036378650766639084
0.033156261677381185
0.030344329775317373
0.028502840524833515
0.02608737290981532
0.023841592962045337
0.021939639510634407
0.019587224930415835
0.017916952692262386
0.016321204695988804
0.014793296886841016
0.013403801752065351
0.01246435263096145
0.011038605769073617
0.010058803240001454
0.009074561809878437
0.008280938086219715
0.007678828091609867
0.007081851603244971
0.006274960448054816
0.005665511209410517
0.005061331567099519
0.004414883819993893
0.004182777039622924
0.003551249956448653
0.0031081565716188607
0.0026742086488991588
0.0022217438648258606
0.0018786450372797702
0.0014844486566725796
0.0011779282597809552
0.0008948824278937663
0.000620089406432346
0.0003988591334261314
0.0002752758245167844
0.00012007426534402535
5.316784133227126e-05
7.136784449737029e-06
8.507047276253255e-06
Gaa RDFs at 200,000 MC steps
0.0
0.0
0.0
0.0
0.0
0.0
0.0
0.0
0.0
0.0
0.0
0.0
0.0
0.0
0.0
0.0
0.0
0.0
0.0
0.0
0.0
0.0
0.0
0.0
0.0
0.0
0.0
0.0
0.0
0.0
0.0
0.0
0.0
0.0
0.0
0.0
0.0
0.0
0.0
0.0
0.0
0.0
0.0
0.0
0.0
0.0
0.0
0.0
0.0
3.2123962843800468e-06
0.00019444549476514136
0.0036800003905030003
0.03340674505522027
0.1683142851889914
0.5291294231867363
1.177974324790525
2.019326847188206
2.842008664571411
3.445938845920196
3.750264315687472
3.76078502717502
3.558855892767572
3.227753212387769
2.8526424845765757
2.4773396610492404
2.125291092475333
1.8202004365387263
1.5559057096593818
1.337021714903749
1.1527004185025678
1.0041369750792226
0.8834624497209399
0.7837682699876736
0.705626398397603
0.6405493816893307
0.5912087455031668
0.5499311880992181
0.5183212648858175
0.49414064182283873
0.4762855312033524
0.4653689778692855
0.4611814763677146
0.4599433070751652
0.46633014187124516
0.4769441051789904
0.4918317677443165
0.5129853654806377
0.5382172367842252
0.570345697683838
0.6082543482295197
0.6533309421457195
0.7023026451934251
0.75440082427209
0.8095958010326414
0.863912688316387
0.9165009469639964
0.963318569820666
1.01223886292357
1.052697357105147
1.0905205203381492
1.1260372576994366
1.1565693901820078
1.182634229901201
1.2040594375502989
1.224738038640801
1.238589066303214
1.2434215278769087
1.245831551840893
1.2467042414911
1.242709848076947
1.2409520906853122
1.2393326099692763
1.2417469298943795
1.246471215377945
1.2542412155526894
1.2613386909656759
1.2686315798932795
1.2670286393366064
1.2611749186315178
1.2479014097081098
1.224023368543223
1.1944256478772637
1.1580712815721959
1.1173930974711461
1.0743007137866594
1.031564836658466
0.9883800433397831
0.9464493082779509
0.9083847426719224
0.8764556425936886
0.8474732984525064
0.8236331731889331
0.8053104030530683
0.7923414969881631
0.7841591104654939
0.7814712038989248
0.7811814084759934
0.7846476628291071
0.7942217236815297
0.8059672174720856
0.8219257312060428
0.8391689123290244
0.8584258182037922
0.8800172939947514
0.9046720659828051
0.9292560958063018
0.9551179748801475
0.9789367687491187
1.0044649456660586
1.0289388082116966
1.050116188784765
1.0697172319130994
1.0878663215744104
1.1043815211726682
1.1179421360911814
1.1282957144498753
1.1344144753289784
1.1411006450070935
1.1441290430155804
1.1443654598795678
1.1419691561679255
1.1392943856120594
1.1322463608928728
1.125828856373591
1.1153014817281153
1.1047297467915371
1.093166045397092
1.0809527518089994
1.0686928592363862
1.05810949270377
1.0472238743077869
1.0372821848587175
1.0210295690204405
0.9935436961506523
0.9692696722433797
0.9455339223054975
0.9220135999647647
0.899217379822335
0.87776600829046
0.8570086401024178
0.8354691246075808
0.8144207416852132
0.794079804682427
0.772746219027633
0.7547403852136666
0.7364157622206056
0.7188414007898102
0.7034569723444891
0.6890233705551972
0.6748741804606064
0.6628638722692968
0.6511455300857255
0.6411492439040437
0.6316249102403674
0.6225731177412754
0.615487825426627
0.6086442098493147
0.6023453953729768
0.5963640411044326
0.5903810688601703
0.5848984856466467
0.5778981183969869
0.5715208372822389
0.5638215918331099
0.5554541516421672
0.546231430545982
0.5364297034539739
0.5258122930710853
0.5145033750324038
0.503080660572228
0.49155371328200925
0.4784242518954773
0.46536548538460837
0.45189001201541706
0.4385153360343795
0.4251914142511543
0.4114518677956994
0.39757139547224635
0.38375936849396797
0.37034272465549894
0.35677558669880044
0.34314981774876013
0.32942157599191996
0.31691150075200153
0.30432588384126874
0.2915391067976926
0.27990847078324743
0.2679888037065078
0.257133175770548
0.24668915250486806
0.236410371518584
0.22662229080779925
0.21714755919832987
0.20818393731606302
0.19890807897535306
0.19042188897845544
0.18196147900581067
0.1733907625554716
0.1651141529823779
0.15725748192682423
0.14902006689417804
0.14098885912979497
0.13289578206519076
0.125083159129507
0.1175623151830062
0.11131178309895204
0.10557832908465176
0.10009601089621986
0.09487424792337286
0.08942226004830363
0.08475308733766655
0.07990245265405099
0.07502769703246571
0.07059885428707845
0.06627484033307487
0.06230609788545358
0.05818738059719991
0.05450541752462031
0.050816615911999895
0.04752566879995334
0.044154673578299046
0.04116641952527672
0.03836089816267534
0.03558264099779404
0.0331261677154476
0.03056715709268401
0.028483552880313984
0.026448233302744813
0.024204691402556572
0.02234772565242278
0.02048114625651629
0.018836614804190726
0.017244036284750918
0.01578637841432404
0.014263908544014083
0.013053572379172092
0.011708888353678296
0.010603902085200895
0.00950166876768605
0.008441107819964006
0.007529560326314383
0.0066668869859294036
0.005846794017188749
0.005130832238935792
0.004449476016001974
0.003834692676425255
0.0032505214809977344
0.002726462288535491
0.002297530261280231
0.0018759521669058548
0.0014861379921193565
0.001165630587850748
0.0008685085803753072
0.0006255680309798377
0.00042801310232801643
0.00026466404714403516
0.00013708175837063964
4.704739762784101e-05
7.597376639732907e-06
7.283469709059615e-06
Gab RDFs at 200,000 MC steps
0.0
0.0
0.0
0.0
0.0
0.0
0.0
0.0
0.0
0.0
0.0
0.0
0.0
0.0
0.0
0.0
0.0
0.0
0.0
0.0
0.0
0.0
0.0
0.0
0.0
0.0
0.0
0.0
0.0
0.0
0.0
0.0
0.0
0.0
0.0
0.0
0.0
0.0
0.0
0.0
0.0
4.845351516594446e-05
0.0017421976244646168
0.017129540739807943
0.08328544679207263
0.23580125578987476
0.4466521590993618
0.6459752046404333
0.7647479253409826
0.7925955659150392
0.7502303220909226
0.6690187248067223
0.574794369501866
0.48272866739914644
0.40253923163393235
0.33326241571558046
0.27854852663860397
0.23414359108062086
0.19910863917178473
0.1707958591406213
0.14927081339082912
0.1311700110132349
0.11725274976407327
0.10676123250071679
0.09750147093627363
0.09100381347838829
0.08556156453847993
0.08169340436179622
0.0782665803044525
0.07611080051994741
0.07469924933392173
0.07384027108123657
0.0741000346171
0.07409567683172924
0.07544425385112206
0.07709775301337048
0.08006647839541152
0.08300968557797057
0.08750652039495448
0.09221396869874553
0.09795639254402612
0.10463557578095167
0.11191216209827658
0.12055009390393684
0.13017797522039742
0.13875945465581283
0.1489656206628123
0.1591287349430169
0.168825932322039
0.17895007415739034
0.18702575379288297
0.1952123999121734
0.20184509530435518
0.20764004243143913
0.21166387566628164
0.21433782776793042
0.21643313075117585
0.2174182891539511
0.21783458001094227
0.21901745966342714
0.21970070434291097
0.22140636391801222
0.22364735687284873
0.2261973361098982
0.22896345976678004
0.2301261146976726
0.23088000987510549
0.23016310549809132
0.22705849713162293
0.22243476621008854
0.21668950280166988
0.20843380111892829
0.20023040343958054
0.1912346959979666
0.18220613714955816
0.17355346007339817
0.1660712325729804
0.15841679731861938
0.1518481395453623
0.14631513028806792
0.14149807915410462
0.137585590185671
0.13455555743581035
0.13207718507799426
0.13079069323882214
0.1302958686783505
0.13014531736468143
0.13113203649363403
0.13267806007224855
0.13431674456097698
0.13683414049120787
0.1398539412066009
0.14320848513486834
0.14701937254703526
0.15093752806962488
0.15502222096197976
0.1596799926260885
0.16366906409823914
0.1685087900534791
0.17265350012379077
0.17629944504336065
0.180305031919217
0.18368791470674165
0.18684179192378023
0.18954064949262492
0.1916807270147224
0.1935691809880339
0.19481335718301102
0.1955251144731134
0.19637366225845468
0.19608249310438103
0.1957076313829157
0.19492068055160702
0.19395418389740593
0.19246488971459286
0.19135166293925066
0.18971976053197395
0.1876500289347993
0.18613579475257017
0.1844653028890647
0.18248295837149495
0.18084691196521124
0.1787918895767842
0.1771448528292631
0.17544524170853928
0.17320360166126217
0.17148775430822247
0.1695861543604336
0.1679797422046745
0.1659837621470771
0.16417450747738702
0.16239485148648308
0.16004233045457872
0.15616227166195495
0.15217526210795762
0.14889321819280377
0.14556271594503137
0.14255060449590168
0.13968242205625234
0.13759936211964832
0.1354734474860027
0.13355367224552445
0.13190810201371667
0.13047489212564842
0.12911395204572948
0.1280301276243229
0.1269037826122506
0.12607843526050289
0.1252063628832795
0.12421631244213038
0.12307133491945509
0.12183956444106547
0.12061759937438578
0.11938081656938827
0.11791794898872984
0.11628273942550217
0.11450353216679136
0.11262055419063897
0.11069227248040504
0.108564355574417
0.10618023684001592
0.10396428653464325
0.10145581760449016
0.09907842556346994
0.09642302941221091
0.09399802780868977
0.09134503818219418
0.08875870845290806
0.08616912562772072
0.08354563911463064
0.08099594412058297
0.07836724985541786
0.0757635270689633
0.07311668126021728
0.0708963888636847
0.06851564068870777
0.06602102640250622
0.06379509265804699
0.06153008130003918
0.0595014539002666
0.05751376740234795
0.05546783688425071
0.05350897282801667
0.051575106962086725
0.049708429484470094
0.04802464775416333
0.046238357809369614
0.044599673275939306
0.042924989818029516
0.04136661966706403
0.03994645707906958
0.03842636933747972
0.03707143658301722
0.03570053293050942
0.03432620788498717
0.03298204361133411
0.031717864450200195
0.030336025858717402
0.028986468754870542
0.02759780411306689
0.026257854293044967
0.024936474888949657
0.023573283369172103
0.022208987414323166
0.020837671554427794
0.01972339564289814
0.01873054962758154
0.017699106220884688
0.016866633373498724
0.015912937374205426
0.01502246569335161
0.014173970383601868
0.01325135319662026
0.012435529758454725
0.011628478342578007
0.01080445949134571
0.010062307789206599
0.009344856154326035
0.008704495154398676
0.008041886921684081
0.00744360458056066
0.00693083006033219
0.006399423647324986
0.0059267768994826315
0.005495520577647515
0.005041671188886322
0.004691311158728028
0.004305596646217716
0.0039704466536174396
0.003644109205045853
0.0033894034698903064
0.0030998515613588572
0.002859151157188692
0.002629151439724968
0.002407244403076898
0.0021933432379577828
0.0020146516320344405
0.0018287556538723042
0.0016582454445766696
0.0014953277433504006
0.0013400929399612221
0.0011866825768834213
0.0010589519748264817
0.0009403261660147056
0.000807574101194785
0.0006931360637623391
0.0005866358717938696
0.0005030936236678432
0.00042237543731008935
0.00034690214873474534
0.0002746254666370088
0.00021549633373269791
0.00016387006050940737
0.00011725382008544451
7.977060946374976e-05
5.1546797732633597e-05
2.566108492229864e-05
9.733217574974491e-06
1.2991526419465145e-06
1.1404344871559235e-06
