Gbb RDFs at 50,000 MC steps
0.0
0.0
0.0
0.0
0.0
0.0
0.0
0.0
0.0
0.0
0.0
0.0
0.0
0.0
0.0
0.0
0.0
0.0
0.0
0.0
0.0
0.0
0.0
0.0
0.0
0.0
0.0
0.0
0.0
0.0
0.0
0.0
0.0
0.0
0.0
0.0
0.0
0.0
0.0
0.0
0.0
0.0
0.0
0.0005376677656243386
0.004623978984858498
0.03612091177757667
0.09551795911919564
0.22163171273871554
0.38408358169746926
0.570730676103953
0.7376521350380193
0.8815228230140317
0.9693366297871624
1.022837787111979
1.0380558953500523
1.0047849791556087
1.0138345243013935
0.9630303189942336
0.9477802297236376
0.9486652883804134
0.9286829636741957
0.9275110596624152
0.9133057324394754
0.9465861912286773
0.9115933817452551
0.9512031202515282
0.9646838941395348
0.99392529952119
1.0240961407570772
1.0430741295828638
1.0720343427562435
1.1027590412789305
1.1304245702215943
1.1753024730028256
1.1905243838773008
1.233715772555175
1.2287071983689366
1.2613198810131532
1.2677769223775077
1.2601506660966018
1.2663261924490452
1.2652344868275105
1.2485010475690845
1.2459185405520257
1.2111894494337165
1.1947145934238015
1.180101210381893
1.1542785675794864
1.139252711869216
1.1479140233655978
1.1443634857758982
1.162263759832694
1.200174010117281
1.2209010477033826
1.2608233945599439
1.279403538088743
1.298640230381616
1.2932763858304102
1.2681991495706173
1.2480772358415497
1.1937982317243814
1.1577006678626276
1.099487328802291
1.0423469612083924
0.9951479664877357
0.9223933340102681
0.8916973235994788
0.8508852005023345
0.7980230630281947
0.7773619269361896
0.7443989665947407
0.7208766404040747
0.7095249283756787
0.6945500848325035
0.6932973620129654
0.6944242982213468
0.6957478857105288
0.705106067634167
0.723795890651755
0.7457182516838035
0.7647141148761896
0.7957366807046242
0.8120204553102995
0.84802043508152
0.8812211184847163
0.9208181664351663
0.9477087187425913
0.9755545962853314
1.0038394648369584
1.0476701249677496
1.0750490385509908
1.0970642810312128
1.1199755993613285
1.1406241478085248
1.1510602071995506
1.1555789482459597
1.1543542485508516
1.15963515669486
1.1575627938298616
1.154907629903973
1.1468244215092822
1.1408607591063944
1.129915415679652
1.1250676759479237
1.1110603016251943
1.0952638169016142
1.0834676027621313
1.080167015981811
1.0658759692200577
1.0692134871850096
1.0552540662950742
1.0545792926011954
1.0469627811393147
1.0392386790279682
1.0220358080862575
1.020483224065161
1.0075459268447136
1.0038978154205076
0.9895086011104559
0.9782597221897551
0.9748955873527361
0.9665853559520136
0.9349594664876062
0.9369359384072613
0.9108403962689666
0.9098588753219122
0.9010544689442624
0.9005361914965306
0.8854534290213142
0.891149672015964
0.8958817644538821
0.8937668567278508
0.897162739687162
0.8893180088169363
0.8915007062571251
0.884805622963619
0.8791517550840079
0.8840641273350539
0.8746015427867052
0.8633839037961945
0.8647895628416318
0.8504374239483988
0.8326660091953101
0.8299758706245811
0.825426884077612
0.8170392850726015
0.7973754250974573
0.801207028723256
0.7881901764346029
0.7825568145520936
0.7713486754845257
0.7550738221979997
0.7463706772551967
0.729097474366021
0.7217540924182473
0.7011056600746554
0.6931051624523036
0.6807177852529266
0.660061694003712
0.6530265482257616
0.6387841466790214
0.6172488982655256
0.6021237260544516
0.5854103777223764
0.5748454682009365
0.5534596167682229
0.5337484947266988
0.5186678582686883
0.50573534774533
0.48780968193733687
0.47417340738790953
0.454870225110317
0.44113588229661765
0.41872102705232817
0.4127030859401264
0.3929541744901336
0.3790217903173261
0.3642638040617765
0.35205044487471543
0.3393788241431623
0.3308143739265216
0.31685340020083924
0.3070754361211141
0.29519850423855887
0.280351124906106
0.2713373328119705
0.2628780071519255
0.2500155144781321
0.24341824683134128
0.23485927290159198
0.22384451540424288
0.217016721665361
0.20869799327628963
0.1965200287606138
0.1922942131485855
0.18355573607547537
0.17375728276937238
0.16700304938927066
0.1574670188026952
0.15055852254144414
0.14104149562239182
0.13506970867616033
0.12687300419263361
0.11819694096895755
0.11280693702677261
0.10461393606622243
0.09975651026521157
0.09464182087974855
0.0890788240056355
0.08610249274117558
0.08085212263692242
0.07984851831895885
0.07394306945662733
0.0684527047010968
0.06515897673216642
0.06071450871716353
0.05779863102903084
0.053637179653518635
0.04908909623613247
0.04467738057139499
0.04171120888963187
0.037621030046399564
0.03461067796561189
0.03127118181360728
0.028715534723532766
0.02525201405669654
0.02267046469126438
0.02105807266056355
0.019264387664607845
0.016586139161562683
0.015094072585725957
0.01328532610551386
0.011879474693627047
0.011092270708551698
0.010086652611006715
0.009671732850456171
0.009136112458268082
0.008403153765992403
0.007706703401786542
0.00763863166032768
0.006970023042764649
0.0067215753385301
0.006215111181262003
0.005924489255217611
0.005034416842581461
0.004811974897050811
0.00436939258821794
0.0037728191065021497
0.0035083383174966828
0.0030713873630486715
0.002447456465417532
0.002191215974992781
0.0015519223500350368
0.0012697068798376608
0.000791852691360702
0.00058259433760166
0.0003529894065535203
0.00012070536951110236
5.709427559789622e-06
2.835682425417752e-05
Gbb RDFs at 100,000 MC steps
0.0
0.0
0.0
0.0
0.0
0.0
0.0
0.0
0.0
0.0
0.0
0.0
0.0
0.0
0.0
0.0
0.0
0.0
0.0
0.0
0.0
0.0
0.0
0.0
0.0
0.0
0.0
0.0
0.0
0.0
0.0
0.0
0.0
0.0
0.0
0.0
0.0
0.0
0.0
0.0
0.0
0.0
0.0
0.0004032508242182539
0.0037248719600249005
0.027274974199394626
0.08210780229704255
0.1863465010972008
0.3240705220572397
0.4892422110727411
0.6455952231072335
0.7631808774527487
0.8383875934516726
0.8879405012009461
0.9117456787487219
0.8969407004921289
0.8976626651037015
0.860249642674031
0.860003531848511
0.8547615068056482
0.8486983713972577
0.8430451452964064
0.8423952845122984
0.8478021064982955
0.8355966967345674
0.8651774578553073
0.8868626856509353
0.9279390209301966
0.9517285593516833
0.9799883658893926
1.0133866743965598
1.0596218779154207
1.1019703901149889
1.1427205760667647
1.174209552841027
1.2129218073493477
1.2535247367583482
1.2663594010856942
1.290974507530082
1.300234661479593
1.3164501323088629
1.3127190741055406
1.3083699016820418
1.2965914397329452
1.2754537366919056
1.2701497413310359
1.253394354634453
1.2341784051062155
1.2185587301812064
1.2170111441081577
1.2149545138688373
1.2171018528507307
1.242892975056807
1.2584050143991945
1.2833248738375462
1.3001812255778677
1.2995962376183516
1.301758378098963
1.2673602201294658
1.2411403332585447
1.1903480933869786
1.1482198178634966
1.0954442058906344
1.0396638046496303
0.9820808845384891
0.9310774791696731
0.8910469734565186
0.8463510199626406
0.7950413339249867
0.7763860878182147
0.7435865313874536
0.7228203107463119
0.7069725358449821
0.696386369739526
0.693433173328074
0.6991338754223537
0.7025696783621459
0.7121438633552232
0.7255891684227775
0.7433492523173976
0.7589508184132248
0.7859325541765196
0.8097491168347104
0.8429840108653032
0.8682407478195133
0.9005181132026959
0.9331486371222464
0.9622547084486319
0.9935031501804565
1.032351092825157
1.0548857080605099
1.0809720828674716
1.106023353595566
1.12964892296287
1.1463639535446517
1.1508686326750153
1.1562518246589497
1.1684204753634648
1.168873748090502
1.1768011797816202
1.1709973908217854
1.1665607425778683
1.154917756703294
1.145547707202416
1.1349855086553446
1.122658028079302
1.1140327192303388
1.10695197792157
1.0953926409934334
1.091974817407149
1.0792075070771212
1.0722331893342103
1.0610609699413769
1.0493214575858703
1.0348975690792523
1.0294562391164708
1.015314174899466
1.0093939057647778
0.989002355023732
0.9802593945639703
0.9757447651321017
0.9719686026829044
0.9419334692254131
0.9383822383487439
0.9192062162140584
0.9076579633286559
0.9063486364789948
0.8963476510709654
0.889484895724333
0.8890159982065948
0.8905705929198792
0.8871856304054265
0.8893326325016002
0.8811131574538323
0.8779265462962182
0.8716582405503459
0.8684391547545794
0.868167701024392
0.8592020541595597
0.8523158914969216
0.8509161422402887
0.8427082804821526
0.8300999651790797
0.8254056853023165
0.8151598600813539
0.8111995941723269
0.796066406047855
0.7945000364024045
0.7792562472386572
0.7713511222944776
0.758451977957115
0.7455506060355384
0.7343102979815804
0.7231464346401011
0.709200853387236
0.6930595961433964
0.680661232444202
0.6708253753951969
0.6527088825113578
0.639771732596282
0.6286540561560895
0.6067367225257404
0.5942397324847061
0.5787522636792427
0.5649070741870512
0.5457198073529873
0.5293582523024828
0.5124530126390623
0.5001241276411144
0.48321393658524464
0.47025267378284025
0.45072490928531245
0.4374857552219157
0.420467651092354
0.4098283390520475
0.3927186561261857
0.3796241529930781
0.36812979873482604
0.3547196732545428
0.34487992449094984
0.3350310356177759
0.32243187815450275
0.31030721421100105
0.3000920004535119
0.28761855280646226
0.2771848614244842
0.2682129135211347
0.2571515132008528
0.2473789207831061
0.2388917513699426
0.22941716952201474
0.2211506899220868
0.21452809820209504
0.20378852664327066
0.19670238175078417
0.18833932092197783
0.17996484901152568
0.17184169150178044
0.1625737188501956
0.15522356630068065
0.14565903024460153
0.1376646869345496
0.1301992465294717
0.12204932384461535
0.11531309597022346
0.10772855139690148
0.1021091396722216
0.09750283415572901
0.0920857389008595
0.08866856930920228
0.08269243466325164
0.07997318109433595
0.07429016382604174
0.0698499410119264
0.06603865433510792
0.061415870003846205
0.05771357618738277
0.05446195390795337
0.04979330551061173
0.04565191254530604
0.04248710934255726
0.03868858349936739
0.035721792947229755
0.03221635108585549
0.0294826881581574
0.026258774834321333
0.023866662986190494
0.022024952431609002
0.020164098077515354
0.0174126444069446
0.01595271743341696
0.014306743385314406
0.01287628182622378
0.011653345100615164
0.010498490502085303
0.009701894179511648
0.008956451106211826
0.00801668796779228
0.006939312509863966
0.006538095641064783
0.005851457192673475
0.00544081671385316
0.00503902091157704
0.004566793800896909
0.003925085291126244
0.0034108226734607897
0.0030306850718277625
0.002578811102160524
0.0023439856180487418
0.001899889811530107
0.001531167345359737
0.0012961701054260573
0.0009008284905375789
0.0007322960609296277
0.0004457837373586174
0.00032042688568091306
0.0001967481938167162
6.322662212486313e-05
2.854713779894811e-06
1.417841212708876e-05
Gbb RDFs at 150,000 MC steps
0.0
0.0
0.0
0.0
0.0
0.0
0.0
0.0
0.0
0.0
0.0
0.0
0.0
0.0
0.0
0.0
0.0
0.0
0.0
0.0
0.0
0.0
0.0
0.0
0.0
0.0
0.0
0.0
0.0
0.0
0.0
0.0
0.0
0.0
0.0
0.0
0.0
0.0
0.0
0.0
0.0
0.0
0.0
0.0003584451770828924
0.0032539111374930165
0.02514539663427673
0.07661826441662901
0.17135310445719612
0.3013989217487085
0.4555741531214166
0.5985527780432891
0.7081336515595748
0.7900007402320989
0.8381167781218166
0.8555412004463445
0.8565885533454566
0.8552203626350432
0.8333748550533793
0.8208347598077051
0.8106236161037118
0.8062391308401691
0.7994223561891205
0.7975309147952871
0.8085239731912813
0.8019494650497605
0.8261072224872097
0.8546337003172729
0.890796152326806
0.9242090021780469
0.9537289606346814
1.0001491553019948
1.0468349678987865
1.09680863408658
1.1431600236169621
1.182244759886982
1.2179492467195694
1.2563208750590817
1.2691967779332596
1.289350951748348
1.2947076848739063
1.3159398651059047
1.3082769675537247
1.2988277580593772
1.2844673983402464
1.2583308427106956
1.2470459875439492
1.229280592889022
1.2151198298624872
1.1997010883712844
1.1926239250225483
1.194343465777762
1.200057991253435
1.2231041156310976
1.2490847889027694
1.278938509522672
1.2901502972553776
1.2990408429379623
1.308527917669764
1.2820939184396882
1.2652225185220138
1.2107551160103995
1.1735020845278457
1.1246821985232343
1.0696692515943735
1.0124309875329072
0.9622185190044515
0.9129121937801816
0.8698143037262986
0.8194713462875038
0.7959594405613595
0.7643279327905851
0.7418546403083617
0.7270768140198386
0.7110700673293724
0.7024549249745741
0.70882632512753
0.7115029782630731
0.718997423586199
0.7306912550103674
0.7463832339620927
0.7610821286553546
0.7883735347122223
0.8113876445907324
0.8414052642015002
0.8649751425573445
0.8964537959949219
0.9309974751361255
0.9559229187099053
0.9879627212115715
1.0236753637305402
1.0459242278425183
1.0688514509781455
1.0941477660780825
1.1171132847017944
1.134009338141145
1.1412632832754417
1.146945965807485
1.16205683718544
1.165837161307751
1.1752718989841966
1.1673723044501167
1.1663871226532794
1.1568968999306164
1.1493110261743913
1.1320293730956112
1.1284893104586462
1.1159329158209046
1.106745430128349
1.0993335799758106
1.093264626119737
1.0831941322424408
1.0766032583518201
1.066073902344489
1.0571804113226504
1.0429144137523232
1.0391445707252123
1.0206176312363109
1.0136595281215244
0.9989382782191657
0.9840187786274945
0.974882421805769
0.9685293061603908
0.9438214589168638
0.9378937949474537
0.9223206825157142
0.9121990855425902
0.9083274501098276
0.9013219205806915
0.8947108710800985
0.8975536445835028
0.900373364762704
0.8974394289288006
0.9022061493372507
0.8922304071380658
0.8875690726438328
0.8835118060175892
0.8772139066504324
0.8761899198888042
0.869252834969086
0.862426044434108
0.8593661509989758
0.8505970000039789
0.8434902345494893
0.8370061501946986
0.8290484883693534
0.8219919343171382
0.8096953176052608
0.8029434668645768
0.7872834208003988
0.7780613155932861
0.7657273975405129
0.7530716116622648
0.7384768604284132
0.7227433581289847
0.7076342199141639
0.6904574365097139
0.6742910469927279
0.6622023936536865
0.6447363432725015
0.6283830723013288
0.6149595573500523
0.5931548411170073
0.5809343302761267
0.5643550133867105
0.5488945413592939
0.5319045989000077
0.5160244816064716
0.5002753810251179
0.48570112706041424
0.4701376018696866
0.45478213635141707
0.43844817833032607
0.4259608169582734
0.4091341257719307
0.39801239222745655
0.38112713602769727
0.36919948001902764
0.3575749342797547
0.34725187196567114
0.3359718726801691
0.3270441412646143
0.3160964691773867
0.30519494203383496
0.2966344729509593
0.28532729428787773
0.27737994578366987
0.2680013682871636
0.25952362664219797
0.2505406395957695
0.24248959144050697
0.2347536401319314
0.22636363496835984
0.21908144622458986
0.21056561559761777
0.2021590129795988
0.19448352913485517
0.18680302515764377
0.1789591100798276
0.17003552283086892
0.16162987164051945
0.1522994847965413
0.14350447834292476
0.13569396241403608
0.12758337051454693
0.11925175097076847
0.11201360934507147
0.10550273084532265
0.09953336462300688
0.09297271014392557
0.089409517108038
0.08261676838316762
0.07880832139753272
0.07286853976127547
0.06844478834806092
0.06454634411583215
0.06013523624705154
0.05639393743211571
0.053112904546048494
0.0487135179564102
0.04509287869980668
0.04236591394169774
0.0383600101369557
0.03554091376417568
0.03241661951046622
0.030104409662047513
0.027318459714951497
0.024833649631789453
0.023250140768938665
0.02125198321730548
0.018706101768361513
0.017073243165828828
0.015502997857152883
0.014117438015379161
0.012801564008009697
0.011459445581268674
0.01042911733562703
0.009377878969059832
0.008387739175750803
0.007258512140122359
0.006722603652183808
0.005763092645749124
0.005200072611470278
0.004753232038455762
0.00416486530975768
0.0035867339302952388
0.003091480629925424
0.002693942286069122
0.002217736516655152
0.001961980139227239
0.0015458102406911626
0.0012116717969185321
0.0010497081993134814
0.0006897432666822385
0.0005708759614773979
0.0003441137621715643
0.000248573584043375
0.00016009902045870046
4.40670396627834e-05
5.709427559789622e-06
9.452274751392507e-06
Gbb RDFs at 200,000 MC steps
0.0
0.0
0.0
0.0
0.0
0.0
0.0
0.0
0.0
0.0
0.0
0.0
0.0
0.0
0.0
0.0
0.0
0.0
0.0
0.0
0.0
0.0
0.0
0.0
0.0
0.0
0.0
0.0
0.0
0.0
0.0
0.0
0.0
0.0
0.0
0.0
0.0
0.0
0.0
0.0
0.0
0.0
0.0
0.0003360423535152116
0.00353220616898913
0.023957747607576362
0.07169728581668687
0.16222178770651657
0.286602909146718
0.4337054864973291
0.563212764542955
0.6713555833887869
0.7471200832784526
0.7973424886935039
0.8144225864318323
0.8260491895942746
0.8202944378876804
0.8001660287473257
0.7888754201918673
0.7806874449819429
0.7762535951603265
0.7742820900103842
0.7657221417811217
0.7757010791376145
0.7793175748099191
0.7984794080994503
0.8260666639418077
0.8642136935091992
0.8914764494400017
0.9251174428772085
0.9660233087186478
1.0166588553498028
1.0636685473354344
1.1176249820394228
1.1571614709716622
1.1952960213916186
1.235183228526594
1.251664329949797
1.2755782454982134
1.2847604684828458
1.307422327948833
1.3063814134648033
1.2957757669529115
1.2904260545914223
1.2704664860177668
1.2599374646194246
1.2413431395892152
1.2251419162050636
1.2116088989286404
1.2069926966843167
1.2103581776797676
1.2142460186436972
1.238954030829606
1.2620273913221027
1.2833818396078696
1.2970297105627386
1.3054825107473949
1.3121535011157859
1.2902079391283248
1.2680015615938476
1.2159722960023605
1.1771191275613684
1.1261307824806044
1.0713630436403179
1.0147369431710094
0.9648542332370427
0.9167133782364494
0.8728737750613347
0.8269976914876308
0.8009623838654688
0.7711364175832768
0.7477913597221073
0.734636853313516
0.7170988736907795
0.7112341564155228
0.7158557345530545
0.7133927147805769
0.7231979927600231
0.7353435126621282
0.7467958792151383
0.7644425917905483
0.7891977246107478
0.8127662679440751
0.8405408448133966
0.8620541489057567
0.8943328145646399
0.9268461563771953
0.9512392719344717
0.9837213918989682
1.018002771630214
1.0412941297298894
1.0631735821562038
1.089405258171548
1.1108383295342958
1.1256596616080088
1.1348951213417826
1.1428459272621696
1.1534531445536287
1.156097541255652
1.1637892222274724
1.1549873085345863
1.151595552004761
1.1438946805004861
1.1353756289526729
1.1212017144829336
1.113232256733295
1.1017782289518874
1.0915836529674832
1.0832122559239983
1.0767816294838708
1.068539073536125
1.0615998472655803
1.050697871500761
1.0447658552824068
1.0335549163161064
1.0293510455050838
1.0143587219301649
1.0077481548314655
0.9949001219340651
0.9843087311217558
0.9752016863197165
0.9679604244104477
0.9483921278382581
0.9424118964093877
0.9302556783999631
0.9207473534320101
0.9148679338030828
0.9093031148548023
0.9019062925770795
0.9050982325415277
0.909207817577913
0.9076168356442271
0.911391138606777
0.901354889112242
0.898726336020931
0.8968092161405613
0.8899174285095806
0.8886740102316449
0.8838580005695851
0.8771478691626581
0.8753410135691025
0.8686136514404501
0.8613812636626528
0.8564640604304015
0.8479896780781219
0.8427671890959002
0.8285944324871364
0.8203187010161681
0.806287109934082
0.7955404010933136
0.7809791441816245
0.7651068390800099
0.7482754895764422
0.7295254600997345
0.7135275857474158
0.6945104166041197
0.6772455745780289
0.6616763635096368
0.6453592987676834
0.626983455800434
0.611421513033538
0.5903419883713795
0.5762169604021758
0.5603718150869207
0.5429896917947404
0.5268461164559907
0.5114423649096392
0.49598249019096546
0.4803356538220767
0.46520475791988947
0.4502586545347337
0.43343854425374295
0.4217671138608728
0.4060510274265178
0.3931741563590905
0.3794529473475407
0.36643186772503195
0.35465258642884717
0.34515360627653874
0.33341049982149834
0.323890364313153
0.31296505590228185
0.30288029015864565
0.2935333915826904
0.28221845013050306
0.27524402215873967
0.2656793288049024
0.25726700629312815
0.2480292897530453
0.2395847581486352
0.23225137161627668
0.22456085776646964
0.21742197594977086
0.20887834127098476
0.20159160967578307
0.19375353176694057
0.18620197509292732
0.17947168446950323
0.17015327802752758
0.16158257081659816
0.15263150752413832
0.1437639761687637
0.1355346430476639
0.12752974603131118
0.11953612271279555
0.11160493917634418
0.10480922146496441
0.09887105458306655
0.09297339665417562
0.08855007214284435
0.08187564419341609
0.07732510246253525
0.07211583702913542
0.06749284689549856
0.06372360992915249
0.05925139114411162
0.05532430836290512
0.05199913962261802
0.047994716958225526
0.04436009109151697
0.041690593177114536
0.03799671958908162
0.03554645088202428
0.03249477304202162
0.030466171589749656
0.027795979462522644
0.02529386364645414
0.023731210851100984
0.02164950232784501
0.01914620413772448
0.017484025350048067
0.016013131374710925
0.01461641249068818
0.013229454074684358
0.011889287314580206
0.010916725488690566
0.009909654390732511
0.008789619564192526
0.00771490202242674
0.0072430247776636494
0.006127865805918548
0.005583658214600338
0.004992805982280477
0.0044449493370476165
0.003890516885840104
0.0033764960042859784
0.0028122154424168656
0.002343394575531311
0.001978788380295385
0.0015857706494001292
0.0012312635050776627
0.001031248501892094
0.0006897432666822385
0.0005625096758350569
0.00036366568047676684
0.00024760259348070553
0.00015334785694538176
4.310906053967942e-05
4.282070669842217e-06
7.08920606354438e-06
Gaa RDFs at 200,000 MC steps
0.0
0.0
0.0
0.0
0.0
0.0
0.0
0.0
0.0
0.0
0.0
0.0
0.0
0.0
0.0
0.0
0.0
0.0
0.0
0.0
0.0
0.0
0.0
0.0
0.0
0.0
0.0
0.0
0.0
0.0
0.0
0.0
0.0
0.0
0.0
0.0
0.0
0.0
0.0
0.0
0.0
0.0
0.0
0.0
0.0
0.0
0.0
0.0
0.0
3.2123962843800468e-06
0.00018827262191545435
0.003487097144226633
0.03224444848850163
0.16315251877612094
0.5176786882862009
1.161969940198315
2.008415978595989
2.8388399311617825
3.4504859892625515
3.76302196537641
3.7819972758457254
3.571914841381096
3.2428015765609763
2.86026536127846
2.4790746451133616
2.127180825583799
1.8178722887123064
1.552638851166549
1.3305096164462862
1.1492945845759417
0.9984436279740058
0.8771727895541368
0.781247951063167
0.6988278273570955
0.6376023774535672
0.58520608652703
0.5447354178759988
0.5118315519257066
0.4884781599107732
0.4718119983880668
0.4613532914984251
0.456360726909603
0.45540756178944275
0.46121146567761845
0.47282446870785616
0.48946290562265077
0.5101891398790046
0.5360294496021962
0.5685025401654911
0.6087053896016927
0.6544054126779192
0.7064995774379621
0.7633860248299469
0.820082553016559
0.8765382563257448
0.9316063129105456
0.9801284664808221
1.0264717123892408
1.0672519656890413
1.1031032720575724
1.1344750088532365
1.1636704202837234
1.185295421014725
1.206737055268665
1.223119829189956
1.2353033858997586
1.2379286139244747
1.2405193674297634
1.2362982120627553
1.2338742526990343
1.2310805021387468
1.2303989657895782
1.2324788250604704
1.2389800355823537
1.2464738431582993
1.255237000959947
1.2616354946336046
1.263287998884341
1.2584629736848474
1.244499901804264
1.2219856226696186
1.1921994910539058
1.1562296170443607
1.1152126546210823
1.0714883843243057
1.0269060413217295
0.9831472816535719
0.9428477714411648
0.9054072697831697
0.8724458399816598
0.8454234358199777
0.8216330316150182
0.803640286647837
0.79077359802138
0.7840594682911319
0.7822158905000253
0.7834926948160138
0.7888106353169805
0.7991943267954703
0.8099777009038944
0.8270520506419147
0.845694135293137
0.866136649875688
0.889879371907747
0.9120676348521801
0.9395713517599814
0.9645098651190858
0.9892379387358231
1.0135752200010826
1.036698842200085
1.0592997498027814
1.0777531740166812
1.0958550976069767
1.1097249524932533
1.123060974933222
1.1325132906594728
1.1395350850653974
1.1426653292544149
1.1440688847179619
1.1416844398867174
1.1385175003123225
1.1344660140826899
1.1247735637660103
1.114691134932689
1.1054015058717797
1.0931164222479672
1.081358456945889
1.0697797916663825
1.0587175486368516
1.0468934348741794
1.0368394849372773
1.028033372448237
1.0130698624946348
0.9886922829342966
0.9639520481193533
0.9408343646814974
0.9192308810440057
0.8980508917741248
0.876539181019184
0.8542353414775156
0.8336844178886624
0.8131306717534952
0.7934367380128217
0.773111595054541
0.7543560665300096
0.7367561455911887
0.7206025120610778
0.7059944112716151
0.6911336556549073
0.67900451181931
0.6678591226733673
0.6565678291879969
0.6480041934391276
0.6383805997598413
0.6302526474862924
0.6229594513483644
0.615285299210591
0.6087775388522955
0.6019378504747561
0.5954213204060442
0.5887456698267042
0.5811347234961911
0.5732048736829872
0.5640548136340316
0.5553048928303166
0.546194338324023
0.5369380703451553
0.5255932779710722
0.5147228292600338
0.5027761354756096
0.4909715756067613
0.4776197279918477
0.4647131973742621
0.4511600672843404
0.4386065216033538
0.4243900380838224
0.41093043383399125
0.39706373049547194
0.3831742327323314
0.36957028964391836
0.35538360414627757
0.34165036818964
0.3284903207179718
0.31512486937788836
0.30216156404809014
0.289851208319525
0.2783175299110214
0.26705195061585413
0.2560935466548451
0.24556710180745286
0.23559508313372607
0.225467696497016
0.21593472743858988
0.20674427008635074
0.19792941520647095
0.1888304366660239
0.18051461835744342
0.17218226909286458
0.16423889232047365
0.15636330452046626
0.14866092763205294
0.14070799810740237
0.13258457235520452
0.12487951068320613
0.11773691326746355
0.11160250372790992
0.1058894955905338
0.1003399039849026
0.09504671202374157
0.09038592166984272
0.08542218768779099
0.08102121392518952
0.07631996677131606
0.07184799913207267
0.06749364969689002
0.0631845163895206
0.05906303097849018
0.055190393096330295
0.051343873361291176
0.04781707668547311
0.044467859375271694
0.041236981518764364
0.038360098525120956
0.03538481290965112
0.03294288416159626
0.030524388644489604
0.028088109607031158
0.026001289389900574
0.02391349351741097
0.02196212106729679
0.02022113275498782
0.0186431186590106
0.01698877951738994
0.015606435293575237
0.014211571784307975
0.013013644951719888
0.011738128657329632
0.01054860208878595
0.009600515513031638
0.0085756230506997
0.007754357664358686
0.0068831366576674125
0.006014172168762987
0.005327196335197722
0.004633959131914718
0.00402966722913881
0.003469550011284459
0.0029609209037773487
0.0024390098558663515
0.0020089424677138396
0.0016197066612158807
0.0012891135071549718
0.0009900445798113012
0.000717219321525087
0.0004843736062605226
0.00030135283024608636
0.00015033329347113257
5.505168077813533e-05
9.629233182917291e-06
7.19571706196251e-06
Gab RDFs at 200,000 MC steps
0.0
0.0
0.0
0.0
0.0
0.0
0.0
0.0
0.0
0.0
0.0
0.0
0.0
0.0
0.0
0.0
0.0
0.0
0.0
0.0
0.0
0.0
0.0
0.0
0.0
0.0
0.0
0.0
0.0
0.0
0.0
0.0
0.0
0.0
0.0
0.0
0.0
0.0
0.0
0.0
1.6411515680817238e-06
5.314256502071328e-05
0.0015603771709276765
0.015679910143191027
0.07734085575902493
0.22234064424868652
0.4292574673868353
0.628881633495984
0.7559783055424535
0.7939227237295908
0.7586062086398595
0.6802178907191633
0.5870672391215078
0.4967638068854897
0.41374572488998057
0.345419836191752
0.2869492968802635
0.2412548641295445
0.2041067479698691
0.1747491290397918
0.15230018086038907
0.13368600975943953
0.11826097097285676
0.10707901598988503
0.09723034772682917
0.08965037066033951
0.08388084312003646
0.07950436522649049
0.07655750007745857
0.07396177919103014
0.07219262854535614
0.07134640382428366
0.07115004567986787
0.0718283672591549
0.07305309374950693
0.074697258819898
0.0771813988108084
0.08062571241502735
0.08513003846960564
0.0898023386645546
0.09589302014517548
0.10218968302541852
0.1101434001654139
0.11898251758428714
0.1280033342416315
0.1375563795049782
0.14833563611595554
0.1588052546732094
0.16905656038976855
0.17946963893686918
0.1888683591037685
0.19694742689197975
0.20375423927046626
0.2098325112951938
0.21378607313335543
0.21649787126229347
0.21815693163334357
0.2194155815460278
0.22003152968521944
0.22050700255473893
0.221302545941137
0.22265016851518063
0.22555140046957403
0.22806702634504727
0.23092967045532573
0.23329381772037172
0.23361112815509377
0.23343906646794949
0.2304248184268119
0.22634203839596675
0.21988634562781953
0.2122710183155334
0.20390441628968395
0.19434355934708475
0.18459317898229602
0.17525036876235275
0.16686700192603976
0.1589990241976715
0.15169764831906501
0.14575901546217068
0.14046485807177933
0.13604539106189395
0.13236803556436788
0.13013727445076714
0.12857024580137807
0.12762320390782855
0.12734870019324399
0.12815754385411685
0.1293277563375211
0.13139826353415612
0.13381257538671346
0.13668869640041914
0.1401926528644452
0.14422875264393345
0.1480211354774438
0.1526586683269792
0.15705995716948692
0.1615696949337595
0.16613972198713514
0.17100565947368015
0.17535874858154266
0.1795849089169506
0.1835907399938743
0.18747557093682618
0.1905501467350848
0.19314294856466227
0.1955718076398584
0.1970465395012193
0.19796160671050436
0.19850618037260537
0.1984541831828436
0.19769460912556916
0.19691699035997723
0.19563939583568768
0.19410568901639214
0.19233850639694933
0.1906701816988001
0.1888618953315332
0.18711488889774625
0.18499957607166334
0.18299115712270073
0.18144410232816116
0.1794434302297083
0.17754242967015565
0.1760084133986075
0.1739811275696863
0.17210525840917917
0.1705499830084429
0.1684685165322155
0.16681694359591967
0.16474309740481008
0.16318491636257684
0.1605722998059116
0.15621592934208955
0.15233545636573423
0.14876394943969937
0.1454432037009361
0.14276993993455825
0.13990175704349445
0.13759852661133923
0.13496107357250323
0.13314777079343085
0.13147479094263442
0.1299152561429355
0.1285732567661448
0.12760970160596855
0.1263784142412384
0.1252091754291889
0.12426402288116026
0.12321979622510107
0.12189609301769579
0.12078241859101595
0.11950108590002059
0.11799282220420125
0.11669127964785479
0.1150326653404412
0.113503265367633
0.11165233789046078
0.10954255438968309
0.10779760531739248
0.10558042681187758
0.10341079338464536
0.10128572036023373
0.09875261724859553
0.09635260704261411
0.0939807525092539
0.09121423160166425
0.08876727418184237
0.0861327754990515
0.08343100306163838
0.08088968515232454
0.07830129150220791
0.07581402173944843
0.0732620248436124
0.07092236702401636
0.068491989899512
0.06632961584897332
0.06408890067354804
0.06189823047394895
0.05990508882740709
0.0578270978248577
0.0559281936862114
0.05397678332615333
0.05216145289659662
0.05033491117068601
0.04858978623768826
0.04690430459699548
0.045302533680060035
0.04364367603911753
0.04200550769278139
0.040528081077418926
0.038951190453320336
0.037476016325037526
0.03599836242312657
0.03447669465240515
0.033048737349408844
0.03157193361699507
0.030124218896888873
0.028794465581316292
0.027387407921258062
0.026002056531745466
0.02466728209690542
0.023232786694362413
0.02187032822219912
0.02057369322012833
0.019480233856384102
0.018309170964223385
0.017424349215461866
0.016401920573457636
0.015479532771197324
0.014647170035594646
0.013756922416016332
0.01293877029435736
0.01211795146658253
0.011392484833264802
0.010672951253554008
0.009963247337766616
0.009295933181788625
0.008726169272803166
0.008086700657866857
0.007515963095965098
0.006944490552967646
0.006469042900689005
0.005988463270504055
0.0055473908853746695
0.005125307593110547
0.004726182904785408
0.004357288184514406
0.004012754569298621
0.003708898640142735
0.0034275928951467095
0.0031217275387531943
0.0028802868192565165
0.002639444196028593
0.0023952044297345077
0.002203593499855742
0.0020045810147704037
0.0018137234446054993
0.0016474512479284218
0.0014949486820922057
0.0013406403775244608
0.0011907592397108814
0.0010690716063509597
0.0009425703012687836
0.0008241705954288033
0.0007124237876503269
0.0006140867704739987
0.0005187918904256538
0.00043534523211530773
0.0003498893616821833
0.00028438680858043137
0.00022059702613654446
0.0001698798879973676
0.00012328526658770753
8.107425366510288e-05
5.0621914998196394e-05
2.4681186691375537e-05
8.394900158415497e-06
1.1480883812550594e-06
1.2304687887734963e-06
