Gbb RDFs at 10,000 MC steps
0.0
0.0
0.0
0.0
0.0
0.0
0.0
0.0
0.0
0.0
0.0
0.0
0.0
0.0
0.0
0.0
0.0
0.0
0.0
0.0
0.0
0.0
0.0
0.0
0.0
0.0
0.0
0.0
0.0
0.0
0.0
0.0
0.0
0.0
0.0
0.0
0.0
0.0
0.0
0.0
0.0
0.0
0.0
0.002688338828121693
0.017982140496671933
0.03808667568383935
0.1246909318551076
0.29874060974445377
0.5060560704797736
0.6975827834519032
0.9275506835929662
1.058748038084738
1.1193881682519304
1.2441119912743444
1.1457835241530852
1.209738654226633
1.1625153811346534
1.13166448253756
1.1445903025207045
1.1006931398052053
1.1111673592599813
1.0531339323023075
1.0574707753327452
1.0288431813234524
1.0033029774942746
0.9497802285234033
0.9910269196293932
1.0059837057611685
0.9334604882403594
0.9531321559698017
0.9830904966749782
0.9617547495001683
1.012349401071736
1.0122988209903354
1.0008873871691528
1.0115862472448574
1.0231258383305541
0.9676725517442435
1.0810404895834778
1.0870167824242851
1.068028507114826
1.0645738115558352
1.0733043009513923
0.9985005403756425
1.0373481402208773
1.0688965607519567
1.0416057235150433
1.0391962236324643
1.0739762594502558
1.0383620626294618
1.0993939263044614
1.1268392631794915
1.1335241010049522
1.1958208155142516
1.2216309445776892
1.2491713055542308
1.302901291208209
1.3394590945229097
1.2604914853300384
1.2784454538160386
1.2251768621506867
1.2243628944190168
1.1606425891307048
1.12336404243403
1.0630688416463874
1.0377553465488896
0.9513052780818342
0.91299907177911
0.8964633368993287
0.8332817511749133
0.8191013423211844
0.7991554059767033
0.7614972676227755
0.7789402105595367
0.7824671911899842
0.772599466335227
0.768013908965022
0.7623664579510305
0.7807098174856257
0.7890727212915609
0.8171968996878692
0.8556641887270287
0.850734911118105
0.8890456124718944
0.8959901875096
0.8872592876626335
0.9410009082144412
0.95461900813768
0.9658523531485328
0.993461985484952
1.013394054651209
0.9799472044501273
1.010704739999564
1.034582638571571
1.0334570168714816
1.0474910597621088
1.0354758834478357
1.056121769503057
1.0571034861175377
1.0684052340291854
1.0545393435689048
1.0372731836113884
1.0382986209667684
1.0267190578247227
1.0400886844369788
1.0384568737226192
1.0265802204250254
1.0204240410747103
1.0210300060098638
1.0317710989695896
1.0471909765240899
1.0398400065654705
1.0218725987406103
1.0263059502138707
1.025957206632589
1.0389972996692705
1.0147533655479195
1.0080608987782942
1.0222120983128173
1.0040354990933873
1.003708386889819
1.0120893944417537
0.9746265152090005
0.9860530456305042
0.966581196577274
0.9660796399091465
0.958914123145339
0.9582872791823545
0.9361065684410246
0.9517424668347253
0.9539984058523144
0.9381490557905064
0.9338856004613683
0.9191799498233315
0.9226252108813339
0.9090027526563891
0.9043655582983943
0.939172814992026
0.9158265087123556
0.9071507084946024
0.907588714072112
0.8939090300572555
0.8961297763824425
0.8744539717444072
0.8580512121472351
0.8594694442720653
0.8313367908312755
0.8211905376662894
0.8167959304946976
0.8087648179358983
0.787609728888652
0.7619266536390132
0.7476474163245721
0.7275078130693712
0.6918065152119675
0.6822183735263404
0.6639617287011963
0.6489081772858829
0.6221162805251714
0.6187071847106672
0.6145124244766685
0.5895087825469507
0.5901519655590866
0.5713448046976755
0.5424149193135213
0.5358839250377503
0.5325554940679444
0.5167419650412568
0.49997784974475845
0.49295598946906183
0.46859368108611243
0.46536714282356606
0.4469715792864189
0.4372140368563079
0.4235276136456235
0.40673473736671106
0.39397775008644803
0.37563058116723796
0.364421599162059
0.35482625179923366
0.33136892248641364
0.3149040435924958
0.2970255824743434
0.283629281137234
0.2752033634766869
0.2593621544558047
0.2451280398640361
0.23462298830763537
0.22434075704645692
0.2137937985555493
0.20710740303677705
0.1947853699839563
0.18647865876486644
0.17737374165507874
0.1718861964928663
0.1626327120392873
0.16207887243248614
0.15246457579119838
0.150339102974573
0.14150337106201352
0.13918568646946564
0.13367409011702663
0.12496117179616749
0.12462329903993238
0.11530884103144001
0.11124831994132739
0.10938470890599993
0.10351968210477937
0.09618008603216448
0.09393965015753734
0.09039418102894667
0.08879206710730315
0.07931305820641801
0.07164299497454908
0.06632926211465107
0.06401869966775746
0.05961571173696693
0.056621711606775496
0.05401475462086847
0.04816001033862751
0.04216850287638017
0.03872206078534896
0.038095370798327075
0.03341063473993654
0.030686137384985632
0.028903777164066773
0.024210480460181233
0.024776294133039826
0.022404553419461508
0.020942802404169094
0.020058221745656097
0.018357905163982786
0.017538324807200256
0.0172402858652229
0.0144818405961241
0.015616865933169006
0.013208436438209861
0.011957317858841392
0.011937191652128941
0.012405450394649811
0.010927030558694116
0.01110632792326368
0.009784816064858643
0.007690442783215169
0.007070810172164972
0.007614279344230857
0.006383651582786493
0.004492916717367978
0.004064538294660791
0.0037330103325591553
0.0034662252896923173
0.0021253597571651286
0.0019919309856771543
0.002096492755080789
0.000938492078649721
0.0005534646207215769
0.0003182691370564527
0.00014369686846559803
2.8547137798948114e-05
0.00014178412127088762
Gbb RDFs at 20,000 MC steps
0.0
0.0
0.0
0.0
0.0
0.0
0.0
0.0
0.0
0.0
0.0
0.0
0.0
0.0
0.0
0.0
0.0
0.0
0.0
0.0
0.0
0.0
0.0
0.0
0.0
0.0
0.0
0.0
0.0
0.0
0.0
0.0
0.0
0.0
0.0
0.0
0.0
0.0
0.0
0.0
0.0
0.0
0.0
0.0020162541210912693
0.011559947462146244
0.031329362256061394
0.09469452843713361
0.23335587251736578
0.3833266602245294
0.5891045083466593
0.7814365167689129
0.909142337051025
0.9961908719109307
1.0970401808772698
1.034887435679375
1.057798782296462
1.0318419592661936
0.9916488905444696
1.011178640635986
0.9656211357037834
0.978438800399033
0.9502415366175992
0.9054267937809004
0.8995281278769117
0.9033395181278432
0.8694461330396822
0.8748415233640784
0.8987978725169152
0.882233998032047
0.893890516441292
0.9306351213969015
0.9299118607427906
0.9627481517362421
0.9713360314897964
0.9912634699848341
1.00333113230263
1.0450747996031509
1.0377599947699205
1.1062193631476593
1.1339021786302939
1.1316156508680792
1.1478633094023798
1.1628086115634597
1.1176128627843556
1.1151848739565442
1.13413682935254
1.124213488141073
1.1156077106642632
1.1364922648763744
1.1110791612050421
1.1554505940157482
1.1856269141434255
1.19089891125776
1.2566301951839542
1.2746091109781206
1.2933761843062617
1.291292631904991
1.3278197675928765
1.2830377140609834
1.2670124106699745
1.226058284353673
1.1853531470267593
1.1341322921949912
1.0687511213264784
1.0167168040724104
0.9663396791195725
0.8969225506101594
0.8683175839364968
0.8477401548142963
0.7940360475172353
0.7829583914329022
0.7506659458598371
0.7277333349332462
0.7240491133388646
0.7308588914487156
0.7330352044239339
0.7106658718387905
0.7059903979865512
0.7170393996558816
0.732252360548444
0.747301602158296
0.7685642597295432
0.7916631604656523
0.8140829407768809
0.8375703144778386
0.8455125592569561
0.889420706404376
0.9000894680072127
0.9247227553350307
0.957894529668735
0.9887499840517323
0.983845223200942
1.012950428570377
1.035010800789217
1.0525091836450988
1.064946935113256
1.0675572061387046
1.0860564311227294
1.095425476519942
1.1026506672706395
1.1004112895990283
1.1045403178088447
1.1041239226096728
1.0909507601910433
1.0972216890049038
1.0757033889203527
1.0978079637262768
1.1001592835143243
1.0998103374722155
1.1067127787259845
1.1087309931605724
1.1024542667924224
1.0980509424228146
1.1013330497614295
1.08834793622164
1.102797224975478
1.0773251496787783
1.0740960141087004
1.0720773378551176
1.068574924971179
1.047599029090756
1.0456859252169688
1.0130124280683388
0.9992315023341446
0.9807278921024009
0.978012854724904
0.9620796132657594
0.9545248456831996
0.9454237359324463
0.9335929593276445
0.9351424344259938
0.9243120490679325
0.9113184793152079
0.9005901733054851
0.8931379587816407
0.8784053582837906
0.8841161308464259
0.887018973464918
0.8797426888084169
0.8739150938156165
0.8728466084581689
0.8600119872832092
0.8660398554778334
0.8509231828537384
0.8265925723915976
0.8259466616989698
0.8119940233106147
0.8031749919500862
0.7925998722556785
0.7786256140445228
0.7605196550063468
0.7457656240260965
0.7271921344603853
0.7050895127320014
0.6850827664004993
0.6722023882355674
0.6589551713660152
0.6461367374773561
0.6242143171669756
0.6116132380622957
0.6038191996273526
0.5840898123354404
0.5830805629866948
0.5678437668705665
0.5498352624573034
0.5376005364644757
0.5260536404777332
0.5108933935837188
0.49409747831124773
0.48133622978312873
0.4675891007334226
0.46016417440123514
0.44077537591886934
0.4310757415079743
0.41960247847151577
0.40443432543977836
0.38643464991261656
0.3742057013503281
0.3599995242014668
0.35326883855297897
0.3354234048818505
0.3193108337975274
0.3040645903966726
0.293049643257591
0.2840353071055921
0.27349326508912475
0.2614153701826721
0.25074287522948374
0.23810324648524608
0.22714685599865062
0.22194866400335145
0.21225150452442798
0.2030655190259352
0.1884304425420471
0.18673427751391314
0.17613957433358232
0.17069670249027408
0.16461754922383012
0.16004272740808947
0.14944104057630384
0.1428357376470219
0.13873320739388634
0.1304111917498944
0.1272187240285437
0.11692571776915024
0.11192357529757217
0.10814978777598577
0.10032232329127436
0.09257590721939601
0.09099765154451311
0.08396930313966951
0.08040749011823037
0.07544315546697006
0.06814000875618025
0.06234322297632243
0.060628786782124536
0.05748934069576512
0.05558594858957839
0.04969433555852276
0.044760480197077325
0.041381357489354405
0.039800773333643985
0.036784919574159816
0.03357548984556123
0.031176970151214668
0.030311077175800363
0.026574225593867566
0.026091534998064894
0.02395699491624309
0.022974044108921277
0.02132706939507802
0.02022130155280811
0.01918254275787528
0.01856646170100928
0.01657478725570381
0.016086042162920866
0.014722249682387566
0.013344630980585422
0.012904628887672357
0.012242649208368319
0.011686750138958351
0.010560641291195811
0.009322666771893005
0.007563851132462655
0.007023671437683872
0.006646891394758903
0.005748385284499488
0.004446756614107347
0.004217340486189392
0.0033536393638031437
0.002923685679131781
0.00190084992366177
0.0013973247212959142
0.0015649875495673496
0.0007771887526318003
0.00058259433760166
0.0003327359160135642
0.00010058780792591862
4.2820706698422167e-05
7.089206063544381e-05
Gbb RDFs at 30,000 MC steps
0.0
0.0
0.0
0.0
0.0
0.0
0.0
0.0
0.0
0.0
0.0
0.0
0.0
0.0
0.0
0.0
0.0
0.0
0.0
0.0
0.0
0.0
0.0
0.0
0.0
0.0
0.0
0.0
0.0
0.0
0.0
0.0
0.0
0.0
0.0
0.0
0.0
0.0
0.0
0.0
0.0
0.0
0.0
0.0013441694140608462
0.00941921645063768
0.02375298053400733
0.08430361744920797
0.21080941140457682
0.36152011302792947
0.5256092500314687
0.718768665924012
0.8503230016018729
0.9212881461705226
1.008323147213778
0.9690919443198118
0.9810030861578432
0.9537566218082114
0.9316422082617167
0.9364829747896671
0.89736666554615
0.902924821012176
0.8809741068429263
0.8573500744179687
0.8335038566863204
0.8559562269908498
0.8266605692703696
0.8518345142026299
0.8788866152996667
0.8608218672042338
0.8923985047790924
0.9092265048199953
0.9141562647430466
0.9599253164082059
0.9674123926487486
1.0033315566127892
1.0154535082988738
1.0712252122084562
1.0752387785026847
1.1232804578031708
1.1394694002112646
1.1626241962786166
1.181115285171
1.1860411152922707
1.1518447349212138
1.141605428123113
1.1510123121638907
1.139397905781523
1.1274570282184697
1.1494284772545926
1.1346831102332142
1.1548812280463814
1.1799051186577023
1.2093301974529622
1.2422764660115204
1.2766029129394272
1.292214121247586
1.2812317938422026
1.3245643236622542
1.279017843822133
1.2489850280314245
1.2148516306299924
1.1605811344422245
1.1067342836419476
1.0430276439932114
1.0024307489407325
0.9459624086797409
0.8812618201561169
0.8498286924154154
0.8314270716771792
0.7864697587039533
0.7663277733008299
0.7320476299499857
0.720297230709957
0.7135842638687365
0.7124920278816477
0.7174319493247816
0.7099786949233344
0.6997263913238312
0.7128430089122427
0.7163402846036632
0.7376085199612121
0.758369576315726
0.7809562290944042
0.8049384398545008
0.8272866664160677
0.8515686610566193
0.8871688742760474
0.9025668980944408
0.9336572747102485
0.9594365444553656
1.001544986362976
0.9999521308694033
1.023406161378572
1.0514712593787128
1.0754045919327049
1.077831033586722
1.0903099172669806
1.1057662195599522
1.1149621775094032
1.1256552331122271
1.1344286877786702
1.136575311211662
1.1381326179399271
1.1272663765289248
1.1245090941716738
1.1173153558993263
1.133678618699952
1.1402217611428302
1.1268009634783505
1.1291895923203474
1.1234796346172478
1.1243230821637238
1.1278915618551595
1.12468680880525
1.1137979548669885
1.1201366385857667
1.0998786862548526
1.0933391662469085
1.082252884198267
1.0730575238767108
1.0589049425485901
1.0481077360952984
1.027605817775214
1.0109509722547103
0.9940912711532682
0.9853647056165834
0.9665296501017129
0.9599493983988486
0.9405561131725048
0.937311395012022
0.9264654792839515
0.9171052747332585
0.8990946220277043
0.8905347941890137
0.8836430079166782
0.8590944521637925
0.8571168942438013
0.8661359079205239
0.8568842807719248
0.8472055539112849
0.846041837834677
0.8357152459174537
0.8347025520653345
0.8202664300721554
0.8052963435783986
0.7979186093822509
0.7884341180696331
0.7818553903260921
0.7690958117374991
0.762275125446969
0.7436394666665748
0.7285641847814471
0.7136010411412278
0.6997227074997221
0.6858672037618374
0.669307402453849
0.6590869228748358
0.645212924207847
0.6287869611298825
0.618046787274933
0.6098090928368314
0.5948964292312268
0.5881670104510467
0.5739449906862301
0.5552687377647724
0.5444770208346914
0.5314619101307528
0.511385697578461
0.49301502187821356
0.4790084142516991
0.46779001680396065
0.45416512337876613
0.43493592365429984
0.42471423541970127
0.41611961204942016
0.39941358512306036
0.38303392369515776
0.37240443818555546
0.35914707601629237
0.3500220278870584
0.33342668129356
0.32549762161478746
0.31058980212029164
0.2996014626782357
0.2903606610188652
0.28187188820799597
0.269587957541947
0.257721606762723
0.2462957844461536
0.23204861126257387
0.22884266909750214
0.2212535249533486
0.2083591978326593
0.19676573322476867
0.1939655859239557
0.18189546981043808
0.1770558576516497
0.168503193790726
0.16591558151992586
0.1538902743263995
0.14686691866641133
0.14182973607196428
0.13284784088264534
0.12801236638043312
0.11871279205819837
0.11254255937412988
0.10705440575670767
0.0987997714753196
0.0924042796568832
0.0895130318740518
0.08234112693429013
0.07747858512684362
0.07354145068435475
0.06548143352830334
0.06139416603862514
0.05816103410675957
0.054757276085251286
0.05246587234024387
0.047733969199837245
0.043438440697585595
0.03978207797285762
0.038201303003413435
0.03510532716008628
0.03247035006341056
0.02953480126667061
0.028843636137924306
0.02602507268402125
0.024728898065831714
0.023768820189360475
0.022787263262507282
0.020730305432107892
0.0200602672969837
0.019570760885117992
0.018203746942503603
0.017036135712922992
0.01600784612462889
0.015326665959366943
0.013741006158226573
0.0137408881929726
0.013002388077681956
0.012080080134414303
0.010496442863893708
0.009699823091439675
0.008386696862353991
0.007301266207405905
0.00668849947860716
0.0056192661181809905
0.004154409293456691
0.0037996811626778825
0.0028225200075447272
0.002521804486123976
0.0016164708012241823
0.001129751902324356
0.0011712799899277647
0.0006452133040716833
0.0004369457532012449
0.00024111298261852477
7.663832984831895e-05
2.854713779894811e-05
4.7261373756962534e-05
Gbb RDFs at 40,000 MC steps
0.0
0.0
0.0
0.0
0.0
0.0
0.0
0.0
0.0
0.0
0.0
0.0
0.0
0.0
0.0
0.0
0.0
0.0
0.0
0.0
0.0
0.0
0.0
0.0
0.0
0.0
0.0
0.0
0.0
0.0
0.0
0.0
0.0
0.0
0.0
0.0
0.0
0.0
0.0
0.0
0.0
0.0
0.0
0.0010081270605456346
0.008669960596609684
0.026722103100758246
0.08381348013845677
0.20432730383464998
0.34007400462796755
0.4972353471331274
0.6714768792784566
0.7950200394676158
0.8531528124887962
0.9168661049980747
0.8908081547087047
0.8897565869823871
0.8776632572445653
0.8439401341561545
0.8597433976888471
0.8282141102548632
0.8370238175288602
0.8091848046250009
0.8033587247948117
0.7932374619952429
0.8122413196838171
0.8030445190605178
0.8227881651363013
0.8643253454188287
0.8696306552030177
0.90297423450233
0.9273086829646331
0.9430968068688923
0.977749505193806
1.0110040201727897
1.0495798253040989
1.0693720518404501
1.1240693285396752
1.132409804535714
1.1680314339056304
1.1952757659385884
1.2050156254474518
1.2194731305394089
1.2307309850655193
1.1944065652867568
1.1946246525517554
1.1887646809274284
1.1698517284745895
1.1602918193850327
1.1819584506408243
1.152438995656873
1.1832460054293779
1.2039315961619113
1.2284303609697649
1.2496472999108785
1.2835100125910963
1.2988146394208648
1.2838494327046928
1.3175851870164679
1.2694706520048626
1.235860579625924
1.1997415357216592
1.1482568524338057
1.092793176197063
1.0261292981142807
0.9822439319068397
0.930860375540688
0.8698993808768116
0.8300741922485458
0.8050668578662082
0.7691097222211426
0.7474403907040716
0.7180327437980644
0.7111025883257548
0.6997134020710667
0.7038421405503261
0.7081049526412757
0.7003582181069514
0.7007857453917913
0.7198017719799316
0.7189378716282309
0.7448491355783109
0.7634812767316682
0.7884002301928842
0.8099554076857762
0.8396215740646279
0.8652958251358555
0.8999115949081181
0.9184746070755911
0.9512952483044281
0.9807214042970533
1.0193310352956284
1.0218692929022866
1.051598004458405
1.0734383598229316
1.098979597805102
1.102560190334181
1.1164300296422414
1.1264850415349166
1.1309628240211336
1.130262681668568
1.1429330373235806
1.137665729030727
1.1351263244300702
1.1254444195868032
1.1188140665308415
1.1156232427088915
1.1242072645920898
1.127400209450439
1.1097588053911434
1.1142524693620681
1.1033406267398587
1.1035901892124689
1.1137186347881785
1.1053272982265514
1.0939423227347487
1.0979057220459831
1.080752317938228
1.0757622728418044
1.0613449208165717
1.054677201970384
1.0362190594312328
1.0308137308970258
1.010098566427197
0.9918810634868073
0.9839473228116075
0.9777574746412983
0.9532942312648824
0.9575166602728891
0.9373384054891694
0.9362268512707453
0.9267863078774388
0.9250038994040612
0.9029840311646373
0.8927106430314434
0.8885227443949324
0.865976457195866
0.8633972106208736
0.8675621997682723
0.8554739249792191
0.8455542991043916
0.8398220900880611
0.8328518852427289
0.8304130836453457
0.8144372405288809
0.8035777005513686
0.7955839650244406
0.7845155927023414
0.7782860452578215
0.7662025454046776
0.7526123998750572
0.7352168951835467
0.7180733876614742
0.7056557429003565
0.6975827788311549
0.6853349069809295
0.6689413697688041
0.6608985061211183
0.6468051435488242
0.6318479427944637
0.6207682638044507
0.6124560350825694
0.5999395171159271
0.5881359955274836
0.5686576046110786
0.5577269798581701
0.5456113897891942
0.5292001797151978
0.5101253993519209
0.4955163739059008
0.4768013360403643
0.4650632987038025
0.45193324894623615
0.4376913565154753
0.4267510334216483
0.41694886595944297
0.4025583942850774
0.38604121483160736
0.37579188831632204
0.36494105977489966
0.3523581477564403
0.3386146748963233
0.32888912191964026
0.3170379444141041
0.3051942722614025
0.29657666705863756
0.28698659993279946
0.27506251681951993
0.2632873908904648
0.25290096743049284
0.24104321143898477
0.23329504738747445
0.22453238037319714
0.21335878337234312
0.20258955106185678
0.19832133139482352
0.18761696750555967
0.18079252451047945
0.1725203640441222
0.16881847070337797
0.15605946054841463
0.14891549156626474
0.14289825653130106
0.13365525124616046
0.12764771989442988
0.11781925491367432
0.1114276846453299
0.10638112954740618
0.09886897837604479
0.09185507145684232
0.0882395278448029
0.08169931473714888
0.07714011898939506
0.07275018191116864
0.06606196608426654
0.061302532954985396
0.058612373082911846
0.0554499575607943
0.05239234595322063
0.04823833530182915
0.04445829974005064
0.041362615932520455
0.038712761539242975
0.03612969396207619
0.03319998654941611
0.03056797394126383
0.02893986177975225
0.02659213275397125
0.025371707227341715
0.023533601780757203
0.022474989034908886
0.02017989206820341
0.018944529953057426
0.018077833822265497
0.016815229507599064
0.01582368946254819
0.01489634529462151
0.014273096302246926
0.012766583846525409
0.01236351992541926
0.012096128140714974
0.010902784189111213
0.009597664881664277
0.00880474084012117
0.007658794870527041
0.006701556752063024
0.006116388325693639
0.005523717935105303
0.004262116201064828
0.00394229654143791
0.0029363312981715312
0.0026524158738515124
0.0016688564290416328
0.0012412405768958386
0.001240178812864692
0.0007258649670806436
0.0005170524746214732
0.00030380235809934124
0.00010777265134919853
2.1410353349211083e-05
3.5446030317721904e-05
Gbb RDFs at 50,000 MC steps
0.0
0.0
0.0
0.0
0.0
0.0
0.0
0.0
0.0
0.0
0.0
0.0
0.0
0.0
0.0
0.0
0.0
0.0
0.0
0.0
0.0
0.0
0.0
0.0
0.0
0.0
0.0
0.0
0.0
0.0
0.0
0.0
0.0
0.0
0.0
0.0
0.0
0.0
0.0
0.0
0.0
0.0
0.0
0.0008065016484365078
0.007706631641430829
0.027274974199394626
0.08540152502529068
0.200212574681566
0.3306665520357154
0.48249475855423307
0.6319313044349499
0.7564678011243128
0.8183622651325737
0.8648355642201372
0.8378434977812994
0.8391374883447812
0.8280232927177053
0.7908572998291037
0.8024023964943846
0.7806874449819426
0.7885883172534252
0.7608657286122802
0.756117650441123
0.7521720474617319
0.7743958265047217
0.7704958707796598
0.7849991525886222
0.8301319480948156
0.8411985979392506
0.8899410738060582
0.9235216607494354
0.9495151391340514
0.9816692136778791
1.0246347415065895
1.0795285390181577
1.102883356281601
1.154124193331756
1.1748434105246743
1.2010735458533803
1.2188593214550871
1.2404988217146993
1.2453981834323333
1.2476788785363224
1.2223514470524761
1.2232300974898518
1.2202539839053097
1.192271407804164
1.1762053421190464
1.1915388254983332
1.1636641023583871
1.192438677807517
1.2128788639701173
1.2322206657921653
1.2562228596263583
1.289021450869851
1.3053407855583887
1.2832894856088903
1.308046290348521
1.2726559622267344
1.2373892674173643
1.1990363979592702
1.1464915379157385
1.0922726543850834
1.0289074336662731
0.977632020630635
0.9233531605805181
0.8659524282850529
0.83067948334001
0.8018690614366807
0.7679853858460849
0.747482054048035
0.7189125103740245
0.7094043429017874
0.7015793044765894
0.701795270015475
0.7062840432376477
0.7042938677136535
0.7062483276726631
0.7249914091657702
0.7236313402977643
0.750664984896561
0.7699254653459233
0.7931717360203347
0.8180353664035145
0.8476789217215366
0.8783770050231277
0.9134066923924773
0.9368128053633696
0.9686251350236004
1.002168049296683
1.0367237748187137
1.0510529502668777
1.0787708361652455
1.1011475913415782
1.113068358769799
1.122662154726653
1.137508141231476
1.1405576959412886
1.1466363854936743
1.1404513515967027
1.1522878218229824
1.1401493408788106
1.1344248559444374
1.1247218129351821
1.1124003081289195
1.1036743203333605
1.1149926938072774
1.1158023560046768
1.0989106499386776
1.1055405702195442
1.097141705356038
1.0927241215748535
1.099264983506623
1.0926320652671373
1.0799403724905108
1.081327208891394
1.0593065529207633
1.059679030854888
1.0437174320768468
1.0342905421152613
1.0189343419570507
1.0106070511390444
0.9903083887685996
0.9721799843497043
0.9657540143804559
0.9608234534611163
0.9387100383767424
0.9400281440804314
0.9243167680384178
0.9225261864574732
0.9163914614484509
0.9147126256541469
0.8995049333212711
0.8892504096295987
0.8847178029412751
0.8670004995446384
0.8622500152349859
0.8632187374243738
0.852073104784733
0.8386427122513149
0.83399790788851
0.8306705835152417
0.823348825564949
0.8099879196118331
0.7978090378693371
0.7928969680089344
0.7858063293629827
0.7756090364566187
0.7688905986202846
0.7550029947783097
0.7383359334442519
0.7219194352667799
0.7087823807826172
0.698255327841276
0.6893187281517245
0.6702657425746936
0.6659511764843868
0.6511383712023913
0.6355566260274378
0.6252003827239514
0.6164232847751855
0.6028275463269169
0.5911320371436812
0.5720695809496033
0.5601872493677275
0.5480507849745407
0.5324600540152442
0.5139062940315414
0.5002938100008875
0.4802409008152278
0.46862812384106184
0.45393767120729805
0.44049373031125344
0.42788382792684077
0.4188395648742948
0.4045329145223613
0.38750913468557957
0.3778673736345379
0.3664568192041629
0.3537070260087049
0.3407648584634518
0.3284769574239932
0.3166937009609684
0.30606501924658147
0.29702583447747904
0.2867339906984694
0.2741031261295181
0.26195799167937955
0.25337595600404395
0.24157202148962478
0.2328258720407892
0.22530364310766093
0.2145328036943677
0.2036112462071083
0.19977838607445894
0.1895180182427363
0.18261613920872374
0.1750208552383316
0.16907559439228448
0.15909927756073083
0.15173658533783382
0.1457985263495008
0.1366311351574018
0.12923071463954985
0.1190872266711418
0.11374676475943306
0.10832979322883529
0.10063790675858135
0.09325555236694663
0.0909894793261436
0.08364096553144777
0.07989677487716934
0.07431809095921303
0.06813605057966234
0.06358812386977089
0.06087815968405614
0.057210979395825985
0.05377528138914491
0.04948497604448838
0.04556125840819804
0.042378408312920376
0.039146106407782176
0.03706915829038764
0.03372569116401928
0.030722495367669262
0.02936566024484087
0.02654557413770167
0.024925591744745373
0.023152547958819908
0.021622217732999997
0.01946725160756918
0.01821297433374082
0.016942295800080557
0.01595491543976841
0.014731643907106195
0.013914426470926548
0.013428022535167509
0.012043199147330307
0.011471509999765667
0.01116816137891046
0.00998303856959983
0.008846543282229682
0.008184823340246578
0.007171417015129866
0.006266309103687535
0.005635814957246281
0.005261864265811391
0.004289812263021206
0.0037405976486201567
0.0029135690400461703
0.0027368109243831517
0.0016823270190518343
0.0013438101575016027
0.0012283675860755045
0.0007625248139028983
0.0005418127339695438
0.0002719754443936959
0.00011495749477247843
1.7128282679368868e-05
2.835682425417752e-05
Gaa RDFs at 10,000 MC steps
0.0
0.0
0.0
0.0
0.0
0.0
0.0
0.0
0.0
0.0
0.0
0.0
0.0
0.0
0.0
0.0
0.0
0.0
0.0
0.0
0.0
0.0
0.0
0.0
0.0
0.0
0.0
0.0
0.0
0.0
0.0
0.0
0.0
0.0
0.0
0.0
0.0
0.0
0.0
0.0
0.0
0.0
0.0
0.0
0.0
0.0
0.0
0.0
0.0
0.0
0.0003086436424843514
0.005876129655803177
0.04574936363349536
0.21444568187300955
0.6275776531230675
1.3286475690361679
2.2119104586066314
3.004035455249453
3.5809041323791915
3.8248492087626045
3.811280243216872
3.5194855039435677
3.1612043003384462
2.749935689495156
2.371081820236671
2.010345782787437
1.699156328789731
1.4586670015009588
1.248672232817401
1.0687474270040402
0.9349758731510105
0.8211509327195867
0.738754445536254
0.6631885115296601
0.6171123306786328
0.572841741352811
0.533807218791438
0.511575999820048
0.4965561061349787
0.48924906212604347
0.4782140726581081
0.48349699579881134
0.48998076559277554
0.5020908800956209
0.5141994208177334
0.5400359584091943
0.5529330986525011
0.5789822506726805
0.6075183859546233
0.631988557950867
0.6709386117525469
0.7077998366884537
0.747555439061584
0.7957938416300938
0.8492025441870813
0.8888017346060629
0.9433050975411609
0.983771507950636
1.0300022277558796
1.074010130965879
1.1155724823698692
1.1686214290053842
1.2070509580514694
1.248369455018164
1.2694690960533206
1.3232112488336163
1.2944400457812908
1.3036001098966297
1.2871569036009027
1.2791032577630572
1.2618072961362319
1.2531541161664987
1.2483021456338375
1.2360202252291852
1.2336174819400048
1.2394319658092414
1.2287661311177236
1.2270053258555778
1.222908915782314
1.1964312098154828
1.1817625032028582
1.1599903343900142
1.109320937068494
1.0719934388865044
1.0299890048256504
0.9923503939538555
0.9456059795392974
0.9134190803509055
0.8850330796990697
0.8643769512185336
0.8437484184174334
0.8261941191367812
0.8179042016320061
0.8078522135556161
0.8124013576764908
0.8237597137699345
0.8117004427456722
0.8176062977983561
0.818776567528294
0.8386784434543151
0.8485462263475173
0.859436102319921
0.8770237611936482
0.8989398693020003
0.9136833657204716
0.9375085236580812
0.958326357253243
0.9722217604970386
0.993859791069503
1.0156861042549448
1.0356718714399962
1.0511336013775539
1.0636786377369618
1.0850222310802693
1.0989790525087288
1.1236539716918754
1.131052799697086
1.1530241037938214
1.1598707775501875
1.1726809295443914
1.1718946090909492
1.1984284316511367
1.1638414270331414
1.1562854083767173
1.1377263785582448
1.1189898437249577
1.103323098519045
1.0805821340822919
1.0628816676220108
1.0457142391904977
1.0306569404795878
1.0122604259788222
0.9872416861647386
0.9524542945894358
0.9288768225825895
0.914743629057385
0.8960744045623056
0.877791625158286
0.8673367412578012
0.8472437071094673
0.8295370948161086
0.808359396258673
0.7961075562536196
0.7604075898195347
0.7441445664877181
0.7228068324607007
0.707268804146426
0.692454612079866
0.6815117657723957
0.6676744318108172
0.6552996359431325
0.6451080655481318
0.6380194733220995
0.6237392430900491
0.6132804040222388
0.6061575092448582
0.6019199463326708
0.5977328740858215
0.5992529288612961
0.5960648745959705
0.5930592624308708
0.5929375240379485
0.5969585593561451
0.5864150250754553
0.5799937684298518
0.5742099630945116
0.5638331524239956
0.5539107603721899
0.5444891154339323
0.5296369348253299
0.5185732861856456
0.5096444249011546
0.4888464592343371
0.47220361233496794
0.456273426202359
0.4382992028561577
0.42340437690700866
0.4053100001067344
0.38833625458667825
0.3762451214614175
0.34858817780764134
0.32938475528098426
0.311443436145482
0.2920507253066214
0.2759640487913731
0.261509714879573
0.24722874397099082
0.23710595866734835
0.2265746226783415
0.21653127523587504
0.2080696553629191
0.200747540019381
0.19290563117218598
0.18685644826234135
0.18040794127144363
0.17571120947440605
0.17137157365331712
0.16631437745208372
0.1588089550694918
0.15481784320211087
0.1493034045007504
0.14487084163199454
0.1390819618315235
0.13390349991974732
0.12635055044012405
0.1236098142333581
0.1207668040980322
0.11741049269199212
0.11340566209610164
0.10933215909297463
0.10528734305838594
0.10190807618858123
0.09535412344546271
0.08808688211699746
0.08201715659104268
0.07566818778891159
0.06847755871502956
0.06156707642984871
0.05636094709291869
0.04866383108687911
0.04402696336997797
0.039687380284945874
0.0348459199414624
0.03106297773705285
0.02749815872392049
0.024814633310085453
0.022589475325253978
0.020520038764943026
0.019076900822137297
0.017062840326654397
0.016033269452959714
0.014469496507675024
0.013521824437112428
0.012654947193714149
0.011904784702810431
0.01091626237303589
0.01001583358873962
0.00943064264185385
0.00850650328015129
0.008250267485122507
0.007167103381172188
0.0068818453183322765
0.006416984408615192
0.005864479842476001
0.005582145942747214
0.005181938830415755
0.004547431219875872
0.004070171086692522
0.003650476170470772
0.00299228176817966
0.002755320171167124
0.002217690238667004
0.0018805418837787374
0.0015004129518973027
0.0011308403848615534
0.0007932709859902962
0.00039933680100134086
0.0001921027956070635
1.7668317766820714e-05
0.0001439143412392502
Gaa RDFs at 20,000 MC steps
0.0
0.0
0.0
0.0
0.0
0.0
0.0
0.0
0.0
0.0
0.0
0.0
0.0
0.0
0.0
0.0
0.0
0.0
0.0
0.0
0.0
0.0
0.0
0.0
0.0
0.0
0.0
0.0
0.0
0.0
0.0
0.0
0.0
0.0
0.0
0.0
0.0
0.0
0.0
0.0
0.0
0.0
0.0
0.0
0.0
0.0
0.0
0.0
0.0
0.0
0.0003395080067327865
0.005223226360713935
0.04086600459396496
0.19835813071941755
0.5898148731340306
1.272863485426406
2.129456346578667
2.930566549899246
3.5183895365040128
3.777669472548024
3.778378032687493
3.5235020411266915
3.201364168840323
2.7911636423616857
2.4164525049232934
2.0617538621070786
1.7578228061282635
1.5048452815186302
1.290291285555592
1.1152232086247942
0.9704345773751564
0.8563945854045626
0.7626248458075747
0.6883371047913744
0.6281742330072935
0.5794008925229629
0.545360847115915
0.5111042113172936
0.4929795328541793
0.4815773020641953
0.470428062483512
0.46815070634882455
0.471604173907378
0.4804036790194036
0.491931115568359
0.5095207072601002
0.5251496832502702
0.5521283967278505
0.5864135288743136
0.6176220549853515
0.6579834572140373
0.7045092312099861
0.7471506588583018
0.803285021891637
0.8540680241795175
0.9051568188642682
0.9586044956177349
1.0023605748250504
1.045270774776442
1.0901738705372095
1.128758660399083
1.1721054721798865
1.1983151786641688
1.2280889256474452
1.2517949331425293
1.282921706736146
1.2750014456792471
1.276865498005769
1.2673852470953348
1.2638597385807153
1.2518280503515502
1.245398117498795
1.2488307920644388
1.2435114050247766
1.2442805826375676
1.2508139985150246
1.249348993247033
1.2505746104610727
1.2399384501931954
1.2209489656999517
1.1996408907823912
1.1726327723018253
1.1281047612615407
1.088678342399537
1.0483925475695473
1.0062538144932263
0.9622270565628998
0.9264587935822378
0.8945670947126869
0.8668974522166134
0.8421723120866728
0.8239090233923451
0.8096231143824429
0.7960642632954914
0.7952794381954991
0.7996013430318756
0.7925882888391611
0.7970766274936221
0.8030068747020244
0.8186887216993994
0.8320459853505999
0.8502328567728743
0.8666080138065659
0.8890969039430997
0.9066979497173357
0.9314219165874063
0.9569693596788885
0.9763969326537738
1.0022908015225556
1.02473020304871
1.0454615071728932
1.0656231265515184
1.0837461940209454
1.0995475448545142
1.1176829460293474
1.1339081898612422
1.1397912280365845
1.1562702445056645
1.1613935344586526
1.1657378148716202
1.1630912977241006
1.1752266563415605
1.1485911856589233
1.1392895251891733
1.1262829675519497
1.108330909095253
1.0930161257938158
1.0748503247282928
1.0622966948484631
1.0469608331404863
1.03434215179957
1.0220741923231125
1.0039732061965494
0.9725262224979926
0.9503272357764891
0.9327864137794695
0.9099867357869487
0.8881073868868344
0.8706866763763074
0.8499774290626613
0.8294573664802154
0.8074203381309362
0.791950429197993
0.7620533014186597
0.745439503087284
0.7272286137465704
0.710957587713846
0.6957324825372141
0.6815605021488325
0.6693666335880921
0.6564622300449918
0.648321263931514
0.638280747776816
0.6283243244163205
0.6190752155373229
0.6126819754429519
0.6078787222184219
0.6030442255439274
0.5998422531737743
0.5971743825878226
0.5908936548865185
0.5869955086866095
0.5830935246786051
0.5739214073292591
0.5669745603394359
0.5599844435974676
0.5488516502859127
0.5394206628537898
0.5284338296551
0.5162346023928849
0.5043369379115008
0.4947118136889926
0.47799532918515064
0.46476774289561107
0.44950379587531714
0.43421943882323
0.41928160596983155
0.4030037934275823
0.38783174192660286
0.3745378571062954
0.35277481060692495
0.3358712463654299
0.32079573855518456
0.3045845636817286
0.28964683541861974
0.2762989500780449
0.2642505378146356
0.25205150302100665
0.2419896570577815
0.23216645690390636
0.22314723103564113
0.21421021837154922
0.2062775054064185
0.19856204583404968
0.19122520337681442
0.18428799206962934
0.17749339431317265
0.1711804475492092
0.16337691624727183
0.15679529814772453
0.14987225714026653
0.1435711339695052
0.1356593242898685
0.12857332709120803
0.12108363989842356
0.11612630478174743
0.11141755899832077
0.10649184372182842
0.10196159193268559
0.09780261354095594
0.09393371113304638
0.08975228075311827
0.0849525064111511
0.07873483182132103
0.07436450671174864
0.06955362329457543
0.06394078286333846
0.05839030930697888
0.0537800242345693
0.048479144179891055
0.04420791516378439
0.04043098628483203
0.036535439859945965
0.033185236653978496
0.03009045650214933
0.02755270733026048
0.02558079089305206
0.023052317591838
0.021615465062720468
0.01948072630028028
0.01819126318099495
0.01639057578570509
0.015515752923017764
0.01424076171399747
0.013206413497098059
0.011897336304718575
0.01108351650727611
0.010145147216605187
0.009093088688875633
0.00843465914972649
0.0074052064806583665
0.00675370472276864
0.006091499493945193
0.005467834161747414
0.0048663864629803245
0.004348540915647064
0.003656548975408414
0.0032169017152193116
0.0027813602117498807
0.00229633676183279
0.002030579557424113
0.001575727274842345
0.0013073630219420673
0.001034389440650272
0.0007696249168239143
0.0005066116978710755
0.0002578677100636461
0.00011205996410412038
1.1484406548433465e-05
7.19571706196251e-05
Gaa RDFs at 30,000 MC steps
0.0
0.0
0.0
0.0
0.0
0.0
0.0
0.0
0.0
0.0
0.0
0.0
0.0
0.0
0.0
0.0
0.0
0.0
0.0
0.0
0.0
0.0
0.0
0.0
0.0
0.0
0.0
0.0
0.0
0.0
0.0
0.0
0.0
0.0
0.0
0.0
0.0
0.0
0.0
0.0
0.0
0.0
0.0
0.0
0.0
0.0
0.0
0.0
0.0
0.0
0.0002880673996520613
0.004748387600649033
0.03994264040910248
0.19130894163844187
0.574418258977097
1.244285748289324
2.090152562316533
2.9011885106244057
3.4954046507505434
3.7574665254979225
3.7689302955463777
3.538617817503248
3.208181741432631
2.8116084384328084
2.4288137145404436
2.0833420752879412
1.778636115442945
1.5220692789662984
1.3093981380621618
1.1339308514370754
0.9859916417414741
0.8683374978551144
0.7695034345934132
0.6948452382349236
0.6368630263748482
0.5819186859896809
0.5452487630227402
0.5149309402840795
0.4932179710728992
0.4812617967802665
0.4696871161174428
0.46467063401795233
0.46631131458620106
0.47603462809983255
0.4842731703307854
0.5021413428326084
0.5192549563423879
0.5462408366107987
0.5788224802800309
0.6107368773215316
0.656644373485774
0.7013753212304931
0.7469728008901929
0.802918866446161
0.8542325573193583
0.9068570571750157
0.9601879692308166
1.00337352026572
1.0486024874808932
1.089784287045328
1.1290496083776629
1.1690289194351506
1.1959876353854482
1.2230334893405415
1.240867514311877
1.268053873256025
1.2624980976426476
1.2644483776294535
1.2567605726998838
1.2563014389459455
1.24419964325947
1.242112106634682
1.2436583495375737
1.2439431967911347
1.2452492276709046
1.2556071579592953
1.256403268057764
1.2571767467874302
1.2484700339237291
1.2323589824897112
1.2075049238070654
1.1811303817010057
1.1378839596895134
1.0985509747597075
1.0592532107635175
1.016465648654063
0.9724633576241949
0.9335814887784093
0.9023404949537894
0.8731916642062312
0.8460255300077208
0.8270802386020871
0.8123834767989639
0.7976527731407113
0.7941292745234597
0.7964359605305562
0.7921207648856566
0.7963785659670026
0.8028003326240674
0.8174186341577071
0.8312059537483726
0.8456921696277062
0.8621024051799993
0.8847838375690052
0.9042588972866673
0.9288923370656699
0.9524924902038556
0.9741368885689321
0.9971032195898278
1.0200226697980612
1.0403309549706685
1.0632076341102887
1.080058059906573
1.0964473858888981
1.114651367613159
1.12767536137819
1.1338081310308106
1.1472637641663532
1.155440369590168
1.156583464628674
1.1555978392344668
1.1626278428670056
1.1442947272472657
1.136778814332524
1.123246129450635
1.110387593974374
1.0960788772849859
1.0787790783742628
1.0694651526753338
1.054728072367339
1.0411231933491722
1.0287746012870216
1.01357652554656
0.9835244675192784
0.9596642919895966
0.9379675382685968
0.9149139144807471
0.8919623688067062
0.8714459291244053
0.8494684698071514
0.8290249006582493
0.8075055622358284
0.7892916640259748
0.7656034254932871
0.7468130608375378
0.7291188699644824
0.7135389818585722
0.6993611269278392
0.6851714245848258
0.6722585742765439
0.659420771751962
0.6520038139380313
0.6417636991121818
0.6316466338413324
0.6229626983071669
0.6158398610186285
0.6120639315558993
0.6046007690183521
0.6010082496383498
0.5962494629725116
0.5888455305724203
0.5834471012592902
0.5782133447217267
0.5684605578260152
0.5607689323107963
0.553489266238012
0.5409166473463398
0.5320933463191256
0.521488670696526
0.5077391054395204
0.49579702381077234
0.484590156878675
0.4697879818253243
0.45733302469784576
0.44211485643066356
0.4287554590472372
0.4152528778727694
0.39958497236690566
0.3856323305261434
0.3734209195648743
0.3555777715194642
0.3402367527321814
0.326521811049485
0.3123290491817948
0.29896599850557104
0.2864566810150736
0.27422876021381565
0.26208566602063205
0.25136631969791096
0.24106654470359562
0.2310344263803414
0.22117998668275246
0.2126297402644315
0.2039749944233679
0.1952517957153625
0.1874004998027627
0.17987081861234105
0.1720116938223727
0.16444660240008127
0.15656063833113887
0.1490248753774148
0.14193131589066343
0.133669813039935
0.1262815076575007
0.11880482327071451
0.1131503146356619
0.10809559961759563
0.10280432071433011
0.0982675715123715
0.09388524875480175
0.08981800388003133
0.08570366747676972
0.0809165555405084
0.07547376106333946
0.07124649040128724
0.067025884117235
0.06170828715150944
0.05669983233277609
0.052533343864074954
0.047688185485406334
0.04399293824635625
0.04041640577503034
0.03688156868705924
0.03370899927129669
0.03055175949219873
0.028143053360167713
0.02596463390588918
0.023546599644930156
0.021907718408267177
0.020020081411384935
0.018620136643728444
0.016733358691901668
0.015725286786590662
0.014461393727547175
0.013424396275381648
0.012111665352513947
0.011210842242659278
0.010281778754266268
0.009384689970490617
0.008609646503567431
0.0076466443574482726
0.0068738986147314305
0.006163171929700809
0.005589602753444339
0.004913066429052078
0.004382984166662996
0.0036587865698509223
0.0031857929360510177
0.0027627610671853054
0.0022290276406611406
0.0019363726050585478
0.001510573746527288
0.0012150533176013302
0.0009180358581036277
0.0006667662408332968
0.00042127497059030124
0.00021608359037740714
9.130811889965362e-05
1.0012046734531738e-05
4.797144707975007e-05
Gaa RDFs at 40,000 MC steps
0.0
0.0
0.0
0.0
0.0
0.0
0.0
0.0
0.0
0.0
0.0
0.0
0.0
0.0
0.0
0.0
0.0
0.0
0.0
0.0
0.0
0.0
0.0
0.0
0.0
0.0
0.0
0.0
0.0
0.0
0.0
0.0
0.0
0.0
0.0
0.0
0.0
0.0
0.0
0.0
0.0
0.0
0.0
0.0
0.0
0.0
0.0
0.0
0.0
0.0
0.000324075824608569
0.004451613375608468
0.03945240066146932
0.18902185103284574
0.5701914776379731
1.235452629537862
2.0745074863351505
2.888213606730737
3.4831877009679713
3.753557114430818
3.758152850332669
3.540379821725205
3.2138070784238204
2.822699512558598
2.436962022104402
2.090219113736066
1.785749900468117
1.5265696313585935
1.3161333455085074
1.1387136852048494
0.9881480926385359
0.8703211401680229
0.772628250689157
0.6956587549153672
0.638761040812864
0.5811546024147719
0.5444933162347407
0.5135679957205667
0.48967758930744126
0.47924214782459057
0.46834490999530104
0.46305502722643505
0.46295942734675216
0.472862268129808
0.4798489063835499
0.49885006015750605
0.5150083684271916
0.5424180349166362
0.5771072918950915
0.6116327365465815
0.6573924023148398
0.7061075252995275
0.7509776716893332
0.809128502648538
0.860969601777484
0.9133775142499887
0.9660893668866886
1.0100197671897868
1.0563773852287004
1.0945745738587696
1.1346269772170485
1.1697369340568695
1.1941083689506444
1.218679788741936
1.237818504967968
1.2587493958902352
1.2553858786715972
1.2557196119891634
1.2504720224991783
1.248475075702241
1.2404853611021007
1.2379017073579284
1.2408451212774712
1.2401079897342835
1.2449350184348842
1.2569711530658205
1.258289112145971
1.258733208978359
1.2505692968061761
1.2353465327795903
1.2109273683265354
1.1844114080450523
1.1418923295082382
1.1038330653089152
1.0648155766075615
1.0201847220250368
0.9743940391074043
0.936046105946901
0.9018653832056109
0.8725415908575646
0.8466464203804446
0.8246942405555228
0.8093339264411344
0.7941209519000418
0.7900623653981144
0.7916250078485288
0.7874469335552919
0.7922928937316792
0.8003662821093351
0.8150099171797524
0.8306244445300583
0.845930015144834
0.8644120625989806
0.8872410749404799
0.9066187841824918
0.9317844359456169
0.9561918367443935
0.9801759337956368
1.0016322403758207
1.0250471691279306
1.0462260509645998
1.068637633682386
1.0857735959798096
1.1004846079901343
1.1171718205893446
1.129072430784863
1.1371333831536257
1.1453053967737246
1.1518747371584124
1.1520635299802158
1.1500207790251435
1.153892974023221
1.1367302180224856
1.1296078786332748
1.116776849817183
1.1035805130470184
1.0910839233311385
1.075035493312416
1.0658980201225787
1.0521335130912084
1.038889772969232
1.0289534632224848
1.0153506398181809
0.9853993466634203
0.9623927700718045
0.9410219483073615
0.9177337767485824
0.8951302995094911
0.8746690476233809
0.8522201071261395
0.8320183372695122
0.8103307014886553
0.790929463371938
0.7673831628476437
0.7487069056144031
0.7307571174369243
0.7156206174933978
0.699805191800818
0.6864574003358038
0.6725340319924473
0.6613707196951925
0.6530627169902259
0.6429921846919457
0.6323491470660896
0.6235883021356057
0.6169276153000762
0.6117877036624615
0.6043760993898052
0.5993997605120321
0.5943917128114662
0.5869139104616574
0.5814761228121358
0.575701270969176
0.5664286580282542
0.5578769251934153
0.5502920036885803
0.538245906011103
0.529148159957513
0.5193043889314197
0.5057080414117211
0.49438535031083225
0.48274425667109094
0.46858142913203715
0.45591584629873627
0.44178039529117996
0.42868201086495217
0.41592209344037223
0.40112688063242824
0.3870774460377646
0.3744161430446145
0.35805747991244025
0.3430034986820025
0.3301981255493662
0.31540630557776184
0.30203490339343086
0.28941793357260726
0.2772247841407452
0.26477810474599006
0.25386865592260277
0.24336977743290622
0.2330098055913364
0.22271582281595312
0.2135888612302322
0.2044466062314699
0.1957434894474248
0.1878568022360515
0.1797021753535504
0.17181609278271667
0.16417814300338654
0.15599731754337037
0.14860186494172992
0.141528447004627
0.1329367412786341
0.1258153111382092
0.11818288891758204
0.11206783957740535
0.10690681056584256
0.10127088682342014
0.09648302058468354
0.0922806212810672
0.08808943192189214
0.08394940666266333
0.07920414689640273
0.07404227063170263
0.06970206566650304
0.06553532588235393
0.06047479139647423
0.055855780978381314
0.0518269570966673
0.04745459940789717
0.04372305715217488
0.04060249912381506
0.037238549738124904
0.034167008140120386
0.031147515426908873
0.02882403574460358
0.026607081450955365
0.024157301988717236
0.022489495460392223
0.020552030775820036
0.018848558379314758
0.01703396114702422
0.01589736603036807
0.01460064795549508
0.013583008344883523
0.012199125431694961
0.011364594074065369
0.010413980840581727
0.009522371782111613
0.008699155389937123
0.007736349866918555
0.007002039210295065
0.0062108439626575255
0.005607394679040805
0.004923277671630274
0.00432439844998169
0.0036810026861015467
0.0031692862369004943
0.002713741287866808
0.0022005386637931395
0.001851493073719276
0.0014488168476504573
0.001163378283776034
0.0008680830111464298
0.0006126141731794129
0.0003885224942747928
0.00019922071350403215
8.404497307809028e-05
1.1042698604262947e-05
3.597858530981255e-05
Gaa RDFs at 50,000 MC steps
0.0
0.0
0.0
0.0
0.0
0.0
0.0
0.0
0.0
0.0
0.0
0.0
0.0
0.0
0.0
0.0
0.0
0.0
0.0
0.0
0.0
0.0
0.0
0.0
0.0
0.0
0.0
0.0
0.0
0.0
0.0
0.0
0.0
0.0
0.0
0.0
0.0
0.0
0.0
0.0
0.0
0.0
0.0
0.0
0.0
0.0
0.0
0.0
0.0
1.2849585137520187e-05
0.0002592606596868552
0.004392258530600356
0.03913541068872787
0.1845365867710494
0.5623341693806052
1.2172736111778144
2.0552377828214383
2.8649730541050493
3.466050237617494
3.7517806483971015
3.75617656722963
3.5451663686273727
3.2213171551878195
2.8338751768654578
2.4503651051035695
2.1093164262856074
1.8038233049248964
1.5415978714586203
1.3261329897395575
1.1473716735551671
0.9964038418623175
0.8738824581523108
0.7768272847143002
0.6958437996050681
0.6381866728073373
0.5782879081349329
0.5410164676644529
0.5102812024847109
0.4842986785626391
0.47239609830186674
0.4619326872633677
0.45708952752827037
0.4573122972523659
0.4668223656957756
0.4747867253090387
0.4929257513423221
0.5119133737996503
0.5398364871656611
0.5737827744083457
0.611525626503952
0.6575874984848188
0.7094658232335522
0.7559675076497937
0.8148783436521695
0.8670391117825411
0.9204900340057602
0.9724466471592804
1.0161603694143149
1.0599422096499729
1.0968794770076769
1.1337369881325707
1.1675150924885687
1.191239646885981
1.2153592194583756
1.2340256238408642
1.2517890716261786
1.2495112713933467
1.2492590312557925
1.2451102060122607
1.2466966651309677
1.238385722631771
1.236644285859638
1.239846290492123
1.2395177385366865
1.2446624369193044
1.2567699465778643
1.258917211319993
1.2606842029773917
1.2524140696088824
1.2366495897694931
1.2138200025328538
1.1870966597246762
1.1467480083843908
1.108026224635961
1.0695606843172463
1.0243112692354457
0.9794502110732405
0.9402790496182084
0.9050335363946358
0.8738262484426191
0.8468192836554314
0.8250433776941649
0.8072567051510843
0.7919894926285783
0.7867624254402024
0.786274153808037
0.7833853896194565
0.788292709746932
0.796868881850207
0.8110584887737675
0.8276533644027495
0.8438240012022655
0.8635216654367875
0.8853072667171525
0.9084931224646069
0.9332177817157729
0.9579684032984944
0.982983140101019
1.0051463512102956
1.0308004556503196
1.0509780381499612
1.0732811406848826
1.090728715291625
1.1064333720742645
1.1211981700231735
1.1314224371646935
1.1379676957674298
1.1452435201912405
1.1503118747182017
1.1502401888587077
1.1472221143667276
1.1473579682668014
1.1329903914337258
1.1245656488393818
1.1119202359340845
1.0993525743500054
1.0870988444826923
1.072271992473606
1.062383747668792
1.0492134695046198
1.0375551361877338
1.0279656636158097
1.014266066978174
0.9854835462567837
0.9625367551302403
0.9407354615981057
0.9185494143292788
0.8955710116356513
0.8751967365181544
0.8528059395876014
0.8328566928014803
0.8121070267104354
0.7918554226558463
0.7693860686688515
0.7502131943661124
0.7319349628503201
0.7166152312221591
0.701019168140964
0.6872706332353457
0.6739233033479356
0.6624921024389634
0.6537607344346319
0.6437862041323766
0.6340900484169769
0.6244821804217385
0.6180654838526163
0.612462678241925
0.6053891307089423
0.5997939086030557
0.5952658706232286
0.5872845700531095
0.5819065069583014
0.5758103023923635
0.5668122290097211
0.5579764938081302
0.5498998326584208
0.5381430881612889
0.5288443176401324
0.5182465905833884
0.5049291530167779
0.4934139957767291
0.4817092152010233
0.46811199791561214
0.45550139932580425
0.4410726378824619
0.4277172407413367
0.41483505896883055
0.399963460928198
0.3864738444532757
0.3730351377246292
0.357633635957741
0.34296675847773983
0.33001575406239014
0.3160670345733216
0.30230884024703425
0.2899544574285618
0.2779606460775951
0.2657578462411184
0.25474652140124804
0.2441234404146677
0.23382524212963518
0.22329363403826852
0.214270924378584
0.20481561840948279
0.19624921112293464
0.18791882530396664
0.17947939737413543
0.17154746115274921
0.16375414321396764
0.15568292828033076
0.14806499325204306
0.14087157502193376
0.13267090795216846
0.12529556950374515
0.11777180654980232
0.11163933356500161
0.1064681720192495
0.10090697469109693
0.09617097910818496
0.09188787321696794
0.08750287150997203
0.0834578485958116
0.07874215460035058
0.07382864946974245
0.06960666579108227
0.06547780966733129
0.06065927737651928
0.05610626597947456
0.05223524000981376
0.0478516762579215
0.04418332427898505
0.040785522891588905
0.03758981909237351
0.03443455787537384
0.03147301531720471
0.02906467805755126
0.026806798036845395
0.024419000135076193
0.022711032959065052
0.020691728445923298
0.019057472826964034
0.01721218690105602
0.015995949416433564
0.014662733593648176
0.013628450441634334
0.012342449340107803
0.011329588076736303
0.010358374189842855
0.009488069728798667
0.008667818883001692
0.007702935398335201
0.006987536476223522
0.006241814345447339
0.005574977464146692
0.004896728440926964
0.004313582625363603
0.00363679421304455
0.0031201470632754745
0.0026578492822515684
0.0021116906238465624
0.0017737023823599877
0.0013869364349758722
0.001111028561081802
0.000818373836613413
0.0005677798914682084
0.0003475969229521116
0.00017800034986337795
7.648537232503454e-05
1.060099066009243e-05
2.878286824785004e-05
Gab RDFs at 10,000 MC steps
0.0
0.0
0.0
0.0
0.0
0.0
0.0
0.0
0.0
0.0
0.0
0.0
0.0
0.0
0.0
0.0
0.0
0.0
0.0
0.0
0.0
0.0
0.0
0.0
0.0
0.0
0.0
0.0
0.0
0.0
0.0
0.0
0.0
0.0
0.0
0.0
0.0
0.0
0.0
0.0
0.0
3.126033236512546e-05
0.0018480111670967708
0.017867870749272298
0.07949684052426931
0.22596455502585916
0.4251565430738477
0.6011563311818418
0.7134714559826505
0.7501078389596154
0.7169801108380536
0.6408716096097116
0.5602780826041471
0.4747287413473582
0.3996272653717664
0.3339685616249146
0.2834943725999906
0.24203080221239595
0.20643746820416625
0.179543390765945
0.16194870521900936
0.13830519840522967
0.12583813583312634
0.11094382401256364
0.10305270247284619
0.09614024505397804
0.09131047184589763
0.08562363063117646
0.08253383063287839
0.08057715345821066
0.0791307902354005
0.07820717166441025
0.07884050295095778
0.08065642360810586
0.08136734658153265
0.08301374568730904
0.0858347975903929
0.08911102542890986
0.09419430748965402
0.09686557795402612
0.10205945861679595
0.10982402964281343
0.11517519562826697
0.1209813704431114
0.1299581736096796
0.140679145736713
0.14744732552418544
0.1568457377779518
0.16442303284720175
0.1757311922312272
0.18241332419465672
0.19109733777585722
0.19849685699068445
0.2029450181665981
0.21068235933776003
0.21490632240719565
0.21640162072331132
0.21917261020441403
0.22029983611803405
0.2218978407966265
0.2238367073248197
0.2252592838308795
0.22829049696385395
0.23113794229578935
0.23217851992224803
0.2355521091705467
0.23228864696485352
0.23054956779269378
0.2252995307976379
0.22088896554354995
0.21342122707374975
0.20803386092581672
0.19640111765596385
0.18901855727259198
0.179345383015046
0.17156354253483458
0.16448941288438398
0.15785640882217072
0.1522242717568213
0.14542685467463476
0.14293416932164307
0.1390592284901041
0.13589759869546764
0.13340922997870241
0.1317471268749586
0.13268121814035755
0.1314766713285142
0.13288341352044253
0.13420778756338955
0.13569066673844576
0.13849406490461597
0.14239554000188537
0.14580202728566843
0.14963160424415262
0.1522512291515605
0.16046938870037342
0.16035761291347472
0.16409366521384403
0.16915098278326943
0.17161778966816804
0.1745020574865672
0.1777961642526205
0.18054345766103785
0.18359981879165854
0.18622710049792987
0.18880066301919343
0.19119904236766097
0.19205516419458127
0.19265855248511723
0.19564001821251897
0.19524042724590407
0.19386550444671866
0.19463962754135986
0.1948127850985034
0.19405392416110817
0.1921338788839473
0.19201870919918063
0.1908057433568129
0.18958657386574795
0.18842097730219645
0.18592361962683118
0.18763915244309048
0.18098374124911532
0.17968298015901388
0.17738764185843894
0.17488091896036043
0.173050693214481
0.17046094040163826
0.16814974654401127
0.16569741458661122
0.1638427991516493
0.16173814209283466
0.16017776304572678
0.15353787452657017
0.14967377396017081
0.14630006428079972
0.14542125423600463
0.14203400844521302
0.1399620826139455
0.13807109011096258
0.13609926913103498
0.1324740740809163
0.1313738385964711
0.1273651548657078
0.12499970146431755
0.12304228221565207
0.12176812877334187
0.12079740612147637
0.11967975621061601
0.1184754554572432
0.11717405814435171
0.11733797740109685
0.11546386790855104
0.11465602766971118
0.11315273923456143
0.11217562482250518
0.11072305771794745
0.11023131189996477
0.1086643468582985
0.10684856925032199
0.1057197820277485
0.10560527305386319
0.10504538808748981
0.10161943139350282
0.09982724933337829
0.09699411295070394
0.09539410790325002
0.09303381999751914
0.0909112383248779
0.08867396176135964
0.0860169081987703
0.0840848641468583
0.08055539379732793
0.07734215763614972
0.07464625439444168
0.07154479666962521
0.06835373977635853
0.06550957026622362
0.06283853612935092
0.06052959430645599
0.05651574993181637
0.05359233559130454
0.05100510182985316
0.04883054451661016
0.04670650913928238
0.04435873867405408
0.04205051751098137
0.040630980040179954
0.039073761804243046
0.03778128228882227
0.036444856654126105
0.03524157718716129
0.0338683642236792
0.033183893467860825
0.031982109679302144
0.031138306386420917
0.030490495658127715
0.02981619678520765
0.028825559021056286
0.027907649229801636
0.027083099945446956
0.026008122531763617
0.02514767993277186
0.02407435983802826
0.022868215237794736
0.021709470006848697
0.021295328391308148
0.020438018704724503
0.019864946409260998
0.018903394538704824
0.017786646056931466
0.017144974309843696
0.015524852290155804
0.014398055522552952
0.01332336726760147
0.012260906008224772
0.011040268900262789
0.010080162341566709
0.009218349021033046
0.008168013003447378
0.00727393496960409
0.00657593282370787
0.0058227011904452685
0.00532495675429436
0.0048222455225273375
0.004258964291819888
0.0038912320111419703
0.0036221698014595677
0.003265140465280161
0.0030104107085633628
0.0027453708214188843
0.0026075872887407064
0.0023847407389733497
0.002185951111476211
0.0020578708146043916
0.00191953001355555
0.0017803161149289755
0.001694095025742695
0.0015431189163379604
0.0013818505866925786
0.0012378931898740526
0.0011795144447451372
0.0010774034363061134
0.0010369914547202139
0.0009000022724900492
0.0008534157281945412
0.0007379273838744376
0.0006754814368402322
0.0006235851467446607
0.0005332014508330345
0.0004555292906930521
0.0003852448424271695
0.0003077283394358687
0.0002556333284378828
0.00016699061436380302
0.00011961816698721192
7.471724010788625e-05
2.5549696134308037e-05
3.6255422565949244e-06
2.4609375775469926e-05
Gab RDFs at 20,000 MC steps
0.0
0.0
0.0
0.0
0.0
0.0
0.0
0.0
0.0
0.0
0.0
0.0
0.0
0.0
0.0
0.0
0.0
0.0
0.0
0.0
0.0
0.0
0.0
0.0
0.0
0.0
0.0
0.0
0.0
0.0
0.0
0.0
0.0
0.0
0.0
0.0
0.0
0.0
0.0
0.0
0.0
4.689049854768819e-05
0.0019821410098699237
0.018209295031105525
0.08489359936286967
0.23029452376930556
0.4365977982154251
0.6185040330343087
0.7357416897395835
0.767455373638232
0.7303751959427807
0.6528786906994504
0.5669096904918892
0.4816038247518459
0.40210148507164606
0.3355940955251144
0.2840593712008651
0.23826917163236072
0.20382592882587855
0.17560456828514032
0.15477059730376172
0.1350311972079054
0.12026983277983136
0.10802635794603999
0.0989761482496958
0.09061227508318084
0.08552747529565746
0.0809146854467266
0.07830559254192668
0.07651429933792878
0.07464617050132032
0.07527413943864425
0.07625414112230806
0.07769646341885497
0.078704573973446
0.08052966159176207
0.08470781337765732
0.08796811669315027
0.09330749530059922
0.09743632755590106
0.10357572784486216
0.11092640384249035
0.11754831092280543
0.12434818460748215
0.13317036867540188
0.14362883412305683
0.1512034869571865
0.1605692769706269
0.17049291612008433
0.17955567294951252
0.18696560452925615
0.19597830692957494
0.20122780122698042
0.20551932149538873
0.2104803888401834
0.21364890435773043
0.21526841605148547
0.21669192377954624
0.2177499538868384
0.21772668563913777
0.21972415892870864
0.22198515114127446
0.2237731657015383
0.22682810526181008
0.22770179147390435
0.23092039863495167
0.2292672568801875
0.2293428922736818
0.22503655481166765
0.22222708783440978
0.21526216759777383
0.20914685095970592
0.19895567646623083
0.19144262226215777
0.18244597068595708
0.17445125371796458
0.16607222430946222
0.15931685065877496
0.15267862106424115
0.14666161810162698
0.14267646659341193
0.1381073175942817
0.1353970913950474
0.13313389010257884
0.13127646496213313
0.1314984567275538
0.13172060148362635
0.13301589287194088
0.13442625019134746
0.13679346442032572
0.1396511591533682
0.1429310722728506
0.14703179008863737
0.1508928587064476
0.15378546772822071
0.1598785005416233
0.161887676632754
0.1655659574792211
0.1703957925545194
0.17341475491707137
0.17674129145337666
0.17990436602176482
0.1831935565835733
0.18582745789691898
0.1885426267398941
0.19088609944140525
0.19273305990190953
0.19363155729819237
0.19309924274900728
0.19463910177486907
0.19441321787752025
0.19311603347242226
0.1931081895983738
0.1922067048061504
0.1910630658558146
0.18976028879841744
0.18780353032236974
0.1860644123929636
0.18510847992606222
0.183505748676388
0.1813192114470804
0.181215175915264
0.17726574913330528
0.1755591778199687
0.17424498266584845
0.17226066352886155
0.16998696395120316
0.16802762088809758
0.16626291645321267
0.16466577628794318
0.1637066709442695
0.1621536766778052
0.16024742443195522
0.15511988179587285
0.15179378406032729
0.14878055597322867
0.14640984431008264
0.14319263273355876
0.14113733287301244
0.13891161146991082
0.13695777017300556
0.13415014389819835
0.13285215597943967
0.1304959184489989
0.1283077727741065
0.12687102232325526
0.1256813027330318
0.12444765419747493
0.12344896469312372
0.12215251258846174
0.12139789667784756
0.12084466841261457
0.11915942652921316
0.11790726336998356
0.11710216192968637
0.11501202798936373
0.11322947658110655
0.11204503521372075
0.1096932721284597
0.10819389940312879
0.10638608880233556
0.10503639772720026
0.10407443546589494
0.10070025151075666
0.0985880988628679
0.09568221013745602
0.09335940901788362
0.09042658717591096
0.087868230960644
0.08561822705826987
0.08247919537905142
0.08020379279785252
0.07703209388508282
0.07397344654437528
0.07158270377514951
0.06861337409700206
0.0660960343714409
0.06362596668050115
0.06112155920400971
0.058952825529614256
0.056280987431119894
0.05384089534254195
0.0518316413592821
0.049843176879610235
0.04803863065469075
0.04584530435249714
0.04418568217794981
0.04246342080367981
0.04110004550384554
0.03972810188078823
0.038425995981198086
0.037112206815214946
0.03587582476046386
0.03504532779671803
0.03372293903824288
0.03269158121785579
0.03150459943637041
0.030712486722823618
0.029479136498695983
0.028227725524277703
0.027246464236233208
0.026025662528501754
0.024689442272803445
0.02353633712363358
0.022223355164923995
0.02096890747554767
0.019949805312116976
0.01909148085345207
0.018308638063907645
0.017305047489495153
0.016316437758882647
0.015430221517311668
0.014256026650144974
0.013312650755054126
0.012473823884304196
0.011430783453584774
0.010444105836454217
0.00965589257972777
0.008867856771741081
0.008010105547673996
0.007296943708055063
0.006661753786086241
0.006114930155183128
0.00556379273511898
0.005080057882892268
0.0046160420906767394
0.0042441189196139335
0.0039897289929869875
0.003584783676428356
0.003242436946381716
0.0030378620842208158
0.0027836176911458913
0.002539179710515254
0.0022899583342645916
0.0021318255470042374
0.001992239483765987
0.001823274692069271
0.0016517950880384305
0.0015219470193751587
0.0013525594894684217
0.0012070998269418623
0.0011346711536430755
0.0009988076314659993
0.0009311486576622076
0.0008095364121362823
0.0007384820310537903
0.0006395370660245127
0.0005504164070684632
0.0005145871205761179
0.00041178569877587355
0.0003477079319715874
0.0002879831922420206
0.00023315613448055082
0.000171568089623958
0.00011546562926270396
7.799844393753767e-05
4.440163858870289e-05
1.5512315510115596e-05
2.114899649680372e-06
1.2304687887734963e-05
Gab RDFs at 30,000 MC steps
0.0
0.0
0.0
0.0
0.0
0.0
0.0
0.0
0.0
0.0
0.0
0.0
0.0
0.0
0.0
0.0
0.0
0.0
0.0
0.0
0.0
0.0
0.0
0.0
0.0
0.0
0.0
0.0
0.0
0.0
0.0
0.0
0.0
0.0
0.0
0.0
0.0
0.0
0.0
0.0
0.0
5.210055394187577e-05
0.0020765286770065864
0.01816187499196202
0.08579532481113286
0.23270873056620212
0.441266427897788
0.627173906954157
0.7437449357865252
0.7759039196596735
0.7359098607365122
0.6573411702591475
0.5692504494861389
0.481632039868417
0.4006060775607297
0.33337428041408884
0.2813693032355073
0.23620651705744966
0.20095218669876677
0.17199017905886785
0.15159340199701274
0.133009857338253
0.11805537562497315
0.10626608665800014
0.09841535243063809
0.090083112615299
0.08540572799986294
0.08126327737380631
0.07862878215629611
0.07653101890220977
0.07520223446190674
0.07530046827370501
0.0764948520251725
0.077762904725011
0.07951456126953065
0.08082561077424803
0.08470628006580325
0.08848952211639224
0.09405160207992105
0.0980723868137119
0.104615653132787
0.1108237317356577
0.11792537257515988
0.12511781567410818
0.13413553526791938
0.14334528105720357
0.15262104213400873
0.16143775117326217
0.17065789595989084
0.17994103363114405
0.18778402893598195
0.1960233224553668
0.2021821634600946
0.20719651911869172
0.21118276385414395
0.21403655906155616
0.21577527460367968
0.21615198746484904
0.21744012053629413
0.2170759056732367
0.21876021098967635
0.22090945178728075
0.22268418907846163
0.22455549343028705
0.2269622438227463
0.2298199138862855
0.22948482228298492
0.2298445089952273
0.2257629783323332
0.22280035499033746
0.21604778253597018
0.2093186354137044
0.20020282299613912
0.19156939807483048
0.18283884868222708
0.1742434030877323
0.16607222430946225
0.15885863459522087
0.15236230192616404
0.14659186810651442
0.14229763740299062
0.1383188533489089
0.13537137835571875
0.13329862336179807
0.13180617670904005
0.1316933047059637
0.13180415457123945
0.13255442313088825
0.1341164897487206
0.1364761626127785
0.13945409483231477
0.14225854337442914
0.14664129184197558
0.14986321185000318
0.15377306683445527
0.15866104611362777
0.16120812991953304
0.1655175455478644
0.1696983061325225
0.1728987672051076
0.1768076593297783
0.1800737750924996
0.18351128563564983
0.1861813004152037
0.18889416728665112
0.19151512132160084
0.1933656487624487
0.19420816576466238
0.19408682840963623
0.1952658288343041
0.19437043118605213
0.1939734095009209
0.19339564771566392
0.19236932299770895
0.19071044832308895
0.1891576136422416
0.18690333957918642
0.185132207472399
0.18435159382426802
0.1822962532362806
0.17997530111590485
0.17920527494720692
0.17605428382914087
0.1740516486132408
0.1726217562495004
0.171058975991635
0.1689598944369527
0.1675990393754603
0.1655657058702476
0.1640164344705254
0.1633847169299903
0.16212926936003894
0.16031346704487312
0.15578255414553555
0.15264072721126554
0.14969653740158154
0.14710116604020707
0.14388644019826133
0.14168229075733896
0.1393627859568214
0.1376791093545651
0.13506567626548016
0.13393280679465505
0.13180546664854714
0.12973470639430634
0.12865057023868126
0.12699188578387732
0.12620603186306156
0.12483921546003862
0.12317779056395543
0.12226481963174268
0.12165925039414711
0.11979751033534937
0.1183185209596686
0.11722740488362186
0.11527381008778666
0.11403380812356306
0.11230315261073168
0.11012324355609678
0.10837719979096722
0.1064501524687699
0.10446310223482905
0.10350613166641737
0.10022961060898279
0.09803729379658215
0.09525298375540861
0.09281837986964937
0.08986929376544091
0.08736663634016588
0.08490182839644553
0.08173252715726977
0.07931772818067369
0.076232048456617
0.07331316972098752
0.07085445714843465
0.06813707348125386
0.06530900588677911
0.06288694154757318
0.06050788326955553
0.058219011570158026
0.055906327150920344
0.05367683493278481
0.05178958934813572
0.049920601848290926
0.048211688942979565
0.04622576916763522
0.044653224993941185
0.04285647059182004
0.04166685497299643
0.04027345669954058
0.03890869812926046
0.03774613124878201
0.0365888027647217
0.035544672779366376
0.034273842667393986
0.033259497328099165
0.031986703827071146
0.031017295299407253
0.029668915331812214
0.028349435864992452
0.02715074176005551
0.02598135095779489
0.02453211858734643
0.023259834310919353
0.021864599211906987
0.0206166415026771
0.019588429505423877
0.018642341922642528
0.01775092457842994
0.01672411868282894
0.015808350016156502
0.014853246287128186
0.01375708190318564
0.01285254414127455
0.012122756869745274
0.011157374981788289
0.010284392510505959
0.00954370130937227
0.008848787844768106
0.00805767766726142
0.0074273265592772406
0.006871188428220616
0.00632563713599679
0.005786085964025012
0.005357109971642642
0.004912270268195417
0.004480766674561298
0.004178462047660738
0.0038384569101978343
0.003475204482084474
0.003207960776676278
0.00291752740251913
0.002632954860684673
0.0023788503205231727
0.0021695769965545605
0.002007727192054715
0.0018326645449961113
0.0016141563004944152
0.0014748597949824803
0.0013234981263401406
0.0011680949005610877
0.0010830334244952469
0.0009633889211303256
0.0008773340709723773
0.0007565429302133648
0.0006794739260083474
0.0005824706816715561
0.0004978717244212963
0.0004525951670183412
0.00036167761062529927
0.00030219753598264567
0.00024795912555345225
0.00019822991190654115
0.00014104626190093454
9.684214067194526e-05
6.227543745210518e-05
3.4296438082308444e-05
1.1963746602572811e-05
1.409933099786915e-06
8.203125258489976e-06
Gab RDFs at 40,000 MC steps
0.0
0.0
0.0
0.0
0.0
0.0
0.0
0.0
0.0
0.0
0.0
0.0
0.0
0.0
0.0
0.0
0.0
0.0
0.0
0.0
0.0
0.0
0.0
0.0
0.0
0.0
0.0
0.0
0.0
0.0
0.0
0.0
0.0
0.0
0.0
0.0
0.0
0.0
0.0
0.0
0.0
7.033574782153229e-05
0.0020193992995291327
0.018109712948904167
0.0865792368842461
0.23262204450527224
0.4422499525508724
0.6277088143129732
0.7495604498945151
0.7792437870075516
0.7381388563797601
0.6589938778140467
0.5702303777994479
0.4841902104375287
0.4028854411303991
0.33542804636326606
0.2821957190994731
0.23760559394345843
0.20233137315758137
0.1727112826597616
0.15120728451181756
0.13351519230566608
0.11933259365204904
0.1064341024383377
0.09861378787430468
0.09082561331133875
0.08635840058945513
0.0814700691949553
0.07876742858849602
0.07704932539492063
0.07581065509410684
0.07572436251818286
0.0762131690537354
0.07800292394349964
0.07928417566136287
0.08056271974512487
0.08402242297889158
0.08769247399805533
0.09283350947541474
0.09688261525557465
0.10337425097483145
0.10961125521089049
0.11655160249909928
0.12425165897203574
0.13361336506063942
0.14220922754011608
0.15155607682350267
0.16037765007166488
0.16964911298107377
0.1795086230988482
0.1870395585419121
0.19526448930630397
0.20124510559714132
0.20668945937211175
0.21024827349222225
0.21306889814477287
0.21503570437780695
0.2158961784765921
0.2168051933865967
0.21680081971271997
0.21821160467414416
0.22038597380205796
0.22243820847654314
0.22451989224973426
0.227060850176234
0.23032782992413142
0.23003981184684802
0.23035389068150267
0.22728442780478691
0.22383463072074478
0.21717806857427316
0.21029989997341408
0.2016314757862274
0.19301512993857872
0.18345622839065134
0.17524128790957566
0.16721272126362263
0.15963370219208364
0.15285403440444756
0.14700565523968204
0.14250960871182344
0.1384209740580393
0.13528497058402136
0.1334727699501156
0.1317948877701715
0.13196506636006167
0.13182406151493253
0.13278819398655306
0.1340488315467784
0.13627095984179308
0.13913663158783698
0.14185767256113394
0.14557662188412673
0.14908707462300608
0.15234646801567908
0.1571124694957619
0.1599061068584466
0.16440335918649346
0.1685475237058878
0.1719380340524029
0.17599533470560275
0.17931143427419297
0.18254395754803435
0.18544180441332048
0.1886051562625752
0.19080916718314683
0.1928459475372999
0.1942533293033451
0.1942613954670774
0.195505117320802
0.19476620808213232
0.19461380253999114
0.1938721722456684
0.19292877527733282
0.19121080433167942
0.18987718699681358
0.18778264677643508
0.1860920855308849
0.18497935565716245
0.18272640187705372
0.18077004746649508
0.17959008738006757
0.17678456123128655
0.17491366932196428
0.17328945111963662
0.17187391539971872
0.1698670366725931
0.16821424574826466
0.16616241193581333
0.1644999270791655
0.16333069780007767
0.16228089982166183
0.16000225254016415
0.15566763728058056
0.1525867986807778
0.14924553891204903
0.14664705407873158
0.1437655365575527
0.14163920106415967
0.13938409141870328
0.13770678960952756
0.1352880898857972
0.1339671580733736
0.1321180633188911
0.130091901120959
0.12914409228292856
0.12751405509389924
0.12648258901223605
0.12525098728119297
0.12357723166652104
0.12268826673914296
0.12181255036754154
0.11998978302683785
0.118571962044221
0.11717937136435683
0.11534624038138618
0.1138855378190016
0.11234766750941405
0.1103337883573947
0.10855847102322073
0.10648888085248544
0.10430309223618724
0.103173727557289
0.10000534111849664
0.09759162877021849
0.0947371683878739
0.09214887997268037
0.08941495583169944
0.08664799367712285
0.08399712974388485
0.08102200764109921
0.07869415293446577
0.07561263921654549
0.0728835173157866
0.07035868775231544
0.06777603181775466
0.06512368757659849
0.0627493227760282
0.06024530891107697
0.05816946981553485
0.05599971537839866
0.05376627254746848
0.05177019467058113
0.050060631461020834
0.048452848872493154
0.04648561816591483
0.044945242476656336
0.043399146302838545
0.04200078790160777
0.040685156143312855
0.03937881759361723
0.038150245517248486
0.03701401653839026
0.03581261398956792
0.03447439378120521
0.033486178373811695
0.032179866451498326
0.031107417459446205
0.029714112036457102
0.02845745770337746
0.02714500151432038
0.025875880187935307
0.024447276716236727
0.023036906755841052
0.021673062560840162
0.020407009004874153
0.019355240948509943
0.018308564018582014
0.017444167630060105
0.016408355766947467
0.015551946604192537
0.014641579937623942
0.013574112038292233
0.012708158636373767
0.01196800475638209
0.0109944845649563
0.010187964396547445
0.009446193697440868
0.008779025115455013
0.008079464898501039
0.007424681876696671
0.006847764816929271
0.006358324065653297
0.005865051756386398
0.005406363676309375
0.0049784665089817135
0.004539770679665633
0.004221851839632245
0.003908161037239497
0.003541550642738603
0.0032560348123233883
0.002943213719882542
0.0026774859725885794
0.002411599999671071
0.002188631355949046
0.002014761685514099
0.0018336622168695885
0.0016285476016141857
0.0014955689182411765
0.001337052437996809
0.0011881105864670115
0.0010886388358830046
0.0009610276737746139
0.000868346365104055
0.000754658224789328
0.0006555844506448004
0.0005657443276370688
0.0004808815532760863
0.00043356633257843243
0.00034947179428092853
0.0002886932829672354
0.00023729308139634043
0.0001832840058500956
0.00013062925585212104
8.628883047051531e-05
5.811346514713775e-05
3.016249242060162e-05
1.186235891950016e-05
1.5106426069145516e-06
6.152343943867481e-06
Gab RDFs at 50,000 MC steps
0.0
0.0
0.0
0.0
0.0
0.0
0.0
0.0
0.0
0.0
0.0
0.0
0.0
0.0
0.0
0.0
0.0
0.0
0.0
0.0
0.0
0.0
0.0
0.0
0.0
0.0
0.0
0.0
0.0
0.0
0.0
0.0
0.0
0.0
0.0
0.0
0.0
0.0
0.0
0.0
0.0
6.8772731203276e-05
0.0019672376940062398
0.018294651101563836
0.08595120096902359
0.23212793395797207
0.4413859448176565
0.6290462815603333
0.752161695594901
0.7826275999784281
0.7436182800817805
0.6641022158634683
0.5738850871832375
0.48653018410515725
0.4063121900993531
0.33758318969546636
0.28294455306600524
0.23795000297708502
0.20236598392042615
0.17288845363235378
0.15101091619077545
0.13266252851558033
0.11872890139033043
0.10588599268075968
0.09804954100405275
0.0904127410933155
0.08547147153959199
0.08063463023751337
0.07788907953595232
0.0762010861670648
0.07484332045098277
0.07440739418844483
0.07502190615998505
0.07710247814182011
0.07779176194276859
0.07950202528151298
0.08299387738718676
0.08630708933051304
0.09147707999412648
0.09588082192452253
0.10240508491754967
0.10873462455136801
0.11634751458376898
0.12415204451625504
0.13430293134880913
0.1428444600577744
0.1522310345675937
0.1616276200272796
0.17037193090422614
0.1804039145429178
0.18827968516302718
0.19657508418578704
0.20247749137750665
0.20709100142243989
0.2111260915354209
0.2136382782897068
0.21534935924233017
0.21594318691797657
0.21656629800019195
0.2164932853917865
0.2176606884372834
0.219945416123313
0.2217699611746646
0.22422913531397254
0.2271160697341871
0.23048068846504502
0.23019906972169565
0.23070610948164666
0.22794301114356444
0.2245144686899937
0.21828219194484955
0.21109739847435063
0.20246654638482092
0.1937563505004744
0.18434164124078173
0.17566808799010114
0.16754554802694108
0.15969083296085865
0.15279633012531954
0.14673589242074678
0.142070216290307
0.13763245629682544
0.134620318416259
0.13250837438400062
0.13077662548423216
0.13071359539697655
0.1303724247504755
0.13141819189287052
0.13273854487446676
0.1346889989749915
0.13770369998060486
0.14034744042141484
0.1441441475567781
0.14777854199942983
0.15102145731862937
0.1559956468890126
0.15939825284775097
0.16384932734852614
0.167953607702288
0.1716194496822548
0.17580795909839225
0.17969247023170287
0.18290269530112996
0.1861412098835754
0.18918261962770652
0.19168009121093516
0.19381201483482913
0.19534653441091213
0.19535152401459493
0.19635643830531585
0.19590171933292816
0.19542684366578494
0.19505541930940262
0.19396458079817774
0.19201580985894884
0.19066697349150163
0.18835419645464674
0.18643013190196273
0.1854177352290039
0.18292480992169075
0.18108930454750138
0.17978423101517105
0.1770600209158744
0.17513441107354394
0.1737601038781091
0.17202242274994356
0.16982324136680108
0.16854038348590364
0.1662765698970858
0.16457900997871824
0.16339459471374576
0.1623019511332352
0.15972179760859503
0.1557911393743571
0.15256717223197735
0.1492577753051759
0.14652287541295794
0.1439062632686814
0.14139299838587635
0.13901721972018025
0.1374084212493201
0.13530909183328824
0.1337918453121019
0.13214380657409588
0.1301297031311449
0.1290981693069751
0.12751777013246857
0.12642952373183608
0.12520893882475495
0.1236927534817954
0.12287705615023792
0.12173569239205362
0.12015338432453258
0.1186826133432639
0.11722256595131071
0.11550267572863208
0.1140352954745806
0.11241965051612057
0.11040655100100173
0.10856902263226234
0.1063773832866877
0.10436090800365228
0.10277602431309552
0.09986271872367733
0.09723539714924163
0.09458781035621987
0.09186536049721712
0.08913059864050821
0.08626956840233992
0.08374307809514542
0.0807018941455282
0.07839728016404174
0.07546252637087657
0.0726625785325761
0.07021826526403617
0.06771035450363992
0.0651186334408663
0.06279831923183808
0.060474126394263646
0.05832859942136211
0.0562085654143956
0.053935161491024494
0.05203718868962693
0.050330469153492444
0.048646043881363725
0.04663326886666901
0.04514899879029208
0.04355040198663807
0.042162581241285954
0.040822389291236945
0.039519828098661766
0.03832038038701803
0.0370711377796627
0.03587462888391924
0.034527950229987024
0.033553066271240356
0.03215002571383765
0.031060884834889464
0.029629918384558404
0.028385417071116352
0.027070440376474346
0.025740222160531664
0.024294012012383154
0.022886078784767706
0.021536164891739113
0.020283730803041168
0.01919140346590049
0.01817808520394664
0.017284177388394925
0.016235504220527254
0.015396560130439024
0.014509813379031756
0.013449298441224942
0.0126141544565873
0.011842568262703461
0.010958277530531364
0.010163168595815257
0.009449238695731575
0.00877584248468558
0.008106449083981301
0.007445469081779963
0.006874180351679678
0.006356526935656246
0.005869006508016935
0.005406209758482291
0.004953566538409023
0.004538785173798794
0.004198526691346985
0.003868130952852714
0.0035342117936830062
0.0032307223609010323
0.0029361286787898855
0.0026749119897295478
0.0024175741169661824
0.0022019217716266995
0.0020345883166592864
0.0018360918413144083
0.0016483691426706472
0.0015011916187460518
0.0013478039936837937
0.0012013517325278533
0.0011028731835888862
0.0009762071210613314
0.000877691346236708
0.0007644365199893306
0.0006618595662932897
0.0005748618304244953
0.0004884049964732943
0.0004361214791859442
0.00035615287270100514
0.00028429110914961344
0.00023938404846872468
0.0001796025932004027
0.00012775416218264852
8.467479479264956e-05
5.832927111850643e-05
2.9641921485423715e-05
1.2044856749030932e-05
1.4502169026379696e-06
4.921875155093985e-06
