Gbb RDFs at 10,000 MC steps
0.0
0.0
0.0
0.0
0.0
0.0
0.0
0.0
0.0
0.0
0.0
0.0
0.0
0.0
0.0
0.0
0.0
0.0
0.0
0.0
0.0
0.0
0.0
0.0
0.0
0.0
0.0
0.0
0.0
0.0
0.0
0.0
0.0
0.0
0.0
0.0
0.0
0.0
0.0
0.0
0.0
0.007384216918544052
0.04224497008833783
0.09812436722644179
0.22092344038768374
0.3931527812525351
0.6046333865426917
0.8105452770047632
0.955883688684017
1.106582213035311
1.0921161274562345
1.222738902679385
1.1627609991734809
1.166799317530867
1.1791808017629284
1.1040413520143402
1.0987722485158924
1.074735066012897
1.0940499515003093
1.021661648043735
1.031947172295855
1.0343039513926875
0.9767279328812303
1.0155962734094166
0.9782356879895426
1.0535327503658474
0.9317838710386634
0.9897941788649011
0.934002567501823
0.9999988752412451
0.9836022564337885
0.9970804542153838
1.0036389377737955
0.9798110913864596
1.035716801740973
1.0682564957671763
1.0774549503914377
1.0921783417717303
1.1549260365996834
1.1188103128987459
1.1068873171862585
1.1606918067718475
1.1719645848828573
1.170328729822821
1.1684415865125266
1.2094675928300134
1.1874441227930956
1.1704246470131625
1.21329764297132
1.2409538045125188
1.2208241594075813
1.2784415258720137
1.26581317127697
1.2577940110628003
1.245556568113368
1.2611637963197664
1.1925507415964447
1.2019277372347006
1.1668984195515808
1.1633442554017328
1.139804825918604
1.0801749673489007
1.0916431861473401
1.0796737055479888
1.0313910672239708
1.022443827452044
0.9640880222710525
0.9532784425928942
0.91115591508905
0.8914078203760147
0.9047195141660487
0.8897918229883979
0.8467110025058731
0.853378856790448
0.8585215276508011
0.847151882756025
0.8506625507057674
0.8458251349572693
0.8511729541450013
0.8473180440595834
0.8758809214232254
0.8451536137144735
0.8785333820133767
0.8800400857276658
0.8900825598996467
0.9055083410856181
0.913661016962265
0.9173793221949217
0.9390487950228797
0.9479599098138857
0.9624629754122905
0.9722982619956982
1.001432219449109
1.0108909958618346
1.0202400155672746
1.0581585391433654
1.0399809202512342
1.0597542902389272
1.0661204250357506
1.0723264668430925
1.0759290712121647
1.0598861201310241
1.0544574485822482
1.0793396447632857
1.0728579343917164
1.086156443185523
1.063438503564275
1.0512892962126252
1.057709574684868
1.0515734562628514
1.0389931275925874
1.0279820847171803
1.040356647674268
1.0448738079436264
1.0127437984873418
1.0235338387953836
1.0055103966057677
1.005189806807407
0.9855598816340098
0.9897378416177496
0.9663840612386284
1.0003866841572084
0.9594070064717971
0.9690209607933084
0.9489095769179793
0.9469493500099554
0.9296448086985529
0.9340807793203215
0.9172034690113129
0.9156205201864863
0.9257363233896622
0.9284631510847046
0.9262777452264884
0.8934077596508626
0.8933050253657749
0.8943853739682652
0.8896683932122882
0.8789456233833223
0.8800620146482747
0.8735993160039397
0.866991197399639
0.8698954074997876
0.8838341488046708
0.8460508365184313
0.8430317665631895
0.834854038325338
0.8103486083041311
0.7918157924422794
0.7824346643564455
0.7696653101849248
0.7503915420024835
0.7205877109381619
0.7282217627421397
0.7039346305934097
0.6817881294828798
0.6735666918798257
0.6590210471204254
0.6462345530000098
0.6281198930694115
0.607331306301567
0.5942016246149501
0.5813646654660684
0.5699302353959309
0.5535939286970704
0.5421108068895958
0.5350406773193588
0.5248009897860411
0.5097709404757065
0.4961161132809604
0.4893628468230376
0.4750803999349096
0.4633769363232209
0.4558152513655579
0.43062932002809545
0.40871161045321686
0.40153142467483965
0.37829461375380574
0.36772653086211576
0.36612649553240784
0.3528728860327448
0.3373329353003465
0.32553218467521916
0.3121311907164221
0.3045577613073243
0.2911008620087164
0.2777200928714807
0.274827007477013
0.26858287203628556
0.2580040497976191
0.24445995217713815
0.24315730467494004
0.23688444970514763
0.23212193380950952
0.21623547937172277
0.2064392074670781
0.19950713405834739
0.18740938083453296
0.18317394465065004
0.169791069004894
0.16682409336737533
0.1485526852745197
0.13960546899334492
0.1299786504837256
0.12119133211284303
0.11075605653315068
0.10348288334451243
0.09937975466622422
0.09085481927206468
0.08378171091624093
0.08315232190978185
0.07393676511067207
0.06667447792749485
0.0605220871726037
0.06360789664314939
0.05411588110952586
0.05073179973671347
0.04643221128151575
0.04599555028219771
0.043204190623457164
0.03799919247110531
0.035871339780174066
0.03370046788811351
0.03270590942569553
0.02974718794827684
0.02665040130710245
0.02370759250535814
0.024568623662254922
0.020190724630655122
0.018840994529121958
0.018736453655903786
0.015956193728346883
0.014320546321527928
0.011920580142393923
0.013193749340643959
0.011342420606754541
0.010489439993737982
0.008883255740559278
0.006441096636668705
0.006722868924962728
0.00608876436692786
0.005431186786569856
0.004558088338449255
0.004685237659720587
0.0035129183083822376
0.0029854531838029883
0.0034638729803673158
0.002417110793482264
0.0027388327934640406
0.001955868051566095
0.0016085329075254898
0.0011152203105966587
0.0012273204231516939
0.00074325783047655
0.000649617473405315
0.00041059028440925294
0.000262167451920747
5.786711582844595e-05
0.00017243624215871765
0.0
0.00014178412127088762
Gbb RDFs at 20,000 MC steps
0.0
0.0
0.0
0.0
0.0
0.0
0.0
0.0
0.0
0.0
0.0
0.0
0.0
0.0
0.0
0.0
0.0
0.0
0.0
0.0
0.0
0.0
0.0
0.0
0.0
0.0
0.0
0.0
0.0
0.0
0.0
0.0
0.0
0.0
0.0
0.0
0.0
0.0
0.0
0.0
0.0
0.005168951842980837
0.02957147906183648
0.08535475779286375
0.19716132615993867
0.35445180434798873
0.5552275456189698
0.7147228172754101
0.8758662758303776
0.9986229727391829
1.0178123361361529
1.1019035287675396
1.0252598968902678
1.0841547352533571
1.0550114362904341
0.991737968413779
0.9979784200624766
0.9735699542156915
0.9885098067224264
0.9246684536092034
0.9183287462552003
0.9179615693439651
0.8797062915483613
0.8913276610729849
0.881940612453072
0.9150972426503575
0.8498214009010032
0.8887492006502664
0.8570273123739884
0.8944171087926566
0.9058147730945919
0.91498550663777
0.9421817800605496
0.9362587002508288
0.982326975456538
1.0129249145327863
1.0203007245033884
1.0280197458902194
1.0701021264777264
1.1123711168532855
1.0931493540296915
1.1178025021336269
1.1377698273838834
1.1469805257365802
1.166660425557477
1.1927660840682643
1.195602914361099
1.188032511416142
1.2061529566369065
1.2488923523919493
1.2438058403529286
1.2820872716682268
1.2833526210433723
1.2708869396998177
1.2653521733006259
1.2974201637504539
1.2408973932827871
1.2373808594928477
1.1949501227400823
1.192248016164254
1.1741802918350623
1.1258509373967973
1.1054430667440134
1.089765223578732
1.0291782815106403
1.019929995958532
0.9767586371252779
0.954599077701543
0.9364357922684237
0.9216376191393613
0.909510798721844
0.8930653730384815
0.8707276093891988
0.8695697559706461
0.8693864328594891
0.8643122855127305
0.8531926111672188
0.8538393787757492
0.8626752913631769
0.8562240567152444
0.8759685095153678
0.8633317393509418
0.8838727224597246
0.8983012927367958
0.9174053375956811
0.909142002165416
0.934642793969749
0.9313833217406227
0.9664685268985479
0.9665399240462377
0.9944255881897939
1.00164372391221
1.0147614677403876
1.0301582956558974
1.0509625132797127
1.0652932818464138
1.0513117703931156
1.0749570622075701
1.0935027468976761
1.0869657360150118
1.1071761131006614
1.087517095934512
1.0809504101378606
1.1065145957644213
1.1042871778427283
1.1028572999999908
1.0912896178334832
1.083557517493173
1.0818742590792494
1.076098789577207
1.0589262534191854
1.0508113548176266
1.0608640984142728
1.060365014828626
1.0289408794395805
1.0382609443895616
1.0229577986538745
1.0032928353266422
0.9971022924113138
0.9935872109381136
0.968408264084791
1.0006304906214698
0.9660053377914073
0.9605524940306803
0.9408727498920766
0.941888181080315
0.9382237456915764
0.9242440555936152
0.9262518720558669
0.9236328637444904
0.9308987471212302
0.9285928730227287
0.9273035234604047
0.9128425260104293
0.8976905231992987
0.8859617998090072
0.8872596911565097
0.8762006843555797
0.8669297394841201
0.8600603423282959
0.8522745976058675
0.8502443883972938
0.8504221173433345
0.8212358633223327
0.8225574974585703
0.8065426254797028
0.7867643265445353
0.7635263210565949
0.7635717609659677
0.7461135233602895
0.7323081291651361
0.7185415719957539
0.7049178426317658
0.6944578036326124
0.6745937182546089
0.6585593517929863
0.6409052146575989
0.6404960423376485
0.6189208093322696
0.6007486350873125
0.5856913361993702
0.5691484898447448
0.5618663552695192
0.5443806712573099
0.5342647063523179
0.5203139582374514
0.513407833494937
0.4986941005940058
0.48359472535288806
0.47794592583486395
0.462881924223676
0.4466592017203216
0.43857854017946535
0.4174598863716706
0.40763358037018727
0.3936442980682134
0.37799614576131596
0.37304966678189194
0.3646347112083526
0.350549964580704
0.33877162260195315
0.3288502384766548
0.3173976017532013
0.3101590577032123
0.2984944605323427
0.2898003166518234
0.28033048895454293
0.2695903649689011
0.26068347252021523
0.2490478019315491
0.24526380623148608
0.2379760831139271
0.23198076904133022
0.21695859694027977
0.20694802021234762
0.199782316312221
0.18725021246934956
0.17949874118215473
0.16941097311694517
0.16411907749937696
0.1488165443957888
0.14087024831255984
0.13255227101743
0.1254383911851161
0.11558541205236413
0.10888492619447067
0.10385896012085183
0.09496570917514256
0.08901291902163061
0.086748097992367
0.07963200387056758
0.0725657994090256
0.06802251722431726
0.06804105434323199
0.060850912757046675
0.055680293259419006
0.05167081630120383
0.04929464729993666
0.046877498460605724
0.04264521699789055
0.04035057186348733
0.037159787439542374
0.03615737955131915
0.03344726920785314
0.029631755887160296
0.028903777164066773
0.02729051199801494
0.023674335570451253
0.022369270658171014
0.02111790944768221
0.018771992621584566
0.017581490001972237
0.015380288746939285
0.014791961245309591
0.012777101784692243
0.012131556797869486
0.010280621812107928
0.008588128848891607
0.007542730988982573
0.007098131721873121
0.006611176772937712
0.005665511209410518
0.005003961310041715
0.004351587994617637
0.0035039792630950865
0.0034638729803673158
0.0027889739924795353
0.0025080322771608913
0.0020017087090246754
0.001578183230025009
0.001190573034285622
0.0010477125563490071
0.0007729881436956121
0.0005610332724864083
0.00038126240695144915
0.00024760259348070553
0.0001012674526997804
0.00010058780792591862
0.0
7.089206063544381e-05
Gbb RDFs at 30,000 MC steps
0.0
0.0
0.0
0.0
0.0
0.0
0.0
0.0
0.0
0.0
0.0
0.0
0.0
0.0
0.0
0.0
0.0
0.0
0.0
0.0
0.0
0.0
0.0
0.0
0.0
0.0
0.0
0.0
0.0
0.0
0.0
0.0
0.0
0.0
0.0
0.0
0.0
0.0
0.0
0.0
0.0005168901824577271
0.00787649804644699
0.030040867618373567
0.08871518132801585
0.18924062141735704
0.3489230933616249
0.5266035266710992
0.6865397408844239
0.8506355600657165
0.956062118391671
0.981076009778797
1.072493861042964
1.018800113561526
1.062530883976446
1.037599180442567
0.9777000454637088
0.9835034170302998
0.9560038955132616
0.9716630230489615
0.9162863256951079
0.9077892184573414
0.9058565816163524
0.8788380889413557
0.8730343120488401
0.8840805030205493
0.8970146602721031
0.8480000126757219
0.8848413838132365
0.8633515704243974
0.9050367212118413
0.907008879198483
0.9138245679851573
0.9462144019577442
0.9361802274740079
0.981028510439606
1.006529059712682
1.0281965554562367
1.0268198601586618
1.0722347633096654
1.1161273145464707
1.1033546980888558
1.128014241333203
1.1383303971789485
1.1558577074985363
1.179841016624844
1.1877788279796861
1.1934498999195424
1.1883647352728022
1.2123233675620817
1.2511151457981895
1.259748087495197
1.2742894264929934
1.2682904946903035
1.2726326635180867
1.263500785765127
1.288402554415129
1.2550098810631694
1.230201044796544
1.1818418502220909
1.1881800794643436
1.1559222604874928
1.1195139109216834
1.0953554347289014
1.0713630436403179
1.018036711340011
1.0074370152028969
0.9639385164910618
0.9433736792780292
0.9250562464156002
0.9130459921224101
0.8981228180385045
0.8856998854257931
0.8672105330673731
0.8689115893373048
0.8737841325868152
0.8668545674026127
0.857097025459582
0.8555282041014827
0.8677773779507668
0.8555115757027917
0.8780414276960693
0.8711715944832576
0.883448965281443
0.8969393457909095
0.9101575537223586
0.9136369755011658
0.9305630039960715
0.9410583381865355
0.9606662240859065
0.9710648526824162
0.9841198859391034
0.9926464101917755
1.0040401158539243
1.0232125530140872
1.03425378645365
1.061114031266311
1.0489909938580315
1.0648218808951417
1.0822094729094243
1.073328559673313
1.092379403917724
1.078772580220458
1.0853554652113313
1.0988150263140994
1.0974653265510357
1.094486846584586
1.0947265638496835
1.0832457472392547
1.0771643563929938
1.0703894892464865
1.057634811464223
1.0530277888079613
1.0549032660658446
1.0528623048738701
1.0307879149867656
1.0308272625182147
1.0165188764694542
1.009940780425899
0.9904535938056738
0.9869383002938484
0.9704653807983707
0.9925523697722767
0.966310370139516
0.9573173494247325
0.9406377549497986
0.9424298964091758
0.9321833176840106
0.9252564372982071
0.9243107954951539
0.9240902903564574
0.9268738065847535
0.9285784594740596
0.9238842626806836
0.9105610534377844
0.894780780192294
0.880703947964503
0.8841433478188077
0.8692306921184687
0.8605033069569805
0.8525211470745115
0.8457295492448889
0.8440801197986725
0.8392338599511386
0.8201405296500544
0.8178250021667485
0.7991506116818867
0.7837294499770214
0.7656486343404314
0.762080386567606
0.7443545177277728
0.7312334043711853
0.7204952300820078
0.7036937290079022
0.6943106127718114
0.6762298304653995
0.65457735985568
0.6391265692885214
0.6371485777846044
0.6148861234826458
0.5980218327720225
0.5821585646761741
0.5668096664779272
0.5565938182637885
0.5427427588235748
0.5296421975086504
0.519520903835631
0.511220665620554
0.49515935791175647
0.48345819931628914
0.4765743498785859
0.4645370899476317
0.4487631343064007
0.44131989076026
0.42004541077596863
0.41072024770193866
0.40173225428750825
0.3876285218825755
0.37901803129800465
0.37088599789963156
0.3575891204959792
0.34558140916289115
0.3376811004169338
0.32209883697139924
0.3178650836539187
0.3070656515398231
0.2985957866920315
0.2887261904277718
0.2792311713240919
0.2682995286226248
0.25556737789834355
0.25099285213148637
0.24235843752308533
0.2344276250231049
0.22234698914468837
0.21094142933431143
0.20201435014919558
0.19165387057275743
0.18131003777910226
0.1748142970142566
0.16664671527767053
0.15387384422011377
0.14501349090998808
0.1367407122781646
0.12942805273785749
0.12106719151837293
0.11250035591436457
0.10678928144630916
0.09838453007096828
0.0913058632568014
0.0867617183563162
0.08059810012521179
0.07351082367398104
0.06952526296162868
0.06804105434323199
0.05961386612791021
0.0549269792848339
0.0518576792108852
0.0477857579662421
0.04584338934582987
0.041650539660177725
0.03915735941172606
0.036353852777023105
0.03492075656513315
0.031664391769245424
0.029437846646180925
0.02748444894710469
0.02632352535241599
0.022998941612735677
0.0223104660560202
0.02048752409103498
0.018714054372752514
0.01763325101277294
0.015642906891838768
0.015029992805578943
0.013806696512388712
0.012444340951037393
0.01127874043464268
0.00934784793937048
0.008220483628572311
0.007977258127793187
0.007597195802642358
0.006366344040791802
0.005758273949135054
0.004968722292036138
0.0042948624749446496
0.0036615113786465318
0.0028406216590069347
0.0023900675688281704
0.0020984834303261223
0.0016085329075254896
0.0012458316983241953
0.001007799697059521
0.0006738870996320721
0.0005905613394593771
0.00043014220271445547
0.000233037735040664
0.0001157342316568919
8.621812107935881e-05
0.0
4.7261373756962534e-05
Gbb RDFs at 40,000 MC steps
0.0
0.0
0.0
0.0
0.0
0.0
0.0
0.0
0.0
0.0
0.0
0.0
0.0
0.0
0.0
0.0
0.0
0.0
0.0
0.0
0.0
0.0
0.0
0.0
0.0
0.0
0.0
0.0
0.0
0.0
0.0
0.0
0.0
0.0
0.0
0.0
0.0
0.0
0.0
0.0
0.0003876676368432953
0.007753427764471256
0.029923520479239293
0.07997808013662036
0.18078473392189817
0.33356556284394784
0.5005282217391348
0.647365264700953
0.814771899800234
0.9067538115256509
0.9539808912437338
1.0247031509905276
0.9982672308380262
1.0297248356351048
1.010481732810643
0.9737776846394246
0.9621229079644236
0.9502981319201367
0.948189011974538
0.8997016868936479
0.9004347127961981
0.9014853360480479
0.8803574435036156
0.8791846621517854
0.8903473253967321
0.8937538667284834
0.8673642453866077
0.8803753074280591
0.8696306552030176
0.9057388443469939
0.9122117700797232
0.9246876368060334
0.9468999476802672
0.9487358717653608
0.9850766660806292
1.0189489173284658
1.042249685775985
1.0392422065559621
1.0775319580212557
1.12011827459548
1.1195458689519526
1.1338859913729593
1.1442163800271326
1.1692342827562785
1.1834033385349432
1.1914612786962526
1.2032517814561015
1.2076337189590818
1.2211730358626622
1.2554813471318762
1.2661663947862398
1.282922755079859
1.272501944492971
1.278815435374456
1.2743954893394094
1.2776883330141373
1.2505257518813382
1.2228651471720593
1.1741079694364762
1.1803011283824116
1.1400566608337428
1.1123333192339737
1.089645835008348
1.0559883191111266
1.012407695051714
1.0027331032415525
0.9629667289211211
0.9316530426887722
0.9198526249734073
0.9047195387788217
0.9002407046899791
0.8857510346453256
0.8734407825517503
0.8675458935731215
0.8736062844360778
0.8628345841642365
0.8555821127141451
0.8531024368154292
0.8655735180638197
0.8523944712733103
0.8714577227700381
0.8664762966292883
0.8776434919389854
0.8938819138715726
0.9039490747063428
0.9137850135451576
0.9228802826170686
0.9397935449314768
0.9566867686170596
0.9694596405684646
0.9798258433346492
0.989581930041764
1.0007078037811048
1.0132458880588868
1.022032747127154
1.0533789542257894
1.0417215026525473
1.0569289963332502
1.0758666751899952
1.0693528652925464
1.0855608913406805
1.0747496795287625
1.0762843920861036
1.0909198795649058
1.0839129880474503
1.0827622043005685
1.0845046123359845
1.0749351214082439
1.0723871693826486
1.0596821801544887
1.0559503219577497
1.0497031378224593
1.0478487030112833
1.0520526599147237
1.0285945602744833
1.0245594765064066
1.0134292323567686
1.008342881025435
0.9877114275025861
0.9864633781049724
0.9721110741692345
0.9851243994944473
0.9656922782762433
0.9568178050370493
0.9443741745320167
0.9459742624180063
0.9369391989760434
0.9344207582509682
0.9323214691476344
0.9309369338388034
0.9358424240845116
0.9369383177022812
0.9336932670425088
0.9205530583161269
0.9064197522203126
0.8867876404128561
0.8855654346257502
0.8763823347324156
0.8676083068938181
0.8585406616096011
0.8515914663157058
0.8481982115555802
0.8375918972621814
0.8258815888978579
0.8171213548404644
0.8038999805469835
0.7879892466049173
0.7704178099299618
0.7632496240959215
0.7515853294721785
0.7325008787205729
0.7194779406643135
0.702978709367795
0.6915705982861331
0.6744928620224369
0.6555146253673858
0.636656228498136
0.6328012212222094
0.6147570135354579
0.5970738429045975
0.5816734676908993
0.5656872400853697
0.5595402360022851
0.5422769774752313
0.5317557788549325
0.5194556525240887
0.5107683195374431
0.49451443967864406
0.4819125295447942
0.473613870789859
0.4610736795888344
0.44619008161666873
0.4403106606663031
0.42093360351197756
0.4103701182732624
0.39923101274790695
0.3882254578675551
0.37869541699983644
0.36993587335990596
0.35613289511600665
0.34493182004792333
0.33810449790722125
0.32015925632126835
0.3144746019718623
0.30434877745207417
0.29607803128715676
0.2871602598872434
0.27769945442653826
0.26766215079315875
0.25601408958495725
0.24863899622549734
0.2412865800818562
0.23280423018904287
0.2204925424769374
0.2107872436539267
0.2009174431094495
0.19128626744364335
0.18089667133581552
0.17443047469603376
0.164562522723639
0.15468740984402696
0.14703059585873604
0.13741836026182905
0.13020024529645258
0.1214465902265637
0.11254607632911032
0.10695672837919244
0.09978250946561765
0.0922978705681253
0.08814759038814589
0.08201346491785486
0.07582311708823374
0.07122416356288117
0.06899101670753541
0.06136143993732523
0.056927157769077086
0.05336224781125072
0.04964949203730975
0.04776251822447831
0.04291906803707098
0.040219380965649705
0.037671245975371914
0.036221979259552756
0.033511379526707186
0.030958822255112876
0.029381898321899337
0.027827726801125472
0.02511399111189761
0.0236482707549513
0.021634475226045915
0.020110366169604946
0.018763366415254966
0.01684467035925923
0.01593111228374148
0.014659065918104642
0.012969371493854949
0.011819388021849
0.010214918640460497
0.008575757189647577
0.00835170085624062
0.007581031556253757
0.006355644302908116
0.005617504336909888
0.004834218663111593
0.004234629647552133
0.003619903294798276
0.002990399891936391
0.0025003389266174533
0.0022385521058940067
0.0017299316175274138
0.001363884298770238
0.001145000150867129
0.0007729881436956121
0.0005757973059728927
0.0004619140699604095
0.0002184728766006225
0.0001012674526997804
7.903327765607892e-05
7.136784449737029e-06
3.5446030317721904e-05
Gbb RDFs at 50,000 MC steps
0.0
0.0
0.0
0.0
0.0
0.0
0.0
0.0
0.0
0.0
0.0
0.0
0.0
0.0
0.0
0.0
0.0
0.0
0.0
0.0
0.0
0.0
0.0
0.0
0.0
0.0
0.0
0.0
0.0
0.0
0.0
0.0
0.0
0.0
0.0
0.0
0.0
0.0
0.0
0.0
0.0003101341094746362
0.007384216918544052
0.028163313392225223
0.08495150696864548
0.18264716990191063
0.333934143576372
0.5098212251509777
0.6484362216038105
0.8092571862116723
0.909348985571231
0.967844283181306
1.043979270162179
1.0117866345188924
1.039188973283013
1.0051724220111298
0.9831500626090303
0.9637961651956662
0.9573373773417672
0.9566991151978251
0.9108738659562919
0.9070016493471718
0.9111020762983181
0.8820504385872763
0.8803516516584982
0.8820017521835715
0.893694579573145
0.8725408224479335
0.8862928586384191
0.8716634524335063
0.9011048316549861
0.9142076331390843
0.9259314996481186
0.9468273604861177
0.956457593004543
0.9894303429021065
1.0236342528362163
1.0515508297608083
1.049829433599116
1.0869018011344838
1.1284691069669366
1.1306736191087718
1.1482079556003653
1.1582119392439256
1.188350624851888
1.1982225976809557
1.2068231872760695
1.2142321551080388
1.2162715392322416
1.2392133688570564
1.2682624092177586
1.279147938887801
1.2952119565345936
1.2857308515201726
1.2849691118338542
1.2881669643150053
1.289499541942519
1.266245242302519
1.2264907306180812
1.1781191008269816
1.1841549631507478
1.1455466619837706
1.113604839481253
1.0928537019891535
1.056546320696356
1.019931166477038
1.0057154215134008
0.9691562682127427
0.9385313505463175
0.9246385162513827
0.9091426356505116
0.8960118752776903
0.8900373392421541
0.873923124447315
0.8658576961586009
0.8707833492434631
0.8593548358274602
0.8556102244970502
0.8498046215429973
0.8612442919297347
0.849277366843829
0.8651951741818619
0.8666227554614304
0.8776858676568136
0.8919140395089449
0.9012085918983921
0.9122265766820444
0.9230074449019623
0.9423518174741832
0.9599370851483887
0.9705896087809626
0.9845082167485496
0.9945684521418628
1.0004470141406232
1.0153724270731943
1.0248800266634324
1.0496799711156652
1.0416191154524703
1.0528390470602704
1.069064190388461
1.0657649372678213
1.0776557118773435
1.0688296635635095
1.0696141783611093
1.0825265253806915
1.076877953902892
1.0756793589105478
1.077968489136211
1.0658567613269594
1.0630384931527461
1.0589936499152688
1.0573203734230145
1.0492155223445858
1.043747212863282
1.0497316776985042
1.0268949323719292
1.0255325174117362
1.0146910533977476
1.008676132772056
0.9933560713695573
0.9870582806363014
0.9735921982030119
0.9818573928733451
0.9685194465131859
0.959296496713077
0.9475936052412232
0.9474508236286722
0.9374988943306686
0.9406265069983694
0.9335622650106749
0.933805441366752
0.9400336121648863
0.9382355370825224
0.9382622542594113
0.9238611935464618
0.9099281504871316
0.894517508464881
0.8893581197271371
0.8825947776202032
0.8734519697632168
0.8617418591754747
0.8553584474300268
0.846314184576795
0.8358430160725482
0.8230714914765648
0.8164899403370555
0.8020482810906308
0.7877223237260877
0.7693578591478639
0.763693457116874
0.7485147431297786
0.7282428658141046
0.7160515249438067
0.7007650085620233
0.6886494258179302
0.6718907712323988
0.6534548596215425
0.6381647832741313
0.6320317391106656
0.6118520397237289
0.5956486626319968
0.581319135979916
0.5652017254132401
0.5565317884166622
0.5431890899617676
0.530688344246954
0.5204404453952101
0.5081347705832427
0.4923906402453261
0.48098512768189733
0.4703076000163803
0.457078320014708
0.4438387947941181
0.4399980340418495
0.4212209873396496
0.41033694811686144
0.39767549611160014
0.38809521728901397
0.3780071731637441
0.36925924261292375
0.35693799857381625
0.34403983392092724
0.3377882459042718
0.3198895133169456
0.31330596786017473
0.30331417834125957
0.29198626190731397
0.2852092509130019
0.2762496475235061
0.2663346186260543
0.25556737789834355
0.24729370773143045
0.2386120782303464
0.23133141110770544
0.21872673602726755
0.21071323452734206
0.19969976163605888
0.1902016487266078
0.1802337818758538
0.17251881596546773
0.164376275729449
0.15389143482819842
0.1455542931016524
0.1361553397646161
0.12817538480946988
0.12094237998072513
0.11157750692749671
0.10570924872921204
0.09938387771744042
0.09162440401282514
0.08874211927452787
0.08256272104025049
0.0764062171666105
0.07205998276279287
0.06914142741521678
0.06261419509508566
0.057792170022652384
0.05448922446308767
0.050222997856091106
0.04852572881654906
0.04405035612306463
0.04171870551236545
0.038707181991579374
0.03669263427668325
0.03366707601535272
0.031725975689737514
0.029344009475429585
0.027670143792213046
0.024954029385070235
0.023223113481400888
0.02129301649119533
0.0197870707411221
0.01855804773907884
0.01668196129122368
0.01584610101221671
0.014576360767847059
0.012955966458719183
0.01167798788365658
0.010233085836102385
0.008703655671634673
0.00835495687996625
0.007584264405531478
0.006593178483925895
0.005794395962838115
0.005133291438014405
0.004305337749273784
0.0038383457350016203
0.00312365087157708
0.002492645576074015
0.0023164812235735937
0.0017845610370282791
0.0014106029874573953
0.0011315295608569276
0.0008324487701337361
0.0006023725662485647
0.00046924603932486047
0.0002388636784166806
0.0001041608084912027
6.897449686348706e-05
5.709427559789622e-06
2.835682425417752e-05
Gaa RDFs at 10,000 MC steps
0.0
0.0
0.0
0.0
0.0
0.0
0.0
0.0
0.0
0.0
0.0
0.0
0.0
0.0
0.0
0.0
0.0
0.0
0.0
0.0
0.0
0.0
0.0
0.0
0.0
0.0
0.0
0.0
0.0
0.0
0.0
0.0
0.0
0.0
0.0
0.0
0.0
0.0
0.0
0.0
0.0
0.0
0.0
0.0
0.0
0.0
0.0
0.00013954395087296633
0.00354700079235743
0.029104310336483225
0.12265498352328125
0.36675358730512964
0.7888195519877709
1.3428292697946982
1.9276772926052772
2.4214329797039893
2.7507224370860204
2.946517349181371
2.9512041302192746
2.856886439753195
2.728216889555672
2.468484670668431
2.2392804148904313
2.035903464139132
1.8259903165579403
1.623445862483154
1.456943518224578
1.3093693225212668
1.1843564536161826
1.0771234970436854
0.9865089787987863
0.9019542045809905
0.8432211408265506
0.7868916151171198
0.7378572491737811
0.6993297933919523
0.6755980800215162
0.6595341163783107
0.6407431032552039
0.6286857920813226
0.6176091627730294
0.6105097605285089
0.628088542752635
0.6306335513365424
0.641702004240637
0.6595558200023285
0.6701473411408223
0.6896875719888859
0.71153518156472
0.734185295872455
0.7672565336998344
0.7986769582737918
0.826248390399669
0.8565516353859757
0.891563951512531
0.9243772793619057
0.9529242771053273
0.9932771866908711
1.0248748517107173
1.0489813792833658
1.0788662775722355
1.1132434796001394
1.1353366524809358
1.1593555663236403
1.1758940622409664
1.2172576031070406
1.2086492658950128
1.2160468102163435
1.2341472002609826
1.2323748471084885
1.2414877982594124
1.2424413408638415
1.243351527295499
1.2272703316995877
1.2227382373093831
1.2000875417127337
1.1933536329037016
1.1704937755387745
1.1493422240086455
1.1163957297249953
1.0930752925293714
1.0755083494576065
1.0352661953881166
1.0121589905938668
0.9837973313161344
0.9663327062011724
0.9424086726244285
0.9271899472019671
0.9034146606453237
0.8942099202013908
0.8956721090912292
0.8914240434749708
0.8870940979153084
0.8798165678225599
0.8851096866542216
0.8999604025895009
0.8913851127245875
0.8903407006017845
0.9032509095843925
0.9065431847744233
0.9163016867195863
0.9245074907414135
0.9295482781623726
0.9436326657976374
0.9566589417786197
0.966524944903987
0.9825469301749663
0.9990673215048164
1.0104719513779312
1.0224480472783206
1.029798785040069
1.0455915723406006
1.0549191781884797
1.0660070319075456
1.0758366116187958
1.0783335826906286
1.0885401369258887
1.0945174151868156
1.0993427570610375
1.095644535104706
1.0953140504391066
1.1195580887868726
1.085193583323725
1.0809758608360671
1.0764485706633258
1.0717617683125644
1.0636852640165104
1.053704633538332
1.0485983513693213
1.0367606808859637
1.0312905477160876
1.0276434445081324
1.007139629829447
0.9743200399218162
0.9519919822330897
0.937125882399597
0.9128217586046111
0.8924470522107599
0.8790071641927737
0.8582372270284779
0.8400612351540115
0.8258598077791445
0.8123342955167981
0.787571181839182
0.7722446906982994
0.7538988403435466
0.7361861516461156
0.7209926836982796
0.7092427639648897
0.6973449541646951
0.6843731645650013
0.6686114204566397
0.6605995339207609
0.6464144779296469
0.6350364360515814
0.6274032142005191
0.617286779253229
0.6095017957057584
0.6039235737513775
0.5964169109998024
0.587803845930833
0.5794133807782617
0.5768261374126258
0.5605610484158233
0.5539817031111375
0.5471009542416543
0.5348632541298761
0.5240932621984445
0.513269397671597
0.5032017173685869
0.48928698251113223
0.4836786446694009
0.46561719673868107
0.45289038339633186
0.43602783477192836
0.42529209475948665
0.411078047506243
0.39695707259638563
0.3826052545656909
0.3723012591137959
0.35145697646206153
0.3370889675460121
0.3227800420926393
0.30964600306579243
0.2943243774741618
0.2826858439893799
0.2702282653083115
0.2587113726378449
0.24984265599005565
0.2377557877621015
0.22786591812590543
0.21923044907280506
0.2096834526822401
0.202462949218208
0.19206831140646421
0.18553838847313617
0.1788275290224929
0.1706683030910374
0.16399547990872826
0.15681862690142018
0.15086026435626823
0.14193671446870076
0.13469959370036252
0.13057927756291982
0.12191317830874142
0.11718418308118977
0.11274798365086389
0.10761878913160053
0.10220887970409376
0.0991429643070384
0.09410305599106437
0.09080259723013821
0.08297095206811606
0.07715104648637543
0.07148063531845585
0.06704437290752878
0.061251259626365455
0.056583493327528996
0.053180439691027606
0.047286861615790925
0.04355370483233041
0.040076449678075166
0.036109347277394
0.03323511880800881
0.030434746050820343
0.027624174188862115
0.025841242600511315
0.02381794142481754
0.02199433895153009
0.020077882361000974
0.018600055612028547
0.01709643092899462
0.015510452740971232
0.01482689223012077
0.013275360126651016
0.01240550356320115
0.010847740819383288
0.01028518602453213
0.009302148540427907
0.008588822672592115
0.00756527579123731
0.006782511523321706
0.006184213378729981
0.005590255668145126
0.004848881475703417
0.004521400969811136
0.003893414329965424
0.0035006899659994644
0.003077370326091163
0.00271991462669438
0.0022497739515420115
0.0019453423146201792
0.001503329470692004
0.001248211992869498
0.0007986673665153828
0.0005174290294982159
0.00032412538556611075
9.783012739248604e-05
1.590148599013864e-05
0.0001439143412392502
Gaa RDFs at 20,000 MC steps
0.0
0.0
0.0
0.0
0.0
0.0
0.0
0.0
0.0
0.0
0.0
0.0
0.0
0.0
0.0
0.0
0.0
0.0
0.0
0.0
0.0
0.0
0.0
0.0
0.0
0.0
0.0
0.0
0.0
0.0
0.0
0.0
0.0
0.0
0.0
0.0
0.0
0.0
0.0
0.0
0.0
0.0
0.0
0.0
0.0
0.0
3.640253597422187e-05
0.00010465796315472476
0.004149321681625673
0.029232806187858427
0.12376610063622491
0.36909810368295015
0.79930021144688
1.3389517574653709
1.9231457590065928
2.410214833710088
2.7338568232621188
2.9271383184117443
2.9335859622868288
2.8369651185240414
2.683831162410157
2.444052470393887
2.2235227544948124
2.0258307256546955
1.8263119602775706
1.6368758103996341
1.4703107890016525
1.3221361571389472
1.1992527530242896
1.0925067852098815
0.9987508628386543
0.9167044969672759
0.856878484018172
0.8019720288053436
0.7500537055874326
0.7121995384247558
0.6827938788033501
0.6639243705011644
0.645482062852263
0.6300059326114458
0.6134671511200851
0.6122873230130633
0.6234510265375033
0.624142067412115
0.6364325735925177
0.6525676767434146
0.6675068120738173
0.6853387281073151
0.7093844961289171
0.7347454126091406
0.766180141037881
0.7986487530839763
0.8312161474399502
0.8610535466008455
0.8961121175924169
0.9284164241813463
0.9585875902054956
0.9929873794122053
1.0208183833205573
1.0485758944244687
1.0746267498843558
1.1056565171609274
1.1222704438604791
1.148443759760047
1.1657090735815259
1.1935237601582762
1.1986558406372683
1.2114287040094636
1.223201579124826
1.2314951608163118
1.2419712888497556
1.2403393069392068
1.2443217489798972
1.2338388621076306
1.2279497076953538
1.211310261363537
1.1956502836231175
1.177192834419146
1.1543591539947347
1.1233189089945306
1.1011308667995916
1.0778224861314685
1.0445505765167655
1.018950618500811
0.9900537233306159
0.9664326589009522
0.945891277694778
0.930487401606177
0.910531802852989
0.899753144929011
0.8969755166726793
0.8895895941024453
0.8869461412941737
0.8796134034493993
0.8800100958964776
0.8894481887386189
0.8890362273196317
0.8876802951414875
0.898798628367504
0.9046420983266672
0.9150296768408969
0.9244956967488286
0.9319167268611099
0.9476883497765864
0.9591771597441323
0.9713064822851039
0.9846997884888746
1.0009269735746273
1.0119032956589107
1.0228917997892295
1.0323634819413392
1.044408404012786
1.0556942617420355
1.0631440618283077
1.0709660808130919
1.0752898703133722
1.0821028173363278
1.0893832454196966
1.0889842501898743
1.0898060068571485
1.0894747140899057
1.1033337464267943
1.0854439782172813
1.0812585366479182
1.076573651159836
1.0725348212689922
1.0656870314466171
1.055438484826032
1.0531367420342386
1.041722398783611
1.0355497963614453
1.0300092392854308
1.0117133528547435
0.984452754961636
0.9601631989245716
0.9402897588140362
0.9161191781919993
0.8969066392016678
0.8790837482552174
0.8582909731258599
0.8387783337491845
0.8242875425169284
0.8077304959122728
0.7857104056560804
0.7708063861180672
0.7558500971655056
0.738032806487229
0.7256945470592295
0.7136246072645186
0.70166532942766
0.689630866249529
0.6778217305856266
0.666538748354802
0.6529862176022393
0.6429847951135639
0.6334890089023395
0.6218430105582763
0.6147929672571085
0.6070879456529553
0.5959798320939212
0.5874729348322837
0.5781047803338395
0.5711883682242089
0.5593844852962591
0.5479849997749997
0.5408959287692148
0.5276253943610956
0.5186745580545462
0.5064974602843372
0.49489453098733627
0.4813285547262348
0.4728953496531237
0.4567637205105979
0.44461525883678754
0.429826189602475
0.4190173600482701
0.4059157673185108
0.39161752192293764
0.37931602987010116
0.36739021925590426
0.35172896188753705
0.33881046270644005
0.32654990081644153
0.31379821127781254
0.30217077857167196
0.2904024378206948
0.2781760652100674
0.26666701958136646
0.2569147270192931
0.24633107665630563
0.23632696113139975
0.2257400050903492
0.2171739156094852
0.20913000022784656
0.198924826622122
0.1907514486207872
0.1832056862806103
0.17360580740834428
0.16598816821409126
0.15791507832511575
0.15050643257092328
0.14122545181228133
0.13320311001965457
0.1263164668649274
0.11799854704862253
0.11226178393230311
0.10679151573227262
0.10128373682809257
0.09594765530637715
0.09185449089600137
0.08663682936200448
0.08283686764553559
0.07650651684061983
0.07206774475395142
0.06752852837745787
0.06373930067740152
0.05902474595020587
0.05521829071493546
0.05198244856964864
0.04768428913715764
0.044529220592530415
0.041186103213509
0.03836089816267536
0.035471879942140384
0.03284927340849356
0.03030976473475157
0.028105509997699712
0.025859604979429646
0.024162764148002423
0.022243250435991794
0.02054289542899347
0.018719577400704294
0.01718107012203812
0.016023356138257554
0.014058844553389153
0.013179162287339929
0.011598310585644717
0.010655215575404784
0.009627916561536063
0.008592853091490564
0.007587285321441915
0.0066831777283111364
0.005957360256384224
0.005175001918444087
0.004421954286005502
0.003971918451267238
0.0034570834136761954
0.0029521596557666864
0.002491970131914633
0.00209628779239705
0.0017255728898643125
0.0014080572943917487
0.0010957560585031683
0.0008562039804675838
0.0005527141206907593
0.00035787338799789497
0.0002139943843930952
7.470664273608025e-05
7.95074299506932e-06
7.19571706196251e-05
Gaa RDFs at 30,000 MC steps
0.0
0.0
0.0
0.0
0.0
0.0
0.0
0.0
0.0
0.0
0.0
0.0
0.0
0.0
0.0
0.0
0.0
0.0
0.0
0.0
0.0
0.0
0.0
0.0
0.0
0.0
0.0
0.0
0.0
0.0
0.0
0.0
0.0
0.0
0.0
0.0
0.0
0.0
0.0
0.0
0.0
0.0
0.0
0.0
0.0
0.0
2.4268357316147914e-05
0.0001860586011639551
0.004283170768129727
0.02859032693098242
0.1264410122044226
0.36695143678849007
0.7971393488699338
1.3352942458355799
1.924320601050696
2.413272779353073
2.7387225364120944
2.9115208194131266
2.9299979280864874
2.833733832788955
2.6674158983334078
2.4393769158836536
2.2223540277647027
2.0190504972950167
1.8204782261470276
1.6317019780055804
1.4703285882969614
1.3211859867682132
1.2005835785720107
1.0937561341781816
1.0003081529601554
0.9181826055988868
0.8595440619656594
0.8049783979109831
0.752341722992164
0.717290360315414
0.6883846333709179
0.666287681426999
0.6487733618356653
0.6321895612870584
0.6209940325109192
0.6186786476797502
0.62401770557626
0.6297379147139257
0.6394678244400396
0.6543084314843356
0.6712905183995788
0.6881248668588651
0.7150526577447716
0.7410311670986127
0.7698450017678649
0.799949325725466
0.8315350651758695
0.8611675950182889
0.8946783288023753
0.9277547409132042
0.9595681041153754
0.9896946167126988
1.01784363983444
1.0466014746867016
1.0686934893211715
1.0983242362403194
1.1173905945400715
1.140750385031372
1.1622852451220536
1.1838444634610545
1.1933352670046729
1.2067969750704102
1.2227402181850615
1.228637274503918
1.2365540453908443
1.239060358587471
1.2439361480540467
1.2352095972904562
1.2274053451972804
1.213332160382294
1.194575420155108
1.1758416199896582
1.152010445990074
1.1247924731596493
1.1007477843084998
1.076923136548539
1.0477572723717452
1.022102154044256
0.9933952054292595
0.9710871229540317
0.9492361526211022
0.9328228967226193
0.9167686376743969
0.9053933721779727
0.8984453167113358
0.8937394857764381
0.8886842579646741
0.8813211619484306
0.8825076770355093
0.8894281818063307
0.8880420348160951
0.8902768619731076
0.8978261024242757
0.9060335318118333
0.9164691613744608
0.9265832334363473
0.9357788617004583
0.9497767148540281
0.9618612483540798
0.9715072622373436
0.9864443250101396
1.003452337669429
1.0106313862354965
1.0231993742809178
1.0313904262064397
1.0444324103266835
1.0546055344797627
1.0640471612970988
1.069973508184441
1.074418533044589
1.0799570441398079
1.0850867893846665
1.0844932661662805
1.087082185429521
1.084951341906616
1.0931955443989627
1.0807182714166699
1.0765296058788267
1.071893313511354
1.0668839670063315
1.0622087830751552
1.0529246810173276
1.0497054562393215
1.0397433738095263
1.0349802719081245
1.0279503198487774
1.0133719557100709
0.9862892823241222
0.9633884297667331
0.9422644129682285
0.9188253363361315
0.8991226916727801
0.8812058679209966
0.8611590603225083
0.8423725515581882
0.8272138356138797
0.8094573146551065
0.789897931287566
0.7750334291609361
0.7609230598995789
0.7431322291693885
0.7316084463087799
0.7180522332207999
0.7051279132888457
0.6928786104693997
0.6802951277825432
0.6676504038938392
0.6561074085279938
0.6448421865243831
0.6354338545188377
0.6227787198061585
0.6149947663246658
0.607251757834729
0.5955269313271938
0.5868600639811243
0.5762262116958469
0.5686871720197463
0.5572613495861569
0.5453850480460861
0.5369835381213773
0.5241039906837403
0.5133655442779333
0.5025719094138614
0.49083539198843795
0.47679627747432973
0.4673289076544035
0.45280269488568203
0.44062160175595017
0.42687392136870395
0.4154466484171799
0.40362067419666076
0.38899683251481026
0.37798110475972724
0.36587083566713535
0.3516436966152649
0.33924203977834605
0.3280746981661363
0.31514236065346835
0.3046717148025928
0.2929529642873072
0.280876475987498
0.2706319156971685
0.2607786617982178
0.2502027593149413
0.24020512436738567
0.22955193372697666
0.22078615155457063
0.21234947267295134
0.20190982030264779
0.1939879078702727
0.18559202357537546
0.17652656585780907
0.16744762788959322
0.15943419187459135
0.15113153539169935
0.14190522276348297
0.13368052133103128
0.12635850641816204
0.11778918735458993
0.11150385548813475
0.10557379501816304
0.09993791300540007
0.09402373944909832
0.08993585042832611
0.08480957743721775
0.08017996518293186
0.07464060460981593
0.07035942873399464
0.06615282571533927
0.06246317221690606
0.057734620257500105
0.054092888909075744
0.05090539526058849
0.04695099639675357
0.0439504068418291
0.04060365021669414
0.03794165961630383
0.0351518027871126
0.03269700591746912
0.030239414545815597
0.028233703958676117
0.026018009910390934
0.024408795607018082
0.022287323660074024
0.020636128790457273
0.018894706362125598
0.017366929839136507
0.016099472429100616
0.014239916509790857
0.013227559169100173
0.011792216355163558
0.010719272256402994
0.009572776179977777
0.008702346138231728
0.00762130004993994
0.006766618116120014
0.005989579975210144
0.0051684727714362095
0.004447563434058756
0.0038653697027973893
0.00336789929232477
0.002845500984332535
0.0024304983829300216
0.002016769109710543
0.0016459788971066077
0.001311716532143892
0.001018780192092786
0.0007809701195015599
0.0005142933799530874
0.0003245199488142121
0.0001868347065970399
6.106971588743067e-05
7.656271032288976e-06
4.797144707975007e-05
Gaa RDFs at 40,000 MC steps
0.0
0.0
0.0
0.0
0.0
0.0
0.0
0.0
0.0
0.0
0.0
0.0
0.0
0.0
0.0
0.0
0.0
0.0
0.0
0.0
0.0
0.0
0.0
0.0
0.0
0.0
0.0
0.0
0.0
0.0
0.0
0.0
0.0
0.0
0.0
0.0
0.0
0.0
0.0
0.0
0.0
0.0
0.0
0.0
0.0
0.0
1.8201267987110934e-05
0.0002267589201685703
0.004333364175568746
0.02883125665231092
0.12779390017064568
0.3683413294090967
0.7988147313084472
1.3336992407639419
1.9211714943685692
2.410674803249701
2.7346828438222075
2.903450191119633
2.9163127976428775
2.820879096303849
2.6580255070929972
2.4381837476703594
2.2227368865211177
2.0180516824646806
1.8195006815089365
1.634564098053355
1.4732031744893683
1.3236477918196603
1.1997308437147525
1.0972325834812768
1.005251889227226
0.9213928727831672
0.8593044594535257
0.8085724417529431
0.7562299343876013
0.7212511670395656
0.6903662801382517
0.6713681446557342
0.6519007345436976
0.6349315512875187
0.6254619795871891
0.6222594485514138
0.6265966734465203
0.6321971522470349
0.6407649715940048
0.6551895764098947
0.6719410072998834
0.6894459695510209
0.7154446050905487
0.7423905147344287
0.7695534787552525
0.7992128568802851
0.8305215814093183
0.8610220332223414
0.8984787505235203
0.9274972598153838
0.9592680330481278
0.9883297624336495
1.017463683961895
1.0445051444684819
1.0683648739703644
1.095536747019199
1.1149843842943128
1.138266754985248
1.1569188445155756
1.1778025644267198
1.1920351964040123
1.20408945705089
1.2191429401329834
1.2251568241364883
1.2330782852580446
1.2381676273122497
1.2416163231291721
1.2350884104503699
1.2271151519538217
1.212454955165985
1.1952820075607868
1.1763262327597277
1.1534034148186139
1.127662432294207
1.1036136750201573
1.0773772547667968
1.049040650102146
1.023530838688815
0.9970743905059574
0.9735867733876917
0.9527261360920243
0.935271373634605
0.9184807878705922
0.9085748984222899
0.9008626293535288
0.8945535321687953
0.8912368833070767
0.8843480166674037
0.8842394493235486
0.8884063991930381
0.8883729629157143
0.89214344796377
0.898470349568102
0.905028382913392
0.9162398805969539
0.9273144609766083
0.9362950620578756
0.9492154428487731
0.9608528302316627
0.9707896598154495
0.9863116815535473
0.9999085065363943
1.0084462958181906
1.0220500787566322
1.029529457113445
1.042601071523631
1.0525685426952722
1.0607671619317172
1.0663181368925503
1.07185063809244
1.0763082655540124
1.081290105746621
1.0834556399738526
1.085248427573284
1.0826315985723571
1.0886183644796696
1.0795105135074725
1.0761350375581178
1.0724779921113199
1.0668734297293543
1.0627525255756736
1.0535629515156313
1.0498681026976855
1.04187445584784
1.0373869865749705
1.0307733053588681
1.0163664348683332
0.9892353964604309
0.9663568829463338
0.9441641018223478
0.9229250016852022
0.9018396669403501
0.8838628407970684
0.8631220143791585
0.8438845712616174
0.8278406708526659
0.8112672444277618
0.7907866311354835
0.775149048500183
0.7611331307297663
0.7430013490162295
0.7311587839794192
0.7182689624099542
0.7050321972124973
0.6932379445916781
0.6802976319451666
0.6686650550960307
0.656682032811586
0.6452236522734311
0.6348606296371659
0.6230529091173571
0.6150775039423643
0.6060101813594571
0.5948287917173474
0.5856881687593386
0.5742584643609009
0.5664787098300037
0.5558386395780894
0.5439344958266731
0.5352295792840192
0.5227872330619439
0.5115309728850851
0.5012682209328916
0.4900235641886583
0.47666274879386134
0.4662983240304045
0.45229950459799284
0.440339547566038
0.42719669205062677
0.41573337882110045
0.40328508679994146
0.39010001796089816
0.37826578619536894
0.3663421713288126
0.35302979694330827
0.340536770994064
0.3288657166035432
0.31673548494278614
0.3057917739826149
0.2935432540461186
0.2820126431356158
0.2722158970184604
0.2613816949279758
0.2514616041526115
0.24098564607813006
0.23081090810266217
0.22169673400995635
0.21253571121349774
0.20197590432194967
0.19399098300331194
0.1851111909181837
0.17645469817498657
0.16737889859387584
0.1591611082283893
0.15072485565379967
0.14152777218237234
0.13339853633216206
0.12556440138364036
0.11736915123888932
0.11095184327262328
0.10488267374052747
0.09920781857326152
0.09346521749803981
0.08926293533459949
0.08418446493663283
0.07959818443292375
0.07437804351514171
0.06996827989386112
0.06603068956909994
0.062093396411030226
0.05775176875975246
0.0540376872382187
0.05079859303672252
0.046943203700256175
0.044111059556202106
0.04063933409594564
0.03809758893940932
0.03537835090333357
0.03300904176114482
0.03030194804709202
0.02838868196049053
0.026161014361953203
0.02450669865801692
0.02235758793945102
0.020663919503970524
0.018891502783563014
0.017386187167238908
0.01590497250618597
0.014199871750202018
0.013178643749321069
0.011716198429591129
0.010612283970054918
0.009497507867727968
0.008571693392273714
0.007524758246997015
0.0066856610731864
0.005908537519183724
0.005122115827680275
0.0043806230660461375
0.0038487918763738327
0.0033079637269004263
0.002796933196447341
0.002373755230021149
0.001971374586129663
0.0015977872218040905
0.0012649356812446926
0.0009559114565783306
0.0007173106986841551
0.00048419209094995085
0.0002965751754440994
0.00016071963179314054
5.73640292437759e-05
6.18391121838725e-06
3.597858530981255e-05
Gaa RDFs at 50,000 MC steps
0.0
0.0
0.0
0.0
0.0
0.0
0.0
0.0
0.0
0.0
0.0
0.0
0.0
0.0
0.0
0.0
0.0
0.0
0.0
0.0
0.0
0.0
0.0
0.0
0.0
0.0
0.0
0.0
0.0
0.0
0.0
0.0
0.0
0.0
0.0
0.0
0.0
0.0
0.0
0.0
0.0
0.0
0.0
0.0
0.0
0.0
1.4561014389688747e-05
0.0002093159263094495
0.004376865128682564
0.02887301780400786
0.1285809414589808
0.36962636180352226
0.7968385415684733
1.3356792470597685
1.9157840044234669
2.4038519217454386
2.727939064025662
2.8972365215485363
2.913437770238758
2.8207701515783765
2.6579997014376797
2.444135714687838
2.2230310832497313
2.020513256733842
1.8226679261363512
1.6378445279542657
1.475575820554061
1.3259126524669917
1.2051710125188617
1.098634027106587
1.0082688089032867
0.9227277896410907
0.8616885044492559
0.8081936101047364
0.7582622043923412
0.7209100911787176
0.6914691876150935
0.6715594811040735
0.6510947282079175
0.634683713584222
0.6247562585401625
0.6210992927698279
0.6248781325249029
0.631383176610598
0.6404276398412172
0.6538447087780943
0.670513438397921
0.6880508439842852
0.7138506858843883
0.7415631142216403
0.7667029603308296
0.7983648208398343
0.8289346590214507
0.8615001361933606
0.8983791492120811
0.9281436955995207
0.9584219171655503
0.9885972131508178
1.0167294631832757
1.0449042687805725
1.0704121605946402
1.0955390391528665
1.1147873422721122
1.1374731690533504
1.158046905892223
1.1771618355318574
1.1920601799671566
1.2038244949101113
1.217538206429454
1.2246808744634823
1.2350541501372467
1.2392756271219219
1.2433316253122295
1.2383323479328165
1.2285525091086624
1.2159527617953207
1.1976476737942456
1.1769294331252966
1.1539723739175949
1.1275918776010145
1.1046241454400558
1.0775153564715272
1.0482160711680084
1.0222390875755107
0.9967143432707084
0.9731974576220495
0.9536651605382527
0.9351716268493968
0.9187853996502774
0.908255259468902
0.8997893980045474
0.8934815400416745
0.8893735265875757
0.8828304671322299
0.8826329912111261
0.8864625828145756
0.8870844556342187
0.8914914612735
0.8973172702852029
0.9040725813652969
0.9148741646613706
0.9263379183905824
0.9370838988994353
0.9486447419834976
0.9604498399614333
0.9720917549871969
0.9872194029039602
0.9998488095341532
1.0094225368676866
1.022487491945957
1.0305091157265451
1.0425571742639324
1.0537264295235316
1.0620917449380392
1.0676638807123253
1.07314852913502
1.07779048811752
1.0822829869086306
1.0840600428702374
1.0852496652051329
1.0841022801970932
1.0872409854147256
1.079947214125401
1.0755449518008788
1.0718874958138418
1.0666395021804573
1.0626097044384617
1.0543757293765483
1.0503360809165236
1.0413481466219219
1.037147894613505
1.030591588769073
1.0166510691063448
0.9902091830619353
0.9661588711783594
0.9438584478488689
0.9226811695088171
0.9011763502198537
0.8824974210773057
0.8626473386190999
0.8427874610395234
0.8258588519947905
0.8096599322557712
0.7890607378490718
0.773930883141877
0.7595160809672308
0.7425652578546087
0.7306140395243149
0.7175022505970111
0.7049984408558002
0.6931958656260512
0.680820286458429
0.6697887476695671
0.6582494957354135
0.6474017523430865
0.6370366873975528
0.6253978902673331
0.616579292603125
0.6075058664874313
0.5963718186963902
0.5866775733634628
0.5759935716168384
0.5668820109217594
0.5562250616818172
0.5445669165174899
0.5351919278828345
0.5225317574710234
0.5114371876210562
0.5007938231800942
0.48931766855833436
0.4767879874453871
0.46521612324140144
0.4519683054478972
0.43983530374897056
0.4263125512992961
0.4149664103022389
0.40235557408559214
0.38935224791644585
0.37723961403971223
0.3651036286420967
0.35203073619294556
0.3402874510053124
0.3287755643514809
0.31638849585425216
0.30539804832244727
0.2931023942821951
0.28224693445704396
0.2725141387247545
0.2618761820943774
0.25176797121836814
0.24140121647964316
0.23142529151469707
0.22217377049031511
0.21278200807409633
0.2024552878179254
0.19385203429967598
0.18537717347099122
0.17645344223489842
0.16760224574143526
0.159051051402131
0.15072363085146578
0.14155179585463848
0.13314100193129602
0.1255233796301156
0.11731200525951185
0.11085258555563855
0.1048467898428883
0.0989686799863076
0.09333864185009735
0.0889436536662638
0.0837757793459494
0.07921078689821252
0.07428520059514405
0.06995897071478487
0.06595789399537123
0.06209436104356729
0.05782522815777298
0.05419118349718249
0.05082073879196531
0.04714893088778718
0.04422554636420655
0.040702183767143456
0.03818292168985605
0.03541406199087799
0.03297663803891695
0.030410488338593247
0.028385467875589966
0.02614737393734265
0.024426556457905604
0.02240624911390902
0.02060529006320386
0.018912646402076076
0.01736000426792904
0.015824050716796597
0.014231837914812934
0.013183310591490806
0.011698180636848226
0.010646220381902907
0.009517703455329379
0.00859325613338041
0.007618899010281257
0.006761452758779466
0.005973141343156103
0.005166383444393688
0.004449378766072658
0.0038960145392153036
0.00330115504666822
0.002776934695553438
0.0023559757087763694
0.0019324918286900401
0.0015748417660794082
0.0012353850051321287
0.0009255504574762277
0.0006860597102828837
0.00045669252139834163
0.0002844958217937926
0.00014684133489735403
5.300614175083789e-05
6.007228040719044e-06
2.878286824785004e-05
Gab RDFs at 10,000 MC steps
0.0
0.0
0.0
0.0
0.0
0.0
0.0
0.0
0.0
0.0
0.0
0.0
0.0
0.0
0.0
0.0
0.0
0.0
0.0
0.0
0.0
0.0
0.0
0.0
0.0
0.0
0.0
0.0
0.0
0.0
0.0
0.0
0.0
0.0
0.0
0.0
0.0
0.0
0.0
0.00020703542490570808
0.003413595261609985
0.022007273985048325
0.07603671753651389
0.1836009075558187
0.30833572790209923
0.43635162490262297
0.5237082032487401
0.5595409363665704
0.5600517469664916
0.5362904102609213
0.49982984230026956
0.4507882498052917
0.414558510166573
0.3611346820321709
0.32672388344564285
0.29355743928876543
0.25703219932321114
0.22854755493850348
0.21044917026117455
0.19075154585611115
0.18208565139928398
0.16146519817934543
0.14776677483756268
0.1400784279354682
0.12959559997024764
0.12480286347236806
0.11696262706980516
0.11170303344693779
0.10718038536656707
0.10672655199368754
0.10375286911357506
0.10414633996624738
0.10110882222020322
0.10047918729975576
0.10183528903349184
0.10216858426437841
0.10460253468411226
0.10680594185549351
0.11181696941402393
0.11238655966471434
0.11804467502665557
0.12071808055726772
0.127823900148157
0.13125942010544503
0.13696317176943545
0.14557688051054235
0.14746171694730037
0.15621987377767216
0.1631513132486929
0.16939962661325764
0.17680596661283243
0.18165693893836368
0.18557835810332113
0.19196419798661313
0.1972317270961649
0.20209010369644897
0.20363572319580403
0.20922720983439622
0.21462849848956403
0.2154698024704835
0.21714681978480754
0.2180891161530852
0.22107506597424484
0.22029675456133652
0.22039506068046233
0.21984541036211122
0.21406062194503053
0.2101525584404373
0.20347023721440688
0.19963168056056155
0.1929482046712494
0.1891779908575151
0.1816650781576044
0.17772575795913192
0.1722653656049125
0.16834690268444377
0.164072883561995
0.16199010267210529
0.15823625246597187
0.15706567818341308
0.15418780644655714
0.1538156709594432
0.15101327795475442
0.14989079256358753
0.14905914881977111
0.15003636176117982
0.1493088068056779
0.1492976051710909
0.14942517688696438
0.15151830159046373
0.15236338859116264
0.1546318296814981
0.15521998630790698
0.15678827926493552
0.16175130584738856
0.16682106985100773
0.16517753035211089
0.16801218389306807
0.17078172568540295
0.17082374959667418
0.17404930128864957
0.17605367095363386
0.1776374962612391
0.17962824156056628
0.18040992098582376
0.18179919171388964
0.1833270112597753
0.18398264566400122
0.18414260987875444
0.18509847710263666
0.1844890824953291
0.18541841531231687
0.18491852712926846
0.18477691956232264
0.18508811589297694
0.18520682564184276
0.18374882500905676
0.18382560127407568
0.18188626684239745
0.1810285581030796
0.18083640695796446
0.18341567687241794
0.1772524960766819
0.1761845456472085
0.17369285355793843
0.17372902872565796
0.1713862773801678
0.1695801094420837
0.16816681334885267
0.16628959933207735
0.16635607775592662
0.16513381017706538
0.16366083235714968
0.15992313846259124
0.1562671998679969
0.15345835426000795
0.15254878127358779
0.14894132315538028
0.14655058119065592
0.14376424372912674
0.1425376138076807
0.1399448835736479
0.13868055764624468
0.13468359455964218
0.13307572924714442
0.13069350376292613
0.12978487241939968
0.12765071434052133
0.125034683960237
0.12363008233476791
0.12178363535670562
0.11944037703622072
0.11813437576967822
0.11562809106351221
0.11369783072725795
0.11211505102753377
0.11066170448847376
0.10824090929841518
0.10648761650588577
0.10504938463168645
0.10265945844999683
0.10066441182508462
0.10035540463334928
0.09735116045283
0.09576412321916444
0.09318972228526977
0.09017952124698989
0.0881282207844885
0.08694678306524715
0.084035771110062
0.08196217775762246
0.07992996934246444
0.07758890642620582
0.07486287131720352
0.07183663444145447
0.06972809144071462
0.06737162931021527
0.06422348443428018
0.062202493445677715
0.060531829272829976
0.056522394153534196
0.05401702708679628
0.05323893366333613
0.05027485251705731
0.04881952947406808
0.046610822148447514
0.04505937329874177
0.043768443192445376
0.04190849660841977
0.04021212344907171
0.039732230555415866
0.03791390522723795
0.03644703717318824
0.035422552154077955
0.03398925264096047
0.03293525120703713
0.03196809347455159
0.030743985730215872
0.02939915489571183
0.02829061441498121
0.026622328868870355
0.02561670365718627
0.02399590575446964
0.022880267231397033
0.021475821840227467
0.020324823536985493
0.019617965738091887
0.018628278864143595
0.017546613697611374
0.01667539562162468
0.01564504120608241
0.015205077752792074
0.013791142447265798
0.012838859635007359
0.012060689773248673
0.011321502541026601
0.010450243410892877
0.009670102571751082
0.008869468230358514
0.008170411597712288
0.007486567449082045
0.006820010790105073
0.00630011268096621
0.0058918044880047395
0.005467930807142791
0.004970828481198679
0.004543940127563798
0.004288065163796859
0.0038723132004752133
0.003621981463196403
0.0032950336473636455
0.002990325591065673
0.002742923142455513
0.0025285631394849945
0.0022586561267237786
0.002080554889045982
0.0019620097690633406
0.0017793940736752613
0.001659737889772408
0.0014762713000975077
0.0013213774182679909
0.0011951416522504013
0.00108684842572896
0.0009405271333508917
0.0008780509975512674
0.0007503717238614542
0.0006716779031888216
0.0005914533699623249
0.00047157009541167806
0.0004272035720529733
0.0003126181406717024
0.000253450554228401
0.00019885921321418097
0.00013937954093312435
0.00010429153610824873
6.350861443135477e-05
3.062181971634682e-05
9.733217574974491e-06
1.812771128297462e-06
2.400914709801944e-05
Gab RDFs at 20,000 MC steps
0.0
0.0
0.0
0.0
0.0
0.0
0.0
0.0
0.0
0.0
0.0
0.0
0.0
0.0
0.0
0.0
0.0
0.0
0.0
0.0
0.0
0.0
0.0
0.0
0.0
0.0
0.0
0.0
0.0
0.0
0.0
0.0
0.0
0.0
0.0
0.0
0.0
0.0
0.0
0.00018978247283023243
0.0037090025438646958
0.02360155093566972
0.07883854091888642
0.18739925269121338
0.31827283296763287
0.44233296310678316
0.5267334752829113
0.5676659604116392
0.5674904170291877
0.5446620514421157
0.5001359553562483
0.45420869471420294
0.412634464873664
0.363147360347575
0.3225458054909011
0.2921241728391269
0.2564840663522135
0.2297037271081247
0.20993787490096757
0.190120421790654
0.1784965974416602
0.16072498921299389
0.14854551028932297
0.1406859551941722
0.13046267658279073
0.12410637690397021
0.11841141988976009
0.11294378437383173
0.10820158805339124
0.1080752635123545
0.1050365102693444
0.10419373186935671
0.10148269234592883
0.10186947163107059
0.101830438810162
0.10218275204439103
0.10509012785370399
0.1082805182243755
0.11196113100140723
0.11392417612946693
0.11882981169543505
0.12199877999512768
0.12794255591288392
0.1328038302725876
0.1384787849342481
0.1461182090908077
0.15010973880045056
0.1570918640701966
0.16528230284619416
0.1710900605335542
0.17834421007607615
0.18341897523364517
0.18820547611865196
0.19219514625175582
0.19757236390551053
0.20136398904816624
0.20424568795538373
0.20900066312892882
0.21444814773327708
0.21377578052581894
0.21713882390328562
0.21794801227021315
0.22005270909752114
0.21953028208590578
0.21795455343164058
0.21559100888320176
0.21203845041939393
0.20782306902149522
0.20237259831644427
0.1976447036689324
0.19277182713601354
0.18828586655019536
0.18199689428949586
0.17699435903986638
0.1723598205935628
0.1679796326387906
0.1646004873703544
0.1603970706554088
0.15835702886414674
0.15601942825672505
0.15261934235962513
0.15206503023149393
0.15025444430573015
0.14849820819011628
0.1484269682431347
0.14893051402406418
0.14912375634317904
0.14889851112470207
0.15005610999905175
0.15133369935841684
0.15341773539979345
0.1551658051726059
0.15661381970927704
0.15799968774249312
0.1619804743641739
0.165508799622518
0.1658840470270189
0.1693121866380287
0.1711732723890994
0.1722956287535896
0.1745784260018786
0.17677567627890842
0.1786158719514998
0.1807276808138081
0.18139621139512366
0.1825926748403897
0.1838350056190318
0.1841348406025759
0.18471392024856204
0.18543572933192906
0.18528063628748953
0.18492228663919108
0.1848317109193486
0.1840971222041683
0.1840900353499208
0.1839654781064929
0.1826727728264237
0.18245496703115013
0.1808532726911993
0.17963705635002514
0.17900969213767298
0.17974955145036792
0.1756631487477683
0.17522383565173863
0.17266818151983518
0.1722793375173081
0.17035791310447485
0.1685908537565709
0.16792787808107312
0.1663177093674634
0.1659106514447043
0.1653241872556422
0.1637449688366204
0.16038370021708012
0.15757386163948614
0.1546295518878638
0.15311998585310313
0.14979747473128174
0.14713778387221704
0.1450459134752764
0.14335810614134462
0.14076453156327925
0.1396496678387976
0.1361746247135845
0.13461469811371132
0.13271583583856042
0.1314063319616367
0.12918907145918737
0.1264037210914715
0.12501994246143033
0.12295494569116118
0.12113169294380641
0.11934830902211119
0.11660374936631397
0.11504632730514296
0.11292434510220983
0.11108350794110554
0.1087184954982322
0.10675475447443361
0.104671285307695
0.10269495016763816
0.1003017372287156
0.09888814357231848
0.09620446079712684
0.09419796576734532
0.09180004875131426
0.08900087314926133
0.08687149705033202
0.08535158832160318
0.08266369593326317
0.08033214452813495
0.07826837250658213
0.07599954643195109
0.07375551975740739
0.070961919358215
0.06888524223751231
0.06674790301417341
0.06416031827173782
0.062377856277789745
0.06061564051185417
0.057416041974581604
0.05534871476064443
0.05399586986397106
0.05175957958468115
0.050229634045310306
0.048152975218712694
0.046540712658498934
0.045153046460238905
0.04328771006807287
0.041562477180227944
0.04048719157775276
0.03872062681226861
0.037487868858100154
0.03631278188748102
0.03467559762443486
0.033511419089822504
0.03221452021136234
0.03062753485440208
0.02928273197065798
0.028122128506305393
0.02639520130789118
0.025113582698118676
0.023632886309559602
0.0224466708666317
0.020942641444781265
0.01981965090556121
0.01879612006410452
0.017745821943335814
0.01670350435870006
0.01585589679633996
0.014786168427356486
0.01406829326312887
0.013048003303698725
0.012202530093582919
0.011384463215213123
0.010726437043587196
0.009937142187820847
0.009252734806037752
0.008570542656824448
0.007965731553773121
0.007367160030569238
0.006754267208833568
0.006298549959229643
0.005875907937332971
0.0055102582095907645
0.005085016996555041
0.004634909899887397
0.004351268791408533
0.00400860966317275
0.0037309522522037445
0.003456915604134526
0.0030987924572779962
0.002877785342956894
0.0026253726305925183
0.0023658368983177575
0.002132692899392003
0.0020025035098103407
0.0018244907014756757
0.0016583495686600931
0.0014976365710139517
0.0013655145718041305
0.0012083908064396468
0.0010544656048506295
0.000888610571502819
0.0008374743984220043
0.000711069683747232
0.0006228107119900254
0.0005331548274385054
0.0004253187074529195
0.000384483214847676
0.00030942815964444013
0.00024648066398711994
0.0001749457635238681
0.00013562941875555151
8.908235375912913e-05
5.703443529029434e-05
2.9396946927692946e-05
9.124891476538585e-06
1.5106426069145516e-06
1.200457354900972e-05
Gab RDFs at 30,000 MC steps
0.0
0.0
0.0
0.0
0.0
0.0
0.0
0.0
0.0
0.0
0.0
0.0
0.0
0.0
0.0
0.0
0.0
0.0
0.0
0.0
0.0
0.0
0.0
0.0
0.0
0.0
0.0
0.0
0.0
0.0
0.0
0.0
0.0
0.0
0.0
0.0
0.0
0.0
0.0
0.00023003936100634233
0.00391688174248838
0.0236536514896116
0.08071635871771056
0.18884556388509025
0.31945549800279216
0.44359857959635907
0.5307962205798298
0.5718935181991615
0.5718239191785326
0.5454457483855871
0.5039465351220533
0.4556803994969688
0.413555792822722
0.3642320748290856
0.32292947570077246
0.28974122170944333
0.2559977740240976
0.22891666154664547
0.20974646689432605
0.189499436264401
0.17662362119601493
0.15968110477326725
0.14791379273995992
0.13924613784478942
0.12929794680474777
0.12456024352661985
0.11883347718184778
0.11273108421493562
0.10835457721995666
0.1074101963998438
0.10500942923230284
0.10362327377637409
0.1011224795763941
0.10162862189625499
0.10166391447583722
0.10237322997567189
0.10496132965796277
0.10778301677469192
0.11068115084676163
0.11412436442266187
0.11849055511015996
0.12217710523331071
0.12857538665809418
0.1332980415260732
0.13879548022241786
0.14586657108864354
0.15070698285972087
0.1567425991412016
0.16513794548636343
0.17098363825228965
0.17744142331417243
0.1836011809332789
0.1889301621659947
0.19273607841055673
0.19725584297647258
0.20174377259049303
0.20486914324677089
0.20985021327443149
0.21488191442403906
0.2147410739292795
0.21750574602201403
0.2187981196139361
0.22077954761221774
0.2195260937117231
0.2173777062637373
0.2151774201095272
0.21207326088384149
0.20772988944473755
0.20295038323634404
0.19823518380734875
0.1922177077128143
0.188239672411305
0.18169485652841516
0.17698182077267902
0.17213942562004547
0.1678935327013481
0.16414957784992695
0.1602508314861894
0.1579614701844099
0.1555915026110346
0.15275282866489595
0.15194467368144743
0.149953661543351
0.14857998648665727
0.14829150097671262
0.1483408425104554
0.14849458477068286
0.14887035926250863
0.15014251685936347
0.1506889292435865
0.15266372726228686
0.15494422350622783
0.15663886475389277
0.15801177161758095
0.1617046784868305
0.16468233818625122
0.16609450904946932
0.1693060164899146
0.1707527222258699
0.1725095861247703
0.17496299602541104
0.17675371584381316
0.17842231795315555
0.18066623771642124
0.1816218333841792
0.18284445314014458
0.18407625067688446
0.18442974407433993
0.1848970325465773
0.1857866322466928
0.18563481501130905
0.18550833619081875
0.1854116432016132
0.1845453695378084
0.1849061682534895
0.1842612491037048
0.18334947299030638
0.1828640953839474
0.1813361938849821
0.17945117005753855
0.17921521497214515
0.17889081936952733
0.1755003740266758
0.17514193025729605
0.17263502061245317
0.1720903043360159
0.17026112968664917
0.16872550511240697
0.1681642849333206
0.16663504043359925
0.16609987273976962
0.16499285791696527
0.16355588793114317
0.16037326677927619
0.15745185939018605
0.15474434090910139
0.1529065402689272
0.14967671349768819
0.14732563240392033
0.14475014353385726
0.1429408366262386
0.14082745568611238
0.1393665055334395
0.1367393240694743
0.13511556156805818
0.13327676895199556
0.13163516801795558
0.12973248647588556
0.127177261163962
0.12572411826814278
0.12388591115648209
0.12172874311951665
0.11982608486632626
0.1175981011959196
0.11555228037473463
0.11329084004000191
0.11109257148636868
0.10875346327394135
0.10661150657825579
0.10468639124371612
0.10250856284543375
0.10015255663605928
0.09858418747779621
0.0956328444532597
0.09371067386803293
0.091431169048723
0.0887182585455746
0.08635671966668916
0.08483306746290317
0.08192623874913063
0.07984064364007852
0.07749665174989503
0.07549877284036295
0.07320922632124131
0.07076318253105313
0.06871559033462106
0.06665294652465936
0.06409070271121818
0.06247578128907631
0.06039437884083031
0.05782060125251138
0.05582041130107217
0.05425325717357394
0.0521743690340633
0.05061385193227252
0.048730554689931135
0.04683194303209624
0.04545021776013849
0.043632986060651434
0.04188720266743256
0.040824643954179854
0.039065551358794796
0.037556593629639805
0.036451854567223226
0.03461619924735814
0.033359489395372775
0.032113446745092304
0.030311272093312178
0.029094688438592687
0.027757153924187768
0.026150697867929996
0.024752320309161278
0.023286957313506197
0.022019733573436933
0.020594993416669382
0.01946723604597345
0.018408161648010218
0.017455185401024618
0.016375095688252014
0.015547845962631349
0.014501593530642433
0.013869253123481114
0.012847299436515646
0.012180886231629709
0.011303969949444086
0.010732622755618792
0.009949962898870492
0.009329333429706281
0.008601966099864418
0.007983054734575265
0.007463029774114957
0.006871450877646848
0.006381374211267648
0.0059442760292465115
0.005554894379444992
0.005183929456345334
0.004743315545239686
0.004423250700632941
0.0041185181349188
0.003806811735707722
0.0035221589382270326
0.0032057984902753387
0.0029502919023662384
0.0027123452217362046
0.002443245233357853
0.0021678062532985076
0.002001681897679242
0.001816217159941233
0.001660663437180618
0.0014843119934531586
0.0013334666644561842
0.001171361119090217
0.001022982306774475
0.0008784505561734112
0.0007838157263494269
0.0006803546439941002
0.0005955893907182128
0.0004980888512090944
0.00040709846371159045
0.0003554676338886896
0.00028497163843542943
0.00021627780627490217
0.00016005229924305914
0.00011542042702085335
7.552859261807695e-05
4.9121549673442694e-05
2.4701601237853103e-05
7.705463913521472e-06
1.8127711282974618e-06
8.003049032673148e-06
Gab RDFs at 40,000 MC steps
0.0
0.0
0.0
0.0
0.0
0.0
0.0
0.0
0.0
0.0
0.0
0.0
0.0
0.0
0.0
0.0
0.0
0.0
0.0
0.0
0.0
0.0
0.0
0.0
0.0
0.0
0.0
0.0
0.0
0.0
0.0
0.0
0.0
0.0
0.0
0.0
0.0
0.0
0.0
0.00023291485301892158
0.0039879983104385884
0.024273648081519918
0.08212472206682866
0.19161015216715654
0.32279278841809794
0.4448750318435512
0.534022762426974
0.5741445038132139
0.5754326278345893
0.5457167463940772
0.5064165508151236
0.457456594924445
0.41316675151561094
0.36559737296983086
0.3245260875583872
0.2886764678733806
0.25531190507577234
0.22854755493850348
0.20895461459287734
0.18888478732515063
0.1744699436674818
0.1583976014053307
0.1472085662393982
0.13802885795280742
0.1286864636712752
0.1233722424129563
0.11806444009674567
0.11256860492688998
0.10876382324051914
0.107417627317302
0.10464925143965027
0.10376720474137278
0.10195643188880031
0.1023603067802982
0.10274955613116823
0.10350035558556518
0.10546042266645998
0.10777405278460751
0.1108165753682429
0.11424149587080784
0.11800105632283447
0.12196230437822661
0.1283182991678525
0.13267834694650724
0.13852402711827233
0.14496374303697646
0.15047851901777107
0.15622163182261672
0.1644814632071332
0.17020955618540765
0.177040976030828
0.18296560458102712
0.18817715987657055
0.19277251691461258
0.19713827805997272
0.2010112626234923
0.20400141296872737
0.2092654395909438
0.21371425888654016
0.21433592261346082
0.21705619979422572
0.21854247770268337
0.22017313710054373
0.21945614786287235
0.21737770626373729
0.2153551907227733
0.21207049186962407
0.20750858794993804
0.20303461177677798
0.19803985387562925
0.19270899263908578
0.18859984233796565
0.18219683477922533
0.17760246499845572
0.17252203676972305
0.16875049614120546
0.16462726425536514
0.16092450659239338
0.1585180640617133
0.15580546543387983
0.1534693905674955
0.15222277025541853
0.15042935277093078
0.14890680550628688
0.14871527037423812
0.14877668667268798
0.14864767197147738
0.14908812219653408
0.15031206994374868
0.1512325694399912
0.1530502157101283
0.15519927593954122
0.1570270629454368
0.1584634064489896
0.16153404218861805
0.16465032563505344
0.16612460945313784
0.1688800389566535
0.17066875253254432
0.17262763157093897
0.17476252867271858
0.17646643749899565
0.1780358728126257
0.1804387675260953
0.18141361651999366
0.18253227348060005
0.18377730749427673
0.1842641444325032
0.1847676331893132
0.18564410303074186
0.1855528071859951
0.18550755427013615
0.18504064859788907
0.18469580088597143
0.18466745595788098
0.18399331101087296
0.1831805727328348
0.18263402851181737
0.18134405207008802
0.17969525604311867
0.1792150408002515
0.17861008003540638
0.17601231581650012
0.17546250260029878
0.17321931580052372
0.17229752008500607
0.1707332320776149
0.16951246392721595
0.16864468388441167
0.1669782951990356
0.16661629562173425
0.1655081574133054
0.16370651937019562
0.16055853482485213
0.1578912443025204
0.15497566700773757
0.15259587756645251
0.14968468829613307
0.14722565305046503
0.14439045720679244
0.14273013617801678
0.14090304635315215
0.13902083737190338
0.13627655841043576
0.1347289740650057
0.13297165889029444
0.1314047840288995
0.1291159439804255
0.1269408806520942
0.12547048503754904
0.12355692057172526
0.12147854483891676
0.11965415336638065
0.11724580011384675
0.11533381681304034
0.11317896634502565
0.11096393886321074
0.1089365839941024
0.10672059360889041
0.10455055055039182
0.10240967711640792
0.09993176935892785
0.0982762924274054
0.09551085051785516
0.09342454275938779
0.09127159032945686
0.08873793424583126
0.08632003917295589
0.08469641905189225
0.08210983635139041
0.08007242063487892
0.07757328219675089
0.07564393756601975
0.07327743917732475
0.07100141318304354
0.06889799511403945
0.06680906954320515
0.06416174093305634
0.062496832347164785
0.060534064239203954
0.05809928944123124
0.056156122429399075
0.05443904730902672
0.05246017674907716
0.050942965353982274
0.04893331631914897
0.04715387066128896
0.04580945867810345
0.04376901689595555
0.042164820810874276
0.04090140676953827
0.039286487251581834
0.03763403349901961
0.03651423154429104
0.034727734386731594
0.03337599294045678
0.03204293596981344
0.030300851967129384
0.02907354931669944
0.02762511854171573
0.02614177721577405
0.02464784962683501
0.023238280052923468
0.02192953342216289
0.020502227233002223
0.01928231874322398
0.018244973962519468
0.01729382645376868
0.016269525378924357
0.015364197501169128
0.014336997698422399
0.013678441300369045
0.012725202238211776
0.012097382815836024
0.01121966676145707
0.010603341374158463
0.009854489518713549
0.00924380281105167
0.008551608018069593
0.00796333295950821
0.007427855495793356
0.006882604978261774
0.006388211118865124
0.005930770423187978
0.0055554715712965545
0.00518316565356703
0.004738388015905492
0.004399047724186407
0.004090200833308125
0.0037685731198372316
0.0034942588282532634
0.0031948422411629835
0.0029341591928976596
0.0026892524992601224
0.00243586166909249
0.002179865384943165
0.002008841660535958
0.0018211696319864982
0.0016462017589273384
0.0014828187218299664
0.001333865837679379
0.001178325418087128
0.0010340576812762651
0.0008810742963958406
0.0007929066583947809
0.0006798592401271142
0.0005882101168794685
0.0004997715838145306
0.00041189610185649663
0.0003452961202683807
0.0002760928579095494
0.00021242324576267854
0.0001623597373710718
0.00010984732878473814
7.232121402744629e-05
4.747731370110989e-05
2.495678306882266e-05
7.451994705839844e-06
1.6617068676060067e-06
6.00228677450486e-06
Gab RDFs at 50,000 MC steps
0.0
0.0
0.0
0.0
0.0
0.0
0.0
0.0
0.0
0.0
0.0
0.0
0.0
0.0
0.0
0.0
0.0
0.0
0.0
0.0
0.0
0.0
0.0
0.0
0.0
0.0
0.0
0.0
0.0
0.0
0.0
0.0
0.0
0.0
0.0
0.0
0.0
0.0
7.264319196339252e-06
0.0002415413290566594
0.004004409826119407
0.02483946009732869
0.08278493895958985
0.1926258894056104
0.32461028629396915
0.4469151882875354
0.5342605512987957
0.5739536075067218
0.5753364973291636
0.5474613876271135
0.5076198917937988
0.4576656785004793
0.41183163988342486
0.3649681758702956
0.32449074156267455
0.2886039306079416
0.25510951751725014
0.2285280140004254
0.20736566593500347
0.18795939215929358
0.1735072240710618
0.15790365426816916
0.14637469907423897
0.13704746776567012
0.12863793326385675
0.12269708966737426
0.1177101554659836
0.11229859389184689
0.10820388289088971
0.10682686937937351
0.10437681620701232
0.10321113974489003
0.10163326469793338
0.10197013020989695
0.10299158227532766
0.10371381680442207
0.10578379813648166
0.10806807165937549
0.11141855920889193
0.1143816276760443
0.11855979114797119
0.12238298982648567
0.12875574342047913
0.1331405116890247
0.13894025521129552
0.14508637053168968
0.15038317583963456
0.1565982050497513
0.1642511788474032
0.17005563595966297
0.17696110569715956
0.18240676898226812
0.18794182044238283
0.19264657312735475
0.19656009982959669
0.2007535804739188
0.2036866017729064
0.20888512430914044
0.21289158197516964
0.21432776520441754
0.2165561906697212
0.21820408968727725
0.21954998624235023
0.21893972132614767
0.21683044100188026
0.21557794818508574
0.21193876590756677
0.20723510589215424
0.20312631035971193
0.19836809796778312
0.1929014646244119
0.1883924017830112
0.18231254502009006
0.17760789824757028
0.17261443838905483
0.16862699654343638
0.1645187682842476
0.1608474872966045
0.15848087259941818
0.15583355394542514
0.153644220547871
0.15190382539779526
0.15039257714491425
0.14878237306226946
0.1486006442257271
0.14869703828853095
0.14879874043995373
0.14934794732466025
0.15027620294512875
0.15129677891200746
0.1533662036067479
0.15520410195709936
0.15706923062259592
0.15850721049618305
0.16158404259228032
0.16442936572060265
0.16636343809600554
0.16897358789459865
0.17085863163293905
0.17271561231753654
0.17520464782743214
0.176796919638572
0.17808982930394499
0.18034830236994273
0.18126908952014723
0.18219644192016946
0.18407156793052754
0.1842835709409229
0.18469048187441608
0.18580911572864564
0.18570469994070699
0.1859551256688709
0.1849541796528089
0.18465261375968872
0.18451340194411658
0.18381651640225097
0.18328762838409984
0.18264705116495683
0.1813783423323685
0.17990562147924583
0.17910332694768333
0.1782880555050912
0.1761441327566082
0.17524760164324082
0.17344016744368773
0.17225712529947168
0.17087471713424235
0.169473411835654
0.16863861568713476
0.16711378556959636
0.1665249878581448
0.1655233509686149
0.1637346553326853
0.16063642789051424
0.1579094562324884
0.15512460139265294
0.15260961758583877
0.14980943692894902
0.14729983491440904
0.1445997520382204
0.1429904132022908
0.1408186299649877
0.13888941342085323
0.13631901079712438
0.134730792990182
0.13289937127567603
0.131243644230955
0.12907007658798744
0.12692936467843907
0.12540196658254532
0.1233651639400237
0.12128673023533511
0.1194603308698222
0.11702003982860006
0.11524998942682668
0.11319889934965
0.11088118172300017
0.1088780589800208
0.10672810899930991
0.10445822397127763
0.10238864994784305
0.09988363375436407
0.09826408166421292
0.09546625664235558
0.09338057705697957
0.09130716087220674
0.08874569930828552
0.08628652654004507
0.08449999212150255
0.08204948221755178
0.0800027356511211
0.07760409485810445
0.07559034286853908
0.07328576646105443
0.07101352462265763
0.06893393503879772
0.06680028223903438
0.06433433820421937
0.06251149290547639
0.060655646409948374
0.05842729252003452
0.05631957927243137
0.05454878130707855
0.052561601661645876
0.051058177307019004
0.04914899539941881
0.04737305431363419
0.0459012107503945
0.04400325116687906
0.04231932949101377
0.04096084094935043
0.03946385549048241
0.037770536831476235
0.03656271771168991
0.03484596000264391
0.033443172076916335
0.03206223618884882
0.03037993356599145
0.029059730010148336
0.02762624490990743
0.02615560034807135
0.02469336130258186
0.02327169798416992
0.02190120209948084
0.02049574260657112
0.019255519134129852
0.01814635248164098
0.017135836780944776
0.016138002065817045
0.015226331419110676
0.014211126932549178
0.013530246482210776
0.012585061396308416
0.011961319724950799
0.011131179586161576
0.010514060930502448
0.00979049507589978
0.00920027963548312
0.008535735150687866
0.007961733896664935
0.007436424267354408
0.006898115739352178
0.0064274745024963465
0.005964075635449074
0.005604609837592976
0.005206538018583116
0.004780006686743539
0.004436443203856648
0.004122650593879127
0.0037812122487663148
0.0035297624846814214
0.0032220137389616255
0.0029636331092975582
0.00271224925198046
0.0024542967618066546
0.0021905057952178635
0.0020260955152890275
0.001832810854511721
0.0016368305914192132
0.0014662089466981505
0.001306870322842159
0.0011651102360881113
0.001013042579810432
0.0008667051318585352
0.0007831948822097441
0.0006648980433441371
0.0005747306433340286
0.00048619030323775246
0.00040494222184871115
0.0003346963323903746
0.0002645132267805874
0.00019832505868372374
0.00015657016534078555
0.0001026283435929104
6.803781165157178e-05
4.328451197166123e-05
2.3272582984423584e-05
7.178247961543687e-06
1.5710683111911338e-06
4.801829419603888e-06
