Gbb RDFs at 10,000 MC steps
0.0
0.0
0.0
0.0
0.0
0.0
0.0
0.0
0.0
0.0
0.0
0.0
0.0
0.0
0.0
0.0
0.0
0.0
0.0
0.0
0.0
0.0
0.0
0.0
0.0
0.0
0.0
0.0
0.0
0.0
0.0
0.0
0.0
0.0
0.0
0.0
0.0
0.0
0.0
0.0
0.0
0.0
0.0
0.002688338828121693
0.010275508855241105
0.05528710986363775
0.14468853413375696
0.32692368613544
0.5211944999385704
0.7878948402380872
1.0073399897084903
1.113411659616287
1.19967404676629
1.3205360135954824
1.3221896571691805
1.2568069841180447
1.2079323631255205
1.1708996209532063
1.1237795697476005
1.1337426727236384
1.1097775314185054
1.0679289173027227
1.039889672540883
1.067322294788033
1.065665502603608
1.0262606589101193
0.9634185086356551
0.9819785451908408
0.987126335125258
0.9710362959161958
0.9528966709051583
0.9841442806576992
0.9600866212840937
0.9939361912142317
0.9610168731198321
0.9901675706379969
1.0148678132973
1.0710038876854233
1.0298572056169442
1.0793702371203007
1.0911867878644677
1.131971290273039
1.1529052118506424
1.1564657336466155
1.2086958240966474
1.1725850943144838
1.1721463886030905
1.1548101257501429
1.1561401522960115
1.2044364842671402
1.2108861352149987
1.1976274940559597
1.2075465245953618
1.2004760790296356
1.2427082795972155
1.287101043789412
1.270397045159199
1.2797908208356128
1.2486940400638464
1.2142148743437697
1.1874016248798536
1.1436275311451678
1.0763906865404913
1.0108139354558585
0.987601202581219
0.970796016767162
0.9055565094046315
0.8824043584287492
0.8476321211511367
0.8273418608915891
0.7863956173098858
0.7639647429383025
0.757477751826403
0.726615963208896
0.7413357643285221
0.7407573856644514
0.7524587224242467
0.7586817481494306
0.7823400700047373
0.7839072339512776
0.8016062192865359
0.8177571968784693
0.8368356756704691
0.8873779223340743
0.9027183189542691
0.9453978649393987
0.9173169326529628
0.9913892862744369
0.991423563774156
1.0224316403288647
1.0478957534904767
1.055112773569613
1.0563429270838331
1.0635549486322733
1.0814037981984441
1.0732592567090404
1.0469432498564868
1.0693064743962162
1.0719549149240057
1.071803635801238
1.0538950746639872
1.0670003024068648
1.0717436362639243
1.0803278247996904
1.071396109114925
1.0460263268111907
1.0733937954732686
1.043689896273366
1.0509042459055433
1.0712620069050023
1.0462925821206375
1.0644424238581844
1.0359817248497336
1.0583678905960652
1.0342688665949222
1.0423634952336542
1.0197383375616642
1.0180071816774392
0.993963566673626
1.0133339756334874
1.004992027719093
0.999606503471572
0.9670167608403988
0.9604573427187406
0.9250340907825493
0.9175109912815888
0.9249653885205399
0.9290037606226668
0.9155908823301054
0.9105740717576882
0.9179489384386528
0.9226689045196268
0.9165328520042828
0.8888448145055731
0.8995700222708088
0.8940550377267257
0.8883619785379677
0.8968684605644646
0.8826166213671377
0.86759953758208
0.8566856739366266
0.8412489317157985
0.8254108252208486
0.8055612607707635
0.7869890591600348
0.7746830460111159
0.760766769442097
0.7706891283895432
0.7635359679804069
0.7513197078162615
0.7417703800683993
0.7280092996445228
0.7300064517638473
0.7130378192152507
0.7000767262500736
0.6920014289266304
0.6891262668859227
0.6920774279504647
0.6799575368653762
0.6740527504538174
0.6678520016836118
0.6531581898867703
0.6389694552474406
0.6304939174609372
0.6175306880231196
0.5994286638165326
0.5771737187053573
0.575109526657898
0.5497123345057935
0.534682807293859
0.5178468206637047
0.501986942429917
0.46032158108741217
0.4522807618022176
0.4361875566719709
0.4169222759002699
0.39663682856499294
0.36993106189959885
0.3434300626021392
0.33128027526263815
0.31080877304890797
0.29753610572560646
0.2728257815150949
0.26326093060673245
0.24472054089463688
0.23585198809240482
0.2281217862893265
0.2130478957506492
0.21123594409412316
0.20263807967903433
0.1985377717044647
0.19454805837335204
0.19231346918294456
0.18735742937580122
0.19242372912010863
0.18593147620058398
0.18249789985173034
0.1792958158372685
0.17421806817041532
0.1692630421008165
0.16091008745395724
0.1543030769442219
0.14533386543271815
0.13547689444685249
0.13071171942752163
0.12108172606664197
0.1105986991694037
0.10260615101520651
0.09259650252689754
0.09026215189125705
0.07876049046602841
0.07994503143537983
0.0701768960689584
0.06471618606817003
0.060202935951308524
0.052952777144541927
0.05227006632190616
0.04565029594313201
0.04480293600335602
0.04060549891296044
0.03935726935128815
0.033774861856961436
0.031303172904051706
0.02923430539744448
0.029231818077640345
0.02262505403479384
0.024282109100595976
0.021648153697304526
0.018558732438798034
0.017510704351311947
0.01494806819866919
0.014148009618858915
0.011201234788973601
0.011901578013467487
0.010971091360700078
0.009182449068000661
0.008916526361310436
0.008290847465660743
0.00665727995984114
0.0066422884002849385
0.006756654990435119
0.005585263175282891
0.005673280975716086
0.00547508889504619
0.004462466864210782
0.00446246699272546
0.0037496205898891535
0.003600488054329132
0.0032088460221006247
0.0027314709750432846
0.001898888636961878
0.002155294401632243
0.0012784034684196661
0.0007972578082701591
0.0005865575491560756
0.000466075470081328
0.0004629369266275676
0.00011495749477247842
0.0
0.00014178412127088762
Gbb RDFs at 20,000 MC steps
0.0
0.0
0.0
0.0
0.0
0.0
0.0
0.0
0.0
0.0
0.0
0.0
0.0
0.0
0.0
0.0
0.0
0.0
0.0
0.0
0.0
0.0
0.0
0.0
0.0
0.0
0.0
0.0
0.0
0.0
0.0
0.0
0.0
0.0
0.0
0.0
0.0
0.0
0.0
0.0
0.0
0.0
0.0
0.0013441694140608465
0.008991070248335965
0.04791549521515272
0.12175010799060036
0.28915836377151843
0.48605171726636387
0.6908353309333953
0.9175770203285258
1.026141667346621
1.1138512111130094
1.191681557356354
1.1791808017629284
1.140374799649816
1.1023577997256977
1.0697345091560009
1.0327326138652717
1.0759059901163806
1.047930192472828
1.0245527112787771
1.0190528099727503
1.0373590506967612
1.0216448966440785
1.0378216542011347
1.0324395361200005
1.0230106219796566
1.0649147091452877
1.0605569956481662
1.0647161782052534
1.081663127477168
1.0868722537318924
1.1267121295952898
1.1156869707249553
1.1383134171687832
1.1376516065548963
1.189369086027881
1.144400441913017
1.152012417508151
1.1465311537237808
1.1543732931421096
1.1579503400062285
1.1482573806475467
1.1479582355294564
1.1217846718308295
1.1201340923570717
1.0986642939746034
1.107101623364355
1.140610559316522
1.1264129295780458
1.1487137379567691
1.162508784940956
1.1751630836647355
1.208528817403389
1.2599087682163963
1.2518231902740506
1.253568888901285
1.2303424585386589
1.2030387535155949
1.1808539170862424
1.1286902544538286
1.0790538213924805
1.006658604502023
0.9877176649871837
0.9255470498839468
0.8905311785155502
0.8494985336382533
0.8070114638030832
0.7985970346990737
0.756606326376028
0.7446303379549952
0.7436104223289177
0.7201001135388162
0.7311499156953771
0.7347512446996045
0.7637034355862529
0.7657748145175104
0.7924838634569867
0.814365797233638
0.822014244755697
0.8675531998068041
0.8779401219637826
0.9228997222696423
0.9442358129908861
0.9878713255610354
0.9862229957798142
1.048109396166243
1.0498060265880784
1.0865895670250685
1.1175712621853606
1.1136566023554357
1.125669506511842
1.1362711652624589
1.1429894000201732
1.1344933591313198
1.1084438280362165
1.1083224378555647
1.0938342520049633
1.0984680189358056
1.0875259115006788
1.0731616924136196
1.068486818294913
1.0680373355969042
1.0540978433395618
1.0367146980117572
1.0433501466764847
1.0239899133539012
1.0243173258439444
1.0358112350840196
1.027707047899218
1.0272617436703217
1.0282162368361851
1.0329990152094806
1.0145020342486046
1.0230078707384487
1.0038487392678528
1.0022674453370395
0.9811049160708398
0.9960868014058823
0.9976851491524577
0.9951692258220153
0.9520862301171932
0.9582212868881591
0.9289350068243616
0.9268904052612892
0.9157900548381617
0.920164308425857
0.8987483103263814
0.8989318266982682
0.8987429721830733
0.8924869336060126
0.8977269177158159
0.8784514394524136
0.873758235022069
0.8715508812718454
0.8694597912188924
0.8807621271516812
0.8704024079925744
0.854060563906436
0.8561391689044973
0.8382375771185597
0.8331624165198787
0.8301496132070804
0.8199795329180252
0.8127519170698684
0.8036206891665101
0.8074075599195556
0.7975393042630521
0.7930045996848266
0.7829136488107362
0.7679610295030638
0.7597970300492737
0.7415022672193656
0.7295603647883617
0.7067092877257057
0.6989746921702593
0.6898276709294253
0.6707907306150312
0.666958803805446
0.6489648560178081
0.631795544313071
0.6230587994595591
0.6001823004841255
0.5899781024154694
0.5694030218438093
0.5513154294268566
0.5354396707615674
0.5208370777651219
0.504430864370881
0.49514330469291473
0.470740700374498
0.4442114523317832
0.43079672808305
0.42034880699053623
0.40092893583683337
0.3802210889780576
0.3647961176537541
0.34596076815187576
0.32853500445568085
0.3177667879984964
0.29867668671984987
0.286030343821946
0.2776460781688992
0.25973484506377575
0.2449559248544022
0.24069054804206377
0.22838144672509036
0.22219721886838
0.21248988336219043
0.2085197165803704
0.20221322339586886
0.19779536768057437
0.1887570117665567
0.1904116059910883
0.18237703875471686
0.17856416739791162
0.17327569727230988
0.16652671608486314
0.16063803248892003
0.1527964194749315
0.1452533628498392
0.13510426448782592
0.1251595438722901
0.12013819655065344
0.11038314901613876
0.10480084911832026
0.09820459212908271
0.08940422986415976
0.086748097992367
0.08042244626073101
0.08135251438318582
0.07209189948641719
0.06665569256195618
0.06399261848183774
0.057881788409284055
0.05596221967526564
0.05054139907989615
0.047886230664589524
0.04326846419050808
0.04145632371669019
0.03697380251742254
0.03405327476885342
0.031578911344106696
0.029795366809236643
0.024609707897495052
0.023637451336863336
0.02116826851682241
0.019299670425898335
0.017633279281771132
0.014774253452173038
0.014165263289125816
0.01132112568121032
0.011255492349879251
0.01031282587905807
0.009148936480161244
0.008633726084925589
0.0075641596399853
0.006509704788317568
0.00685392994245088
0.006401041569885901
0.005649461602584993
0.005354557325394957
0.005728272196551217
0.0046038830676540824
0.0046965124643719
0.004198955288677524
0.0039236087771535415
0.0030866042688777436
0.0030653174275485752
0.0018687475474862927
0.0022301310128000295
0.0016351672270484103
0.0012254147793782076
0.0008945002624630154
0.0006554186298018676
0.0004629369266275676
0.00014369686846559803
1.4273568899474057e-05
7.089206063544381e-05
Gbb RDFs at 30,000 MC steps
0.0
0.0
0.0
0.0
0.0
0.0
0.0
0.0
0.0
0.0
0.0
0.0
0.0
0.0
0.0
0.0
0.0
0.0
0.0
0.0
0.0
0.0
0.0
0.0
0.0
0.0
0.0
0.0
0.0
0.0
0.0
0.0
0.0
0.0
0.0
0.0
0.0
0.0
0.0
0.0
0.0
0.0
0.0
0.000896112942707231
0.006422193034525691
0.03767714153670129
0.10116434093904957
0.23824093909180336
0.4224342696597541
0.5989661697198634
0.8068693580932363
0.9225684897078966
1.0068033730938633
1.0945223351806432
1.1001120334045815
1.0663316374229752
1.0682286641360696
1.0157541389828406
1.0013926412962526
1.0242960311024507
0.9930319927345299
0.9964198231340475
0.9864952122100424
1.0021390971157929
0.9851648574461351
1.0132174847356406
1.0234284575317665
1.0422705763907334
1.06121050085862
1.074248396783644
1.0941423643368573
1.1158278935397707
1.1242949849378583
1.1667332457739774
1.161897049268708
1.203610632657754
1.191328769271049
1.223883446188562
1.2092738784458679
1.1952757659385882
1.2012213308613524
1.2160904919295492
1.2058479147179058
1.1839485155397949
1.1735475812503355
1.1315272186085163
1.146650164953081
1.1176010538042231
1.1206332262704413
1.1437859784682942
1.1364544748559677
1.1497264451223839
1.1880252160982927
1.2066830970501474
1.2447020815585224
1.2782693645434753
1.272764301173973
1.2719420793042493
1.2385569759832664
1.2137010297079915
1.1788392377651313
1.13152957151086
1.0763906865404913
1.0195203431686566
0.9840296887982993
0.9200623266253751
0.8914282131954953
0.8509292216726227
0.803050229487227
0.7798227386249954
0.752439991979684
0.7329342164218833
0.7267954479140927
0.7064760642286495
0.7062835106195404
0.7115847009780522
0.7235348213464198
0.7325817203880974
0.7594561550142461
0.7847384617991394
0.801606219286536
0.8417075235464228
0.8510739168607302
0.8924365824187953
0.9179249900243343
0.9553567878988447
0.9728974480086469
1.0169980899129445
1.0320910312751466
1.0744051223175939
1.1014157047923703
1.1086063390682166
1.1196085620895397
1.1440018719699532
1.1479106239100374
1.1483010488932062
1.134950736500658
1.1285479545454111
1.1253935382187084
1.1220389850727353
1.1092592492265612
1.1016819410015872
1.0934557560573341
1.0946976094957455
1.0801264545179838
1.0640488341649328
1.0583818473565325
1.054679797723987
1.045406155422812
1.0468315124665721
1.0418006101033759
1.0410221046936488
1.0358723517791202
1.0355538948583423
1.0192794627312274
1.0237792905552865
1.0128840010427653
1.0134271063905478
0.9938285677171661
0.9990696460307533
0.9970926995389466
0.9951854795862994
0.9579300077335876
0.9585860335839276
0.9317706124611809
0.927199956877781
0.9197354483215844
0.9216602157207017
0.90457154000852
0.8983563545090193
0.9007991918049689
0.9002702498874605
0.8996644988243245
0.8867323399012724
0.8824178529663604
0.8752809279992292
0.8707798143794038
0.876012306187009
0.8673422020272697
0.849205480051905
0.8501276135510734
0.8382375771185597
0.8216432209113036
0.8215757944620051
0.8136902957538934
0.8110024738043852
0.7978434542548569
0.8017761945584667
0.7908818089487659
0.785083171635037
0.7747363949437187
0.7604700801545872
0.7515371231667554
0.7303610512941273
0.7186566854657643
0.6974808273027565
0.6913880011206757
0.6769268903305182
0.6560076416620101
0.6494476201869436
0.6342748538332941
0.6176164276517399
0.6072515267502212
0.5888909416440635
0.5808344555361094
0.5611813565894929
0.5457182680028675
0.5304870925744604
0.5202812217589693
0.5023831594220716
0.49033088643193395
0.46885474278607564
0.4500321282225116
0.43429369634210063
0.42420944463830884
0.40290071748849005
0.38598242568157154
0.37063005954563005
0.3523985278836616
0.338002669161726
0.32746266847962713
0.31106754388458585
0.3003652577659595
0.288840184147954
0.27069486653850294
0.26039593482072015
0.2531436209949731
0.23906251001070536
0.233856767443071
0.22300169350124424
0.2126928238306491
0.2072996022498196
0.2003912309176494
0.18953455753919862
0.1868884631942978
0.1798621787123722
0.1711590486939021
0.1638885211329425
0.15662931727709825
0.14945582208377922
0.13987465195277943
0.13549130178256533
0.12697969770495524
0.11695857290276615
0.11322392102755051
0.10494593661637612
0.09992395719809485
0.09547784024050918
0.08882069615161627
0.08618966307045037
0.08100345519709047
0.08202274435833153
0.07409999334778022
0.06940002828105492
0.06615908638789156
0.06161588785227051
0.05872650202882799
0.05415378244234286
0.04970067978622077
0.04642247271072408
0.04271825521017594
0.03873445978015695
0.036348102499437394
0.032824483253270996
0.02982566512813967
0.026245543808569995
0.0242462947803886
0.021956228134157242
0.01980539000439537
0.0174406615339067
0.015596976585588163
0.013825941107210095
0.01187490742154184
0.011085469806829716
0.010127161256030841
0.00941703718287659
0.008872165533642224
0.0077183055424013035
0.0068759098435797646
0.0068159429989851986
0.006153189791927357
0.005628062126817625
0.005227067865266505
0.005327398635834925
0.0041586839086659175
0.004108798280015285
0.003419075524113801
0.003169660423896587
0.002587450443217647
0.002347041726703859
0.0014367252650029027
0.0016663618753360396
0.001169392319949772
0.0008366285642341176
0.0006549892632242844
0.0004466556588279393
0.0003279136563611937
0.00010537770354143857
9.515712599649371e-06
4.7261373756962534e-05
Gbb RDFs at 40,000 MC steps
0.0
0.0
0.0
0.0
0.0
0.0
0.0
0.0
0.0
0.0
0.0
0.0
0.0
0.0
0.0
0.0
0.0
0.0
0.0
0.0
0.0
0.0
0.0
0.0
0.0
0.0
0.0
0.0
0.0
0.0
0.0
0.0
0.0
0.0
0.0
0.0
0.0
0.0
0.0
0.0
0.0
0.0
0.0
0.0006720847070304232
0.005458864079346837
0.034400868359596826
0.0955767755964858
0.222646303488791
0.3917068622463633
0.5717168422412734
0.7500194774859255
0.8806117626551727
0.9791185873992567
1.0328351156132902
1.0706396495309378
1.0301358164830885
1.042797810185043
0.986456004577693
0.9877665662662442
0.9911267534995306
0.9598498530192928
0.9636915229816133
0.9523097345591994
0.9820058997702542
0.9487357680236079
0.9786827167509414
0.9939027957745743
1.022731492205583
1.040114582933327
1.0608202918238485
1.0931188448192366
1.1100232002767074
1.1264322745433715
1.16367280747796
1.1726284807321747
1.2119401180048668
1.208496768682288
1.2409288817280393
1.233661612540137
1.2279748083569417
1.2472107979997649
1.2385244064836183
1.2336272623400228
1.2240478400056172
1.1988994388438745
1.1776303417529288
1.1729112753125908
1.1467536972261378
1.137547729903049
1.1514069844325472
1.1448138024971246
1.1662588896010442
1.2078438034049623
1.2193880870608829
1.2600116323328405
1.2758057908590825
1.293136360147267
1.289356474576962
1.2545927626969424
1.232456358913894
1.189857015302458
1.1441213254159557
1.085045874809457
1.0318280377081122
0.9920850052108625
0.9243472666711343
0.8901387258430741
0.8542858359071048
0.8037164370767118
0.785815663642992
0.7554085052370791
0.7322522268281159
0.7203474746574117
0.7043041143386228
0.7060733264413961
0.7075806070014876
0.7097756653801316
0.717320880626471
0.7429875855850733
0.7648038368048847
0.7826433973377229
0.8148710963627266
0.8262841219312577
0.8633631843494649
0.8891800056814593
0.9320340669681423
0.9520083935005645
0.9877122584607614
1.0059036468995086
1.0482161498758022
1.0810905697979534
1.0918497616079528
1.1161434404775856
1.1343444352830525
1.1433760676115199
1.1465115907718915
1.142299862195091
1.1486501449139779
1.1439578242267936
1.1390201016196269
1.1275027970508074
1.1236279229328632
1.1135812209427638
1.113740662280632
1.0954553167954477
1.082341679128981
1.071586435930267
1.0739121252625745
1.0528939394893289
1.056666303900055
1.046376806595961
1.046323075987199
1.0393722900387476
1.0355898790787488
1.0174057872482658
1.017879682183333
1.007717285257686
1.0094708100139977
0.9894073518931111
0.9849136320149557
0.9873419663165787
0.9820768186911802
0.9485703309468898
0.9534875091191619
0.924517101909538
0.9214577743918587
0.9142761247805694
0.9149286328939004
0.8993530303318341
0.8972496772220022
0.8990273429818462
0.8997297418123599
0.9025779939470454
0.8915276572530351
0.8906110766966103
0.8859411537939111
0.8762164046126439
0.881105244530149
0.8708813967523611
0.854968425115007
0.858325189033015
0.8435653583290591
0.8241507143200211
0.822463392437817
0.8166543322787714
0.8121975160350321
0.7976423479762869
0.8007331258138538
0.7912397388043726
0.7854963608775745
0.7741698280686466
0.7583372404095351
0.7494835867603674
0.731091344411178
0.7235089908580404
0.6997380288605332
0.6940504795280911
0.6813992333940821
0.6605910447871827
0.6522436577172701
0.6369112504923956
0.6170421629857801
0.6050701437929483
0.5886043069681599
0.5771749693682059
0.5590431213035717
0.5396687604957673
0.5248206735949771
0.5138303665296702
0.4953176114501181
0.4813949050089598
0.46195536025154577
0.4448310726685381
0.4244631233372694
0.41772283627546414
0.39556130800732386
0.3808587251438311
0.3663285355700533
0.3514350838410426
0.3379322776025732
0.3289623910000898
0.31425598620940287
0.3024332874657678
0.2920439559501474
0.2756575777204592
0.265990020505061
0.25676715947529877
0.24475935012968178
0.23761607871750132
0.22852321092497388
0.21775959840794737
0.2106615167333796
0.20272437083616857
0.19055314250135955
0.18748593270578856
0.17868501018191296
0.16959389310293183
0.16324216633071223
0.15444190270625563
0.1478889822913867
0.1393505984202588
0.13375041300697924
0.12645343916444987
0.11704079711039432
0.11186234061684715
0.1045379698386449
0.10046815972996549
0.09572352473808368
0.08953809936291972
0.08773897946967031
0.08216547306980937
0.08146310232908485
0.07559276510895903
0.06993108363054398
0.06636853343621096
0.062031509355489886
0.05920976817455568
0.05462690875884031
0.05003692385421537
0.04604474713944073
0.041962345751206755
0.038452382648275205
0.035299126284787076
0.031551435493169244
0.029131833625260353
0.025683225214137986
0.023145004434012014
0.021408211107063466
0.019255566974285224
0.016924095755543
0.01539998653955919
0.01361314584058498
0.012014780129151345
0.011238490095574297
0.01022843286859115
0.009894591559588302
0.009473809258892338
0.008414714708673603
0.007411553058739397
0.007545834984147227
0.006805147729600921
0.006363669106320879
0.005864515165908762
0.0057520081310673135
0.0045646007889198325
0.004337642741180692
0.003958793639325119
0.0034927811467209955
0.0030178432826898733
0.002761820652543766
0.0019742413606508415
0.001923300907012106
0.0013973247212959144
0.0011589766286890276
0.0007478608751739965
0.000524334903841494
0.00039060303184201015
0.00012214233819575834
7.136784449737029e-06
3.5446030317721904e-05
Gbb RDFs at 50,000 MC steps
0.0
0.0
0.0
0.0
0.0
0.0
0.0
0.0
0.0
0.0
0.0
0.0
0.0
0.0
0.0
0.0
0.0
0.0
0.0
0.0
0.0
0.0
0.0
0.0
0.0
0.0
0.0
0.0
0.0
0.0
0.0
0.0
0.0
0.0
0.0
0.0
0.0
0.0
0.0
0.0
0.0
0.0
0.0
0.0005376677656243386
0.004623978984858498
0.03612091177757667
0.09551795911919564
0.22163171273871554
0.38408358169746926
0.570730676103953
0.7376521350380193
0.8815228230140317
0.9693366297871624
1.022837787111979
1.0380558953500523
1.0047849791556087
1.0138345243013935
0.9630303189942336
0.9477802297236376
0.9486652883804134
0.9286829636741957
0.9275110596624152
0.9133057324394754
0.9465861912286773
0.9115933817452551
0.9512031202515282
0.9646838941395348
0.99392529952119
1.0240961407570772
1.0430741295828638
1.0720343427562435
1.1027590412789305
1.1304245702215943
1.1753024730028256
1.1905243838773008
1.233715772555175
1.2287071983689366
1.2613198810131532
1.2677769223775077
1.2601506660966018
1.2663261924490452
1.2652344868275105
1.2485010475690845
1.2459185405520257
1.2111894494337165
1.1947145934238015
1.180101210381893
1.1542785675794864
1.139252711869216
1.1479140233655978
1.1443634857758982
1.162263759832694
1.200174010117281
1.2209010477033826
1.2608233945599439
1.279403538088743
1.298640230381616
1.2932763858304102
1.2681991495706173
1.2480772358415497
1.1937982317243814
1.1577006678626276
1.099487328802291
1.0423469612083924
0.9951479664877357
0.9223933340102681
0.8916973235994788
0.8508852005023345
0.7980230630281947
0.7773619269361896
0.7443989665947407
0.7208766404040747
0.7095249283756787
0.6945500848325035
0.6932973620129654
0.6944242982213468
0.6957478857105288
0.705106067634167
0.723795890651755
0.7457182516838035
0.7647141148761896
0.7957366807046242
0.8120204553102995
0.84802043508152
0.8812211184847163
0.9208181664351663
0.9477087187425913
0.9755545962853314
1.0038394648369584
1.0476701249677496
1.0750490385509908
1.0970642810312128
1.1199755993613285
1.1406241478085248
1.1510602071995506
1.1555789482459597
1.1543542485508516
1.15963515669486
1.1575627938298616
1.154907629903973
1.1468244215092822
1.1408607591063944
1.129915415679652
1.1250676759479237
1.1110603016251943
1.0952638169016142
1.0834676027621313
1.080167015981811
1.0658759692200577
1.0692134871850096
1.0552540662950742
1.0545792926011954
1.0469627811393147
1.0392386790279682
1.0220358080862575
1.020483224065161
1.0075459268447136
1.0038978154205076
0.9895086011104559
0.9782597221897551
0.9748955873527361
0.9665853559520136
0.9349594664876062
0.9369359384072613
0.9108403962689666
0.9098588753219122
0.9010544689442624
0.9005361914965306
0.8854534290213142
0.891149672015964
0.8958817644538821
0.8937668567278508
0.897162739687162
0.8893180088169363
0.8915007062571251
0.884805622963619
0.8791517550840079
0.8840641273350539
0.8746015427867052
0.8633839037961945
0.8647895628416318
0.8504374239483988
0.8326660091953101
0.8299758706245811
0.825426884077612
0.8170392850726015
0.7973754250974573
0.801207028723256
0.7881901764346029
0.7825568145520936
0.7713486754845257
0.7550738221979997
0.7463706772551967
0.729097474366021
0.7217540924182473
0.7011056600746554
0.6931051624523036
0.6807177852529266
0.660061694003712
0.6530265482257616
0.6387841466790214
0.6172488982655256
0.6021237260544516
0.5854103777223764
0.5748454682009365
0.5534596167682229
0.5337484947266988
0.5186678582686883
0.50573534774533
0.48780968193733687
0.47417340738790953
0.454870225110317
0.44113588229661765
0.41872102705232817
0.4127030859401264
0.3929541744901336
0.3790217903173261
0.3642638040617765
0.35205044487471543
0.3393788241431623
0.3308143739265216
0.31685340020083924
0.3070754361211141
0.29519850423855887
0.280351124906106
0.2713373328119705
0.2628780071519255
0.2500155144781321
0.24341824683134128
0.23485927290159198
0.22384451540424288
0.217016721665361
0.20869799327628963
0.1965200287606138
0.1922942131485855
0.18355573607547537
0.17375728276937238
0.16700304938927066
0.1574670188026952
0.15055852254144414
0.14104149562239182
0.13506970867616033
0.12687300419263361
0.11819694096895755
0.11280693702677261
0.10461393606622243
0.09975651026521157
0.09464182087974855
0.0890788240056355
0.08610249274117558
0.08085212263692242
0.07984851831895885
0.07394306945662733
0.0684527047010968
0.06515897673216642
0.06071450871716353
0.05779863102903084
0.053637179653518635
0.04908909623613247
0.04467738057139499
0.04171120888963187
0.037621030046399564
0.03461067796561189
0.03127118181360728
0.028715534723532766
0.02525201405669654
0.02267046469126438
0.02105807266056355
0.019264387664607845
0.016586139161562683
0.015094072585725957
0.01328532610551386
0.011879474693627047
0.011092270708551698
0.010086652611006715
0.009671732850456171
0.009136112458268082
0.008403153765992403
0.007706703401786542
0.00763863166032768
0.006970023042764649
0.0067215753385301
0.006215111181262003
0.005924489255217611
0.005034416842581461
0.004811974897050811
0.00436939258821794
0.0037728191065021497
0.0035083383174966828
0.0030713873630486715
0.002447456465417532
0.002191215974992781
0.0015519223500350368
0.0012697068798376608
0.000791852691360702
0.00058259433760166
0.0003529894065535203
0.00012070536951110236
5.709427559789622e-06
2.835682425417752e-05
Gaa RDFs at 10,000 MC steps
0.0
0.0
0.0
0.0
0.0
0.0
0.0
0.0
0.0
0.0
0.0
0.0
0.0
0.0
0.0
0.0
0.0
0.0
0.0
0.0
0.0
0.0
0.0
0.0
0.0
0.0
0.0
0.0
0.0
0.0
0.0
0.0
0.0
0.0
0.0
0.0
0.0
0.0
0.0
0.0
0.0
0.0
0.0
0.0
0.0
0.0
0.0
0.0
0.0
0.0
0.00037037237098122165
0.004095484305559791
0.037638989556146626
0.19118060789704572
0.5735702526896239
1.28121959872938
2.161461561115837
3.0020356535484103
3.582100143779306
3.855842871478498
3.8799232863605173
3.581044659320144
3.1851833487665617
2.783394359577178
2.390153400788846
2.0335362939437633
1.7063472440945757
1.4497526758409818
1.2230734119877038
1.0640868121570783
0.918727266391755
0.8108349662281346
0.7194963936235073
0.6564569645499891
0.5987609183539064
0.5583149476033372
0.5320856071202704
0.5073036928228829
0.4941802395984476
0.4973442634900066
0.4906522542786797
0.4933802432129341
0.49722037943485164
0.5128159404925009
0.5169774470171604
0.5540983853678099
0.5655992221452257
0.5753427926725005
0.6035788126329655
0.6301411553807459
0.6726493072331513
0.709040865040333
0.7552462629239454
0.7992513094431137
0.8428915230374721
0.8883356794345891
0.9326546878303967
0.9755244208206062
1.029126030583605
1.067999414233992
1.1202484320256185
1.165320756524277
1.2087142024974218
1.2485751995190262
1.2784359225871804
1.3211603506050282
1.303114894095305
1.2982872443488918
1.2879993887952554
1.279116387409209
1.254239056762061
1.2373128846019312
1.2343458798659594
1.2271603470043833
1.2272052119259298
1.226781329147137
1.2264230834140772
1.2268342860543766
1.2240412284719118
1.2081058067047148
1.19141184519545
1.1687349983188924
1.1177975245848202
1.0879093814891003
1.03138044266004
0.9913908480359693
0.9516562680089721
0.9146586520505792
0.8844229027381982
0.8519574993732474
0.8362607578431455
0.8185103708965256
0.8125239608634757
0.810590515976477
0.8047084596733414
0.824942980908125
0.8141084727471557
0.820903701749147
0.8292650751691851
0.838678443454315
0.8492719498519733
0.8627462829054027
0.8747134577166473
0.8911266571879837
0.9100040532439143
0.9271572016759437
0.9542847050182736
0.9763390446516007
0.9943595122648576
1.0198066632848144
1.04098892599141
1.051037576121963
1.0754842771902482
1.088229292079183
1.1064513766832216
1.1207176844573454
1.1452129744906978
1.1596496578567035
1.1653978211438754
1.1684172878246593
1.1794481619194286
1.1994183096820343
1.164550879231551
1.1567977582856974
1.1434335398176123
1.1261571079380832
1.1032663107905314
1.0843921179798595
1.0647058955129793
1.045675882453575
1.0204271621056773
1.0099642134008562
0.9803374541832326
0.9428680924382152
0.9189969142640689
0.906161805955861
0.8909905668536275
0.8813642914871366
0.8656024828114951
0.8462225312592124
0.8316680157936178
0.8095254531704685
0.790151922268299
0.7501546195443045
0.7284388354444109
0.7029785861151661
0.6813024835006722
0.663965798077615
0.648180514869355
0.6349351497572178
0.6240787786629788
0.611889990610774
0.608574054693817
0.5983562665043546
0.5955360045247032
0.5934216194187816
0.5929828017951638
0.5953637530326998
0.6044030240394953
0.6095965210848342
0.6111751765360683
0.6209977949010088
0.630827404967458
0.6206969191375875
0.6161735021169957
0.6129759948685573
0.6058315674863
0.5947777348771504
0.5863701078850875
0.5703084315338794
0.5533629847881972
0.5382954708304996
0.5153877132309496
0.4964763900496916
0.47684749097693724
0.4543402858672203
0.43388007756122887
0.4101720029324792
0.3846925520416892
0.3642338223811714
0.3324018070701169
0.3083578069374909
0.2843977605268078
0.26451220890690136
0.2437850583030968
0.22757837349894675
0.21290284061151532
0.2009549879452096
0.1910861229920805
0.1811839882150112
0.1757573899190685
0.16950402115539215
0.16639777986433796
0.16429415437350844
0.16175363933189196
0.16128836242283245
0.15993854582787656
0.15843265565438805
0.15749156668983513
0.156288926964566
0.15461904662981732
0.1532440361679075
0.14884792331134944
0.14764114087360147
0.14295448592283488
0.14213443867692624
0.14238782401131803
0.14038630104629682
0.13743336565818595
0.13418175650340133
0.12828312037087353
0.12348436419636756
0.11352516196308862
0.10434854809281939
0.09513251271258326
0.08583059156691691
0.075347328477796
0.06541338639924268
0.05797240417654351
0.048252376711817105
0.04034993012403977
0.034885020793421005
0.030173751945114992
0.02584802527024835
0.022498084363482575
0.01946801895095085
0.017462455756289942
0.015915295424637918
0.013676583087116058
0.012495842795117198
0.011534401172479473
0.010313387252481576
0.009767175475349162
0.009011888222764676
0.00882934716638766
0.008441798947037064
0.008282007132794152
0.007764487481847154
0.007410461339974315
0.0070471874439358585
0.0073391778900445525
0.007084486260153838
0.0069495960871661
0.006943747842878232
0.006815275046476042
0.006400650497203805
0.006175760661324465
0.006005264125569266
0.005541914600766509
0.005223813934279745
0.004734598912946622
0.004020374116881703
0.003367310809505958
0.002644454983429229
0.002007559334922758
0.001382815559669448
0.0007037639587153674
0.0002952691117664124
3.8870299087005574e-05
0.0001439143412392502
Gaa RDFs at 20,000 MC steps
0.0
0.0
0.0
0.0
0.0
0.0
0.0
0.0
0.0
0.0
0.0
0.0
0.0
0.0
0.0
0.0
0.0
0.0
0.0
0.0
0.0
0.0
0.0
0.0
0.0
0.0
0.0
0.0
0.0
0.0
0.0
0.0
0.0
0.0
0.0
0.0
0.0
0.0
0.0
0.0
0.0
0.0
0.0
0.0
0.0
0.0
0.0
0.0
0.0
0.0
0.0003086436424843514
0.00326451647544621
0.03415495562151089
0.17737556400114282
0.5408690102289421
1.209745443046144
2.0735581791243023
2.8975460146689356
3.481865188362076
3.7878969365719204
3.8294302207899413
3.577152988577947
3.2217765856955176
2.836139590943354
2.449808850670798
2.1004291765988
1.7730590029127853
1.519426077753166
1.2837825421205182
1.121187491960417
0.9699594719143593
0.8551474312466407
0.7545981616510955
0.6807604718272428
0.6197076231480494
0.5701766546668332
0.5353136290037098
0.508273480300767
0.4890963961493114
0.4843047622160536
0.4735133145651773
0.4740048121312906
0.47409062275090263
0.4845243601192575
0.49339729606250105
0.52192493073355
0.537836846815242
0.5597054604174905
0.5872376232936402
0.622790851537924
0.6664504387781521
0.7126041206870166
0.7635166584410061
0.8071836770037143
0.861613043877933
0.909532559085329
0.9547754197455315
0.9995701447418979
1.0448975796845472
1.0792098779799715
1.1182689466713513
1.161538735973008
1.1891073974746382
1.219822405523511
1.2430803887056832
1.2747676182617937
1.264244633769869
1.2689438792467702
1.2586862531441192
1.2534741884745721
1.2378197163140092
1.2302976629498366
1.2307448647680979
1.2278874680449015
1.2352685814286475
1.2370481704680611
1.2414267081896544
1.244234735163223
1.2385651006439307
1.2273760572829753
1.2056473351238473
1.1779168954442145
1.1343363119851766
1.1000527709002248
1.0525414698713587
1.0111564944174258
0.96909880696301
0.9327777040044022
0.8988097313937465
0.8693710165108182
0.846835922901152
0.8266037976567002
0.8130395672704598
0.8062180653367155
0.80133193883033
0.8111124744305779
0.8060859306895817
0.811790043607378
0.820939104119354
0.8290314409481487
0.8461178438518375
0.8589879306016964
0.874085489321892
0.8939476701723987
0.9126881418538618
0.937586604750619
0.9643704978006387
0.9834990669203867
1.0055996697232243
1.0320838160866312
1.0496143700414808
1.0630921751720188
1.0835160382059157
1.0928494643307423
1.1092840008958822
1.120281473271728
1.1373133581396544
1.1456338186346002
1.1505117757279961
1.1491783007322838
1.1537379703745956
1.1597718837920885
1.1415980139888848
1.1319811776369406
1.1217538900387822
1.1067819293795855
1.0899751429319091
1.0728695819950949
1.0583876350821022
1.0439059930212833
1.0262812597352153
1.0164246529850167
0.9937649950024374
0.9628537288380458
0.9427169662606009
0.9255641886201763
0.909198387195941
0.8948155051336623
0.8741354296399021
0.8507811775189623
0.835388671468634
0.8113772853562093
0.7907994792968616
0.7601036942117416
0.7361228967307638
0.7141279715198887
0.6951297642349894
0.6777265848473286
0.664954689522939
0.6505945921106534
0.64098194253572
0.6300101113539359
0.6274941487438901
0.6171738102693498
0.6139545580369201
0.6111332385171417
0.608359827626919
0.6054173825784003
0.6062429145201476
0.6077611852266546
0.6068087164782874
0.6076675183738288
0.6104646349467818
0.6016590254290979
0.5953036193200416
0.5894345494744714
0.5831045770570149
0.5695471222287224
0.560863080619224
0.5458388177632009
0.529295846477976
0.5140242586634775
0.49513227047246816
0.4761115019172403
0.45837257616730226
0.4389619314547762
0.4194310669121569
0.4001468259902778
0.37844879568971
0.35916267543543096
0.33584209891020883
0.3161695123765622
0.29689028688400493
0.28098394797340825
0.26414134650073773
0.24963064947104535
0.23741060274100317
0.2257085933080001
0.21519538751980716
0.20613123420855425
0.19908414917690564
0.19115505122186732
0.18673881342395834
0.18100076205725396
0.17762096107835684
0.17347866288789499
0.16973627351383386
0.16543661487935873
0.16180767420679848
0.15817718373428455
0.15498376554701904
0.15105491277376648
0.14479081952223863
0.14089180123218337
0.13503173574048194
0.13249337990348997
0.12953698413475748
0.12603927082952882
0.12107285768898955
0.11688743817537334
0.11139253879152346
0.10586418528863618
0.09842213749059794
0.09086493713606678
0.08309876027415712
0.07650018335213224
0.06848593356496675
0.06126079619154512
0.05536556607269723
0.048044311715336886
0.04224876401161102
0.03740015873421243
0.033417995737199745
0.029479219346590695
0.0262672673309594
0.023231195724193042
0.02072530608292853
0.01889968832531822
0.016911751192427004
0.015224770128864388
0.014066762705777055
0.012860232209736552
0.01191692931342254
0.011240657402565652
0.010545700383895342
0.00989370539984442
0.00955354850636461
0.008814267450759347
0.008354275232904487
0.007799868173220972
0.00782138668816362
0.007311960650728043
0.0068844991042321
0.006662668064189085
0.006279427935944036
0.005782603376170245
0.005368308723927695
0.0050777146079187
0.0045848467550368656
0.004044182452536602
0.0035406890215810435
0.0028550214350759003
0.0023975988987903077
0.0018211467802261416
0.001332322379596116
0.0008996414136571767
0.00044321012667189176
0.00018143041807333775
2.296881309686693e-05
7.19571706196251e-05
Gaa RDFs at 30,000 MC steps
0.0
0.0
0.0
0.0
0.0
0.0
0.0
0.0
0.0
0.0
0.0
0.0
0.0
0.0
0.0
0.0
0.0
0.0
0.0
0.0
0.0
0.0
0.0
0.0
0.0
0.0
0.0
0.0
0.0
0.0
0.0
0.0
0.0
0.0
0.0
0.0
0.0
0.0
0.0
0.0
0.0
0.0
0.0
0.0
0.0
0.0
0.0
0.0
0.0
0.0
0.00022633867115519102
0.0034623659588065864
0.034116878747908315
0.17279221609413656
0.5369823147446904
1.1944386789223478
2.057703515836628
2.8784447341355643
3.4745817856049723
3.769902528854515
3.8056029990470974
3.5722068901123736
3.219949610577185
2.833653941007273
2.4545830525484424
2.1087219859679927
1.7875238969005827
1.5301428478133838
1.2980581623866208
1.126793266461658
0.9766162273150809
0.8637799962409802
0.7655999103332348
0.686170964854193
0.6286280546412898
0.5776932117621724
0.5423525100550987
0.5124584190566813
0.49194062347261375
0.4824407902096847
0.4708855867423416
0.4694029003657218
0.468007496743024
0.4785559580878709
0.48905019950969414
0.5129304330412858
0.5332395910292613
0.5573305598580511
0.5871840236566107
0.6239700446677885
0.6699711397766246
0.7187121112370484
0.7700023412435956
0.8174990562340524
0.8727131546336238
0.9224152446276761
0.9659865256288994
1.0144248378255054
1.05561206485909
1.0869008391598372
1.1235267922842609
1.1596922949631294
1.1812731665032368
1.2106251364671043
1.2287195306690057
1.2499965394273067
1.2425019939556232
1.250298899811717
1.2389747741524335
1.235499702892638
1.2272882168328023
1.223523035542128
1.228209435024468
1.226569688456063
1.2359510358839532
1.24001808050534
1.2481832690182386
1.2482028585510856
1.243484868485038
1.2324545253034096
1.2101431334155268
1.1818733226608167
1.1425104140146367
1.105194659404241
1.0604516754675903
1.019554187077259
0.9780119148549211
0.9395275592752813
0.9049559930725252
0.8751755222233417
0.8494643074566529
0.8279572541002839
0.8140543404598578
0.8060885112436854
0.7989503893353881
0.8049903531503741
0.8013360563065386
0.8083968817135716
0.8178054094133966
0.8247748949087405
0.8443301183692491
0.8576670034321929
0.8756256916398926
0.8981524320732882
0.9165308117832717
0.9407110878345472
0.9660184552152602
0.9864187930299928
1.0098056564507918
1.0336944733484492
1.0536085321533053
1.0681026358298087
1.0853426179340189
1.0961088627834572
1.113356516498485
1.1202272181491388
1.1336688646725743
1.1410951448664282
1.1435340398531986
1.1406468918533235
1.142199857316206
1.1446490825334665
1.1301235686286115
1.1209489688688652
1.1127742739288602
1.0965722659228234
1.0837805482132108
1.0688360865237623
1.056848962620875
1.0443918450223046
1.0294023620483426
1.0189545903863808
1.0014487086022898
0.973368218431624
0.9523831804169907
0.9320537983469392
0.9153603084478774
0.8993308890112912
0.8780601569690072
0.8556737010503265
0.8382492275200751
0.8148316493087072
0.7967125730394299
0.7684927714258417
0.7463737073483993
0.7248686528774954
0.7057706601454247
0.6890513585995596
0.6738660621113988
0.6583541702085204
0.6483182872817189
0.6385929498769941
0.6317559670174349
0.6222424169074241
0.6159589871546451
0.612885178514778
0.6080968505180372
0.6036698026533548
0.6023240743179621
0.6023105541650777
0.6010167932267553
0.5984627259143973
0.5978761125301536
0.5906346860212267
0.5838598163433568
0.5769313019920067
0.5689143601066097
0.5579973359445001
0.54838086697342
0.5341456279519413
0.5185247303018389
0.5033342264794232
0.48652690308138646
0.46827672726643627
0.45192115439240327
0.43366292759591607
0.41621905609918713
0.39796319547180214
0.37875820813810046
0.3603705581594057
0.34019224675695103
0.32278970143867386
0.30535590664996776
0.2903499219934625
0.27501969027286977
0.2608936257431912
0.24922541133369705
0.23789782258921033
0.22802592241062583
0.2176043072027692
0.2092509321310941
0.20097666699111766
0.19563640776813473
0.18845126615218846
0.1836878080489267
0.1783529853038355
0.17386721242039999
0.16888393783985936
0.16391983155639503
0.15844615054159908
0.15388779427343774
0.1488855841657624
0.14215167194579628
0.13730914625336607
0.13077212183988166
0.12685658639683176
0.12296647406883865
0.11833740636236338
0.11310568758301885
0.10889043343169964
0.10364490700333738
0.09873887481242315
0.09198445221788829
0.08560688414729918
0.0784523204819014
0.07256046329865935
0.06594675882448528
0.05982199135114219
0.05436704381059734
0.04808171665852435
0.04301162274917526
0.038515567734041675
0.03468294619228256
0.0311340220170354
0.027979714040362307
0.024836966703398463
0.02234786480514283
0.02049950479241101
0.01845672684852386
0.01675071519872779
0.015541284176312264
0.01432213189379612
0.013212293805594959
0.012407306173736265
0.011603230252341442
0.010858186114923592
0.01028627207790926
0.009396569939195226
0.008833286154907758
0.008130698391135224
0.007918762185432476
0.007364607562083646
0.0067306335082062815
0.00635677752687
0.005866764069212491
0.005353189386868802
0.004856858565639955
0.004404749181012746
0.003879970700013321
0.0033729696348993154
0.0029225919215719893
0.0023436743123757394
0.0019265433975698021
0.0014297479488846812
0.0010285867599061748
0.0006983188528187304
0.0003396452014495709
0.000140519637527389
1.7079373841260025e-05
4.797144707975007e-05
Gaa RDFs at 40,000 MC steps
0.0
0.0
0.0
0.0
0.0
0.0
0.0
0.0
0.0
0.0
0.0
0.0
0.0
0.0
0.0
0.0
0.0
0.0
0.0
0.0
0.0
0.0
0.0
0.0
0.0
0.0
0.0
0.0
0.0
0.0
0.0
0.0
0.0
0.0
0.0
0.0
0.0
0.0
0.0
0.0
0.0
0.0
0.0
0.0
0.0
0.0
0.0
0.0
0.0
0.0
0.00018518618549061083
0.0035167745667306896
0.034811781691155334
0.1713667948950576
0.5343367117957507
1.190081745227678
2.049381666910361
2.8715485925553823
3.472814602093907
3.7692540483457537
3.795732335888283
3.5700251959084146
3.223700954708026
2.8364128822975827
2.463876033349907
2.107355140175947
1.7918550587591109
1.5322965673203808
1.303954614235663
1.1319997924882466
0.9817104136447372
0.8660946732995101
0.7697829708575692
0.6897212973521294
0.6319537163029192
0.5822178753413018
0.5453541220703246
0.5138497582986006
0.49099325733573534
0.47986485562181846
0.4682902500174763
0.4648207392944259
0.4631329005218818
0.47351706129088067
0.48507975333445497
0.5049821827860907
0.5249235024736144
0.5507867321260893
0.5810870649445213
0.6182902644256079
0.6671279895162567
0.7176011401493181
0.769684956766022
0.8217923788959666
0.8772716040347498
0.9305481950582734
0.9769595469565638
1.0231770176412098
1.0636587459890374
1.0975163267566506
1.1308004917487602
1.1647057006568482
1.18492681008346
1.2102699822691871
1.2264766226922215
1.2435126364643967
1.2357356122706917
1.241293138617229
1.2342474961174534
1.2304447891241612
1.2220450299864147
1.2188789334827315
1.222622367846151
1.2220613343294886
1.2331041400989902
1.2395529257213558
1.2466811666537725
1.2485876981037878
1.2456812935124673
1.2352335350287735
1.2129493933620614
1.1852592138771816
1.1471849512928747
1.1088880801530276
1.0645642037141223
1.0220463410584355
0.9815387903287072
0.9429848022189021
0.9091898902398222
0.8779768611662727
0.850762322689953
0.8282584436788167
0.8147679696173502
0.80449116816485
0.7979032037474783
0.8006838609753288
0.7988639529921501
0.8059925246661201
0.8142627340365175
0.8231623421487998
0.8420426272498922
0.8553121362460842
0.8737676287763987
0.8973439710350717
0.9166464185960597
0.9406410627277476
0.9652562137849809
0.9876398680758316
1.0119853927124334
1.0348995314237088
1.0554370660551369
1.0705255587967688
1.0889263921812822
1.0988576926708937
1.1170415660417312
1.123256824194522
1.1349865386774267
1.1390844203655437
1.1419345184503769
1.1384325622035254
1.139931041387749
1.1398007927266463
1.1265415305680138
1.1149646826714488
1.1079179509306374
1.0918597082782804
1.0792862727324255
1.065941190805814
1.0538797406281282
1.0421224047543765
1.0294993887975215
1.0196093767236876
1.0036002189515716
0.9777756226121702
0.9556471864095387
0.9350992636623996
0.9176655542743606
0.8997010638791639
0.8791158641523713
0.8562278558877254
0.8377273693215014
0.8162075805348867
0.7964620582765553
0.7710731568238066
0.7497463234742332
0.7296430939055127
0.7118843097205076
0.6952566987447371
0.6810321555224618
0.6656676821643207
0.6558852710317555
0.6453506115850871
0.6380842608901389
0.6283190687064096
0.6213432028089357
0.6163684636041222
0.611256652989099
0.6052327364315854
0.6033492322604029
0.6018774307244082
0.5977781721794145
0.5930790467526785
0.5909128821144293
0.5839050871119907
0.575311784892927
0.5682332691391563
0.5594287827712767
0.5488668316498501
0.5390109077961904
0.5259720524051905
0.5113103326145398
0.49628760361834584
0.4805037269587698
0.46387063788545185
0.44832676639212155
0.4303837487498958
0.41473480258392237
0.39719251866067135
0.37886180360261495
0.36176686623166493
0.3428246771249461
0.3264415280006441
0.310390864878018
0.2962163277386803
0.2812639616346058
0.2676853118886062
0.25635950791217793
0.24543041547204444
0.23494849147644414
0.2242883398934851
0.21528991330150718
0.20722625202149908
0.20042012066208656
0.19268903511356258
0.18720934670927203
0.18082208058567514
0.17591157214726974
0.16999986386633906
0.16455799921159636
0.15840772671198272
0.1533309628420135
0.1476072458746708
0.14066745818196943
0.13519588429050272
0.12827033933257392
0.12365552502407473
0.11938650471411333
0.11400074395216282
0.10858992394981229
0.10408139819093935
0.09916897605851369
0.09416012549435597
0.08785816880762022
0.0817572527911418
0.07545400974760492
0.0701137130614102
0.06391266729569216
0.05848112495903402
0.05322638035349938
0.047863131521772656
0.043400591776032664
0.039088811987823886
0.03543993641043566
0.03215414985646574
0.029017083203351446
0.026213820401145532
0.023699997073654742
0.02177572785308404
0.019594440370540058
0.017994338755310358
0.016639465597400323
0.015299223355384505
0.014094774116342537
0.013151632298938917
0.012218700796456847
0.011394872964443458
0.010745296797787936
0.009678521553695337
0.009076343603678485
0.008277472812687028
0.007968950583853582
0.007285637195050242
0.006634960669651768
0.006169064550393509
0.005654110890441168
0.005080057625307878
0.004560377302007531
0.004093026516285554
0.0035223312168182357
0.0030481639920361225
0.0025613098138202177
0.00204724119776695
0.001652374375375055
0.0011952132406100318
0.0008662818197033329
0.000580079408505404
0.0002847289298619426
0.00011873020006269896
1.634319393430916e-05
3.597858530981255e-05
Gaa RDFs at 50,000 MC steps
0.0
0.0
0.0
0.0
0.0
0.0
0.0
0.0
0.0
0.0
0.0
0.0
0.0
0.0
0.0
0.0
0.0
0.0
0.0
0.0
0.0
0.0
0.0
0.0
0.0
0.0
0.0
0.0
0.0
0.0
0.0
0.0
0.0
0.0
0.0
0.0
0.0
0.0
0.0
0.0
0.0
0.0
0.0
0.0
0.0
0.0
0.0
0.0
0.0
1.2849585137520187e-05
0.00014814894839248867
0.0034188390724673033
0.03447480135977253
0.16976353979718678
0.5309367365869133
1.1835016254248774
2.0392795587471264
2.8630780039216805
3.4617629967524706
3.764444916892778
3.7917023527162534
3.564479044823946
3.2315132883849844
2.842909408203824
2.466000773921345
2.1100576419902874
1.7992809247620345
1.540312550084391
1.3107602771521822
1.138904346721316
0.9876302276862673
0.8699223587767861
0.7730176047713742
0.6922594693951135
0.6337222024828985
0.5842201425406113
0.5447771131586598
0.5120844829841278
0.4901540399623478
0.4775321922134026
0.46670389599438383
0.46333706714065104
0.461734706730337
0.4720200686502214
0.484505407441637
0.5023624366306304
0.5233928372176414
0.5489371883570713
0.5801664911785421
0.6178972000489864
0.6663255003441755
0.7174610543732348
0.7711504450929051
0.822848527266975
0.8796223712702256
0.9307501522992454
0.978350017113247
1.0235860599145263
1.063472959736768
1.096354731896163
1.1285591532137709
1.161097118219749
1.182156234425292
1.2069707222375012
1.22201699602301
1.239260205068362
1.2318978593765717
1.238679617449707
1.2326735198099084
1.2303948964687839
1.2215499356219033
1.219435465958561
1.2243252312896646
1.224513382006463
1.2345060736648015
1.2417119126405087
1.2492132820681585
1.2514092846909333
1.248254782402538
1.239222631236865
1.2151752471947348
1.1896624720921007
1.1519073966771247
1.111263085595866
1.0680737755657526
1.0246371150367282
0.9834010986332753
0.9438776812088232
0.9093524451958045
0.8777107300553022
0.8509402701789097
0.8287814665892463
0.8133148562564495
0.8030239680612856
0.7958320389004765
0.7986573016411885
0.7972133962876246
0.8034391182986705
0.8129217151409608
0.822353369192308
0.8401262386991144
0.8543819833642253
0.873618777008753
0.8965102814254499
0.9154250074870386
0.9405246847183938
0.9652331081506067
0.9877212730788877
1.0123894529932487
1.0351689525910461
1.0552414123484413
1.0714813530372382
1.0884339264300056
1.0997252694848707
1.115998540385777
1.1242581567370293
1.1335493098604263
1.1388591261421412
1.1407178795459387
1.1374133723758915
1.1373707169884841
1.1361892468742831
1.123896287371086
1.1127651115104829
1.1048505699173843
1.090795539096997
1.0785602416233786
1.0652524197845676
1.0539246532296995
1.0425240545852958
1.0308865554097382
1.0212889839660317
1.0048562072062917
0.9806365783605746
0.959063535659606
0.9383832549326374
0.9188465611058895
0.9009534957887114
0.8805694790666257
0.8571349434312652
0.8381168301622889
0.8172759084964928
0.7963382189032098
0.7720173371006341
0.7518716381682709
0.7324199176524954
0.7150844991945499
0.6993945624006283
0.6842844225336776
0.6701864308221605
0.6602762327851212
0.6491278904862736
0.6408030021469806
0.6312216921760028
0.6233153113741051
0.617017615038983
0.6113838605208374
0.6055142461308278
0.6024964100604134
0.5995741633316969
0.5944009209203739
0.589892265403729
0.586225874614478
0.578214437154538
0.570072292401776
0.5623889142671723
0.553187351643962
0.542663110110746
0.5329116374515421
0.5199107834473511
0.5060984506328188
0.4912804453336172
0.47613259543887587
0.46004719187391446
0.4454515981516297
0.4282297960564831
0.41368840805400175
0.3962608843752044
0.38030955708892933
0.3638972707475302
0.34633069877619466
0.33096923675390005
0.3156588091731262
0.301796044648715
0.28764494112586725
0.2746748276612313
0.2628941951286989
0.25128954945214704
0.2414255195648929
0.23075746729612392
0.2210561933718424
0.21239424024427225
0.20464806761178644
0.19680303003713684
0.19005916636331235
0.18282186325598287
0.1767537094996508
0.17027030963198944
0.1639810882709673
0.15740706040640223
0.15171980341636004
0.14567199061273567
0.13807163456658755
0.13212774919111617
0.12510650617017444
0.12018699022449573
0.11535960594835844
0.11013070804496711
0.1047067411311633
0.10012470801910106
0.09509955640002357
0.09031477251569295
0.08442335115169639
0.07868559116357561
0.07287481031313998
0.06790241354925027
0.06225049886458603
0.057410212544407375
0.052500989072727315
0.047630987093115515
0.04357922367504669
0.03973388443726074
0.03624505719376712
0.033129005862162525
0.03033888503922959
0.027736287823293425
0.025177589483802356
0.02322040282413581
0.0211409446244592
0.019525594287419734
0.017981272963790325
0.01657275261996408
0.015329398522261698
0.014076813537315226
0.013069773813074927
0.01205787567535756
0.011143850373260912
0.010046813396732399
0.009317980257341573
0.008442518466578465
0.007909824982258484
0.007114683733837052
0.006389762033933702
0.005865655088937419
0.005283005160170726
0.00469677184040441
0.004164994364016214
0.00372314948070498
0.003151136424872697
0.002720665984326064
0.0022688018904356505
0.001800460629855133
0.001455119884238968
0.0010490097861011595
0.000759097028810757
0.0004965155216857445
0.00024819767093625937
9.99646028992312e-05
1.3781287858120159e-05
2.878286824785004e-05
Gab RDFs at 10,000 MC steps
0.0
0.0
0.0
0.0
0.0
0.0
0.0
0.0
0.0
0.0
0.0
0.0
0.0
0.0
0.0
0.0
0.0
0.0
0.0
0.0
0.0
0.0
0.0
0.0
0.0
0.0
0.0
0.0
0.0
0.0
0.0
0.0
0.0
0.0
0.0
0.0
0.0
0.0
0.0
0.0
0.0
3.126033236512546e-05
0.0017287846401873017
0.014595888048370522
0.06862175974119551
0.205419958585483
0.4010788635920081
0.5898218629838753
0.7033548646973838
0.7455374941677821
0.7222579221480327
0.6537820129454239
0.5660404517554989
0.4841337802043864
0.41012230717565135
0.3420263156893457
0.2917416656097707
0.24492937469398157
0.21095259953891676
0.1848813316569196
0.16892088380881956
0.14375712213816533
0.1306070290421364
0.12122505454447771
0.10894105857295233
0.10000543177589753
0.09519421058174317
0.09006670061700621
0.08702023794240923
0.0826169403004921
0.07872999088718559
0.0777543157013656
0.0780210615795044
0.07888244073374003
0.0769924451380096
0.07867840500344571
0.08261484269686262
0.08429736275359304
0.08753666327231643
0.08999954542997854
0.09708277221892388
0.10138600359969817
0.10832480281136592
0.1154137717905625
0.12190506485336175
0.13242296426082925
0.14040272390941907
0.15044645417958666
0.15964549165280373
0.16970881134619456
0.17853484708647813
0.18548968942007088
0.19283990107264276
0.20002583209519434
0.20879529170368596
0.21294640319394467
0.21759842361651513
0.22229895473986386
0.22573810507684092
0.22693368131270808
0.23015345372714188
0.230093398336681
0.23479873372294738
0.2348924009131451
0.2376018693640741
0.24022009942313066
0.2347617722344701
0.23362915280453517
0.22932420675683404
0.22224055886418354
0.2170281476693227
0.210848816264447
0.20076577600622852
0.19245404248194214
0.18307840843605025
0.17455417004943882
0.16795255667910408
0.1598569606570919
0.15435607103889254
0.14851847607962285
0.14505141044135508
0.14174354427295965
0.137289690685167
0.13752167812849705
0.13584935358379158
0.1327940248647001
0.13366699589372807
0.13375115327275688
0.13603374385676903
0.13702622375638482
0.13990407592905177
0.1411283211979153
0.14355410675056557
0.14630249665744818
0.1476827398883725
0.1532203786337216
0.1561214025027789
0.15740142764394824
0.1610646311463558
0.16435246134850645
0.16689248042518046
0.17057073293413727
0.17551105370408707
0.17550763213581225
0.1795203257146905
0.18259267484038968
0.18510060144246335
0.1872517434502968
0.18869356085876027
0.19154240362661637
0.19364781150792373
0.19359808757326075
0.1947669579825756
0.19631405186928452
0.19608617403521794
0.1963622537173631
0.1969604156477182
0.1957022609372405
0.19471725435945825
0.1946684498117278
0.19196599096031255
0.1937452329602212
0.1883830247085475
0.18612396666952263
0.18350184996152888
0.18058336532703578
0.1778536107853755
0.17505124030415348
0.17115540050774566
0.16856463819598833
0.16752474304649329
0.16477136150823646
0.16099198704060483
0.1541531492587806
0.1506621689943555
0.14734365380890407
0.14435489046728767
0.14213483268269442
0.13873698349414168
0.13632320672833867
0.13433764812864676
0.13071383303438994
0.13019862073160704
0.12640258097544155
0.1236125733081211
0.12224743138824609
0.12016447045758287
0.1185170539565249
0.11724776440582206
0.11666129067486831
0.11486556051241648
0.11375127187832615
0.11316676620646067
0.11038958966762887
0.10877919835451857
0.10793968525322596
0.1082508014484726
0.10657073790599146
0.10541359889320756
0.1048329413692942
0.10462154774601706
0.1042619846950997
0.10471320280924303
0.10220448223824932
0.1010554566568764
0.10005521951494906
0.09769332395677295
0.09602494753194923
0.09413011343258806
0.09226822217085502
0.08890272923494834
0.08707104433506836
0.08413115570488228
0.08014272355431146
0.07707322306686797
0.07345888750110667
0.06985504782226405
0.06609456860039968
0.06307084959182728
0.06035973686203364
0.05579263713485979
0.05294926268081833
0.04939226219545429
0.04687857303242376
0.044744113610970276
0.042283476046028154
0.04029998683292614
0.03862429356116139
0.037039228603573476
0.035920840357933304
0.03462180312501997
0.033713527958230245
0.032907213433306
0.03206110788064032
0.03128989013106193
0.030516025657077322
0.030006305624472204
0.02956611375682066
0.0283257923183861
0.027883244585648035
0.027205041381874302
0.026277684586897082
0.02535459643857178
0.024643710457311747
0.023568915149377753
0.023071783469133456
0.02225230232975165
0.021721272792751756
0.02063743335266888
0.019768300950614815
0.0187287462677617
0.018000435494502268
0.01628150305451501
0.014958561728231621
0.013932677737226618
0.012497612588633793
0.0113897014716372
0.010340002195707304
0.009132941714309025
0.008044885164515223
0.007141436372317453
0.006444445661164861
0.005849267459966892
0.005193907141439294
0.004681410710745897
0.004342218794654963
0.0038791027081654912
0.003558213749709658
0.003315924900696229
0.002972604516458775
0.002735805069427877
0.0024636952170650987
0.0022440780137192202
0.0021204517531804136
0.0018970996572134236
0.0017726923517647152
0.001650031905569062
0.0014997250640602893
0.001446630599032078
0.0013632421249266434
0.0012488419411388315
0.001180193888549714
0.001056489531155525
0.0010517290593738604
0.0009592041958097937
0.000910222038275602
0.0007805631882760719
0.0007751426324396107
0.0006921536379842188
0.0006167149310839916
0.0005397447898127759
0.0004771206683349649
0.0003511501296630158
0.00027125883751110303
0.00020299602563926983
0.0001313333482900832
5.756902106673202e-05
1.9466435149948982e-05
6.042570427658207e-07
2.4609375775469926e-05
Gab RDFs at 20,000 MC steps
0.0
0.0
0.0
0.0
0.0
0.0
0.0
0.0
0.0
0.0
0.0
0.0
0.0
0.0
0.0
0.0
0.0
0.0
0.0
0.0
0.0
0.0
0.0
0.0
0.0
0.0
0.0
0.0
0.0
0.0
0.0
0.0
0.0
0.0
0.0
0.0
0.0
0.0
0.0
0.0
0.0
4.689049854768819e-05
0.0018927211146878217
0.01634568749276582
0.0760847839285799
0.22188164155606294
0.427360136283923
0.6194465835476134
0.7416468493585853
0.7767718457138919
0.7475280827002132
0.6686716054717526
0.5709531156252107
0.4889491600991849
0.4063611307088014
0.33899373362822033
0.284691832321247
0.23678731716143778
0.20267748078602912
0.17473011927878407
0.1563003580070112
0.1344262187257911
0.12001484860536119
0.11051655209435422
0.09922203564728267
0.09133386026665608
0.08676929771276166
0.08203136128093114
0.07879898260410013
0.07512100231451248
0.07242010925650513
0.07186192241477289
0.07196231693932102
0.0725937711060723
0.07176875461176314
0.07496172404680033
0.07794130816568154
0.08134821001582909
0.08501601975958431
0.08891341745626133
0.09576174861748536
0.10143463775556627
0.10974076160377387
0.11836745623522262
0.12677613999997348
0.13602813895524948
0.14708753994631177
0.15688793085662234
0.16720706764393722
0.17731744433933852
0.18721540474978293
0.19501368851974932
0.2026467595801711
0.20714827659219526
0.21393800317929362
0.21721158883121527
0.22094022106710354
0.22369221697848823
0.22436466470204022
0.22540552668525782
0.22816247922818209
0.22716157321478408
0.23122945269719258
0.23353034162893704
0.236391476375012
0.23802154857359756
0.23608615217731663
0.23552535719155399
0.23268572588184447
0.22702052926223829
0.22132514537150594
0.21341259097286097
0.20548990183270893
0.1958372849113448
0.1852385529590956
0.17527458436975848
0.16895421052580145
0.15902632217592577
0.1529010030037378
0.1460923073307084
0.14078911855499965
0.13744170940084263
0.13281382790900742
0.13103707104594536
0.12867132522324684
0.12733828146922396
0.12729621315297157
0.1275660235496766
0.1287935010898957
0.13104190096446566
0.1330247396304592
0.13501173313796636
0.13749116146011764
0.14120008040160087
0.14426604563811857
0.14978355023642548
0.15350916907080822
0.15713516202148645
0.16133969621418556
0.16526408575114485
0.1693594562144365
0.17400328339116886
0.17834277521410996
0.18097737510318881
0.1850757837194922
0.18801226632299137
0.19106232289813266
0.193354389279975
0.1947899796340148
0.19632174950458858
0.1982390612062955
0.19777940842359987
0.19808796739937606
0.19882073322019306
0.1977767081979763
0.19694563139316876
0.19633940493966134
0.19521174100232178
0.19362425224926935
0.19283780491987665
0.19086452790505673
0.19053737321592737
0.18645215630510792
0.1843586368770083
0.18224936248971135
0.1795867640488888
0.17742731058043765
0.17475475145175437
0.17190444360911794
0.16933110516084796
0.16775069734989922
0.16556032805503076
0.1619102507681618
0.1556832874372865
0.15176549368367795
0.14813552324982748
0.14425378466425695
0.14115735024473902
0.13813541758152076
0.13515265958729844
0.13256693808731568
0.1298696691527457
0.1285352105762493
0.12557751764092764
0.12324799743582546
0.12197830866715585
0.12038892070447962
0.11873222486262006
0.11820995430989942
0.11734722487977453
0.11608212096112269
0.11492653089223444
0.11454270252010998
0.11252712255947091
0.11141499324870645
0.11086272303382269
0.11017994219794722
0.10877232746873182
0.10724872059018828
0.10638727454734852
0.10557647584708355
0.10436674262238728
0.10378032676104403
0.10153817433173248
0.10009696572150498
0.09844562058227123
0.0959603892871078
0.09383099550052883
0.09168716185507428
0.08921248746776528
0.08624230601022756
0.08386159271400341
0.08091964696930455
0.07726951537382712
0.07450407662505895
0.07166710834904455
0.06829400908134162
0.06502529635339892
0.06256675193295864
0.06011444930248952
0.05672947239707306
0.054497685678593144
0.0517816139667114
0.04944060297053038
0.04747191817359681
0.045477898162739484
0.04362735944370198
0.04174355193717859
0.040194662761733085
0.03873450322319259
0.037542843590638884
0.03602468985905594
0.03483399706437021
0.033737386274929504
0.03246822991367452
0.031167915687895145
0.030296049561112978
0.029333212005193083
0.028083007925895756
0.027124823336566923
0.026272794446133965
0.02520174426067089
0.023976678999505927
0.023189914059428402
0.022095463921421695
0.02137313491271741
0.02043493793368903
0.019774857602384385
0.018732372436928216
0.017872858548914065
0.017047037330396253
0.01628823631744683
0.014891917303674531
0.013819536038216448
0.012946808409838587
0.011891000428735414
0.010867598472721802
0.010055802355241028
0.009096281030762394
0.008225579265805267
0.007508782782758846
0.006853866766089201
0.006267686204932463
0.005606054296660998
0.0050869841851110265
0.004702351804625026
0.004232747698073485
0.0038497781032754206
0.003584783676428356
0.003220939307734009
0.002973477215050579
0.0026857418657421786
0.0024731987414527497
0.002294276973273106
0.0020532263145019857
0.0019135004477332212
0.0017718652472948186
0.0015839753532067996
0.001485156509898815
0.0013825397889802055
0.0012303659233795171
0.001157772242998683
0.0010315277733951454
0.0009803856550277992
0.000871399096054667
0.0008200585344841509
0.0006874203540448095
0.0006657107313893127
0.0005838024843745397
0.0004824509512959142
0.00040799857338684426
0.0003646519848961119
0.0002611600426705225
0.0001996940059557544
0.00013470990080648792
8.693897703709733e-05
4.256432940572208e-05
1.3383174165589925e-05
9.06385564148731e-07
1.2304687887734963e-05
Gab RDFs at 30,000 MC steps
0.0
0.0
0.0
0.0
0.0
0.0
0.0
0.0
0.0
0.0
0.0
0.0
0.0
0.0
0.0
0.0
0.0
0.0
0.0
0.0
0.0
0.0
0.0
0.0
0.0
0.0
0.0
0.0
0.0
0.0
0.0
0.0
0.0
0.0
0.0
0.0
0.0
0.0
0.0
0.0
0.0
3.126033236512546e-05
0.0019672376940062398
0.015895197120902534
0.07710432275199307
0.22386675235135667
0.43358082596735587
0.6271579989286159
0.7536250155108243
0.787915723279235
0.7551070197413433
0.6761451591846951
0.5745570380266494
0.49163273118639034
0.40771757105708706
0.34031338749343626
0.2844444697497199
0.23659733581901177
0.20190136064950986
0.17235516647021654
0.15253479319901245
0.13214628021084282
0.11733866335078665
0.10650642711199293
0.09687532083522574
0.08878635083630002
0.08421260450107654
0.08000677087958673
0.07631864574115832
0.07299018673336785
0.07075372277721527
0.07041734699777383
0.06966617392972771
0.070660329096932
0.07040907533829571
0.07338595206984057
0.07596640249764963
0.07951656804191896
0.08404766162211065
0.08821062876738552
0.09534079350759302
0.1015454155550436
0.11000707787571654
0.11928509327619982
0.1271657254735157
0.13729369398076782
0.14831560805212057
0.15853814904462565
0.16883624356202687
0.1791411861698506
0.18929378640916564
0.19759243506868318
0.2048564752122278
0.2098180385372449
0.21542916844498367
0.2189580027888059
0.2218652861053287
0.22392442735159232
0.22347770893137764
0.22429793181293034
0.2260133639613442
0.2263149499175518
0.22976125597949157
0.2315802346094805
0.23446783076238853
0.23631962673884715
0.23512253522965412
0.2347379897679516
0.23213538193439381
0.226925483663279
0.22137879353847348
0.2132898877914335
0.20492482179613308
0.19580733238417486
0.18524813534924853
0.17570575671273223
0.16824478836243095
0.15913161437776374
0.15291570066065854
0.14604140868562632
0.14086389560563747
0.13681135716650814
0.13196888547711516
0.1301463347800242
0.12801540892898947
0.12642899090331128
0.12637040008149997
0.1273535045899813
0.12846689402670491
0.13029921140481046
0.1325631665148367
0.13514821083880346
0.1378693927461513
0.14217988127330788
0.14511823505767954
0.15103863773987491
0.15544907988643836
0.1593341078839919
0.1636141287988595
0.16798235881819268
0.1726046635406754
0.17681645994408535
0.1807387792758053
0.1842369096312303
0.18761521292583347
0.19051309455287954
0.19280288299491022
0.19494480576546022
0.19626627167223556
0.19760973182788621
0.19847953825926917
0.19809725918108706
0.19716848727386946
0.1975883386818248
0.19584332656598474
0.19467075534184008
0.19327685124724395
0.19188011224081628
0.19005092116746217
0.18928233275998077
0.18697910130217124
0.1861659590255587
0.18313753286139972
0.18131773126940467
0.17956233416454934
0.17718797556808924
0.17506275249610118
0.17320322240861746
0.1706718410372395
0.16849717411106183
0.1669530663116466
0.16473047925097797
0.1622121167751518
0.15675316195952643
0.1525947553492104
0.1489425425108127
0.1452219231371521
0.14249426824117337
0.13924392106095704
0.13644017789161178
0.13378459388024225
0.13146401932998472
0.12993189315567505
0.1274429709166374
0.12542306288941288
0.12370361479383497
0.12238111013728065
0.12093932192668268
0.12027121257684936
0.11921311584809316
0.11820170554777103
0.11698855623268939
0.11606296443089674
0.11447148900767301
0.11332921794237961
0.11251042416990527
0.1117790769404041
0.11001322340409456
0.10815466674439396
0.10704156449262174
0.10589433877740581
0.10432828718072475
0.10278136378660618
0.1006972179137839
0.09885309467777359
0.09706380911570966
0.0942691208062215
0.09208554586975597
0.0895736526702696
0.0869406204785552
0.08404928453648919
0.0815287773567083
0.07850420926860859
0.07540266829088547
0.07248374807494132
0.07003106887093498
0.06726288881415884
0.06418630555182282
0.06196980407144975
0.059670249735661304
0.05683873293198839
0.054824709104062244
0.052241285950621885
0.05016096056776832
0.048394005493604834
0.0465469407648297
0.044824290042216365
0.04292062075574235
0.041588828442070264
0.04003664220467468
0.03859860675632745
0.03731246397912045
0.035913507183506124
0.03463222433381515
0.03338156155240636
0.03201590666618162
0.03107800523508148
0.02981683312879133
0.02849648283994202
0.027458353473332787
0.026338729701199638
0.02524805600644439
0.023954095192088243
0.022841826227330577
0.021734306254911687
0.02084026935189586
0.019739359654357407
0.0190325917959878
0.017970348070631952
0.017112173359639226
0.01627882811172898
0.0154695188221459
0.014292761369173576
0.013273133252262133
0.012461077962702216
0.011510372948391289
0.010573813242924578
0.009743994530272315
0.00897851026347157
0.008150956333119115
0.007424946344954728
0.006818698542973905
0.0062738068650673474
0.005674939349571995
0.0051464990782499965
0.004748052670860181
0.004317526472002839
0.003911853094679745
0.003617644193462283
0.003279007642012298
0.0030345508623777747
0.0027502619994038296
0.002546188677924824
0.00237093281567423
0.002127181046901831
0.0020048897493147953
0.0018265611405936652
0.0016353645337235504
0.001537102858184596
0.0014360678333192535
0.0012823724918872164
0.001190159064350172
0.001063460832872388
0.0009769245509045942
0.0008691817955558
0.0007796555968877375
0.000668616871077935
0.0006157715701957245
0.0005483323057301771
0.00043298527453188577
0.00035876653286609657
0.0003102657201346009
0.0002294852101859852
0.00016792213750687327
0.00011691412281976297
7.769014969272528e-05
3.4908874476635376e-05
9.935992941119792e-06
8.056760570210942e-07
8.203125258489976e-06
Gab RDFs at 40,000 MC steps
0.0
0.0
0.0
0.0
0.0
0.0
0.0
0.0
0.0
0.0
0.0
0.0
0.0
0.0
0.0
0.0
0.0
0.0
0.0
0.0
0.0
0.0
0.0
0.0
0.0
0.0
0.0
0.0
0.0
0.0
0.0
0.0
0.0
0.0
0.0
0.0
0.0
0.0
0.0
0.0
0.0
7.033574782153229e-05
0.0017883979036420364
0.015954472169831913
0.07729463666569686
0.22451473065680733
0.4334231300314183
0.6279295381673548
0.7551966729804809
0.7889942221103208
0.7565056397384878
0.6772328674321877
0.5791473998929804
0.49425830453397734
0.4076843397790667
0.3418340482387845
0.2842238110921644
0.23724327238326023
0.20166275614808
0.17217900935154476
0.15168165742220022
0.13135150455786918
0.1164829732157403
0.10605690144804344
0.09650433283184907
0.08827182922721336
0.08322340772274597
0.07956167610263748
0.07602796632468402
0.07263536042473782
0.07052443666359683
0.07005839721311247
0.06916853401352217
0.07027164745591927
0.07028701138449453
0.0729380928016637
0.0750709483748774
0.07860074705496391
0.08362464201468796
0.08780599285560851
0.09484783291837698
0.10117120274461407
0.1099464315959672
0.11903927465792964
0.12752640621837574
0.13718444626275508
0.14920307914420894
0.15939666099257482
0.16993095354074325
0.18021101015519406
0.1900650993707921
0.19807795966829542
0.20522825698325964
0.21074645056311855
0.2151679130749841
0.2178476770698532
0.22123508554803784
0.22310461146118224
0.2230564280622048
0.22381211278546095
0.2247522357590803
0.22530762497593748
0.22885420250991714
0.2308753312345352
0.23344437898514697
0.23592337160773405
0.2348958716372852
0.23479855649284406
0.2321426233021234
0.22709686509762292
0.22120168109684085
0.21320038664733346
0.20467844122811538
0.19533993364624422
0.18501370901872158
0.1755833333641812
0.16804082122599126
0.15907019392669158
0.15262781829358027
0.14603009787560806
0.14086698556640762
0.1364606211595544
0.13177962554810319
0.1300583789862625
0.1281659281139029
0.12643240928889743
0.1267099396422365
0.12739462838867557
0.1283989641050762
0.13007956150262137
0.1323078786443811
0.1349253318558775
0.13793200535769068
0.14277249464740815
0.14583376662794545
0.1515562147126759
0.15584182995350548
0.16017443459445294
0.16491905057898043
0.1693795373412045
0.17396406857066807
0.17801599268964544
0.18214094100353673
0.18584118454633522
0.18879338946487298
0.19135595844019013
0.1938939210858401
0.1957103174348224
0.19694032838704062
0.19761113704550828
0.19792588639513292
0.19760934067512886
0.19685170457011747
0.1967002224693789
0.1951495572092201
0.19381275967615136
0.1925160673326244
0.19077698499779666
0.18927313943709084
0.18792680899902048
0.18571356832312488
0.184414778620319
0.18167901698889663
0.17981943320344385
0.1782004156983713
0.17565343237714892
0.1738226947245621
0.17236844796982392
0.1698071229252755
0.16815657418230084
0.16612132605136348
0.16452881378793427
0.16190210852821302
0.15679087138473216
0.15263232850569775
0.14932900859373574
0.14570556029751833
0.14278121857807316
0.13981802785537545
0.13721803612737796
0.13489662402363536
0.13258684718417565
0.13108003413025507
0.12868149864504608
0.12709541960224266
0.12555904905794046
0.12395845359650691
0.12263325041814233
0.12200795272654488
0.12068618766518684
0.1196171934113114
0.1181975828385026
0.1171899633051882
0.11541059906896722
0.11419417709299663
0.11282503225231486
0.11176397103163217
0.10996629296827438
0.10799001137247571
0.10674643508588065
0.10544020104444186
0.10335529820417719
0.10178918456949751
0.09955582705278307
0.09757907633688084
0.09567424182590813
0.09289571484124645
0.09068543475100586
0.08818095353267047
0.08568753617538132
0.0827349702540474
0.08017400321314545
0.07751736734169325
0.07464494453023567
0.07158767707160939
0.06943767366161947
0.06693427426929824
0.06406955247961617
0.06193578405793178
0.05969902492772629
0.05703123080009093
0.055102898494520006
0.05263343908042881
0.050847455968727126
0.04891006459710806
0.04713996117822096
0.0454652592338364
0.043754919644375265
0.04231452673906531
0.040845644815373054
0.039480407986220274
0.03807339097023124
0.03668558185121351
0.0353089898475429
0.03404922215627832
0.03266634050184497
0.03152986780293793
0.030194184873914703
0.028856794439973167
0.027707484215734126
0.02648107228125319
0.025224130835455088
0.023833165007098242
0.022616931219288244
0.02141660459191566
0.02040723233494994
0.019295873120847244
0.018570927953702653
0.0175184955216239
0.016606419335274857
0.015788115167973064
0.014987382033412544
0.013900079889902337
0.012882007721094728
0.012130307442868188
0.011251810185470633
0.010377410860887438
0.009614480602974112
0.00889364010962003
0.008159018274953958
0.007440351620986556
0.006844418586744793
0.006339962085248645
0.005771417195722201
0.005279766263533162
0.004899603872121885
0.004446337142674937
0.004074188602503779
0.0037698107922273403
0.0034196071407541968
0.003172150525633023
0.0028703546632853753
0.0026691477182565044
0.002454606446464191
0.002196134009960624
0.0020424267522283143
0.0018444018611546622
0.0016559901231826548
0.001511361070893758
0.0013992529444551657
0.001251579128955026
0.0011455422545163026
0.0010252873339550506
0.0009344981132653091
0.0008384721836464943
0.0007394728387877624
0.0006301899858287698
0.0005673522965167235
0.0005027816963768543
0.00039315576856604464
0.00032266658090757854
0.00027546907112699327
0.00019885921321418097
0.0001442234487458226
0.00010010125117532801
6.397105579857339e-05
2.955005602627468e-05
8.212402328884726e-06
1.057449824840186e-06
6.152343943867481e-06
Gab RDFs at 50,000 MC steps
0.0
0.0
0.0
0.0
0.0
0.0
0.0
0.0
0.0
0.0
0.0
0.0
0.0
0.0
0.0
0.0
0.0
0.0
0.0
0.0
0.0
0.0
0.0
0.0
0.0
0.0
0.0
0.0
0.0
0.0
0.0
0.0
0.0
0.0
0.0
0.0
0.0
0.0
0.0
0.0
0.0
7.50247976763011e-05
0.0017287846401873017
0.0159786563897951
0.07770245219506212
0.2244458152383681
0.4337966204060073
0.6299100873472099
0.7581996068642524
0.7908322477922286
0.7579528155996841
0.6771384753323275
0.5826204481475917
0.49535211055304973
0.4093428826548101
0.34207875226677154
0.2846344891796657
0.23756244103853597
0.20146295765347605
0.1722375594154486
0.1507314406776818
0.13146965329672913
0.11514258343372807
0.1054667321110167
0.09550266522273212
0.08737078894593471
0.08246918322529886
0.07877468551472189
0.07500446880036138
0.07172470149023295
0.069806247561255
0.06928906865263776
0.06873064503065177
0.0700503979064197
0.07015945051091953
0.07290361787029966
0.07509302806557588
0.07886518476245337
0.08339005179521877
0.08771654702247886
0.09488937454106369
0.10085589130073588
0.10984676075359659
0.11921610962206747
0.12775337117489743
0.13746063431391084
0.1492390577019963
0.15944342498810132
0.17010246383254213
0.18047381717819047
0.19017422262502218
0.19821107700885132
0.20539217656241981
0.21114706882038609
0.2152137332475686
0.21807643270091795
0.22115992401368204
0.22316096495416723
0.22329199389618576
0.22424282398294873
0.22515229636456066
0.22543592498795634
0.2292282980086682
0.23119322883500076
0.23350378931312335
0.23607453709518822
0.23546620945138202
0.23477153441558435
0.23148655538582033
0.22658541500054594
0.22079733559731266
0.21265991522231642
0.20385932332817047
0.19474938126171723
0.18424061547031229
0.17493435508570834
0.1670798285750509
0.15841328757855813
0.1516744515822727
0.14522778441831358
0.14015765417201023
0.13601238418983572
0.13133885621579763
0.12978956960720078
0.12793737052081125
0.12644403179989028
0.126586628743135
0.1274265890322246
0.12870644210233637
0.13042870050671002
0.13260995611833817
0.13530471910713981
0.13854059994185322
0.1431304794468859
0.14630832403056124
0.15187731770713317
0.15617052636156595
0.1605066258763799
0.16526133818124408
0.16975027382057792
0.17415021682673965
0.17817262885425342
0.18265558252516167
0.18652451022727395
0.18918519816472432
0.19176961238418133
0.19444468731583892
0.19621466423940007
0.19722757054519388
0.1979150253935457
0.19831631495477958
0.1977449257214961
0.19685656627787299
0.19644475576470108
0.1951131300888351
0.19370098273216113
0.1922407342664859
0.19045890669486595
0.18887590817998592
0.18727433753063005
0.18513023181701121
0.1834751275549377
0.18105958951163692
0.1791722127484245
0.177464044589047
0.17488642287274464
0.1730017512319551
0.1717470687438898
0.1690948682698947
0.16775431957592646
0.16567969651327216
0.16395237396058965
0.16153444115985918
0.15658348445101183
0.15282921184569145
0.14937349662303268
0.14594665875089924
0.14338266078793047
0.14030612424262418
0.13773254214411787
0.13535462895873096
0.1330781456601142
0.1316001529033225
0.1295483747822684
0.12787075622957164
0.12637408408942824
0.12493272246131262
0.12347410156398962
0.12289362201620348
0.12152055353410553
0.12016412634962305
0.11879967368372908
0.11761073538167481
0.11580812410626945
0.114666186475641
0.11306958134085057
0.1117660626190006
0.11019211118298554
0.10806994779784682
0.10673710097018997
0.10502468008601848
0.10292134843576126
0.10137900796505363
0.09912919497566404
0.09709532486748419
0.09508860280038293
0.09225904285058804
0.09004244236881356
0.08761433738731556
0.08504437210278798
0.08223532831296258
0.07963026806601772
0.07694433927474738
0.07417401005888556
0.07122579661743976
0.06901114790940745
0.06668036138211583
0.06401702782373635
0.06200694415250584
0.05973349928404491
0.057389243613653045
0.055487974064980086
0.05310951497385976
0.051417795952635036
0.04948377418800628
0.047697370367263944
0.04600768236390406
0.04422366662594384
0.04285966408145455
0.041220237642611665
0.03982363657449612
0.03836659357868854
0.03685042170179047
0.03540003719243448
0.034088532785502994
0.03271060883454087
0.031510278802570346
0.030135768532932705
0.028804167491737444
0.02764276497671909
0.026405254495016486
0.02513721553582901
0.023755845985351326
0.022494888598504036
0.021256065055617883
0.020242280740975588
0.019085250245691666
0.018297093836493823
0.017179028488423155
0.016277538672146083
0.015440490486353877
0.014641239455560395
0.013563640532178331
0.012661240329171966
0.01187615099527216
0.011058403589282775
0.010252695348293853
0.00951160026072532
0.008843040309032591
0.008145306311072876
0.0074816483394821815
0.0068848882882700056
0.006401220777322037
0.005853187501494785
0.005380043727878089
0.004997256057327978
0.0045594049888588095
0.004179866572718777
0.0038811257936797665
0.003531543121299154
0.003287528211186087
0.0029612550100875544
0.002770765661268701
0.002537056462868405
0.0022600852036783648
0.0020957352077045515
0.0018935577412266724
0.0017089174832522886
0.0015536701567915533
0.0014338164391796712
0.0012721080375764863
0.0011464934758427098
0.001023432068175563
0.0009190906174910424
0.0008191151502913868
0.0007207795995401575
0.0006075274159506704
0.000536737419437176
0.000462772628611131
0.0003625769865664634
0.00029909262111611036
0.00024711429037269095
0.00018312668052318566
0.000130129239561778
8.753039637656589e-05
5.7096094139256825e-05
2.6579739513789043e-05
7.908239279666774e-06
1.0876626769784771e-06
4.921875155093985e-06
