Gbb RDFs at 10,000 MC steps
0.0
0.0
0.0
0.0
0.0
0.0
0.0
0.0
0.0
0.0
0.0
0.0
0.0
0.0
0.0
0.0
0.0
0.0
0.0
0.0
0.0
0.0
0.0
0.0
0.0
0.0
0.0
0.0
0.0
0.0
0.0
0.0
0.0
0.0
0.0
0.0
0.0
0.0
0.0
0.0
0.0
0.0
0.0
0.0
0.005137754427620552
0.01720043417979841
0.07057977274817412
0.15669790473388331
0.32006965141455773
0.4827023724778795
0.599417162192874
0.6952829054451404
0.7853250875370097
0.8717670453143799
0.9479688798486289
0.9521014800841692
0.9617245133855563
0.9762625617540203
0.9535775052818595
0.955562582206869
0.9944218205760058
0.8984590891161447
0.9311472960134394
0.9613470314757459
0.9403290550799477
1.0132174847356406
0.9858503425680674
0.9691385755834565
1.0700644621291924
1.0442326327558658
1.097724682648531
1.1538071723181016
1.1473615821898115
1.25148384474061
1.2190295100137116
1.249422802066873
1.2656509945703374
1.288677275692662
1.3431484357024193
1.2822049125523038
1.3376850982165849
1.335695487304587
1.2807151251254945
1.3385087623815244
1.2603494917930853
1.2835805379602763
1.2173596918757734
1.2195937777988415
1.2477220407644036
1.1888769304234574
1.2167868370793447
1.2428955043589376
1.2111138703105626
1.2231704886671324
1.2700518493522772
1.2859854632530832
1.2876051754204398
1.260258157251879
1.2452858892091685
1.249670154212462
1.1440860194759648
1.1646137876536604
1.071306520004875
0.993005374225135
0.9556905033468729
0.9413156292523399
0.9129570455141789
0.8760212887369473
0.8204076380348881
0.7910661023755732
0.8034775883348952
0.7412544894658463
0.7492377444438392
0.7536666118392272
0.7271725843243394
0.7474308756253925
0.7513342511080461
0.7527862124668705
0.776543616603452
0.7839072339512775
0.8142189045550303
0.8203417645045075
0.7924259233865593
0.8561921167568385
0.8733442816714453
0.8851598390387503
0.9182706497896668
0.914875813896249
0.928881928147632
0.9729860514329722
0.9757558377356447
0.9964218497365899
1.0120086882019714
1.029444691959821
1.0409091559047043
1.0638386255671517
1.0541786119952785
1.0650012646351845
1.068109455679474
1.0570336588688551
1.0526065368541524
1.0831342514967173
1.047442763725916
1.054758666357713
1.0649397141424302
1.0391777740167685
1.0322689586587357
1.045209776261218
1.0521730360169426
1.0446312505450988
1.0279877961502968
1.0419456188562883
1.0179351681985294
1.021016269814115
1.0218013766514225
1.0037574398546298
1.0043680071859513
0.991654658944653
1.0150234038813382
0.9759401022356655
0.9777393454975886
1.0076033554993447
0.9835848336429237
0.9671179345545154
0.9972245370503062
0.9685870080027298
0.9672636767963031
0.958831245471389
0.959399487169579
0.9811358155779001
0.9868104210953318
0.9948807833530591
0.968676578895032
0.9549230201280998
0.9459309993680601
0.932786962047235
0.9211039963131262
0.9165674347635582
0.9057677447568329
0.9004404299964699
0.8723781755734865
0.8634866272031
0.8487801546543774
0.8201405296500544
0.8029051880625306
0.7791182542898054
0.7613518058888465
0.7401567577379861
0.720011697538621
0.7141326759878898
0.716537710993031
0.6981842235348481
0.6871052733574152
0.6710544567652673
0.660810033191099
0.6478113011321235
0.649930193011807
0.639257045717366
0.6217935056572016
0.6174929055546396
0.6210295970179677
0.6165723100772678
0.5984639650740032
0.5852875342898461
0.5723395818277904
0.5540137509831659
0.5395345479216573
0.5247172897560812
0.5070576999283881
0.4966070860287316
0.4837484932638332
0.46940441886712336
0.4585753783201936
0.4222031145953829
0.4094302971752366
0.4102948986822021
0.3969624300113454
0.369339602352957
0.3617044205718156
0.3499164405483292
0.3284915478832004
0.31811840821263654
0.3033452757184784
0.29330424763922225
0.27500149047945477
0.2683160263261208
0.2539038616795568
0.24327268372911498
0.2363738009097522
0.22813686568249716
0.2188846617392845
0.2153840177844039
0.20911207659628225
0.20042019835618577
0.19630920826580317
0.19015093742664557
0.18081526284836277
0.17460598564434193
0.1736814622109582
0.16394169940967218
0.15668834151365116
0.1476302757083638
0.14572315257227006
0.13260262214541516
0.1193084834878811
0.1172412112279998
0.11553838368946032
0.10937458590613272
0.10544797440785486
0.09667734331132377
0.093677557111164
0.09148639160738889
0.08513786026785516
0.07714486033447304
0.06907825462384325
0.06604485449595186
0.05675477615425905
0.054511823979151754
0.048571407255974745
0.0422674914266072
0.03924482001028448
0.035895089969127526
0.03229985411679863
0.02831844369952955
0.02563237779196075
0.024862300207293388
0.02256302173064227
0.0208661185883707
0.02011117393557962
0.018841517882011657
0.017902918889103798
0.01715014824529971
0.016407924966111175
0.0143499026333808
0.014920684250552105
0.014041774304716337
0.012143776574172795
0.01159397394600367
0.011084535105548302
0.009279667618045134
0.009278277427056838
0.007960604985460673
0.00796809125802821
0.00769044278321517
0.006505145358391774
0.006397242891669367
0.006383651582786493
0.004062089086935432
0.003483889966852106
0.0029742683950471317
0.002592133694900341
0.002035555823763785
0.0011000215891052941
0.0008858420091890657
0.00041059028440925294
0.000262167451920747
5.786711582844595e-05
2.8739373693119604e-05
0.0
0.00014178412127088762
Gbb RDFs at 20,000 MC steps
0.0
0.0
0.0
0.0
0.0
0.0
0.0
0.0
0.0
0.0
0.0
0.0
0.0
0.0
0.0
0.0
0.0
0.0
0.0
0.0
0.0
0.0
0.0
0.0
0.0
0.0
0.0
0.0
0.0
0.0
0.0
0.0
0.0
0.0
0.0
0.0
0.0
0.0
0.0
0.0
0.0
0.0
0.0
0.0
0.00706441233797826
0.022114843945455098
0.07293243183977992
0.1730440890406553
0.32061030960951475
0.46194098011323953
0.5689974892363304
0.6871313127606112
0.7521033447034817
0.7913440915927168
0.842210834084125
0.8575519402145791
0.8382221939367068
0.8600957793861266
0.8376319941174245
0.8650356007346393
0.8884474476634684
0.8423053960463855
0.8712413161300573
0.8979511150300027
0.8868317908930197
0.9651948889114235
0.9697454361550534
0.9976098125389611
1.0762983736360243
1.0447592251072302
1.134315505403482
1.1809233822755556
1.1892201974826917
1.2686693828643996
1.286396930303943
1.3043081608719533
1.3230225369066302
1.341189921826704
1.3790592881628096
1.3319074570282015
1.370263696559301
1.3466092835741341
1.3160310222145986
1.332854119204388
1.2779829852480762
1.289147707547526
1.2258584330924431
1.2270688145736914
1.232133634216592
1.2060241938430265
1.209643882190926
1.2287682393986121
1.221369989241764
1.230298860925064
1.2979650768105688
1.2822203789429734
1.2960726680886692
1.2716299134478883
1.2581319962768
1.2301440580528924
1.139301156088326
1.1305419829692838
1.051454060199135
0.9875440821143798
0.9461405860577621
0.9125208321448394
0.8589107060474834
0.8332107006315865
0.7802191153394735
0.7354857004387536
0.7451489067860826
0.6980845481803665
0.6893469590778886
0.6898902650684464
0.6914736100672213
0.6815539961538177
0.6982029814175669
0.6958574460321513
0.7260963580953901
0.7497081453535394
0.7666585705217492
0.7872592988912192
0.7991212868034081
0.8497715097262311
0.871457122851599
0.8992907432379641
0.9265361983077666
0.9413191203009805
0.9555314428357814
1.0177297591761876
1.0163065357220562
1.0310627333523217
1.0525035240434104
1.060201011260714
1.0586255619082157
1.0795627672525105
1.081413607215825
1.072737188424538
1.0727505271814952
1.0717382819210064
1.0665227452003696
1.0774810173668083
1.0530795640568973
1.052349977518976
1.0587269567160675
1.0550976555125742
1.0474981849718985
1.0466711993264601
1.0396004794585292
1.0369493015951265
1.0220359332274254
1.0253777747785373
1.0123024550619413
1.0055790392597252
1.0113052419553994
0.9948685796924296
0.9954365989946585
0.9894500704670074
1.008543453971273
0.9902377597113033
0.9931430354488736
1.0105777943633332
0.9964443552658138
0.9686403555455498
0.9940286058353274
0.96895846994252
0.9595563965031054
0.9537088962496479
0.9600266042122709
0.9676786197677719
0.9670357132422066
0.9841138624970562
0.9620517611343221
0.9515853102533046
0.9420467012869391
0.9324566258056954
0.9197159307216607
0.9197160412953803
0.9141500480531017
0.9129136535577045
0.8931453667944054
0.88375536006913
0.8684837069218625
0.8556822188091545
0.8404911638275798
0.8253553005951445
0.8103486083041311
0.7860638410991544
0.7642518276916205
0.7507530482836385
0.7491299085487151
0.7255123165283639
0.708041048419754
0.6909591900951139
0.6723748811468244
0.6604560666154914
0.6471304734493701
0.6320513022151963
0.6155316732185856
0.6052862045650995
0.5940750775753132
0.5852801063703387
0.570705608485009
0.5552523150362272
0.5394042063166589
0.5203741902173364
0.5070849300035389
0.4927273761777297
0.4775680760230215
0.45940067346828745
0.45053993703348694
0.4317042214462992
0.42500322189237943
0.4036487218379199
0.39375739827580647
0.39347998293057534
0.37965128644694085
0.362134549693866
0.3547516400614868
0.34387156540608665
0.3300610249394985
0.32599878599104604
0.3125165378654548
0.30776577651587833
0.2976617344187602
0.29337686323689377
0.28132210723878254
0.27084358788508134
0.26803970581316094
0.25662982731515455
0.24325305474569217
0.2412509833402655
0.22823990268457856
0.2188946859141582
0.21356258590085136
0.2018232513617834
0.1946401722814368
0.1828357357425063
0.17392740660904274
0.1633652206181315
0.1561606232711129
0.14693246642879695
0.14221956831630275
0.13080083950869323
0.11820219940418462
0.11375942579736267
0.11162431163331375
0.10061299227432026
0.09403817405200493
0.08938363841653456
0.08435439045795426
0.07889947267415254
0.07326882867006372
0.06667548344454584
0.06004585066506898
0.05903124162912512
0.05271467117597563
0.05004269836791236
0.044898099418826186
0.04185199329819551
0.039525943362793685
0.03695520402521056
0.032595167068723646
0.030663049646191765
0.027759319778953233
0.026828911762151866
0.025822124869512828
0.024278635427354665
0.022827946554947395
0.022431212274030606
0.02146612119227494
0.021256521768822177
0.01955934270490497
0.01843044366656965
0.01676045187873104
0.015868210341964645
0.014339637543749248
0.013559334201807712
0.012051972341091718
0.010614637345553384
0.009989504268155272
0.008987779822294307
0.008828645113895256
0.007753738608591426
0.0067879777652783725
0.0057575186025024296
0.005515970785126193
0.004000542282587925
0.003163005364642044
0.002746645813793525
0.0020646646290775976
0.0015116995455892815
0.0008175836135242052
0.0006643815068917993
0.00024928695839133215
0.00032042688568091306
2.8933557914222974e-05
1.4369686846559802e-05
0.0
7.089206063544381e-05
Gbb RDFs at 30,000 MC steps
0.0
0.0
0.0
0.0
0.0
0.0
0.0
0.0
0.0
0.0
0.0
0.0
0.0
0.0
0.0
0.0
0.0
0.0
0.0
0.0
0.0
0.0
0.0
0.0
0.0
0.0
0.0
0.0
0.0
0.0
0.0
0.0
0.0
0.0
0.0
0.0
0.0
0.0
0.0
0.0
0.0
0.0
0.0
0.0004480564713536155
0.005565900629922266
0.02743878785824985
0.08077462881179927
0.18300210936547043
0.32799930494059404
0.47370576911986884
0.5837917564119172
0.6831354339936851
0.752718562163362
0.7879375944737516
0.8280812166338067
0.8400733498747859
0.8286607240438928
0.8418886236507613
0.825740146818508
0.8497082811202936
0.8489531731681952
0.8220183332806643
0.8521408587759355
0.8772396796405976
0.868591771294048
0.9422705221805217
0.9588171068033653
0.9745350845488789
1.0346486170469025
1.0358071551340333
1.1210950449675439
1.1478366306760932
1.1773642891049394
1.2615283601736924
1.2705098289203056
1.2983585284811587
1.3305561737790725
1.3527652900605522
1.3886905512747918
1.3660486110609027
1.3942070037750325
1.364288357063401
1.3660463050409666
1.3566279415942841
1.3008412175045456
1.2978464100276035
1.257927016616677
1.2591284167413812
1.237005011262783
1.2329094093280297
1.2297269727467701
1.2490730180691871
1.2636331266732364
1.2743783873363557
1.333853512114087
1.3198247395217249
1.3361339237233032
1.3049424698338457
1.3044478925070357
1.2658562602394738
1.1811057520013812
1.1558900888697379
1.0922887945963076
1.0202326856178854
0.9711411825381986
0.9281370580893834
0.8687780875268802
0.8390435056947848
0.7882136064132925
0.7427691373337822
0.7396632331642298
0.6964477731553246
0.6897489106575259
0.6835060487250348
0.6837776355444005
0.6742131571967825
0.6901755056324681
0.6926640308707647
0.7139298439249837
0.7393177972552685
0.7548925701439639
0.7794481611769705
0.7977935143114592
0.8344009656226558
0.8622948300306065
0.8790229892150918
0.9142438441013616
0.9322439027182915
0.9455186193980374
1.0035735578563003
0.9942264441849493
1.0188783602758753
1.0448488651514987
1.0575606775852315
1.0594692002893351
1.0787084453107214
1.0733819001875435
1.0764818239979355
1.0763307823401973
1.0688844958175516
1.0703883586298744
1.0788149265435285
1.062557739428251
1.0599466115488387
1.0663203269038442
1.0663717351127486
1.0502042861455732
1.0491458757169367
1.0492894221273985
1.049942227596931
1.0467792124225075
1.0464523679699687
1.035945267159529
1.0295445300504562
1.031178634044824
1.0142066719190708
1.0168996729427262
1.011102889080782
1.020558361096186
1.009667909614093
1.0073947400405538
1.0129345901845264
0.9960429969130394
0.9725098422310953
0.9813075462933529
0.9661725053940942
0.9520326228835553
0.9468639871126311
0.946080715691457
0.9536311960712346
0.9492443094215484
0.9602017852546084
0.9418353817742201
0.9282213411297386
0.9167221915752574
0.906277478663688
0.8970441927277231
0.8875033744698136
0.8844261344596654
0.8847041690479082
0.8673815581368745
0.8647220547301722
0.8505875864515241
0.8381191099260709
0.8295317010465184
0.8166204042907252
0.8044494907994053
0.7858588449296929
0.7718876646112321
0.7548849407090131
0.7538960793740626
0.7357314511333843
0.7184059731227482
0.6999038654822461
0.6844328040153907
0.6702834896139687
0.6542121170484752
0.6369094731736727
0.6198353381248509
0.6105054746217092
0.5929361542185813
0.5840584888082063
0.5722046631238933
0.553286820115745
0.5381978937017543
0.519199666609577
0.5055737958357834
0.48832617846473403
0.4767684235229421
0.4568893372103136
0.4510087411980755
0.4346231909801389
0.42577305321986286
0.4055739144698973
0.3949644234115062
0.3926766644799004
0.3767570513682525
0.362690163207378
0.35342856944074735
0.34449629049356734
0.33150843155808457
0.32471995275507604
0.31411786935143476
0.30562709971017565
0.2954915996985149
0.28665729086494335
0.27786797021534787
0.26499521427624
0.26107320673441103
0.25089903955175
0.23913580170335214
0.23636236416181827
0.2278085658929196
0.21639098852625113
0.2102784309086572
0.19976702840922797
0.19110815046355717
0.18356476383339396
0.17366655648986215
0.16382344734986895
0.15711344787569587
0.14943294968057821
0.1411093790664695
0.1322308257283138
0.12041476757157757
0.11455425762294245
0.10984518797142895
0.10216322685056511
0.09381849077198857
0.08936320787061076
0.08444897330805928
0.08011929122891771
0.07387391655544133
0.0681597996387699
0.06337082255713951
0.06007029538717351
0.05516966319627225
0.0515579813004785
0.04664276203577931
0.04408057416876729
0.04070666144333232
0.039143626608820585
0.035265288342379006
0.032909963678409725
0.029619636559599087
0.028061802798072317
0.026992059329620198
0.02568866842679595
0.024192213324846362
0.02344099622495626
0.022283050500806867
0.021831644111052213
0.020986615231532595
0.019257886709410723
0.017508736571537762
0.016097213025534005
0.014417268992168615
0.013829089531035718
0.012582149809157886
0.011200721616166757
0.010172699060559412
0.009148275890549564
0.008828645113895256
0.007838133042426434
0.006693700296316173
0.005710709508173141
0.005154437119434401
0.004103120289833769
0.0031986592093320512
0.0026505385017086686
0.0022907228001444882
0.0016863183049807828
0.000832448770133736
0.0007185162963422422
0.0002932787745780378
0.0003398466969343017
6.751163513318694e-05
3.831916492415948e-05
0.0
4.7261373756962534e-05
Gbb RDFs at 40,000 MC steps
0.0
0.0
0.0
0.0
0.0
0.0
0.0
0.0
0.0
0.0
0.0
0.0
0.0
0.0
0.0
0.0
0.0
0.0
0.0
0.0
0.0
0.0
0.0
0.0
0.0
0.0
0.0
0.0
0.0
0.0
0.0
0.0
0.0
0.0
0.0
0.0
0.0
0.0
0.0
0.0
0.0
0.0
0.0
0.0003360423535152116
0.006101083382799405
0.028257856152525965
0.08469572729780894
0.19446322709780484
0.3460212447724948
0.5013876256060554
0.6044039938250941
0.7043935090337319
0.770098455404976
0.8051181886389686
0.8413544936325905
0.8653966618631478
0.8503732285921582
0.8462480834747221
0.8320576906960574
0.8515643237298431
0.8474475263399295
0.8130516757046549
0.8515439694836191
0.8630991311133132
0.8587075148633203
0.9148008068736649
0.94141805612502
0.9696968351316035
1.017618293582587
1.029751343093341
1.1120539558952252
1.1337809805605321
1.1691377404346623
1.2351222707734408
1.25340064281485
1.284116595945694
1.3169376763558112
1.336637414198148
1.3708039197811108
1.3605820019181425
1.3739925722732265
1.3599164562185824
1.3468623609431813
1.3444370173252964
1.288402776835116
1.2918443053163498
1.264697680452624
1.2507397643607159
1.2371673904976561
1.237540228924364
1.2444269668649655
1.266592852034322
1.2843930968769723
1.287471315973373
1.3419711343851208
1.3379994057594158
1.3490627834962987
1.3155115138277838
1.312465785863874
1.2777389174418436
1.1966565580112076
1.1614658491773866
1.088556370750716
1.025891850631204
0.9682684431910678
0.9297177248618188
0.8653020781420927
0.8301292187114063
0.7837302093921643
0.7394633055391939
0.7241089180845466
0.6952713411060757
0.6902513501320723
0.6820909904633509
0.6846830443117913
0.6781219156024766
0.6899568584320958
0.6986209783833512
0.7171299692402767
0.7458340298483269
0.7561479994646704
0.7818747830036396
0.798019518139876
0.8386396780562819
0.8607495478085584
0.8816876740069436
0.9109588184082706
0.9314224390577895
0.9475211840855862
0.9991118265474429
0.9981968777815318
1.0157648484434636
1.050547601739799
1.061235736620025
1.0691710416722102
1.0857970084493491
1.0820961885496732
1.0865945823428584
1.0955580785628571
1.0857240122906078
1.0931632644187066
1.0912329857839465
1.0808251479082833
1.081624811097472
1.0853748133242413
1.0807196534671444
1.0679717168442633
1.070843136825566
1.0661297272423373
1.0597675351428215
1.0626882799836421
1.0558260367207586
1.0448409435694157
1.0394761748826509
1.0386378160623022
1.0330012638202122
1.0276052465208552
1.0184686071727604
1.0242370826597125
1.0070849994640654
1.0058066459376704
1.0030685552640832
0.993891716142169
0.9683073259537611
0.9743830286608988
0.9597415705614776
0.9509774595100818
0.9447334524805796
0.9434975907298928
0.9509456591880731
0.9493172250109774
0.9505158805488068
0.9367064906046383
0.9206375573002991
0.9121626660499271
0.8950047544211518
0.8908931569694638
0.877431870243023
0.8726576467365704
0.8660798568633852
0.850674118583203
0.8493564248622105
0.833105138751659
0.8262592901641608
0.8115170841001489
0.8009246949933627
0.7863986787653168
0.7707072162868486
0.7578985727545999
0.7447499988599158
0.7413673582706678
0.7236742595123027
0.7072859876798009
0.6950182611410467
0.6804938078366723
0.6656637134527206
0.6515276800562563
0.6358008972502619
0.6206637936193069
0.6097918193282544
0.5944705370741785
0.5850921652069337
0.5719617128893153
0.5532714646866786
0.5400884592704912
0.5220155116692055
0.5108130570621463
0.4970547282915141
0.48603756622203304
0.4674997329002533
0.4620495576457331
0.44751214736332656
0.4391699959554587
0.4201523659221896
0.4096790733482434
0.40027167528628127
0.38655675045499877
0.37216247746192926
0.3604124287911606
0.3523713461737814
0.33873238567554576
0.3300685863568693
0.3180526919065567
0.30723110731445263
0.2964000281860594
0.287874483875247
0.2757070687042757
0.26159185400386803
0.2568592055434189
0.24606569959118202
0.23462357961915978
0.23066688550731665
0.22026409328244761
0.2108704135404934
0.20300472143650888
0.19337286298241543
0.18531745374926517
0.17697344800134812
0.16838247836131903
0.1581990837554789
0.15243361318318646
0.14482813532010314
0.13682361602084692
0.12732597299501527
0.11679806960564679
0.11194467702745482
0.10720789877851734
0.10024965604551286
0.09310108756068514
0.08899545804398275
0.08421251618279672
0.07997519178426139
0.07520378003978771
0.06948578877227676
0.0656223783265731
0.06112558436019143
0.05737335682079048
0.0531499874195037
0.048133655544811964
0.04603530400015864
0.042177873654797145
0.04070280020592517
0.036895661931131696
0.03423491026805998
0.03198593526592549
0.030311077175800356
0.028579827525480217
0.026615853991554618
0.025535898483992545
0.023893356087365154
0.022795804002970512
0.021670609855227802
0.020775378897591706
0.019161540601682653
0.017300567145719353
0.016446302482194614
0.014372908164500405
0.013518045120803426
0.012404513028620251
0.010989080074000818
0.00976320481871486
0.008859382967690102
0.008438208642251872
0.0075480271761185925
0.006481575991151224
0.005305030690652645
0.004818727287006309
0.0039236087771535415
0.0030331235018427336
0.002519023232539918
0.0020721999014464937
0.0014967322233557243
0.0008324487701337361
0.0006865275571215259
0.0002932787745780378
0.0002840147395808093
7.233389478555743e-05
2.8739373693119604e-05
0.0
3.5446030317721904e-05
Gbb RDFs at 50,000 MC steps
0.0
0.0
0.0
0.0
0.0
0.0
0.0
0.0
0.0
0.0
0.0
0.0
0.0
0.0
0.0
0.0
0.0
0.0
0.0
0.0
0.0
0.0
0.0
0.0
0.0
0.0
0.0
0.0
0.0
0.0
0.0
0.0
0.0
0.0
0.0
0.0
0.0
0.0
0.0
0.0
0.0
0.0
0.0
0.0002688338828121693
0.006165305313144662
0.02801213566424313
0.08940104548102056
0.20111443312607755
0.35229287983399626
0.5119759357120218
0.6251492134151304
0.725587650013508
0.7832948699194053
0.8266235530595679
0.8554841110829089
0.8723330473208294
0.859576143363992
0.8374778760641657
0.8324293109241485
0.8472175916829623
0.8332017909648015
0.8099581788409316
0.8332140419432148
0.846666657248521
0.8442173987349751
0.8957103428546553
0.9328191864509287
0.952167485319783
0.9998109898435068
1.0245380788148322
1.0975199787450067
1.1218647745333572
1.1653632063388883
1.2294486890092855
1.2439600383388039
1.2760176588537249
1.3156337776663498
1.321116539352885
1.3646123934948367
1.3497359810790697
1.3624134318984056
1.3455753449801775
1.3379679868614813
1.3315772642934216
1.2818659161300843
1.278222137232548
1.256453901472454
1.2371351974304894
1.2225207835121084
1.225394250668836
1.230762183600164
1.2470273495946453
1.2661104500865699
1.2719925647847212
1.3172195071797579
1.3167197070289431
1.3305435575961067
1.298253201483252
1.2941535291562398
1.2585082819478464
1.1945033694867704
1.1551329376545296
1.0856390275719456
1.024158484004747
0.9729735243920442
0.9288835898662444
0.8654142074770858
0.8383391669701721
0.796467378278695
0.7560207497039604
0.7369412280252853
0.7117107002638401
0.6983104793037993
0.6982226546465484
0.6935689846431826
0.6884753585990222
0.698484099246617
0.705106067634167
0.721803359795063
0.7498506415560301
0.7641885863233356
0.7877762124164268
0.7984941261795514
0.8408493674888934
0.8596254575549978
0.8834479809300457
0.9116582109751867
0.93975442761431
0.9592901027108728
1.0019860409939987
1.013155081845396
1.0331956115367298
1.0630075512294723
1.072032560541661
1.0884059967617363
1.1049292019889796
1.1079933243558768
1.1146188071310734
1.122105007554419
1.1230672194550486
1.123012242783533
1.1162914224609026
1.1077941059362897
1.103624169157937
1.1044333603704073
1.1010069892450067
1.0858616134354844
1.0856152011690339
1.0752880849555302
1.0630906893552539
1.067517149902198
1.0603420209760654
1.0493033648504406
1.0385261914639192
1.0389574952916227
1.0347264390469588
1.0229370279371504
1.0161409718963625
1.0176153838453648
0.9995362362514035
0.9950586225325591
0.9884694241841131
0.9817739047552061
0.9569938349641377
0.9580461802737422
0.9442933971404562
0.9383430250294472
0.932521409291756
0.9315017375846874
0.93238889443937
0.9350111863650218
0.9340152500321374
0.9230636400935504
0.9095977650182232
0.9008230216518157
0.8854002281983899
0.8857818095561847
0.8732458382257157
0.867592340601825
0.8624681481423315
0.8510800937499277
0.8468546841198892
0.8315204538309215
0.8276794469254597
0.8123054181842865
0.8054190393824348
0.7886583820408872
0.7756813880458405
0.7605579915817585
0.7473389245995863
0.742821741279873
0.7265111097748276
0.7103611441479739
0.6995189047693823
0.6834152766952553
0.6680828567438807
0.6535138340517263
0.6374572401005344
0.6228005632452676
0.6081110013385953
0.5929108448106539
0.5839707829319507
0.571778724840293
0.5510756383302026
0.5380965228937792
0.5225485646911887
0.5110934122169536
0.4967622997186372
0.48324365840163375
0.46615809979935885
0.46062592377449263
0.44574939303444955
0.4386123376523792
0.4198482412890222
0.4096072046760415
0.3982013045520418
0.38539272528428875
0.3732432353607929
0.36116098485376685
0.35308406071020304
0.33777238887611
0.32944126681003544
0.3176904655864661
0.3069714108451888
0.29731855032346555
0.2875643497657724
0.2775242092101448
0.26526060265848994
0.25671792689077294
0.24754105548588992
0.23676119994870023
0.23053399100537827
0.2205934777415327
0.21123430496208984
0.2024149612090374
0.19413190736601674
0.18650894265435247
0.17869154925471833
0.16892355603710496
0.15915249098764225
0.15339010249778706
0.1447779802781343
0.13641486452431742
0.1273431328296507
0.1163385362170344
0.11159438831140282
0.10633717472752433
0.09959149841961606
0.09241526382088405
0.08682164795769261
0.08321939625669394
0.07897185751146826
0.0734084643359201
0.0679143926946582
0.06440496735821657
0.06005211194640766
0.0560434083877479
0.05214107751756725
0.047513190075946454
0.04504755163125268
0.04150130345309167
0.04018762197165324
0.03603556295865009
0.033894209716435635
0.031158791159872853
0.030015183327179455
0.028056938450452627
0.026255051429932875
0.025135439143345473
0.02354839521164431
0.022568106685060554
0.021070182129939646
0.020518469842798738
0.018892904983664388
0.017155411167716243
0.01649489573456177
0.014392870536951098
0.013615487351973541
0.012796407095221738
0.010927215623213849
0.009711479230271337
0.008808024225848421
0.008458925679522746
0.007576510297537908
0.006505145358391775
0.0054548197925063675
0.0048156284270146656
0.003988232921718423
0.003104940531861176
0.002567582716540687
0.002176186660137264
0.0015865361567570678
0.0009097475845032972
0.0006968623805620651
0.00035193452949364536
0.00033207877243294625
0.0001157342316568919
5.17308726476153e-05
5.709427559789622e-06
2.835682425417752e-05
Gaa RDFs at 10,000 MC steps
0.0
0.0
0.0
0.0
0.0
0.0
0.0
0.0
0.0
0.0
0.0
0.0
0.0
0.0
0.0
0.0
0.0
0.0
0.0
0.0
0.0
0.0
0.0
0.0
0.0
0.0
0.0
0.0
0.0
0.0
0.0
0.0
0.0
0.0
0.0
0.0
0.0
0.0
0.0
0.0
0.0
0.0
0.0
0.0
0.0
0.0
0.0
0.0
0.0
0.0
6.172872849687028e-05
0.0025522583353488554
0.029814192030817203
0.15097548005678668
0.49539467306319673
1.1554434835084697
2.0525254765047283
2.932233051316781
3.6033523463505586
3.900843713183639
3.943190151313088
3.6555483024060615
3.2440629954110602
2.8434403742634684
2.4382864374205253
2.0592953743737334
1.7379231939727784
1.4653700215708636
1.254174469535711
1.0943319210940068
0.9444779823669495
0.8190877394212962
0.7326445814768444
0.6545336654129403
0.5993565592485265
0.554282795726107
0.521648336363816
0.5070677985715057
0.48133012273957565
0.4750762326611357
0.46759789029836246
0.46723822427341993
0.479317947761475
0.47781837498689256
0.499780141973089
0.5297421757350468
0.5378894469958595
0.5628617135419403
0.5969659574144685
0.6290012686885437
0.6690741458916635
0.7140989957472347
0.7579141324455779
0.8119827143587655
0.8512474560679603
0.9013507016305645
0.9377432169144284
0.9895510931080261
1.0330364661117193
1.0766020537894174
1.1162894613170842
1.1562133454189993
1.1969666020863692
1.2401690670552212
1.2718045074656763
1.3122071190278124
1.2922331643702054
1.292456714978554
1.2938165484705495
1.2771731997787297
1.257849119836623
1.2461388945144043
1.245092950831598
1.2366068102702756
1.2316721865424762
1.2376264178528031
1.2451442665511332
1.2497194114550678
1.241900378120716
1.2345748408227948
1.2062328008177798
1.1942758155257993
1.1505603746015107
1.1030821672386566
1.0510535454718106
1.0005265247958435
0.9646422530170544
0.9163049582142081
0.8769577689825359
0.8513191602005493
0.8171163812390095
0.8084231753394127
0.7988671163793558
0.7903535777629543
0.7912284834212162
0.8089517257434471
0.7994237143521441
0.7970141766612205
0.8051365834131443
0.8113594267135825
0.8256021986297157
0.8376801173317296
0.8528198435587613
0.8792080684543712
0.8904011589016012
0.916129176891813
0.9350886906826741
0.9648193322191527
0.9940025685538901
1.0172779783416976
1.0417395689869038
1.0658323244297696
1.0804461657907407
1.101157756731052
1.1188502905826443
1.1353795887858629
1.1520455962817144
1.1678871762222416
1.1771286891794575
1.183677288522568
1.1900512478073024
1.2165238849232778
1.1815479230774841
1.1658374951855175
1.1406992219869263
1.1204209975253334
1.103538891887397
1.0847848998249694
1.0644674705910595
1.0428594020566775
1.027131484830347
1.0195023271862533
0.9944051575080024
0.9563295677995037
0.9369317138229114
0.9112986327676726
0.8982827913204492
0.8750084431370694
0.8627762838619589
0.847302339215702
0.8321512178293343
0.806223218227638
0.7874057132639568
0.7518704608990741
0.7298493913832238
0.7034360906455198
0.686665929546553
0.6719410539308074
0.6550168993095241
0.6413663932993483
0.6289026765781561
0.6171487321199834
0.6135021582299311
0.5973345564976751
0.5922068488966478
0.5886106493939246
0.5851587231603667
0.5949278670467762
0.5927883408098404
0.5965237085605154
0.5994229374029733
0.604115879834301
0.6106719482162232
0.6035407661211312
0.6004495662506757
0.5948660436849516
0.5870142396406103
0.5805435815490828
0.5696901380424569
0.555107284779242
0.5411091377211833
0.525580051478734
0.50613505486933
0.48873313910541016
0.46831402722376947
0.4497401697121037
0.4319891447403484
0.4111470657852809
0.39041036218921055
0.37615363169693244
0.3444209725387488
0.3206280725357693
0.29858680280905636
0.2782184354830495
0.2613363830510705
0.2435378684640132
0.23198369767295093
0.21822593550602606
0.20933089033291014
0.19951818900868434
0.19358024885027084
0.18645941706390512
0.1812796871575816
0.17627116935314485
0.17272978936814753
0.16953444994198638
0.16604629333678989
0.1632694204827898
0.16059407167637949
0.15790547236771163
0.15339696607889514
0.14873892279574802
0.14406934840962538
0.14009260719911226
0.13463540072221897
0.13246987149683567
0.13034793431245173
0.12871592680279592
0.1256910205539992
0.12234114841510316
0.11784144186611972
0.11251577482616175
0.10342108673355672
0.09618096834539694
0.0891533103295236
0.08062398744809547
0.07342589862077702
0.06494565611284105
0.057298607793624355
0.04924126989733545
0.042959811765478556
0.037716709275959645
0.03313698025380086
0.029117573729870998
0.024869856809882917
0.02196489232334537
0.01973448128944521
0.01791515767802413
0.016048093422835048
0.01458751465934757
0.013141600888174707
0.0120240982049019
0.01123426586582922
0.010800796440735243
0.010162315337744813
0.009412502118342556
0.008975949550435033
0.008698760988746614
0.008236552209700293
0.008173689526052
0.007785371093283358
0.007394407700586816
0.0068904170117715545
0.006405093214728298
0.006428220327797751
0.0060240280328239795
0.005483385009542437
0.004782498642342032
0.004376788527704335
0.003963411507130622
0.003354140601055172
0.00287354850473895
0.0024288799281682325
0.00193902331542392
0.0014611982501020072
0.0009627425148154957
0.0005640856157642259
0.0002063326323186978
2.120198132018486e-05
0.00014215928829730814
Gaa RDFs at 20,000 MC steps
0.0
0.0
0.0
0.0
0.0
0.0
0.0
0.0
0.0
0.0
0.0
0.0
0.0
0.0
0.0
0.0
0.0
0.0
0.0
0.0
0.0
0.0
0.0
0.0
0.0
0.0
0.0
0.0
0.0
0.0
0.0
0.0
0.0
0.0
0.0
0.0
0.0
0.0
0.0
0.0
0.0
0.0
0.0
0.0
0.0
0.0
0.0
0.0
0.0
0.0
0.00018518618549061083
0.0035612907004867744
0.03501168527756886
0.16359802019268196
0.5180788412531023
1.1717979560280516
2.025131182705964
2.865382537310501
3.4970453330558273
3.806417539902149
3.830569970566449
3.5909923524472585
3.251236559478631
2.860111146871431
2.4657018344642765
2.097603750397792
1.7853049180853913
1.5241942054317583
1.3042649538066653
1.1302642838127173
0.9835949986392317
0.8584577787028529
0.7645416659046443
0.6832228775405855
0.6281175053030439
0.5734355171429508
0.5360668341098457
0.5128996286749979
0.48825334673312293
0.4753128616240823
0.46886114311920174
0.4656858197035757
0.4694299767790868
0.4699044093677211
0.48970428504342156
0.5092622859377367
0.5244553608661174
0.5476459004338438
0.5836598475219305
0.6174255227970407
0.6626734538125482
0.7068878688844213
0.7559270296294655
0.8133693030129452
0.8568004495375885
0.9078927353338466
0.9427472189372638
0.9953720793052259
1.0352107331688454
1.0781285850229123
1.105815334088205
1.1444317783683802
1.1775995440107496
1.2110709162189728
1.239699808605699
1.2708284792503333
1.2635437060260968
1.2695432794624124
1.272560513289217
1.2663018527649665
1.2593124846900614
1.2525273048455987
1.2536010486793954
1.257448910011517
1.2567568907735671
1.2591041778574952
1.2658489207640478
1.2655690996996916
1.256956773587348
1.2475833623802017
1.2168524979882787
1.195763474816139
1.158302604288452
1.1090067788170548
1.0620327009387824
1.017688403348036
0.9754147178533047
0.9307633999924326
0.8914828408557817
0.8663295180997276
0.8321887646542889
0.8161478914316602
0.8020907773065002
0.7899472490166332
0.7830221453929697
0.7882145404266786
0.7883256532751316
0.7880545639060414
0.7992439789638799
0.8076260165193723
0.8189151749100854
0.8322234300958046
0.8482496291302648
0.8729811983302357
0.889937475054658
0.9151289952778779
0.9361816238641812
0.9654741902437358
0.9948877889570895
1.0171652792913082
1.0416040362238284
1.0661718422977515
1.079843699098457
1.0972524918271669
1.118375438560964
1.1312746462107608
1.143580344260295
1.1565304434679042
1.1647461062530096
1.1670868335870073
1.169767880624678
1.1800794730296198
1.1613494016639376
1.1489093364112293
1.1318010536421739
1.118027119782938
1.106011997464167
1.0891223336288276
1.0750191595774212
1.0582870296003835
1.0491696442229512
1.0367319502363053
1.0171520888524357
0.9833414249250106
0.9615280842181819
0.9317488258761882
0.9097997556724148
0.8881648493522635
0.8669686436673459
0.8475906137380227
0.8267176109377035
0.8067178366307971
0.786637625547596
0.7566930504288961
0.7365714997670421
0.7158367509407603
0.6981645242128484
0.6838434851816692
0.6701074536862032
0.6575672525426632
0.6436780329622334
0.6346163396309823
0.6256992144818139
0.6112726991813885
0.6045871463884791
0.5997277796140349
0.5943894235403463
0.59605188785307
0.5911941686018486
0.591332160470298
0.5889453913181363
0.5884378771764615
0.5890844942519959
0.5816175366848575
0.5770594117126393
0.5688157474990653
0.5617177259269227
0.5529272034121975
0.5445271396812938
0.5322033389081385
0.5186336849679417
0.5064136596188626
0.489184630998119
0.4741031609609068
0.457294773006818
0.4390653238959929
0.4243431259717263
0.4064947181121862
0.3877328178756077
0.37434180761097047
0.35176619798745334
0.3327202524277966
0.314566170238079
0.29766211560757144
0.28204251078809084
0.26868916566987155
0.2566663727732496
0.243711077129538
0.23290496295797652
0.22352092775560187
0.21446247633450166
0.20582505246357102
0.199341837653217
0.19164090193188274
0.1848038406925888
0.17912318785582534
0.17280844236451537
0.16763590552262508
0.16181459326341432
0.15721796027350457
0.1504982672220307
0.14541879730278448
0.13930282033538466
0.13440000916952907
0.1264203370048016
0.12230509766404586
0.11810077300267317
0.11428151655425542
0.11034260789664867
0.10573470821608351
0.10114905649096852
0.09598573482111931
0.08925513375412746
0.08360745213254576
0.07776244367578009
0.07143345095118557
0.06576650014964663
0.059911026304137416
0.05400030382129287
0.04840082758009233
0.043668539624553714
0.039575724275675045
0.03577007248646119
0.03230549684653496
0.02882581123186755
0.025888869528441234
0.023394104855532376
0.0217707776989915
0.019721095618672378
0.018051236565088644
0.016421622262441628
0.01493401539924983
0.013752912374341224
0.01301378113626001
0.01203641008650244
0.01118693921888069
0.01032573962391752
0.009823160176481193
0.00906162822577796
0.008565647763926041
0.007953443869391248
0.007313947326628255
0.00667244075073498
0.006001591929641439
0.005525740983743846
0.005019701461144445
0.004422765243793234
0.003780668978514111
0.0033506831792688976
0.0029162068079717023
0.002411138335296891
0.00198702822136204
0.0015842921349642789
0.0012628323383203851
0.0009093917059641064
0.000601263349608554
0.00031875314160645146
0.00012184297684336896
1.2367822436774502e-05
7.107964414865407e-05
Gaa RDFs at 30,000 MC steps
0.0
0.0
0.0
0.0
0.0
0.0
0.0
0.0
0.0
0.0
0.0
0.0
0.0
0.0
0.0
0.0
0.0
0.0
0.0
0.0
0.0
0.0
0.0
0.0
0.0
0.0
0.0
0.0
0.0
0.0
0.0
0.0
0.0
0.0
0.0
0.0
0.0
0.0
0.0
0.0
0.0
0.0
0.0
0.0
0.0
0.0
0.0
0.0
0.0
0.0
0.00020576242832290092
0.0035217208038146996
0.03541149245039591
0.16677886364014433
0.5256225638520818
1.173348223735637
2.013944973927051
2.855304171594929
3.474351783412643
3.7782475466015493
3.8025063204090377
3.572664733729102
3.2498663281398814
2.854996694385148
2.4742222396646696
2.117552971756425
1.8008259035948577
1.5393681383219646
1.3153700779149613
1.1449577140703304
0.9937200239037712
0.8675265910363833
0.7759028183549841
0.6922808393855253
0.6341495511882451
0.5813663364174575
0.5408640332977349
0.5173248300943519
0.49135304357648235
0.476421281503148
0.4662941486050604
0.46052298822065857
0.4626028435978745
0.46661162766692466
0.4793491556386795
0.5009281982915128
0.514822514455676
0.5401682193072971
0.5763501970220519
0.6161611657189082
0.6566571876841305
0.7036568076955639
0.7526090585692282
0.8115625359787108
0.8581402193905782
0.9088536145145397
0.9510252357971117
1.0017009182574208
1.039672848398021
1.080683404656748
1.1100964257730248
1.1491484800929257
1.1777368990325627
1.2059762904833333
1.2324004465987681
1.2602321717359612
1.258144480435454
1.262831813411509
1.2662106711762235
1.259032405345538
1.2559710274990237
1.2503936137835445
1.2551434523827971
1.2572472714036422
1.2589903780818406
1.2626208660340879
1.271358562641434
1.2724715058992688
1.2621175782881218
1.2525258656272957
1.2225101927034108
1.1979976298077244
1.1602538979493886
1.1105963087527224
1.068495608057638
1.0211267762204612
0.977759409590875
0.932264443847506
0.895151847633522
0.867064859793767
0.8356537335085221
0.8169475232094277
0.8037990037505087
0.7888342615810575
0.7824651935013389
0.7841402715728364
0.7835926773482391
0.7851901523932333
0.7955836703505483
0.8058287482676993
0.8181482473238745
0.833373999594638
0.8480803619292094
0.8723224522990963
0.891599951286381
0.9163572232573197
0.9385288629117133
0.9648096842187904
0.9939906704301912
1.0159091544588408
1.040504714923329
1.0678580000596132
1.083666090771597
1.1008080979971429
1.1200154367469517
1.1308026266442341
1.1438460216206232
1.1539527813907577
1.159918820635091
1.1631986068614655
1.1636688145058895
1.1698909723213564
1.1538554402067867
1.1441656829436038
1.1284413333289378
1.1160815552792147
1.1031375919392337
1.088368566564164
1.074098728483498
1.0598349979119077
1.0496868193604363
1.037868459492066
1.0202938230223089
0.9891238276410677
0.965515031347939
0.9377596799365768
0.9154529562523762
0.8930599851753367
0.8694119223046634
0.8502632605805557
0.8284804930313421
0.8086620613040844
0.7879949744043033
0.7611727833755672
0.7392530976419767
0.71844833930153
0.7010348353527327
0.6867019195741196
0.6729710850168336
0.6603459413850538
0.6471180968531826
0.6374267255695095
0.6289591266485195
0.6156006011026863
0.6097695319828187
0.6040623208150833
0.5988294556577483
0.5964776838856157
0.5916163512166634
0.5901725499190992
0.5867230002124945
0.584243247307452
0.5824811827068295
0.5765590122117284
0.5709278170585198
0.5626187990598831
0.555684022544056
0.5469295778854042
0.5369916995493921
0.5261540859582339
0.5137449364715047
0.5020766446411454
0.4859574729636782
0.47065404115283854
0.4549549706959888
0.4379116224480995
0.4233159318549959
0.40636160372955116
0.38860994446109826
0.3745612741293482
0.35461934668683626
0.33704725377698036
0.3185676370403716
0.3028291329613528
0.2877909158384297
0.27523188782173197
0.2622098864885091
0.24943409365572256
0.23885740247629658
0.22901909573081575
0.21868830631162267
0.21027295532303167
0.20301911520225852
0.19551678101601935
0.18769865473666641
0.18152746879514492
0.17449393674235913
0.1688383518662891
0.16172233917520307
0.1562861824053077
0.14958737719001444
0.14381272033667608
0.13750962775555006
0.1319705655141799
0.12395586178049761
0.11931909467808906
0.11409093096323294
0.10969020988479622
0.10534713997835646
0.10057014282715009
0.09578061542407224
0.09071963384332779
0.0849438641180662
0.07937136735552576
0.07429847622472704
0.06825177129975818
0.06335693618200268
0.0582051166047488
0.053110547059232974
0.04796872255931225
0.04402464347518558
0.04022225477609206
0.03713821426403871
0.03384655308998632
0.03083304180320446
0.027798374656703595
0.025355804950012772
0.02344172971378449
0.021586712865586985
0.019801160314714194
0.017867815134685914
0.016344657826308038
0.01497831446349942
0.014033458820503235
0.012766269356921612
0.011824740982078205
0.010787338314188039
0.009995568051933829
0.009076174461403764
0.008451116693561819
0.007693331239700464
0.006969259057941578
0.006277584808796931
0.005639224270704212
0.0051082146205464925
0.004510456385376168
0.003920904775973389
0.0033489553084234992
0.002959470663936062
0.0025276922992553434
0.0020364869240740986
0.0016489092000113897
0.0013168700014588874
0.0010112405603530338
0.000738767314026729
0.0004723568143851309
0.0002536892980950222
9.723721752950128e-05
1.001204673453174e-05
4.7386429432436046e-05
Gaa RDFs at 40,000 MC steps
0.0
0.0
0.0
0.0
0.0
0.0
0.0
0.0
0.0
0.0
0.0
0.0
0.0
0.0
0.0
0.0
0.0
0.0
0.0
0.0
0.0
0.0
0.0
0.0
0.0
0.0
0.0
0.0
0.0
0.0
0.0
0.0
0.0
0.0
0.0
0.0
0.0
0.0
0.0
0.0
0.0
0.0
0.0
0.0
0.0
0.0
0.0
0.0
0.0
0.0
0.0002623470961116987
0.0036058068342428593
0.03494029113956403
0.16795678405224493
0.5282549167027796
1.1739444805462467
2.0123833430174303
2.8496340989147906
3.4603484832696436
3.7633732565320135
3.793474341048032
3.568266660198705
3.246924360853743
2.860901739717593
2.4794189930955537
2.118271559588932
1.8095475582962777
1.5502115977649469
1.3226924142794192
1.1516444470267524
1.0009759400800535
0.8731002923347498
0.7797938633176557
0.6965621226918599
0.6368961175356604
0.5841441944744306
0.542986906022469
0.5187314587784901
0.4904567713436154
0.4750264160373574
0.4640996517175767
0.4578763951880998
0.45944370433079185
0.46223316879963694
0.47392355288278815
0.493896984812205
0.5094274892636612
0.5365219073372489
0.5720069514340167
0.612915109075309
0.6547302526062586
0.7036348703257077
0.7536685400861524
0.8118476570223192
0.8593433679756642
0.9113493111889448
0.9560644574287788
1.0018099409955856
1.0414739203632524
1.0824060527501016
1.11182003277113
1.14853469763309
1.179431360528927
1.2049169512378217
1.2319799764370787
1.255121427644491
1.2543587766312183
1.2584339413747707
1.2621899217301584
1.2592643624275548
1.2538168083131613
1.2509191222647034
1.2554046659132119
1.258121038704433
1.2602061877052957
1.2655268541665905
1.2724662906399404
1.2736108210194912
1.2654014719382343
1.2531891532377795
1.2249433086197077
1.1980269564245591
1.1613869071718677
1.1137831098412772
1.0723593025308669
1.0262593473541541
0.9834989854142074
0.9378546216884169
0.9005139365774305
0.8703074037531214
0.8396718032158765
0.8191339926435133
0.8020414584327886
0.7864691632804591
0.7805811296804318
0.7789284657117478
0.7771177522331391
0.7794821463117507
0.7879409295519727
0.7989052880483891
0.8109023101726989
0.8267352922129867
0.845753260943707
0.8696613476839424
0.8894134746097385
0.9163429703594757
0.9397208202405384
0.9685006473573486
0.9964208621956949
1.0192766255634509
1.0434667429163496
1.070119166197215
1.0874929953038548
1.104381521172668
1.1229524844366021
1.1338414560604577
1.1471412779124335
1.1572824819319383
1.1613716017459792
1.1629423139327395
1.163311304117163
1.1664339440152793
1.1527063064988583
1.1432661260631822
1.127133805813094
1.1160671862651546
1.1035928402294848
1.0901127049954267
1.0751799577805765
1.0604158284995948
1.0509553876950515
1.0375977133703052
1.0211081344188504
0.9907232712624071
0.9652892738056879
0.9379130180503621
0.9145576415598109
0.8916750564795607
0.8676307252394402
0.8477970476120574
0.827587374601993
0.8068146097966326
0.7856946501665869
0.7607313555247601
0.7392931790129155
0.7206291108962165
0.703042544445716
0.6887099137602524
0.6752258808569779
0.662312870221161
0.6497100743750516
0.639690488581093
0.631612938725151
0.6190332804358271
0.6129162776254203
0.6055190671610801
0.6004664371959822
0.5977540629879151
0.5925096603298718
0.5906359985930576
0.5864870547250673
0.5838112476051824
0.5810395876572887
0.5756434851746954
0.5693602544632761
0.5605454867537321
0.5534415350895527
0.5435221685038694
0.5337336854659314
0.5232666571858217
0.5109488281381501
0.49818453443224053
0.4832666251319362
0.46812217308278037
0.4535438469284659
0.43701696708926535
0.422198613349822
0.40573596613116647
0.38870557104372694
0.37444800108760484
0.3560969183038044
0.33907839345368285
0.32135541391190253
0.3062257495841266
0.2909602954749506
0.2790450358266412
0.26585160522727697
0.2530142108235776
0.24234017006445333
0.23135271608778674
0.22101900685819545
0.21275394021464603
0.20458763716631975
0.19678483929596718
0.18888554280896627
0.182567100311114
0.17515936222940934
0.16898534337290336
0.1617979875275363
0.15565081693700852
0.14900332792894824
0.14299618540852857
0.1360428149647547
0.1301219314758883
0.12206789380590387
0.11731152028390042
0.11203224886943247
0.10750056908861416
0.10270727928461233
0.09788796606615459
0.09334539455222833
0.08812702800550212
0.0828462561250341
0.07741868538481751
0.07274635468470718
0.06734823215670502
0.06248714819566844
0.057617485914980275
0.0528629779336907
0.04810743255696572
0.04433318948257346
0.04053343355107022
0.037467588780488635
0.03409275175173437
0.03131515968426829
0.02830645935457457
0.02591272828192035
0.02383224186997377
0.022019997557832755
0.020264290423512698
0.018276786860645402
0.016842280363029552
0.015405509136449901
0.014318105686950904
0.013085234572429227
0.012141567711601528
0.010989309190934654
0.010249920777280454
0.009227049370452817
0.008516778934782362
0.007691830589913786
0.0069752190856422125
0.00615511699999433
0.005530513973023042
0.004944186406433247
0.004315707162342156
0.003730389592011206
0.003134526937727757
0.0027392757066758006
0.0023076071263080427
0.0018556904131811082
0.0014867973404597082
0.0011665983897414084
0.0008836171281879974
0.0006416566228708814
0.0003984383815996715
0.00022160506333594588
8.137687869465884e-05
8.834158883410357e-06
3.5539822074327034e-05
Gaa RDFs at 50,000 MC steps
0.0
0.0
0.0
0.0
0.0
0.0
0.0
0.0
0.0
0.0
0.0
0.0
0.0
0.0
0.0
0.0
0.0
0.0
0.0
0.0
0.0
0.0
0.0
0.0
0.0
0.0
0.0
0.0
0.0
0.0
0.0
0.0
0.0
0.0
0.0
0.0
0.0
0.0
0.0
0.0
0.0
0.0
0.0
0.0
0.0
0.0
0.0
0.0
0.0
0.0
0.0002469149139874811
0.0034781939174754165
0.03458903198058026
0.16685953056330763
0.5271525085290647
1.1759479034298954
2.017571245281391
2.8518124543391403
3.4625266040310043
3.7640536052257767
3.794265714477758
3.5645539646885016
3.241499856789164
2.8563553428318853
2.477322632852318
2.112516129723632
1.807468600604184
1.5462001512179573
1.3239924854552396
1.1504157394761898
1.0008761679332863
0.8731618801944006
0.7797803856763481
0.6967529955607641
0.6371428830491459
0.5838611153186661
0.5433352633840568
0.5181757967641349
0.49127810585059906
0.47514099427204737
0.4653191765561562
0.45950227234063895
0.4598797002442843
0.4640135288255191
0.4785083985031916
0.4961129476514723
0.5126708164005442
0.5391826184402051
0.5725848225207395
0.6160026297536708
0.6558229833711167
0.705344104828523
0.7547494872199173
0.8129767363550086
0.861172330110502
0.913005533177942
0.9584726334022682
1.0024284725303376
1.0427687450733913
1.0828067671988941
1.1126110475878945
1.1466750131842438
1.1782753307180691
1.200492709667492
1.2279737367365005
1.2490649130135847
1.2512517929590707
1.2555118653235147
1.259162324142833
1.257749201261627
1.254543333506917
1.2539214851775402
1.2567580007755517
1.2593198718821614
1.2646773651205407
1.2685803543870382
1.2735229819557927
1.274132492413154
1.2643582868316294
1.2511507840547584
1.2219471337212213
1.1925780710166805
1.1550441536912108
1.10794365165229
1.0675253256164312
1.0221982691621008
0.979682384744597
0.9361013056241522
0.8976942516371533
0.868098093101732
0.8390154774124512
0.818122541897669
0.8014639792569663
0.7871347474334006
0.7797378697070096
0.7792311420159371
0.7780049211810539
0.7809734721894949
0.7908154207892356
0.8030981948818869
0.8162682778647122
0.8328194198544259
0.8536323261238274
0.8761011316606957
0.8958341764643206
0.9238093818797093
0.9482611028125438
0.9758817294344332
1.002670589631025
1.024718933143671
1.0486746762174928
1.0741385090383713
1.0903699429917257
1.1068021840891396
1.1237847945079358
1.133380830069675
1.1449777214732462
1.153761545730705
1.158062268728035
1.1578194463018538
1.1570906233533205
1.1575694051733416
1.1448424163953936
1.135595894580986
1.1217079302284367
1.1103339496552165
1.099347957523089
1.084717565794379
1.0720083518424794
1.0588015578285326
1.0492395034823603
1.0369974330891423
1.020359779159246
0.9904131448098334
0.9646864494676767
0.9367772937542581
0.9141841866824041
0.8903234393579466
0.8667734778307958
0.8470580387730573
0.8258995498912356
0.80536779123087
0.7835572393029664
0.7602561095473426
0.7403060044247189
0.722812322515065
0.704929708014349
0.6909034449672631
0.6780266717992026
0.6660015193802262
0.6536997676417678
0.6444770165670266
0.6360065979295039
0.6243901102054153
0.6181301514834088
0.6108284339094026
0.6059163829547805
0.6029425188138786
0.5972192605558629
0.5948687419159845
0.5903688964580497
0.5861607185364345
0.5820703953025662
0.5759890411926871
0.5677248070280061
0.55976897320257
0.551694370011473
0.5405914247072826
0.5301326081729415
0.5190865211716984
0.5064665279178703
0.49419024569897557
0.4790290191641334
0.46358933200257413
0.44910517978580466
0.4326678742217585
0.4187633627473416
0.4022031104160325
0.3856013343234982
0.3721868969081896
0.3547525332007397
0.3386663897657072
0.3219017333794261
0.30708187661319325
0.2929912389437409
0.2810827738646638
0.2683214070616122
0.25565747490077906
0.24470722585703616
0.23375179438368532
0.22378755020688518
0.21524951481514445
0.20689054679296015
0.1986596406041345
0.19067124275291888
0.18389484813799326
0.1763275744891211
0.1694229687191777
0.16224191420000883
0.15576032485141517
0.14879062059029666
0.14236158256023937
0.1355846339594718
0.12918958268946654
0.12107363276839438
0.11608294483169623
0.11057474081044877
0.10582595647970311
0.10110143838553999
0.09620683744020495
0.09197608457435841
0.08681537686002935
0.08183214476218739
0.07643570956788492
0.071998832858321
0.06675401851387149
0.061971496720964095
0.05742445813688662
0.05291516181439581
0.048158864353848474
0.04453641226638681
0.040881293819128424
0.03778538759138932
0.03452117143373555
0.03177274974781242
0.028722530471995952
0.0263421965229436
0.024262355258903367
0.022522360313571386
0.0206661515257182
0.01872613580391575
0.017229699797198152
0.015755957173366593
0.014687988768490113
0.01337522827491257
0.012405088732786061
0.011171031500598772
0.010347743506613364
0.009317168374422926
0.008543278939039658
0.007586084801612573
0.006894560044093629
0.006067433336618079
0.0054029997319591854
0.004782751523768431
0.004148641299937771
0.0035688992045318528
0.003014631163320975
0.00262191195207595
0.002190583175173333
0.001756913024512659
0.0013973115939871798
0.0010845316891381486
0.0008194703625222298
0.0005910138512213832
0.0003649046535555363
0.00019483338093697705
7.50623886538711e-05
7.420693462064701e-06
2.8431857659461628e-05
Gab RDFs at 10,000 MC steps
0.0
0.0
0.0
0.0
0.0
0.0
0.0
0.0
0.0
0.0
0.0
0.0
0.0
0.0
0.0
0.0
0.0
0.0
0.0
0.0
0.0
0.0
0.0
0.0
0.0
0.0
0.0
0.0
0.0
0.0
0.0
0.0
0.0
0.0
0.0
0.0
0.0
0.0
0.0
0.0
0.0
0.0
0.0010432321104578545
0.013799231390759658
0.06576705103563865
0.19493961381906325
0.39420664069956995
0.5836654570995058
0.7206812438895713
0.76340138991663
0.7316524262797958
0.6650278674233872
0.5741077685673913
0.4922409236991448
0.4218861795948593
0.34952474626123503
0.2965989670143039
0.25001001859428884
0.2129977809797445
0.18828788082950745
0.1739220245694429
0.14485320079987826
0.12935278256231003
0.11743301627036913
0.10611982422169268
0.0971190910419966
0.09221140183477718
0.08726614852487417
0.08220107919559859
0.08179210846262966
0.07868666122791912
0.0768170091732034
0.07730405037948271
0.07646065512435293
0.07707974915794688
0.07843283014989354
0.08061847066287385
0.08314100803270687
0.08647947829817226
0.09073214939656428
0.09424963355168783
0.09832205178000789
0.10383961490468824
0.11263383348970593
0.11845911850351415
0.1282175408685638
0.13471091606745772
0.14336504914271445
0.15446924917887328
0.16298068270119712
0.17271055773419638
0.18208137103868693
0.1909206891093472
0.1989234390429132
0.2059315309171518
0.21114587500104848
0.21644209231873368
0.2212511762270772
0.2248890692087823
0.22705876158470578
0.2296843620111888
0.23091389128523326
0.23393267702035933
0.23345997694266796
0.23518601370362432
0.241385887662377
0.2344722124620198
0.23429538677835257
0.23045386012265387
0.22687908344961386
0.2185097189653038
0.21345156727754971
0.20465823447649376
0.19378309880380754
0.18564922682279245
0.17756497723688117
0.170003467723629
0.16136224917225672
0.15554849833515902
0.15004543543208645
0.1454889488864094
0.14126941240914007
0.13751213837424262
0.1353824990909215
0.13293507059589074
0.13180269304472012
0.13221350862464606
0.133088756515265
0.13318720842083998
0.13448994961174096
0.13664144952273394
0.138055237759295
0.14218634064053026
0.14662574031604833
0.14912918013717336
0.15565431000723334
0.1547343759017325
0.15910723628410467
0.16290026945615846
0.16750372142318065
0.17006995615153012
0.17366580976613363
0.17681290319979984
0.17983479495178176
0.1832720970755568
0.18513588998942854
0.18790272341426334
0.1908994725471929
0.19206526863954781
0.19349123972302743
0.19479592106231852
0.19559198531395544
0.19671164108478015
0.19672992790015542
0.19662073920743106
0.19733529205448933
0.19598438465877216
0.1941547356558376
0.1936971190566153
0.19284203762482888
0.19077674527067198
0.19263053266297622
0.18675799607334018
0.18327204768925986
0.18160570927742709
0.17752083122180304
0.17550167662510324
0.1732934164284411
0.17011053278912255
0.16756204693388588
0.16330754674440084
0.16233123991455475
0.15775137554099006
0.15282959314879305
0.149786935466768
0.1458543099597501
0.14356332708629518
0.14161704041223902
0.13755412917157248
0.13516519221193488
0.1327264094069503
0.13028398772776373
0.12999170479391434
0.12584454395267924
0.12433065333424788
0.1224617907649284
0.12130374895217613
0.12009293198052427
0.11729170693687442
0.11845296581118071
0.11684618026732234
0.11602691394148398
0.11522558537904892
0.11429653676963684
0.11339895549627552
0.11178682558036315
0.11066728205478954
0.10962121623430254
0.1083719298492487
0.1084056079691562
0.10707784246881642
0.10534271521078799
0.10560997176198043
0.10266212201013993
0.10122282243471159
0.09948405094319486
0.0979029175124483
0.09567606601769088
0.0933201310084086
0.09060971020033019
0.08904489389230952
0.08646201282550195
0.08341457254168114
0.07965607945549971
0.07642025849636948
0.07389944141749852
0.07058215416737362
0.06659420725546443
0.0638298154182671
0.06140234867549455
0.055897837312058676
0.053065586449609355
0.04981531992828042
0.046813902524941046
0.04388095869160382
0.04173713139497643
0.0398759973881214
0.037848249956522806
0.03581417769511151
0.03453368667649575
0.03311897467384466
0.03221260386354057
0.03158550659514512
0.031159521916583752
0.030128684495683015
0.02987918297618903
0.02928050187620928
0.028435013036826072
0.02821504856040805
0.02762511854171573
0.026868073443044545
0.026527860329846283
0.025410445583942554
0.024479352463547297
0.023441023905875453
0.0227492948397008
0.022276226678212736
0.0215375740911095
0.020493572917384118
0.01963597026959259
0.018455039558057836
0.01812726506317304
0.016416619262436292
0.015104343611322936
0.013999178197758692
0.01253802590724021
0.011463352364901128
0.010249870246302285
0.009468125106735366
0.00814642565506317
0.007291389874635862
0.006456255885345371
0.00562814233424279
0.005235005540737037
0.004605990975474961
0.0041757097889848155
0.0038252789262073605
0.003401709528956939
0.003117268138627491
0.0027806083643982208
0.002548169164988902
0.002304464396632193
0.0021425688305461385
0.00199449144876542
0.0018527982716212458
0.0016854409875121901
0.001602847894611688
0.001551463830839059
0.0014431597962512909
0.0013184439762308742
0.0012673179588981456
0.0012467793813982296
0.0012143557829373854
0.001130776211607055
0.0010709561409526821
0.0009947709649078787
0.0009156858914566356
0.0008259503007843921
0.0007730127078421883
0.0006347024499072746
0.0005703686076744939
0.0004416375907429887
0.0003933133172748833
0.000303759896383401
0.00022348186308910446
0.0001590798303231994
6.920531255894381e-05
2.8591326626487563e-05
4.229799299360744e-06
2.4609375775469926e-05
Gab RDFs at 20,000 MC steps
0.0
0.0
0.0
0.0
0.0
0.0
0.0
0.0
0.0
0.0
0.0
0.0
0.0
0.0
0.0
0.0
0.0
0.0
0.0
0.0
0.0
0.0
0.0
0.0
0.0
0.0
0.0
0.0
0.0
0.0
0.0
0.0
0.0
0.0
0.0
0.0
0.0
0.0
0.0
0.0
0.0
4.689049854768819e-05
0.0015350415339594142
0.017185022185605837
0.08021731462614794
0.22220671428454988
0.42577902703149606
0.6127532818012351
0.7434435742814212
0.7806061013205019
0.741500822184217
0.6640433476721576
0.5750942080322837
0.4910746988808733
0.4155420265182449
0.34331975126584874
0.28927085083281207
0.24239719480136046
0.20760164840894516
0.18056991786036317
0.16040423527822859
0.1374084067729191
0.12158610243723154
0.1103897057436358
0.09914438699541313
0.09142170541942697
0.08561269840271364
0.08160005262539181
0.07749092522996583
0.07627465224990117
0.07408288493085613
0.07290454428317804
0.07349364800222452
0.07376479912707223
0.07383009952694862
0.07632655352134991
0.07869109766231787
0.08076555066034383
0.08562761437272554
0.09034881011172291
0.09511785346584083
0.10119551982254811
0.11000180428617311
0.11791571626133344
0.12558853266933673
0.13649581738854
0.14403655824594314
0.15473256775453562
0.16515513088634326
0.173304764218396
0.18251192954486464
0.19249281907540494
0.19840246951707974
0.2053653559852936
0.20859935017618625
0.21165651660329607
0.2156933678034202
0.21759527876759743
0.21947022263911403
0.220445821986914
0.2241911914056251
0.22515214940129144
0.22697860042028864
0.22919034830084245
0.231414320682718
0.2353175003340178
0.23233848922076708
0.23224543608968357
0.2290063488259657
0.22470800248441003
0.21830247536140165
0.211559051149886
0.20349262396190068
0.19388967407490051
0.18420776156121657
0.17647325693634075
0.16914660740328588
0.16042436863366308
0.15461679469209552
0.14859388147974448
0.14400205976380953
0.14022632230873694
0.13689143756440245
0.13387342476985953
0.13171933871774383
0.13115490897614698
0.1305985227701105
0.13232700024414937
0.1326329002603498
0.13421705935567171
0.13637272544857018
0.13855652087339618
0.1424454801837993
0.145730023075161
0.1500101396302702
0.15590650048689841
0.1571717861891963
0.16218851332692474
0.16632454887199832
0.1708818500897103
0.17426340587621902
0.17748961450557654
0.18169152452792914
0.18546272121243093
0.1878928354114142
0.18910203401435455
0.19204444532602855
0.19392976038922086
0.19495844294818887
0.1957990085491854
0.19597255507769207
0.19686338834390427
0.1961687503854147
0.19597129689878656
0.1947711888225587
0.19428591905061204
0.1926177372273063
0.19097829351091042
0.18928653407079415
0.18821674928825008
0.18595601559904457
0.18611676083342724
0.18263629546346358
0.17903545759393308
0.17771991415040636
0.17506077895434555
0.1724593109256264
0.1707439961021487
0.1689528345273813
0.1662671113037685
0.1632658748441825
0.16201730078978624
0.15813496551191042
0.1535110456865028
0.15016355110591173
0.14682710321333486
0.1440999655793043
0.14182296110065445
0.1383035518745145
0.13603244983677407
0.13375760218883606
0.13150814793560794
0.13050091198432998
0.12754583734012653
0.1262958833616984
0.12442623016218864
0.12338184865189279
0.12258998651709471
0.12104348993293035
0.1212769157017618
0.12025551674430633
0.11919959942437694
0.11835449652101704
0.11743273538188541
0.1159280092365411
0.11465774172342635
0.11336054938952768
0.11154950502373719
0.1103689740489042
0.10926935186314025
0.10667738874901433
0.1049289877004877
0.10368447883490957
0.10097847569025831
0.09846257452949152
0.09670661627005535
0.09474512544772515
0.09226540533618664
0.08964238971085361
0.0871117465287684
0.08512443007200281
0.08242086007180774
0.07986623394985662
0.0771236402616833
0.07416004152877481
0.07177956553296562
0.06886661968645555
0.06565411265618541
0.06325410657072249
0.06060111323042331
0.05716300786416112
0.0543978228204801
0.051430878442710305
0.04909299899281082
0.046793572413946195
0.04440903202855981
0.04282293392527912
0.0408411151717309
0.03910160387034446
0.03748023825110425
0.03600556054247102
0.034942698393205344
0.03372892265823645
0.03308662488356775
0.03189986577258054
0.031146072760578094
0.03036728228972234
0.029176671483607333
0.028351348570227187
0.027746672442403853
0.026351451326882897
0.025629627865309104
0.024323218368732788
0.02312453408400829
0.022090960708622324
0.021105585481927713
0.020401709671937517
0.01949623325587436
0.01855930397387352
0.017589169245807588
0.016609020793393676
0.016134593786271835
0.014834915153457737
0.013685064818468427
0.01268745661376349
0.011575529115124083
0.010709249052204356
0.009720446543490822
0.009026182580904003
0.008141628466533345
0.007409607185987412
0.006776706634776537
0.006132510774719497
0.005711902060890091
0.005164712687788215
0.004749325675490686
0.004322959388961054
0.003953988846420862
0.003618017608428577
0.0033436241076028194
0.003015051444857646
0.002775217900159752
0.0025718076622494594
0.002308312550050776
0.002128967393095064
0.0019581901708869533
0.0018070771957704708
0.0016895504043364516
0.001544854317728354
0.0014004590484585136
0.0012656072165130238
0.0011954813741526893
0.0011199058887089222
0.001019239340023776
0.0009312662095240714
0.0008388838814296188
0.0007221849330184497
0.0006464950106691711
0.0005582510182994214
0.000453863644594625
0.0003796077422442101
0.00030414066507408115
0.00025297912567120496
0.00018875614960450022
0.00013377872637695002
9.803756985034382e-05
4.04208020255778e-05
1.824978295307717e-05
2.417028171063283e-06
1.2304687887734963e-05
Gab RDFs at 30,000 MC steps
0.0
0.0
0.0
0.0
0.0
0.0
0.0
0.0
0.0
0.0
0.0
0.0
0.0
0.0
0.0
0.0
0.0
0.0
0.0
0.0
0.0
0.0
0.0
0.0
0.0
0.0
0.0
0.0
0.0
0.0
0.0
0.0
0.0
0.0
0.0
0.0
0.0
0.0
0.0
0.0
0.0
6.252066473025092e-05
0.0016294292010960772
0.017365218334351156
0.08275030219187221
0.22977874170677293
0.43786351559597675
0.6268796084816484
0.7484904258162658
0.7848907995628455
0.7446006566936113
0.6637896054682324
0.575553244218917
0.48820929704243204
0.41050899841079735
0.3400919886109718
0.28522591060068064
0.23914308580752044
0.2047383943917863
0.17697834034729998
0.15670731357870898
0.1344048665440694
0.11927746193865009
0.1088208166689606
0.09844986294258011
0.09055998630176959
0.08503642786928621
0.08081818259685707
0.0770070969907027
0.07563559334849423
0.07306824874303283
0.07223228136129389
0.07299515450125704
0.07332794753909638
0.07325130620958673
0.0760998690411479
0.07814677195412584
0.08195776134156754
0.08627561342712518
0.09093375746488826
0.09694430014330137
0.102985526948249
0.11152323486944943
0.12046656705406389
0.1280278404246446
0.13870286679288715
0.14738975983172564
0.15781383452744807
0.16780511956323596
0.1764862303109356
0.1851830389204972
0.19373824862231318
0.19990637659651464
0.20635689387030626
0.20935397626414665
0.2105575056789982
0.2145669083974981
0.21632944905079846
0.2176417434330662
0.21868200887598982
0.22201186947525992
0.22357823139913227
0.2249834244269498
0.22811896218491248
0.23073393684365257
0.23397998810102358
0.23215415198857878
0.2317034415515431
0.2292693248119359
0.2245650598906996
0.2187213720075868
0.21100327791636156
0.20316222584766688
0.19336376342342862
0.18435149741351048
0.1757555332390662
0.16807817663347535
0.16014813909180423
0.15282879277625755
0.14735848967441795
0.14284517845146252
0.13924037117653776
0.13585215239339843
0.1329326801931039
0.13098063687178407
0.13070311234784573
0.13011739156761343
0.13168778737316972
0.13226879588041998
0.13408435978017133
0.1363727254485702
0.13904950116159093
0.14283240056694455
0.14673248121265772
0.15081272547476948
0.15587228860012214
0.15793031636164356
0.16302575496332877
0.16739019211097142
0.17161594520807164
0.1752139211471485
0.17882696018566302
0.183148040460675
0.18654211519985855
0.18931704735756666
0.19092424766864083
0.19380131141458473
0.19517660401879083
0.19636311773207474
0.19716648604081624
0.1967482619470865
0.19714800747237987
0.19651254257669726
0.19596063341081557
0.19485389229505298
0.19355372811272112
0.1916252192284118
0.18995058913399
0.1880813742277296
0.18656281982815562
0.18436791627301313
0.1838429786530285
0.18084509388751666
0.17816504493905763
0.17660504444422415
0.17472563000380498
0.17211328593012257
0.16945473335778982
0.16810992399938135
0.16569304191444006
0.1624685524866723
0.16135433702096022
0.15764401859944321
0.15318492623057348
0.1496401791378998
0.14627442612377203
0.14374191853324397
0.1409727906235866
0.13787462636659242
0.13585198004200982
0.13364192351138093
0.13182848892457655
0.1306485551273711
0.12856384184201383
0.12766271336737658
0.12593795924567697
0.12492436362453165
0.12434325929760197
0.12295726292324481
0.12302436120081794
0.1221589887634406
0.1209902605661177
0.11991180845925688
0.11901209873621203
0.11778340769427488
0.11627398205126796
0.11466267872566864
0.11290542653709053
0.11102691231926626
0.10950090106155363
0.10676578321559274
0.10529718750399213
0.10330261894654287
0.10055767245303696
0.09796777262732755
0.09599796776306121
0.09360540787991624
0.09112976891372918
0.08838592614918685
0.08573885354527795
0.08369407540684312
0.0807315799854906
0.078167578132041
0.07543062276581723
0.07259881650283681
0.07006971395132022
0.06728969104910233
0.06460931018386322
0.061904771338426444
0.059570421237623614
0.05658957461756998
0.05389302155968888
0.05140858362645597
0.04920168137344149
0.047132745293771504
0.04503672838637344
0.04351279133877331
0.041797125992994795
0.04018056986407681
0.03858713305192711
0.03714340671864185
0.03603624315697356
0.034733897940605954
0.03380963823517427
0.032606771732735323
0.031740847581448364
0.030735638922350917
0.02964692939194826
0.02875709350686472
0.0278269261760628
0.026651495522875875
0.025820413794741464
0.024501905115260597
0.023241673206635984
0.022162111470852477
0.02113953165344694
0.02034603387335832
0.01930945826018546
0.018371994780861333
0.017392691339235367
0.01639466010486384
0.01578673461134931
0.014570594071711719
0.013471418955317366
0.012433092352228298
0.011380060614925696
0.010482704360146238
0.009615427935775666
0.008878599829190642
0.008013170418123607
0.0072675877314107165
0.0066633284826436425
0.006053463100211528
0.005583437253022304
0.005078518704621433
0.004677019012477962
0.004258143426180489
0.003907840165942495
0.0035750748873046956
0.0032819728335499124
0.003011494947322528
0.0027699832478060705
0.002540146464640712
0.002300155120812472
0.00212241745705321
0.001943175369721546
0.0018056687178314447
0.0016742851375616344
0.0015465897191187477
0.001420445914799703
0.0012741609284386323
0.0011892531392774031
0.001090896278338751
0.0009854098384324513
0.0008953459414424288
0.0008060771364603238
0.0006937610634173602
0.0006166400773469173
0.0005265542629150972
0.00044133662255698157
0.0003617438484915414
0.0002984380276039421
0.0002452177428769806
0.00018313096633814095
0.00012788128832320975
8.981638998867973e-05
4.205396574378297e-05
1.8655333685367772e-05
2.0141901425527357e-06
8.203125258489976e-06
Gab RDFs at 40,000 MC steps
0.0
0.0
0.0
0.0
0.0
0.0
0.0
0.0
0.0
0.0
0.0
0.0
0.0
0.0
0.0
0.0
0.0
0.0
0.0
0.0
0.0
0.0
0.0
0.0
0.0
0.0
0.0
0.0
0.0
0.0
0.0
0.0
0.0
0.0
0.0
0.0
0.0
0.0
0.0
0.0
0.0
6.252066473025092e-05
0.001631913087073358
0.017647367567255004
0.08353421426498545
0.23186787577518247
0.44007748353867954
0.6303634660751286
0.7536917728062587
0.7847809355053496
0.7456122371946908
0.6638606532853314
0.5753627930351011
0.4855774536689403
0.40740791596644277
0.33864415644538165
0.28296310525886975
0.23712928357780463
0.20233923924004607
0.1749430286020708
0.1545131856469649
0.13262551806726275
0.11882607103519609
0.1085771381531068
0.09845525521007105
0.09068443360152838
0.08585314931190784
0.08126327737380631
0.07702048354277717
0.07627186565585432
0.0737497881752451
0.07290981005019018
0.07378045248223321
0.07410115823948712
0.07475406707128468
0.07710105882870676
0.07949608638570044
0.083120839055017
0.08695564838983225
0.09206744790542837
0.09767058617994133
0.10439929484035916
0.1122740621806937
0.12100453659561854
0.12875171536903277
0.1387900194668074
0.14777832825582923
0.15782672685704183
0.1679408842230768
0.17670915698432127
0.18559334673886246
0.19389955425640068
0.20002121468940035
0.2056886835564934
0.20949917396016568
0.21059833732927427
0.21452402777853868
0.21665794177372616
0.2172588449043339
0.21832897434017023
0.2207876111711249
0.2224372061734386
0.22437018112077797
0.227201289401487
0.22988592220365792
0.23310080962599022
0.23159916242471568
0.23126705053372792
0.2289468933856594
0.2245923761455186
0.21840719952294796
0.21062795053787756
0.20285451601595553
0.1935459165828457
0.18440488501579103
0.17538052765215845
0.16788313512537256
0.16026643033090612
0.15267766252139847
0.1475438612830504
0.14246696725319524
0.13914584873445573
0.13575856888979532
0.1328329577379694
0.1311835483114462
0.13092844093106532
0.130366368553521
0.13141454871070435
0.13276088023269828
0.134702643487795
0.1368145394410924
0.13947190742958093
0.14291162468766783
0.14708039611622895
0.15086654535371147
0.15542044732405555
0.15805601564736338
0.1628093251525576
0.16754971113840333
0.1718363581895897
0.17529165338594765
0.1793221904056682
0.18310009386519477
0.18632030997595841
0.18935937834027516
0.1914220820340652
0.19371957240451504
0.1951931021151133
0.196336668177917
0.19683304797364082
0.1964806470388761
0.1971431204681135
0.19581627657314016
0.19542631649569478
0.19393438005086644
0.19248123353061022
0.1911718264548305
0.1890124154974032
0.18715357259988138
0.18569670257730006
0.1837907106175549
0.18257139461024535
0.180203340107176
0.17779428875806658
0.17606352682667636
0.1745659182605122
0.1721199215825153
0.1695316541441997
0.16814690207653768
0.16617294268522523
0.16312974663680274
0.1624223097189701
0.1586578782552877
0.15457615063717525
0.1505397247079203
0.14715661179967934
0.14426545071845281
0.1416247303964537
0.13828285192386955
0.13631359838278412
0.13400879017416722
0.13243444005549543
0.1308896876328854
0.1289225418576003
0.12818163426731438
0.1264063162292797
0.1256085498943825
0.12472255225899864
0.12366564682900255
0.1235030158345148
0.12274538573582001
0.12137687502415956
0.12048959516189105
0.11953683562002056
0.11811655869579457
0.11687361566505461
0.11509412672005481
0.11331733313187493
0.11134324193419627
0.10980606351535353
0.10718431762174038
0.10550681386270998
0.1033293163140963
0.10051986083362646
0.0977058880993175
0.09556491659147079
0.09301313773689589
0.09053787912848799
0.08762145879242113
0.08479878475330642
0.08239322828923684
0.07961793096528046
0.0769089870438174
0.07432189316852447
0.07153092298259654
0.06907769473783085
0.06639411351291946
0.0636555580359264
0.061019217229642084
0.05874022435328957
0.05615557774619596
0.053526491948592644
0.05131586981739831
0.04932796850333133
0.047281233578167464
0.0454254871933072
0.04392777275700733
0.042280592836501214
0.040746090348685975
0.039284713590940386
0.03776578510059072
0.03674350591645249
0.03545525903897672
0.03444986631114726
0.03329042420735871
0.03235884062505935
0.031297880132737176
0.030308249461289682
0.029333844474340162
0.028254476768830684
0.027066577346236378
0.026008122531763617
0.024619173061209892
0.023356769205031814
0.022082854925583442
0.02099191047335346
0.020109079446779216
0.01900512488485708
0.018040970466135384
0.01695822001831925
0.016020851672697747
0.015295943903500834
0.01418086825948876
0.013133565252118675
0.01217748120705813
0.011142941653714567
0.010265297834474569
0.009454516692768807
0.008727659872024294
0.007917759668474881
0.007236446594024487
0.0066371491523768466
0.006089731267181
0.0056184613605999405
0.005116998161392318
0.004742069549096803
0.004316326176395791
0.003986343084364933
0.0036887797445414074
0.003373276022978967
0.0031026148669291674
0.002866519976096051
0.0026082422083526548
0.0023601362181529455
0.002178449182647618
0.001997559688903336
0.0018445779208970405
0.001694619405135723
0.0015590846091295813
0.0014113139844886425
0.0012553427622022937
0.0011584516868032597
0.001057501494307973
0.0009457187895356989
0.0008645808970206514
0.0007650687052487055
0.0006497040655356716
0.0005820083546931028
0.000495342661949921
0.0004116250959292371
0.000335905002170717
0.0002767363238981353
0.000218996855058655
0.00016250529436149025
0.00011251691023583383
7.368232451016405e-05
3.567441996954404e-05
1.520815246089764e-05
1.812771128297462e-06
6.152343943867481e-06
Gab RDFs at 50,000 MC steps
0.0
0.0
0.0
0.0
0.0
0.0
0.0
0.0
0.0
0.0
0.0
0.0
0.0
0.0
0.0
0.0
0.0
0.0
0.0
0.0
0.0
0.0
0.0
0.0
0.0
0.0
0.0
0.0
0.0
0.0
0.0
0.0
0.0
0.0
0.0
0.0
0.0
0.0
0.0
0.0
0.0
5.001653178420074e-05
0.0015499448498230979
0.017384186350008556
0.08311280488464133
0.23161301875604867
0.4393541571798922
0.6320528983875835
0.7552287164822896
0.786490420239987
0.7478616403750038
0.6660834349917159
0.5763658359365315
0.4862216988306467
0.4065877076043947
0.33727905754639675
0.2820236896747292
0.23625645501031595
0.20157308280798217
0.17465864257739494
0.15376154360911828
0.13295291818699517
0.1188474345741382
0.10859115801292303
0.09869661310296551
0.09089463450280157
0.08604855372165807
0.08119710399103865
0.07758616098615279
0.07600045139569284
0.07382940642414723
0.07309516504901775
0.07406725696224187
0.07428005145631221
0.07490296892751103
0.07729562967421348
0.07942984731360497
0.08280396200553385
0.08669266270618152
0.0920184656634764
0.09733036029013686
0.1044661668046778
0.11226575627716281
0.12032654053224297
0.12843351200806213
0.1382884619659085
0.14747610837041533
0.1574308151355166
0.1675947702674826
0.17660631945358354
0.18567124496552673
0.1935011668531427
0.1999013425979224
0.2054786746007236
0.20965261124862314
0.2116334934559115
0.215112311326285
0.2172175121362306
0.21798579718352135
0.21896769946826283
0.2214091576947627
0.223002666918874
0.22518601678380765
0.22803687005093198
0.23066096814207157
0.23418025213880278
0.2329864385476436
0.23215318830869347
0.23001297516530558
0.22497158563364988
0.21907853651643935
0.21108267409257933
0.20283749980406368
0.19339441252099784
0.1838118719566128
0.17516440335606254
0.167529680243231
0.15990921678689293
0.1526529321160579
0.14752764912202423
0.14240170728172952
0.13884477500093031
0.13573399200801844
0.1327208802883935
0.13114342915946736
0.13070334024021812
0.13031791897788494
0.13136851213605866
0.13249399715660343
0.13421513307151123
0.13639295879062488
0.13901421415148857
0.1422090345176923
0.14630068407618502
0.1496101364009722
0.1539681527304029
0.15706747023024265
0.16173173251577105
0.1663217420855919
0.17066660159646216
0.1742538598118051
0.1782812657821532
0.18208658679852224
0.1856528026243469
0.18883657995992081
0.1909227217395514
0.1932249991307994
0.19484169266344487
0.19621288426445868
0.19693892108419367
0.19658012609653952
0.19736725803178806
0.19624399110067856
0.1957062330549348
0.19446623856397974
0.19262551930691635
0.19152673682232
0.18946050328750924
0.18782448301281202
0.18614759147233922
0.18417465513985184
0.18263167099668898
0.18055148771001372
0.17815833138213616
0.17635023603190098
0.1748490748958516
0.17271897533291658
0.17006523812743313
0.16844367484961306
0.16651785281941206
0.16359647191924775
0.16252967140799443
0.1588029910650415
0.15502025736975622
0.1509068807523719
0.14752894776196782
0.1444561691007509
0.14164438257833567
0.138420316494071
0.13634626675766962
0.13431649545619784
0.13255873562800083
0.13118276466025797
0.1290878743164932
0.12839429034553632
0.12682032711300337
0.12589708455660015
0.12502976424307471
0.12394551529401529
0.12371344395617291
0.12291206935339581
0.12142326875912458
0.12072410004153517
0.11964518617730296
0.1182193860074064
0.1170389962122556
0.11514913546784433
0.11340022056337498
0.11131413687675347
0.1096612494451092
0.10717882645033174
0.10527110852631293
0.10304387331215617
0.10031671817920061
0.0973922060087826
0.09524898897521926
0.09263807890729732
0.08999617492785458
0.0871075410448473
0.08429338021790979
0.08181442372057014
0.07906288179406197
0.07631074144958086
0.07366539610512746
0.0709475260531664
0.0685729126978387
0.06589398380887412
0.06337148102384402
0.060941910977929684
0.05858584405100701
0.056236028197495944
0.05374048378740631
0.05158346199005094
0.04976287766615254
0.0476670894653892
0.04603716026484321
0.04440554799153049
0.04277914363747044
0.0413075204556827
0.0398592528147075
0.03831878138232124
0.037184741433445606
0.03591516720214234
0.03478225824488378
0.03364167422564891
0.03254926241142557
0.03143962363662539
0.03034308927249627
0.029266830302845746
0.028142684725804
0.027001557427652794
0.02581869056699175
0.02443537443935443
0.023125986972350954
0.021872644952108538
0.02074218278261136
0.0198338165264297
0.018779280954775844
0.01777452350235948
0.016723311436844496
0.0157196884905471
0.015049647690783463
0.013987736529791269
0.012953474356886045
0.012082801176375585
0.01108677538846769
0.01021652457626868
0.00941464751514911
0.008702843409315805
0.007943984299104586
0.007269015860004227
0.006672934131643791
0.006140402519489155
0.0056825903723343426
0.005217968255959121
0.0048276918405446186
0.004414763050864286
0.004086565979577732
0.00376984813372397
0.0034609715627039223
0.0031728863527092544
0.0029491300944032143
0.0026698365305708933
0.0024316816710606617
0.0022395064955323205
0.0020433843891530367
0.0018784870272790933
0.0017223415957138073
0.0015694970174719425
0.0014189296697669231
0.00125992755179442
0.0011367094850568058
0.001037059838628527
0.0009205643779564069
0.0008249688236083953
0.0007267244459439894
0.0006132996479311993
0.0005471595052514899
0.000460702636422767
0.0003853183496501856
0.00031198014446624995
0.0002496487959149749
0.00019848163242959708
0.00014312966311069722
9.982189884646664e-05
6.412520292097958e-05
3.098928155294298e-05
1.2896513286841199e-05
1.4502169026379696e-06
4.921875155093985e-06
