Gbb RDFs at 50,000 MC steps
0.0
0.0
0.0
0.0
0.0
0.0
0.0
0.0
0.0
0.0
0.0
0.0
0.0
0.0
0.0
0.0
0.0
0.0
0.0
0.0
0.0
0.0
0.0
0.0
0.0
0.0
0.0
0.0
0.0
0.0
0.0
0.0
0.0
0.0
0.0
0.0
0.0
0.0
0.0
0.0
0.0
0.0
0.0
0.0005376677656243386
0.0035964280993343862
0.02580065126969762
0.08046094093291849
0.17653879051313762
0.31293296324112496
0.4633942775787643
0.6040050472945165
0.7119696951758239
0.78624791372683
0.8436856603684731
0.8693568263977668
0.889508858930327
0.8909696361787317
0.8753282448886716
0.8872804565904003
0.8727950562894019
0.8676695214334038
0.8715591163881165
0.879966752330463
0.8749267274651309
0.8762546175166328
0.8953546199226239
0.9475436723142556
0.9550704349701482
1.0045812873443867
1.0312784609122982
1.0771519403443486
1.1126104349882444
1.1541363869770984
1.1698407677360871
1.2110554072038475
1.2164915867838244
1.2440932029045788
1.2599647159516294
1.258778570841456
1.284780590970488
1.2551788166305737
1.2543589845799616
1.2436427760118534
1.23351480713121
1.2122581460067463
1.1974285885975857
1.1721463886030903
1.1603250417706985
1.1534121811501445
1.1643626945717769
1.173183755934388
1.207471007705735
1.2222320977896042
1.2615182218751075
1.2965409325524928
1.3040578679416104
1.3231686446270037
1.3236189070687037
1.3011271301358112
1.2817340594850186
1.2379197088567144
1.1773536798399928
1.1328975660363416
1.0608203753917296
1.0196050717403367
0.9480344152440903
0.9044352160547
0.854803084657992
0.832291340982457
0.7917873747671198
0.7707301999796333
0.7511569783673497
0.7344459263131884
0.7238911533468627
0.7153375982934471
0.7248935466715859
0.7305690141355413
0.7443113799231906
0.7436125157173994
0.7771030402823527
0.7852797989112069
0.7975286475920107
0.8294114499069758
0.8492211719807505
0.8745258071934356
0.908996655722224
0.9310186688502745
0.9589688538066241
0.9812258882114074
1.001743363257086
1.0346925059693022
1.0630853251278833
1.0844212783756786
1.0914711252227822
1.1100593818771392
1.1225790315106952
1.1373989282180603
1.1409882169173917
1.137221640446717
1.1337068311567828
1.1303053667871985
1.139387107063542
1.1317943491233127
1.1325778442246013
1.1163228726216428
1.1097298828042177
1.0984479467775692
1.088257454070992
1.0890832938031105
1.0773165207440911
1.0476850934459887
1.0483732774282584
1.0435940905644234
1.0225707881356758
1.0245719299722003
1.0096062046477463
1.0075874682781614
0.9911829795494359
0.9967782949158105
0.9906376941861464
0.9693463093061834
0.9638937325865682
0.9578465251962105
0.949476881320906
0.9434200950663686
0.9296577967127255
0.9238643484786546
0.9241080640213566
0.9179022565731697
0.9196753857661173
0.9168989539508763
0.9274426718389148
0.9201743647346861
0.9052376174349467
0.8981833696224949
0.8894303303451723
0.8839364988287068
0.8712759408058064
0.8618444754843837
0.8531527026978653
0.8465675236274874
0.8394884474897204
0.845648969991715
0.8218930635256997
0.8143827345386968
0.8089080698950037
0.800051966841337
0.7844214600238217
0.7704082212080573
0.7648345376693154
0.7553119124721803
0.7438928866889774
0.7343171621701257
0.7226029606925285
0.7090865496574411
0.690084748684941
0.6720776216445427
0.6601373992865489
0.6432386678851212
0.6259928596468325
0.6155121460897999
0.6018627816881047
0.588328288053575
0.5794647555879178
0.5648340872053091
0.5495204452837372
0.5320782938044427
0.5205110444250035
0.5055598142697029
0.4892585297784757
0.4737141706552514
0.45788396638226825
0.44626183235522693
0.42058483673082225
0.4082914551388053
0.39151915562142797
0.37466958431774855
0.36274751686038564
0.3478734487673608
0.33586276576348234
0.3177040089162445
0.3136701423350869
0.29960483939186844
0.28991291727589374
0.27877651552769545
0.2673055893888002
0.2604683747212232
0.2510180928110763
0.24383721111160175
0.2380659384141486
0.22861286892769714
0.22088015468599798
0.2111919041807907
0.20403112092433492
0.19564312612654122
0.18956388195171525
0.1838440094544244
0.17293748836416617
0.16645516862360216
0.1571747252874336
0.1494849875030039
0.14216119547975856
0.13253064395412154
0.12622774357834668
0.11836388707795563
0.11052242043336423
0.10582646158223033
0.10092027091354024
0.09327202861294787
0.09000881312180219
0.08240057901149901
0.08001741627269557
0.07401488208478206
0.0697984847171933
0.06602294580648395
0.0621951603223825
0.057257372945815836
0.05194159723277374
0.048639924915113264
0.04358197641467327
0.041006526352675474
0.03889316691369921
0.03526036645984692
0.032209024192272166
0.029740829835211195
0.027200583303712278
0.026280548168167144
0.02397293079386235
0.022362214105912916
0.020382459864927108
0.019203053192895028
0.016708454286467042
0.01557896508264585
0.014608336898816094
0.013793193630714006
0.012191879455980442
0.011032537841084107
0.010226479583141698
0.009149660634461468
0.008237740025843576
0.007532538817087956
0.006772934080371782
0.005915510949960144
0.0054877480601214414
0.004852147069254542
0.004194094851904209
0.0033839551108751707
0.0028988544847675574
0.002487619678085627
0.001875610069529722
0.0016035059601011415
0.001155477276430619
0.0007670420810517997
0.0005728444992755959
0.0004868427657995427
0.000262167451920747
9.258738532551352e-05
6.322662212486313e-05
0.0
2.835682425417752e-05
Gbb RDFs at 100,000 MC steps
0.0
0.0
0.0
0.0
0.0
0.0
0.0
0.0
0.0
0.0
0.0
0.0
0.0
0.0
0.0
0.0
0.0
0.0
0.0
0.0
0.0
0.0
0.0
0.0
0.0
0.0
0.0
0.0
0.0
0.0
0.0
0.0
0.0
0.0
0.0
0.0
0.0
0.0
0.0
0.0
0.0
0.0
0.0
0.0006720847070304231
0.003981759681405927
0.022729145166162187
0.06693315115618513
0.15421779401147653
0.2786552336808497
0.41138698970534116
0.5339899311781443
0.6295906585168753
0.6971951864091784
0.7590860449618178
0.7929712581208945
0.8161813555205488
0.8139201246258044
0.8064744235514101
0.8067131911402419
0.8026725690537699
0.7959544048132474
0.7992654396815404
0.8069726181464725
0.809638395603097
0.824591545244685
0.8378460792442405
0.8789252674902356
0.9004726511613566
0.9497770740104144
0.9902042575058647
1.031554145834333
1.0742497049383413
1.118423487455543
1.1466285203524482
1.1958404524172102
1.20837033857039
1.2410942359188182
1.2631408840645755
1.2645160518667369
1.2809170733432118
1.2664046950956542
1.2611753204956788
1.259413472913019
1.2450065013299068
1.2307822199392622
1.208771696631607
1.1902317099121635
1.1714877633544745
1.1698449597192957
1.171062828982016
1.1706681935606407
1.207774819855419
1.2246400561473645
1.2534006061201568
1.2871415804491906
1.3118390421825044
1.3286315431226354
1.3401547784313719
1.3136062055729387
1.2959418636642843
1.2541630608831729
1.189254121765985
1.1503289941584547
1.0852062319036668
1.035001401808879
0.9746124700345848
0.9263004363783631
0.8756030876192086
0.8400697647299564
0.8016306215223428
0.7750006927358856
0.7536939796561647
0.7287382138823394
0.7157957037567636
0.7102155715522084
0.7073518016313983
0.7095601417111931
0.720987166879063
0.7252993457527133
0.7454332592788222
0.7639258220469087
0.7781960817492454
0.802392692219742
0.8271743083587687
0.8474984108778992
0.8778440680647575
0.9047596570196959
0.9334017753064278
0.9574107727733272
0.9843160682750679
1.0161721135187864
1.0428450466330865
1.0607763509720192
1.0773988603361555
1.0953378921266026
1.1072982136437781
1.1230920234606006
1.1242382601908782
1.1308169617739274
1.132334399671915
1.1253573815974323
1.1359062393071484
1.1263454421366972
1.128501601574431
1.1145686822894934
1.1127816940494513
1.1103350393784268
1.0943603567914435
1.0910326167924425
1.0814249408491872
1.0686513728365568
1.063843986680794
1.0545095230116364
1.043405651751041
1.0380091135779719
1.0238914970740993
1.0178170462647
0.9988939122712472
0.9962214242204142
0.9870682789981725
0.9670357558134907
0.9560431644373523
0.9444090475453253
0.9347093977078738
0.924103510811129
0.9098403022249227
0.9057614151233225
0.9061571764832199
0.8987393515114858
0.9008530184685299
0.9001692011123033
0.9062115146489655
0.9097712638123839
0.8976496086562985
0.8964542304767054
0.8869693253457028
0.8885334454639722
0.8796722248906659
0.8751443967144636
0.8691547433045884
0.8647973700563767
0.8601509728800047
0.8635960040338043
0.8517843417409089
0.8433979122515568
0.8341148369455564
0.8282214717523335
0.818484588229398
0.804490302058936
0.7959016465453607
0.7821426505889888
0.7680997507872948
0.7544223704185159
0.7390362541822549
0.7232333171567701
0.7003735947045656
0.6836322289681054
0.6631240332449142
0.6449106417012053
0.6251109095229809
0.6096846549145218
0.5938752822433931
0.5761828439862563
0.5586919311470713
0.5466968222423924
0.528348904354124
0.510717617009446
0.4998638148855134
0.48406281462122713
0.47022646453727646
0.4560852205803347
0.43943759527621196
0.4327146786289025
0.4130737953318612
0.4003969579153886
0.3866663818898509
0.37330205824306834
0.3619893732596903
0.3481931168368012
0.33910429706246653
0.323181483842725
0.3153343536948694
0.3062790520131134
0.29456708537211335
0.2860792712025674
0.2753790805612528
0.2689268786857872
0.2584342237150608
0.2522262400721664
0.24496703030788886
0.23617233701357487
0.2278998321276713
0.2191206586601952
0.2116401838554089
0.20435307521147308
0.197080943853362
0.19060184347335465
0.18094176585690133
0.17366804706197175
0.165134567062937
0.15601989840643604
0.15004644033886408
0.13846943553861923
0.13166312119912446
0.12310388888271669
0.11510571616387567
0.1093930812526441
0.10364010211204125
0.0949237722745709
0.09007010475957353
0.08288700509775342
0.07910858442639798
0.07246293139854983
0.06808459428492922
0.0639337114994979
0.060589822266197725
0.055065277708795074
0.05152729202589489
0.04812223593495554
0.04333267753762625
0.040564225611394326
0.0380153180812936
0.03499089339121535
0.03190495810856441
0.029878990169408995
0.02776711176997426
0.02640947972091367
0.023912500808172008
0.02265858930075304
0.020452502682332358
0.019060525100768184
0.0169948652128976
0.01603112501908148
0.014485920667820427
0.013458997309264987
0.011980750152592102
0.010763045812999722
0.00984331691142192
0.008864348636182563
0.00787957741602429
0.007180158245816457
0.006323545089257065
0.005698778867741776
0.00537381557444418
0.004638451472940221
0.0038539487664447166
0.003232110971284618
0.0027911475771594213
0.0023012010044207334
0.0018482953597792893
0.0013231938279781976
0.0010387321630088728
0.0007075814546136757
0.0005285523988161426
0.00036953125596832757
0.0001980820747845644
7.812060636840203e-05
3.7361185801055494e-05
0.0
1.417841212708876e-05
Gbb RDFs at 150,000 MC steps
0.0
0.0
0.0
0.0
0.0
0.0
0.0
0.0
0.0
0.0
0.0
0.0
0.0
0.0
0.0
0.0
0.0
0.0
0.0
0.0
0.0
0.0
0.0
0.0
0.0
0.0
0.0
0.0
0.0
0.0
0.0
0.0
0.0
0.0
0.0
0.0
0.0
0.0
0.0
0.0
0.0
0.0
0.0
0.00044805647135361543
0.0035964280993343862
0.022196750774882715
0.0672076280502058
0.1406147624734272
0.260813513247268
0.390521790378878
0.5102526126087759
0.6096751987425156
0.6741552925366668
0.735684890840229
0.7677377594823461
0.785738330456279
0.7852622745859531
0.7780353591703959
0.772722327610839
0.7661743892221091
0.7663047441950949
0.773284549355053
0.7718755277582735
0.780305956650589
0.7927785054748584
0.8089534722092591
0.84516248154581
0.8669770782725275
0.9075129609249672
0.9488492048453702
0.9968056582110996
1.0446789389725057
1.0802264928453156
1.1190845756882928
1.164096801767981
1.1840958384159477
1.2274612507323404
1.2594282964481094
1.2593014108389635
1.282204912552304
1.2773165629742986
1.2698808281633178
1.2675604206012994
1.258322273972841
1.2460764553399548
1.2267954081703283
1.212147130596216
1.1932373518371489
1.1904995983951459
1.1872892208475712
1.1872626235405468
1.2146814827249113
1.2308135460933918
1.2545741204646599
1.2876922495623133
1.2973829777325763
1.3188711644771063
1.3155739469990564
1.2889451755424246
1.2670894873653413
1.2186459433514183
1.162869047896876
1.1187587410039608
1.0576860686151224
0.996809496812833
0.9423973385616694
0.8942538724373226
0.846776557942094
0.8162735498579762
0.7820148409914601
0.7577312366630407
0.7375581058676267
0.7137320215758819
0.7029088010759391
0.6995834857408493
0.700207989520829
0.7055182920357387
0.7150425017324817
0.7205716134472899
0.7401134010525073
0.7583727370050855
0.7732681728089328
0.8023587916454795
0.8230384368169749
0.8521862227869085
0.8787430627319074
0.9016335841827223
0.9354671696528329
0.958427459460852
0.9870815833186315
1.022704036877678
1.0466302925143809
1.0644177470631873
1.0790734503429482
1.099841983705802
1.1108124784962181
1.1247575219151904
1.1268348398280006
1.1374780043963522
1.138368741279983
1.136138147939718
1.141402792041697
1.1337150366434987
1.135764724842007
1.1279037773144447
1.1263426295827337
1.1191407321026916
1.106823372691829
1.106008184925476
1.0965422576717252
1.0859716682731142
1.081605011056675
1.0671603415125817
1.0579144894189432
1.052043031745142
1.0361851237915252
1.0294590329884665
1.0105970300192446
1.0021040037481455
0.9919574779531283
0.9725850338600432
0.959908309584109
0.9498322016080124
0.9377859567939222
0.9277474990493841
0.9142173620821163
0.908039956321113
0.9102429677208564
0.901005931680072
0.9041760014690133
0.9024266677610226
0.9065603225267638
0.9076370752090414
0.8973848451725596
0.895682939746619
0.8899203291034559
0.8891403839480836
0.882944622790406
0.877193404186885
0.8740414049402874
0.8698590476158612
0.8643617217014429
0.8669104775547688
0.8553271796188298
0.8440878602493646
0.8365344894620416
0.8255644312233454
0.8123347031455533
0.7980356336628269
0.7878692476704324
0.7731243077527923
0.7590227547557767
0.7464667758948271
0.730564854024467
0.7120449991344869
0.6940512119628817
0.678450002954497
0.6565682195488225
0.6399807935510784
0.6236835989360713
0.6075734284699132
0.5886442531952878
0.5732054113241967
0.5568083318482757
0.5455411950314755
0.5299410363557535
0.5137219903350757
0.5021500746370964
0.488334129194822
0.47388528828543236
0.45861293609634085
0.4450784091286188
0.4354804384956905
0.4187545086633191
0.4044584592880334
0.39122703982118257
0.3779183631935762
0.36651135033901533
0.35330425408040944
0.34522484313079826
0.32835203881152947
0.32046869632198666
0.31061377927623146
0.29952338400120204
0.2907374906136985
0.280537978059718
0.2728338547256913
0.26072606536177484
0.25472053904301944
0.24720622294241013
0.2381336176294802
0.22862600565612023
0.21955513244670263
0.21227310611433944
0.20420351510149992
0.19654128087770986
0.18831588257148232
0.1801285613266535
0.1716900578725284
0.16260249483240083
0.15334905774558963
0.14713308659667243
0.13611208563799926
0.12861868053755227
0.12029562928564103
0.11286330566834614
0.10677532753523555
0.10170092475372067
0.09303037700492987
0.0885105730873917
0.08217358017124693
0.07770110147859202
0.07207594112460503
0.06755024045500856
0.0635148174028591
0.060223555816485655
0.055084608354624184
0.05172421487113977
0.04806894442229225
0.043511467641367034
0.041071497083033155
0.038414565714110845
0.035368647875552765
0.03250942682918826
0.030472837219908323
0.027506099716515974
0.02620653190640525
0.02430233346095872
0.02277619850505467
0.020884433389664718
0.01954604762598077
0.01750212311874449
0.01655179403679524
0.015338300350308766
0.014027243579742272
0.012848726177633042
0.011323101262310889
0.010407050497400447
0.009473232862394635
0.008582878540760341
0.007508831255718007
0.006790053660985675
0.005955882612334152
0.005551043885497699
0.004724348722439114
0.003954848369776737
0.0033095824710757163
0.0027613999550581267
0.0023429669367718846
0.0018290738973623178
0.0013643866502614976
0.0010217691978108413
0.0006956893293260509
0.0005255995921188458
0.0003362929948494833
0.00017866226353117573
7.908505829887612e-05
3.6403206677951504e-05
3.8062850398597485e-06
9.452274751392507e-06
Gbb RDFs at 200,000 MC steps
0.0
0.0
0.0
0.0
0.0
0.0
0.0
0.0
0.0
0.0
0.0
0.0
0.0
0.0
0.0
0.0
0.0
0.0
0.0
0.0
0.0
0.0
0.0
0.0
0.0
0.0
0.0
0.0
0.0
0.0
0.0
0.0
0.0
0.0
0.0
0.0
0.0
0.0
0.0
0.0
0.0
0.0
0.0
0.0004032508242182539
0.0032110965172628446
0.02094767162611164
0.06152203524549178
0.13522240052395182
0.2470807950953596
0.3682551970678016
0.4810796475602874
0.5838937889383087
0.645332354541282
0.71460904127376
0.7398353331031823
0.7619289121193954
0.7691804134190114
0.7560072651187358
0.7542775769565824
0.7516972568676216
0.7507155085732068
0.7648670995555742
0.7738940988195614
0.7782242996926692
0.7955196033922458
0.8183702487155303
0.8484984978742199
0.8781143562580631
0.9222665514911356
0.9602148230956548
1.016175765082077
1.0582287515322855
1.0966231334793088
1.1388832572802199
1.1811983498439251
1.1997805568061801
1.2375519778124486
1.273579889929125
1.2767546354926056
1.294982692205014
1.2853630842517167
1.2783693363729653
1.271764694064288
1.2637397869522267
1.2475785677453797
1.224307579261026
1.2077391168185032
1.1874178972813214
1.1835335292190925
1.1810495222143391
1.1853112510818993
1.2110408004645266
1.2246103282664045
1.2495745614184506
1.284791742423365
1.3025936684876789
1.3199865062532978
1.3126351284370286
1.2974961386483277
1.2653038772560126
1.2189691314925133
1.1667371030180493
1.1155871894984097
1.0543855486003615
0.9927488409248616
0.9389046363199264
0.8914618519959931
0.8446231890288253
0.8099067659757636
0.773214610684797
0.7506484681892563
0.7295208585050773
0.7072438531612372
0.6977389021710425
0.6932100547389671
0.6952441841308339
0.7022229663729842
0.711987263188655
0.7158438811418664
0.7345946418768828
0.7530736574304748
0.7713814384419249
0.797722888115079
0.8175850900663032
0.8459886838220222
0.8770931114415991
0.8996175321243011
0.9341371808691629
0.9585121833514789
0.987243368476573
1.0221837731650225
1.0493466477193514
1.0681726349423426
1.083428811568001
1.1043015499259978
1.1185891171447186
1.132627684694461
1.1386203515488245
1.1460794569134318
1.1494767224567117
1.147694184530921
1.151894093582408
1.1428800564409094
1.1429660868573082
1.1391090741236265
1.1341623952734408
1.1249894660992252
1.1140661854031693
1.1095973230133287
1.1009655428448941
1.0878601681753712
1.0819688756367551
1.0675741362964022
1.0581627805397482
1.0484413124281309
1.032075560040007
1.0234199471009822
1.0044874146645293
0.9918727703354562
0.9799294486222246
0.9619357520571837
0.9460470994026365
0.9370882711907214
0.9239049662371275
0.9130540486252243
0.8992582802151519
0.894512456028727
0.8952007888115844
0.8886472465315947
0.8914728217837729
0.8896649812991718
0.8951894739815154
0.8965301764429134
0.8873914319778141
0.8841038332445816
0.8805071226205858
0.8790619390751484
0.8760392173539477
0.8694923293489794
0.8682981959904151
0.8638526970722671
0.8580314425288714
0.859613289883613
0.8519996314627015
0.8415970732536687
0.8319526729096953
0.8265029271900063
0.8147982747585524
0.8013405193295963
0.7924273152859671
0.7794301386633866
0.7664871158581089
0.7539384451260914
0.7383433248990998
0.7226853316286355
0.7030057024670245
0.68885288250512
0.6659215571928153
0.6506850840891866
0.6342851080939154
0.6181538155422197
0.5986427230884328
0.5804101780679098
0.5638022179403249
0.5513619068254094
0.5344112531295595
0.5179412359982036
0.503768770171809
0.48987589822241406
0.47419630762199677
0.45848760273805295
0.44494762413002464
0.4339482863902601
0.4183862109424192
0.4035177167967743
0.39156297299146475
0.37824034684608027
0.36586881019516354
0.35245269386209455
0.3439296384423877
0.32832675279228907
0.32057065735025997
0.30980112495527157
0.29773690992342267
0.2887212840538427
0.27893311741257104
0.2702482100495365
0.2600142675093823
0.2528619940090733
0.24548618172746692
0.23706999392687575
0.22781439994785374
0.21887832580815406
0.2119574225306468
0.20409866883883834
0.1962852085025775
0.18812109081028167
0.18107028524199598
0.17203139888562752
0.16275104898252862
0.15441255659270492
0.14756049478040714
0.13768004772786116
0.12954173664231736
0.12148488467561475
0.11357584074738361
0.10760349215745409
0.1018711737295047
0.09372512537798161
0.08890352058732573
0.0828930854238316
0.07821784878942935
0.07287784880566589
0.06776794016349474
0.06383749676167617
0.060424223073508754
0.05573218498989927
0.052219718783687766
0.04850288959683623
0.04376139606103285
0.041132094783462914
0.038437503854505624
0.03570887300558304
0.03267977710500044
0.030566156042129644
0.027712984846446045
0.026506178385473568
0.024571898593204848
0.022752088618172836
0.02113016694072813
0.01981835739549141
0.01793864097649709
0.017012517608390634
0.01597191769407337
0.014480152735914763
0.013371522547927969
0.01200403996701793
0.011245494102327492
0.010197444352278831
0.009313855867164248
0.008382778177128354
0.007646032691680371
0.006854152100155867
0.006416614297518007
0.005538801301529228
0.0048088542907621925
0.004186559848710948
0.0034789331157428064
0.003052987786741451
0.002456806393663932
0.0018898463101192026
0.00148775183001559
0.0010747508228690914
0.000763300531251245
0.0005073722800200054
0.0002709063669847719
0.00013164768850971453
5.6041778701583224e-05
7.136784449737029e-06
7.08920606354438e-06
Gaa RDFs at 200,000 MC steps
0.0
0.0
0.0
0.0
0.0
0.0
0.0
0.0
0.0
0.0
0.0
0.0
0.0
0.0
0.0
0.0
0.0
0.0
0.0
0.0
0.0
0.0
0.0
0.0
0.0
0.0
0.0
0.0
0.0
0.0
0.0
0.0
0.0
0.0
0.0
0.0
0.0
0.0
0.0
0.0
0.0
0.0
0.0
0.0
0.0
0.0
0.0
0.0
0.0
0.0
0.0002438284775626376
0.004128129470314253
0.03715636518323397
0.17455130502084557
0.5383779917594899
1.1817281873110355
2.0097154198949947
2.8125544423746267
3.4150610515999498
3.7199665651975535
3.739243756399021
3.545651266639636
3.232456329953418
2.860927116771914
2.490063508193424
2.1439499135560167
1.8389840328783358
1.574587786730504
1.3535837829281008
1.168262961085955
1.0173797479565028
0.8958185140633134
0.7908500217369254
0.712081106865123
0.6450493068289257
0.5921270266669882
0.5490233069445009
0.5137580216452873
0.4898500312334798
0.4730673773072784
0.46017992397445323
0.45604076566238316
0.456234450590894
0.4584410132340454
0.47082693558350636
0.48506651287594116
0.5050153861134546
0.531753600499725
0.5642212691577712
0.6016803465305253
0.6467293875073646
0.6979374219829892
0.7525452750220443
0.8088124684812541
0.8634517017156544
0.9176134379196071
0.968692800371542
1.0134941424505906
1.0557129357063921
1.0937047690830177
1.1298551705933562
1.1581372096105338
1.1869017255607262
1.2103126007729372
1.2267764779846722
1.2406335996752307
1.2482169840248958
1.2476992284219053
1.2486934426444332
1.2444219539351533
1.2427970907780614
1.2391344362890322
1.239371752578536
1.2435792289201526
1.250228143195566
1.256349242103047
1.261059592066842
1.2608119126956217
1.2561574280945922
1.2411248519103655
1.2218609401607257
1.1915132482199748
1.1568742783102988
1.1167304492771861
1.0745363441352567
1.030963121405792
0.9897455393391179
0.9483469182353809
0.9121830942533474
0.8791399526882915
0.8501092322954177
0.8263279474532881
0.8069388225923435
0.7926798098356438
0.7845724731975637
0.7797014478313701
0.7802874801456181
0.7845144343866508
0.7936016870991592
0.8061852356838601
0.8213666848581049
0.8398824488804079
0.8583579821117661
0.8804683502713924
0.9039829488509254
0.9310229593860114
0.9567449049449682
0.9812830418371976
1.006536646964514
1.0312526605900079
1.052155088069284
1.0730349044937604
1.092596362037704
1.1084461369199368
1.1227539699108722
1.1322548192554578
1.1411474681098719
1.145781687800946
1.148447594140966
1.1467500670445876
1.1423049714817806
1.13953793182271
1.1314898106073417
1.1217544967813171
1.112349000240726
1.1009900671922828
1.089067675030261
1.077400881695361
1.0652093602318244
1.0539288823558846
1.0423556587073493
1.032297423148089
1.0165889045655152
0.9892712205110235
0.9635482695533268
0.9389626174392233
0.9163385008128309
0.8946228809560718
0.8724280991381326
0.8514591112473012
0.8305368398280057
0.8105612844640409
0.7918445512604761
0.7719144801256889
0.7535428000977464
0.7369096383611226
0.7210806960904005
0.7063654106806196
0.6924634941446783
0.6800009819332339
0.6691128155667903
0.658231737930013
0.6474807948566713
0.6386120612243174
0.6298608474833157
0.6216502331785008
0.6137174256102725
0.6078153608981828
0.5996890288525301
0.5925769453723868
0.5854138454166952
0.5769266522003944
0.5695795788619985
0.5607235623846807
0.5523212223568559
0.5428209964495799
0.5327491197781332
0.5221608835614335
0.5113562348257739
0.5003193102114311
0.48848936329786913
0.4770040173315678
0.46388241045354855
0.451167147420128
0.43829549840561405
0.4248039468402996
0.4121054655344975
0.3984454577872237
0.3840661979254713
0.3717354929452037
0.3574728731437546
0.3439818470033715
0.33085510809878627
0.31729268449639914
0.3051091183457276
0.29302190022417546
0.28127202479341934
0.2702296467970421
0.2589130280530288
0.24839090946963457
0.23803828152636503
0.22772224714839917
0.2180854688350792
0.20900598557177727
0.19955250552025683
0.19054508353898258
0.18188590618525108
0.17317208943123313
0.1650372130728097
0.15662431210593167
0.14835567967261878
0.14034048990751052
0.13256583284578602
0.12456952429330229
0.11693792293828757
0.11048467899149919
0.10467656803242657
0.09950272618049377
0.09397253983319681
0.08911195620113699
0.08433223400533296
0.07959494886083815
0.07499325132145596
0.07025625199923291
0.06589251166036947
0.061956780327968045
0.057805966002917444
0.05408612225264811
0.050817911674274754
0.0472806664220755
0.044090760476768694
0.040958301932738916
0.038278763962446165
0.0356354707336534
0.033260058095486336
0.03077943599612417
0.028527552594297526
0.026592117781701313
0.024518818255036476
0.02263134768706998
0.020849812483135274
0.01902680058485618
0.01738692919272542
0.015779748930928032
0.014300993473546356
0.012857565008043099
0.011658747410445192
0.010410812079234475
0.009331376325499291
0.00830447661930663
0.007397503145086755
0.0065502691105869945
0.005804678241866297
0.005074224534377491
0.004455311011760943
0.0038843295858332623
0.003336636901399433
0.00283645404345196
0.002381793843349906
0.0019571927108316366
0.001617841177010622
0.0012558574171097983
0.000962443671536662
0.0006965680835757088
0.000481287845980804
0.0003065812071992042
0.00015319849024961752
5.2650395833047023e-05
8.215767761571632e-06
7.19571706196251e-06
Gab RDFs at 200,000 MC steps
0.0
0.0
0.0
0.0
0.0
0.0
0.0
0.0
0.0
0.0
0.0
0.0
0.0
0.0
0.0
0.0
0.0
0.0
0.0
0.0
0.0
0.0
0.0
0.0
0.0
0.0
0.0
0.0
0.0
0.0
0.0
0.0
0.0
0.0
0.0
0.0
0.0
0.0
0.0
0.0
3.2823031361634476e-06
5.1579548402457006e-05
0.0018837791251696114
0.01864461099044289
0.08705094351321192
0.2399829913691311
0.44828057713256997
0.6434875871464585
0.7623309297759959
0.7922055485109285
0.7528913945534139
0.670894387178137
0.5785574895595199
0.4864069780961302
0.40636294332396616
0.33718816747885866
0.28243774088820583
0.2368923497036076
0.20038373113931618
0.1711471595240444
0.14921786013571664
0.13113727100126166
0.11680135886061928
0.10463889276948594
0.09636003575379154
0.08879890014383875
0.08389788774144769
0.07961012447216381
0.07656553200870325
0.07431957786664344
0.07267358776321402
0.07234321351968313
0.07193210003874866
0.07248165140193402
0.07385871584459472
0.07580754051355408
0.07879597619313572
0.08220516746789668
0.08627677836924547
0.0914788091369275
0.09772749820302215
0.10386715611823572
0.11166654466529186
0.12057905159457077
0.12968068821433082
0.13989182566555156
0.1496200706289645
0.1597834308803881
0.16944804380130954
0.18008363948803854
0.1888111680006479
0.19594261604841137
0.20351543896224633
0.20904605546962785
0.2129959766047758
0.21560085401996365
0.217276385350083
0.2185113770078311
0.21955262906160206
0.2204251565506709
0.222211411140796
0.2237844869513798
0.22660629853009323
0.2289568883238998
0.23154546713285673
0.23404698464506324
0.23441786066866643
0.23289769312698735
0.2305704842555624
0.2257059812734825
0.2192771817154988
0.2114702717892061
0.20301723354217155
0.1936652390922459
0.18407223918619658
0.17476202067967112
0.16650700158311782
0.1587219497183905
0.15159048322925586
0.14555824858434677
0.14056423121014758
0.13595968260958807
0.1327479905687729
0.13015545394258812
0.12888616241371365
0.12806503024483687
0.12810808000026205
0.12888601468816854
0.12985434908998678
0.13137049293750905
0.13403640673319336
0.13689154481584584
0.14032774276836235
0.14421984078605618
0.14839837066578848
0.15289942226163622
0.1572485060980667
0.16210322289491694
0.16708167950513175
0.1714979919849078
0.1760048807700167
0.18011478284374893
0.18431312063563995
0.18759322793182232
0.1905506624424884
0.19331728596312886
0.19518535563470546
0.19638195493610977
0.1975912315690522
0.19818193644358567
0.19785089083314292
0.1975647711962192
0.19691143412254233
0.19569652166410403
0.19406181858348265
0.1927201511818085
0.19080900232256573
0.18903954602477702
0.18717553979915477
0.185254490727413
0.1829563575783554
0.18157363463122064
0.1794691207702398
0.17782762156818194
0.17568977023957402
0.17391331150638042
0.17221528076275422
0.17035596991473712
0.1684332451355433
0.16660836713335514
0.1644368552403169
0.16281761673934184
0.16021521734949115
0.15576082278508102
0.1519555696517904
0.14812660816340648
0.14505900164941946
0.14181535656070882
0.139315399257878
0.13669183299431079
0.13465270726945852
0.13263089407015882
0.1309778693860193
0.1293569792761806
0.12823778369667016
0.1270752895978967
0.12632802903064194
0.12499882863949378
0.12418909328941755
0.12323846263133291
0.12230794323789193
0.12134839279446583
0.12036682154150735
0.11922206538791545
0.11806425553037263
0.1162886559357087
0.11505522319500217
0.11332803051062806
0.11131926100658496
0.10947646100984185
0.10730351622061123
0.10502466218724464
0.10262378366877647
0.10002711801105109
0.09735918345338665
0.09471103232599676
0.09173897305792132
0.08887931641724578
0.08613946342732454
0.08327815499098203
0.08046896282231332
0.07770911066681922
0.07500908780687428
0.07242132353941519
0.0697521211123192
0.06727774215126725
0.06505333170987185
0.06273077127243468
0.06050502634024351
0.058474207480626796
0.056472285648078935
0.05439551829298518
0.05254605427623194
0.05072415086779342
0.049090707538772496
0.0474347331759977
0.045979503857485726
0.0444891962909358
0.04300836133818873
0.04154617275781163
0.04012207418668164
0.038723640716073204
0.03744210214429949
0.036106592238746064
0.03472097863725089
0.033444822431424735
0.03204933728934388
0.030759305701993013
0.029446717919971638
0.028035445087552124
0.026696052241122613
0.025318015975890274
0.023933922358705683
0.0225486908699435
0.021197748449865952
0.019991838393990973
0.0188330255868232
0.01790464661025809
0.016839997395935394
0.015873886849707686
0.01490697690612233
0.014057227596063634
0.013134646572028248
0.01233528376815659
0.011490198947459122
0.010730725803929102
0.010004369086505642
0.009279652590927629
0.008624808525766548
0.008029254325222212
0.0073729122151819804
0.006867015482343502
0.006337735206774039
0.0058508999490810435
0.00539785971636301
0.004991527536490702
0.004572330277343121
0.00423140762618782
0.00387253724945499
0.0035630482813863097
0.0033058870967380563
0.0030470424406373016
0.0028063663819386897
0.0025600532155887427
0.0023543328288333372
0.002158584564393769
0.001988911697698739
0.00179767743517884
0.0016107301545076936
0.0014652096033810908
0.0013167926286758646
0.001161713017065228
0.001030414613927453
0.0008917255652137033
0.0007885164034070245
0.0006712392128415579
0.0005725988531139469
0.0004791553953130905
0.0003943658555112888
0.0003304885378084995
0.00026362003209295395
0.0002008912455452863
0.00014653280948393051
0.0001050346719901863
7.210393999388744e-05
3.976995758079984e-05
2.0792215587399492e-05
7.42157840091805e-06
1.1178755291167681e-06
1.2304687887734963e-06
