Gbb RDFs at 50,000 MC steps
0.0
0.0
0.0
0.0
0.0
0.0
0.0
0.0
0.0
0.0
0.0
0.0
0.0
0.0
0.0
0.0
0.0
0.0
0.0
0.0
0.0
0.0
0.0
0.0
0.0
0.0
0.0
0.0
0.0
0.0
0.0
0.0
0.0
0.0
0.0
0.0
0.0
0.0
0.0
0.0
0.0
0.0
0.0002816331339222522
0.0010753355312486772
0.0059084175917636355
0.025554930781414784
0.07904934547795502
0.18127354734682327
0.30860769768146884
0.4615257522659467
0.6008134750498957
0.710818882090949
0.7982446541944929
0.8410197061014567
0.8698706306686876
0.8688648545919885
0.889057342200169
0.8577878300675591
0.8581454307080552
0.8420446213131206
0.8457102415380847
0.8236771649322262
0.8156329391513526
0.8206774855314602
0.8499645334019138
0.8729440752046561
0.8923268503267793
0.8963415305050677
0.9304248443761629
0.9721947990891978
1.0493122094650573
1.0702195893299857
1.1160039143172265
1.1640023931406078
1.1977652358540738
1.2117616290331428
1.252959713992915
1.2935897490406856
1.3073201369258456
1.314561872680742
1.3226125900676657
1.3243604567930576
1.3230942016324196
1.3015164515323865
1.2957589715794708
1.2963850280109503
1.2847377122415309
1.2763376125163688
1.2656487082943866
1.27493078943648
1.2969121571320426
1.2965487299932048
1.3222961451009774
1.3508992813704794
1.3892812066384093
1.3950334606792283
1.394514098979956
1.3617209795936862
1.346376886867917
1.2927303346906713
1.2307675972667702
1.1941920644738657
1.130137589917007
1.0552166147911288
1.00693396197137
0.9632545222866261
0.9021926293548371
0.8658083772300644
0.8207101322917352
0.8002305045269879
0.7762714247267705
0.762573484167017
0.7425653482218608
0.742135532423086
0.7371450151765996
0.7340838957035105
0.7424134453328545
0.7414004591799267
0.7673055189951534
0.7851184516724475
0.806966610525646
0.8239946200826412
0.8500229990585918
0.8741031088370262
0.9076085218091748
0.9447195815378363
0.9734908720048181
0.9902001198325674
1.0282707540250537
1.0415121773935985
1.0725995672914066
1.096622995889611
1.1069071407105313
1.117845917829766
1.1370276887935948
1.150730093981752
1.1536716672170033
1.1504596783916612
1.155759406046219
1.15728651114441
1.1550195219798323
1.133289236541393
1.1307671988407784
1.1273898990334754
1.116347236376256
1.0970420376271834
1.0858616134354844
1.086573894699833
1.0724736777993351
1.0520742055277383
1.0513909703602293
1.03910858334866
1.0297912090530175
1.0232185041029929
1.0070321962568156
1.0091854302021983
0.9849058456156227
0.98412829642097
0.9710609937102385
0.9604026478880145
0.9510791128895953
0.9518984545449093
0.947982742318428
0.930370497883426
0.9209545785846054
0.9168795059839456
0.9079726705407757
0.9065560850951784
0.9025468478421148
0.9009592594880836
0.9063641095901849
0.9008756189315731
0.8993852591939809
0.8904333954080071
0.8870567351191545
0.8722198121609628
0.8755264543627685
0.8657537693499948
0.8542445204957663
0.8580314698882721
0.8469891132237015
0.8426233448396664
0.8371413121521886
0.8222103325893942
0.8082703432512593
0.7989436352955479
0.7801314758295109
0.7814695151835764
0.7545734043960128
0.7525946917646628
0.743130140568572
0.7314079711081833
0.7205201431946171
0.7032552881589439
0.6881622433561518
0.6716766321970484
0.6606284155280363
0.6473692130627949
0.6284168459479437
0.612878644761735
0.5973526459019083
0.5828306065406272
0.5697441458545521
0.5497120762291181
0.5356271300115041
0.5171156401055524
0.5060231594172475
0.4888814973708033
0.47791914297427573
0.4643267561281594
0.45041938739116405
0.44424820870276055
0.4290251211691343
0.41492644447335836
0.40742903107238165
0.3927460419824587
0.3822560980177603
0.3690384956746666
0.36191753261810916
0.35274618122626983
0.33819091609112284
0.3261750575992473
0.3184714358085055
0.30602428254552044
0.2978938883655771
0.28652389985011556
0.27673091458275306
0.26794397407901716
0.25677638702290234
0.24697119625323677
0.23849427622931313
0.2269553319174664
0.21945474861155295
0.21039455552763656
0.20362686065686114
0.1920405222365775
0.1829435712742439
0.17599489689378556
0.16959431348642637
0.16280647963556139
0.15477976053647113
0.14583341681347917
0.1358785133542681
0.1289218376161118
0.1192404044673459
0.11443890149958397
0.10632043003423601
0.10022266535423005
0.09524094001009453
0.09109571816494724
0.08394903538607558
0.08091016259958965
0.0753873012006275
0.0710017703786443
0.06633711637896306
0.060667751298051346
0.055811440637798616
0.051128331456307845
0.04845721115741054
0.044828470799908336
0.041111479070945575
0.03715978743954238
0.03418247418532061
0.03168148785427317
0.02917364530534653
0.027215017149986465
0.024246294780388603
0.022814096950624044
0.020845055370421823
0.018554342330650144
0.01784034558036518
0.015914785454189593
0.014612987036624276
0.013350170080249529
0.011956801722953747
0.010744135661317563
0.010120922832502368
0.00879292269067287
0.007910029193663463
0.006811601634017691
0.006510958445328387
0.005469706006139107
0.004704361078739855
0.004272468212897317
0.003387703718041707
0.002552655944090508
0.0023675290336159617
0.0015509794695571645
0.0015157977399637237
0.0011532877450182758
0.0008861480305822098
0.0007363922538910163
0.0004875771367926168
0.0003720536438594077
0.0002698164726117948
0.000116518867520332
8.101396215982433e-05
3.448724843174353e-05
0.0
2.835682425417752e-05
Gbb RDFs at 100,000 MC steps
0.0
0.0
0.0
0.0
0.0
0.0
0.0
0.0
0.0
0.0
0.0
0.0
0.0
0.0
0.0
0.0
0.0
0.0
0.0
0.0
0.0
0.0
0.0
0.0
0.0
0.0
0.0
0.0
0.0
0.0
0.0
0.0
0.0
0.0
0.0
0.0
0.0
0.0
0.0
0.0
0.0
0.0
0.0001408165669611261
0.0006720847070304231
0.005009310566930039
0.019657639062626756
0.06681551820160483
0.1566979047338833
0.27314052009228806
0.407649939079706
0.5250136342401479
0.6292070541552506
0.7034704044999559
0.7467337901913083
0.7743886703225972
0.7767100192256459
0.7806940167482752
0.779394484880219
0.7688079278749458
0.7520205675157366
0.7706595380983862
0.7501729894528887
0.7608059445189529
0.7676267733614405
0.8030703601089152
0.8280636986133816
0.8515469265881118
0.873955322624367
0.9097174165882527
0.9520263120319363
1.0181460401534976
1.060766231730139
1.0944697133862071
1.1325975878568613
1.174438693726368
1.2032387806333296
1.2439628130356326
1.2766501857716395
1.312314634796774
1.308082431659998
1.3311301272247373
1.3316363209727557
1.3312785206403708
1.3173129708594837
1.3049497621075266
1.3023697353172439
1.2957180858934683
1.2757728319600468
1.2707798921163744
1.2718188786677433
1.2938686372230643
1.2900471499899586
1.3101374417883358
1.3307652666664438
1.3565828544729819
1.3563785950954335
1.35884137180348
1.3451851082310184
1.318141667864164
1.2791391440743387
1.2159848877481174
1.1770574032775198
1.1237218559553959
1.0517973710348298
1.0033003349052694
0.9563300591726794
0.9000845978569662
0.8579285877484606
0.8221145699128116
0.7907478939675381
0.766522202239326
0.7494997436544949
0.7275725543013913
0.7290051080879253
0.7219729511173244
0.7244931372739295
0.7259024581733088
0.7278959977570628
0.7423807693696262
0.7598609997809929
0.780006995764239
0.7977354130020938
0.8193429793510053
0.844468255087963
0.8712273817778787
0.9120489310292542
0.9399836099352906
0.9605178995664277
0.999187353024345
1.0215215988154431
1.053018733015095
1.0802954456503489
1.0979968279940788
1.11694677717271
1.1375057505428958
1.1509240481523204
1.162476966423646
1.1649493999936331
1.1740319675598914
1.1744876524214152
1.1739867985406025
1.159891196694268
1.151736096072029
1.1448806856778424
1.1327196794763181
1.1168427657064945
1.1095765409472655
1.1086823028308168
1.0930857498817979
1.0808103849331896
1.0773657985500438
1.0657833664223366
1.0565438621250451
1.0500663309482847
1.0378173060403797
1.033043341264767
1.0146806680393858
1.009199081666753
0.9953000563425769
0.986068442811065
0.9720123325669825
0.9640595209822659
0.9573937929742812
0.9416744737418554
0.928559014916717
0.9224885812747762
0.9173039848957542
0.9052324337918614
0.9013732430907914
0.8973559182415558
0.9006066946488769
0.8970617939536636
0.895504398208997
0.888092773546442
0.881150931370009
0.8722032953488861
0.8703007956654863
0.8666822046093785
0.8555058575632049
0.8565867863998509
0.8457555732940378
0.8385927625325931
0.8314517205090582
0.8191358442816887
0.8103999661325793
0.7999119891030617
0.7847678896700019
0.7763759633023688
0.761531560789009
0.7482243301193093
0.7392190768618899
0.7293271518447177
0.7167722962490312
0.7035066448596962
0.6873352222523413
0.6708314294515813
0.6587970695554305
0.645686786073148
0.6290301181970865
0.6131981919080581
0.5978714887644195
0.5804562831762775
0.5690432085820257
0.5500928908699614
0.5334131915653265
0.5195670816868762
0.5089042560081394
0.4906006229204432
0.47908936614512365
0.4651960648328426
0.4501840285656768
0.4425764352424706
0.42961657694512767
0.41560723723017357
0.40705310263317135
0.39351832312935753
0.3830972350875041
0.37001171547414086
0.3623277733072244
0.3534641751296279
0.33988071972173717
0.32834734594737464
0.3202954123139266
0.31000629507423344
0.29865091210519756
0.29182619268952065
0.28133202342162494
0.27124658505812754
0.26038630018189085
0.250824990046942
0.24362648002162532
0.23206227777766952
0.22511545581554318
0.21605353366092453
0.20800727583659054
0.1981037045635921
0.18842351070413016
0.18122586133974208
0.17268426946963372
0.16476207307455693
0.1571017208036395
0.1476520822483503
0.13756542429232643
0.12923500459820872
0.1203211589183417
0.1137341037215035
0.10639996732735556
0.10016037914357732
0.09499379632007611
0.08969009660539125
0.08351935900988416
0.0783887574330915
0.07317706808964383
0.06764919486795683
0.06345852850862325
0.05733628518630864
0.05353042442996395
0.048485217682793735
0.04622658069878977
0.04194642469101635
0.03903491457374428
0.03563099137971736
0.033340832272334316
0.03071800134806666
0.028435578256868793
0.02678200176176075
0.02418182900401534
0.022053390071933875
0.02026288980912873
0.018841517882011657
0.017471858317793337
0.016007955273630855
0.014729452474797088
0.013404577294025381
0.012301125205658793
0.011273634549180372
0.010403723108887215
0.009169479109431963
0.008129752226820781
0.007316285311490321
0.006743723593324238
0.005671931052140729
0.0049147186879518
0.00445602610648846
0.003777383923085465
0.002967696580476862
0.0024883845732900753
0.001987961780424461
0.0016624878438311807
0.0013080711002707286
0.001003698279536993
0.000733398789444305
0.0005351456379431161
0.0003927232907404858
0.00028154762359491626
0.00016603938621647312
8.390731795124662e-05
3.7361185801055494e-05
8.564141339684434e-06
1.417841212708876e-05
Gbb RDFs at 150,000 MC steps
0.0
0.0
0.0
0.0
0.0
0.0
0.0
0.0
0.0
0.0
0.0
0.0
0.0
0.0
0.0
0.0
0.0
0.0
0.0
0.0
0.0
0.0
0.0
0.0
0.0
0.0
0.0
0.0
0.0
0.0
0.0
0.0
0.0
0.0
0.0
0.0
0.0
0.0
0.0
0.0
0.0
0.0
9.38777113074174e-05
0.0006272790598950617
0.004367091263477469
0.018756663938923033
0.06077702653314993
0.13693217382500497
0.2428636611746948
0.3603485668089345
0.4726851476460501
0.5640902137694229
0.6342276793904452
0.6794628775202598
0.6937499444697703
0.7074012153270642
0.7111608829166435
0.712489598523081
0.7054838410082159
0.6977283275692963
0.704642715628281
0.7007891228530168
0.7127943403515465
0.7199168780329525
0.7485948602339976
0.7793889440804407
0.804861870498006
0.8247726564326029
0.8680857293078463
0.9143749589093723
0.9659294860961991
1.0127697108635503
1.0494172615507489
1.098932766600671
1.1448795195173889
1.1823406968606633
1.2270845688887182
1.2547981491545706
1.2970559622379336
1.3014151807545942
1.327479754157421
1.3312789101007705
1.3310169214026735
1.3210705724546132
1.3164679362835139
1.3106740966182249
1.3050213746119828
1.2948092589466644
1.2865631537460334
1.2905538516631985
1.313848206693569
1.3153243208437018
1.3406283383596465
1.363429698999388
1.3895470468999167
1.3932113458032245
1.4016340766859299
1.3870866851791381
1.3592579493289298
1.3233040905194708
1.2597118235133995
1.2068002781879879
1.1573822664634208
1.0806868148091144
1.0247449459235818
0.972532845799043
0.9142128940661022
0.874304463095704
0.8332276327298411
0.7971757038098496
0.7702024642894296
0.7518935271286186
0.7317394523436308
0.7267344332028974
0.7186229386779789
0.7197708486634731
0.7233973859633285
0.7264036902874148
0.7412939343568852
0.7540067807953386
0.77634581351269
0.7913256852895191
0.8130939734952796
0.8378919969778258
0.8639905379556857
0.9004588979850991
0.9305947945672951
0.9503317501762027
0.9867406432740419
1.0118852703455483
1.0363752728102362
1.065625166276213
1.0842087831130642
1.102394019130725
1.1184395231295934
1.1320458422170054
1.1477195579858464
1.1520382553040394
1.1554146407346402
1.1554740301993152
1.1557496934054055
1.1466960824255066
1.1386754209347625
1.1311943921736345
1.1201073758382247
1.1087366423989446
1.0997437149308034
1.0987563173716917
1.0828546878016945
1.0732801781846983
1.0677716949831761
1.0616644932569648
1.0502731394098792
1.0479828445867483
1.0341765148175628
1.032208805281097
1.017557412305651
1.0119778885385762
0.9997482719579238
0.9885913627898663
0.975619692435916
0.973190885757068
0.9672158345833748
0.9501556273460754
0.9389959236197508
0.9338862717940031
0.9278892615206578
0.9215755987424074
0.9144202638504139
0.9106389968251934
0.9124890191022148
0.9069004822753605
0.9078365320878583
0.9025505497382762
0.8932938875934991
0.8864738209833937
0.8806486885650001
0.8779929680736939
0.8680979398482667
0.8655838225508764
0.8559570005604541
0.8490578632098346
0.8408478201756328
0.8300715549453779
0.8197229818574685
0.8106673691788842
0.795581313327425
0.7872094079284979
0.7707661510636642
0.7591632201803155
0.744952500001793
0.7321801862570695
0.717051439916529
0.7019600085838958
0.6851544863878218
0.6660818780656356
0.6529824362994833
0.6390918461679949
0.6220043852376085
0.605695224912393
0.5880345655499796
0.5737300777615283
0.5611716209817054
0.5409656238329721
0.5246588085885912
0.5104138284770035
0.5005592164001527
0.4827848046999152
0.47097581882724504
0.45685456486212617
0.4435270094285189
0.4332774322989531
0.42280638615297544
0.40810363618921064
0.39975566822497105
0.38765957561068537
0.37794368775051473
0.364722633285838
0.3568596733860744
0.3485262072550624
0.3372108648626344
0.3257672134861542
0.3174541193350594
0.3082580116536988
0.29648750648486
0.2900554269676816
0.28081968730810114
0.27121709746009975
0.2617747283199634
0.25229954105572805
0.24485208092725208
0.2356852350328942
0.22713724899535573
0.21822910673277668
0.21272381579955857
0.20215805643732956
0.19309699708375377
0.18550984084289612
0.1770292871691269
0.16911522702606252
0.16064329656467402
0.15102337333025767
0.14127951196449587
0.13318605652302035
0.12393502025841686
0.11748880485862288
0.1095493650566685
0.1032456227779075
0.09742129656425695
0.0920791084420785
0.08610552436847019
0.08073590280605177
0.07545113464787613
0.06951085722355699
0.0649861829173029
0.059605318830446855
0.055747005151701584
0.05047106949230869
0.04734570246471897
0.04279630722640389
0.039532190548405
0.03637617096767749
0.033449113688040155
0.030838895092191433
0.028121687673033437
0.02625516637275279
0.023568210317795754
0.021584169006573575
0.01972071137729819
0.018185450158982503
0.01692955630872534
0.015542106176424526
0.014167678008316455
0.013030527699316402
0.012008562769373458
0.01105468564196284
0.009916863025228597
0.008940462340128187
0.007971245561110278
0.007085107626970601
0.006661824744955327
0.005649461602584993
0.004950840701654862
0.004620595252466727
0.0037836690876829455
0.0031726163934295234
0.002677415032780355
0.0022074787159305676
0.001833626298343214
0.0014284581543559697
0.0011172297165616977
0.0008301874732213084
0.0006203725358377604
0.000440952466796335
0.0003167410765442808
0.00018837216915787008
8.680067374266892e-05
4.215108141657543e-05
9.515712599649371e-06
9.452274751392507e-06
Gbb RDFs at 200,000 MC steps
0.0
0.0
0.0
0.0
0.0
0.0
0.0
0.0
0.0
0.0
0.0
0.0
0.0
0.0
0.0
0.0
0.0
0.0
0.0
0.0
0.0
0.0
0.0
0.0
0.0
0.0
0.0
0.0
0.0
0.0
0.0
0.0
0.0
0.0
0.0
0.0
0.0
0.0
0.0
0.0
0.0
0.0
7.040828348056305e-05
0.0006048762363273809
0.004238647402786956
0.01824474625500046
0.059698724449497274
0.13172769905146953
0.23491598570882652
0.35320318760343755
0.46053390123554
0.5472595724031303
0.6118799051602989
0.6606234673666769
0.6752244460349086
0.691450281308308
0.6965530816915106
0.7003472207192847
0.6938149658461543
0.6880050591889457
0.7040172930996167
0.7011141641901472
0.7132392941876369
0.7190863179335805
0.7505513316099766
0.7784699931726933
0.8046701454216606
0.8258891755288971
0.8771113490112157
0.9161127136688753
0.967788879886544
1.0238235053202127
1.0590713583726328
1.1109626432873239
1.1595903643562764
1.1986203784899754
1.242745840925469
1.2707848619897324
1.3150595447836888
1.3193711472271956
1.339647664381809
1.3441010251332386
1.3429570580375612
1.3306469842868602
1.3260921426439651
1.3160614930208863
1.3059165753534718
1.2915368539585634
1.2798893671927518
1.2846634491366615
1.300654444367062
1.301637583500419
1.325521620185138
1.3531541746357434
1.3801097176163992
1.3842541637469508
1.3996901953045675
1.385441125164892
1.3584758224020232
1.3250383161652222
1.2671703342500964
1.2139438353053886
1.169031463914472
1.094015533525798
1.0387980762433302
0.982839554922442
0.9280272281372574
0.8854968456415014
0.8451473468984632
0.8051521279045992
0.7810627092825658
0.7578268365943954
0.7376213437923225
0.728244925626416
0.7202365064455788
0.7207559828958024
0.722753938487947
0.7288908694034948
0.740614662473922
0.7541433396560585
0.7740860407354181
0.7915755268267028
0.8143172192165856
0.8356044820054492
0.8634818255781618
0.896076971882943
0.9264567218797077
0.947233658656595
0.9814646555395382
1.009531801876117
1.0352974058840168
1.062452816424921
1.0829144937862296
1.1016328418549102
1.1169772166023195
1.1301640249668488
1.1435080311560024
1.1476478382664874
1.1510652937270318
1.153737795447824
1.1506642641825904
1.1480067011245378
1.1402057078394325
1.129563895113566
1.1209702588141084
1.1084322622747482
1.1015411981921492
1.0999663756697127
1.0824394474016001
1.0717058528443337
1.0651757094882006
1.057848532736939
1.04552999391428
1.0414085275184801
1.0298945891403866
1.0242386359916764
1.0126607158379828
1.0048821898105262
0.9936851313259278
0.9832639023062284
0.9712273368290807
0.9674728114819249
0.9610493648513498
0.9479497027642747
0.9356558621735083
0.9287709313314766
0.9243185274959324
0.9185369426111621
0.9125628028953932
0.9099941728592914
0.9090371950986493
0.9070979478921305
0.9092840191512737
0.9035349629038802
0.8952388210771287
0.8882865411088416
0.8831322372948284
0.8793654375875652
0.87007509900672
0.8644496539106036
0.8541561363593417
0.85025597053036
0.8421359335409232
0.8319097011080517
0.8212124724808946
0.8136389587256061
0.7984431166127754
0.7891496363794598
0.7742953394399471
0.7620897805581736
0.7473671262508109
0.7356563104377591
0.7221572521626064
0.7076846008316606
0.6928218012824994
0.6745383422801264
0.6604110255384823
0.6467268911307011
0.6301598302349812
0.6135145435829178
0.5954133125194732
0.5809637243174709
0.5658641789168056
0.5474486859847502
0.5320872613970113
0.518290163713312
0.5072370375875301
0.4909284973809416
0.477828450678535
0.46346614051052293
0.45033615073336986
0.43806150963883045
0.4268648993587205
0.41301241237837805
0.40323853464706666
0.3891694491532039
0.3791493175504808
0.36533380815070116
0.356485839338201
0.3472741173966328
0.3361270537620908
0.3233339740317681
0.3144329976866436
0.30552271191370683
0.29402549705611664
0.286698975557077
0.2767804954969651
0.267442684912545
0.25740726928213176
0.24826062350000283
0.2409837780688675
0.23181072747042905
0.22323325890648577
0.21363925403687134
0.2074938375209095
0.19766341295739434
0.18818930582393173
0.1807929539373181
0.1720224554529699
0.16406364684634422
0.1562265880514302
0.14675583345490661
0.13733617742125698
0.129226424680891
0.12057007283717344
0.11368134939679685
0.10680811922625853
0.10040329536512285
0.09436975850277964
0.08937138008898028
0.084188194878484
0.07949262620215647
0.07412060623178758
0.06854176367275025
0.06423413710943104
0.05925139114411162
0.05508847448378999
0.050852127985055284
0.04744467241680794
0.04320991672695917
0.04020251356449916
0.03706865482770366
0.0340403548272067
0.031828025725939554
0.028775525394960755
0.02694438253234539
0.02448087857774687
0.022289777957134323
0.020499284309775014
0.018852024304622447
0.017383212797080303
0.015926863023376422
0.01446397978484435
0.013249856779850305
0.012080015518235452
0.011092666574847513
0.009903000266582281
0.009019186854576358
0.008016611261986042
0.007081851603244971
0.006651587388909215
0.005726499715347515
0.005008742164796533
0.0046411663957140106
0.003967510152159234
0.003284438118771711
0.002867994922266456
0.002503416266834828
0.002018516950092821
0.001673784714151524
0.0012945597929763916
0.0009668890162877979
0.000726906158206066
0.0005108355586323612
0.0003563337111123159
0.0002213858482886308
0.00011718090955260303
4.167209185502343e-05
1.1418855119579245e-05
7.08920606354438e-06
Gaa RDFs at 200,000 MC steps
0.0
0.0
0.0
0.0
0.0
0.0
0.0
0.0
0.0
0.0
0.0
0.0
0.0
0.0
0.0
0.0
0.0
0.0
0.0
0.0
0.0
0.0
0.0
0.0
0.0
0.0
0.0
0.0
0.0
0.0
0.0
0.0
0.0
0.0
0.0
0.0
0.0
0.0
0.0
0.0
0.0
0.0
0.0
0.0
0.0
0.0
0.0
0.0
0.0
0.0
0.00022530985901357653
0.003982710100044376
0.035420059746956487
0.1746558053531253
0.5410836618204586
1.187781897529612
2.028336635625712
2.8372305669357054
3.441338802073604
3.7356034683453916
3.7539615818149077
3.5441986537101955
3.2263527553577234
2.8528045073080115
2.4756917099916063
2.1272854030470842
1.8229415280163153
1.5611230087859573
1.3393584879978364
1.1573805883768598
1.0077921197576205
0.8869360050052258
0.7846832520808842
0.7060314568522239
0.6401962517303775
0.588864021569079
0.5468632223008326
0.512744986887984
0.4899126212658938
0.4725007132118009
0.4599503520675891
0.45469100321577827
0.4541435205866649
0.45946949007842
0.469487530094497
0.48613788460823987
0.5071225493489968
0.5326172007031574
0.5657086590853359
0.6051009892680738
0.6498384323836316
0.699991699974547
0.7545535368033283
0.8118332509064318
0.8679892906651219
0.92209965047761
0.9718777800374279
1.0170604280197713
1.0591382176150432
1.0976832911103143
1.131547085043795
1.1628521285644486
1.1906252953338723
1.2142188070821671
1.2306695511445902
1.2445232342466908
1.250279515960036
1.2488939420335377
1.2486900994492174
1.245218923456573
1.2420093234428622
1.2410661548143516
1.2445108178209594
1.2486678541516116
1.2556845767056704
1.2635490120914332
1.2686652177068467
1.2695873947625733
1.2631435731690759
1.2466391421502088
1.2237696667425189
1.1921045794576044
1.1554076608167565
1.1123540811426202
1.068689258286658
1.0239009634028498
0.9802151052659513
0.9401599345251926
0.9032711737193687
0.8694850727012341
0.8414055201797132
0.8167965490881984
0.799087257897468
0.7849118641940148
0.7777676523903659
0.7746849953734104
0.7748875784826423
0.779848940867388
0.7897813425711195
0.8030597686664535
0.8184362771469801
0.8375814409271032
0.8584308574563427
0.8804878450765693
0.9072747271854845
0.9316918540787509
0.9574234037321455
0.9847183329661577
1.0098094638503754
1.034707590853514
1.0561150773904187
1.0785937379504418
1.096930060648939
1.1123210015581029
1.1253930259730285
1.137269294705646
1.1450182158451025
1.1511639985296154
1.1524901064111337
1.1533556176305495
1.149768688366426
1.144762556356521
1.1370283071814813
1.1272640250266763
1.1168574249277257
1.1043693719189125
1.0926092417190154
1.0788123713116102
1.0669057812751124
1.0550713651627972
1.04215989031761
1.0319998254340215
1.0156921479978023
0.9890146993896282
0.9647006670228184
0.939493422876444
0.9172049262354481
0.8945291921537418
0.8717731818815573
0.850661714602509
0.8291196082572496
0.80833311218894
0.7885706069113235
0.7686686412686079
0.7493927595348159
0.7321161346443403
0.7159360876954212
0.7001531296895283
0.6859952908755902
0.673549133861691
0.6610375584003313
0.6512818280799436
0.641367822289331
0.63275909243914
0.6253837573802612
0.6186575873980557
0.611660903847171
0.6045956567753074
0.5998226756203429
0.5934105596657304
0.5875191449028504
0.5808008849828139
0.5741660010349248
0.5661146544299472
0.5578229059260746
0.5483397226192401
0.5390505433671885
0.5281316958873349
0.5172416640459742
0.5056997916152285
0.4928561952578769
0.48024094148013863
0.4672845229863994
0.45394946809841213
0.4405344206216867
0.4263958514434263
0.4132292774738697
0.3986000368640586
0.3849716827389139
0.3709965497224079
0.3565110484933081
0.34246507018634575
0.3293530475604582
0.3163249914933625
0.3033396174612772
0.2908299851057919
0.27949174830191215
0.26793831097499854
0.2565277305082709
0.2457866399633536
0.23531507313056754
0.22563278541767753
0.21579537337518842
0.2063372883454202
0.19777324697890766
0.18860193062633648
0.1801844622363395
0.17202695116862882
0.16415475659202497
0.15626395147531535
0.1480626797365235
0.14033347175606195
0.1323906184327228
0.1251399789046157
0.117696489729056
0.1110046065853362
0.10527506480893574
0.09995350434440263
0.09465767992150557
0.0897846605478878
0.08469751713610954
0.07997985749394511
0.07541450137867937
0.07095554283273672
0.06651826192602749
0.062442231652247236
0.058352963344529565
0.05466116933572664
0.05096068111764852
0.04749796576390513
0.04418088838945305
0.04114454876057419
0.03831680386324772
0.03541700957270705
0.0329932899517285
0.030552193719164296
0.028324954415048363
0.02611195283472492
0.024070829907547754
0.022202067259390366
0.020296759354729035
0.01867269836773847
0.017207147017707057
0.01565021092996793
0.01433045248799171
0.013100759338888332
0.011762941731907
0.010703769176693322
0.009603864530071067
0.008681723828201336
0.0076783247418336885
0.006863766567640353
0.006028671042234651
0.00524277446438586
0.004566078681252042
0.003955018725301476
0.0033597480554270597
0.0028145509234253035
0.002335264457964631
0.0018947361076979425
0.0015078708831106206
0.0011593313841653113
0.0008582962443136908
0.0006099425367792021
0.0004084094487862753
0.00023870245123889822
0.00012320346147485316
4.971549201127246e-05
6.802302340225975e-06
7.107964414865407e-06
Gab RDFs at 200,000 MC steps
0.0
0.0
0.0
0.0
0.0
0.0
0.0
0.0
0.0
0.0
0.0
0.0
0.0
0.0
0.0
0.0
0.0
0.0
0.0
0.0
0.0
0.0
0.0
0.0
0.0
0.0
0.0
0.0
0.0
0.0
0.0
0.0
0.0
0.0
0.0
0.0
0.0
0.0
0.0
0.0
0.0
6.877273120327601e-05
0.0018167142037830352
0.017284604267807195
0.08380609128456229
0.23184837141147327
0.43926451948999073
0.6332591244242303
0.7550707877948045
0.7848512485021469
0.7495452621828872
0.6708385638932733
0.5795781125702255
0.4909251587630466
0.4101449648652107
0.3428408305253598
0.286764618233112
0.24115064579312798
0.20459444508268188
0.1757110229467837
0.15300695972376543
0.1346924092579214
0.1198715061505239
0.10862854430576638
0.09914244577911639
0.09195567845519866
0.08589515212895694
0.08195514372399336
0.07841172877623143
0.07654439455363456
0.07440731575461385
0.07378287422080418
0.0733487093096487
0.07404484923251987
0.07583663691850678
0.07737308020494915
0.08007153832452993
0.08300251438590307
0.08762796561099251
0.09248613959098287
0.09769052615883095
0.10411275860536962
0.11148697894133842
0.12031225473819689
0.12898056541655542
0.1388544633454104
0.14786143872431803
0.15829331198534025
0.16792026174310096
0.1774501921322843
0.18541881526899445
0.19367511970638124
0.20039404521013893
0.20522278392294552
0.20929147594101596
0.21231887484343687
0.21451246446556088
0.21526382998495627
0.21624055678806753
0.21698816820708175
0.21880676478875957
0.2203324065872639
0.2225588927093594
0.22542106283888003
0.22837182164585357
0.23138719766021004
0.23197535278482534
0.23151257871848444
0.2288039716541539
0.22487975811402544
0.2187096869958774
0.21122255571940662
0.2028617479060096
0.19355364851427795
0.18463486237946122
0.17610437251686054
0.1676026720482973
0.16017556706043118
0.15322000606177436
0.14724563292556922
0.1424447195356501
0.13818646114385771
0.13470158358009063
0.13187597516851934
0.13038498614348623
0.129743115729072
0.12930720699725476
0.13019209549475308
0.13143689888818627
0.1331054328713895
0.13532849531096672
0.13878458912251365
0.14202012332401925
0.1455783704428084
0.1498443644824138
0.15385246767897517
0.15807696552831668
0.16258890847685128
0.16708603002406172
0.17119019770632352
0.1753470205595484
0.17896817922848984
0.18281599371557028
0.1860402863278676
0.18896847212838008
0.191790339587646
0.19364004933691786
0.19512009803888639
0.19625255859569535
0.1970759900259561
0.19692990729929147
0.19639024813884767
0.19578421245294308
0.19458770933454306
0.1932497080760762
0.19199070642381638
0.1900622506853023
0.1880442897585957
0.1864590876316329
0.18483174932030635
0.18288884855238807
0.18133510941020836
0.1797240891903561
0.1780214755242909
0.17607059009994874
0.1742111124800279
0.17235967903262728
0.17061119980062112
0.16861244658637792
0.1667378606963669
0.16499016547099327
0.16318189595700328
0.16044283819072597
0.15612381699119177
0.1523027456177335
0.14875520915889448
0.14568836366948149
0.1426548465041452
0.14006406155446982
0.1377512575302415
0.13563225778462326
0.13371956311481176
0.13211938258447006
0.13056275497493436
0.12916361661141312
0.1279385163724634
0.1268927148931795
0.12566746648718874
0.12459404644196033
0.12375564952528352
0.1225323392962661
0.12123651929432865
0.1201194581229236
0.11873459572741465
0.1172534497251789
0.11569425796389048
0.11377684499542261
0.11203185328248302
0.11026266543533375
0.10827256300130447
0.10612599478097919
0.10381238754007627
0.10142049830020226
0.09906945478385049
0.09676567865660192
0.09407184624686961
0.09161599467043473
0.08907438995209992
0.08642060411583943
0.08396069645577493
0.08131162256487731
0.07871708188754332
0.07600830996980389
0.07348904667805806
0.0708746233780014
0.06836162072083236
0.06601189449817188
0.06368361291712765
0.06128152844989454
0.05931382847317111
0.05710381892235816
0.05496539502065666
0.053025501580901344
0.05113588643210001
0.04935392705873772
0.04752462592963005
0.04587597277152041
0.044284262524027215
0.04275097690489572
0.0412108332108731
0.03996920724678968
0.038439580282489866
0.03712551999018537
0.03568734982796817
0.034416284544729885
0.03313149777402124
0.0317362020647949
0.030400312469258863
0.029043970321512996
0.027815709426153745
0.026447189317238263
0.025046099868563012
0.023717072029507846
0.022345286501969815
0.021059229624157128
0.019880530684220035
0.01879368332490941
0.017688295244663636
0.016727175939415098
0.01575318915992565
0.01484923251250769
0.014028797343757572
0.013145540316291903
0.012301686908892443
0.01151135440646589
0.01074965408274578
0.01004651376431778
0.0093314175618697
0.008733743128305108
0.00805056183760885
0.0074588379522247525
0.006937286316217535
0.006420989207289597
0.0059265830391085845
0.005502062085298566
0.005066074687653116
0.004707230868884659
0.004344083140888397
0.0039926648441119695
0.00367583675449833
0.0033839951408800068
0.003121873622074693
0.0028574109997628683
0.0026454902906405133
0.0024156045032612283
0.00220295507523926
0.0020165882892006015
0.0018190721144143859
0.001640856722644926
0.001483266703316924
0.0013125157727130606
0.0011835911075725972
0.001055410103792914
0.0009147698197630415
0.000794835709828795
0.0006786372439218821
0.0005806340624050242
0.0004946582479618827
0.00040410128752218827
0.00033492117637566566
0.00027156308485083697
0.00020966697098544467
0.0001627058530902737
0.0001176288323032018
8.014307923556494e-05
4.818639046417842e-05
2.5385488544851514e-05
8.881561037164223e-06
1.2991526419465145e-06
1.2304687887734963e-06
