Cumulative Canonical Ensemble Energies at T*=2
-6.477191511708043
-6.05109267683326
-5.7799312848572955
-5.608199094206413
-5.4725903636302675
-5.382105815021212
-5.315389334138369
-5.280073180708696
-5.237812629360216
-5.1978626789622595
-5.172396657987497
-5.145788696813619
-5.123483023090016
-5.107423019695896
-5.086863443227565
-5.062479643394641
-5.048899121444956
-5.030269658206695
-5.006689371680454
-4.997855963484084
-4.983115969182335
-4.968942551972372
-4.949983319253792
-4.947299144156543
-4.9352235785078
-4.929437176922063
-4.920099621742501
-4.915438077107757
-4.903835859521883
-4.894735226858223
-4.882336505166259
-4.873920568140595
-4.868940263966846
-4.866141460740289
-4.856750415333435
-4.849456178024154
-4.844105281997634
-4.835381181733047
-4.831120516208057
-4.826557750912762
-4.8209806198748915
-4.813702218688748
-4.808858646351694
-4.809104142082277
-4.809658421120514
-4.804230476046143
-4.802267306490872
-4.7995927341781
-4.797165064393238
-4.791922172850133
-4.790888445622674
-4.790673741938421
-4.789660717276031
-4.790680176311802
-4.79130387309579
-4.790857590329926
-4.789751328801327
-4.786793642079515
-4.786415751517556
-4.786267712587098
-4.7853451559891855
-4.783474977208553
-4.783261815767902
-4.781480000677205
-4.780602722028852
-4.778496620558124
-4.776795158560836
-4.776684845747175
-4.774215038090733
-4.772594979093057
-4.7732000515372635
-4.77336536761125
-4.773749237580192
-4.770941654423727
-4.768516976028999
-4.765724076911461
-4.766151817406024
-4.765882033500305
-4.762885734026338
-4.759925555331433
-4.757068961991189
-4.751002225679579
-4.74971716405603
-4.748639737885245
-4.747669598716015
-4.747586581902104
-4.745697654386681
-4.744690440847237
-4.74133586561404
-4.739652491295329
-4.736014953199052
-4.735887666881171
-4.735164841151619
-4.733025478618943
-4.730559723567873
-4.728103161578736
-4.7271915360290135
-4.724901426792717
-4.725867710704906
-4.725173127337542
-4.725137971371757
-4.723746346592032
-4.723381914445133
-4.721056343107204
-4.716886752615455
-4.71412507803174
-4.713452049678126
-4.713960548579113
-4.714201922619878
-4.714130223761053
-4.712828076985158
-4.7109945946493585
-4.709972599595169
-4.709290369886765
-4.70990078766246
-4.709830275436815
-4.709966580620969
-4.709023293241634
-4.708390407881307
-4.707887942418036
-4.708113035768814
-4.70724377209617
-4.705996882216537
-4.704653901250434
-4.705518421786909
-4.703916466026089
-4.7016485953951985
-4.701972266912026
-4.701829759009771
-4.702648291369841
-4.7036285691765904
-4.702669195941733
-4.701866277068344
-4.700441735887069
-4.699794816340117
-4.700274261210003
-4.700445561860063
-4.700572308512556
-4.70043957819288
-4.700446110009331
-4.700198459822232
-4.699584037283093
-4.700003572965826
-4.6995452382999625
-4.698592717973935
-4.698136817162027
-4.697800156675115
-4.698286702613994
-4.698664969820103
-4.699050935717192
-4.698891175210538
-4.699373088759157
-4.6993315734275685
-4.699581087344039
-4.698124897188954
-4.698678244958252
-4.699912420892642
-4.700490453120288
-4.7014298401080685
-4.700681531585777
-4.699629011968879
-4.699535263622939
-4.6997363747311605
-4.699837465831528
-4.6989469518152225
-4.698614149848017
-4.698665013899223
-4.698978982449192
-4.699624402577135
-4.699902175778055
-4.700391694326507
-4.700809521697535
-4.701117151885503
-4.700011046362483
-4.699762609471195
-4.6993636386305875
-4.698105826896632
-4.696728864640209
-4.694789372439192
-4.693830339795478
-4.692915836270733
-4.691828368536435
-4.689681168812634
-4.688773844037516
-4.687463274571497
-4.686659951140153
-4.685369367580031
-4.685236730513367
-4.684427517499808
-4.683802929424075
-4.683147449122752
-4.6828992371438085
-4.682835164008321
-4.682070012971369
-4.681166866447739
-4.6807269348013145
-4.680375374085594
-4.680452304417577
-4.679342413178946
-4.679863870044529
-4.679182931357976
-4.679240963105945
-4.679243911755336
-4.678911794301254
-4.678415949280692
-4.67809934154419
-4.677584608676207
-4.677093608701151
-4.676517539272054
-4.676150857176826
-4.676018140214106
-4.675937188273173
-4.675880568533542
-4.674992506115282
-4.675307647639574
-4.674932748832392
-4.674545367535376
-4.6738546338286975
-4.673454885087734
-4.672860145863109
-4.672170416712634
-4.671430408869534
-4.672426779867084
-4.673107004377151
-4.673032747910812
-4.672578194334589
-4.672403657669533
-4.671526125244528
-4.67063315849853
-4.66959928066705
-4.669665188965282
-4.6694874037575405
-4.670120892254262
-4.6703362640603725
-4.670099725913685
-4.669727526923269
-4.668882270913822
-4.668793063735538
-4.668747592872936
-4.668968521876492
-4.669928667559946
-4.670724591579037
-4.670938455018098
-4.671027187634005
-4.670940391914105
-4.671096150641611
-4.671225102590785
-4.671387205224068
-4.6715370424490725
-4.67164872150338
-4.6713726392387125
-4.670991541940423
-4.671058321968122
-4.670903734132635
-4.671638324089581
-4.672051765589869
-4.672081916893803
-4.671931011046824
-4.672035897213953
-4.671592857767873
-4.670874179528103
-4.671630709073899
-4.671753501185132
-4.6719562348154815
-4.672335382527136
-4.672646203492737
-4.67331207387123
-4.673711679902955
-4.674323644158135
-4.674173443522232
-4.674342009182656
-4.674977828892553
-4.674926869225639
-4.674845843667431
-4.675590391718407
-4.676656829157527
-4.676929077560689
-4.677337751365839
-4.677313832415374
-4.677432561073678
-4.677829528572156
-4.678310092373025
-4.678090778840937
-4.677875312895642
-4.677512118880804
-4.6771211169325735
-4.677036473327722
-4.6772704496809006
-4.677046540409803
-4.6771287047062176
-4.677726207133192
-4.678497112443383
-4.678816947286352
-4.679634889703436
-4.6803378474359665
-4.681155696521498
-4.681929786567368
-4.682119046880352
-4.6824084812948765
-4.682286813911263
-4.68239190716895
-4.682726243931346
-4.682829185501435
-4.682728145796037
-4.68284953137392
-4.68362415271782
-4.683838020491681
-4.683438024431951
-4.683518878020711
-4.683491006436198
-4.683384722951043
-4.683099404450797
-4.682976488642206
-4.682474955297681
-4.6814647594503755
-4.680515754839015
-4.679735603671967
-4.679220661894169
-4.6790744064443235
-4.679138802188488
-4.679228372342144
-4.679241471659725
-4.679313262566016
-4.679536146252762
-4.679127289049402
-4.6786777001946716
-4.678942345638569
-4.678728815286616
-4.678157753833362
-4.6780503189126215
-4.677613373301648
-4.6776199480679965
-4.677452050480475
-4.677205777949421
-4.677274551528268
-4.677727983851982
-4.677685381671591
-4.677777579032869
-4.677781664916421
-4.678165200496782
-4.678211011172791
-4.678146211261585
-4.678154084028526
-4.678235269639774
-4.678075349552308
-4.678005654987969
-4.678137161850523
-4.678146601734745
-4.677844192724007
-4.677822406916498
-4.677851717208699
-4.677731038330966
-4.6776538097215825
-4.677490028011541
-4.677119348866454
-4.677085807424296
-4.676846561073552
-4.676211877181494
-4.676042681257507
-4.675628072142466
-4.675410897144323
-4.675448438498625
-4.675407206868782
-4.674878597954488
-4.674781055357359
-4.674752980019234
-4.674918962436607
-4.674882531626314
-4.674947093430738
-4.675072599421952
-4.67573625852684
-4.6763902482943385
-4.676500173694281
-4.676295560018892
-4.676142738724395
-4.676083678612896
-4.676709533753171
-4.6772205839997225
-4.676949994923972
-4.677088324310971
-4.677079445280814
-4.676869872412748
-4.677048582840807
-4.676873065614897
-4.677171875527008
-4.677531672676059
-4.677494769036536
-4.677529286839488
-4.6776775336300185
-4.6779056670966375
-4.677836277713644
-4.677965067725034
-4.67797029831283
-4.677814852513147
-4.677805257354921
-4.677657341827139
-4.6770633633050815
-4.6765765992968715
-4.676177360905258
-4.675836357745713
-4.67580680227213
-4.675426302141325
-4.674696542294939
-4.674244953865824
-4.673884114477284
-4.673416641640638
-4.673286436270383
-4.672914088266464
-4.672211179310209
-4.672127755175155
-4.672069990598219
-4.671901624841767
-4.671487523491947
-4.671049507157473
-4.670406512412831
-4.670112718724807
-4.669990904151038
-4.670185843499568
-4.669787086582597
-4.669767662403162
-4.6699303251134285
-4.669828479559678
-4.669753329196566
-4.669542052938874
-4.669424097761748
-4.669750394935448
-4.669821884198984
-4.670082982566881
-4.669956088765391
-4.670142636002732
-4.67056140130959
-4.670915957969407
-4.670834512253448
-4.671102359231964
-4.671444188980527
-4.671674729060686
-4.671940072930344
-4.6724363384250225
-4.672714505448211
-4.672935216709464
-4.672815043109296
-4.672793392973451
-4.672820816449154
-4.673051505351527
-4.673085602628719
-4.673437937921492
-4.673381971694491
-4.67261882112276
-4.67225511944809
-4.672179380713587
-4.672543513183881
-4.672784348223299
-4.67231622275316
-4.672111263320748
-4.6715675153466005
-4.670968531901022
-4.670744695159878
-4.6706776689497795
-4.67044179276329
-4.670504962580638
-4.670309245128572
-4.6703317816240775
-4.670197946096041
-4.670073594073725
-4.669797228440764
-4.669808617128002
-4.669454476997641
-4.669223948936658
-4.668949703020558
-4.668856423600512
-4.668143829663079
-4.668082024747433
-4.667952874461064
-4.6679811609706965
-4.668096303683899
-4.6682520780269385
-4.668164716164923
-4.668000423669046
-4.667938772745763
-4.668068439449013
-4.668141827004959
-4.668287231719987
-4.668399818131675
-4.668435828698292
-4.668483840733049
-4.668546261277874
-4.6686452915445065
-4.668631759849482
-4.668390852734503
-4.668299674492966
-4.668744040394841
-4.668884371504481
-4.669029262517626
-4.668788308323497
-4.668925650764704
-4.669094665866061
-4.669069800266971
-4.66903613533198
-4.668988608266277
-4.6689697667338885
-4.668415134045366
-4.668203837571618
-4.667980364856685
-4.668067932156832
-4.668161900148679
-4.66826904271684
-4.668628088251399
-4.6686798925820145
-4.668813022728119
-4.668766774472155
-4.6688085514395
-4.6685186245197245
-4.668571415325845
-4.6684251863353685
-4.668673609344868
-4.668689181375884
-4.668255738702945
-4.6678621332543395
-4.667402477961097
-4.667298448298302
-4.667034539991727
-4.666408430996216
-4.665926385265268
-4.6659794643900145
-4.66594715241397
-4.666494283521972
-4.666880697701816
-4.667117726355118
-4.667293698653883
-4.667436680463983
-4.667745275601441
-4.667787792298644
-4.668242823998559
-4.668496235007634
-4.6685387198083745
-4.668706869319415
-4.668892478128398
-4.6694600842945295
-4.669725818840487
-4.6696915256161855
-4.66991365951417
-4.669876875422378
-4.669650602679385
-4.66959006328616
-4.669720848705074
-4.66963098996593
-4.669805746306436
-4.669886474628836
-4.669917421998311
-4.669561727645478
-4.669270119213442
-4.668971126680588
-4.668986827678996
-4.66896585080193
-4.66856007063176
-4.667900111430314
-4.6675549009469774
-4.667079023444125
-4.666610970691973
-4.666417365321995
-4.666178757756676
-4.66615574059613
-4.666029106052589
-4.66589518956824
-4.665817094135675
-4.66539316489588
-4.664786625868761
-4.6643716661304575
-4.6642443820959025
-4.664078418660788
-4.663755120807343
-4.663124783745929
-4.662629833680029
-4.662156860939275
-4.661956874231864
-4.661996326323534
-4.662075365657372
-4.662238421646749
-4.662225965240346
-4.662090861515045
-4.6619479764953775
-4.661818334034322
-4.6619329230411175
-4.662026353952111
-4.662041020320909
-4.662055021749585
-4.662318999454289
-4.6622312991944845
-4.662103494535053
-4.6620314004305845
-4.662166911313989
-4.662127472894308
-4.662233592573642
-4.662302131665026
-4.662172869299571
-4.66262166537989
-4.662819670860936
-4.663124695620847
-4.663307139691326
-4.663451255961431
-4.663891689782283
-4.6642984545387645
-4.664910840948563
-4.665417379571255
-4.665661709932667
-4.666020654471321
-4.666365246512002
-4.6664961530742115
-4.666904524730634
-4.667493080830375
-4.667728874804495
-4.668065495217976
-4.668158638156302
-4.667885594305863
-4.667808282931336
-4.667923790101967
-4.667910725878757
-4.667969900916042
-4.668100829571469
-4.668210310537372
-4.668313251272483
-4.668222511749145
-4.668293059791973
-4.668282927170655
-4.668425132606172
-4.668510682238722
-4.668385913961932
-4.668279894606343
-4.668122507373859
-4.668084040327662
-4.668224983547264
-4.668364527849335
-4.6683687632323885
-4.668340378176427
-4.66840309389833
-4.668515509829738
-4.668230648680743
-4.668055635051317
-4.668140136493391
-4.668083085199743
-4.667970337606487
-4.667967101540199
-4.667935803870681
-4.668050910673988
-4.668042616160488
-4.668217203004301
-4.668229408000708
-4.6682350891176805
-4.66826200487041
-4.6683070230186
-4.668394705678832
-4.668531612410236
-4.6686300752712455
-4.668652833450925
-4.668542984626165
-4.668340852331163
-4.668274403530328
-4.668115849876168
-4.667945254366762
-4.667537904890434
-4.667091789746009
-4.666821063875946
-4.666404920135017
-4.666082289777961
-4.665720358631077
-4.665742777654296
-4.6659726499215
-4.6661662270276665
-4.666148684330442
-4.6663219099294055
-4.666247367538856
-4.666273136792768
-4.666041751332044
-4.666222876943938
-4.666270402041059
-4.666485797777617
-4.666775557278235
-4.6666921078383155
-4.666655495865405
-4.666725277448437
-4.666676740713787
-4.666598235991393
-4.666630252842846
-4.666584867978215
-4.6666099050838215
-4.6663581348129215
-4.666067452616801
-4.665982620661679
-4.666151631770498
-4.666310590185802
-4.666520662987589
-4.666462387786319
-4.666366958234895
-4.666250797237194
-4.666120620451027
-4.666022810352561
-4.6660128112426165
-4.666326697888519
-4.666399099486096
-4.666624341282851
-4.6669029602448004
-4.6670031115550294
-4.667060026752338
-4.667172009971051
-4.667400855460831
-4.667758895466935
-4.667769084926819
-4.668202930344484
-4.6683341125655105
-4.668357880677091
-4.66860622034114
-4.669193533316976
-4.669548068533272
-4.669767120597796
-4.669812816388076
-4.670000571057822
-4.669954070759178
-4.669648905731484
-4.669355931145095
-4.669080107740597
-4.669008431640368
-4.6688366989417265
-4.668645675731424
-4.668415149450784
-4.668305890876255
-4.668363107696428
-4.668400213750481
-4.668599509772678
-4.668655714981864
-4.6685852493531605
-4.668380503224139
-4.668158474953303
-4.667909607798136
-4.667578150713375
-4.667137225022279
-4.666778282417436
-4.666402040745122
-4.666141901548471
-4.665792192265974
-4.665505724100173
-4.665334650268615
-4.665224434896331
-4.665091677172704
-4.66504573557044
-4.664864791790416
-4.664586411317882
-4.664358301480361
-4.664245755601854
-4.663923256631381
-4.663696034787633
-4.663601439182382
-4.663326977321435
-4.663139768885369
-4.6628989953713855
-4.662672317762355
-4.662544058758188
-4.662175576934022
-4.661672872336642
-4.661269241125087
-4.660870695533762
-4.6608030630102215
-4.660745255646719
-4.660761902189225
-4.660682543346223
-4.660613529376433
-4.660755775220542
-4.660730354430719
-4.660924788202814
-4.661160720221902
-4.661098521826618
-4.6610909664812405
-4.660854823210304
-4.660939425412355
-4.660914618733635
-4.660963810148984
-4.6609989512100345
-4.660872281097076
-4.66056679200854
-4.660126471889532
-4.6598709091328505
-4.659562370837734
-4.6592953970580995
-4.659004194369396
-4.658951083127908
-4.659010508382416
-4.658982560356122
-4.658910952644891
-4.659069310964663
-4.659256019738656
-4.6595364360723845
-4.659696857487748
-4.659708305207363
-4.659766840989246
-4.659732437419755
-4.659872789849989
-4.660058085085496
-4.660253812889213
-4.660425596370712
-4.660652360888153
-4.660760745147785
-4.660888208087128
-4.660888938154418
-4.660862986253614
-4.660650273166331
-4.6606263236374295
-4.660660208364458
-4.660789764229081
-4.660716720280946
-4.6605454924223215
-4.660576825477309
-4.660927594602892
-4.661269163236441
-4.661528204022001
-4.661659065857268
-4.66180008940716
-4.661869491467455
-4.662099423255877
-4.662244942908718
-4.662504823656227
-4.662766561853132
-4.662927014722041
-4.66313565605928
-4.663457027842833
-4.663746196065859
-4.663902324783224
-4.664201757227151
-4.664268644409436
-4.664515377236422
-4.66464703214692
-4.664858345146479
-4.664926121739879
-4.6651456575710375
-4.66551236159139
-4.665774256610079
-4.6660345842563276
-4.666153645342803
-4.666193111253064
-4.66633426230355
-4.666556811893352
-4.666342205714608
-4.6662372897970785
-4.6662240951854645
-4.666523777008792
-4.666533940238024
-4.666600599924944
-4.666611817076613
-4.666539074920802
-4.666455765627113
-4.666345263636117
-4.666271673216951
-4.66662398082206
-4.666802283663378
-4.666756526016803
-4.66694060646016
-4.667167307661769
-4.6672980582638735
-4.667561954448922
-4.667753256226618
-4.668038609106987
-4.66815782369304
-4.668615886700177
-4.668755097120082
-4.668885042707554
-4.668946856973727
-4.6691242841495555
-4.669206900388642
-4.669157955194915
-4.669143286645508
-4.669209631220337
-4.669285055098385
-4.669437617632794
-4.669457931071587
-4.669694456918949
-4.6696786158557755
-4.669792553615206
-4.669728175667991
-4.66958701412122
-4.669639032230178
-4.669655507158483
-4.669628802911653
-4.66976882310162
-4.669823024540817
-4.669688627626121
-4.669750685690315
-4.6697488639405424
-4.66979324032386
-4.669779171747224
-4.66972823803242
-4.669750263166761
-4.6698857598171815
-4.670018862964319
-4.670061661416818
-4.67030899104249
-4.6704010636651825
-4.670298521448751
-4.670335583856176
-4.670358156970936
-4.670626288178091
-4.670754919036012
-4.67086058713571
-4.67082574923018
-4.671025388074673
-4.671098904156378
-4.671198069286306
-4.671167911136633
-4.671363255122583
-4.671563229005519
-4.671877371041387
-4.671955005777456
-4.671893353619323
-4.671723377610318
-4.671684570367167
-4.671765491813092
-4.671689669397664
-4.671375274824013
-4.67120258455485
-4.671149979267615
-4.671253680345786
-4.671226714314137
-4.671258752861254
-4.671299170095177
-4.671137865837656
-4.671088049026556
-4.67102604010994
-4.671041785049982
-4.670995303563582
-4.670952921728161
-4.671068372476236
-4.670940651516342
-4.6708016949828055
-4.670648512991891
-4.670471030097041
-4.670421958837264
-4.670419835073927
-4.670421785622663
-4.670431857797003
-4.670354860005075
-4.670343462385744
-4.670485589794405
-4.670444324903401
-4.670582577259141
-4.670556620698438
-4.670511394383256
-4.670552592657763
-4.670492912413085
-4.670489198291275
-4.670313760711284
-4.670111399081996
-4.670016840699987
-4.669966575649631
-4.669920091148458
-4.6698763959498235
-4.6696530532826435
-4.669473023872148
-4.66928336774861
-4.669122531259211
-4.669008662279333
-4.668985439683393
-4.668964437131989
-4.668838094639769
-4.668616990137807
-4.66852241700074
-4.668440591696545
-4.668395889837154
-4.6684229317901025
-4.668452196607423
-4.668493964327452
-4.668616337990774
-4.668614627941057
-4.668688604469309
-4.668752397883879
-4.668658915458769
-4.668571826629853
-4.668605516976598
-4.668300887469746
-4.667911342893378
-4.667825529015916
-4.667629911861061
-4.667454413548841
-4.6674167656440035
-4.667296900594988
-4.6672216768745685
-4.66708697794197
-4.666893450304296
-4.666791731991917
-4.666642969852232
-4.666414028488241
-4.666139427258828
-4.6658661546358955
-4.665747853377655
-4.665532693029343
-4.665458577021902
-4.665464590288342
-4.6655531553066485
-4.665465790281705
-4.665506704436987
-4.66563324479337
-4.665694481978952
-4.665487015085365
-4.665444326225982
-4.665552055782302
-4.665732576153557
-4.665789891903031
-4.665906866614323
-4.6661508859522645
-4.6662137476080945
-4.666275881531982
-4.666337294739292
-4.6663257074454965
-4.666103870324973
-4.6659913441163585
-4.665803277655861
-4.665636184152224
-4.665470149383397
-4.665401661606404
-4.665399518263335
-4.665392542971945
-4.665590016898424
-4.665507706089809
-4.665567464740354
-4.665627842432134
-4.665524505027053
-4.665538840014934
-4.665589600567964
-4.665495646923167
-4.665408387960031
-4.665396132958002
-4.665447936221496
-4.665262251533649
-4.665240203247539
-4.665146466072756
-4.6650568291747865
-4.665038727126434
-4.66495611324446
-4.66483643146113
-4.664741678366098
-4.664569727006146
-4.664541116775943
-4.664563363586101
-4.664510037085149
-4.664361564209196
-4.664341084003831
-4.664330831816489
-4.664309533530448
-4.664198150037757
-4.664103174913335
-4.664129397975686
-4.664022789308096
-4.6638437573819385
-4.66362389168058
-4.66353653524046
-4.663620613952434
-4.663678971409553
-4.663701382439621
-4.6637361806267785
-4.663546388636133
-4.6635697282421065
-4.663559381149073
-4.6634792206829045
-4.663443750127506
-4.663569664962366
-4.663527575251953
-4.663471671669039
-4.663547357785151
-4.66347457058044
-4.6634541084346575
-4.6635034427422815
-4.663571804217863
-4.663603661323078
-4.663727327648624
-4.663803145736628
-4.66385898694597
-4.663814258710571
-4.663690674665557
-4.663712726505824
-4.663504461160594
-4.66343526245183
-4.663181626933456
-4.66299226358416
-4.662948613282458
-4.662922443180389
-4.662682853800882
-4.662523976261824
-4.6624244157658525
-4.6621532103924705
-4.662049342676336
-4.661969997380037
-4.661979748076274
-4.662038479520358
-4.661915681866533
-4.661912331963956
-4.661776513003667
-4.661792283414687
-4.661714871306624
-4.661666710694568
-4.661688995478547
-4.661714116140277
-4.661629176611535
-4.661561609904893
-4.661623065627938
-4.661482755273572
-4.661425067309533
-4.66126731240106
-4.661154224825755
-4.661094922698622
-4.661095816553104
-4.661062609665582
-4.6610529382866925
-4.6610639530268045
-4.661002829464162
-4.660928609881096
-4.6609026330113
-4.660639657419356
-4.660582643569005
-4.660518998721983
-4.6604096546345835
-4.660170252812091
-4.65992891625812
-4.659769058177944
-4.659768925696253
-4.659643456591855
-4.659576024477454
-4.65930321477634
-4.658946903896252
-4.658806372043255
-4.6586484152717595
-4.658713163584892
-4.65873919647609
-4.658467186140587
-4.6584237242442565
-4.6584202893763536
-4.658479426174228
-4.65850469341865
-4.658460711243389
-4.658420690819111
-4.658405170799121
-4.658582491725366
-4.658798839299485
-4.658941495897344
-4.658931454413409
-4.658893598032359
-4.658975874377247
-4.659086547456868
-4.659087055246304
-4.659234743605308
-4.6594231876679855
-4.659461966128354
-4.6595789669683905
-4.65966351686299
-4.659773311106004
-4.65984671210422
-4.65985585193949
-4.659859543604766
-4.659889341871989
-4.659908994241982
-4.659949769857953
-4.659916232330553
-4.659935823694568
-4.659896886355839
-4.6599365544029165
-4.660061032330898
-4.6602018258079365
-4.6604151740278015
-4.660332837670727
-4.660278299712302
-4.660238961312382
-4.6602665424987535
-4.660318381067946
-4.660429759422157
-4.660595504183813
-4.660604794665367
-4.6606957582367174
-4.660825036329079
-4.660754726387143
-4.660663319654758
-4.660557956440093
-4.660687572842936
-4.66075452838174
-4.660737528429729
-4.660815094830885
-4.660872668321155
-4.660834799437012
-4.660748230301473
-4.660807787556057
-4.660556883396671
-4.660400683387968
-4.660405816519602
-4.660397120866367
-4.660466308338059
-4.660543647509748
-4.66043447466039
-4.660129427857678
-4.65994885413179
-4.659737986398911
-4.659705788612926
-4.659778097409791
-4.6597214200810395
-4.659736257527441
-4.65986500274716
-4.6598980967777965
-4.6599608328986095
-4.659965482167462
-4.660010789920823
-4.660116884395019
-4.660196362306386
-4.660282031451412
-4.660240979986918
-4.660232587497561
-4.660069203234175
-4.660181504898384
-4.660309237300454
-4.660219861627119
-4.660226446884485
-4.660268881971775
-4.660215616692917
-4.660228552641936
-4.660383681095068
-4.660439753906637
-4.660437681011925
-4.660551739697416
-4.66074570917733
-4.660850251983719
-4.660855809930535
-4.660845700539517
-4.660718874810101
-4.66076598875591
-4.6607640011692855
-4.66076214236091
-4.660652609879475
-4.660500118007375
-4.6604227177690625
-4.660326468343793
-4.660268802502038
-4.660162068622429
-4.660165080886121
-4.660126565546927
-4.66001459135028
-4.659911907101686
-4.6598485939032965
-4.659789985049418
-4.659813287958765
-4.659820429651187
-4.659843483013593
-4.659896590133247
-4.659930192265826
-4.660037009731176
-4.660133701843384
-4.660179693012372
-4.660108881500487
-4.660133357217488
-4.660163398739496
-4.660198249058336
-4.660368465507883
-4.660494512060114
-4.660616578536848
-4.6607559860277314
-4.6608769263139065
-4.661000494741853
-4.6610311773168505
-4.661074184180258
-4.66116823067005
-4.66125860511547
-4.661376869161769
-4.661464355497334
-4.661589022760349
-4.661645214488559
-4.661581512363388
-4.661485487947005
-4.661524267573878
-4.661521868540068
-4.661510948584557
-4.661557470799067
-4.661518366389759
-4.66153701572709
-4.6616646228567795
-4.661776431641484
-4.661781014925216
-4.661744670211686
-4.66168390851109
-4.661639251671681
-4.661592783769677
-4.661566082847999
-4.661725459957569
-4.661842925511346
-4.661814071301042
-4.661812690923493
-4.661877536263224
-4.661946793108148
-4.66198898534944
-4.66201090806143
-4.66202634333741
-4.662031238121393
-4.662251156614324
-4.662464799827299
-4.662681885167627
-4.662833476098046
-4.6631337127321935
-4.6632203089133135
-4.6633841234124525
-4.663554809222439
-4.663577363348106
-4.663601842403046
-4.663583265298216
-4.66360462770836
-4.663527025462631
-4.663583497592282
-4.663692631858972
-4.663841124258322
-4.6639319678405915
-4.664004134619066
-4.6640145417972425
-4.663996177731771
-4.6640893367996314
-4.664127015306317
-4.664075508506201
-4.664094138089077
-4.664081197857499
-4.664067962930568
-4.664084635757241
-4.664102876703379
-4.664147434205832
-4.664093134984513
-4.664112620041848
-4.6640873637772025
-4.664045969290824
-4.664143286286777
-4.664182928563331
-4.664239252323208
-4.664384328859385
-4.664372606206103
-4.664350717145749
-4.6644835453607865
-4.664588347775247
-4.664727896561682
-4.664827254243812
-4.664857115700263
-4.664879622445809
-4.6649072910718745
-4.665161155143883
-4.665201668560545
-4.6652309943503445
-4.665452280439069
-4.665492131205376
-4.665465713157251
-4.665304412722276
-4.665284333297018
-4.665243526744745
-4.665273843436118
-4.665377550182566
-4.665356242399713
-4.665355692434311
-4.665460688179721
-4.665533963026826
-4.665595823022056
-4.66557201578416
-4.6655868128868105
-4.665686071848775
-4.665831838270082
-4.665917075072551
-4.66590211128117
-4.665892355898921
-4.665829180647489
-4.665890993877367
-4.666039134742637
-4.666166332970135
-4.6663442232406185
-4.666439935447852
-4.666577285230624
-4.6667934826067645
-4.666904883909306
-4.666950360028188
-4.667023191039713
-4.667095252338772
-4.667155376186141
-4.667131536828374
-4.667123561415666
-4.667054254367469
-4.667038840808808
-4.667140458611583
-4.666973020692491
-4.6669858293351805
-4.667101359476123
-4.667101145271142
-4.667142189493981
-4.6672289814647305
-4.667180889802223
-4.667167906607549
-4.667162365510335
-4.667052691270592
-4.667088238463119
-4.667023699663887
-4.6669890147467
-4.666928803696604
-4.666871097986313
-4.66685671900824
-4.6668998811816556
-4.666848603035623
-4.66692797746764
-4.667109530467966
-4.667333550687943
-4.667374970878259
-4.667424721396332
-4.667511111476487
-4.667477915423612
-4.667355049084733
-4.667375129759151
-4.667260207355089
-4.667189391412109
-4.667207214849388
-4.667234844711297
-4.667279366056139
-4.667298778319025
-4.667373073227212
-4.667329685204448
-4.667367665164236
-4.6672965834806694
-4.6672476697536345
-4.667192229594353
-4.667231133659876
-4.667328322072824
-4.667247825499311
-4.667243067059805
-4.667196992774729
-4.667298269500507
-4.6672368445148935
-4.66719455893097
-4.667152133249477
-4.667170397627818
-4.667213055723492
-4.66741107519613
-4.667513761458825
-4.667702514986347
-4.667744789710798
-4.667772875234345
-4.667595406817052
-4.667489069581631
-4.667468365096724
-4.667453471045551
-4.667387821800073
-4.667415034411851
-4.667369391708451
-4.667373019856818
-4.667488186343962
-4.667454229399283
-4.6673240407927254
-4.667274659718191
-4.667167516830116
-4.6671670192996215
-4.6673039526439375
-4.667252652465849
-4.667155889044859
-4.667078168099638
-4.667134200474122
-4.667140267849284
-4.667099935841262
-4.66707991145576
-4.667051256033767
-4.6670638172389
-4.667076432297415
-4.66723459543891
-4.667277187302577
-4.667381367877152
-4.66738026527907
-4.667436401301185
-4.667447864872586
-4.667294733600792
-4.667288500288134
-4.667203248445833
-4.667237795785146
-4.667124654433152
-4.667093052444143
-4.666895542814387
-4.666653143555373
-4.666680875712387
-4.66659486828663
-4.66662528419619
-4.666667987864434
-4.666829393429199
-4.666905269911366
-4.666984033496835
-4.66703699213643
-4.667064699895579
-4.667121754948449
-4.667101818670187
-4.66705169683269
-4.667062721594712
-4.667027283664576
-4.666887739126458
-4.666758066256075
-4.666737039398328
-4.666740715492427
-4.6665870279617225
-4.666529167258912
-4.666544997902554
-4.666548544967109
-4.666678808411026
-4.666820866045401
-4.6668432103961806
-4.666802055623455
-4.66681556816582
-4.666834054690774
-4.666854753989649
-4.666737009939241
-4.666579984881344
-4.666456416802733
-4.66635301636218
-4.666272323409852
-4.666295301990206
-4.666341880067742
-4.666341754127566
-4.6663985417559
-4.666469838346774
-4.666574185180575
-4.666600904463243
-4.6666383457977725
-4.666726252307518
-4.666808555119679
-4.666796470231912
-4.666737992362458
-4.666745237715525
-4.666854783244232
-4.666858092514778
-4.666961007617529
-4.66690106161677
-4.66693682457769
-4.666976380747832
-4.666993932404159
-4.66708155289179
-4.667119840008936
-4.667226392944118
-4.667163397516996
-4.667161762424865
-4.667223862773998
-4.667143205457574
-4.667127771895649
-4.667085353285494
-4.66713805171349
-4.667322020017937
-4.667342181506661
-4.6673784496665975
-4.667515908811615
-4.66743311143508
-4.66738270665637
-4.667276120604846
-4.667179406411919
-4.667130353258845
-4.667093741318347
-4.666976667434251
-4.666965757582006
-4.667024842098083
-4.667034820990429
-4.6671419519835196
-4.667149206367546
-4.667190315960449
-4.667226530770399
-4.667235387203477
-4.667500055295527
-4.6675633704561355
-4.6676551319073
-4.667692836207796
-4.667687757832998
-4.667726171387648
-4.667683215717932
-4.667761870777575
-4.667720670488043
-4.667610137672873
-4.667426214028179
-4.667301149302085
-4.667288240039244
-4.667285398599525
-4.667174954866228
-4.6669860297980525
-4.666992032767843
-4.666991931010216
-4.666907053191094
-4.6668248969334
-4.6667647694965355
-4.666672197749425
-4.666537630096015
-4.666536271916721
-4.666466221223375
-4.666496410824597
-4.6663113127205635
-4.66614976478294
-4.66606627270828
-4.666002459737396
-4.665843398925326
-4.665673238792203
-4.665521328548249
-4.665458087669684
-4.665296022297937
-4.665083213108386
-4.66495936411509
-4.664919954032034
-4.66483223710863
-4.664789488704174
-4.66458949651393
-4.664583042583585
-4.66467314692019
-4.66457647272636
-4.664458525900965
-4.66443459999176
-4.664360364724826
-4.664310260381652
-4.664366862630974
-4.664346427136229
-4.664282243595711
-4.664276920755793
-4.664168701678269
-4.664085034760776
-4.664033800613167
-4.6639092393158235
-4.663885798004206
-4.663836482303527
-4.66379246512938
-4.663681648634547
-4.6636044835564565
-4.6635182103784505
-4.663513002400578
-4.663452953343002
-4.663430843074984
-4.663358574191106
-4.663345969925932
-4.66330182465682
-4.663282352238253
-4.663157036489358
-4.663204824780631
-4.663248215851665
-4.6632760565095746
-4.663231138403196
-4.663146325209515
-4.663092117872136
-4.662937746743006
-4.662858112729144
-4.662828673756321
-4.662806095110021
-4.662729725600653
-4.662672063516469
-4.662576471801705
-4.662564327326121
-4.662531642486156
-4.6623745503254606
-4.662334467290351
-4.662277185131999
-4.662262370770739
-4.662257810150108
-4.6622936373450905
-4.6622405388081125
-4.662274811807356
-4.6623814857330075
-4.6624563577766756
-4.6625185419773825
-4.662608671625287
-4.6626273796622
-4.6626278152757425
-4.662664002520399
-4.662581598659388
-4.662504614894833
-4.66239348730269
-4.662351452715915
-4.662268005745565
-4.662243142633722
-4.662203494158883
-4.662228418960547
-4.662301271485339
-4.662269792714333
-4.662261521832275
-4.66225556730965
-4.662259600546154
-4.662263865253428
-4.662348479419096
-4.662291431596494
-4.662270017443318
-4.662310029502634
-4.662339838109361
-4.662349025264304
-4.66236473753885
-4.662389490522211
-4.662457254602491
-4.662450609777726
-4.662505356151474
-4.662524041779456
-4.662421166357625
-4.662434379328136
-4.662495193242687
-4.662555569967296
-4.662569002929426
-4.66270877070842
-4.6627235781251235
-4.662790651718168
-4.662799841268937
-4.662760965176153
-4.662725326714943
-4.662730852446381
-4.662653198842684
-4.662463688516909
-4.662393672582545
-4.662401519138653
-4.662441160342342
-4.662364234189507
-4.662314058602722
-4.66234524403215
-4.662293453499279
-4.66228023021417
-4.662395820175715
-4.662378769013436
-4.662475396824342
-4.662593314761546
-4.662719552239477
-4.66278187013233
-4.662906754520765
-4.662946958220369
-4.663117265900068
-4.663247332436663
-4.663288533337102
-4.6634398294251485
-4.663535299456935
-4.66362512629989
-4.663595679471976
-4.663619442004849
-4.663639554128945
-4.663609526756194
-4.663717139509044
-4.663912540539174
-4.664116182163471
-4.664092923537724
-4.664136743389627
-4.664069880070241
-4.663999555586617
-4.663960515284177
-4.663957362138702
-4.663951648421915
-4.663975610913926
-4.664087499379711
-4.664094141042854
-4.664212655301726
-4.664192093096524
-4.6641825589354875
-4.6641230945348875
-4.6641516850852875
-4.664205198822322
-4.664287913592394
-4.6643161335386605
-4.664338763617919
-4.66436150607607
-4.664386300682616
-4.66434406273468
-4.664323371920454
-4.664206347275806
-4.663968581120142
-4.663777903999299
-4.663764108559125
-4.663749284467681
-4.6638014551842595
-4.663748064539547
-4.663671478410128
-4.663635000117297
-4.663695049074637
-4.663602207040565
-4.663654207280247
-4.663684538372821
-4.663684318126443
-4.663632810985815
-4.663670474645864
-4.66368616984253
-4.663707541822804
-4.663740264404434
-4.6637212392866
-4.6637872978817905
-4.6638091570028495
-4.663716395876328
-4.66372117931735
-4.663731959729365
-4.663636451596201
-4.663627002672325
-4.663512359654816
-4.663400242241815
-4.663298100489509
-4.663199052024232
-4.663131210038501
-4.663136140928423
-4.663051917586312
-4.662917244234472
-4.662762592454885
-4.6627183064101105
-4.662737094651767
-4.662734120530022
-4.662829106167515
-4.662981247595989
-4.663105167689708
-4.66305248277784
-4.663025309775001
-4.663132113223331
-4.663152130975535
-4.663249067367482
-4.6633078863168995
-4.663461790820989
-4.6636568050048215
-4.663860213371473
-4.663945564884107
-4.664001989770804
-4.663930303298148
-4.6637793257454385
-4.663681207834454
-4.663674287534621
-4.663609471896734
-4.6636456652756
-4.663594833292218
-4.663533216099007
-4.663500372121111
-4.663561180875115
-4.663627792603016
-4.663641899966957
-4.663652242440974
-4.663593294023589
-4.663560501642202
-4.663539981202981
-4.663518742377972
-4.663504198172583
-4.663438158106299
-4.663365449766173
-4.663273920718806
-4.663318995801855
-4.663290369334343
-4.663196855687906
-4.66316939976836
-4.663162081464746
-4.663179212253741
-4.663138764686596
-4.6631698114936215
-4.663231364349575
-4.663245383607427
-4.663247722459318
-4.663257570819232
-4.663242338074348
-4.663231847404885
-4.663235467394207
-4.663229405611315
-4.663176515809718
-4.66310515220004
-4.6631361440171215
-4.6631622873042495
-4.663147491984319
-4.663127216823209
-4.663171323444537
-4.663191842769347
-4.663202683952826
-4.66320246948535
-4.66317131692387
-4.663153513043844
-4.66321846391173
-4.663289142479518
-4.6632668941088395
-4.663219442256321
-4.663142426494645
-4.663123456396966
-4.6630159413457655
-4.662939441929454
-4.662966230252544
-4.663028919766755
-4.662998579971396
-4.66303519797801
-4.662996154002421
-4.663026623422389
-4.663179564913695
-4.663281319628302
-4.663333052748426
-4.663361354556121
-4.66335284805116
-4.663309841507044
-4.663382812710292
-4.663399393533712
-4.663541154666749
-4.663571857792648
-4.663590333657677
-4.663683735092571
-4.663803176903411
-4.663787642712577
-4.663745823833808
-4.663748235621672
-4.6638069054610725
-4.663781778004726
-4.663735645250366
-4.663770789746229
-4.6637414363209455
-4.663752529487415
-4.663791147753103
-4.663752588220304
-4.663740007341851
-4.663725926117333
-4.663691067543158
-4.663598256823777
-4.6635303873389065
-4.663437311961411
-4.663300791355698
-4.663250181521444
-4.663183700794721
-4.663087964864897
-4.663027019144536
-4.663018864916871
-4.663088180543667
-4.663157563835983
-4.663182396908812
-4.66321387887737
-4.6632156931539015
-4.663300071441995
-4.663302933842561
-4.663241119136652
-4.663362003725648
-4.663326497313759
-4.663390735475459
-4.663352946276711
-4.663313386796918
-4.663303459246894
-4.663357832676007
-4.663346786204902
-4.663408149358411
-4.663438682522489
-4.663541274504421
-4.66355668799723
-4.663497577347593
-4.6633618395483625
-4.663224498755835
-4.663113433450578
-4.6630823238328185
-4.663101030287374
-4.66313785386196
-4.663075830080394
-4.663007299604844
-4.662925658650137
-4.662815377938021
-4.662813342011457
-4.662797145385186
-4.662877065499656
-4.662871732765645
-4.662857924225793
-4.6628795896490205
-4.662877861681048
-4.662844932233257
-4.662870537781734
-4.662844250323002
-4.662784447164968
-4.662745091269941
-4.662657250792356
-4.662612296297496
-4.662563406255048
-4.662383973535564
-4.662297940954336
-4.662296463642925
-4.662338974783887
-4.6625101565612335
-4.662497985806707
-4.6624534684240775
-4.6623680968259595
-4.662453016181131
-4.662395448533878
-4.662330040309886
-4.662312978910991
-4.662281313616689
-4.662313873176627
-4.662243046127727
-4.662252511369633
-4.662216856552143
-4.662211558419891
-4.662175296762537
-4.6622167949361755
-4.6622063226287835
-4.6622058663966905
-4.66223032040166
-4.662230784970668
-4.662278061131849
-4.6622649041576425
-4.662242629192614
-4.662283216614808
-4.662340966867619
-4.662299155803991
-4.662352524603553
-4.662362584081016
-4.662352334193456
-4.662378716969406
-4.662370796955066
-4.662357141436123
-4.662380212189161
-4.662424511493612
-4.662491609896992
-4.662554894538937
-4.662567811004457
-4.662626259917308
-4.662692663757217
-4.662819625265457
-4.6629422254791315
-4.662886808847819
-4.662924237714398
-4.662887320368528
-4.662859675094446
-4.662850781121219
-4.662834747820226
-4.662918463993264
-4.6629610730233635
-4.662926579183077
-4.662821716041129
-4.662838165606857
-4.6628930296278845
-4.66282072287531
-4.662868913209795
-4.663034348389296
-4.663187956900771
-4.663259905724144
-4.6633287300767385
-4.663328527980463
-4.663322444650447
-4.663373542044648
-4.663436781945775
-4.663557618542107
-4.663705350196277
-4.6638061327503015
-4.663880713867634
-4.664011585401428
-4.66413995804814
-4.6643131515668275
-4.664498351609789
-4.664647584406639
-4.66479413775572
-4.664862845271047
-4.664894301763368
-4.664844349964833
-4.66489328314541
-4.6649129004501235
-4.664944656091374
-4.664995963107697
-4.6650280361815035
-4.665044473398899
-4.665040786928389
-4.6649722584600655
-4.664889200886852
-4.664809624401617
-4.66474678122023
-4.66473654997976
-4.664783717944679
-4.664808992141816
-4.664860162882061
-4.664891861313739
-4.664895994416155
-4.664942079384499
-4.664991425214453
-4.66497079853847
-4.665045047430766
-4.665077432782377
-4.665106018252223
-4.665178508630621
-4.665193647148901
-4.665175701811439
-4.6652086284793555
-4.665251757269235
-4.665216109880622
-4.665248604713894
-4.665199269940237
-4.665230039335781
-4.665269128879826
-4.665222498643322
-4.665161672532256
-4.66503444215366
-4.664969685463374
-4.664969560220808
-4.6648610889779265
-4.664780935018555
-4.664770455115474
-4.664753140988951
-4.664811777897769
-4.664823820250062
-4.664785715733846
-4.664803093139242
-4.664705725717681
-4.6647403211087095
-4.664756540298708
-4.664777480254496
-4.664725250105841
-4.6646697724834425
-4.664625009519726
-4.6646138003485005
-4.6647020772168855
-4.664839643153999
-4.664936506334538
-4.664978561466433
-4.665090660877138
-4.665134958437837
-4.665174176833136
-4.665157612753173
-4.66515736043651
-4.66513963680516
-4.665119616907208
-4.665165995505613
-4.665183138333188
-4.66529644846417
-4.665353891645244
-4.665417240041098
-4.665467053890094
-4.665527574592294
-4.665500344299375
-4.665527729169934
-4.66563346352589
-4.6656389463026535
-4.665642655653322
-4.66569197109427
-4.665767577915361
-4.665842401756499
-4.665845062009398
-4.665815573060421
-4.665796892522252
-4.66578318206389
-4.665762240437171
-4.66581538700818
-4.665905452752558
-4.665848528898951
-4.6657682953211514
-4.665752829407532
-4.665785400609334
-4.665698317314516
-4.665619543483118
-4.665590273366949
-4.665587811400805
-4.665604607318281
-4.665667880471781
-4.665751988165899
-4.665805896730484
-4.665828450765937
-4.6658369749924695
-4.6658243147289
-4.665894542689424
-4.665950885792097
-4.666072416721907
-4.666216233909684
-4.666307677078151
-4.666367045011616
-4.666488485437639
-4.666538349750345
-4.666565522815087
-4.66653659604083
-4.666471421159708
-4.666474044304807
-4.666528654874709
-4.6665749966860925
-4.666587935091322
-4.666592151424701
-4.666652528243421
-4.666614222860489
-4.666585551548135
-4.666536994412226
-4.666479720940605
-4.6665542519153975
-4.666645125106907
-4.666695892113902
-4.6666336256594185
-4.6665206371129155
-4.6664228339461244
-4.666428081616928
-4.666505221820191
-4.666588548185182
-4.666670095057879
-4.666677489098279
-4.6667310700581766
-4.666816506828877
-4.666838742539131
-4.666888071667429
-4.6668680632607735
-4.666818517572835
-4.666819060205294
-4.666784785767951
-4.666766331113905
-4.666774075216473
-4.6667368342323785
-4.666671987312924
-4.66658926226578
-4.666527921558144
-4.666538026458011
-4.666465068588074
-4.6665191910719725
-4.666591555222138
-4.666631595113887
-4.666670398495358
-4.666699859010905
-4.66671850036128
-4.6667328469856555
-4.666744533197615
-4.666754527921135
-4.666749158980157
-4.666804193939644
-4.666742350086004
-4.666720709413848
-4.66675733553607
-4.666801995511289
-4.666855817731795
-4.666847419925213
-4.6668679263181385
-4.666883039499689
-4.666847232353861
-4.666843713469978
-4.666804921507167
-4.666776166250845
-4.666811576436655
-4.6668141700911345
-4.6667660313977315
-4.666712700767813
-4.6666501466529935
-4.666555162162623
-4.666574043255278
-4.66658153450291
-4.6665439908528645
-4.666496573295021
-4.666515648804313
-4.666431951906532
-4.666480524201746
-4.666445774624484
-4.666475062261561
-4.666609056711613
-4.666657631888492
-4.666664268008341
-4.666633057113477
-4.6666394504570725
-4.666693445281004
-4.666709358699391
-4.666770087267789
-4.666819124577926
-4.666787082590184
-4.666755579719524
-4.66684265867569
-4.666868854660429
-4.666874052648584
-4.666849800951205
-4.66685666938955
-4.66683128976912
-4.666815189194507
-4.666836888900486
-4.666871286665389
-4.666930363060008
-4.666865218819356
-4.666854695889161
-4.6668502349089165
-4.666758279100272
-4.6667145916735695
-4.666654889164627
-4.666555935261529
-4.666529395009662
-4.666492223796253
-4.666462199021963
-4.666485892772147
-4.666497725180462
-4.66648685296401
-4.666469127393913
-4.666484861386398
-4.666493763212362
-4.666496891290511
-4.6665887215285125
-4.666617616210878
-4.666689045465459
-4.666700388563857
-4.666666747288244
-4.666599237469864
-4.666558116541098
-4.666414595762592
-4.666390099587205
-4.666347844487499
-4.666291215266592
-4.66624037828328
-4.6662401295304035
-4.666149594836802
-4.666019803493995
-4.665994430011742
-4.665975849989952
-4.665953827631716
-4.665889969898175
-4.665764829931841
-4.665703808323418
-4.665655958333072
-4.665608761095334
-4.665526510838949
-4.665486170874924
-4.665430677172184
-4.665317794383221
-4.665176234816375
-4.665129202535877
-4.665075615642103
-4.66509812311284
-4.665090677421168
-4.665077020873026
-4.665093980764198
-4.665066848632869
-4.665073406249731
-4.665084989109955
-4.665083144433633
-4.665068114487671
-4.665088626195822
-4.665093883959686
-4.665073086526429
-4.6650650858329525
-4.665077438023758
-4.665160148000266
-4.665209697660041
-4.665149819925279
-4.665167684745415
-4.665111943349712
-4.665014773639476
-4.664885265250029
-4.664880251115141
-4.664825336722042
-4.664755331692456
-4.664729802948194
-4.664741417191413
-4.66477773251311
-4.664801628889527
-4.664739915291169
-4.664796370961102
-4.664847355823102
-4.664839186454855
-4.664882164529665
-4.664922236647021
-4.664998158081412
-4.665071840736763
-4.665175894575284
-4.665192474485676
-4.665212369470718
-4.6652752232966765
-4.665279663800285
-4.665190395787607
-4.66519222063848
-4.665193957620438
-4.665108268355978
-4.665041092333614
-4.66502199928579
-4.66504400412972
-4.6651062700891845
-4.665123683053566
-4.665074769058305
-4.665027433343001
-4.665074492310539
-4.665108905988416
-4.665233372945938
-4.665169801643202
-4.665187837326838
-4.665277896545931
-4.665406195585559
-4.6655110003461155
-4.665609881896234
-4.665666646009636
-4.6656920370648995
-4.665690349104285
-4.665714673935461
-4.66573339244425
-4.665803876067774
-4.665870157434999
-4.665862312057958
-4.665853532432062
-4.665865105032924
-4.6658466613750855
-4.665887248155118
-4.665882972732381
-4.665837551086637
-4.665882120176829
-4.665886030424099
-4.665933562420259
-4.66597164077421
-4.665955752519398
-4.6660065712775465
-4.666095876107348
-4.666128663961352
-4.666077900292443
-4.6660908035273785
-4.666106589967309
-4.666219845621358
-4.666318799776245
-4.666420340956634
-4.666540140637973
-4.666544319593965
-4.666535085234076
-4.6665666388586
-4.6665378138125115
-4.666577146736683
-4.666619797740161
-4.666635261328747
-4.6667639633613645
-4.666785116055673
-4.666860981684194
-4.6669340426074255
-4.666961495875501
-4.667056997207604
-4.667048800421968
-4.667132876218701
-4.667198042297356
-4.667231126620439
-4.667233724983063
-4.6672393723931
-4.667272238297642
-4.667286963723363
-4.667265950675794
-4.667299978280856
-4.667272520844033
-4.667300488698238
-4.667298018778634
-4.667267906767158
-4.667223185521831
-4.667187052600401
-4.6672177449759
-4.6672411915760765
-4.667250682433555
-4.667242244206005
-4.667226452951997
-4.66723872176016
-4.667283950917867
-4.667383093519214
-4.667441109098132
-4.667478366144027
-4.66751170928605
-4.667551442927261
-4.667521254197727
-4.667494102751428
-4.66746109829942
-4.667466752910573
-4.667449416953924
-4.667444017794265
-4.667437155091777
-4.667445283851706
-4.667439045120089
-4.667420345327215
-4.6673068463648075
-4.667248334896111
-4.66726945577969
-4.667349117022314
-4.667450883456584
-4.667527014237147
-4.66758302254581
-4.667578185512035
-4.66756580166556
-4.667606490134504
-4.667670804299309
-4.667698475889774
-4.667759351567576
-4.667853738038625
-4.66790967896144
-4.668045949482067
-4.668109005993631
-4.668121092238457
-4.668113280638512
-4.6681931827238365
-4.668159874828935
-4.668089133769492
-4.668061344512886
-4.668034196078235
-4.667966274372555
-4.667929944666381
-4.667896620913422
-4.667883421461808
-4.66780959943212
-4.66770406836472
-4.6675929409225505
-4.667569011063399
-4.667520754512895
-4.66754992918261
-4.667545672858101
-4.667506217918929
-4.667526511514088
-4.667461138174603
-4.66742943304369
-4.667392931274038
-4.667291697482266
-4.667222129460185
-4.667192900265999
-4.6672198769457465
-4.667284027569725
-4.667335168205273
-4.667306970751093
-4.6672647160940235
-4.6672316323939125
-4.667318705789571
-4.667388958438974
-4.667488440635076
-4.6675446028955445
-4.667526702519108
-4.667506138103728
-4.667510762491692
-4.667499512579324
-4.667486293966048
-4.667469608666704
-4.667376905748686
-4.667345007637606
-4.667343172512202
-4.667318246713179
-4.667258136641901
-4.667262671964371
-4.667311237721681
-4.667330369227894
-4.667297894902048
-4.667276598369026
-4.66729259470305
-4.667363101615249
-4.6674208406116335
-4.667415935136034
-4.667440986128681
-4.6674312317995605
-4.667505814677844
-4.667544142086492
-4.667577399534807
-4.66764401460625
-4.667645978139293
-4.667660310152307
-4.66762973472118
-4.6675941465257
-4.667530523301547
-4.66745730835468
-4.6673933356659845
-4.667366619000262
-4.6672737806129145
-4.667182228326387
-4.667092094643242
-4.667080520260342
-4.667001735432264
-4.6669390417554615
-4.666963566997256
-4.666960206749239
-4.666847278120683
-4.666836668970652
-4.6668572416799154
-4.66685738499663
-4.666898092768773
-4.6668665134752905
-4.666875695926672
-4.666901654521536
-4.666891528370756
-4.666948158582948
-4.666944078758076
-4.666930941838815
-4.666970796486606
-4.667017270027171
-4.667079577319268
-4.667141172376255
-4.667175001579325
-4.667195257756424
-4.66724852093466
-4.667361506451854
-4.667430149881902
-4.6674314215605675
-4.667402780175627
-4.667347108116891
-4.667413572473226
-4.667500158763966
-4.6675339179252475
-4.667596934986902
-4.6676302190765995
-4.6676347316921705
-4.667653315524397
-4.667606255198966
-4.6675029807968
-4.667421159182955
-4.66742144334122
-4.667443503395852
-4.667425508696676
-4.667446525844961
-4.667449333031723
-4.667504155437957
-4.667577702267184
-4.667657068236412
-4.6677528994687165
-4.667869639754277
-4.667992910316364
-4.66807092249306
-4.668038690464644
-4.668033756511361
-4.668036074959752
-4.6680163422429795
-4.668007569270924
-4.6679946163824955
-4.668013494769744
-4.668046684941943
-4.6680670588382265
-4.668055103651333
-4.667968262284983
-4.667986694927747
-4.667975213205105
-4.667958183214732
-4.667944175354712
-4.6679552745097395
-4.667986059801891
-4.6680966635881465
-4.668225683098462
-4.668312030593796
-4.668288614539682
-4.668274541830759
-4.668331100008761
-4.6683859801776215
-4.668451798946508
-4.668482853940776
-4.6684247402278185
-4.668348417218489
-4.668261300659249
-4.66820645860777
-4.668158532740324
-4.668120740348386
-4.6680291339289885
-4.667981629316152
-4.667988538796194
-4.66794934617961
-4.667898314611508
-4.667823158942715
-4.6677407905497015
-4.667738571944867
-4.667762803409847
-4.667788318975776
-4.667834498922463
-4.66790973986035
-4.667962369012887
-4.667965032271695
-4.668002788369633
-4.66802985091556
-4.668089567196356
-4.668133035249636
-4.66814808301346
-4.668150690264064
-4.668126508321267
-4.668146616363401
-4.668160092463273
-4.668135530006043
-4.6681684074159735
-4.6682168816081635
-4.668224078544111
-4.668193350415389
-4.668205070895904
-4.668211693759811
-4.668226990727725
-4.668194398871708
-4.668170578668843
-4.668189673801124
-4.668133476705568
-4.6681041792865035
-4.668114282318744
-4.668069263870263
-4.6680315817832625
-4.668002733427935
-4.668062964884808
-4.668003425913515
-4.668015605412956
-4.667986111069466
-4.667905597879074
-4.667907701345794
-4.667862494999411
-4.667809621240052
-4.667720090383145
-4.667745758976946
-4.667736563038107
-4.6678059175394795
-4.6677859118405385
-4.667768381450782
-4.667775294343815
-4.6677939456401445
-4.667763844126313
-4.667812855524247
-4.667860319126668
-4.667932236159148
-4.667917598311257
-4.6679169238943015
-4.667926849502425
-4.668010826451758
-4.668080254972427
-4.668148828991252
-4.668178926215431
-4.6682149132764605
-4.6682393438615195
-4.668305505925006
-4.668395119803304
-4.668360053867019
-4.668361421676524
-4.668358541511524
-4.668417719262932
-4.668343245842664
-4.668323182577317
-4.668273640471617
-4.668279833548281
-4.668278067058113
-4.668277420708462
-4.668230122927276
-4.668208272326445
-4.668201982100966
-4.668209927237096
-4.66818257515542
-4.668111425713653
-4.668106076889456
-4.668094413205825
-4.668090786464201
-4.668120958055075
-4.668120986778489
-4.668137094132957
-4.668121365314515
-4.668163103386195
-4.668210512420492
-4.668272375787836
-4.668337155880593
-4.668386106077592
-4.6684179367185905
-4.668454873766548
-4.66853283306785
-4.668553756601164
-4.668577855383189
-4.6685401551761565
-4.668499829744104
-4.668519628247218
-4.668508092825339
-4.668549721443436
-4.668597922268453
-4.668596414229936
-4.668648402004649
-4.6686291705675735
-4.668588953034042
-4.6685801586145566
-4.668558068404001
-4.668509678695436
-4.668454737387737
-4.668439731391446
-4.668434722713702
-4.6685319983925515
-4.668558627625384
-4.66852299711794
-4.668553255751385
-4.668576901421257
-4.6685637081023215
-4.668573379173652
-4.668581169533005
-4.668549266827845
-4.668542068924761
-4.6685327782948365
-4.6684561090733565
-4.66841676660441
-4.668435830845536
-4.668505991821633
-4.6685314071502475
-4.6685484661732515
-4.668547804966105
-4.668580146193896
-4.668635480962231
-4.6686750714459215
-4.668778988428507
-4.668747613519121
-4.66874053149033
-4.668729656449624
-4.6687785886041215
-4.66877103446563
-4.668772270207285
-4.668751937989082
-4.668786711654434
-4.668830059640801
-4.668826614256993
-4.668838653172521
-4.668847997373983
-4.668802880628849
-4.6687111154604715
-4.668711266349591
-4.6687886635325295
-4.668813881819782
-4.668818811752872
-4.668795042876411
-4.6687869846053145
-4.66874605588638
-4.668714324087452
-4.668719187158916
-4.668719557036574
-4.668684155895253
-4.668695700926129
-4.668699723973986
-4.668634107736598
-4.668592446398031
-4.668570055959525
-4.668472062010749
-4.668507873150493
-4.668570865258546
-4.668614270133013
-4.668631382676787
-4.668616662507013
-4.668618240611315
-4.668637609035832
-4.6686338629436595
-4.668597492230305
-4.668545930453275
-4.66851038937197
-4.668469978804397
-4.668428485166198
-4.668412785054488
-4.668298903407179
-4.668200479310817
-4.66818554613696
-4.668183783576649
-4.66816332275549
-4.668183562112574
-4.668170700381114
-4.668119334724641
-4.668051926863428
-4.668062473043287
-4.6680526797116855
-4.668021773110927
-4.668010446694893
-4.667999474062869
-4.667973241056587
-4.667993521846086
-4.668011630982257
-4.668003363365073
-4.66803409714634
-4.668052675578729
-4.668061120867809
-4.668050205142907
-4.66807124041063
-4.668085401942847
-4.668084836981984
-4.668031987923624
-4.6680156444064185
-4.668026638061685
-4.667994848907455
-4.668009414141834
-4.667938012814487
-4.667931609574419
-4.667915132656564
-4.66787395984775
-4.667865317478486
-4.667804344226887
-4.667804894180844
-4.667811053394797
-4.6678037861516675
-4.667766836793932
-4.667720541904518
-4.667627522014115
-4.667554051654915
-4.667496135131171
-4.667459548248146
-4.667440027981103
-4.667440760261565
-4.667448043022147
-4.66747604036133
-4.667479484119013
-4.667418035166583
-4.667393752532192
-4.667378440409071
-4.667332924549118
-4.667323954638275
-4.667379228475165
-4.667381485930049
-4.667355863781007
-4.6673222960506635
-4.667225662738676
-4.667203227666885
-4.667178345717965
-4.667169076308323
-4.667185849138086
-4.667197626364715
-4.667174290597573
-4.667197955184973
-4.667151770581174
-4.667164373152076
-4.66712778209658
-4.6671307751872755
-4.667099744362275
-4.667085031293015
-4.667150480156703
-4.667170011292554
-4.667152651747391
-4.667146943664409
-4.667134624008576
-4.667128196293258
-4.667082124615762
-4.667061519308248
-4.667060201229436
-4.667034610669508
-4.666924062069651
-4.666834175746143
-4.666804567944227
-4.666718975735402
-4.666679937752398
-4.666597053549933
-4.666536744705565
-4.666490735410243
-4.66644491567752
-4.666421143152158
-4.666341328383313
-4.666265452523193
-4.666248113318761
-4.6662424746467
-4.666240048190161
-4.666240994944131
-4.666252963657171
-4.666266977406988
-4.666329610624732
-4.6663289319606545
-4.666305686968125
-4.666264060583251
-4.6662601749326145
-4.666276574754491
-4.666236990941395
-4.666237733496856
-4.666234075733278
-4.666225380398567
-4.666234592500835
-4.6662812994253136
-4.666293475586952
-4.6662621880669874
-4.6663120627348755
-4.666342393926452
-4.666384209869967
-4.6664142492909475
-4.6664577930055655
-4.666444162352524
-4.666419451199927
-4.666342894660994
-4.666333710263014
-4.666383481333467
-4.666392404736101
-4.666385859787553
-4.666421692095218
-4.666420866574031
-4.666443485499202
-4.666475196470002
-4.66644797937143
-4.666447443911059
-4.666470209006653
-4.6665110515541155
-4.6664689443260405
-4.666450525347086
-4.666449634946093
-4.6664155137685706
-4.666368331274653
-4.6664135630218295
-4.666450010549172
-4.666498475094698
-4.666501339761993
-4.66656177451544
-4.666612928749277
-4.666624741312082
-4.666616340043878
-4.6665900964212526
-4.666590533987616
-4.666631332626481
-4.666679955034714
-4.666660806287448
-4.666633263264501
-4.666610704151627
-4.666589992886926
-4.666587540124086
-4.666524123333817
-4.666439265544062
-4.666371040976568
-4.666277278732417
-4.666303219062017
-4.666316634939572
-4.666310054072013
-4.666292254966303
-4.666322310162923
-4.666329147781312
-4.666356464946833
-4.666395656878861
-4.666383541915249
-4.666327290808037
-4.666258441172514
-4.666200320185025
-4.666179187828456
-4.666233732251815
-4.666206863674009
-4.666224623349964
-4.666220798040761
-4.666163007670653
-4.666129674678387
-4.666135638665894
-4.666128561309849
-4.6661261484618235
-4.666096777289989
-4.666139777266408
-4.666120785005502
-4.666122633708853
-4.666176612214883
-4.666199537856898
-4.666223241067988
-4.666251702925584
-4.6662001169555865
-4.66614557851769
-4.666120872972972
-4.666115824690752
-4.6661087360439835
-4.666012234433998
-4.665913462990989
-4.665873549429169
-4.665884832675105
-4.665874349461208
-4.665845208281201
-4.665764186484444
-4.665730328260535
-4.665750643256806
-4.665727649817613
-4.665710957165918
-4.665668219200122
-4.665669172678027
-4.665703495161239
-4.665657652687335
-4.665628647117495
-4.665607221756488
-4.665550433752694
-4.665512330952545
-4.665452893448903
-4.665418498864889
-4.665362204569406
-4.665288196185967
-4.665246973465261
-4.665239648003226
-4.665264243909455
-4.6652612897631425
-4.665212664641424
-4.665129528983647
-4.665063457523827
-4.665004380467567
-4.664951087266633
-4.6649108547408895
-4.6649256550757014
-4.664933121131514
-4.664904071090837
-4.664838294090789
-4.66487194773206
-4.664862823871209
-4.66484052622734
-4.664799405291292
-4.664736609943705
-4.664750684532368
-4.6647307123537205
-4.664679929370592
-4.664632866548173
-4.664649254999875
-4.664648247666637
-4.664665304229362
-4.664631853247794
-4.664645962585627
-4.664676942224753
-4.664673006442949
-4.6646237157526125
-4.664600930662042
-4.664575717048161
-4.6645500798494215
-4.66454355208444
-4.664536100539397
-4.6644892339185065
-4.664462705974758
-4.664476127655495
-4.664518970650838
-4.664527130612256
-4.664498741093095
-4.664494570876913
-4.6644606905289745
-4.6643869731430145
-4.664330326149523
-4.6643689497157315
-4.6644029488960275
-4.6644414493493445
-4.66446140695771
-4.664468864548312
-4.664505452731217
-4.664521814599314
-4.664512310799796
-4.664519839045499
-4.664525624774886
-4.664515468645739
-4.664494179624809
-4.664408905429547
-4.66441791701038
-4.664468133450367
-4.664570316146974
-4.6645692302935196
-4.664593590884712
-4.664582296717181
-4.664596246335893
-4.6646056987403375
-4.664570488481586
-4.664558521060815
-4.664527866394514
-4.664476632442953
-4.664501107416321
-4.664519201988675
-4.664502593119561
-4.664545514503899
-4.664531971760526
-4.664585329377862
-4.664603687495663
-4.664633655001251
-4.664639285122827
-4.664636035276747
-4.664650526587259
-4.664674262312095
-4.664686262716752
-4.664620869349129
-4.664557618103102
-4.664510319433124
-4.664496136150762
-4.664501359365255
-4.664499047025152
-4.6644797203447705
-4.664517086072096
-4.664478118846417
-4.664394342948578
-4.66426471664632
-4.664129095251954
-4.664111970557034
-4.664156376246416
-4.664166669208996
-4.6641581660040945
-4.66413315222839
-4.6641282885494695
-4.664100917511902
-4.664111051452465
-4.664080149973738
-4.664076228107357
-4.6640821317166425
-4.66407620349612
-4.664056520657893
-4.664065004445488
-4.66405570921116
-4.664052383102563
-4.663980263445116
-4.663968088253373
-4.663946901689328
-4.663992005191687
-4.664059642814686
-4.664105787351667
-4.66412020796186
-4.66411168685095
-4.664108947801855
-4.664148321678798
-4.66414584276982
-4.6641386390687956
-4.664107681939758
-4.664095903289645
-4.664055600789236
-4.664079254372359
-4.664037486923
-4.6639925791490064
-4.663899897923623
-4.663894680249589
-4.663836422841252
-4.663835230307582
-4.663880416726609
-4.663885869440998
-4.663869728384098
-4.663897328875664
-4.663898327948393
-4.66387597919045
-4.663938864371363
-4.663920658570276
-4.663874115980174
-4.663815315239738
-4.663783214455648
-4.663732277979931
-4.663704713781089
-4.663672784730419
-4.663627147535727
-4.663571968591592
-4.663539638681236
-4.663542686856295
-4.66359340995723
-4.663655636374824
-4.6636933530041835
-4.663699469213674
-4.663716649600103
-4.663713189777101
-4.663727274143379
-4.6637026835352815
-4.6637515836986045
-4.663766808596484
-4.663788979471311
-4.663823672443373
-4.663853874338368
-4.6638634041906135
-4.6638585305592954
-4.663845406204102
-4.66382515572656
-4.663823088331297
-4.663792477104584
-4.663719261043722
-4.66365147280116
-4.6636437685462555
-4.663626863459417
-4.663645246063076
-4.663635116172621
-4.663614127207793
-4.663622321484352
-4.663620711658253
-4.663630310057351
-4.663633251524685
-4.66364874426122
-4.663734121936251
-4.663727502008209
-4.663725665452866
-4.663721111114678
-4.663675186119807
-4.663643050952463
-4.663606695025188
-4.663517819717416
-4.663465836259093
-4.663408862630825
-4.663376460380846
-4.663360617674572
-4.663336944603381
-4.663331895195855
-4.663313463080987
-4.663304067431442
-4.663291453659453
-4.663308525766881
-4.663325594229075
-4.6633702319850645
-4.66342142339783
-4.663462102208276
-4.66342382722625
-4.663395667890419
-4.663356151196615
-4.663373625122548
-4.663409279900157
-4.663380751996972
-4.663344659689597
-4.6633359295367995
-4.663266965790133
-4.663251803711127
-4.663200265811136
-4.663178956775318
-4.663122967289281
-4.663092588696137
-4.663092864549056
-4.663082654591995
-4.6630550451248665
-4.663075315914851
-4.663110112257302
-4.663105414305612
-4.663136880406637
-4.663179655568647
-4.663231450017589
-4.663249412663524
-4.6632897299811855
-4.663300186275575
-4.663332889874167
-4.663387537660545
-4.663455425215577
-4.663491215332687
-4.663514238861871
-4.663496029285943
-4.663590302985599
-4.663583711207528
-4.66358052901183
-4.66359239102184
-4.663556994175382
-4.663550657325942
-4.663568572254878
-4.663543750431832
-4.663533588007182
-4.6635208514164495
-4.663562298905234
-4.663564474262838
-4.6635906703054815
-4.66359404825902
-4.6635993550200245
-4.663628310005772
-4.663654725694811
-4.663661984163408
-4.663742272189038
-4.663813576152591
-4.6638483278465745
-4.6638810667894575
-4.663905216675193
-4.663904377026349
-4.663874317754348
-4.66381600879012
-4.663772410520939
-4.663772380842023
-4.663788533530745
-4.663779139782803
-4.663792492488214
-4.663794230008506
-4.663791128548988
-4.66379243842973
-4.663742423272708
-4.663717269776525
-4.663701734957221
-4.66366557622166
-4.663621952836962
-4.6636724247020815
-4.663637078084016
-4.663654131111187
-4.663632219536933
-4.663601882865861
-4.663583119258276
-4.6635775972722975
-4.663583585761507
-4.663618806040819
-4.663609990124795
-4.663540876859313
-4.663457620870252
-4.663446962714366
-4.66339889371494
-4.663365473914035
-4.663314345057653
-4.663267985873102
-4.663252401632097
-4.663180684116124
-4.663147580130744
-4.663111806793967
-4.663106905573278
-4.663107879816848
-4.663086632230008
-4.66314444186903
-4.663168740961852
-4.663116106059555
-4.663145927703661
-4.663126449747725
-4.663119588423249
-4.663097405063082
-4.663053786919608
-4.663017208946447
-4.66300432197363
-4.662988388410099
-4.663005899289467
-4.663060446022747
-4.663078372049613
-4.663116658924442
-4.6630939668006945
-4.663081418025549
-4.663044467302235
-4.6630618397609584
-4.663013737051541
-4.663069178928446
-4.66307721816591
-4.663057345648603
-4.663063174647717
-4.663072243992609
-4.663120637200681
-4.663107991132164
-4.663121887893416
-4.663207154768579
-4.663302494639386
-4.663284854498428
-4.663273380419963
-4.663331088713467
-4.663311160286308
-4.66333700852258
-4.663410102878598
-4.663422201667323
-4.6634462763744144
-4.663479042640623
-4.663492238333411
-4.6634861561374885
-4.663452891393829
-4.6633950541997375
-4.663393349838689
-4.663390015248202
-4.663410436697238
-4.66342029661004
-4.663404179761141
-4.663372613586616
-4.663353039743002
-4.663360817573335
-4.663322464284024
-4.663322847920422
-4.663295905105807
-4.663334799809233
-4.663270601391744
-4.6631901122302395
-4.6631624759995685
-4.663188455017886
-4.663198836869905
-4.663227587209594
-4.663232848197775
-4.663280845567363
-4.663370521624709
-4.66339358704098
-4.663407125681457
-4.663454767239217
-4.663492961180092
-4.6635574704449425
-4.663629752527745
-4.663674622606365
-4.663704867985543
-4.663647326055238
-4.663636032534812
-4.6636366358284995
-4.663644266786052
-4.6636980627633955
-4.663678227753671
-4.663704578041466
-4.663742823909775
-4.663781740894258
-4.6638235425593555
-4.663842314518986
-4.6638246566038495
-4.663819115411636
-4.6637230495417175
-4.663654376389449
-4.663522811838896
-4.663481675955509
-4.66343017553211
-4.663407890392419
-4.663383638215013
-4.66338265933717
-4.663404492021659
-4.663382008474199
-4.6633912085693465
-4.663378447442981
-4.663373336532674
-4.663386120835278
-4.663368594991188
-4.663388117320563
-4.6634309383865
-4.663501126593827
-4.663537268754509
-4.6635243129308455
-4.663509355374964
-4.663527709598851
-4.66355542551539
-4.663518724163827
-4.663545561233362
-4.663583879334194
-4.663572614523447
-4.66359163192284
-4.663654252424314
-4.66366818601564
-4.663687213667956
-4.6637503427690215
-4.663759540310107
-4.663734665295084
-4.663774352861101
-4.663821207034703
-4.66387481585596
-4.663897567645994
-4.663868803681838
-4.6638384692256
-4.663839140246607
-4.663830144146844
-4.663806325515327
-4.663741448199695
-4.663752777031339
-4.6637583778934575
-4.663785983284233
-4.663794004260879
-4.663784741844487
-4.663798025813442
-4.663761634437558
-4.663708382318106
-4.66360914711532
-4.663555163953693
-4.663541833007101
-4.663465041526051
-4.663453227612363
-4.663447724307216
-4.6634229037490496
-4.663454893078362
-4.663407871168029
-4.663333213648785
-4.663299057405
-4.663268207316298
-4.663255181490249
-4.6632005815813855
-4.663211171898959
-4.66322360331495
-4.663201107816399
-4.663173608923415
-4.663154595517057
-4.6631113566963895
-4.663084541742594
-4.663094133754773
-4.663112018137575
-4.6631571000539465
-4.663155582182571
-4.663116600511331
-4.663047154769194
-4.663030096368665
-4.662972243667133
-4.662985264609517
-4.662999497180434
-4.662999578226286
-4.6629982855764975
-4.663014536769826
-4.663066065455696
-4.663099038007231
-4.663120003295013
-4.663083666450531
-4.663048496459155
-4.663021370682293
-4.663057936635497
-4.663046909254509
-4.663036454435369
-4.663040317671098
-4.663110914820172
-4.663124471424077
-4.66314596519875
-4.663163427180295
-4.6631914029374775
-4.663167004254406
-4.663160066887476
-4.663160413118466
-4.663200592999587
-4.6632723570922305
-4.663339370438184
-4.663349649437907
-4.663311274676793
-4.663270868748601
-4.6632455338467595
-4.663242915455014
-4.663226989933842
-4.663238518695352
-4.663220627516685
-4.663214967436739
-4.663211272200667
-4.663224914465439
-4.663187983833591
-4.6631962708402614
-4.663221469593751
-4.663206709110046
-4.663236285273326
-4.66327525020083
-4.663279798463812
-4.6633261459159545
-4.66330017251172
-4.663276713545032
-4.663231817660118
-4.6631975020202665
-4.663218542926337
-4.663192107574179
-4.663197258280777
-4.663172371774712
-4.663142612036552
-4.663168782602923
-4.663182105617277
-4.6631710224217
-4.66314571824915
-4.6630966914041
-4.663064767215337
-4.663053748234278
-4.663053183775712
-4.663068391746575
-4.66305052599198
-4.662978237039634
-4.662976410350581
-4.662957353452083
-4.66293270133715
-4.66291524468796
-4.662874293396222
-4.662821392063243
-4.662770165930206
-4.662740896032228
-4.662647268877181
-4.6625652042952614
-4.662548518522436
-4.662504392678207
-4.6624782451312985
-4.662468067672961
-4.662466084135622
-4.662461993944273
-4.662488205846427
-4.662498229858221
-4.66249927199939
-4.662473440115354
-4.662535209144161
-4.6625716615317545
-4.662590581536203
-4.662608670734757
-4.6625972594569856
-4.662566656205081
-4.6625532752161565
-4.662622884222598
-4.662655587565917
-4.662687219934542
-4.662700955197499
-4.662731696162608
-4.662738704444283
-4.662780256214711
-4.6627826842874
-4.662759280601473
-4.662732507309756
-4.662696584420629
-4.662627929052417
-4.662613906795595
-4.662549180376052
-4.662519482025754
-4.662469586809833
-4.662434903780004
-4.662359337605728
-4.662328101018109
-4.662295835967574
-4.662238235404854
-4.662251448200972
-4.662195321989607
-4.6621618464016015
-4.662177079902313
-4.662129179695927
-4.662084771252087
-4.662090467702171
-4.662101645525362
-4.662116738483697
-4.6621403688059875
-4.662128313488488
-4.662108387914572
-4.662122011540081
-4.662077785811085
-4.662002605447686
-4.661922495144505
-4.661864301772519
-4.661814841492907
-4.661765267910418
-4.6616585110313515
-4.66158209604039
-4.661499972770415
-4.661381157866601
-4.661346285640408
-4.6613038391072195
-4.66129072574665
-4.661255128029662
-4.6612195947305715
-4.6611396438706425
-4.661085444465878
-4.66097598709059
-4.660911367753894
-4.66085230102305
-4.660763938874058
-4.660704546045607
-4.660606657155683
-4.660539165667194
-4.660472434338984
-4.66037339525466
-4.660311876506931
-4.660257269262053
-4.660224566890945
-4.660197678200904
-4.660150239659562
-4.660097384566694
-4.660042896406635
-4.6600280932493385
-4.660007136642795
-4.659995764256714
-4.659964884692819
-4.659953544928999
-4.6599392580927415
-4.659939983700392
-4.659940057900818
-4.6599050523072405
-4.659935400646764
-4.659989587908105
-4.660009121950573
-4.6600324610223876
-4.660042226127114
-4.660091899308692
-4.66006480204162
-4.66006590148865
-4.660044252727593
-4.660043811576019
-4.6600580635453674
-4.66007095920387
-4.660058877135268
-4.659987972776807
-4.659927588291036
-4.659934302704143
-4.659899337177475
-4.6599497246468955
-4.6599981646919
-4.660042197064806
-4.660064735055059
-4.660096045105972
-4.660078740265437
-4.660073192924548
-4.660079704704039
-4.660042717805982
-4.660020909045473
-4.660023067177368
-4.659985656793378
-4.659994262603239
-4.660004064063846
-4.660038835234975
-4.660063422269102
-4.660055718543903
-4.660000684678884
-4.659964988629696
-4.659964923712436
-4.659997278461529
-4.65995513729389
-4.659926816874135
-4.659906418279537
-4.659865713718709
-4.659845584828013
-4.659828716947975
-4.6598448791646545
-4.659868567242605
-4.659863900252574
-4.6598866498549985
-4.659887260739204
-4.659870908007375
-4.659892819305604
-4.659908516572487
-4.659911766222417
-4.65992950324794
-4.659944230980838
-4.6599416828587295
-4.659982546313021
-4.660008554007256
-4.660059647013595
-4.660093621895228
-4.660126011143773
-4.66009331288511
-4.660117900650382
-4.660159050433145
-4.66020380002717
-4.660222306656465
-4.6602452143623205
-4.660212323257618
-4.660212434979634
-4.660256007980745
-4.660284442322216
-4.660282370769919
-4.660279895661041
-4.660284548773585
-4.6603179172175295
-4.6603802449513845
-4.6604282630148175
-4.66048327158683
-4.660554088718697
-4.660622792280417
-4.660646368752863
-4.660717269924767
-4.660761541563968
-4.660805322585061
-4.660844716508908
-4.6608996314242495
-4.660917401880677
-4.660985037990103
-4.661081083582341
-4.661103719676804
-4.661111818313775
-4.661089223685092
-4.661116780636417
-4.661117548064545
-4.661107944106764
-4.661104426277081
-4.661155604607494
-4.6611981294268245
-4.661225215311976
-4.6612563935785385
-4.6612274326782215
-4.661227450886006
-4.6612277544473635
-4.661209143821928
-4.6611706927008685
-4.661175232296672
-4.6611789674905815
-4.661211316428575
-4.661259716439588
-4.66126158525511
-4.661267362169026
-4.66129924502723
-4.661338576337551
-4.661314902462586
-4.661288913947243
-4.661262215189098
-4.661282965538128
-4.661265168352341
-4.661294618943288
-4.661298200035753
-4.66128093783922
-4.661273415572124
-4.661292255339342
-4.661305491640035
-4.6613007156617625
-4.661305487249195
-4.661305693520624
-4.661260049093779
-4.661240283500474
-4.6611902605989695
-4.6611533842359725
-4.6611196626002664
-4.661115479506445
-4.661093137630365
-4.661050881819268
-4.661018140172616
-4.66098545912589
-4.660986089178951
-4.660973857096549
-4.660931176765596
-4.660852173224041
-4.6607686344507595
-4.660724120468423
-4.660668133340104
-4.6606110075870335
-4.66053315615427
-4.660495841518674
-4.6604837584943
-4.6604484535962705
-4.660417935999619
-4.660354966030888
-4.660374983058184
-4.660345398558957
-4.660347516580244
-4.660334534124824
-4.660270318561965
-4.660209669857413
-4.660172996100997
-4.660182919423528
-4.660207911075533
-4.660166135892439
-4.660152265061497
-4.660138374240969
-4.660197854622352
-4.660221407006262
-4.660192316011275
-4.6601945678245915
-4.660166649113313
-4.6601502388718
-4.660171229107913
-4.660139345545058
-4.660137012455155
-4.660154574743163
-4.660134978935089
-4.660139925144263
-4.660136513021239
-4.660122981576597
-4.660110329297507
-4.660071257255677
-4.660041302017256
-4.6600401016841975
-4.660036630473
-4.660035926801449
-4.660008246512415
-4.659945971006525
-4.6599023762872465
-4.659895390475361
-4.659862359336369
-4.659849229350927
-4.659818179275959
-4.659802378142436
-4.659802617244072
-4.659795368351422
-4.659813914256951
-4.6598320291372834
-4.659847103618937
-4.659857499289138
-4.65988429992213
-4.659894863101482
-4.659911796354466
-4.659888050473985
-4.659930034486743
-4.659935050264199
-4.6598607072034275
-4.6598179493302565
-4.6598250273925865
-4.659826888687353
-4.659828321103823
-4.659833608128136
-4.659843252419102
-4.659829775187874
-4.659828971386876
-4.659874412531933
-4.65987660094291
-4.6598989680317855
-4.659925150134657
-4.65993951785206
-4.659948947868734
-4.659969075423716
-4.659972113182761
-4.659992048151872
-4.659953721997099
-4.659971465445961
-4.65993599947779
-4.659935997322254
-4.659941758086123
-4.65992617527334
-4.659900287393183
-4.659900015503384
-4.659923551131609
-4.659935236134831
-4.659918510477054
-4.659946797222384
-4.659927923784242
-4.659952893516803
-4.660004017164985
-4.6600667843334005
-4.660099096009864
-4.660111726007309
-4.6601361750593595
-4.66011216686088
-4.6600890677248445
-4.660116822660807
-4.660114497886994
-4.660150951860173
-4.660189451852333
-4.66016352427311
-4.660184043328301
-4.660141982705829
-4.660172190183719
-4.660137462230987
-4.660135118290738
-4.6601053926817535
-4.660055640978452
-4.660027048174646
-4.65999179253866
-4.659917267654919
-4.659857616872323
-4.659860911576098
-4.659823145018502
-4.6598293783941065
-4.659797824019501
-4.6597645949131765
-4.6597679016830575
-4.659736113796707
-4.6596809497681155
-4.659620038594237
-4.659660944660265
-4.659671997571949
-4.659677750135097
-4.659643072289172
-4.659568850115358
-4.659510896257925
-4.659476135291801
-4.659427244997661
-4.65937737734929
-4.659358639045408
-4.659349928274461
-4.6593299528666545
-4.659329386948039
-4.659353604455004
-4.659326933085617
-4.659363392489713
-4.6593720340912785
-4.65935845485735
-4.659351315506249
-4.659336420683595
-4.659345145517977
-4.659312488278586
-4.659296227651154
-4.659258328595396
-4.659257419380832
-4.659298772746669
-4.659352403804193
-4.659389777650963
-4.659380068720742
-4.659407711209162
-4.659395663620555
-4.659399711639959
-4.659433863793025
-4.65942364562896
-4.6594537007058525
-4.659424664305143
-4.65941785949432
-4.659424957466501
-4.659417256478953
-4.659401933507589
-4.659435239616238
-4.659482112531043
-4.659485755218276
-4.659520326656095
-4.659522611605669
-4.659533764609293
-4.6595778717970875
-4.659627543037083
-4.659661410820251
-4.65965332516981
-4.659672644749092
-4.659678468505856
-4.6597322401897765
-4.659737571309612
-4.659751349478746
-4.6597813159755175
-4.6597669224035885
-4.659783675937447
-4.659832380737531
-4.659826327477125
-4.659802812669444
-4.65977546176413
-4.659758488804973
-4.659791166071906
-4.659863631424079
-4.659887894763914
-4.659928435942231
-4.659947721940148
-4.659952262146877
-4.65995316701104
-4.6599478297388455
-4.659951316778515
-4.65989110279913
-4.659894658505711
-4.659869648405556
-4.65988635025772
-4.65988963055612
-4.659923144638184
-4.659905734800085
-4.659924650184121
-4.659931435289729
-4.659873609149787
-4.659873390981833
-4.65988400805443
-4.659864870318288
-4.659834997055684
-4.659793287472495
-4.6597997570020295
-4.659756675555895
-4.659720239123296
-4.6596847363095
-4.659663943172855
-4.659621583767305
-4.659569490669552
-4.659608290007597
-4.659587273890527
-4.659556624214375
-4.659487705603728
-4.659460737014689
-4.659389481539373
-4.659345177988647
-4.659292324015716
-4.659237735619934
-4.659189959107389
-4.659177637944142
-4.659136160816822
-4.659116060316737
-4.659088388730305
-4.659060040338124
-4.6590603586548385
-4.65902761122492
-4.65897004947063
-4.658921552785574
-4.658858659898995
-4.658837675558463
-4.658803893978085
-4.658730585187006
-4.658696354225504
-4.658699083458122
-4.658694448514186
-4.658708272166282
-4.65872564093878
-4.658709292299054
-4.658677385444839
-4.658681814628182
-4.658664966682878
-4.6586887142789
-4.6587200972275475
-4.65876132389096
-4.65876379232984
-4.65876415026556
-4.658723657613004
-4.658703127888145
-4.6586996739757005
-4.658695334874265
-4.658669724193796
-4.6585995498059924
-4.658581870381539
-4.658555315554351
-4.658554683728312
-4.658542645358778
-4.65855070082179
-4.658537689869441
-4.65849315287978
-4.658486375625574
-4.658469675152319
-4.658445675336816
-4.658443896997427
-4.658445089641177
-4.6584366426265715
-4.658475668192974
-4.658494144538178
-4.658494242497215
-4.658506556938264
-4.658488733352134
-4.658477031299889
-4.658483225826406
-4.658470626811495
-4.658453678476209
-4.658487261756853
-4.658500764065645
-4.658506872306847
-4.65850642486072
-4.658476150363028
-4.658488848429448
-4.65846814093301
-4.658473916574992
-4.658484975515847
-4.658466002475687
-4.658491062827753
-4.658511843931842
-4.658504356796169
-4.658455985790143
-4.658441609638184
-4.658429124162757
-4.658462825714657
-4.658486835946649
-4.658502836417564
-4.658474337958497
-4.658466401429181
-4.658446475174962
-4.658429121144841
-4.658426712971322
-4.658372055370709
-4.658388024207118
-4.65836299535947
-4.658339686561963
-4.658282362138724
-4.6582640672888065
-4.658245586025478
-4.65826065089036
-4.658257320260657
-4.658241867738241
-4.658245123375371
-4.65824962294069
-4.658278586212952
-4.6583033210968905
-4.658307036269238
-4.658318625452136
-4.658301676456748
-4.658287071679821
-4.6582847782207795
-4.658330361289771
-4.658376732163509
-4.658396108492162
-4.658413398228519
-4.658446340052022
-4.658439460353471
-4.658427213389509
-4.658506194714316
-4.658534077657679
-4.658577921744297
-4.658623742208533
-4.658672615932534
-4.658680069250864
-4.658687481011711
-4.658665984032334
-4.658661979538649
-4.658655519699179
-4.658679895419694
-4.658664985063885
-4.658661146243927
-4.658646541214833
-4.658673897710133
-4.658667866529566
-4.6586584414793535
-4.658649752624275
-4.658614621887622
-4.658577482531977
-4.658599377721155
-4.658559235737549
-4.658502177631604
-4.658445991269209
-4.658383972852986
-4.658381056908524
-4.658361536275896
-4.658335040113929
-4.658339277133732
-4.658334264784079
-4.65828530562151
-4.658252574704665
-4.658278633253647
-4.658271731606123
-4.658248663618172
-4.658254069215107
-4.658254396110109
-4.658204513235276
-4.658165628808271
-4.658119758860844
-4.658092316952215
-4.658067037250788
-4.658025340271059
-4.657991939472829
-4.657918829589776
-4.657878325725964
-4.657848590283378
-4.657821212496739
-4.657759743895588
-4.657718784437646
-4.657694050022945
-4.6576702059552355
-4.657638951283903
-4.657627519922404
-4.657608142582731
-4.657588642955593
-4.657517895657985
-4.657461070471074
-4.657438234999753
-4.657386637676207
-4.657363405863884
-4.657338912664836
-4.657337440132098
-4.657241955573744
-4.65720349176989
-4.657160962684335
-4.6571022515319696
-4.657044805270647
-4.657068581896342
-4.657079939850207
-4.657033226443489
-4.657000127760683
-4.656974573310688
-4.656937008770042
-4.6569229361994475
-4.6568962596778185
-4.656897592634963
-4.656887584024349
-4.656881467236611
-4.656879250687627
-4.656864470242403
-4.656841275077351
-4.656865310343148
-4.656918978053094
-4.656953118961249
-4.65697618947462
-4.656999648852165
-4.657051081576167
-4.6570766826192935
-4.657102388144805
-4.657120334093679
-4.65712279097792
-4.657162556096737
-4.65718821095297
-4.657203704483179
-4.65723873193097
-4.657242011801188
-4.657208707444354
-4.6571714719491935
-4.657134648843359
-4.657111687600466
-4.657055169017594
-4.656998884966305
-4.656956896410104
-4.656939360689243
-4.656899648427734
-4.656855582995945
-4.656829106097622
-4.656789954196838
-4.656779672130456
-4.6567550263462865
-4.656719076982701
-4.6566631024070055
-4.656613193584613
-4.656559408215076
-4.65651117016674
-4.65648462430137
-4.656470179121663
-4.656427471676836
-4.656418514315757
-4.656440598307766
-4.656474305502831
-4.656509601188843
-4.656558611447825
-4.656617845898035
-4.656679911195963
-4.656729139860224
-4.656751937434085
-4.656795367663027
-4.656814668676156
-4.656818817196836
-4.656808638024464
-4.656864471293993
-4.656892615934975
-4.656880646745307
-4.656821570542616
-4.656825308704052
-4.656779425615562
-4.6567799920121695
-4.656776071197899
-4.656730412312779
-4.65672844985075
-4.656740010203698
-4.656730831885701
-4.656731831395973
-4.656733445142607
-4.656753192005041
-4.656663412437909
-4.656612686208771
-4.656590862548428
-4.656568564594863
-4.656541183703192
-4.656533739108222
-4.656552679710411
-4.656550852664685
-4.6565407413528845
-4.656535824793294
-4.656524977617598
-4.656513598787475
-4.656504112537992
-4.656509056366952
-4.656511484078615
-4.656500748018452
-4.656462836949015
-4.656467709393049
-4.65646196956353
-4.656464918563188
-4.6564579359439255
-4.6564772889170465
-4.656495054426518
-4.65649545632294
-4.65654322950686
-4.656578070758862
-4.656605216652734
-4.656628942929507
-4.656691552427792
-4.656700973653183
-4.656742132214268
-4.6567597620118315
-4.6567869099467325
-4.656806875466086
-4.65679277129038
-4.6567997296407695
-4.656765735644736
-4.656712377405631
-4.656634319476217
-4.656604635301075
-4.6565441877405
-4.656493030930672
-4.656452132102653
-4.656450977485574
-4.656460666608072
-4.65647335178634
-4.656466680337784
-4.65645778107829
-4.65645577678437
-4.656424746566731
-4.656411898936664
-4.656397465855362
-4.656365973345465
-4.656354265325223
-4.656340910587834
-4.656328450759422
-4.656327206579415
-4.656332741201031
-4.65629569203362
-4.656282607075803
-4.656268175730872
-4.656249858380362
-4.656254306214002
-4.656260473386121
-4.65627558567109
-4.656288337756795
-4.656261053764981
-4.65623037586352
-4.65620780340474
-4.656222821273691
-4.656215398401654
-4.656215670017783
-4.6561829492126305
-4.656201315301153
-4.6561910250027285
-4.656177565331627
-4.656163692981722
-4.656150456377721
-4.656152871256423
-4.656137342616081
-4.656071167850781
-4.656070082971911
-4.656060643870298
-4.656048409446631
-4.655997695366628
-4.656000099365076
-4.65602273693354
-4.656043183551764
-4.656091306999175
-4.6561142596141725
-4.656177109978105
-4.656255494685189
-4.6563124523543244
-4.656335587892323
-4.656336688020456
-4.656393074296046
-4.65639976261115
-4.656356825838328
-4.656296664772583
-4.656289422961449
-4.656305327736663
-4.656310928573943
-4.6563532681764155
-4.656343133446827
-4.656377929914612
-4.656411921704391
-4.656412232407439
-4.656393809375052
-4.656383316673049
-4.656363419942786
-4.656360115707477
-4.656330763078074
-4.656263172601075
-4.656210861209834
-4.656172029658712
-4.656077252655851
-4.65603163857889
-4.656001819637417
-4.655975082275687
-4.655983702393684
-4.655970436094039
-4.655942375309252
-4.655953016989198
-4.655943292071837
-4.65590058422381
-4.655905564929583
-4.65591834116212
-4.655919646906577
-4.655952020505586
-4.6559642310921
-4.655966351999092
-4.655945196551241
-4.655984835096389
-4.656007658075642
-4.655997548869531
-4.656000538703821
-4.6560103646935405
-4.656049511351679
-4.656093184287033
-4.656079622907817
-4.656050740234381
-4.656052814134067
-4.656053983021696
-4.656058582040672
-4.656100064097958
-4.656107462745467
-4.656103508621622
-4.656103657031255
-4.656124150805683
-4.65612710418848
-4.656116073728234
-4.656099544439602
-4.656078513917336
-4.6560567725123905
-4.656029548788711
-4.6560217355870765
-4.6560438791048195
-4.656036568548941
-4.656048563091516
-4.656041147653718
-4.656059395137958
-4.656046497491306
-4.656072115465496
-4.6560993001879645
-4.656120350447458
-4.6561715011530636
-4.656234169833131
-4.656250932236303
-4.656221567217869
-4.656177781379448
-4.65613563402414
-4.656089760818054
-4.6560259523574565
-4.656042779907302
-4.656049254757997
-4.656033013980198
-4.656027539069322
-4.656015831476697
-4.656049550938757
-4.656085815595794
-4.656090963976583
-4.6561063708047286
-4.6561335729999485
-4.656161464637565
-4.6561832728411945
-4.656175976649032
-4.656227565249852
-4.656211130980177
-4.656244911341181
-4.656255094192449
-4.656283025708998
-4.656299045779723
-4.6563009741547265
-4.656274048068451
-4.656279973388749
-4.65628322910303
-4.656273298805964
-4.656283843184232
-4.656295493724928
-4.656316795191552
-4.656306960588804
-4.656273589188137
-4.6562968589002445
-4.656335115353819
-4.656362152236343
-4.656417777202032
-4.656418281810392
-4.656429696408695
-4.656394721324133
-4.656364916050522
-4.656332597135807
-4.656301743304315
-4.656253387818212
-4.656278547625565
-4.6563021431505796
-4.6562751164742995
-4.656252826338128
-4.656269730003675
-4.656283740634927
-4.656238756766246
-4.656223945337548
-4.656192363592078
-4.656154010862449
-4.6561239735236475
-4.656095673626356
-4.656070388440075
-4.65607206897965
-4.65603370027036
-4.656047056433021
-4.6560974605683105
-4.656161070235933
-4.656200099951813
-4.656218153275029
-4.656226113394937
-4.656182766634481
-4.65615313925139
-4.6561072218533015
-4.656102079706696
-4.656071068510065
-4.6560284537373215
-4.655960936522871
-4.655914226412772
-4.655867320323114
-4.655856333576747
-4.6558171336371945
-4.655763185130952
-4.6557483406727584
-4.655712568158663
-4.655729778169075
-4.655712140462924
-4.655717581020673
-4.655715581478018
-4.655729106318853
-4.6557321218629815
-4.655739804452561
-4.655761996490853
-4.655793527069483
-4.655819324217912
-4.655848890335777
-4.655859115564647
-4.65590282180864
-4.655939869148895
-4.655925472231929
-4.655893675775382
-4.655818805558514
-4.655778243529619
-4.6557254050176295
-4.655725518921803
-4.655739326124286
-4.655740107790393
-4.65571889669657
-4.655704169998137
-4.655682477243055
-4.655644134157347
-4.6556486009259785
-4.655648834994511
-4.655608104243962
-4.655589455105044
-4.655595509191592
-4.655579353684601
-4.655512672207707
-4.655453418117271
-4.655423776533435
-4.655425739964464
-4.655439698459811
-4.655403099033457
-4.65540077927049
-4.655362576706373
-4.6553143300070525
-4.655316503043204
-4.655329065945285
-4.655340622444315
-4.655321266513626
-4.655308529236553
-4.655306695229199
-4.655333308032431
-4.655348236026985
-4.6553848680678644
-4.655353746980235
-4.655363438146473
-4.655355750292584
-4.655375210934182
-4.65538694529769
-4.655367963223421
-4.655401507022593
-4.6554239380175035
-4.65542113164186
-4.655452375751695
-4.65550060712557
-4.655521483586004
-4.655535325190766
-4.655500179072486
-4.6555166898639495
-4.655557876802416
-4.655535446021737
-4.655513050247342
-4.655498213830369
-4.655481766466573
-4.655497856804349
-4.655505330640587
-4.655501748904516
-4.65548161293999
-4.655477008932919
-4.6554790551812895
-4.655491369840499
-4.655509510034839
-4.6554875406887755
-4.655528935268102
-4.655536905030616
-4.655550007685679
-4.65556809690491
-4.655542982751322
-4.655561016724426
-4.655562601495747
-4.655555812077937
-4.655520430430951
-4.65554297102842
-4.655561857913329
-4.655557664175892
-4.6555657167111875
-4.6555967604656585
-4.6556098998641575
-4.655625094096448
-4.655629211989802
-4.655660352071977
-4.655675873523758
-4.655712128816819
-4.655734477270063
-4.655741927560329
-4.655770754688883
-4.655801207940464
-4.65585608562171
-4.655874574537392
-4.655884778841973
-4.655916710602567
-4.655931616168976
-4.655928685359045
-4.655959117095564
-4.655965199163852
-4.655933350270084
-4.6559249049468825
-4.655900398987705
-4.65589949925206
-4.655910979601369
-4.655940585285109
-4.655932890418176
-4.655931581649713
-4.655971087252282
-4.655967820071819
-4.655976531611255
-4.655983765374638
-4.655994521424853
-4.656022637783389
-4.656026197356161
-4.65601713973287
-4.6559801933120735
-4.655978225363478
-4.65596343732284
-4.6559601949102944
-4.655952200251703
-4.655941726354382
-4.65592987062789
-4.655917068765106
-4.655875470958853
-4.655874560228822
-4.65587081824335
-4.655868652188311
-4.6558308812569305
-4.65578828852561
-4.655789520957989
-4.655827185151245
-4.655852739310008
-4.655806904087657
-4.6557747096280035
-4.655758928298178
-4.655743821214171
-4.65573589638711
-4.65570234224182
-4.655669948211523
-4.655652391983532
-4.6556454374611045
-4.655642729109408
-4.65565625933884
-4.655634695722365
-4.655660149554546
-4.655669561955318
-4.655656639094315
-4.655689099015149
-4.655716837834462
-4.6557403745752435
-4.655770396469267
-4.6557889587034555
-4.655800625476505
-4.655813374349335
-4.6558051657924295
-4.655820451546313
-4.6558472286352695
-4.655889870376681
-4.655900944398288
-4.6558833432514195
-4.65589431111117
-4.6559022629518045
-4.655921230938816
-4.655937388983892
-4.655946563476768
-4.655974436098178
-4.655964753796856
-4.655945237027533
-4.655938189681902
-4.65589597377975
-4.655913086352326
-4.655926129533575
-4.6559449752475635
-4.655954702951212
-4.655994082615232
-4.655994323548323
-4.655993206047156
-4.656015412410945
-4.6560263567281925
-4.656031843539386
-4.656063666671602
-4.65609342985151
-4.656060295999215
-4.65605855721408
-4.656072144298418
-4.656076084111426
-4.656081394972299
-4.656020031939884
-4.655977418576529
-4.6559233590769376
-4.655872224163061
-4.655818867723187
-4.655752656978446
-4.655720285037457
-4.655676232924081
-4.655599997149922
-4.655592895503122
-4.655601111718224
-4.655599744329474
-4.655585896422548
-4.6555107530056254
-4.655464285132498
-4.655425500858061
-4.655426066316615
-4.65541607001584
-4.655413413002918
-4.655424801201108
-4.655413494426027
-4.655410662245287
-4.655376770739192
-4.655417962845532
-4.655459832447773
-4.655515943157379
-4.6555346445166625
-4.655568371107306
-4.655611055025398
-4.655610727990449
-4.655598794935257
-4.65561993437141
-4.65563610817498
-4.655642282993537
-4.655650928637114
-4.655696622470193
-4.655722274425648
-4.655758720231413
-4.655727088351145
-4.655691651188147
-4.655698767562805
-4.655703042315886
-4.655720071324836
-4.655736953234563
-4.655742171301664
-4.655721393429473
-4.65573972513876
-4.6557414386060625
-4.655739889713079
-4.655751746875904
-4.655756750077807
-4.6557093888844
-4.655688898377602
-4.65572254775333
-4.655736774450018
-4.6556933276026555
-4.655646323063426
-4.655621413417912
-4.655632103292883
-4.655675712406364
-4.6556830939493885
-4.6557269244112
-4.655784317155065
-4.655793158951981
-4.655806536711588
-4.655850022311176
-4.655856947402096
-4.655862686943026
-4.655894626756827
-4.655910470276994
-4.655919858306681
-4.655927567227629
-4.655960432219554
-4.65596024643002
-4.655956838327237
-4.655969576597607
-4.655983106346667
-4.655969024877463
-4.65594922037491
-4.6559266650278595
-4.6558870438849205
-4.655879048830384
-4.655878120539073
-4.655903539330191
-4.655929344141746
-4.655944107387488
-4.655945345550345
-4.655964749120368
-4.655973036995984
-4.6559729626139905
-4.655944958021137
-4.655906563158468
-4.655849810031502
-4.655814557629586
-4.655789749316873
-4.655795086902812
-4.655808239206159
-4.655807724175265
-4.655800627852814
-4.655774903329651
-4.655754226361556
-4.655758144451611
-4.655722797782114
-4.655722631834431
-4.655689022319156
-4.655697642373659
-4.655707276439509
-4.65574403321366
-4.6557771928172365
-4.655785259411552
-4.655798076891413
-4.655786113077854
-4.6557579436474255
-4.6557399626139855
-4.655734671020915
-4.65574182201293
-4.655769014141061
-4.655773750008501
-4.655785254590868
-4.655760809271942
-4.65573587913919
-4.655733520198516
-4.6557455303612185
-4.655742445784948
-4.655741827131101
-4.655726627952576
-4.655705324229526
-4.655710215923967
-4.655716551125491
-4.655795507941698
-4.655844588958572
-4.65588891039932
-4.655889564824427
-4.655880262507412
-4.655868796348372
-4.655864164546088
-4.655901560080314
-4.655912976664595
-4.655900081161269
-4.655907864751287
-4.655905557381613
-4.655889372716645
-4.655910699876997
-4.6559142382476635
-4.6559202495294985
-4.655907809893965
-4.655894790972092
-4.655891741542904
-4.6558637193723404
-4.6558708172874645
-4.6558679433974035
-4.655886578749807
-4.655862215160103
-4.655858947242486
-4.655844583326237
-4.655905548590514
-4.655965161541961
-4.655999966487669
-4.655997772139215
-4.6560161339262525
-4.656005494040085
-4.6560091930538645
-4.656012980856379
-4.655984591823153
-4.65600088511648
-4.656002312657832
-4.65595937087893
-4.655902538902651
-4.6558848642253015
-4.65585226398904
-4.655828243553991
-4.65579207675186
-4.655781594463931
-4.655781198301015
-4.655765309877829
-4.655757339816426
-4.655751874655001
-4.655755592950062
-4.655762400980758
-4.655754172762413
-4.655765440262734
-4.655756326104918
-4.6557718427127135
-4.655759801306262
-4.655755814593603
-4.65572285250959
-4.655683635176236
-4.655688728739168
-4.655647649429454
-4.655616161657925
-4.6555998932932985
-4.65563046303546
-4.655629261586857
-4.655624944844165
-4.6556088942622615
-4.655579155355821
-4.655544479551824
-4.655506077599656
-4.655487550587982
-4.655471717773035
-4.65547749280512
-4.655489499124227
-4.655549067436739
-4.655562400574075
-4.655565298969377
-4.655587596978319
-4.655559728810278
-4.6555529157511755
-4.655555301495996
-4.655548177823581
-4.655562398220596
-4.655543221913508
-4.655523299466592
-4.655515799402739
-4.65554087935381
-4.655517338965601
-4.655515945942759
-4.655505536824652
-4.655520875524036
-4.655543577418431
-4.655505584213843
-4.655476701867154
-4.655464017032775
-4.655418994096294
-4.6553707619189835
-4.655372077372599
-4.6554054609562865
-4.655436139308639
-4.655409886937845
-4.655395963658524
-4.6554222947972805
-4.655427872593536
-4.655413301167711
-4.655418817247929
-4.655419532775995
-4.655423454351368
-4.6554302206471245
-4.655446563976474
-4.655478034365743
-4.655493966118747
-4.655499954884616
-4.655487968793314
-4.655496751207997
-4.655500101479901
-4.655522088575805
-4.655530019782081
-4.6555368232693555
-4.655557370977365
-4.655569274118004
-4.655555364675099
-4.655560741177312
-4.655548254096542
-4.65553808306675
-4.655497787413597
-4.65548523180531
-4.655464785702184
-4.655452168235511
-4.655459658372759
-4.655458636339788
-4.655450855050317
-4.6554361286158095
-4.65543028147157
-4.655396402475432
-4.655355611454948
-4.655322086592085
-4.6553112242824435
-4.65529729861982
-4.655253849743184
-4.6552171488649225
-4.655212592995293
-4.655210950783642
-4.655181471763431
-4.655168826473616
-4.655148710493149
-4.65510562498964
-4.6550496458403865
-4.655026571564926
-4.654979449563444
-4.6549660946131
-4.654909886369738
-4.654901760131039
-4.654859440450577
-4.654815095348035
-4.654775545997879
-4.654776017948645
-4.654788691553429
-4.654721296911234
-4.654698939192485
-4.654694382528688
-4.654651047229382
-4.654670007220899
-4.654661311816971
-4.654667740920362
-4.65466007838081
